[data] train=182615 test=15341 classes=309 video=4096 motion=1 audio=4096 device=cuda
[model] twoport A=audio:4096 O=video:4096 label=1545 hidden=32768 total=38409
[epoch 321] loss=-9.6959 short_acc=0.9752
[epoch 322] loss=-9.7538 short_acc=0.9760
[epoch 323] loss=-9.7334 short_acc=0.9762
[epoch 324] loss=-9.2883 short_acc=0.9764
[epoch 325] loss=-9.3067 short_acc=0.9765 quick_test_acc=0.5779 ent=1.6065
[epoch 326] loss=-9.7859 short_acc=0.9766
[epoch 327] loss=-9.7397 short_acc=0.9766
[epoch 328] loss=-9.7239 short_acc=0.9768
[epoch 329] loss=-9.2119 short_acc=0.9768
[epoch 330] loss=-9.1114 short_acc=0.9765 quick_test_acc=0.5785 ent=1.5752
[epoch 331] loss=-9.4875 short_acc=0.9770
[epoch 332] loss=-9.5901 short_acc=0.9769
[epoch 333] loss=-9.7714 short_acc=0.9773
[epoch 334] loss=-9.2534 short_acc=0.9774
[epoch 335] loss=-9.1529 short_acc=0.9772 quick_test_acc=0.5773 ent=1.5597
[epoch 336] loss=-9.3931 short_acc=0.9776
[epoch 337] loss=-9.6323 short_acc=0.9776
[epoch 338] loss=-9.5876 short_acc=0.9779
[epoch 339] loss=-9.2271 short_acc=0.9783
[epoch 340] loss=-9.2720 short_acc=0.9776 quick_test_acc=0.5788 ent=1.5407
[epoch 341] loss=-9.5242 short_acc=0.9782
[epoch 342] loss=-9.5335 short_acc=0.9783
[epoch 343] loss=-9.2408 short_acc=0.9785
[epoch 344] loss=-9.0936 short_acc=0.9784
[epoch 345] loss=-9.2390 short_acc=0.9788 quick_test_acc=0.5793 ent=1.5238
[epoch 346] loss=-9.5120 short_acc=0.9782
[epoch 347] loss=-9.3357 short_acc=0.9788
[epoch 348] loss=-9.3595 short_acc=0.9786
[epoch 349] loss=-9.1010 short_acc=0.9786
[epoch 350] loss=-8.7619 short_acc=0.9790 quick_test_acc=0.5792 ent=1.5159
[epoch 351] loss=-9.5950 short_acc=0.9786
[epoch 352] loss=-9.3451 short_acc=0.9789
[epoch 353] loss=-9.2145 short_acc=0.9789
[epoch 354] loss=-8.8114 short_acc=0.9793
[epoch 355] loss=-8.6842 short_acc=0.9793 quick_test_acc=0.5795 ent=1.5119
[epoch 356] loss=-9.1626 short_acc=0.9794
[epoch 357] loss=-9.1089 short_acc=0.9799
[epoch 358] loss=-9.2572 short_acc=0.9796
[epoch 359] loss=-8.7100 short_acc=0.9796
[epoch 360] loss=-8.5942 short_acc=0.9797 quick_test_acc=0.5773 ent=1.4962
[epoch 361] loss=-9.0244 short_acc=0.9801
[epoch 362] loss=-9.0432 short_acc=0.9797
[epoch 363] loss=-8.9519 short_acc=0.9801
[epoch 364] loss=-8.5314 short_acc=0.9803
[epoch 365] loss=-8.5837 short_acc=0.9804 quick_test_acc=0.5779 ent=1.4827
[epoch 366] loss=-9.0013 short_acc=0.9811
[epoch 367] loss=-8.9901 short_acc=0.9808
[epoch 368] loss=-9.0009 short_acc=0.9803
[epoch 369] loss=-8.4355 short_acc=0.9801
[epoch 370] loss=-8.3566 short_acc=0.9806 quick_test_acc=0.5789 ent=1.4641
[epoch 371] loss=-9.0875 short_acc=0.9808
[epoch 372] loss=-8.8765 short_acc=0.9811
[epoch 373] loss=-8.9020 short_acc=0.9814
[epoch 374] loss=-8.1869 short_acc=0.9806
[epoch 375] loss=-8.3078 short_acc=0.9813 quick_test_acc=0.5811 ent=1.4483
[epoch 376] loss=-9.1881 short_acc=0.9813
[epoch 377] loss=-8.7551 short_acc=0.9814
[epoch 378] loss=-8.6680 short_acc=0.9811
[epoch 379] loss=-8.3757 short_acc=0.9809
[epoch 380] loss=-8.4334 short_acc=0.9816 quick_test_acc=0.5818 ent=1.4461
[epoch 381] loss=-8.7874 short_acc=0.9818
[epoch 382] loss=-8.7114 short_acc=0.9814
[epoch 383] loss=-8.6787 short_acc=0.9817
[epoch 384] loss=-8.0502 short_acc=0.9817
[epoch 385] loss=-8.4543 short_acc=0.9821 quick_test_acc=0.5788 ent=1.4396
[epoch 386] loss=-8.6064 short_acc=0.9818
[epoch 387] loss=-8.4058 short_acc=0.9816
[epoch 388] loss=-8.7213 short_acc=0.9822
[epoch 389] loss=-8.0793 short_acc=0.9818
[epoch 390] loss=-8.1787 short_acc=0.9816 quick_test_acc=0.5805 ent=1.4296
[epoch 391] loss=-8.6249 short_acc=0.9823
[epoch 392] loss=-8.7446 short_acc=0.9822
[epoch 393] loss=-8.8601 short_acc=0.9826
[epoch 394] loss=-8.2291 short_acc=0.9828
[epoch 395] loss=-8.2058 short_acc=0.9824 quick_test_acc=0.5799 ent=1.4178
[epoch 396] loss=-8.3122 short_acc=0.9825
[epoch 397] loss=-8.4279 short_acc=0.9825
[epoch 398] loss=-8.7123 short_acc=0.9824
[epoch 399] loss=-7.8138 short_acc=0.9822
[epoch 400] loss=-8.0325 short_acc=0.9829 quick_test_acc=0.5807 ent=1.4070
[epoch 401] loss=-8.3766 short_acc=0.9832
[epoch 402] loss=-8.5391 short_acc=0.9829
[epoch 403] loss=-8.6245 short_acc=0.9831
[epoch 404] loss=-8.1295 short_acc=0.9831
[epoch 405] loss=-8.4120 short_acc=0.9829 quick_test_acc=0.5806 ent=1.4002
[epoch 406] loss=-8.8485 short_acc=0.9826
[epoch 407] loss=-8.5427 short_acc=0.9827
[epoch 408] loss=-8.5390 short_acc=0.9833
[epoch 409] loss=-8.0251 short_acc=0.9831
[epoch 410] loss=-7.9791 short_acc=0.9833 quick_test_acc=0.5814 ent=1.3930
[epoch 411] loss=-8.4408 short_acc=0.9834
[epoch 412] loss=-8.7465 short_acc=0.9832
[epoch 413] loss=-8.5464 short_acc=0.9833
[epoch 414] loss=-7.9776 short_acc=0.9838
[epoch 415] loss=-8.1162 short_acc=0.9837 quick_test_acc=0.5823 ent=1.3824
[epoch 416] loss=-8.5964 short_acc=0.9829
[epoch 417] loss=-8.2045 short_acc=0.9836
[epoch 418] loss=-8.4812 short_acc=0.9836
[epoch 419] loss=-7.8929 short_acc=0.9836
[epoch 420] loss=-7.8851 short_acc=0.9836 quick_test_acc=0.5810 ent=1.3793
[full_eval_best] {
  "created_at": "2026-06-27 07:39:27",
  "ckpt": "/home/Hongjie_Zeng/high_order_BM/runs_vggsound_full_AV020_av016_warm_gamma115_li025_cd3_e420_b16/best.pt",
  "ckpt_epoch": 415,
  "ckpt_best_acc": 0.5822958086174305,
  "eval_steps": 3000,
  "eval_burn_in": 500,
  "eval_thin": 2,
  "test_label_gibbs_acc": 0.5811224822371422,
  "test_label_entropy": 1.392226690358489,
  "computed_dims": {
    "image_dim": 4096,
    "audio_dim": 4096,
    "label_dim": 1545,
    "hidden_dim": 32768,
    "total_pbits": 38409,
    "num_classes": 309
  },
  "data_dims": {
    "feature_npz": "/home/Hongjie_Zeng/high_order_BM/data_vggsound_full/features/vggsound_full_aligned_videolstm4096_audioaf031_lstm4096_seed123.npz",
    "train_size": 182615,
    "test_size": 15341,
    "num_classes": 309,
    "class_names": [
      "air conditioning noise",
      "air horn",
      "airplane",
      "airplane flyby",
      "alarm clock ringing",
      "alligators, crocodiles hissing",
      "ambulance siren",
      "arc welding",
      "baby babbling",
      "baby crying",
      "baby laughter",
      "baltimore oriole calling",
      "barn swallow calling",
      "basketball bounce",
      "bathroom ventilation fan running",
      "beat boxing",
      "bee, wasp, etc. buzzing",
      "bird chirping, tweeting",
      "bird squawking",
      "bird wings flapping",
      "black capped chickadee calling",
      "blowtorch igniting",
      "bouncing on trampoline",
      "bowling impact",
      "bull bellowing",
      "canary calling",
      "cap gun shooting",
      "car engine idling",
      "car engine knocking",
      "car engine starting",
      "car passing by",
      "cat caterwauling",
      "cat growling",
      "cat hissing",
      "cat meowing",
      "cat purring",
      "cattle mooing",
      "cattle, bovinae cowbell",
      "cell phone buzzing",
      "chainsawing trees",
      "cheetah chirrup",
      "chicken clucking",
      "chicken crowing",
      "child singing",
      "child speech, kid speaking",
      "children shouting",
      "chimpanzee pant-hooting",
      "chinchilla barking",
      "chipmunk chirping",
      "chopping food",
      "chopping wood",
      "church bell ringing",
      "civil defense siren",
      "cow lowing",
      "coyote howling",
      "cricket chirping",
      "crow cawing",
      "cuckoo bird calling",
      "cupboard opening or closing",
      "cutting hair with electric trimmers",
      "dinosaurs bellowing",
      "disc scratching",
      "dog barking",
      "dog baying",
      "dog bow-wow",
      "dog growling",
      "dog howling",
      "dog whimpering",
      "donkey, ass braying",
      "door slamming",
      "driving buses",
      "driving motorcycle",
      "driving snowmobile",
      "duck quacking",
      "eagle screaming",
      "eating with cutlery",
      "electric grinder grinding",
      "electric shaver, electric razor shaving",
      "elephant trumpeting",
      "eletric blender running",
      "elk bugling",
      "engine accelerating, revving, vroom",
      "female singing",
      "female speech, woman speaking",
      "ferret dooking",
      "fire crackling",
      "fire truck siren",
      "fireworks banging",
      "firing cannon",
      "firing muskets",
      "fly, housefly buzzing",
      "foghorn",
      "footsteps on snow",
      "forging swords",
      "fox barking",
      "francolin calling",
      "frog croaking",
      "gibbon howling",
      "goat bleating",
      "golf driving",
      "goose honking",
      "hail",
      "hair dryer drying",
      "hammering nails",
      "heart sounds, heartbeat",
      "hedge trimmer running",
      "helicopter",
      "horse clip-clop",
      "horse neighing",
      "ice cracking",
      "ice cream truck, ice cream van",
      "lathe spinning",
      "lawn mowing",
      "lighting firecrackers",
      "lions growling",
      "lions roaring",
      "lip smacking",
      "machine gun shooting",
      "magpie calling",
      "male singing",
      "male speech, man speaking",
      "metronome",
      "missile launch",
      "mosquito buzzing",
      "motorboat, speedboat acceleration",
      "mouse clicking",
      "mouse pattering",
      "mouse squeaking",
      "mynah bird singing",
      "ocean burbling",
      "opening or closing car doors",
      "opening or closing car electric windows",
      "opening or closing drawers",
      "orchestra",
      "otter growling",
      "owl hooting",
      "parrot talking",
      "penguins braying",
      "people babbling",
      "people battle cry",
      "people belly laughing",
      "people booing",
      "people burping",
      "people cheering",
      "people clapping",
      "people coughing",
      "people crowd",
      "people eating",
      "people eating apple",
      "people eating crisps",
      "people eating noodle",
      "people farting",
      "people finger snapping",
      "people gargling",
      "people giggling",
      "people hiccup",
      "people humming",
      "people marching",
      "people nose blowing",
      "people running",
      "people screaming",
      "people shuffling",
      "people slapping",
      "people slurping",
      "people sneezing",
      "people sniggering",
      "people sobbing",
      "people whispering",
      "people whistling",
      "pheasant crowing",
      "pig oinking",
      "pigeon, dove cooing",
      "planing timber",
      "plastic bottle crushing",
      "playing accordion",
      "playing acoustic guitar",
      "playing badminton",
      "playing bagpipes",
      "playing banjo",
      "playing bass drum",
      "playing bass guitar",
      "playing bassoon",
      "playing bongo",
      "playing bugle",
      "playing castanets",
      "playing cello",
      "playing clarinet",
      "playing congas",
      "playing cornet",
      "playing cymbal",
      "playing darts",
      "playing didgeridoo",
      "playing djembe",
      "playing double bass",
      "playing drum kit",
      "playing electric guitar",
      "playing electronic organ",
      "playing erhu",
      "playing flute",
      "playing french horn",
      "playing glockenspiel",
      "playing gong",
      "playing guiro",
      "playing hammond organ",
      "playing harmonica",
      "playing harp",
      "playing harpsichord",
      "playing hockey",
      "playing lacrosse",
      "playing mandolin",
      "playing marimba, xylophone",
      "playing oboe",
      "playing piano",
      "playing saxophone",
      "playing shofar",
      "playing sitar",
      "playing snare drum",
      "playing squash",
      "playing steel guitar, slide guitar",
      "playing steelpan",
      "playing synthesizer",
      "playing tabla",
      "playing table tennis",
      "playing tambourine",
      "playing tennis",
      "playing theremin",
      "playing timbales",
      "playing timpani",
      "playing trombone",
      "playing trumpet",
      "playing tuning fork",
      "playing tympani",
      "playing ukulele",
      "playing vibraphone",
      "playing violin, fiddle",
      "playing volleyball",
      "playing washboard",
      "playing zither",
      "police car (siren)",
      "police radio chatter",
      "popping popcorn",
      "printer printing",
      "pumping water",
      "race car, auto racing",
      "railroad car, train wagon",
      "raining",
      "rapping",
      "reversing beeps",
      "ripping paper",
      "roller coaster running",
      "rope skipping",
      "rowboat, canoe, kayak rowing",
      "running electric fan",
      "sailing",
      "scuba diving",
      "sea lion barking",
      "sea waves",
      "sharpen knife",
      "sheep bleating",
      "shot football",
      "singing bowl",
      "singing choir",
      "skateboarding",
      "skidding",
      "skiing",
      "sliding door",
      "sloshing water",
      "slot machine",
      "smoke detector beeping",
      "snake hissing",
      "snake rattling",
      "splashing water",
      "spraying water",
      "squishing water",
      "stream burbling",
      "strike lighter",
      "striking bowling",
      "striking pool",
      "subway, metro, underground",
      "swimming",
      "tap dancing",
      "tapping guitar",
      "telephone bell ringing",
      "thunder",
      "toilet flushing",
      "tornado roaring",
      "tractor digging",
      "train horning",
      "train wheels squealing",
      "train whistling",
      "turkey gobbling",
      "typing on computer keyboard",
      "typing on typewriter",
      "underwater bubbling",
      "using sewing machines",
      "vacuum cleaner cleaning floors",
      "vehicle horn, car horn, honking",
      "volcano explosion",
      "warbler chirping",
      "waterfall burbling",
      "whale calling",
      "wind chime",
      "wind noise",
      "wind rustling leaves",
      "wood thrush calling",
      "woodpecker pecking tree",
      "writing on blackboard with chalk",
      "yodelling",
      "zebra braying"
    ],
    "video_dim": 4096,
    "motion_dim": 1,
    "audio_dim": 4096
  }
}
{
  "experiment_id": "AV020",
  "finished_at": "2026-06-27 07:39:27",
  "model_type": "twoport",
  "best_epoch": 415,
  "best_acc_selection_metric": 0.5822958086174305,
  "final_epoch": 420,
  "final_test_label_gibbs_acc": 0.5809921126393325,
  "full_eval_best_acc": 0.5811224822371422,
  "computed_dims": {
    "image_dim": 4096,
    "audio_dim": 4096,
    "label_dim": 1545,
    "hidden_dim": 32768,
    "total_pbits": 38409,
    "num_classes": 309
  },
  "data_dims": {
    "feature_npz": "/home/Hongjie_Zeng/high_order_BM/data_vggsound_full/features/vggsound_full_aligned_videolstm4096_audioaf031_lstm4096_seed123.npz",
    "train_size": 182615,
    "test_size": 15341,
    "num_classes": 309,
    "class_names": [
      "air conditioning noise",
      "air horn",
      "airplane",
      "airplane flyby",
      "alarm clock ringing",
      "alligators, crocodiles hissing",
      "ambulance siren",
      "arc welding",
      "baby babbling",
      "baby crying",
      "baby laughter",
      "baltimore oriole calling",
      "barn swallow calling",
      "basketball bounce",
      "bathroom ventilation fan running",
      "beat boxing",
      "bee, wasp, etc. buzzing",
      "bird chirping, tweeting",
      "bird squawking",
      "bird wings flapping",
      "black capped chickadee calling",
      "blowtorch igniting",
      "bouncing on trampoline",
      "bowling impact",
      "bull bellowing",
      "canary calling",
      "cap gun shooting",
      "car engine idling",
      "car engine knocking",
      "car engine starting",
      "car passing by",
      "cat caterwauling",
      "cat growling",
      "cat hissing",
      "cat meowing",
      "cat purring",
      "cattle mooing",
      "cattle, bovinae cowbell",
      "cell phone buzzing",
      "chainsawing trees",
      "cheetah chirrup",
      "chicken clucking",
      "chicken crowing",
      "child singing",
      "child speech, kid speaking",
      "children shouting",
      "chimpanzee pant-hooting",
      "chinchilla barking",
      "chipmunk chirping",
      "chopping food",
      "chopping wood",
      "church bell ringing",
      "civil defense siren",
      "cow lowing",
      "coyote howling",
      "cricket chirping",
      "crow cawing",
      "cuckoo bird calling",
      "cupboard opening or closing",
      "cutting hair with electric trimmers",
      "dinosaurs bellowing",
      "disc scratching",
      "dog barking",
      "dog baying",
      "dog bow-wow",
      "dog growling",
      "dog howling",
      "dog whimpering",
      "donkey, ass braying",
      "door slamming",
      "driving buses",
      "driving motorcycle",
      "driving snowmobile",
      "duck quacking",
      "eagle screaming",
      "eating with cutlery",
      "electric grinder grinding",
      "electric shaver, electric razor shaving",
      "elephant trumpeting",
      "eletric blender running",
      "elk bugling",
      "engine accelerating, revving, vroom",
      "female singing",
      "female speech, woman speaking",
      "ferret dooking",
      "fire crackling",
      "fire truck siren",
      "fireworks banging",
      "firing cannon",
      "firing muskets",
      "fly, housefly buzzing",
      "foghorn",
      "footsteps on snow",
      "forging swords",
      "fox barking",
      "francolin calling",
      "frog croaking",
      "gibbon howling",
      "goat bleating",
      "golf driving",
      "goose honking",
      "hail",
      "hair dryer drying",
      "hammering nails",
      "heart sounds, heartbeat",
      "hedge trimmer running",
      "helicopter",
      "horse clip-clop",
      "horse neighing",
      "ice cracking",
      "ice cream truck, ice cream van",
      "lathe spinning",
      "lawn mowing",
      "lighting firecrackers",
      "lions growling",
      "lions roaring",
      "lip smacking",
      "machine gun shooting",
      "magpie calling",
      "male singing",
      "male speech, man speaking",
      "metronome",
      "missile launch",
      "mosquito buzzing",
      "motorboat, speedboat acceleration",
      "mouse clicking",
      "mouse pattering",
      "mouse squeaking",
      "mynah bird singing",
      "ocean burbling",
      "opening or closing car doors",
      "opening or closing car electric windows",
      "opening or closing drawers",
      "orchestra",
      "otter growling",
      "owl hooting",
      "parrot talking",
      "penguins braying",
      "people babbling",
      "people battle cry",
      "people belly laughing",
      "people booing",
      "people burping",
      "people cheering",
      "people clapping",
      "people coughing",
      "people crowd",
      "people eating",
      "people eating apple",
      "people eating crisps",
      "people eating noodle",
      "people farting",
      "people finger snapping",
      "people gargling",
      "people giggling",
      "people hiccup",
      "people humming",
      "people marching",
      "people nose blowing",
      "people running",
      "people screaming",
      "people shuffling",
      "people slapping",
      "people slurping",
      "people sneezing",
      "people sniggering",
      "people sobbing",
      "people whispering",
      "people whistling",
      "pheasant crowing",
      "pig oinking",
      "pigeon, dove cooing",
      "planing timber",
      "plastic bottle crushing",
      "playing accordion",
      "playing acoustic guitar",
      "playing badminton",
      "playing bagpipes",
      "playing banjo",
      "playing bass drum",
      "playing bass guitar",
      "playing bassoon",
      "playing bongo",
      "playing bugle",
      "playing castanets",
      "playing cello",
      "playing clarinet",
      "playing congas",
      "playing cornet",
      "playing cymbal",
      "playing darts",
      "playing didgeridoo",
      "playing djembe",
      "playing double bass",
      "playing drum kit",
      "playing electric guitar",
      "playing electronic organ",
      "playing erhu",
      "playing flute",
      "playing french horn",
      "playing glockenspiel",
      "playing gong",
      "playing guiro",
      "playing hammond organ",
      "playing harmonica",
      "playing harp",
      "playing harpsichord",
      "playing hockey",
      "playing lacrosse",
      "playing mandolin",
      "playing marimba, xylophone",
      "playing oboe",
      "playing piano",
      "playing saxophone",
      "playing shofar",
      "playing sitar",
      "playing snare drum",
      "playing squash",
      "playing steel guitar, slide guitar",
      "playing steelpan",
      "playing synthesizer",
      "playing tabla",
      "playing table tennis",
      "playing tambourine",
      "playing tennis",
      "playing theremin",
      "playing timbales",
      "playing timpani",
      "playing trombone",
      "playing trumpet",
      "playing tuning fork",
      "playing tympani",
      "playing ukulele",
      "playing vibraphone",
      "playing violin, fiddle",
      "playing volleyball",
      "playing washboard",
      "playing zither",
      "police car (siren)",
      "police radio chatter",
      "popping popcorn",
      "printer printing",
      "pumping water",
      "race car, auto racing",
      "railroad car, train wagon",
      "raining",
      "rapping",
      "reversing beeps",
      "ripping paper",
      "roller coaster running",
      "rope skipping",
      "rowboat, canoe, kayak rowing",
      "running electric fan",
      "sailing",
      "scuba diving",
      "sea lion barking",
      "sea waves",
      "sharpen knife",
      "sheep bleating",
      "shot football",
      "singing bowl",
      "singing choir",
      "skateboarding",
      "skidding",
      "skiing",
      "sliding door",
      "sloshing water",
      "slot machine",
      "smoke detector beeping",
      "snake hissing",
      "snake rattling",
      "splashing water",
      "spraying water",
      "squishing water",
      "stream burbling",
      "strike lighter",
      "striking bowling",
      "striking pool",
      "subway, metro, underground",
      "swimming",
      "tap dancing",
      "tapping guitar",
      "telephone bell ringing",
      "thunder",
      "toilet flushing",
      "tornado roaring",
      "tractor digging",
      "train horning",
      "train wheels squealing",
      "train whistling",
      "turkey gobbling",
      "typing on computer keyboard",
      "typing on typewriter",
      "underwater bubbling",
      "using sewing machines",
      "vacuum cleaner cleaning floors",
      "vehicle horn, car horn, honking",
      "volcano explosion",
      "warbler chirping",
      "waterfall burbling",
      "whale calling",
      "wind chime",
      "wind noise",
      "wind rustling leaves",
      "wood thrush calling",
      "woodpecker pecking tree",
      "writing on blackboard with chalk",
      "yodelling",
      "zebra braying"
    ],
    "video_dim": 4096,
    "motion_dim": 1,
    "audio_dim": 4096
  },
  "out_dir": "/home/Hongjie_Zeng/high_order_BM/runs_vggsound_full_AV020_av016_warm_gamma115_li025_cd3_e420_b16"
}
