Using device: cuda
audio_layout=time40_fold, image=20x20, gamma_h=1.15, gamma_l=1.15, total_pbits=1024
Epoch 001/100 | loss -2.4293 | CD -2.4293 | short-CD label retention 16.42%
Epoch 002/100 | loss -3.9827 | CD -3.9827 | short-CD label retention 56.76% | quick label-Gibbs acc 96.82% | full label-Gibbs acc 96.83% | saved best
Epoch 003/100 | loss -3.2268 | CD -3.2268 | short-CD label retention 93.11%
Epoch 004/100 | loss -1.9632 | CD -1.9632 | short-CD label retention 98.22% | quick label-Gibbs acc 96.67%
Epoch 005/100 | loss -1.2902 | CD -1.2902 | short-CD label retention 98.96%
Epoch 006/100 | loss -0.9133 | CD -0.9133 | short-CD label retention 99.21% | quick label-Gibbs acc 96.10%
Epoch 007/100 | loss -0.7485 | CD -0.7485 | short-CD label retention 99.42%
Epoch 008/100 | loss -0.5891 | CD -0.5891 | short-CD label retention 99.55% | quick label-Gibbs acc 95.58%
Epoch 009/100 | loss -0.5444 | CD -0.5444 | short-CD label retention 99.61%
Epoch 010/100 | loss -0.4481 | CD -0.4481 | short-CD label retention 99.66% | quick label-Gibbs acc 94.99%
Epoch 011/100 | loss -0.4141 | CD -0.4141 | short-CD label retention 99.72%
Epoch 012/100 | loss -0.3759 | CD -0.3759 | short-CD label retention 99.76% | quick label-Gibbs acc 94.60%
Epoch 013/100 | loss -0.2799 | CD -0.2799 | short-CD label retention 99.79%
Epoch 014/100 | loss -0.3206 | CD -0.3206 | short-CD label retention 99.81% | quick label-Gibbs acc 94.15%
Epoch 015/100 | loss -0.2890 | CD -0.2890 | short-CD label retention 99.81%
Epoch 016/100 | loss -0.2612 | CD -0.2612 | short-CD label retention 99.82% | quick label-Gibbs acc 93.90%
Epoch 017/100 | loss -0.2340 | CD -0.2340 | short-CD label retention 99.85%
Epoch 018/100 | loss -0.2425 | CD -0.2425 | short-CD label retention 99.84% | quick label-Gibbs acc 93.72%
Epoch 019/100 | loss -0.2144 | CD -0.2144 | short-CD label retention 99.85%
Epoch 020/100 | loss -0.1953 | CD -0.1953 | short-CD label retention 99.85% | quick label-Gibbs acc 93.37%
Epoch 021/100 | loss -0.1642 | CD -0.1642 | short-CD label retention 99.86%
Epoch 022/100 | loss -0.2098 | CD -0.2098 | short-CD label retention 99.87% | quick label-Gibbs acc 93.12%
Early stopping after 10 evals without improvement.
Done. {
  "experiment_id": "E030",
  "completed_at": "2026-06-06 20:22:52",
  "best_acc_selection_metric": 0.9683,
  "best_epoch": 2,
  "final_epoch": 22,
  "out_dir": "/home/Hongjie_Zeng/high_order_BM/runs_twoport1024_E030_e017_mix045",
  "best_checkpoint_epoch": 2,
  "final_full_test_label_gibbs_acc": 0.9693,
  "final_full_label_entropy": 1.644098529156552,
  "final_full_eval": {
    "steps": 3000,
    "burn_in": 500,
    "thin": 2
  }
}
