[data] train=182615 test=15341 classes=309 video=4096 motion=4096 audio=1 device=cuda
[model] standard input=4096 label=1545 hidden=32768 total=38409 mode=video
[epoch 241] recon_mse=0.01318
[epoch 242] recon_mse=0.01318
[epoch 243] recon_mse=0.01317
[epoch 244] recon_mse=0.01317
[epoch 245] recon_mse=0.01316 quick_test_acc=0.3740 ent=3.0167
[epoch 246] recon_mse=0.01316
[epoch 247] recon_mse=0.01316
[epoch 248] recon_mse=0.01315
[epoch 249] recon_mse=0.01315
[epoch 250] recon_mse=0.01314 quick_test_acc=0.3754 ent=3.0058
[epoch 251] recon_mse=0.01314
[epoch 252] recon_mse=0.01314
[epoch 253] recon_mse=0.01314
[epoch 254] recon_mse=0.01313
[epoch 255] recon_mse=0.01313 quick_test_acc=0.3763 ent=2.9974
[epoch 256] recon_mse=0.01313
[epoch 257] recon_mse=0.01312
[epoch 258] recon_mse=0.01312
[epoch 259] recon_mse=0.01312
[epoch 260] recon_mse=0.01311 quick_test_acc=0.3789 ent=2.9768
[epoch 261] recon_mse=0.01311
[epoch 262] recon_mse=0.01311
[epoch 263] recon_mse=0.01310
[epoch 264] recon_mse=0.01309
[epoch 265] recon_mse=0.01310 quick_test_acc=0.3762 ent=2.9718
[epoch 266] recon_mse=0.01310
[epoch 267] recon_mse=0.01309
[epoch 268] recon_mse=0.01309
[epoch 269] recon_mse=0.01309
[epoch 270] recon_mse=0.01308 quick_test_acc=0.3801 ent=2.9615
[epoch 271] recon_mse=0.01308
[epoch 272] recon_mse=0.01308
[epoch 273] recon_mse=0.01307
[epoch 274] recon_mse=0.01307
[epoch 275] recon_mse=0.01306 quick_test_acc=0.3796 ent=2.9603
[epoch 276] recon_mse=0.01306
[epoch 277] recon_mse=0.01306
[epoch 278] recon_mse=0.01305
[epoch 279] recon_mse=0.01305
[epoch 280] recon_mse=0.01305 quick_test_acc=0.3776 ent=2.9538
[epoch 281] recon_mse=0.01305
[epoch 282] recon_mse=0.01305
[epoch 283] recon_mse=0.01304
[epoch 284] recon_mse=0.01304
[epoch 285] recon_mse=0.01303 quick_test_acc=0.3782 ent=2.9404
[epoch 286] recon_mse=0.01303
[epoch 287] recon_mse=0.01303
[epoch 288] recon_mse=0.01303
[epoch 289] recon_mse=0.01302
[epoch 290] recon_mse=0.01302 quick_test_acc=0.3768 ent=2.9289
[epoch 291] recon_mse=0.01301
[epoch 292] recon_mse=0.01301
[epoch 293] recon_mse=0.01301
[epoch 294] recon_mse=0.01301
[epoch 295] recon_mse=0.01300 quick_test_acc=0.3785 ent=2.9349
[epoch 296] recon_mse=0.01301
[epoch 297] recon_mse=0.01300
[epoch 298] recon_mse=0.01299
[epoch 299] recon_mse=0.01300
[epoch 300] recon_mse=0.01299 quick_test_acc=0.3781 ent=2.9158
[epoch 301] recon_mse=0.01299
[epoch 302] recon_mse=0.01299
[epoch 303] recon_mse=0.01298
[epoch 304] recon_mse=0.01298
[epoch 305] recon_mse=0.01297 quick_test_acc=0.3820 ent=2.9242
[epoch 306] recon_mse=0.01297
[epoch 307] recon_mse=0.01297
[epoch 308] recon_mse=0.01297
[epoch 309] recon_mse=0.01297
[epoch 310] recon_mse=0.01296 quick_test_acc=0.3809 ent=2.9176
[epoch 311] recon_mse=0.01296
[epoch 312] recon_mse=0.01296
[epoch 313] recon_mse=0.01296
[epoch 314] recon_mse=0.01295
[epoch 315] recon_mse=0.01295 quick_test_acc=0.3836 ent=2.9190
[epoch 316] recon_mse=0.01295
[epoch 317] recon_mse=0.01295
[epoch 318] recon_mse=0.01294
[epoch 319] recon_mse=0.01294
[epoch 320] recon_mse=0.01294 quick_test_acc=0.3790 ent=2.9149
[epoch 321] recon_mse=0.01293
[epoch 322] recon_mse=0.01294
[epoch 323] recon_mse=0.01293
[epoch 324] recon_mse=0.01293
[epoch 325] recon_mse=0.01293 quick_test_acc=0.3811 ent=2.8962
[epoch 326] recon_mse=0.01292
[epoch 327] recon_mse=0.01292
[epoch 328] recon_mse=0.01292
[epoch 329] recon_mse=0.01291
[epoch 330] recon_mse=0.01291 quick_test_acc=0.3803 ent=2.9029
[epoch 331] recon_mse=0.01291
[epoch 332] recon_mse=0.01291
[epoch 333] recon_mse=0.01291
[epoch 334] recon_mse=0.01291
[epoch 335] recon_mse=0.01290 quick_test_acc=0.3824 ent=2.8962
[epoch 336] recon_mse=0.01290
[epoch 337] recon_mse=0.01290
[epoch 338] recon_mse=0.01289
[epoch 339] recon_mse=0.01289
[epoch 340] recon_mse=0.01289 quick_test_acc=0.3841 ent=2.9068
[epoch 341] recon_mse=0.01289
[epoch 342] recon_mse=0.01288
[epoch 343] recon_mse=0.01288
[epoch 344] recon_mse=0.01288
[epoch 345] recon_mse=0.01288 quick_test_acc=0.3837 ent=2.8887
[epoch 346] recon_mse=0.01288
[epoch 347] recon_mse=0.01287
[epoch 348] recon_mse=0.01287
[epoch 349] recon_mse=0.01287
[epoch 350] recon_mse=0.01286 quick_test_acc=0.3847 ent=2.8854
[epoch 351] recon_mse=0.01286
[epoch 352] recon_mse=0.01286
[epoch 353] recon_mse=0.01286
[epoch 354] recon_mse=0.01286
[epoch 355] recon_mse=0.01286 quick_test_acc=0.3837 ent=2.9015
[epoch 356] recon_mse=0.01285
[epoch 357] recon_mse=0.01285
[epoch 358] recon_mse=0.01285
[epoch 359] recon_mse=0.01285
[epoch 360] recon_mse=0.01285 quick_test_acc=0.3820 ent=2.8804
[full_eval_best] {
  "created_at": "2026-06-20 17:45:15",
  "ckpt": "/home/Hongjie_Zeng/high_order_BM/runs_vggsound_full_VF014_video_resnet50_meanstd_f16_h8_lc5_resume360/best.pt",
  "ckpt_epoch": 350,
  "ckpt_best_acc": 0.3847206831366925,
  "eval_steps": 3000,
  "eval_burn_in": 500,
  "eval_thin": 2,
  "test_label_gibbs_acc": 0.39136953262499186,
  "test_label_entropy": 2.8114622975389163,
  "computed_dims": {
    "input_dim": 4096,
    "label_dim": 1545,
    "hidden_dim": 32768,
    "total_pbits": 38409,
    "num_classes": 309
  },
  "data_dims": {
    "feature_npz": "/home/Hongjie_Zeng/high_order_BM/data_vggsound_full/features/vggsound_full_visual_motion_resnet50_meanstd_allclasses_f16_s224.npz",
    "train_size": 182615,
    "test_size": 15341,
    "num_classes": 309,
    "class_names": [
      "air conditioning noise",
      "air horn",
      "airplane",
      "airplane flyby",
      "alarm clock ringing",
      "alligators, crocodiles hissing",
      "ambulance siren",
      "arc welding",
      "baby babbling",
      "baby crying",
      "baby laughter",
      "baltimore oriole calling",
      "barn swallow calling",
      "basketball bounce",
      "bathroom ventilation fan running",
      "beat boxing",
      "bee, wasp, etc. buzzing",
      "bird chirping, tweeting",
      "bird squawking",
      "bird wings flapping",
      "black capped chickadee calling",
      "blowtorch igniting",
      "bouncing on trampoline",
      "bowling impact",
      "bull bellowing",
      "canary calling",
      "cap gun shooting",
      "car engine idling",
      "car engine knocking",
      "car engine starting",
      "car passing by",
      "cat caterwauling",
      "cat growling",
      "cat hissing",
      "cat meowing",
      "cat purring",
      "cattle mooing",
      "cattle, bovinae cowbell",
      "cell phone buzzing",
      "chainsawing trees",
      "cheetah chirrup",
      "chicken clucking",
      "chicken crowing",
      "child singing",
      "child speech, kid speaking",
      "children shouting",
      "chimpanzee pant-hooting",
      "chinchilla barking",
      "chipmunk chirping",
      "chopping food",
      "chopping wood",
      "church bell ringing",
      "civil defense siren",
      "cow lowing",
      "coyote howling",
      "cricket chirping",
      "crow cawing",
      "cuckoo bird calling",
      "cupboard opening or closing",
      "cutting hair with electric trimmers",
      "dinosaurs bellowing",
      "disc scratching",
      "dog barking",
      "dog baying",
      "dog bow-wow",
      "dog growling",
      "dog howling",
      "dog whimpering",
      "donkey, ass braying",
      "door slamming",
      "driving buses",
      "driving motorcycle",
      "driving snowmobile",
      "duck quacking",
      "eagle screaming",
      "eating with cutlery",
      "electric grinder grinding",
      "electric shaver, electric razor shaving",
      "elephant trumpeting",
      "eletric blender running",
      "elk bugling",
      "engine accelerating, revving, vroom",
      "female singing",
      "female speech, woman speaking",
      "ferret dooking",
      "fire crackling",
      "fire truck siren",
      "fireworks banging",
      "firing cannon",
      "firing muskets",
      "fly, housefly buzzing",
      "foghorn",
      "footsteps on snow",
      "forging swords",
      "fox barking",
      "francolin calling",
      "frog croaking",
      "gibbon howling",
      "goat bleating",
      "golf driving",
      "goose honking",
      "hail",
      "hair dryer drying",
      "hammering nails",
      "heart sounds, heartbeat",
      "hedge trimmer running",
      "helicopter",
      "horse clip-clop",
      "horse neighing",
      "ice cracking",
      "ice cream truck, ice cream van",
      "lathe spinning",
      "lawn mowing",
      "lighting firecrackers",
      "lions growling",
      "lions roaring",
      "lip smacking",
      "machine gun shooting",
      "magpie calling",
      "male singing",
      "male speech, man speaking",
      "metronome",
      "missile launch",
      "mosquito buzzing",
      "motorboat, speedboat acceleration",
      "mouse clicking",
      "mouse pattering",
      "mouse squeaking",
      "mynah bird singing",
      "ocean burbling",
      "opening or closing car doors",
      "opening or closing car electric windows",
      "opening or closing drawers",
      "orchestra",
      "otter growling",
      "owl hooting",
      "parrot talking",
      "penguins braying",
      "people babbling",
      "people battle cry",
      "people belly laughing",
      "people booing",
      "people burping",
      "people cheering",
      "people clapping",
      "people coughing",
      "people crowd",
      "people eating",
      "people eating apple",
      "people eating crisps",
      "people eating noodle",
      "people farting",
      "people finger snapping",
      "people gargling",
      "people giggling",
      "people hiccup",
      "people humming",
      "people marching",
      "people nose blowing",
      "people running",
      "people screaming",
      "people shuffling",
      "people slapping",
      "people slurping",
      "people sneezing",
      "people sniggering",
      "people sobbing",
      "people whispering",
      "people whistling",
      "pheasant crowing",
      "pig oinking",
      "pigeon, dove cooing",
      "planing timber",
      "plastic bottle crushing",
      "playing accordion",
      "playing acoustic guitar",
      "playing badminton",
      "playing bagpipes",
      "playing banjo",
      "playing bass drum",
      "playing bass guitar",
      "playing bassoon",
      "playing bongo",
      "playing bugle",
      "playing castanets",
      "playing cello",
      "playing clarinet",
      "playing congas",
      "playing cornet",
      "playing cymbal",
      "playing darts",
      "playing didgeridoo",
      "playing djembe",
      "playing double bass",
      "playing drum kit",
      "playing electric guitar",
      "playing electronic organ",
      "playing erhu",
      "playing flute",
      "playing french horn",
      "playing glockenspiel",
      "playing gong",
      "playing guiro",
      "playing hammond organ",
      "playing harmonica",
      "playing harp",
      "playing harpsichord",
      "playing hockey",
      "playing lacrosse",
      "playing mandolin",
      "playing marimba, xylophone",
      "playing oboe",
      "playing piano",
      "playing saxophone",
      "playing shofar",
      "playing sitar",
      "playing snare drum",
      "playing squash",
      "playing steel guitar, slide guitar",
      "playing steelpan",
      "playing synthesizer",
      "playing tabla",
      "playing table tennis",
      "playing tambourine",
      "playing tennis",
      "playing theremin",
      "playing timbales",
      "playing timpani",
      "playing trombone",
      "playing trumpet",
      "playing tuning fork",
      "playing tympani",
      "playing ukulele",
      "playing vibraphone",
      "playing violin, fiddle",
      "playing volleyball",
      "playing washboard",
      "playing zither",
      "police car (siren)",
      "police radio chatter",
      "popping popcorn",
      "printer printing",
      "pumping water",
      "race car, auto racing",
      "railroad car, train wagon",
      "raining",
      "rapping",
      "reversing beeps",
      "ripping paper",
      "roller coaster running",
      "rope skipping",
      "rowboat, canoe, kayak rowing",
      "running electric fan",
      "sailing",
      "scuba diving",
      "sea lion barking",
      "sea waves",
      "sharpen knife",
      "sheep bleating",
      "shot football",
      "singing bowl",
      "singing choir",
      "skateboarding",
      "skidding",
      "skiing",
      "sliding door",
      "sloshing water",
      "slot machine",
      "smoke detector beeping",
      "snake hissing",
      "snake rattling",
      "splashing water",
      "spraying water",
      "squishing water",
      "stream burbling",
      "strike lighter",
      "striking bowling",
      "striking pool",
      "subway, metro, underground",
      "swimming",
      "tap dancing",
      "tapping guitar",
      "telephone bell ringing",
      "thunder",
      "toilet flushing",
      "tornado roaring",
      "tractor digging",
      "train horning",
      "train wheels squealing",
      "train whistling",
      "turkey gobbling",
      "typing on computer keyboard",
      "typing on typewriter",
      "underwater bubbling",
      "using sewing machines",
      "vacuum cleaner cleaning floors",
      "vehicle horn, car horn, honking",
      "volcano explosion",
      "warbler chirping",
      "waterfall burbling",
      "whale calling",
      "wind chime",
      "wind noise",
      "wind rustling leaves",
      "wood thrush calling",
      "woodpecker pecking tree",
      "writing on blackboard with chalk",
      "yodelling",
      "zebra braying"
    ],
    "video_dim": 4096,
    "motion_dim": 4096,
    "audio_dim": 1
  }
}
{
  "experiment_id": "VF014_video_resnet50_meanstd_f16_h8_lc5_resume360",
  "finished_at": "2026-06-20 17:45:15",
  "model_type": "standard",
  "best_epoch": 350,
  "best_acc_selection_metric": 0.3847206831366925,
  "final_epoch": 360,
  "final_test_label_gibbs_acc": 0.3820481063815918,
  "full_eval_best_acc": 0.39136953262499186,
  "computed_dims": {
    "input_dim": 4096,
    "label_dim": 1545,
    "hidden_dim": 32768,
    "total_pbits": 38409,
    "num_classes": 309
  },
  "data_dims": {
    "feature_npz": "/home/Hongjie_Zeng/high_order_BM/data_vggsound_full/features/vggsound_full_visual_motion_resnet50_meanstd_allclasses_f16_s224.npz",
    "train_size": 182615,
    "test_size": 15341,
    "num_classes": 309,
    "class_names": [
      "air conditioning noise",
      "air horn",
      "airplane",
      "airplane flyby",
      "alarm clock ringing",
      "alligators, crocodiles hissing",
      "ambulance siren",
      "arc welding",
      "baby babbling",
      "baby crying",
      "baby laughter",
      "baltimore oriole calling",
      "barn swallow calling",
      "basketball bounce",
      "bathroom ventilation fan running",
      "beat boxing",
      "bee, wasp, etc. buzzing",
      "bird chirping, tweeting",
      "bird squawking",
      "bird wings flapping",
      "black capped chickadee calling",
      "blowtorch igniting",
      "bouncing on trampoline",
      "bowling impact",
      "bull bellowing",
      "canary calling",
      "cap gun shooting",
      "car engine idling",
      "car engine knocking",
      "car engine starting",
      "car passing by",
      "cat caterwauling",
      "cat growling",
      "cat hissing",
      "cat meowing",
      "cat purring",
      "cattle mooing",
      "cattle, bovinae cowbell",
      "cell phone buzzing",
      "chainsawing trees",
      "cheetah chirrup",
      "chicken clucking",
      "chicken crowing",
      "child singing",
      "child speech, kid speaking",
      "children shouting",
      "chimpanzee pant-hooting",
      "chinchilla barking",
      "chipmunk chirping",
      "chopping food",
      "chopping wood",
      "church bell ringing",
      "civil defense siren",
      "cow lowing",
      "coyote howling",
      "cricket chirping",
      "crow cawing",
      "cuckoo bird calling",
      "cupboard opening or closing",
      "cutting hair with electric trimmers",
      "dinosaurs bellowing",
      "disc scratching",
      "dog barking",
      "dog baying",
      "dog bow-wow",
      "dog growling",
      "dog howling",
      "dog whimpering",
      "donkey, ass braying",
      "door slamming",
      "driving buses",
      "driving motorcycle",
      "driving snowmobile",
      "duck quacking",
      "eagle screaming",
      "eating with cutlery",
      "electric grinder grinding",
      "electric shaver, electric razor shaving",
      "elephant trumpeting",
      "eletric blender running",
      "elk bugling",
      "engine accelerating, revving, vroom",
      "female singing",
      "female speech, woman speaking",
      "ferret dooking",
      "fire crackling",
      "fire truck siren",
      "fireworks banging",
      "firing cannon",
      "firing muskets",
      "fly, housefly buzzing",
      "foghorn",
      "footsteps on snow",
      "forging swords",
      "fox barking",
      "francolin calling",
      "frog croaking",
      "gibbon howling",
      "goat bleating",
      "golf driving",
      "goose honking",
      "hail",
      "hair dryer drying",
      "hammering nails",
      "heart sounds, heartbeat",
      "hedge trimmer running",
      "helicopter",
      "horse clip-clop",
      "horse neighing",
      "ice cracking",
      "ice cream truck, ice cream van",
      "lathe spinning",
      "lawn mowing",
      "lighting firecrackers",
      "lions growling",
      "lions roaring",
      "lip smacking",
      "machine gun shooting",
      "magpie calling",
      "male singing",
      "male speech, man speaking",
      "metronome",
      "missile launch",
      "mosquito buzzing",
      "motorboat, speedboat acceleration",
      "mouse clicking",
      "mouse pattering",
      "mouse squeaking",
      "mynah bird singing",
      "ocean burbling",
      "opening or closing car doors",
      "opening or closing car electric windows",
      "opening or closing drawers",
      "orchestra",
      "otter growling",
      "owl hooting",
      "parrot talking",
      "penguins braying",
      "people babbling",
      "people battle cry",
      "people belly laughing",
      "people booing",
      "people burping",
      "people cheering",
      "people clapping",
      "people coughing",
      "people crowd",
      "people eating",
      "people eating apple",
      "people eating crisps",
      "people eating noodle",
      "people farting",
      "people finger snapping",
      "people gargling",
      "people giggling",
      "people hiccup",
      "people humming",
      "people marching",
      "people nose blowing",
      "people running",
      "people screaming",
      "people shuffling",
      "people slapping",
      "people slurping",
      "people sneezing",
      "people sniggering",
      "people sobbing",
      "people whispering",
      "people whistling",
      "pheasant crowing",
      "pig oinking",
      "pigeon, dove cooing",
      "planing timber",
      "plastic bottle crushing",
      "playing accordion",
      "playing acoustic guitar",
      "playing badminton",
      "playing bagpipes",
      "playing banjo",
      "playing bass drum",
      "playing bass guitar",
      "playing bassoon",
      "playing bongo",
      "playing bugle",
      "playing castanets",
      "playing cello",
      "playing clarinet",
      "playing congas",
      "playing cornet",
      "playing cymbal",
      "playing darts",
      "playing didgeridoo",
      "playing djembe",
      "playing double bass",
      "playing drum kit",
      "playing electric guitar",
      "playing electronic organ",
      "playing erhu",
      "playing flute",
      "playing french horn",
      "playing glockenspiel",
      "playing gong",
      "playing guiro",
      "playing hammond organ",
      "playing harmonica",
      "playing harp",
      "playing harpsichord",
      "playing hockey",
      "playing lacrosse",
      "playing mandolin",
      "playing marimba, xylophone",
      "playing oboe",
      "playing piano",
      "playing saxophone",
      "playing shofar",
      "playing sitar",
      "playing snare drum",
      "playing squash",
      "playing steel guitar, slide guitar",
      "playing steelpan",
      "playing synthesizer",
      "playing tabla",
      "playing table tennis",
      "playing tambourine",
      "playing tennis",
      "playing theremin",
      "playing timbales",
      "playing timpani",
      "playing trombone",
      "playing trumpet",
      "playing tuning fork",
      "playing tympani",
      "playing ukulele",
      "playing vibraphone",
      "playing violin, fiddle",
      "playing volleyball",
      "playing washboard",
      "playing zither",
      "police car (siren)",
      "police radio chatter",
      "popping popcorn",
      "printer printing",
      "pumping water",
      "race car, auto racing",
      "railroad car, train wagon",
      "raining",
      "rapping",
      "reversing beeps",
      "ripping paper",
      "roller coaster running",
      "rope skipping",
      "rowboat, canoe, kayak rowing",
      "running electric fan",
      "sailing",
      "scuba diving",
      "sea lion barking",
      "sea waves",
      "sharpen knife",
      "sheep bleating",
      "shot football",
      "singing bowl",
      "singing choir",
      "skateboarding",
      "skidding",
      "skiing",
      "sliding door",
      "sloshing water",
      "slot machine",
      "smoke detector beeping",
      "snake hissing",
      "snake rattling",
      "splashing water",
      "spraying water",
      "squishing water",
      "stream burbling",
      "strike lighter",
      "striking bowling",
      "striking pool",
      "subway, metro, underground",
      "swimming",
      "tap dancing",
      "tapping guitar",
      "telephone bell ringing",
      "thunder",
      "toilet flushing",
      "tornado roaring",
      "tractor digging",
      "train horning",
      "train wheels squealing",
      "train whistling",
      "turkey gobbling",
      "typing on computer keyboard",
      "typing on typewriter",
      "underwater bubbling",
      "using sewing machines",
      "vacuum cleaner cleaning floors",
      "vehicle horn, car horn, honking",
      "volcano explosion",
      "warbler chirping",
      "waterfall burbling",
      "whale calling",
      "wind chime",
      "wind noise",
      "wind rustling leaves",
      "wood thrush calling",
      "woodpecker pecking tree",
      "writing on blackboard with chalk",
      "yodelling",
      "zebra braying"
    ],
    "video_dim": 4096,
    "motion_dim": 4096,
    "audio_dim": 1
  },
  "out_dir": "/home/Hongjie_Zeng/high_order_BM/runs_vggsound_full_VF014_video_resnet50_meanstd_f16_h8_lc5_resume360"
}
