[data] train=182615 test=15341 classes=309 video=4096 motion=1 audio=1 device=cuda
[model] standard input=4096 label=1545 hidden=24576 total=30217 mode=video
[init] estimating visible bias from training set
[epoch 001] recon_mse=0.04402
[epoch 002] recon_mse=0.03537
[epoch 003] recon_mse=0.02942
[epoch 004] recon_mse=0.02610
[epoch 005] recon_mse=0.02399 quick_test_acc=0.1306 ent=5.5798
[epoch 006] recon_mse=0.02250
[epoch 007] recon_mse=0.02141
[epoch 008] recon_mse=0.02059
[epoch 009] recon_mse=0.01998
[epoch 010] recon_mse=0.01950 quick_test_acc=0.1696 ent=5.5371
[epoch 011] recon_mse=0.01911
[epoch 012] recon_mse=0.01878
[epoch 013] recon_mse=0.01848
[epoch 014] recon_mse=0.01823
[epoch 015] recon_mse=0.01801 quick_test_acc=0.1939 ent=5.4539
[epoch 016] recon_mse=0.01779
[epoch 017] recon_mse=0.01760
[epoch 018] recon_mse=0.01743
[epoch 019] recon_mse=0.01727
[epoch 020] recon_mse=0.01712 quick_test_acc=0.2160 ent=5.3317
[epoch 021] recon_mse=0.01697
[epoch 022] recon_mse=0.01684
[epoch 023] recon_mse=0.01670
[epoch 024] recon_mse=0.01659
[epoch 025] recon_mse=0.01648 quick_test_acc=0.2326 ent=5.1883
[epoch 026] recon_mse=0.01637
[epoch 027] recon_mse=0.01627
[epoch 028] recon_mse=0.01617
[epoch 029] recon_mse=0.01608
[epoch 030] recon_mse=0.01599 quick_test_acc=0.2469 ent=5.0480
[epoch 031] recon_mse=0.01590
[epoch 032] recon_mse=0.01582
[epoch 033] recon_mse=0.01575
[epoch 034] recon_mse=0.01567
[epoch 035] recon_mse=0.01559 quick_test_acc=0.2601 ent=4.9156
[epoch 036] recon_mse=0.01553
[epoch 037] recon_mse=0.01546
[epoch 038] recon_mse=0.01540
[epoch 039] recon_mse=0.01533
[epoch 040] recon_mse=0.01528 quick_test_acc=0.2712 ent=4.7916
[epoch 041] recon_mse=0.01522
[epoch 042] recon_mse=0.01517
[epoch 043] recon_mse=0.01511
[epoch 044] recon_mse=0.01507
[epoch 045] recon_mse=0.01502 quick_test_acc=0.2804 ent=4.6790
[epoch 046] recon_mse=0.01496
[epoch 047] recon_mse=0.01492
[epoch 048] recon_mse=0.01487
[epoch 049] recon_mse=0.01483
[epoch 050] recon_mse=0.01478 quick_test_acc=0.2905 ent=4.5807
[epoch 051] recon_mse=0.01474
[epoch 052] recon_mse=0.01471
[epoch 053] recon_mse=0.01466
[epoch 054] recon_mse=0.01462
[epoch 055] recon_mse=0.01459 quick_test_acc=0.3000 ent=4.4896
[epoch 056] recon_mse=0.01456
[epoch 057] recon_mse=0.01451
[epoch 058] recon_mse=0.01448
[epoch 059] recon_mse=0.01444
[epoch 060] recon_mse=0.01441 quick_test_acc=0.3068 ent=4.4077
[epoch 061] recon_mse=0.01438
[epoch 062] recon_mse=0.01435
[epoch 063] recon_mse=0.01432
[epoch 064] recon_mse=0.01429
[epoch 065] recon_mse=0.01426 quick_test_acc=0.3117 ent=4.3364
[epoch 066] recon_mse=0.01422
[epoch 067] recon_mse=0.01420
[epoch 068] recon_mse=0.01417
[epoch 069] recon_mse=0.01415
[epoch 070] recon_mse=0.01411 quick_test_acc=0.3176 ent=4.2689
[epoch 071] recon_mse=0.01409
[epoch 072] recon_mse=0.01406
[epoch 073] recon_mse=0.01404
[epoch 074] recon_mse=0.01401
[epoch 075] recon_mse=0.01399 quick_test_acc=0.3214 ent=4.2110
[epoch 076] recon_mse=0.01396
[epoch 077] recon_mse=0.01394
[epoch 078] recon_mse=0.01392
[epoch 079] recon_mse=0.01389
[epoch 080] recon_mse=0.01387 quick_test_acc=0.3259 ent=4.1557
[epoch 081] recon_mse=0.01384
[epoch 082] recon_mse=0.01383
[epoch 083] recon_mse=0.01381
[epoch 084] recon_mse=0.01378
[epoch 085] recon_mse=0.01376 quick_test_acc=0.3300 ent=4.0957
[epoch 086] recon_mse=0.01374
[epoch 087] recon_mse=0.01372
[epoch 088] recon_mse=0.01371
[epoch 089] recon_mse=0.01368
[epoch 090] recon_mse=0.01366 quick_test_acc=0.3343 ent=4.0509
[epoch 091] recon_mse=0.01364
[epoch 092] recon_mse=0.01362
[epoch 093] recon_mse=0.01361
[epoch 094] recon_mse=0.01358
[epoch 095] recon_mse=0.01357 quick_test_acc=0.3374 ent=4.0043
[epoch 096] recon_mse=0.01355
[epoch 097] recon_mse=0.01353
[epoch 098] recon_mse=0.01352
[epoch 099] recon_mse=0.01350
[epoch 100] recon_mse=0.01348 quick_test_acc=0.3398 ent=3.9633
[epoch 101] recon_mse=0.01346
[epoch 102] recon_mse=0.01345
[epoch 103] recon_mse=0.01343
[epoch 104] recon_mse=0.01341
[epoch 105] recon_mse=0.01340 quick_test_acc=0.3439 ent=3.9216
[epoch 106] recon_mse=0.01339
[epoch 107] recon_mse=0.01336
[epoch 108] recon_mse=0.01335
[epoch 109] recon_mse=0.01334
[epoch 110] recon_mse=0.01332 quick_test_acc=0.3472 ent=3.8847
[epoch 111] recon_mse=0.01331
[epoch 112] recon_mse=0.01329
[epoch 113] recon_mse=0.01327
[epoch 114] recon_mse=0.01326
[epoch 115] recon_mse=0.01325 quick_test_acc=0.3492 ent=3.8434
[epoch 116] recon_mse=0.01323
[epoch 117] recon_mse=0.01322
[epoch 118] recon_mse=0.01321
[epoch 119] recon_mse=0.01319
[epoch 120] recon_mse=0.01318 quick_test_acc=0.3526 ent=3.8168
[epoch 121] recon_mse=0.01317
[epoch 122] recon_mse=0.01315
[epoch 123] recon_mse=0.01314
[epoch 124] recon_mse=0.01313
[epoch 125] recon_mse=0.01311 quick_test_acc=0.3560 ent=3.7803
[epoch 126] recon_mse=0.01310
[epoch 127] recon_mse=0.01309
[epoch 128] recon_mse=0.01308
[epoch 129] recon_mse=0.01306
[epoch 130] recon_mse=0.01305 quick_test_acc=0.3582 ent=3.7504
[epoch 131] recon_mse=0.01304
[epoch 132] recon_mse=0.01303
[epoch 133] recon_mse=0.01301
[epoch 134] recon_mse=0.01301
[epoch 135] recon_mse=0.01300 quick_test_acc=0.3607 ent=3.7199
[epoch 136] recon_mse=0.01298
[epoch 137] recon_mse=0.01297
[epoch 138] recon_mse=0.01296
[epoch 139] recon_mse=0.01295
[epoch 140] recon_mse=0.01293 quick_test_acc=0.3637 ent=3.6920
[epoch 141] recon_mse=0.01292
[epoch 142] recon_mse=0.01291
[epoch 143] recon_mse=0.01290
[epoch 144] recon_mse=0.01289
[epoch 145] recon_mse=0.01288 quick_test_acc=0.3661 ent=3.6623
[epoch 146] recon_mse=0.01287
[epoch 147] recon_mse=0.01286
[epoch 148] recon_mse=0.01285
[epoch 149] recon_mse=0.01284
[epoch 150] recon_mse=0.01283 quick_test_acc=0.3677 ent=3.6345
[epoch 151] recon_mse=0.01282
[epoch 152] recon_mse=0.01281
[epoch 153] recon_mse=0.01280
[epoch 154] recon_mse=0.01279
[epoch 155] recon_mse=0.01279 quick_test_acc=0.3701 ent=3.6080
[epoch 156] recon_mse=0.01277
[epoch 157] recon_mse=0.01276
[epoch 158] recon_mse=0.01275
[epoch 159] recon_mse=0.01274
[epoch 160] recon_mse=0.01274 quick_test_acc=0.3721 ent=3.5860
[epoch 161] recon_mse=0.01273
[epoch 162] recon_mse=0.01271
[epoch 163] recon_mse=0.01270
[epoch 164] recon_mse=0.01269
[epoch 165] recon_mse=0.01269 quick_test_acc=0.3736 ent=3.5607
[epoch 166] recon_mse=0.01268
[epoch 167] recon_mse=0.01267
[epoch 168] recon_mse=0.01266
[epoch 169] recon_mse=0.01265
[epoch 170] recon_mse=0.01265 quick_test_acc=0.3755 ent=3.5338
[epoch 171] recon_mse=0.01263
[epoch 172] recon_mse=0.01263
[epoch 173] recon_mse=0.01262
[epoch 174] recon_mse=0.01261
[epoch 175] recon_mse=0.01260 quick_test_acc=0.3770 ent=3.5118
[epoch 176] recon_mse=0.01259
[epoch 177] recon_mse=0.01258
[epoch 178] recon_mse=0.01258
[epoch 179] recon_mse=0.01257
[epoch 180] recon_mse=0.01256 quick_test_acc=0.3796 ent=3.4942
[epoch 181] recon_mse=0.01255
[epoch 182] recon_mse=0.01254
[epoch 183] recon_mse=0.01254
[epoch 184] recon_mse=0.01253
[epoch 185] recon_mse=0.01252 quick_test_acc=0.3806 ent=3.4740
[epoch 186] recon_mse=0.01251
[epoch 187] recon_mse=0.01250
[epoch 188] recon_mse=0.01250
[epoch 189] recon_mse=0.01249
[epoch 190] recon_mse=0.01248 quick_test_acc=0.3826 ent=3.4501
[epoch 191] recon_mse=0.01247
[epoch 192] recon_mse=0.01247
[epoch 193] recon_mse=0.01246
[epoch 194] recon_mse=0.01245
[epoch 195] recon_mse=0.01244 quick_test_acc=0.3830 ent=3.4328
[epoch 196] recon_mse=0.01244
[epoch 197] recon_mse=0.01243
[epoch 198] recon_mse=0.01243
[epoch 199] recon_mse=0.01242
[epoch 200] recon_mse=0.01241 quick_test_acc=0.3846 ent=3.4159
[epoch 201] recon_mse=0.01241
[epoch 202] recon_mse=0.01240
[epoch 203] recon_mse=0.01239
[epoch 204] recon_mse=0.01238
[epoch 205] recon_mse=0.01237 quick_test_acc=0.3855 ent=3.3901
[epoch 206] recon_mse=0.01236
[epoch 207] recon_mse=0.01236
[epoch 208] recon_mse=0.01236
[epoch 209] recon_mse=0.01235
[epoch 210] recon_mse=0.01234 quick_test_acc=0.3873 ent=3.3754
[epoch 211] recon_mse=0.01233
[epoch 212] recon_mse=0.01233
[epoch 213] recon_mse=0.01232
[epoch 214] recon_mse=0.01232
[epoch 215] recon_mse=0.01231 quick_test_acc=0.3878 ent=3.3593
[epoch 216] recon_mse=0.01230
[epoch 217] recon_mse=0.01230
[epoch 218] recon_mse=0.01229
[epoch 219] recon_mse=0.01228
[epoch 220] recon_mse=0.01227 quick_test_acc=0.3892 ent=3.3406
[full_eval_best] {
  "created_at": "2026-06-20 11:32:54",
  "ckpt": "/home/Hongjie_Zeng/high_order_BM/runs_vggsound_full_VF021_standard_video_lstm4096_h6_lc5_e220/best.pt",
  "ckpt_epoch": 220,
  "ckpt_best_acc": 0.3891532494622254,
  "eval_steps": 3000,
  "eval_burn_in": 500,
  "eval_thin": 2,
  "test_label_gibbs_acc": 0.38993546704908416,
  "test_label_entropy": 3.340318301320076,
  "computed_dims": {
    "input_dim": 4096,
    "label_dim": 1545,
    "hidden_dim": 24576,
    "total_pbits": 30217,
    "num_classes": 309
  },
  "data_dims": {
    "feature_npz": "/home/Hongjie_Zeng/high_order_BM/data_vggsound_full/features/vggsound_full_video_lstm4096_resnet50_f16_seed123.npz",
    "train_size": 182615,
    "test_size": 15341,
    "num_classes": 309,
    "class_names": [
      "air conditioning noise",
      "air horn",
      "airplane",
      "airplane flyby",
      "alarm clock ringing",
      "alligators, crocodiles hissing",
      "ambulance siren",
      "arc welding",
      "baby babbling",
      "baby crying",
      "baby laughter",
      "baltimore oriole calling",
      "barn swallow calling",
      "basketball bounce",
      "bathroom ventilation fan running",
      "beat boxing",
      "bee, wasp, etc. buzzing",
      "bird chirping, tweeting",
      "bird squawking",
      "bird wings flapping",
      "black capped chickadee calling",
      "blowtorch igniting",
      "bouncing on trampoline",
      "bowling impact",
      "bull bellowing",
      "canary calling",
      "cap gun shooting",
      "car engine idling",
      "car engine knocking",
      "car engine starting",
      "car passing by",
      "cat caterwauling",
      "cat growling",
      "cat hissing",
      "cat meowing",
      "cat purring",
      "cattle mooing",
      "cattle, bovinae cowbell",
      "cell phone buzzing",
      "chainsawing trees",
      "cheetah chirrup",
      "chicken clucking",
      "chicken crowing",
      "child singing",
      "child speech, kid speaking",
      "children shouting",
      "chimpanzee pant-hooting",
      "chinchilla barking",
      "chipmunk chirping",
      "chopping food",
      "chopping wood",
      "church bell ringing",
      "civil defense siren",
      "cow lowing",
      "coyote howling",
      "cricket chirping",
      "crow cawing",
      "cuckoo bird calling",
      "cupboard opening or closing",
      "cutting hair with electric trimmers",
      "dinosaurs bellowing",
      "disc scratching",
      "dog barking",
      "dog baying",
      "dog bow-wow",
      "dog growling",
      "dog howling",
      "dog whimpering",
      "donkey, ass braying",
      "door slamming",
      "driving buses",
      "driving motorcycle",
      "driving snowmobile",
      "duck quacking",
      "eagle screaming",
      "eating with cutlery",
      "electric grinder grinding",
      "electric shaver, electric razor shaving",
      "elephant trumpeting",
      "eletric blender running",
      "elk bugling",
      "engine accelerating, revving, vroom",
      "female singing",
      "female speech, woman speaking",
      "ferret dooking",
      "fire crackling",
      "fire truck siren",
      "fireworks banging",
      "firing cannon",
      "firing muskets",
      "fly, housefly buzzing",
      "foghorn",
      "footsteps on snow",
      "forging swords",
      "fox barking",
      "francolin calling",
      "frog croaking",
      "gibbon howling",
      "goat bleating",
      "golf driving",
      "goose honking",
      "hail",
      "hair dryer drying",
      "hammering nails",
      "heart sounds, heartbeat",
      "hedge trimmer running",
      "helicopter",
      "horse clip-clop",
      "horse neighing",
      "ice cracking",
      "ice cream truck, ice cream van",
      "lathe spinning",
      "lawn mowing",
      "lighting firecrackers",
      "lions growling",
      "lions roaring",
      "lip smacking",
      "machine gun shooting",
      "magpie calling",
      "male singing",
      "male speech, man speaking",
      "metronome",
      "missile launch",
      "mosquito buzzing",
      "motorboat, speedboat acceleration",
      "mouse clicking",
      "mouse pattering",
      "mouse squeaking",
      "mynah bird singing",
      "ocean burbling",
      "opening or closing car doors",
      "opening or closing car electric windows",
      "opening or closing drawers",
      "orchestra",
      "otter growling",
      "owl hooting",
      "parrot talking",
      "penguins braying",
      "people babbling",
      "people battle cry",
      "people belly laughing",
      "people booing",
      "people burping",
      "people cheering",
      "people clapping",
      "people coughing",
      "people crowd",
      "people eating",
      "people eating apple",
      "people eating crisps",
      "people eating noodle",
      "people farting",
      "people finger snapping",
      "people gargling",
      "people giggling",
      "people hiccup",
      "people humming",
      "people marching",
      "people nose blowing",
      "people running",
      "people screaming",
      "people shuffling",
      "people slapping",
      "people slurping",
      "people sneezing",
      "people sniggering",
      "people sobbing",
      "people whispering",
      "people whistling",
      "pheasant crowing",
      "pig oinking",
      "pigeon, dove cooing",
      "planing timber",
      "plastic bottle crushing",
      "playing accordion",
      "playing acoustic guitar",
      "playing badminton",
      "playing bagpipes",
      "playing banjo",
      "playing bass drum",
      "playing bass guitar",
      "playing bassoon",
      "playing bongo",
      "playing bugle",
      "playing castanets",
      "playing cello",
      "playing clarinet",
      "playing congas",
      "playing cornet",
      "playing cymbal",
      "playing darts",
      "playing didgeridoo",
      "playing djembe",
      "playing double bass",
      "playing drum kit",
      "playing electric guitar",
      "playing electronic organ",
      "playing erhu",
      "playing flute",
      "playing french horn",
      "playing glockenspiel",
      "playing gong",
      "playing guiro",
      "playing hammond organ",
      "playing harmonica",
      "playing harp",
      "playing harpsichord",
      "playing hockey",
      "playing lacrosse",
      "playing mandolin",
      "playing marimba, xylophone",
      "playing oboe",
      "playing piano",
      "playing saxophone",
      "playing shofar",
      "playing sitar",
      "playing snare drum",
      "playing squash",
      "playing steel guitar, slide guitar",
      "playing steelpan",
      "playing synthesizer",
      "playing tabla",
      "playing table tennis",
      "playing tambourine",
      "playing tennis",
      "playing theremin",
      "playing timbales",
      "playing timpani",
      "playing trombone",
      "playing trumpet",
      "playing tuning fork",
      "playing tympani",
      "playing ukulele",
      "playing vibraphone",
      "playing violin, fiddle",
      "playing volleyball",
      "playing washboard",
      "playing zither",
      "police car (siren)",
      "police radio chatter",
      "popping popcorn",
      "printer printing",
      "pumping water",
      "race car, auto racing",
      "railroad car, train wagon",
      "raining",
      "rapping",
      "reversing beeps",
      "ripping paper",
      "roller coaster running",
      "rope skipping",
      "rowboat, canoe, kayak rowing",
      "running electric fan",
      "sailing",
      "scuba diving",
      "sea lion barking",
      "sea waves",
      "sharpen knife",
      "sheep bleating",
      "shot football",
      "singing bowl",
      "singing choir",
      "skateboarding",
      "skidding",
      "skiing",
      "sliding door",
      "sloshing water",
      "slot machine",
      "smoke detector beeping",
      "snake hissing",
      "snake rattling",
      "splashing water",
      "spraying water",
      "squishing water",
      "stream burbling",
      "strike lighter",
      "striking bowling",
      "striking pool",
      "subway, metro, underground",
      "swimming",
      "tap dancing",
      "tapping guitar",
      "telephone bell ringing",
      "thunder",
      "toilet flushing",
      "tornado roaring",
      "tractor digging",
      "train horning",
      "train wheels squealing",
      "train whistling",
      "turkey gobbling",
      "typing on computer keyboard",
      "typing on typewriter",
      "underwater bubbling",
      "using sewing machines",
      "vacuum cleaner cleaning floors",
      "vehicle horn, car horn, honking",
      "volcano explosion",
      "warbler chirping",
      "waterfall burbling",
      "whale calling",
      "wind chime",
      "wind noise",
      "wind rustling leaves",
      "wood thrush calling",
      "woodpecker pecking tree",
      "writing on blackboard with chalk",
      "yodelling",
      "zebra braying"
    ],
    "video_dim": 4096,
    "motion_dim": 1,
    "audio_dim": 1
  }
}
{
  "experiment_id": "VF021_standard_video_lstm4096_h6_lc5_e220",
  "finished_at": "2026-06-20 11:32:54",
  "model_type": "standard",
  "best_epoch": 220,
  "best_acc_selection_metric": 0.3891532494622254,
  "final_epoch": 220,
  "final_test_label_gibbs_acc": 0.3891532494622254,
  "full_eval_best_acc": 0.38993546704908416,
  "computed_dims": {
    "input_dim": 4096,
    "label_dim": 1545,
    "hidden_dim": 24576,
    "total_pbits": 30217,
    "num_classes": 309
  },
  "data_dims": {
    "feature_npz": "/home/Hongjie_Zeng/high_order_BM/data_vggsound_full/features/vggsound_full_video_lstm4096_resnet50_f16_seed123.npz",
    "train_size": 182615,
    "test_size": 15341,
    "num_classes": 309,
    "class_names": [
      "air conditioning noise",
      "air horn",
      "airplane",
      "airplane flyby",
      "alarm clock ringing",
      "alligators, crocodiles hissing",
      "ambulance siren",
      "arc welding",
      "baby babbling",
      "baby crying",
      "baby laughter",
      "baltimore oriole calling",
      "barn swallow calling",
      "basketball bounce",
      "bathroom ventilation fan running",
      "beat boxing",
      "bee, wasp, etc. buzzing",
      "bird chirping, tweeting",
      "bird squawking",
      "bird wings flapping",
      "black capped chickadee calling",
      "blowtorch igniting",
      "bouncing on trampoline",
      "bowling impact",
      "bull bellowing",
      "canary calling",
      "cap gun shooting",
      "car engine idling",
      "car engine knocking",
      "car engine starting",
      "car passing by",
      "cat caterwauling",
      "cat growling",
      "cat hissing",
      "cat meowing",
      "cat purring",
      "cattle mooing",
      "cattle, bovinae cowbell",
      "cell phone buzzing",
      "chainsawing trees",
      "cheetah chirrup",
      "chicken clucking",
      "chicken crowing",
      "child singing",
      "child speech, kid speaking",
      "children shouting",
      "chimpanzee pant-hooting",
      "chinchilla barking",
      "chipmunk chirping",
      "chopping food",
      "chopping wood",
      "church bell ringing",
      "civil defense siren",
      "cow lowing",
      "coyote howling",
      "cricket chirping",
      "crow cawing",
      "cuckoo bird calling",
      "cupboard opening or closing",
      "cutting hair with electric trimmers",
      "dinosaurs bellowing",
      "disc scratching",
      "dog barking",
      "dog baying",
      "dog bow-wow",
      "dog growling",
      "dog howling",
      "dog whimpering",
      "donkey, ass braying",
      "door slamming",
      "driving buses",
      "driving motorcycle",
      "driving snowmobile",
      "duck quacking",
      "eagle screaming",
      "eating with cutlery",
      "electric grinder grinding",
      "electric shaver, electric razor shaving",
      "elephant trumpeting",
      "eletric blender running",
      "elk bugling",
      "engine accelerating, revving, vroom",
      "female singing",
      "female speech, woman speaking",
      "ferret dooking",
      "fire crackling",
      "fire truck siren",
      "fireworks banging",
      "firing cannon",
      "firing muskets",
      "fly, housefly buzzing",
      "foghorn",
      "footsteps on snow",
      "forging swords",
      "fox barking",
      "francolin calling",
      "frog croaking",
      "gibbon howling",
      "goat bleating",
      "golf driving",
      "goose honking",
      "hail",
      "hair dryer drying",
      "hammering nails",
      "heart sounds, heartbeat",
      "hedge trimmer running",
      "helicopter",
      "horse clip-clop",
      "horse neighing",
      "ice cracking",
      "ice cream truck, ice cream van",
      "lathe spinning",
      "lawn mowing",
      "lighting firecrackers",
      "lions growling",
      "lions roaring",
      "lip smacking",
      "machine gun shooting",
      "magpie calling",
      "male singing",
      "male speech, man speaking",
      "metronome",
      "missile launch",
      "mosquito buzzing",
      "motorboat, speedboat acceleration",
      "mouse clicking",
      "mouse pattering",
      "mouse squeaking",
      "mynah bird singing",
      "ocean burbling",
      "opening or closing car doors",
      "opening or closing car electric windows",
      "opening or closing drawers",
      "orchestra",
      "otter growling",
      "owl hooting",
      "parrot talking",
      "penguins braying",
      "people babbling",
      "people battle cry",
      "people belly laughing",
      "people booing",
      "people burping",
      "people cheering",
      "people clapping",
      "people coughing",
      "people crowd",
      "people eating",
      "people eating apple",
      "people eating crisps",
      "people eating noodle",
      "people farting",
      "people finger snapping",
      "people gargling",
      "people giggling",
      "people hiccup",
      "people humming",
      "people marching",
      "people nose blowing",
      "people running",
      "people screaming",
      "people shuffling",
      "people slapping",
      "people slurping",
      "people sneezing",
      "people sniggering",
      "people sobbing",
      "people whispering",
      "people whistling",
      "pheasant crowing",
      "pig oinking",
      "pigeon, dove cooing",
      "planing timber",
      "plastic bottle crushing",
      "playing accordion",
      "playing acoustic guitar",
      "playing badminton",
      "playing bagpipes",
      "playing banjo",
      "playing bass drum",
      "playing bass guitar",
      "playing bassoon",
      "playing bongo",
      "playing bugle",
      "playing castanets",
      "playing cello",
      "playing clarinet",
      "playing congas",
      "playing cornet",
      "playing cymbal",
      "playing darts",
      "playing didgeridoo",
      "playing djembe",
      "playing double bass",
      "playing drum kit",
      "playing electric guitar",
      "playing electronic organ",
      "playing erhu",
      "playing flute",
      "playing french horn",
      "playing glockenspiel",
      "playing gong",
      "playing guiro",
      "playing hammond organ",
      "playing harmonica",
      "playing harp",
      "playing harpsichord",
      "playing hockey",
      "playing lacrosse",
      "playing mandolin",
      "playing marimba, xylophone",
      "playing oboe",
      "playing piano",
      "playing saxophone",
      "playing shofar",
      "playing sitar",
      "playing snare drum",
      "playing squash",
      "playing steel guitar, slide guitar",
      "playing steelpan",
      "playing synthesizer",
      "playing tabla",
      "playing table tennis",
      "playing tambourine",
      "playing tennis",
      "playing theremin",
      "playing timbales",
      "playing timpani",
      "playing trombone",
      "playing trumpet",
      "playing tuning fork",
      "playing tympani",
      "playing ukulele",
      "playing vibraphone",
      "playing violin, fiddle",
      "playing volleyball",
      "playing washboard",
      "playing zither",
      "police car (siren)",
      "police radio chatter",
      "popping popcorn",
      "printer printing",
      "pumping water",
      "race car, auto racing",
      "railroad car, train wagon",
      "raining",
      "rapping",
      "reversing beeps",
      "ripping paper",
      "roller coaster running",
      "rope skipping",
      "rowboat, canoe, kayak rowing",
      "running electric fan",
      "sailing",
      "scuba diving",
      "sea lion barking",
      "sea waves",
      "sharpen knife",
      "sheep bleating",
      "shot football",
      "singing bowl",
      "singing choir",
      "skateboarding",
      "skidding",
      "skiing",
      "sliding door",
      "sloshing water",
      "slot machine",
      "smoke detector beeping",
      "snake hissing",
      "snake rattling",
      "splashing water",
      "spraying water",
      "squishing water",
      "stream burbling",
      "strike lighter",
      "striking bowling",
      "striking pool",
      "subway, metro, underground",
      "swimming",
      "tap dancing",
      "tapping guitar",
      "telephone bell ringing",
      "thunder",
      "toilet flushing",
      "tornado roaring",
      "tractor digging",
      "train horning",
      "train wheels squealing",
      "train whistling",
      "turkey gobbling",
      "typing on computer keyboard",
      "typing on typewriter",
      "underwater bubbling",
      "using sewing machines",
      "vacuum cleaner cleaning floors",
      "vehicle horn, car horn, honking",
      "volcano explosion",
      "warbler chirping",
      "waterfall burbling",
      "whale calling",
      "wind chime",
      "wind noise",
      "wind rustling leaves",
      "wood thrush calling",
      "woodpecker pecking tree",
      "writing on blackboard with chalk",
      "yodelling",
      "zebra braying"
    ],
    "video_dim": 4096,
    "motion_dim": 1,
    "audio_dim": 1
  },
  "out_dir": "/home/Hongjie_Zeng/high_order_BM/runs_vggsound_full_VF021_standard_video_lstm4096_h6_lc5_e220"
}
