[data] train=182615 test=15341 classes=309 video=1 motion=1 audio=4096 device=cuda
[model] standard input=4096 label=1545 hidden=24576 total=30217 mode=audio
[init] estimating visible bias from training set
[epoch 001] recon_mse=0.03483
[epoch 002] recon_mse=0.02820
[epoch 003] recon_mse=0.02369
[epoch 004] recon_mse=0.02070
[epoch 005] recon_mse=0.01856 quick_test_acc=0.0048 ent=5.5916
[epoch 006] recon_mse=0.01734
[epoch 007] recon_mse=0.01683
[epoch 008] recon_mse=0.01658
[epoch 009] recon_mse=0.01643
[epoch 010] recon_mse=0.01628 quick_test_acc=0.0503 ent=5.5911
[epoch 011] recon_mse=0.01617
[epoch 012] recon_mse=0.01610
[epoch 013] recon_mse=0.01603
[epoch 014] recon_mse=0.01593
[epoch 015] recon_mse=0.01584 quick_test_acc=0.0998 ent=5.5913
[epoch 016] recon_mse=0.01574
[epoch 017] recon_mse=0.01562
[epoch 018] recon_mse=0.01551
[epoch 019] recon_mse=0.01540
[epoch 020] recon_mse=0.01530 quick_test_acc=0.1626 ent=5.5873
[epoch 021] recon_mse=0.01523
[epoch 022] recon_mse=0.01516
[epoch 023] recon_mse=0.01510
[epoch 024] recon_mse=0.01505
[epoch 025] recon_mse=0.01500 quick_test_acc=0.2009 ent=5.5788
[epoch 026] recon_mse=0.01496
[epoch 027] recon_mse=0.01492
[epoch 028] recon_mse=0.01488
[epoch 029] recon_mse=0.01484
[epoch 030] recon_mse=0.01481 quick_test_acc=0.2177 ent=5.5639
[epoch 031] recon_mse=0.01477
[epoch 032] recon_mse=0.01474
[epoch 033] recon_mse=0.01471
[epoch 034] recon_mse=0.01467
[epoch 035] recon_mse=0.01464 quick_test_acc=0.2332 ent=5.5406
[epoch 036] recon_mse=0.01461
[epoch 037] recon_mse=0.01457
[epoch 038] recon_mse=0.01454
[epoch 039] recon_mse=0.01451
[epoch 040] recon_mse=0.01447 quick_test_acc=0.2467 ent=5.5021
[epoch 041] recon_mse=0.01444
[epoch 042] recon_mse=0.01439
[epoch 043] recon_mse=0.01436
[epoch 044] recon_mse=0.01433
[epoch 045] recon_mse=0.01428 quick_test_acc=0.2583 ent=5.4488
[epoch 046] recon_mse=0.01424
[epoch 047] recon_mse=0.01420
[epoch 048] recon_mse=0.01415
[epoch 049] recon_mse=0.01411
[epoch 050] recon_mse=0.01406 quick_test_acc=0.2666 ent=5.3816
[epoch 051] recon_mse=0.01402
[epoch 052] recon_mse=0.01396
[epoch 053] recon_mse=0.01392
[epoch 054] recon_mse=0.01386
[epoch 055] recon_mse=0.01382 quick_test_acc=0.2782 ent=5.3030
[epoch 056] recon_mse=0.01376
[epoch 057] recon_mse=0.01371
[epoch 058] recon_mse=0.01365
[epoch 059] recon_mse=0.01360
[epoch 060] recon_mse=0.01355 quick_test_acc=0.2897 ent=5.2173
[epoch 061] recon_mse=0.01349
[epoch 062] recon_mse=0.01344
[epoch 063] recon_mse=0.01339
[epoch 064] recon_mse=0.01333
[epoch 065] recon_mse=0.01328 quick_test_acc=0.2994 ent=5.1326
[epoch 066] recon_mse=0.01322
[epoch 067] recon_mse=0.01316
[epoch 068] recon_mse=0.01311
[epoch 069] recon_mse=0.01306
[epoch 070] recon_mse=0.01300 quick_test_acc=0.3088 ent=5.0478
[epoch 071] recon_mse=0.01295
[epoch 072] recon_mse=0.01290
[epoch 073] recon_mse=0.01285
[epoch 074] recon_mse=0.01280
[epoch 075] recon_mse=0.01275 quick_test_acc=0.3185 ent=4.9645
[epoch 076] recon_mse=0.01270
[epoch 077] recon_mse=0.01265
[epoch 078] recon_mse=0.01260
[epoch 079] recon_mse=0.01255
[epoch 080] recon_mse=0.01250 quick_test_acc=0.3259 ent=4.8859
[epoch 081] recon_mse=0.01246
[epoch 082] recon_mse=0.01241
[epoch 083] recon_mse=0.01237
[epoch 084] recon_mse=0.01232
[epoch 085] recon_mse=0.01228 quick_test_acc=0.3348 ent=4.8120
[epoch 086] recon_mse=0.01223
[epoch 087] recon_mse=0.01219
[epoch 088] recon_mse=0.01215
[epoch 089] recon_mse=0.01210
[epoch 090] recon_mse=0.01207 quick_test_acc=0.3428 ent=4.7434
[epoch 091] recon_mse=0.01202
[epoch 092] recon_mse=0.01198
[epoch 093] recon_mse=0.01194
[epoch 094] recon_mse=0.01190
[epoch 095] recon_mse=0.01187 quick_test_acc=0.3497 ent=4.6768
[epoch 096] recon_mse=0.01183
[epoch 097] recon_mse=0.01179
[epoch 098] recon_mse=0.01176
[epoch 099] recon_mse=0.01172
[epoch 100] recon_mse=0.01169 quick_test_acc=0.3559 ent=4.6184
[epoch 101] recon_mse=0.01164
[epoch 102] recon_mse=0.01161
[epoch 103] recon_mse=0.01158
[epoch 104] recon_mse=0.01154
[epoch 105] recon_mse=0.01151 quick_test_acc=0.3622 ent=4.5579
[epoch 106] recon_mse=0.01148
[epoch 107] recon_mse=0.01144
[epoch 108] recon_mse=0.01141
[epoch 109] recon_mse=0.01138
[epoch 110] recon_mse=0.01134 quick_test_acc=0.3654 ent=4.5014
[epoch 111] recon_mse=0.01132
[epoch 112] recon_mse=0.01128
[epoch 113] recon_mse=0.01125
[epoch 114] recon_mse=0.01122
[epoch 115] recon_mse=0.01119 quick_test_acc=0.3699 ent=4.4473
[epoch 116] recon_mse=0.01116
[epoch 117] recon_mse=0.01113
[epoch 118] recon_mse=0.01111
[epoch 119] recon_mse=0.01107
[epoch 120] recon_mse=0.01104 quick_test_acc=0.3735 ent=4.3954
[epoch 121] recon_mse=0.01101
[epoch 122] recon_mse=0.01099
[epoch 123] recon_mse=0.01096
[epoch 124] recon_mse=0.01094
[epoch 125] recon_mse=0.01090 quick_test_acc=0.3762 ent=4.3458
[epoch 126] recon_mse=0.01088
[epoch 127] recon_mse=0.01085
[epoch 128] recon_mse=0.01082
[epoch 129] recon_mse=0.01080
[epoch 130] recon_mse=0.01077 quick_test_acc=0.3795 ent=4.3001
[epoch 131] recon_mse=0.01075
[epoch 132] recon_mse=0.01072
[epoch 133] recon_mse=0.01070
[epoch 134] recon_mse=0.01067
[epoch 135] recon_mse=0.01065 quick_test_acc=0.3833 ent=4.2559
[epoch 136] recon_mse=0.01062
[epoch 137] recon_mse=0.01060
[epoch 138] recon_mse=0.01057
[epoch 139] recon_mse=0.01055
[epoch 140] recon_mse=0.01053 quick_test_acc=0.3862 ent=4.2084
[epoch 141] recon_mse=0.01050
[epoch 142] recon_mse=0.01048
[epoch 143] recon_mse=0.01046
[epoch 144] recon_mse=0.01043
[epoch 145] recon_mse=0.01041 quick_test_acc=0.3894 ent=4.1704
[epoch 146] recon_mse=0.01039
[epoch 147] recon_mse=0.01037
[epoch 148] recon_mse=0.01035
[epoch 149] recon_mse=0.01033
[epoch 150] recon_mse=0.01030 quick_test_acc=0.3901 ent=4.1352
[epoch 151] recon_mse=0.01028
[epoch 152] recon_mse=0.01026
[epoch 153] recon_mse=0.01025
[epoch 154] recon_mse=0.01022
[epoch 155] recon_mse=0.01021 quick_test_acc=0.3927 ent=4.0929
[epoch 156] recon_mse=0.01019
[epoch 157] recon_mse=0.01016
[epoch 158] recon_mse=0.01014
[epoch 159] recon_mse=0.01012
[epoch 160] recon_mse=0.01010 quick_test_acc=0.3945 ent=4.0595
[epoch 161] recon_mse=0.01008
[epoch 162] recon_mse=0.01007
[epoch 163] recon_mse=0.01005
[epoch 164] recon_mse=0.01003
[epoch 165] recon_mse=0.01001 quick_test_acc=0.3963 ent=4.0255
[epoch 166] recon_mse=0.00999
[epoch 167] recon_mse=0.00997
[epoch 168] recon_mse=0.00996
[epoch 169] recon_mse=0.00994
[epoch 170] recon_mse=0.00992 quick_test_acc=0.3976 ent=3.9958
[epoch 171] recon_mse=0.00990
[epoch 172] recon_mse=0.00988
[epoch 173] recon_mse=0.00987
[epoch 174] recon_mse=0.00985
[epoch 175] recon_mse=0.00984 quick_test_acc=0.4001 ent=3.9592
[epoch 176] recon_mse=0.00981
[epoch 177] recon_mse=0.00980
[epoch 178] recon_mse=0.00978
[epoch 179] recon_mse=0.00977
[epoch 180] recon_mse=0.00975 quick_test_acc=0.3995 ent=3.9319
[epoch 181] recon_mse=0.00974
[epoch 182] recon_mse=0.00972
[epoch 183] recon_mse=0.00970
[epoch 184] recon_mse=0.00969
[epoch 185] recon_mse=0.00967 quick_test_acc=0.4012 ent=3.9040
[epoch 186] recon_mse=0.00966
[epoch 187] recon_mse=0.00964
[epoch 188] recon_mse=0.00962
[epoch 189] recon_mse=0.00961
[epoch 190] recon_mse=0.00960 quick_test_acc=0.4034 ent=3.8757
[epoch 191] recon_mse=0.00958
[epoch 192] recon_mse=0.00956
[epoch 193] recon_mse=0.00955
[epoch 194] recon_mse=0.00954
[epoch 195] recon_mse=0.00953 quick_test_acc=0.4049 ent=3.8490
[epoch 196] recon_mse=0.00951
[epoch 197] recon_mse=0.00949
[epoch 198] recon_mse=0.00948
[epoch 199] recon_mse=0.00947
[epoch 200] recon_mse=0.00945 quick_test_acc=0.4053 ent=3.8229
[epoch 201] recon_mse=0.00944
[epoch 202] recon_mse=0.00942
[epoch 203] recon_mse=0.00941
[epoch 204] recon_mse=0.00940
[epoch 205] recon_mse=0.00938 quick_test_acc=0.4065 ent=3.7939
[epoch 206] recon_mse=0.00937
[epoch 207] recon_mse=0.00936
[epoch 208] recon_mse=0.00934
[epoch 209] recon_mse=0.00933
[epoch 210] recon_mse=0.00932 quick_test_acc=0.4082 ent=3.7710
[epoch 211] recon_mse=0.00931
[epoch 212] recon_mse=0.00929
[epoch 213] recon_mse=0.00929
[epoch 214] recon_mse=0.00927
[epoch 215] recon_mse=0.00926 quick_test_acc=0.4090 ent=3.7439
[epoch 216] recon_mse=0.00925
[epoch 217] recon_mse=0.00923
[epoch 218] recon_mse=0.00922
[epoch 219] recon_mse=0.00921
[epoch 220] recon_mse=0.00920 quick_test_acc=0.4103 ent=3.7272
[epoch 221] recon_mse=0.00918
[epoch 222] recon_mse=0.00917
[epoch 223] recon_mse=0.00916
[epoch 224] recon_mse=0.00915
[epoch 225] recon_mse=0.00914 quick_test_acc=0.4109 ent=3.6993
[epoch 226] recon_mse=0.00913
[epoch 227] recon_mse=0.00912
[epoch 228] recon_mse=0.00911
[epoch 229] recon_mse=0.00910
[epoch 230] recon_mse=0.00908 quick_test_acc=0.4119 ent=3.6777
[epoch 231] recon_mse=0.00907
[epoch 232] recon_mse=0.00906
[epoch 233] recon_mse=0.00905
[epoch 234] recon_mse=0.00904
[epoch 235] recon_mse=0.00903 quick_test_acc=0.4141 ent=3.6515
[epoch 236] recon_mse=0.00902
[epoch 237] recon_mse=0.00901
[epoch 238] recon_mse=0.00900
[epoch 239] recon_mse=0.00899
[epoch 240] recon_mse=0.00897 quick_test_acc=0.4129 ent=3.6381
[epoch 241] recon_mse=0.00897
[epoch 242] recon_mse=0.00896
[epoch 243] recon_mse=0.00895
[epoch 244] recon_mse=0.00894
[epoch 245] recon_mse=0.00893 quick_test_acc=0.4142 ent=3.6183
[epoch 246] recon_mse=0.00892
[epoch 247] recon_mse=0.00891
[epoch 248] recon_mse=0.00890
[epoch 249] recon_mse=0.00889
[epoch 250] recon_mse=0.00888 quick_test_acc=0.4154 ent=3.5969
[epoch 251] recon_mse=0.00887
[epoch 252] recon_mse=0.00886
[epoch 253] recon_mse=0.00885
[epoch 254] recon_mse=0.00884
[epoch 255] recon_mse=0.00883 quick_test_acc=0.4164 ent=3.5791
[epoch 256] recon_mse=0.00883
[epoch 257] recon_mse=0.00881
[epoch 258] recon_mse=0.00880
[epoch 259] recon_mse=0.00880
[epoch 260] recon_mse=0.00879 quick_test_acc=0.4174 ent=3.5581
[epoch 261] recon_mse=0.00878
[epoch 262] recon_mse=0.00877
[epoch 263] recon_mse=0.00876
[epoch 264] recon_mse=0.00875
[epoch 265] recon_mse=0.00874 quick_test_acc=0.4187 ent=3.5422
[epoch 266] recon_mse=0.00873
[epoch 267] recon_mse=0.00873
[epoch 268] recon_mse=0.00872
[epoch 269] recon_mse=0.00871
[epoch 270] recon_mse=0.00870 quick_test_acc=0.4196 ent=3.5270
[epoch 271] recon_mse=0.00869
[epoch 272] recon_mse=0.00868
[epoch 273] recon_mse=0.00868
[epoch 274] recon_mse=0.00867
[epoch 275] recon_mse=0.00866 quick_test_acc=0.4199 ent=3.5071
[epoch 276] recon_mse=0.00866
[epoch 277] recon_mse=0.00865
[epoch 278] recon_mse=0.00864
[epoch 279] recon_mse=0.00863
[epoch 280] recon_mse=0.00862 quick_test_acc=0.4204 ent=3.4903
[epoch 281] recon_mse=0.00861
[epoch 282] recon_mse=0.00861
[epoch 283] recon_mse=0.00860
[epoch 284] recon_mse=0.00859
[epoch 285] recon_mse=0.00858 quick_test_acc=0.4217 ent=3.4724
[epoch 286] recon_mse=0.00858
[epoch 287] recon_mse=0.00857
[epoch 288] recon_mse=0.00856
[epoch 289] recon_mse=0.00856
[epoch 290] recon_mse=0.00855 quick_test_acc=0.4217 ent=3.4576
[epoch 291] recon_mse=0.00854
[epoch 292] recon_mse=0.00853
[epoch 293] recon_mse=0.00853
[epoch 294] recon_mse=0.00852
[epoch 295] recon_mse=0.00851 quick_test_acc=0.4212 ent=3.4420
[epoch 296] recon_mse=0.00851
[epoch 297] recon_mse=0.00850
[epoch 298] recon_mse=0.00849
[epoch 299] recon_mse=0.00848
[epoch 300] recon_mse=0.00848 quick_test_acc=0.4235 ent=3.4254
[epoch 301] recon_mse=0.00847
[epoch 302] recon_mse=0.00847
[epoch 303] recon_mse=0.00845
[epoch 304] recon_mse=0.00845
[epoch 305] recon_mse=0.00844 quick_test_acc=0.4249 ent=3.4108
[epoch 306] recon_mse=0.00844
[epoch 307] recon_mse=0.00843
[epoch 308] recon_mse=0.00843
[epoch 309] recon_mse=0.00842
[epoch 310] recon_mse=0.00841 quick_test_acc=0.4245 ent=3.3922
[epoch 311] recon_mse=0.00840
[epoch 312] recon_mse=0.00840
[epoch 313] recon_mse=0.00839
[epoch 314] recon_mse=0.00839
[epoch 315] recon_mse=0.00838 quick_test_acc=0.4262 ent=3.3827
[epoch 316] recon_mse=0.00837
[epoch 317] recon_mse=0.00837
[epoch 318] recon_mse=0.00836
[epoch 319] recon_mse=0.00835
[epoch 320] recon_mse=0.00835 quick_test_acc=0.4271 ent=3.3661
[epoch 321] recon_mse=0.00834
[epoch 322] recon_mse=0.00834
[epoch 323] recon_mse=0.00833
[epoch 324] recon_mse=0.00833
[epoch 325] recon_mse=0.00832 quick_test_acc=0.4269 ent=3.3524
[epoch 326] recon_mse=0.00831
[epoch 327] recon_mse=0.00830
[epoch 328] recon_mse=0.00830
[epoch 329] recon_mse=0.00830
[epoch 330] recon_mse=0.00829 quick_test_acc=0.4289 ent=3.3407
[epoch 331] recon_mse=0.00828
[epoch 332] recon_mse=0.00828
[epoch 333] recon_mse=0.00827
[epoch 334] recon_mse=0.00827
[epoch 335] recon_mse=0.00826 quick_test_acc=0.4303 ent=3.3248
[epoch 336] recon_mse=0.00826
[epoch 337] recon_mse=0.00825
[epoch 338] recon_mse=0.00824
[epoch 339] recon_mse=0.00824
[epoch 340] recon_mse=0.00824 quick_test_acc=0.4307 ent=3.3093
[epoch 341] recon_mse=0.00823
[epoch 342] recon_mse=0.00822
[epoch 343] recon_mse=0.00822
[epoch 344] recon_mse=0.00821
[epoch 345] recon_mse=0.00821 quick_test_acc=0.4320 ent=3.2984
[epoch 346] recon_mse=0.00820
[epoch 347] recon_mse=0.00820
[epoch 348] recon_mse=0.00819
[epoch 349] recon_mse=0.00819
[epoch 350] recon_mse=0.00818 quick_test_acc=0.4315 ent=3.2840
[epoch 351] recon_mse=0.00817
[epoch 352] recon_mse=0.00817
[epoch 353] recon_mse=0.00817
[epoch 354] recon_mse=0.00816
[epoch 355] recon_mse=0.00815 quick_test_acc=0.4318 ent=3.2736
[epoch 356] recon_mse=0.00815
[epoch 357] recon_mse=0.00815
[epoch 358] recon_mse=0.00814
[epoch 359] recon_mse=0.00814
[epoch 360] recon_mse=0.00813 quick_test_acc=0.4328 ent=3.2551
[epoch 361] recon_mse=0.00813
[epoch 362] recon_mse=0.00812
[epoch 363] recon_mse=0.00812
[epoch 364] recon_mse=0.00811
[epoch 365] recon_mse=0.00811 quick_test_acc=0.4325 ent=3.2438
[epoch 366] recon_mse=0.00810
[epoch 367] recon_mse=0.00810
[epoch 368] recon_mse=0.00809
[epoch 369] recon_mse=0.00809
[epoch 370] recon_mse=0.00808 quick_test_acc=0.4347 ent=3.2335
[epoch 371] recon_mse=0.00808
[epoch 372] recon_mse=0.00807
[epoch 373] recon_mse=0.00807
[epoch 374] recon_mse=0.00806
[epoch 375] recon_mse=0.00806 quick_test_acc=0.4356 ent=3.2231
[epoch 376] recon_mse=0.00805
[epoch 377] recon_mse=0.00805
[epoch 378] recon_mse=0.00805
[epoch 379] recon_mse=0.00804
[epoch 380] recon_mse=0.00803 quick_test_acc=0.4366 ent=3.2057
[epoch 381] recon_mse=0.00803
[epoch 382] recon_mse=0.00803
[epoch 383] recon_mse=0.00802
[epoch 384] recon_mse=0.00802
[epoch 385] recon_mse=0.00802 quick_test_acc=0.4365 ent=3.1978
[epoch 386] recon_mse=0.00801
[epoch 387] recon_mse=0.00801
[epoch 388] recon_mse=0.00800
[epoch 389] recon_mse=0.00800
[epoch 390] recon_mse=0.00799 quick_test_acc=0.4383 ent=3.1866
[epoch 391] recon_mse=0.00799
[epoch 392] recon_mse=0.00799
[epoch 393] recon_mse=0.00799
[epoch 394] recon_mse=0.00798
[epoch 395] recon_mse=0.00797 quick_test_acc=0.4385 ent=3.1797
[epoch 396] recon_mse=0.00797
[epoch 397] recon_mse=0.00797
[epoch 398] recon_mse=0.00796
[epoch 399] recon_mse=0.00796
[epoch 400] recon_mse=0.00795 quick_test_acc=0.4389 ent=3.1606
[epoch 401] recon_mse=0.00795
[epoch 402] recon_mse=0.00795
[epoch 403] recon_mse=0.00794
[epoch 404] recon_mse=0.00794
[epoch 405] recon_mse=0.00794 quick_test_acc=0.4397 ent=3.1502
[epoch 406] recon_mse=0.00793
[epoch 407] recon_mse=0.00792
[epoch 408] recon_mse=0.00792
[epoch 409] recon_mse=0.00791
[epoch 410] recon_mse=0.00791 quick_test_acc=0.4400 ent=3.1420
[epoch 411] recon_mse=0.00791
[epoch 412] recon_mse=0.00790
[epoch 413] recon_mse=0.00790
[epoch 414] recon_mse=0.00790
[epoch 415] recon_mse=0.00789 quick_test_acc=0.4412 ent=3.1265
[epoch 416] recon_mse=0.00789
[epoch 417] recon_mse=0.00789
[epoch 418] recon_mse=0.00788
[epoch 419] recon_mse=0.00788
[epoch 420] recon_mse=0.00787 quick_test_acc=0.4422 ent=3.1178
[epoch 421] recon_mse=0.00787
[epoch 422] recon_mse=0.00787
[epoch 423] recon_mse=0.00786
[epoch 424] recon_mse=0.00786
[epoch 425] recon_mse=0.00786 quick_test_acc=0.4419 ent=3.1062
[epoch 426] recon_mse=0.00785
[epoch 427] recon_mse=0.00785
[epoch 428] recon_mse=0.00784
[epoch 429] recon_mse=0.00784
[epoch 430] recon_mse=0.00784 quick_test_acc=0.4444 ent=3.0975
[epoch 431] recon_mse=0.00783
[epoch 432] recon_mse=0.00783
[epoch 433] recon_mse=0.00783
[epoch 434] recon_mse=0.00782
[epoch 435] recon_mse=0.00782 quick_test_acc=0.4436 ent=3.0871
[epoch 436] recon_mse=0.00781
[epoch 437] recon_mse=0.00781
[epoch 438] recon_mse=0.00781
[epoch 439] recon_mse=0.00781
[epoch 440] recon_mse=0.00781 quick_test_acc=0.4440 ent=3.0732
[epoch 441] recon_mse=0.00780
[epoch 442] recon_mse=0.00780
[epoch 443] recon_mse=0.00779
[epoch 444] recon_mse=0.00779
[epoch 445] recon_mse=0.00779 quick_test_acc=0.4441 ent=3.0588
[epoch 446] recon_mse=0.00778
[epoch 447] recon_mse=0.00778
[epoch 448] recon_mse=0.00778
[epoch 449] recon_mse=0.00777
[epoch 450] recon_mse=0.00777 quick_test_acc=0.4441 ent=3.0520
[full_eval_best] {
  "created_at": "2026-06-22 02:25:12",
  "ckpt": "/home/Hongjie_Zeng/high_order_BM/runs_vggsound_full_AF031_standard_audio_paperresnet50_lstm4096_h6_lc5_e450/best.pt",
  "ckpt_epoch": 430,
  "ckpt_best_acc": 0.4444299589335767,
  "eval_steps": 3000,
  "eval_burn_in": 500,
  "eval_thin": 2,
  "test_label_gibbs_acc": 0.4431262629554788,
  "test_label_entropy": 3.0956008876363437,
  "computed_dims": {
    "input_dim": 4096,
    "label_dim": 1545,
    "hidden_dim": 24576,
    "total_pbits": 30217,
    "num_classes": 309
  },
  "data_dims": {
    "feature_npz": "/home/Hongjie_Zeng/high_order_BM/data_vggsound_full/features/vggsound_full_audio_paperresnet50_lstm4096_chunks4_w500_h1024_seed123.npz",
    "train_size": 182615,
    "test_size": 15341,
    "num_classes": 309,
    "class_names": [
      "air conditioning noise",
      "air horn",
      "airplane",
      "airplane flyby",
      "alarm clock ringing",
      "alligators, crocodiles hissing",
      "ambulance siren",
      "arc welding",
      "baby babbling",
      "baby crying",
      "baby laughter",
      "baltimore oriole calling",
      "barn swallow calling",
      "basketball bounce",
      "bathroom ventilation fan running",
      "beat boxing",
      "bee, wasp, etc. buzzing",
      "bird chirping, tweeting",
      "bird squawking",
      "bird wings flapping",
      "black capped chickadee calling",
      "blowtorch igniting",
      "bouncing on trampoline",
      "bowling impact",
      "bull bellowing",
      "canary calling",
      "cap gun shooting",
      "car engine idling",
      "car engine knocking",
      "car engine starting",
      "car passing by",
      "cat caterwauling",
      "cat growling",
      "cat hissing",
      "cat meowing",
      "cat purring",
      "cattle mooing",
      "cattle, bovinae cowbell",
      "cell phone buzzing",
      "chainsawing trees",
      "cheetah chirrup",
      "chicken clucking",
      "chicken crowing",
      "child singing",
      "child speech, kid speaking",
      "children shouting",
      "chimpanzee pant-hooting",
      "chinchilla barking",
      "chipmunk chirping",
      "chopping food",
      "chopping wood",
      "church bell ringing",
      "civil defense siren",
      "cow lowing",
      "coyote howling",
      "cricket chirping",
      "crow cawing",
      "cuckoo bird calling",
      "cupboard opening or closing",
      "cutting hair with electric trimmers",
      "dinosaurs bellowing",
      "disc scratching",
      "dog barking",
      "dog baying",
      "dog bow-wow",
      "dog growling",
      "dog howling",
      "dog whimpering",
      "donkey, ass braying",
      "door slamming",
      "driving buses",
      "driving motorcycle",
      "driving snowmobile",
      "duck quacking",
      "eagle screaming",
      "eating with cutlery",
      "electric grinder grinding",
      "electric shaver, electric razor shaving",
      "elephant trumpeting",
      "eletric blender running",
      "elk bugling",
      "engine accelerating, revving, vroom",
      "female singing",
      "female speech, woman speaking",
      "ferret dooking",
      "fire crackling",
      "fire truck siren",
      "fireworks banging",
      "firing cannon",
      "firing muskets",
      "fly, housefly buzzing",
      "foghorn",
      "footsteps on snow",
      "forging swords",
      "fox barking",
      "francolin calling",
      "frog croaking",
      "gibbon howling",
      "goat bleating",
      "golf driving",
      "goose honking",
      "hail",
      "hair dryer drying",
      "hammering nails",
      "heart sounds, heartbeat",
      "hedge trimmer running",
      "helicopter",
      "horse clip-clop",
      "horse neighing",
      "ice cracking",
      "ice cream truck, ice cream van",
      "lathe spinning",
      "lawn mowing",
      "lighting firecrackers",
      "lions growling",
      "lions roaring",
      "lip smacking",
      "machine gun shooting",
      "magpie calling",
      "male singing",
      "male speech, man speaking",
      "metronome",
      "missile launch",
      "mosquito buzzing",
      "motorboat, speedboat acceleration",
      "mouse clicking",
      "mouse pattering",
      "mouse squeaking",
      "mynah bird singing",
      "ocean burbling",
      "opening or closing car doors",
      "opening or closing car electric windows",
      "opening or closing drawers",
      "orchestra",
      "otter growling",
      "owl hooting",
      "parrot talking",
      "penguins braying",
      "people babbling",
      "people battle cry",
      "people belly laughing",
      "people booing",
      "people burping",
      "people cheering",
      "people clapping",
      "people coughing",
      "people crowd",
      "people eating",
      "people eating apple",
      "people eating crisps",
      "people eating noodle",
      "people farting",
      "people finger snapping",
      "people gargling",
      "people giggling",
      "people hiccup",
      "people humming",
      "people marching",
      "people nose blowing",
      "people running",
      "people screaming",
      "people shuffling",
      "people slapping",
      "people slurping",
      "people sneezing",
      "people sniggering",
      "people sobbing",
      "people whispering",
      "people whistling",
      "pheasant crowing",
      "pig oinking",
      "pigeon, dove cooing",
      "planing timber",
      "plastic bottle crushing",
      "playing accordion",
      "playing acoustic guitar",
      "playing badminton",
      "playing bagpipes",
      "playing banjo",
      "playing bass drum",
      "playing bass guitar",
      "playing bassoon",
      "playing bongo",
      "playing bugle",
      "playing castanets",
      "playing cello",
      "playing clarinet",
      "playing congas",
      "playing cornet",
      "playing cymbal",
      "playing darts",
      "playing didgeridoo",
      "playing djembe",
      "playing double bass",
      "playing drum kit",
      "playing electric guitar",
      "playing electronic organ",
      "playing erhu",
      "playing flute",
      "playing french horn",
      "playing glockenspiel",
      "playing gong",
      "playing guiro",
      "playing hammond organ",
      "playing harmonica",
      "playing harp",
      "playing harpsichord",
      "playing hockey",
      "playing lacrosse",
      "playing mandolin",
      "playing marimba, xylophone",
      "playing oboe",
      "playing piano",
      "playing saxophone",
      "playing shofar",
      "playing sitar",
      "playing snare drum",
      "playing squash",
      "playing steel guitar, slide guitar",
      "playing steelpan",
      "playing synthesizer",
      "playing tabla",
      "playing table tennis",
      "playing tambourine",
      "playing tennis",
      "playing theremin",
      "playing timbales",
      "playing timpani",
      "playing trombone",
      "playing trumpet",
      "playing tuning fork",
      "playing tympani",
      "playing ukulele",
      "playing vibraphone",
      "playing violin, fiddle",
      "playing volleyball",
      "playing washboard",
      "playing zither",
      "police car (siren)",
      "police radio chatter",
      "popping popcorn",
      "printer printing",
      "pumping water",
      "race car, auto racing",
      "railroad car, train wagon",
      "raining",
      "rapping",
      "reversing beeps",
      "ripping paper",
      "roller coaster running",
      "rope skipping",
      "rowboat, canoe, kayak rowing",
      "running electric fan",
      "sailing",
      "scuba diving",
      "sea lion barking",
      "sea waves",
      "sharpen knife",
      "sheep bleating",
      "shot football",
      "singing bowl",
      "singing choir",
      "skateboarding",
      "skidding",
      "skiing",
      "sliding door",
      "sloshing water",
      "slot machine",
      "smoke detector beeping",
      "snake hissing",
      "snake rattling",
      "splashing water",
      "spraying water",
      "squishing water",
      "stream burbling",
      "strike lighter",
      "striking bowling",
      "striking pool",
      "subway, metro, underground",
      "swimming",
      "tap dancing",
      "tapping guitar",
      "telephone bell ringing",
      "thunder",
      "toilet flushing",
      "tornado roaring",
      "tractor digging",
      "train horning",
      "train wheels squealing",
      "train whistling",
      "turkey gobbling",
      "typing on computer keyboard",
      "typing on typewriter",
      "underwater bubbling",
      "using sewing machines",
      "vacuum cleaner cleaning floors",
      "vehicle horn, car horn, honking",
      "volcano explosion",
      "warbler chirping",
      "waterfall burbling",
      "whale calling",
      "wind chime",
      "wind noise",
      "wind rustling leaves",
      "wood thrush calling",
      "woodpecker pecking tree",
      "writing on blackboard with chalk",
      "yodelling",
      "zebra braying"
    ],
    "video_dim": 1,
    "motion_dim": 1,
    "audio_dim": 4096
  }
}
{
  "experiment_id": "AF031",
  "finished_at": "2026-06-22 02:25:12",
  "model_type": "standard",
  "best_epoch": 430,
  "best_acc_selection_metric": 0.4444299589335767,
  "final_epoch": 450,
  "final_test_label_gibbs_acc": 0.4441040349390522,
  "full_eval_best_acc": 0.4431262629554788,
  "computed_dims": {
    "input_dim": 4096,
    "label_dim": 1545,
    "hidden_dim": 24576,
    "total_pbits": 30217,
    "num_classes": 309
  },
  "data_dims": {
    "feature_npz": "/home/Hongjie_Zeng/high_order_BM/data_vggsound_full/features/vggsound_full_audio_paperresnet50_lstm4096_chunks4_w500_h1024_seed123.npz",
    "train_size": 182615,
    "test_size": 15341,
    "num_classes": 309,
    "class_names": [
      "air conditioning noise",
      "air horn",
      "airplane",
      "airplane flyby",
      "alarm clock ringing",
      "alligators, crocodiles hissing",
      "ambulance siren",
      "arc welding",
      "baby babbling",
      "baby crying",
      "baby laughter",
      "baltimore oriole calling",
      "barn swallow calling",
      "basketball bounce",
      "bathroom ventilation fan running",
      "beat boxing",
      "bee, wasp, etc. buzzing",
      "bird chirping, tweeting",
      "bird squawking",
      "bird wings flapping",
      "black capped chickadee calling",
      "blowtorch igniting",
      "bouncing on trampoline",
      "bowling impact",
      "bull bellowing",
      "canary calling",
      "cap gun shooting",
      "car engine idling",
      "car engine knocking",
      "car engine starting",
      "car passing by",
      "cat caterwauling",
      "cat growling",
      "cat hissing",
      "cat meowing",
      "cat purring",
      "cattle mooing",
      "cattle, bovinae cowbell",
      "cell phone buzzing",
      "chainsawing trees",
      "cheetah chirrup",
      "chicken clucking",
      "chicken crowing",
      "child singing",
      "child speech, kid speaking",
      "children shouting",
      "chimpanzee pant-hooting",
      "chinchilla barking",
      "chipmunk chirping",
      "chopping food",
      "chopping wood",
      "church bell ringing",
      "civil defense siren",
      "cow lowing",
      "coyote howling",
      "cricket chirping",
      "crow cawing",
      "cuckoo bird calling",
      "cupboard opening or closing",
      "cutting hair with electric trimmers",
      "dinosaurs bellowing",
      "disc scratching",
      "dog barking",
      "dog baying",
      "dog bow-wow",
      "dog growling",
      "dog howling",
      "dog whimpering",
      "donkey, ass braying",
      "door slamming",
      "driving buses",
      "driving motorcycle",
      "driving snowmobile",
      "duck quacking",
      "eagle screaming",
      "eating with cutlery",
      "electric grinder grinding",
      "electric shaver, electric razor shaving",
      "elephant trumpeting",
      "eletric blender running",
      "elk bugling",
      "engine accelerating, revving, vroom",
      "female singing",
      "female speech, woman speaking",
      "ferret dooking",
      "fire crackling",
      "fire truck siren",
      "fireworks banging",
      "firing cannon",
      "firing muskets",
      "fly, housefly buzzing",
      "foghorn",
      "footsteps on snow",
      "forging swords",
      "fox barking",
      "francolin calling",
      "frog croaking",
      "gibbon howling",
      "goat bleating",
      "golf driving",
      "goose honking",
      "hail",
      "hair dryer drying",
      "hammering nails",
      "heart sounds, heartbeat",
      "hedge trimmer running",
      "helicopter",
      "horse clip-clop",
      "horse neighing",
      "ice cracking",
      "ice cream truck, ice cream van",
      "lathe spinning",
      "lawn mowing",
      "lighting firecrackers",
      "lions growling",
      "lions roaring",
      "lip smacking",
      "machine gun shooting",
      "magpie calling",
      "male singing",
      "male speech, man speaking",
      "metronome",
      "missile launch",
      "mosquito buzzing",
      "motorboat, speedboat acceleration",
      "mouse clicking",
      "mouse pattering",
      "mouse squeaking",
      "mynah bird singing",
      "ocean burbling",
      "opening or closing car doors",
      "opening or closing car electric windows",
      "opening or closing drawers",
      "orchestra",
      "otter growling",
      "owl hooting",
      "parrot talking",
      "penguins braying",
      "people babbling",
      "people battle cry",
      "people belly laughing",
      "people booing",
      "people burping",
      "people cheering",
      "people clapping",
      "people coughing",
      "people crowd",
      "people eating",
      "people eating apple",
      "people eating crisps",
      "people eating noodle",
      "people farting",
      "people finger snapping",
      "people gargling",
      "people giggling",
      "people hiccup",
      "people humming",
      "people marching",
      "people nose blowing",
      "people running",
      "people screaming",
      "people shuffling",
      "people slapping",
      "people slurping",
      "people sneezing",
      "people sniggering",
      "people sobbing",
      "people whispering",
      "people whistling",
      "pheasant crowing",
      "pig oinking",
      "pigeon, dove cooing",
      "planing timber",
      "plastic bottle crushing",
      "playing accordion",
      "playing acoustic guitar",
      "playing badminton",
      "playing bagpipes",
      "playing banjo",
      "playing bass drum",
      "playing bass guitar",
      "playing bassoon",
      "playing bongo",
      "playing bugle",
      "playing castanets",
      "playing cello",
      "playing clarinet",
      "playing congas",
      "playing cornet",
      "playing cymbal",
      "playing darts",
      "playing didgeridoo",
      "playing djembe",
      "playing double bass",
      "playing drum kit",
      "playing electric guitar",
      "playing electronic organ",
      "playing erhu",
      "playing flute",
      "playing french horn",
      "playing glockenspiel",
      "playing gong",
      "playing guiro",
      "playing hammond organ",
      "playing harmonica",
      "playing harp",
      "playing harpsichord",
      "playing hockey",
      "playing lacrosse",
      "playing mandolin",
      "playing marimba, xylophone",
      "playing oboe",
      "playing piano",
      "playing saxophone",
      "playing shofar",
      "playing sitar",
      "playing snare drum",
      "playing squash",
      "playing steel guitar, slide guitar",
      "playing steelpan",
      "playing synthesizer",
      "playing tabla",
      "playing table tennis",
      "playing tambourine",
      "playing tennis",
      "playing theremin",
      "playing timbales",
      "playing timpani",
      "playing trombone",
      "playing trumpet",
      "playing tuning fork",
      "playing tympani",
      "playing ukulele",
      "playing vibraphone",
      "playing violin, fiddle",
      "playing volleyball",
      "playing washboard",
      "playing zither",
      "police car (siren)",
      "police radio chatter",
      "popping popcorn",
      "printer printing",
      "pumping water",
      "race car, auto racing",
      "railroad car, train wagon",
      "raining",
      "rapping",
      "reversing beeps",
      "ripping paper",
      "roller coaster running",
      "rope skipping",
      "rowboat, canoe, kayak rowing",
      "running electric fan",
      "sailing",
      "scuba diving",
      "sea lion barking",
      "sea waves",
      "sharpen knife",
      "sheep bleating",
      "shot football",
      "singing bowl",
      "singing choir",
      "skateboarding",
      "skidding",
      "skiing",
      "sliding door",
      "sloshing water",
      "slot machine",
      "smoke detector beeping",
      "snake hissing",
      "snake rattling",
      "splashing water",
      "spraying water",
      "squishing water",
      "stream burbling",
      "strike lighter",
      "striking bowling",
      "striking pool",
      "subway, metro, underground",
      "swimming",
      "tap dancing",
      "tapping guitar",
      "telephone bell ringing",
      "thunder",
      "toilet flushing",
      "tornado roaring",
      "tractor digging",
      "train horning",
      "train wheels squealing",
      "train whistling",
      "turkey gobbling",
      "typing on computer keyboard",
      "typing on typewriter",
      "underwater bubbling",
      "using sewing machines",
      "vacuum cleaner cleaning floors",
      "vehicle horn, car horn, honking",
      "volcano explosion",
      "warbler chirping",
      "waterfall burbling",
      "whale calling",
      "wind chime",
      "wind noise",
      "wind rustling leaves",
      "wood thrush calling",
      "woodpecker pecking tree",
      "writing on blackboard with chalk",
      "yodelling",
      "zebra braying"
    ],
    "video_dim": 1,
    "motion_dim": 1,
    "audio_dim": 4096
  },
  "out_dir": "/home/Hongjie_Zeng/high_order_BM/runs_vggsound_full_AF031_standard_audio_paperresnet50_lstm4096_h6_lc5_e450"
}
