[data] train=182615 test=15341 classes=309 video=4096 motion=1 audio=4096 device=cuda
[model] twoport A=audio:4096 O=video:4096 label=1545 hidden=32768 total=38409
[epoch 321] loss=-10.7771 short_acc=0.9725
[epoch 322] loss=-10.7156 short_acc=0.9745
[epoch 323] loss=-10.6326 short_acc=0.9745
[epoch 324] loss=-10.0993 short_acc=0.9741
[epoch 325] loss=-10.0923 short_acc=0.9743 quick_test_acc=0.5769 ent=1.6464
[epoch 326] loss=-10.5488 short_acc=0.9744
[epoch 327] loss=-10.4824 short_acc=0.9748
[epoch 328] loss=-10.5253 short_acc=0.9749
[epoch 329] loss=-9.9686 short_acc=0.9752
[epoch 330] loss=-9.7751 short_acc=0.9746 quick_test_acc=0.5799 ent=1.6242
[epoch 331] loss=-10.1973 short_acc=0.9748
[epoch 332] loss=-10.1845 short_acc=0.9751
[epoch 333] loss=-10.3458 short_acc=0.9751
[epoch 334] loss=-9.8286 short_acc=0.9755
[epoch 335] loss=-9.7128 short_acc=0.9757 quick_test_acc=0.5783 ent=1.6116
[epoch 336] loss=-10.0301 short_acc=0.9759
[epoch 337] loss=-10.1283 short_acc=0.9766
[epoch 338] loss=-10.1621 short_acc=0.9762
[epoch 339] loss=-9.7813 short_acc=0.9762
[epoch 340] loss=-9.8538 short_acc=0.9760 quick_test_acc=0.5786 ent=1.5894
[epoch 341] loss=-10.0150 short_acc=0.9766
[epoch 342] loss=-10.0791 short_acc=0.9765
[epoch 343] loss=-9.7292 short_acc=0.9768
[epoch 344] loss=-9.6232 short_acc=0.9770
[epoch 345] loss=-9.8053 short_acc=0.9775 quick_test_acc=0.5797 ent=1.5727
[epoch 346] loss=-10.0273 short_acc=0.9771
[epoch 347] loss=-9.8026 short_acc=0.9771
[epoch 348] loss=-9.7499 short_acc=0.9774
[epoch 349] loss=-9.5844 short_acc=0.9775
[epoch 350] loss=-9.2547 short_acc=0.9778 quick_test_acc=0.5773 ent=1.5598
[epoch 351] loss=-9.9739 short_acc=0.9779
[epoch 352] loss=-9.7351 short_acc=0.9776
[epoch 353] loss=-9.6078 short_acc=0.9774
[epoch 354] loss=-9.1759 short_acc=0.9780
[epoch 355] loss=-9.0547 short_acc=0.9781 quick_test_acc=0.5805 ent=1.5488
[epoch 356] loss=-9.6150 short_acc=0.9781
[epoch 357] loss=-9.4207 short_acc=0.9788
[epoch 358] loss=-9.7370 short_acc=0.9784
[epoch 359] loss=-9.0491 short_acc=0.9782
[epoch 360] loss=-8.9562 short_acc=0.9785 quick_test_acc=0.5777 ent=1.5299
[epoch 361] loss=-9.4451 short_acc=0.9791
[epoch 362] loss=-9.4242 short_acc=0.9789
[epoch 363] loss=-9.2794 short_acc=0.9792
[epoch 364] loss=-8.9162 short_acc=0.9789
[epoch 365] loss=-8.8724 short_acc=0.9794 quick_test_acc=0.5787 ent=1.5181
[epoch 366] loss=-9.2832 short_acc=0.9794
[epoch 367] loss=-9.4308 short_acc=0.9794
[epoch 368] loss=-9.3992 short_acc=0.9794
[epoch 369] loss=-8.7222 short_acc=0.9790
[epoch 370] loss=-8.6938 short_acc=0.9798 quick_test_acc=0.5790 ent=1.5013
[epoch 371] loss=-9.4220 short_acc=0.9798
[epoch 372] loss=-9.2890 short_acc=0.9802
[epoch 373] loss=-9.2361 short_acc=0.9800
[epoch 374] loss=-8.6129 short_acc=0.9796
[epoch 375] loss=-8.7019 short_acc=0.9802 quick_test_acc=0.5794 ent=1.4811
[epoch 376] loss=-9.5692 short_acc=0.9801
[epoch 377] loss=-9.1447 short_acc=0.9800
[epoch 378] loss=-8.9726 short_acc=0.9803
[epoch 379] loss=-8.7352 short_acc=0.9800
[epoch 380] loss=-8.8186 short_acc=0.9807 quick_test_acc=0.5809 ent=1.4761
[epoch 381] loss=-9.0211 short_acc=0.9807
[epoch 382] loss=-9.0322 short_acc=0.9807
[epoch 383] loss=-8.9617 short_acc=0.9808
[epoch 384] loss=-8.5142 short_acc=0.9807
[epoch 385] loss=-8.6710 short_acc=0.9814 quick_test_acc=0.5794 ent=1.4666
[epoch 386] loss=-9.0583 short_acc=0.9810
[epoch 387] loss=-8.6104 short_acc=0.9810
[epoch 388] loss=-9.0101 short_acc=0.9809
[epoch 389] loss=-8.3651 short_acc=0.9809
[epoch 390] loss=-8.4711 short_acc=0.9810 quick_test_acc=0.5805 ent=1.4575
[epoch 391] loss=-8.9715 short_acc=0.9812
[epoch 392] loss=-9.0507 short_acc=0.9818
[epoch 393] loss=-9.0838 short_acc=0.9817
[epoch 394] loss=-8.5344 short_acc=0.9818
[epoch 395] loss=-8.4978 short_acc=0.9816 quick_test_acc=0.5803 ent=1.4428
[epoch 396] loss=-8.5947 short_acc=0.9817
[epoch 397] loss=-8.7589 short_acc=0.9817
[epoch 398] loss=-8.9905 short_acc=0.9818
[epoch 399] loss=-8.1047 short_acc=0.9821
[epoch 400] loss=-8.2752 short_acc=0.9823 quick_test_acc=0.5797 ent=1.4347
[epoch 401] loss=-8.6413 short_acc=0.9821
[epoch 402] loss=-8.8490 short_acc=0.9820
[epoch 403] loss=-8.8842 short_acc=0.9822
[epoch 404] loss=-8.3726 short_acc=0.9822
[epoch 405] loss=-8.7259 short_acc=0.9822 quick_test_acc=0.5809 ent=1.4279
[epoch 406] loss=-9.1086 short_acc=0.9821
[epoch 407] loss=-8.6417 short_acc=0.9824
[epoch 408] loss=-8.6961 short_acc=0.9828
[epoch 409] loss=-8.3732 short_acc=0.9823
[epoch 410] loss=-8.3207 short_acc=0.9821 quick_test_acc=0.5826 ent=1.4162
[epoch 411] loss=-8.6767 short_acc=0.9825
[epoch 412] loss=-8.9305 short_acc=0.9823
[epoch 413] loss=-8.7741 short_acc=0.9828
[epoch 414] loss=-8.1756 short_acc=0.9825
[epoch 415] loss=-8.3641 short_acc=0.9828 quick_test_acc=0.5801 ent=1.4031
[epoch 416] loss=-8.7444 short_acc=0.9826
[epoch 417] loss=-8.3140 short_acc=0.9831
[epoch 418] loss=-8.6159 short_acc=0.9831
[epoch 419] loss=-8.1630 short_acc=0.9829
[epoch 420] loss=-8.0661 short_acc=0.9831 quick_test_acc=0.5803 ent=1.4012
[full_eval_best] {
  "created_at": "2026-06-27 07:04:17",
  "ckpt": "/home/Hongjie_Zeng/high_order_BM/runs_vggsound_full_AV018_av016_warm_gamma110_li030_cd3_e420_b16/best.pt",
  "ckpt_epoch": 410,
  "ckpt_best_acc": 0.58255654781305,
  "eval_steps": 3000,
  "eval_burn_in": 500,
  "eval_thin": 2,
  "test_label_gibbs_acc": 0.5817743302261913,
  "test_label_entropy": 1.4250103066499589,
  "computed_dims": {
    "image_dim": 4096,
    "audio_dim": 4096,
    "label_dim": 1545,
    "hidden_dim": 32768,
    "total_pbits": 38409,
    "num_classes": 309
  },
  "data_dims": {
    "feature_npz": "/home/Hongjie_Zeng/high_order_BM/data_vggsound_full/features/vggsound_full_aligned_videolstm4096_audioaf031_lstm4096_seed123.npz",
    "train_size": 182615,
    "test_size": 15341,
    "num_classes": 309,
    "class_names": [
      "air conditioning noise",
      "air horn",
      "airplane",
      "airplane flyby",
      "alarm clock ringing",
      "alligators, crocodiles hissing",
      "ambulance siren",
      "arc welding",
      "baby babbling",
      "baby crying",
      "baby laughter",
      "baltimore oriole calling",
      "barn swallow calling",
      "basketball bounce",
      "bathroom ventilation fan running",
      "beat boxing",
      "bee, wasp, etc. buzzing",
      "bird chirping, tweeting",
      "bird squawking",
      "bird wings flapping",
      "black capped chickadee calling",
      "blowtorch igniting",
      "bouncing on trampoline",
      "bowling impact",
      "bull bellowing",
      "canary calling",
      "cap gun shooting",
      "car engine idling",
      "car engine knocking",
      "car engine starting",
      "car passing by",
      "cat caterwauling",
      "cat growling",
      "cat hissing",
      "cat meowing",
      "cat purring",
      "cattle mooing",
      "cattle, bovinae cowbell",
      "cell phone buzzing",
      "chainsawing trees",
      "cheetah chirrup",
      "chicken clucking",
      "chicken crowing",
      "child singing",
      "child speech, kid speaking",
      "children shouting",
      "chimpanzee pant-hooting",
      "chinchilla barking",
      "chipmunk chirping",
      "chopping food",
      "chopping wood",
      "church bell ringing",
      "civil defense siren",
      "cow lowing",
      "coyote howling",
      "cricket chirping",
      "crow cawing",
      "cuckoo bird calling",
      "cupboard opening or closing",
      "cutting hair with electric trimmers",
      "dinosaurs bellowing",
      "disc scratching",
      "dog barking",
      "dog baying",
      "dog bow-wow",
      "dog growling",
      "dog howling",
      "dog whimpering",
      "donkey, ass braying",
      "door slamming",
      "driving buses",
      "driving motorcycle",
      "driving snowmobile",
      "duck quacking",
      "eagle screaming",
      "eating with cutlery",
      "electric grinder grinding",
      "electric shaver, electric razor shaving",
      "elephant trumpeting",
      "eletric blender running",
      "elk bugling",
      "engine accelerating, revving, vroom",
      "female singing",
      "female speech, woman speaking",
      "ferret dooking",
      "fire crackling",
      "fire truck siren",
      "fireworks banging",
      "firing cannon",
      "firing muskets",
      "fly, housefly buzzing",
      "foghorn",
      "footsteps on snow",
      "forging swords",
      "fox barking",
      "francolin calling",
      "frog croaking",
      "gibbon howling",
      "goat bleating",
      "golf driving",
      "goose honking",
      "hail",
      "hair dryer drying",
      "hammering nails",
      "heart sounds, heartbeat",
      "hedge trimmer running",
      "helicopter",
      "horse clip-clop",
      "horse neighing",
      "ice cracking",
      "ice cream truck, ice cream van",
      "lathe spinning",
      "lawn mowing",
      "lighting firecrackers",
      "lions growling",
      "lions roaring",
      "lip smacking",
      "machine gun shooting",
      "magpie calling",
      "male singing",
      "male speech, man speaking",
      "metronome",
      "missile launch",
      "mosquito buzzing",
      "motorboat, speedboat acceleration",
      "mouse clicking",
      "mouse pattering",
      "mouse squeaking",
      "mynah bird singing",
      "ocean burbling",
      "opening or closing car doors",
      "opening or closing car electric windows",
      "opening or closing drawers",
      "orchestra",
      "otter growling",
      "owl hooting",
      "parrot talking",
      "penguins braying",
      "people babbling",
      "people battle cry",
      "people belly laughing",
      "people booing",
      "people burping",
      "people cheering",
      "people clapping",
      "people coughing",
      "people crowd",
      "people eating",
      "people eating apple",
      "people eating crisps",
      "people eating noodle",
      "people farting",
      "people finger snapping",
      "people gargling",
      "people giggling",
      "people hiccup",
      "people humming",
      "people marching",
      "people nose blowing",
      "people running",
      "people screaming",
      "people shuffling",
      "people slapping",
      "people slurping",
      "people sneezing",
      "people sniggering",
      "people sobbing",
      "people whispering",
      "people whistling",
      "pheasant crowing",
      "pig oinking",
      "pigeon, dove cooing",
      "planing timber",
      "plastic bottle crushing",
      "playing accordion",
      "playing acoustic guitar",
      "playing badminton",
      "playing bagpipes",
      "playing banjo",
      "playing bass drum",
      "playing bass guitar",
      "playing bassoon",
      "playing bongo",
      "playing bugle",
      "playing castanets",
      "playing cello",
      "playing clarinet",
      "playing congas",
      "playing cornet",
      "playing cymbal",
      "playing darts",
      "playing didgeridoo",
      "playing djembe",
      "playing double bass",
      "playing drum kit",
      "playing electric guitar",
      "playing electronic organ",
      "playing erhu",
      "playing flute",
      "playing french horn",
      "playing glockenspiel",
      "playing gong",
      "playing guiro",
      "playing hammond organ",
      "playing harmonica",
      "playing harp",
      "playing harpsichord",
      "playing hockey",
      "playing lacrosse",
      "playing mandolin",
      "playing marimba, xylophone",
      "playing oboe",
      "playing piano",
      "playing saxophone",
      "playing shofar",
      "playing sitar",
      "playing snare drum",
      "playing squash",
      "playing steel guitar, slide guitar",
      "playing steelpan",
      "playing synthesizer",
      "playing tabla",
      "playing table tennis",
      "playing tambourine",
      "playing tennis",
      "playing theremin",
      "playing timbales",
      "playing timpani",
      "playing trombone",
      "playing trumpet",
      "playing tuning fork",
      "playing tympani",
      "playing ukulele",
      "playing vibraphone",
      "playing violin, fiddle",
      "playing volleyball",
      "playing washboard",
      "playing zither",
      "police car (siren)",
      "police radio chatter",
      "popping popcorn",
      "printer printing",
      "pumping water",
      "race car, auto racing",
      "railroad car, train wagon",
      "raining",
      "rapping",
      "reversing beeps",
      "ripping paper",
      "roller coaster running",
      "rope skipping",
      "rowboat, canoe, kayak rowing",
      "running electric fan",
      "sailing",
      "scuba diving",
      "sea lion barking",
      "sea waves",
      "sharpen knife",
      "sheep bleating",
      "shot football",
      "singing bowl",
      "singing choir",
      "skateboarding",
      "skidding",
      "skiing",
      "sliding door",
      "sloshing water",
      "slot machine",
      "smoke detector beeping",
      "snake hissing",
      "snake rattling",
      "splashing water",
      "spraying water",
      "squishing water",
      "stream burbling",
      "strike lighter",
      "striking bowling",
      "striking pool",
      "subway, metro, underground",
      "swimming",
      "tap dancing",
      "tapping guitar",
      "telephone bell ringing",
      "thunder",
      "toilet flushing",
      "tornado roaring",
      "tractor digging",
      "train horning",
      "train wheels squealing",
      "train whistling",
      "turkey gobbling",
      "typing on computer keyboard",
      "typing on typewriter",
      "underwater bubbling",
      "using sewing machines",
      "vacuum cleaner cleaning floors",
      "vehicle horn, car horn, honking",
      "volcano explosion",
      "warbler chirping",
      "waterfall burbling",
      "whale calling",
      "wind chime",
      "wind noise",
      "wind rustling leaves",
      "wood thrush calling",
      "woodpecker pecking tree",
      "writing on blackboard with chalk",
      "yodelling",
      "zebra braying"
    ],
    "video_dim": 4096,
    "motion_dim": 1,
    "audio_dim": 4096
  }
}
{
  "experiment_id": "AV018",
  "finished_at": "2026-06-27 07:04:17",
  "model_type": "twoport",
  "best_epoch": 410,
  "best_acc_selection_metric": 0.58255654781305,
  "final_epoch": 420,
  "final_test_label_gibbs_acc": 0.5802750798513786,
  "full_eval_best_acc": 0.5817743302261913,
  "computed_dims": {
    "image_dim": 4096,
    "audio_dim": 4096,
    "label_dim": 1545,
    "hidden_dim": 32768,
    "total_pbits": 38409,
    "num_classes": 309
  },
  "data_dims": {
    "feature_npz": "/home/Hongjie_Zeng/high_order_BM/data_vggsound_full/features/vggsound_full_aligned_videolstm4096_audioaf031_lstm4096_seed123.npz",
    "train_size": 182615,
    "test_size": 15341,
    "num_classes": 309,
    "class_names": [
      "air conditioning noise",
      "air horn",
      "airplane",
      "airplane flyby",
      "alarm clock ringing",
      "alligators, crocodiles hissing",
      "ambulance siren",
      "arc welding",
      "baby babbling",
      "baby crying",
      "baby laughter",
      "baltimore oriole calling",
      "barn swallow calling",
      "basketball bounce",
      "bathroom ventilation fan running",
      "beat boxing",
      "bee, wasp, etc. buzzing",
      "bird chirping, tweeting",
      "bird squawking",
      "bird wings flapping",
      "black capped chickadee calling",
      "blowtorch igniting",
      "bouncing on trampoline",
      "bowling impact",
      "bull bellowing",
      "canary calling",
      "cap gun shooting",
      "car engine idling",
      "car engine knocking",
      "car engine starting",
      "car passing by",
      "cat caterwauling",
      "cat growling",
      "cat hissing",
      "cat meowing",
      "cat purring",
      "cattle mooing",
      "cattle, bovinae cowbell",
      "cell phone buzzing",
      "chainsawing trees",
      "cheetah chirrup",
      "chicken clucking",
      "chicken crowing",
      "child singing",
      "child speech, kid speaking",
      "children shouting",
      "chimpanzee pant-hooting",
      "chinchilla barking",
      "chipmunk chirping",
      "chopping food",
      "chopping wood",
      "church bell ringing",
      "civil defense siren",
      "cow lowing",
      "coyote howling",
      "cricket chirping",
      "crow cawing",
      "cuckoo bird calling",
      "cupboard opening or closing",
      "cutting hair with electric trimmers",
      "dinosaurs bellowing",
      "disc scratching",
      "dog barking",
      "dog baying",
      "dog bow-wow",
      "dog growling",
      "dog howling",
      "dog whimpering",
      "donkey, ass braying",
      "door slamming",
      "driving buses",
      "driving motorcycle",
      "driving snowmobile",
      "duck quacking",
      "eagle screaming",
      "eating with cutlery",
      "electric grinder grinding",
      "electric shaver, electric razor shaving",
      "elephant trumpeting",
      "eletric blender running",
      "elk bugling",
      "engine accelerating, revving, vroom",
      "female singing",
      "female speech, woman speaking",
      "ferret dooking",
      "fire crackling",
      "fire truck siren",
      "fireworks banging",
      "firing cannon",
      "firing muskets",
      "fly, housefly buzzing",
      "foghorn",
      "footsteps on snow",
      "forging swords",
      "fox barking",
      "francolin calling",
      "frog croaking",
      "gibbon howling",
      "goat bleating",
      "golf driving",
      "goose honking",
      "hail",
      "hair dryer drying",
      "hammering nails",
      "heart sounds, heartbeat",
      "hedge trimmer running",
      "helicopter",
      "horse clip-clop",
      "horse neighing",
      "ice cracking",
      "ice cream truck, ice cream van",
      "lathe spinning",
      "lawn mowing",
      "lighting firecrackers",
      "lions growling",
      "lions roaring",
      "lip smacking",
      "machine gun shooting",
      "magpie calling",
      "male singing",
      "male speech, man speaking",
      "metronome",
      "missile launch",
      "mosquito buzzing",
      "motorboat, speedboat acceleration",
      "mouse clicking",
      "mouse pattering",
      "mouse squeaking",
      "mynah bird singing",
      "ocean burbling",
      "opening or closing car doors",
      "opening or closing car electric windows",
      "opening or closing drawers",
      "orchestra",
      "otter growling",
      "owl hooting",
      "parrot talking",
      "penguins braying",
      "people babbling",
      "people battle cry",
      "people belly laughing",
      "people booing",
      "people burping",
      "people cheering",
      "people clapping",
      "people coughing",
      "people crowd",
      "people eating",
      "people eating apple",
      "people eating crisps",
      "people eating noodle",
      "people farting",
      "people finger snapping",
      "people gargling",
      "people giggling",
      "people hiccup",
      "people humming",
      "people marching",
      "people nose blowing",
      "people running",
      "people screaming",
      "people shuffling",
      "people slapping",
      "people slurping",
      "people sneezing",
      "people sniggering",
      "people sobbing",
      "people whispering",
      "people whistling",
      "pheasant crowing",
      "pig oinking",
      "pigeon, dove cooing",
      "planing timber",
      "plastic bottle crushing",
      "playing accordion",
      "playing acoustic guitar",
      "playing badminton",
      "playing bagpipes",
      "playing banjo",
      "playing bass drum",
      "playing bass guitar",
      "playing bassoon",
      "playing bongo",
      "playing bugle",
      "playing castanets",
      "playing cello",
      "playing clarinet",
      "playing congas",
      "playing cornet",
      "playing cymbal",
      "playing darts",
      "playing didgeridoo",
      "playing djembe",
      "playing double bass",
      "playing drum kit",
      "playing electric guitar",
      "playing electronic organ",
      "playing erhu",
      "playing flute",
      "playing french horn",
      "playing glockenspiel",
      "playing gong",
      "playing guiro",
      "playing hammond organ",
      "playing harmonica",
      "playing harp",
      "playing harpsichord",
      "playing hockey",
      "playing lacrosse",
      "playing mandolin",
      "playing marimba, xylophone",
      "playing oboe",
      "playing piano",
      "playing saxophone",
      "playing shofar",
      "playing sitar",
      "playing snare drum",
      "playing squash",
      "playing steel guitar, slide guitar",
      "playing steelpan",
      "playing synthesizer",
      "playing tabla",
      "playing table tennis",
      "playing tambourine",
      "playing tennis",
      "playing theremin",
      "playing timbales",
      "playing timpani",
      "playing trombone",
      "playing trumpet",
      "playing tuning fork",
      "playing tympani",
      "playing ukulele",
      "playing vibraphone",
      "playing violin, fiddle",
      "playing volleyball",
      "playing washboard",
      "playing zither",
      "police car (siren)",
      "police radio chatter",
      "popping popcorn",
      "printer printing",
      "pumping water",
      "race car, auto racing",
      "railroad car, train wagon",
      "raining",
      "rapping",
      "reversing beeps",
      "ripping paper",
      "roller coaster running",
      "rope skipping",
      "rowboat, canoe, kayak rowing",
      "running electric fan",
      "sailing",
      "scuba diving",
      "sea lion barking",
      "sea waves",
      "sharpen knife",
      "sheep bleating",
      "shot football",
      "singing bowl",
      "singing choir",
      "skateboarding",
      "skidding",
      "skiing",
      "sliding door",
      "sloshing water",
      "slot machine",
      "smoke detector beeping",
      "snake hissing",
      "snake rattling",
      "splashing water",
      "spraying water",
      "squishing water",
      "stream burbling",
      "strike lighter",
      "striking bowling",
      "striking pool",
      "subway, metro, underground",
      "swimming",
      "tap dancing",
      "tapping guitar",
      "telephone bell ringing",
      "thunder",
      "toilet flushing",
      "tornado roaring",
      "tractor digging",
      "train horning",
      "train wheels squealing",
      "train whistling",
      "turkey gobbling",
      "typing on computer keyboard",
      "typing on typewriter",
      "underwater bubbling",
      "using sewing machines",
      "vacuum cleaner cleaning floors",
      "vehicle horn, car horn, honking",
      "volcano explosion",
      "warbler chirping",
      "waterfall burbling",
      "whale calling",
      "wind chime",
      "wind noise",
      "wind rustling leaves",
      "wood thrush calling",
      "woodpecker pecking tree",
      "writing on blackboard with chalk",
      "yodelling",
      "zebra braying"
    ],
    "video_dim": 4096,
    "motion_dim": 1,
    "audio_dim": 4096
  },
  "out_dir": "/home/Hongjie_Zeng/high_order_BM/runs_vggsound_full_AV018_av016_warm_gamma110_li030_cd3_e420_b16"
}
