[2026-06-24 16:59:01] phase1 video sequence rows=98978 classes=309 shard=1/2 source_rows=197957 encoder=resnet50 frames=32 size=320 mode=center_crop device=cuda:1
[2026-06-24 16:59:01] processed 1/98978 ok=1 failures=0
[2026-06-24 16:59:59] processed 250/98978 ok=250 failures=0
[2026-06-24 17:00:54] processed 500/98978 ok=500 failures=0
[2026-06-24 17:01:56] processed 750/98978 ok=750 failures=0
[2026-06-24 17:02:49] processed 1000/98978 ok=1000 failures=0
[2026-06-24 17:03:52] processed 1250/98978 ok=1250 failures=0
[2026-06-24 17:05:11] processed 1500/98978 ok=1500 failures=0
[2026-06-24 17:06:16] processed 1750/98978 ok=1750 failures=0
[2026-06-24 17:07:31] processed 2000/98978 ok=2000 failures=0
[2026-06-24 17:08:36] processed 2250/98978 ok=2250 failures=0
[2026-06-24 17:09:51] processed 2500/98978 ok=2500 failures=0
[2026-06-24 17:10:58] processed 2750/98978 ok=2750 failures=0
[2026-06-24 17:12:01] processed 3000/98978 ok=3000 failures=0
[2026-06-24 17:13:04] processed 3250/98978 ok=3250 failures=0
[2026-06-24 17:14:05] processed 3500/98978 ok=3500 failures=0
[2026-06-24 17:15:10] processed 3750/98978 ok=3750 failures=0
[2026-06-24 17:16:08] processed 4000/98978 ok=4000 failures=0
[2026-06-24 17:17:05] processed 4250/98978 ok=4250 failures=0
[2026-06-24 17:18:00] processed 4500/98978 ok=4500 failures=0
[2026-06-24 17:18:55] processed 4750/98978 ok=4750 failures=0
[2026-06-24 17:19:53] processed 5000/98978 ok=5000 failures=0
[2026-06-24 17:20:55] processed 5250/98978 ok=5250 failures=0
[2026-06-24 17:21:53] processed 5500/98978 ok=5500 failures=0
[2026-06-24 17:22:54] processed 5750/98978 ok=5750 failures=0
[2026-06-24 17:23:57] processed 6000/98978 ok=6000 failures=0
[2026-06-24 17:25:07] processed 6250/98978 ok=6250 failures=0
[2026-06-24 17:26:27] processed 6500/98978 ok=6500 failures=0
[2026-06-24 17:27:38] processed 6750/98978 ok=6750 failures=0
[2026-06-24 17:28:49] processed 7000/98978 ok=7000 failures=0
[2026-06-24 17:29:56] processed 7250/98978 ok=7250 failures=0
[2026-06-24 17:31:10] processed 7500/98978 ok=7500 failures=0
[2026-06-24 17:32:23] processed 7750/98978 ok=7750 failures=0
[2026-06-24 17:33:46] processed 8000/98978 ok=8000 failures=0
[2026-06-24 17:35:02] processed 8250/98978 ok=8250 failures=0
[2026-06-24 17:36:14] processed 8500/98978 ok=8500 failures=0
[2026-06-24 17:37:34] processed 8750/98978 ok=8750 failures=0
[2026-06-24 17:38:59] processed 9000/98978 ok=9000 failures=0
[2026-06-24 17:40:21] processed 9250/98978 ok=9250 failures=0
[2026-06-24 17:41:45] processed 9500/98978 ok=9500 failures=0
[2026-06-24 17:43:06] processed 9750/98978 ok=9750 failures=0
[2026-06-24 17:44:15] processed 10000/98978 ok=10000 failures=0
[2026-06-24 17:45:20] processed 10250/98978 ok=10250 failures=0
[2026-06-24 17:46:41] processed 10500/98978 ok=10500 failures=0
[2026-06-24 17:48:10] processed 10750/98978 ok=10750 failures=0
[2026-06-24 17:50:07] processed 11000/98978 ok=11000 failures=0
[2026-06-24 17:51:48] processed 11250/98978 ok=11250 failures=0
[2026-06-24 17:53:34] processed 11500/98978 ok=11500 failures=0
[2026-06-24 17:55:08] processed 11750/98978 ok=11750 failures=0
[2026-06-24 17:56:33] processed 12000/98978 ok=12000 failures=0
[2026-06-24 17:58:03] processed 12250/98978 ok=12250 failures=0
[2026-06-24 17:59:29] processed 12500/98978 ok=12500 failures=0
[2026-06-24 18:00:49] processed 12750/98978 ok=12750 failures=0
[2026-06-24 18:02:17] processed 13000/98978 ok=13000 failures=0
[2026-06-24 18:03:49] processed 13250/98978 ok=13250 failures=0
[2026-06-24 18:05:17] processed 13500/98978 ok=13500 failures=0
[2026-06-24 18:07:03] processed 13750/98978 ok=13750 failures=0
[2026-06-24 18:08:42] processed 14000/98978 ok=14000 failures=0
[2026-06-24 18:10:00] processed 14250/98978 ok=14250 failures=0
[2026-06-24 18:11:16] processed 14500/98978 ok=14500 failures=0
[2026-06-24 18:12:56] processed 14750/98978 ok=14750 failures=0
[2026-06-24 18:14:37] processed 15000/98978 ok=15000 failures=0
[2026-06-24 18:15:56] processed 15250/98978 ok=15250 failures=0
[2026-06-24 18:17:47] processed 15500/98978 ok=15500 failures=0
[2026-06-24 18:19:26] processed 15750/98978 ok=15750 failures=0
[2026-06-24 18:20:51] processed 16000/98978 ok=16000 failures=0
[2026-06-24 18:22:00] processed 16250/98978 ok=16250 failures=0
[2026-06-24 18:23:23] processed 16500/98978 ok=16500 failures=0
[2026-06-24 18:24:42] processed 16750/98978 ok=16750 failures=0
[2026-06-24 18:26:30] processed 17000/98978 ok=17000 failures=0
[2026-06-24 18:28:01] processed 17250/98978 ok=17250 failures=0
[2026-06-24 18:29:27] processed 17500/98978 ok=17500 failures=0
[2026-06-24 18:31:04] processed 17750/98978 ok=17750 failures=0
[2026-06-24 18:32:36] processed 18000/98978 ok=18000 failures=0
[2026-06-24 18:34:12] processed 18250/98978 ok=18250 failures=0
[2026-06-24 18:35:41] processed 18500/98978 ok=18500 failures=0
[2026-06-24 18:37:12] processed 18750/98978 ok=18750 failures=0
[2026-06-24 18:38:46] processed 19000/98978 ok=19000 failures=0
[2026-06-24 18:40:20] processed 19250/98978 ok=19250 failures=0
[2026-06-24 18:41:31] processed 19500/98978 ok=19500 failures=0
[2026-06-24 18:42:48] processed 19750/98978 ok=19750 failures=0
[2026-06-24 18:43:59] processed 20000/98978 ok=20000 failures=0
[2026-06-24 18:45:19] processed 20250/98978 ok=20250 failures=0
[2026-06-24 18:46:52] processed 20500/98978 ok=20500 failures=0
[2026-06-24 18:48:51] processed 20750/98978 ok=20750 failures=0
[2026-06-24 18:50:27] processed 21000/98978 ok=21000 failures=0
[2026-06-24 18:52:04] processed 21250/98978 ok=21250 failures=0
[2026-06-24 18:53:53] processed 21500/98978 ok=21500 failures=0
[2026-06-24 18:55:36] processed 21750/98978 ok=21750 failures=0
[2026-06-24 18:57:11] processed 22000/98978 ok=22000 failures=0
[2026-06-24 18:58:56] processed 22250/98978 ok=22250 failures=0
[2026-06-24 19:00:33] processed 22500/98978 ok=22500 failures=0
[2026-06-24 19:02:24] processed 22750/98978 ok=22750 failures=0
[2026-06-24 19:04:01] processed 23000/98978 ok=23000 failures=0
[2026-06-24 19:05:36] processed 23250/98978 ok=23250 failures=0
[2026-06-24 19:07:16] processed 23500/98978 ok=23500 failures=0
[2026-06-24 19:08:22] processed 23750/98978 ok=23750 failures=0
[2026-06-24 19:09:41] processed 24000/98978 ok=24000 failures=0
[2026-06-24 19:10:55] processed 24250/98978 ok=24250 failures=0
[2026-06-24 19:12:12] processed 24500/98978 ok=24500 failures=0
[2026-06-24 19:13:35] processed 24750/98978 ok=24750 failures=0
[2026-06-24 19:15:01] processed 25000/98978 ok=25000 failures=0
[2026-06-24 19:16:31] processed 25250/98978 ok=25250 failures=0
[2026-06-24 19:17:52] processed 25500/98978 ok=25500 failures=0
[2026-06-24 19:19:08] processed 25750/98978 ok=25750 failures=0
[2026-06-24 19:20:39] processed 26000/98978 ok=26000 failures=0
[2026-06-24 19:22:07] processed 26250/98978 ok=26250 failures=0
[2026-06-24 19:23:31] processed 26500/98978 ok=26500 failures=0
[2026-06-24 19:25:00] processed 26750/98978 ok=26750 failures=0
[2026-06-24 19:26:38] processed 27000/98978 ok=27000 failures=0
[2026-06-24 19:28:13] processed 27250/98978 ok=27250 failures=0
[2026-06-24 19:29:33] processed 27500/98978 ok=27500 failures=0
[2026-06-24 19:31:25] processed 27750/98978 ok=27750 failures=0
[2026-06-24 19:33:08] processed 28000/98978 ok=28000 failures=0
[2026-06-24 19:34:53] processed 28250/98978 ok=28250 failures=0
[2026-06-24 19:36:40] processed 28500/98978 ok=28500 failures=0
[2026-06-24 19:38:20] processed 28750/98978 ok=28750 failures=0
[2026-06-24 19:39:47] processed 29000/98978 ok=29000 failures=0
[2026-06-24 19:41:04] processed 29250/98978 ok=29250 failures=0
[2026-06-24 19:42:14] processed 29500/98978 ok=29500 failures=0
[2026-06-24 19:43:19] processed 29750/98978 ok=29750 failures=0
[2026-06-24 19:44:27] processed 30000/98978 ok=30000 failures=0
[2026-06-24 19:45:58] processed 30250/98978 ok=30250 failures=0
[2026-06-24 19:47:52] processed 30500/98978 ok=30500 failures=0
[2026-06-24 19:49:48] processed 30750/98978 ok=30750 failures=0
[2026-06-24 19:51:27] processed 31000/98978 ok=31000 failures=0
[2026-06-24 19:52:54] processed 31250/98978 ok=31250 failures=0
[2026-06-24 19:54:23] processed 31500/98978 ok=31500 failures=0
[2026-06-24 19:56:08] processed 31750/98978 ok=31750 failures=0
[2026-06-24 19:57:44] processed 32000/98978 ok=32000 failures=0
[2026-06-24 19:59:22] processed 32250/98978 ok=32250 failures=0
[2026-06-24 20:01:07] processed 32500/98978 ok=32500 failures=0
[2026-06-24 20:02:38] processed 32750/98978 ok=32750 failures=0
[2026-06-24 20:04:25] processed 33000/98978 ok=33000 failures=0
[2026-06-24 20:06:10] processed 33250/98978 ok=33250 failures=0
[2026-06-24 20:07:58] processed 33500/98978 ok=33500 failures=0
[2026-06-24 20:09:39] processed 33750/98978 ok=33750 failures=0
[2026-06-24 20:11:26] processed 34000/98978 ok=34000 failures=0
[2026-06-24 20:12:50] processed 34250/98978 ok=34250 failures=0
[2026-06-24 20:14:20] processed 34500/98978 ok=34500 failures=0
[2026-06-24 20:16:07] processed 34750/98978 ok=34750 failures=0
[2026-06-24 20:17:27] processed 35000/98978 ok=35000 failures=0
[2026-06-24 20:19:02] processed 35250/98978 ok=35250 failures=0
[2026-06-24 20:20:17] processed 35500/98978 ok=35500 failures=0
[2026-06-24 20:21:30] processed 35750/98978 ok=35750 failures=0
[2026-06-24 20:22:45] processed 36000/98978 ok=36000 failures=0
[2026-06-24 20:24:21] processed 36250/98978 ok=36250 failures=0
[2026-06-24 20:26:16] processed 36500/98978 ok=36500 failures=0
[2026-06-24 20:28:07] processed 36750/98978 ok=36750 failures=0
[2026-06-24 20:29:52] processed 37000/98978 ok=37000 failures=0
[2026-06-24 20:31:31] processed 37250/98978 ok=37250 failures=0
[2026-06-24 20:33:12] processed 37500/98978 ok=37500 failures=0
[2026-06-24 20:35:02] processed 37750/98978 ok=37750 failures=0
[2026-06-24 20:36:50] processed 38000/98978 ok=38000 failures=0
[2026-06-24 20:38:33] processed 38250/98978 ok=38250 failures=0
[2026-06-24 20:40:22] processed 38500/98978 ok=38500 failures=0
[2026-06-24 20:42:12] processed 38750/98978 ok=38750 failures=0
[2026-06-24 20:44:07] processed 39000/98978 ok=39000 failures=0
[2026-06-24 20:46:01] processed 39250/98978 ok=39250 failures=0
[2026-06-24 20:47:53] processed 39500/98978 ok=39500 failures=0
[2026-06-24 20:49:17] processed 39750/98978 ok=39750 failures=0
[2026-06-24 20:50:32] processed 40000/98978 ok=40000 failures=0
[2026-06-24 20:51:56] processed 40250/98978 ok=40250 failures=0
[2026-06-24 20:53:27] processed 40500/98978 ok=40500 failures=0
[2026-06-24 20:55:21] processed 40750/98978 ok=40750 failures=0
[2026-06-24 20:57:05] processed 41000/98978 ok=41000 failures=0
[2026-06-24 20:58:44] processed 41250/98978 ok=41250 failures=0
[2026-06-24 21:00:05] processed 41500/98978 ok=41500 failures=0
[2026-06-24 21:01:43] processed 41750/98978 ok=41750 failures=0
[2026-06-24 21:03:39] processed 42000/98978 ok=42000 failures=0
[2026-06-24 21:05:07] processed 42250/98978 ok=42250 failures=0
[2026-06-24 21:06:46] processed 42500/98978 ok=42500 failures=0
[2026-06-24 21:08:31] processed 42750/98978 ok=42750 failures=0
[2026-06-24 21:10:01] processed 43000/98978 ok=43000 failures=0
[2026-06-24 21:12:01] processed 43250/98978 ok=43250 failures=0
[2026-06-24 21:14:01] processed 43500/98978 ok=43500 failures=0
[2026-06-24 21:15:39] processed 43750/98978 ok=43750 failures=0
[2026-06-24 21:17:03] processed 44000/98978 ok=44000 failures=0
[2026-06-24 21:18:41] processed 44250/98978 ok=44250 failures=0
[2026-06-24 21:20:29] processed 44500/98978 ok=44500 failures=0
[2026-06-24 21:22:25] processed 44750/98978 ok=44750 failures=0
[2026-06-24 21:24:14] processed 45000/98978 ok=45000 failures=0
[2026-06-24 21:25:29] processed 45250/98978 ok=45250 failures=0
[2026-06-24 21:27:07] processed 45500/98978 ok=45500 failures=0
[2026-06-24 21:28:42] processed 45750/98978 ok=45750 failures=0
[2026-06-24 21:30:35] processed 46000/98978 ok=46000 failures=0
[2026-06-24 21:32:32] processed 46250/98978 ok=46250 failures=0
[2026-06-24 21:34:13] processed 46500/98978 ok=46500 failures=0
[2026-06-24 21:36:17] processed 46750/98978 ok=46750 failures=0
[2026-06-24 21:38:14] processed 47000/98978 ok=47000 failures=0
[2026-06-24 21:39:39] processed 47250/98978 ok=47250 failures=0
[2026-06-24 21:41:26] processed 47500/98978 ok=47500 failures=0
[2026-06-24 21:43:27] processed 47750/98978 ok=47750 failures=0
[2026-06-24 21:45:16] processed 48000/98978 ok=48000 failures=0
[2026-06-24 21:47:07] processed 48250/98978 ok=48250 failures=0
[2026-06-24 21:49:16] processed 48500/98978 ok=48500 failures=0
[2026-06-24 21:51:25] processed 48750/98978 ok=48750 failures=0
[2026-06-24 21:53:14] processed 49000/98978 ok=49000 failures=0
[2026-06-24 21:55:13] processed 49250/98978 ok=49250 failures=0
[2026-06-24 21:56:49] processed 49500/98978 ok=49500 failures=0
[2026-06-24 21:58:38] processed 49750/98978 ok=49750 failures=0
[2026-06-24 22:00:59] processed 50000/98978 ok=50000 failures=0
[2026-06-24 22:03:09] processed 50250/98978 ok=50250 failures=0
[2026-06-24 22:04:56] processed 50500/98978 ok=50500 failures=0
[2026-06-24 22:06:33] processed 50750/98978 ok=50750 failures=0
[2026-06-24 22:08:08] processed 51000/98978 ok=51000 failures=0
[2026-06-24 22:10:30] processed 51250/98978 ok=51250 failures=0
[2026-06-24 22:12:38] processed 51500/98978 ok=51500 failures=0
[2026-06-24 22:14:27] processed 51750/98978 ok=51750 failures=0
[2026-06-24 22:16:04] processed 52000/98978 ok=52000 failures=0
[2026-06-24 22:17:44] processed 52250/98978 ok=52250 failures=0
[2026-06-24 22:19:43] processed 52500/98978 ok=52500 failures=0
[2026-06-24 22:21:17] processed 52750/98978 ok=52750 failures=0
[2026-06-24 22:22:59] processed 53000/98978 ok=53000 failures=0
[2026-06-24 22:25:05] processed 53250/98978 ok=53250 failures=0
[2026-06-24 22:27:09] processed 53500/98978 ok=53500 failures=0
[2026-06-24 22:29:14] processed 53750/98978 ok=53750 failures=0
[2026-06-24 22:31:08] processed 54000/98978 ok=54000 failures=0
[2026-06-24 22:32:56] processed 54250/98978 ok=54250 failures=0
[2026-06-24 22:35:03] processed 54500/98978 ok=54500 failures=0
[2026-06-24 22:36:40] processed 54750/98978 ok=54750 failures=0
[2026-06-24 22:38:09] processed 55000/98978 ok=55000 failures=0
[2026-06-24 22:39:46] processed 55250/98978 ok=55250 failures=0
[2026-06-24 22:41:07] processed 55500/98978 ok=55500 failures=0
[2026-06-24 22:42:53] processed 55750/98978 ok=55750 failures=0
[2026-06-24 22:44:42] processed 56000/98978 ok=56000 failures=0
[2026-06-24 22:46:34] processed 56250/98978 ok=56250 failures=0
[2026-06-24 22:48:33] processed 56500/98978 ok=56500 failures=0
[2026-06-24 22:50:17] processed 56750/98978 ok=56750 failures=0
[2026-06-24 22:51:59] processed 57000/98978 ok=57000 failures=0
[2026-06-24 22:53:42] processed 57250/98978 ok=57250 failures=0
[2026-06-24 22:55:25] processed 57500/98978 ok=57500 failures=0
[2026-06-24 22:57:03] processed 57750/98978 ok=57750 failures=0
[2026-06-24 22:58:40] processed 58000/98978 ok=58000 failures=0
[2026-06-24 23:00:27] processed 58250/98978 ok=58250 failures=0
[2026-06-24 23:01:57] processed 58500/98978 ok=58500 failures=0
[2026-06-24 23:03:46] processed 58750/98978 ok=58750 failures=0
[2026-06-24 23:05:49] processed 59000/98978 ok=59000 failures=0
[2026-06-24 23:07:37] processed 59250/98978 ok=59250 failures=0
[2026-06-24 23:09:18] processed 59500/98978 ok=59500 failures=0
[2026-06-24 23:11:03] processed 59750/98978 ok=59750 failures=0
[2026-06-24 23:12:47] processed 60000/98978 ok=60000 failures=0
[2026-06-24 23:14:28] processed 60250/98978 ok=60250 failures=0
[2026-06-24 23:16:21] processed 60500/98978 ok=60500 failures=0
[2026-06-24 23:18:23] processed 60750/98978 ok=60750 failures=0
[2026-06-24 23:20:25] processed 61000/98978 ok=61000 failures=0
[2026-06-24 23:22:32] processed 61250/98978 ok=61250 failures=0
[2026-06-24 23:24:40] processed 61500/98978 ok=61500 failures=0
[2026-06-24 23:26:40] processed 61750/98978 ok=61750 failures=0
[2026-06-24 23:28:45] processed 62000/98978 ok=62000 failures=0
[2026-06-24 23:30:39] processed 62250/98978 ok=62250 failures=0
[2026-06-24 23:32:37] processed 62500/98978 ok=62500 failures=0
[2026-06-24 23:34:03] processed 62750/98978 ok=62750 failures=0
[2026-06-24 23:35:43] processed 63000/98978 ok=63000 failures=0
[2026-06-24 23:37:40] processed 63250/98978 ok=63250 failures=0
[2026-06-24 23:39:30] processed 63500/98978 ok=63500 failures=0
[2026-06-24 23:40:51] processed 63750/98978 ok=63750 failures=0
[2026-06-24 23:42:27] processed 64000/98978 ok=64000 failures=0
[2026-06-24 23:44:17] processed 64250/98978 ok=64250 failures=0
[2026-06-24 23:46:10] processed 64500/98978 ok=64500 failures=0
[2026-06-24 23:48:02] processed 64750/98978 ok=64750 failures=0
[2026-06-24 23:49:51] processed 65000/98978 ok=65000 failures=0
[2026-06-24 23:51:43] processed 65250/98978 ok=65250 failures=0
[2026-06-24 23:53:34] processed 65500/98978 ok=65500 failures=0
[2026-06-24 23:55:46] processed 65750/98978 ok=65750 failures=0
[2026-06-24 23:57:59] processed 66000/98978 ok=66000 failures=0
[2026-06-24 23:59:59] processed 66250/98978 ok=66250 failures=0
[2026-06-25 00:01:44] processed 66500/98978 ok=66500 failures=0
[2026-06-25 00:03:01] processed 66750/98978 ok=66750 failures=0
[2026-06-25 00:04:47] processed 67000/98978 ok=67000 failures=0
[2026-06-25 00:06:42] processed 67250/98978 ok=67250 failures=0
[2026-06-25 00:08:40] processed 67500/98978 ok=67500 failures=0
[2026-06-25 00:10:37] processed 67750/98978 ok=67750 failures=0
[2026-06-25 00:11:56] processed 68000/98978 ok=68000 failures=0
[2026-06-25 00:13:42] processed 68250/98978 ok=68250 failures=0
[2026-06-25 00:15:43] processed 68500/98978 ok=68500 failures=0
[2026-06-25 00:17:19] processed 68750/98978 ok=68750 failures=0
[2026-06-25 00:19:02] processed 69000/98978 ok=69000 failures=0
[2026-06-25 00:20:39] processed 69250/98978 ok=69250 failures=0
[2026-06-25 00:22:09] processed 69500/98978 ok=69500 failures=0
[2026-06-25 00:23:49] processed 69750/98978 ok=69750 failures=0
[2026-06-25 00:25:24] processed 70000/98978 ok=70000 failures=0
[2026-06-25 00:26:37] processed 70250/98978 ok=70250 failures=0
[2026-06-25 00:28:04] processed 70500/98978 ok=70500 failures=0
[2026-06-25 00:29:32] processed 70750/98978 ok=70750 failures=0
[2026-06-25 00:30:43] processed 71000/98978 ok=71000 failures=0
[2026-06-25 00:32:00] processed 71250/98978 ok=71250 failures=0
[2026-06-25 00:33:13] processed 71500/98978 ok=71500 failures=0
[2026-06-25 00:34:40] processed 71750/98978 ok=71750 failures=0
[2026-06-25 00:35:55] processed 72000/98978 ok=72000 failures=0
[2026-06-25 00:37:06] processed 72250/98978 ok=72250 failures=0
[2026-06-25 00:38:08] processed 72500/98978 ok=72500 failures=0
[2026-06-25 00:39:15] processed 72750/98978 ok=72750 failures=0
[2026-06-25 00:40:09] processed 73000/98978 ok=73000 failures=0
[2026-06-25 00:40:59] processed 73250/98978 ok=73250 failures=0
[2026-06-25 00:42:13] processed 73500/98978 ok=73500 failures=0
[2026-06-25 00:43:55] processed 73750/98978 ok=73750 failures=0
[2026-06-25 00:45:49] processed 74000/98978 ok=74000 failures=0
[2026-06-25 00:47:30] processed 74250/98978 ok=74250 failures=0
[2026-06-25 00:48:52] processed 74500/98978 ok=74500 failures=0
[2026-06-25 00:49:47] processed 74750/98978 ok=74750 failures=0
[2026-06-25 00:50:44] processed 75000/98978 ok=75000 failures=0
[2026-06-25 00:51:56] processed 75250/98978 ok=75250 failures=0
[2026-06-25 00:52:51] processed 75500/98978 ok=75500 failures=0
[2026-06-25 00:53:54] processed 75750/98978 ok=75750 failures=0
[2026-06-25 00:55:19] processed 76000/98978 ok=76000 failures=0
[2026-06-25 00:56:23] processed 76250/98978 ok=76250 failures=0
[2026-06-25 00:57:39] processed 76500/98978 ok=76500 failures=0
[2026-06-25 00:58:43] processed 76750/98978 ok=76750 failures=0
[2026-06-25 01:00:03] processed 77000/98978 ok=77000 failures=0
[2026-06-25 01:01:21] processed 77250/98978 ok=77250 failures=0
[2026-06-25 01:02:38] processed 77500/98978 ok=77500 failures=0
[2026-06-25 01:03:41] processed 77750/98978 ok=77750 failures=0
[2026-06-25 01:04:29] processed 78000/98978 ok=78000 failures=0
[2026-06-25 01:06:07] processed 78250/98978 ok=78250 failures=0
[2026-06-25 01:08:07] processed 78500/98978 ok=78500 failures=0
[2026-06-25 01:10:05] processed 78750/98978 ok=78750 failures=0
[2026-06-25 01:12:08] processed 79000/98978 ok=79000 failures=0
[2026-06-25 01:14:01] processed 79250/98978 ok=79250 failures=0
[2026-06-25 01:15:58] processed 79500/98978 ok=79500 failures=0
[2026-06-25 01:17:49] processed 79750/98978 ok=79750 failures=0
[2026-06-25 01:19:55] processed 80000/98978 ok=80000 failures=0
[2026-06-25 01:21:57] processed 80250/98978 ok=80250 failures=0
[2026-06-25 01:23:54] processed 80500/98978 ok=80500 failures=0
[2026-06-25 01:25:58] processed 80750/98978 ok=80750 failures=0
[2026-06-25 01:27:33] processed 81000/98978 ok=81000 failures=0
[2026-06-25 01:29:55] processed 81250/98978 ok=81250 failures=0
[2026-06-25 01:32:06] processed 81500/98978 ok=81500 failures=0
[2026-06-25 01:34:10] processed 81750/98978 ok=81750 failures=0
[2026-06-25 01:36:09] processed 82000/98978 ok=82000 failures=0
[2026-06-25 01:38:36] processed 82250/98978 ok=82250 failures=0
[2026-06-25 01:41:08] processed 82500/98978 ok=82500 failures=0
[2026-06-25 01:43:24] processed 82750/98978 ok=82750 failures=0
[2026-06-25 01:45:35] processed 83000/98978 ok=83000 failures=0
[2026-06-25 01:47:38] processed 83250/98978 ok=83250 failures=0
[2026-06-25 01:49:47] processed 83500/98978 ok=83500 failures=0
[2026-06-25 01:51:52] processed 83750/98978 ok=83750 failures=0
[2026-06-25 01:53:56] processed 84000/98978 ok=84000 failures=0
[2026-06-25 01:55:59] processed 84250/98978 ok=84250 failures=0
[2026-06-25 01:58:25] processed 84500/98978 ok=84500 failures=0
[2026-06-25 02:00:49] processed 84750/98978 ok=84750 failures=0
[2026-06-25 02:02:59] processed 85000/98978 ok=85000 failures=0
[2026-06-25 02:04:42] processed 85250/98978 ok=85250 failures=0
[2026-06-25 02:06:49] processed 85500/98978 ok=85500 failures=0
[2026-06-25 02:08:56] processed 85750/98978 ok=85750 failures=0
[2026-06-25 02:10:29] processed 86000/98978 ok=86000 failures=0
[2026-06-25 02:12:01] processed 86250/98978 ok=86250 failures=0
[2026-06-25 02:13:53] processed 86500/98978 ok=86500 failures=0
[2026-06-25 02:15:57] processed 86750/98978 ok=86750 failures=0
[2026-06-25 02:17:42] processed 87000/98978 ok=87000 failures=0
[2026-06-25 02:19:49] processed 87250/98978 ok=87250 failures=0
[2026-06-25 02:22:00] processed 87500/98978 ok=87500 failures=0
[2026-06-25 02:23:45] processed 87750/98978 ok=87750 failures=0
[2026-06-25 02:25:34] processed 88000/98978 ok=88000 failures=0
[2026-06-25 02:27:51] processed 88250/98978 ok=88250 failures=0
[2026-06-25 02:30:04] processed 88500/98978 ok=88500 failures=0
[2026-06-25 02:31:53] processed 88750/98978 ok=88750 failures=0
[2026-06-25 02:33:23] processed 89000/98978 ok=89000 failures=0
[2026-06-25 02:35:49] processed 89250/98978 ok=89250 failures=0
[2026-06-25 02:37:50] processed 89500/98978 ok=89500 failures=0
[2026-06-25 02:39:49] processed 89750/98978 ok=89750 failures=0
[2026-06-25 02:41:47] processed 90000/98978 ok=90000 failures=0
[2026-06-25 02:43:26] processed 90250/98978 ok=90250 failures=0
[2026-06-25 02:45:28] processed 90500/98978 ok=90500 failures=0
[2026-06-25 02:47:39] processed 90750/98978 ok=90750 failures=0
[2026-06-25 02:49:22] processed 91000/98978 ok=91000 failures=0
[2026-06-25 02:50:54] processed 91250/98978 ok=91250 failures=0
[2026-06-25 02:52:27] processed 91500/98978 ok=91500 failures=0
[2026-06-25 02:54:11] processed 91750/98978 ok=91750 failures=0
[2026-06-25 02:56:03] processed 92000/98978 ok=92000 failures=0
[2026-06-25 02:57:52] processed 92250/98978 ok=92250 failures=0
[2026-06-25 02:59:41] processed 92500/98978 ok=92500 failures=0
[2026-06-25 03:01:46] processed 92750/98978 ok=92750 failures=0
[2026-06-25 03:03:53] processed 93000/98978 ok=93000 failures=0
[2026-06-25 03:05:58] processed 93250/98978 ok=93250 failures=0
[2026-06-25 03:08:07] processed 93500/98978 ok=93500 failures=0
[2026-06-25 03:10:10] processed 93750/98978 ok=93750 failures=0
[2026-06-25 03:11:48] processed 94000/98978 ok=94000 failures=0
[2026-06-25 03:13:41] processed 94250/98978 ok=94250 failures=0
[2026-06-25 03:15:47] processed 94500/98978 ok=94500 failures=0
[2026-06-25 03:17:56] processed 94750/98978 ok=94750 failures=0
[2026-06-25 03:19:36] processed 95000/98978 ok=95000 failures=0
[2026-06-25 03:21:23] processed 95250/98978 ok=95250 failures=0
[2026-06-25 03:23:27] processed 95500/98978 ok=95500 failures=0
[2026-06-25 03:25:20] processed 95750/98978 ok=95750 failures=0
[2026-06-25 03:27:03] processed 96000/98978 ok=96000 failures=0
[2026-06-25 03:28:55] processed 96250/98978 ok=96250 failures=0
[2026-06-25 03:30:53] processed 96500/98978 ok=96500 failures=0
[2026-06-25 03:32:57] processed 96750/98978 ok=96750 failures=0
[2026-06-25 03:34:54] processed 97000/98978 ok=97000 failures=0
[2026-06-25 03:36:38] processed 97250/98978 ok=97250 failures=0
[2026-06-25 03:38:55] processed 97500/98978 ok=97500 failures=0
[2026-06-25 03:40:09] processed 97750/98978 ok=97750 failures=0
[2026-06-25 03:41:33] processed 98000/98978 ok=98000 failures=0
[2026-06-25 03:43:41] processed 98250/98978 ok=98250 failures=0
[2026-06-25 03:45:37] processed 98500/98978 ok=98500 failures=0
[2026-06-25 03:47:12] processed 98750/98978 ok=98750 failures=0
[2026-06-25 03:48:39] processed 98978/98978 ok=98978 failures=0
{
  "train_size": 91308,
  "test_size": 7670,
  "num_classes": 309,
  "num_failures": 0
}
[2026-06-25 03:51:23] wrote /home/Hongjie_Zeng/high_order_BM/data_vggsound_full/phase1_features/vggsound_phase1_P1V002_32f_320s_center_crop_resnet50_seq_shard1of2.npz
