[data] train=182615 test=15341 classes=309 video=1 motion=1 audio=4096 device=cuda
[model] standard input=4096 label=1545 hidden=24576 total=30217 mode=audio
[epoch 301] recon_mse=0.01624
[epoch 302] recon_mse=0.01624
[epoch 303] recon_mse=0.01624
[epoch 304] recon_mse=0.01623
[epoch 305] recon_mse=0.01623 quick_test_acc=0.2574 ent=4.3719
[epoch 306] recon_mse=0.01622
[epoch 307] recon_mse=0.01622
[epoch 308] recon_mse=0.01622
[epoch 309] recon_mse=0.01621
[epoch 310] recon_mse=0.01620 quick_test_acc=0.2592 ent=4.3603
[epoch 311] recon_mse=0.01620
[epoch 312] recon_mse=0.01620
[epoch 313] recon_mse=0.01619
[epoch 314] recon_mse=0.01619
[epoch 315] recon_mse=0.01619 quick_test_acc=0.2598 ent=4.3522
[epoch 316] recon_mse=0.01618
[epoch 317] recon_mse=0.01618
[epoch 318] recon_mse=0.01618
[epoch 319] recon_mse=0.01617
[epoch 320] recon_mse=0.01617 quick_test_acc=0.2597 ent=4.3452
[epoch 321] recon_mse=0.01617
[epoch 322] recon_mse=0.01616
[epoch 323] recon_mse=0.01615
[epoch 324] recon_mse=0.01615
[epoch 325] recon_mse=0.01615 quick_test_acc=0.2606 ent=4.3367
[epoch 326] recon_mse=0.01614
[epoch 327] recon_mse=0.01614
[epoch 328] recon_mse=0.01614
[epoch 329] recon_mse=0.01613
[epoch 330] recon_mse=0.01613 quick_test_acc=0.2609 ent=4.3261
[epoch 331] recon_mse=0.01612
[epoch 332] recon_mse=0.01612
[epoch 333] recon_mse=0.01612
[epoch 334] recon_mse=0.01612
[epoch 335] recon_mse=0.01611 quick_test_acc=0.2633 ent=4.3186
[epoch 336] recon_mse=0.01611
[epoch 337] recon_mse=0.01610
[epoch 338] recon_mse=0.01611
[epoch 339] recon_mse=0.01610
[epoch 340] recon_mse=0.01609 quick_test_acc=0.2622 ent=4.3098
[epoch 341] recon_mse=0.01608
[epoch 342] recon_mse=0.01608
[epoch 343] recon_mse=0.01608
[epoch 344] recon_mse=0.01608
[epoch 345] recon_mse=0.01607 quick_test_acc=0.2652 ent=4.2976
[epoch 346] recon_mse=0.01606
[epoch 347] recon_mse=0.01607
[epoch 348] recon_mse=0.01606
[epoch 349] recon_mse=0.01606
[epoch 350] recon_mse=0.01606 quick_test_acc=0.2643 ent=4.2946
[epoch 351] recon_mse=0.01605
[epoch 352] recon_mse=0.01605
[epoch 353] recon_mse=0.01604
[epoch 354] recon_mse=0.01604
[epoch 355] recon_mse=0.01604 quick_test_acc=0.2650 ent=4.2880
[epoch 356] recon_mse=0.01603
[epoch 357] recon_mse=0.01603
[epoch 358] recon_mse=0.01603
[epoch 359] recon_mse=0.01602
[epoch 360] recon_mse=0.01602 quick_test_acc=0.2652 ent=4.2762
[epoch 361] recon_mse=0.01602
[epoch 362] recon_mse=0.01602
[epoch 363] recon_mse=0.01601
[epoch 364] recon_mse=0.01601
[epoch 365] recon_mse=0.01600 quick_test_acc=0.2658 ent=4.2716
[epoch 366] recon_mse=0.01600
[epoch 367] recon_mse=0.01599
[epoch 368] recon_mse=0.01599
[epoch 369] recon_mse=0.01599
[epoch 370] recon_mse=0.01598 quick_test_acc=0.2682 ent=4.2648
[epoch 371] recon_mse=0.01598
[epoch 372] recon_mse=0.01598
[epoch 373] recon_mse=0.01597
[epoch 374] recon_mse=0.01597
[epoch 375] recon_mse=0.01597 quick_test_acc=0.2670 ent=4.2568
[epoch 376] recon_mse=0.01597
[epoch 377] recon_mse=0.01596
[epoch 378] recon_mse=0.01596
[epoch 379] recon_mse=0.01595
[epoch 380] recon_mse=0.01595 quick_test_acc=0.2673 ent=4.2508
[epoch 381] recon_mse=0.01595
[epoch 382] recon_mse=0.01595
[epoch 383] recon_mse=0.01594
[epoch 384] recon_mse=0.01594
[epoch 385] recon_mse=0.01593 quick_test_acc=0.2684 ent=4.2475
[epoch 386] recon_mse=0.01593
[epoch 387] recon_mse=0.01593
[epoch 388] recon_mse=0.01593
[epoch 389] recon_mse=0.01592
[epoch 390] recon_mse=0.01592 quick_test_acc=0.2705 ent=4.2335
[epoch 391] recon_mse=0.01591
[epoch 392] recon_mse=0.01591
[epoch 393] recon_mse=0.01591
[epoch 394] recon_mse=0.01591
[epoch 395] recon_mse=0.01590 quick_test_acc=0.2703 ent=4.2291
[epoch 396] recon_mse=0.01590
[epoch 397] recon_mse=0.01589
[epoch 398] recon_mse=0.01589
[epoch 399] recon_mse=0.01589
[epoch 400] recon_mse=0.01589 quick_test_acc=0.2701 ent=4.2271
[epoch 401] recon_mse=0.01588
[epoch 402] recon_mse=0.01588
[epoch 403] recon_mse=0.01588
[epoch 404] recon_mse=0.01587
[epoch 405] recon_mse=0.01587 quick_test_acc=0.2718 ent=4.2188
[epoch 406] recon_mse=0.01587
[epoch 407] recon_mse=0.01586
[epoch 408] recon_mse=0.01586
[epoch 409] recon_mse=0.01586
[epoch 410] recon_mse=0.01586 quick_test_acc=0.2716 ent=4.2138
[epoch 411] recon_mse=0.01585
[epoch 412] recon_mse=0.01585
[epoch 413] recon_mse=0.01585
[epoch 414] recon_mse=0.01585
[epoch 415] recon_mse=0.01584 quick_test_acc=0.2721 ent=4.2089
[epoch 416] recon_mse=0.01583
[epoch 417] recon_mse=0.01584
[epoch 418] recon_mse=0.01583
[epoch 419] recon_mse=0.01583
[epoch 420] recon_mse=0.01583 quick_test_acc=0.2727 ent=4.2011
[epoch 421] recon_mse=0.01582
[epoch 422] recon_mse=0.01582
[epoch 423] recon_mse=0.01582
[epoch 424] recon_mse=0.01581
[epoch 425] recon_mse=0.01581 quick_test_acc=0.2730 ent=4.1901
[epoch 426] recon_mse=0.01580
[epoch 427] recon_mse=0.01581
[epoch 428] recon_mse=0.01580
[epoch 429] recon_mse=0.01580
[epoch 430] recon_mse=0.01579 quick_test_acc=0.2725 ent=4.1902
[epoch 431] recon_mse=0.01579
[epoch 432] recon_mse=0.01579
[epoch 433] recon_mse=0.01579
[epoch 434] recon_mse=0.01578
[epoch 435] recon_mse=0.01578 quick_test_acc=0.2738 ent=4.1864
[epoch 436] recon_mse=0.01577
[epoch 437] recon_mse=0.01577
[epoch 438] recon_mse=0.01577
[epoch 439] recon_mse=0.01577
[epoch 440] recon_mse=0.01576 quick_test_acc=0.2761 ent=4.1807
[epoch 441] recon_mse=0.01576
[epoch 442] recon_mse=0.01576
[epoch 443] recon_mse=0.01576
[epoch 444] recon_mse=0.01575
[epoch 445] recon_mse=0.01575 quick_test_acc=0.2747 ent=4.1723
[epoch 446] recon_mse=0.01575
[epoch 447] recon_mse=0.01575
[epoch 448] recon_mse=0.01574
[epoch 449] recon_mse=0.01574
[epoch 450] recon_mse=0.01573 quick_test_acc=0.2738 ent=4.1672
[epoch 451] recon_mse=0.01573
[epoch 452] recon_mse=0.01573
[epoch 453] recon_mse=0.01573
[epoch 454] recon_mse=0.01572
[epoch 455] recon_mse=0.01572 quick_test_acc=0.2784 ent=4.1611
[epoch 456] recon_mse=0.01572
[epoch 457] recon_mse=0.01572
[epoch 458] recon_mse=0.01571
[epoch 459] recon_mse=0.01571
[epoch 460] recon_mse=0.01571 quick_test_acc=0.2761 ent=4.1510
[epoch 461] recon_mse=0.01571
[epoch 462] recon_mse=0.01570
[epoch 463] recon_mse=0.01570
[epoch 464] recon_mse=0.01570
[epoch 465] recon_mse=0.01569 quick_test_acc=0.2769 ent=4.1530
[epoch 466] recon_mse=0.01569
[epoch 467] recon_mse=0.01568
[epoch 468] recon_mse=0.01568
[epoch 469] recon_mse=0.01568
[epoch 470] recon_mse=0.01568 quick_test_acc=0.2778 ent=4.1438
[epoch 471] recon_mse=0.01567
[epoch 472] recon_mse=0.01567
[epoch 473] recon_mse=0.01567
[epoch 474] recon_mse=0.01567
[epoch 475] recon_mse=0.01567 quick_test_acc=0.2784 ent=4.1402
[epoch 476] recon_mse=0.01566
[epoch 477] recon_mse=0.01566
[epoch 478] recon_mse=0.01566
[epoch 479] recon_mse=0.01566
[epoch 480] recon_mse=0.01565 quick_test_acc=0.2778 ent=4.1356
[epoch 481] recon_mse=0.01565
[epoch 482] recon_mse=0.01565
[epoch 483] recon_mse=0.01565
[epoch 484] recon_mse=0.01564
[epoch 485] recon_mse=0.01564 quick_test_acc=0.2771 ent=4.1302
[epoch 486] recon_mse=0.01563
[epoch 487] recon_mse=0.01563
[epoch 488] recon_mse=0.01563
[epoch 489] recon_mse=0.01563
[epoch 490] recon_mse=0.01562 quick_test_acc=0.2803 ent=4.1308
[epoch 491] recon_mse=0.01562
[epoch 492] recon_mse=0.01561
[epoch 493] recon_mse=0.01561
[epoch 494] recon_mse=0.01561
[epoch 495] recon_mse=0.01561 quick_test_acc=0.2798 ent=4.1216
[epoch 496] recon_mse=0.01561
[epoch 497] recon_mse=0.01560
[epoch 498] recon_mse=0.01560
[epoch 499] recon_mse=0.01560
[epoch 500] recon_mse=0.01560 quick_test_acc=0.2780 ent=4.1182
[full_eval_best] {
  "created_at": "2026-06-20 06:29:35",
  "ckpt": "/home/Hongjie_Zeng/high_order_BM/runs_vggsound_full_AF018_standard_audio_cnnlstm4096_h6_lc5_e500_resume_af017/best.pt",
  "ckpt_epoch": 490,
  "ckpt_best_acc": 0.28029463529105014,
  "eval_steps": 3000,
  "eval_burn_in": 500,
  "eval_thin": 2,
  "test_label_gibbs_acc": 0.28009908089433544,
  "test_label_entropy": 4.130172331134478,
  "computed_dims": {
    "input_dim": 4096,
    "label_dim": 1545,
    "hidden_dim": 24576,
    "total_pbits": 30217,
    "num_classes": 309
  },
  "data_dims": {
    "feature_npz": "/home/Hongjie_Zeng/high_order_BM/data_vggsound_full/features/vggsound_full_audio_cnnlstm4096_stft128x96_per_dim_zscore_sigmoid_seed123.npz",
    "train_size": 182615,
    "test_size": 15341,
    "num_classes": 309,
    "class_names": [
      "air conditioning noise",
      "air horn",
      "airplane",
      "airplane flyby",
      "alarm clock ringing",
      "alligators, crocodiles hissing",
      "ambulance siren",
      "arc welding",
      "baby babbling",
      "baby crying",
      "baby laughter",
      "baltimore oriole calling",
      "barn swallow calling",
      "basketball bounce",
      "bathroom ventilation fan running",
      "beat boxing",
      "bee, wasp, etc. buzzing",
      "bird chirping, tweeting",
      "bird squawking",
      "bird wings flapping",
      "black capped chickadee calling",
      "blowtorch igniting",
      "bouncing on trampoline",
      "bowling impact",
      "bull bellowing",
      "canary calling",
      "cap gun shooting",
      "car engine idling",
      "car engine knocking",
      "car engine starting",
      "car passing by",
      "cat caterwauling",
      "cat growling",
      "cat hissing",
      "cat meowing",
      "cat purring",
      "cattle mooing",
      "cattle, bovinae cowbell",
      "cell phone buzzing",
      "chainsawing trees",
      "cheetah chirrup",
      "chicken clucking",
      "chicken crowing",
      "child singing",
      "child speech, kid speaking",
      "children shouting",
      "chimpanzee pant-hooting",
      "chinchilla barking",
      "chipmunk chirping",
      "chopping food",
      "chopping wood",
      "church bell ringing",
      "civil defense siren",
      "cow lowing",
      "coyote howling",
      "cricket chirping",
      "crow cawing",
      "cuckoo bird calling",
      "cupboard opening or closing",
      "cutting hair with electric trimmers",
      "dinosaurs bellowing",
      "disc scratching",
      "dog barking",
      "dog baying",
      "dog bow-wow",
      "dog growling",
      "dog howling",
      "dog whimpering",
      "donkey, ass braying",
      "door slamming",
      "driving buses",
      "driving motorcycle",
      "driving snowmobile",
      "duck quacking",
      "eagle screaming",
      "eating with cutlery",
      "electric grinder grinding",
      "electric shaver, electric razor shaving",
      "elephant trumpeting",
      "eletric blender running",
      "elk bugling",
      "engine accelerating, revving, vroom",
      "female singing",
      "female speech, woman speaking",
      "ferret dooking",
      "fire crackling",
      "fire truck siren",
      "fireworks banging",
      "firing cannon",
      "firing muskets",
      "fly, housefly buzzing",
      "foghorn",
      "footsteps on snow",
      "forging swords",
      "fox barking",
      "francolin calling",
      "frog croaking",
      "gibbon howling",
      "goat bleating",
      "golf driving",
      "goose honking",
      "hail",
      "hair dryer drying",
      "hammering nails",
      "heart sounds, heartbeat",
      "hedge trimmer running",
      "helicopter",
      "horse clip-clop",
      "horse neighing",
      "ice cracking",
      "ice cream truck, ice cream van",
      "lathe spinning",
      "lawn mowing",
      "lighting firecrackers",
      "lions growling",
      "lions roaring",
      "lip smacking",
      "machine gun shooting",
      "magpie calling",
      "male singing",
      "male speech, man speaking",
      "metronome",
      "missile launch",
      "mosquito buzzing",
      "motorboat, speedboat acceleration",
      "mouse clicking",
      "mouse pattering",
      "mouse squeaking",
      "mynah bird singing",
      "ocean burbling",
      "opening or closing car doors",
      "opening or closing car electric windows",
      "opening or closing drawers",
      "orchestra",
      "otter growling",
      "owl hooting",
      "parrot talking",
      "penguins braying",
      "people babbling",
      "people battle cry",
      "people belly laughing",
      "people booing",
      "people burping",
      "people cheering",
      "people clapping",
      "people coughing",
      "people crowd",
      "people eating",
      "people eating apple",
      "people eating crisps",
      "people eating noodle",
      "people farting",
      "people finger snapping",
      "people gargling",
      "people giggling",
      "people hiccup",
      "people humming",
      "people marching",
      "people nose blowing",
      "people running",
      "people screaming",
      "people shuffling",
      "people slapping",
      "people slurping",
      "people sneezing",
      "people sniggering",
      "people sobbing",
      "people whispering",
      "people whistling",
      "pheasant crowing",
      "pig oinking",
      "pigeon, dove cooing",
      "planing timber",
      "plastic bottle crushing",
      "playing accordion",
      "playing acoustic guitar",
      "playing badminton",
      "playing bagpipes",
      "playing banjo",
      "playing bass drum",
      "playing bass guitar",
      "playing bassoon",
      "playing bongo",
      "playing bugle",
      "playing castanets",
      "playing cello",
      "playing clarinet",
      "playing congas",
      "playing cornet",
      "playing cymbal",
      "playing darts",
      "playing didgeridoo",
      "playing djembe",
      "playing double bass",
      "playing drum kit",
      "playing electric guitar",
      "playing electronic organ",
      "playing erhu",
      "playing flute",
      "playing french horn",
      "playing glockenspiel",
      "playing gong",
      "playing guiro",
      "playing hammond organ",
      "playing harmonica",
      "playing harp",
      "playing harpsichord",
      "playing hockey",
      "playing lacrosse",
      "playing mandolin",
      "playing marimba, xylophone",
      "playing oboe",
      "playing piano",
      "playing saxophone",
      "playing shofar",
      "playing sitar",
      "playing snare drum",
      "playing squash",
      "playing steel guitar, slide guitar",
      "playing steelpan",
      "playing synthesizer",
      "playing tabla",
      "playing table tennis",
      "playing tambourine",
      "playing tennis",
      "playing theremin",
      "playing timbales",
      "playing timpani",
      "playing trombone",
      "playing trumpet",
      "playing tuning fork",
      "playing tympani",
      "playing ukulele",
      "playing vibraphone",
      "playing violin, fiddle",
      "playing volleyball",
      "playing washboard",
      "playing zither",
      "police car (siren)",
      "police radio chatter",
      "popping popcorn",
      "printer printing",
      "pumping water",
      "race car, auto racing",
      "railroad car, train wagon",
      "raining",
      "rapping",
      "reversing beeps",
      "ripping paper",
      "roller coaster running",
      "rope skipping",
      "rowboat, canoe, kayak rowing",
      "running electric fan",
      "sailing",
      "scuba diving",
      "sea lion barking",
      "sea waves",
      "sharpen knife",
      "sheep bleating",
      "shot football",
      "singing bowl",
      "singing choir",
      "skateboarding",
      "skidding",
      "skiing",
      "sliding door",
      "sloshing water",
      "slot machine",
      "smoke detector beeping",
      "snake hissing",
      "snake rattling",
      "splashing water",
      "spraying water",
      "squishing water",
      "stream burbling",
      "strike lighter",
      "striking bowling",
      "striking pool",
      "subway, metro, underground",
      "swimming",
      "tap dancing",
      "tapping guitar",
      "telephone bell ringing",
      "thunder",
      "toilet flushing",
      "tornado roaring",
      "tractor digging",
      "train horning",
      "train wheels squealing",
      "train whistling",
      "turkey gobbling",
      "typing on computer keyboard",
      "typing on typewriter",
      "underwater bubbling",
      "using sewing machines",
      "vacuum cleaner cleaning floors",
      "vehicle horn, car horn, honking",
      "volcano explosion",
      "warbler chirping",
      "waterfall burbling",
      "whale calling",
      "wind chime",
      "wind noise",
      "wind rustling leaves",
      "wood thrush calling",
      "woodpecker pecking tree",
      "writing on blackboard with chalk",
      "yodelling",
      "zebra braying"
    ],
    "video_dim": 1,
    "motion_dim": 1,
    "audio_dim": 4096
  }
}
{
  "experiment_id": "AF018_standard_audio_cnnlstm4096_h6_lc5_e500_resume_af017",
  "finished_at": "2026-06-20 06:29:35",
  "model_type": "standard",
  "best_epoch": 490,
  "best_acc_selection_metric": 0.28029463529105014,
  "final_epoch": 500,
  "final_test_label_gibbs_acc": 0.2780131673293788,
  "full_eval_best_acc": 0.28009908089433544,
  "computed_dims": {
    "input_dim": 4096,
    "label_dim": 1545,
    "hidden_dim": 24576,
    "total_pbits": 30217,
    "num_classes": 309
  },
  "data_dims": {
    "feature_npz": "/home/Hongjie_Zeng/high_order_BM/data_vggsound_full/features/vggsound_full_audio_cnnlstm4096_stft128x96_per_dim_zscore_sigmoid_seed123.npz",
    "train_size": 182615,
    "test_size": 15341,
    "num_classes": 309,
    "class_names": [
      "air conditioning noise",
      "air horn",
      "airplane",
      "airplane flyby",
      "alarm clock ringing",
      "alligators, crocodiles hissing",
      "ambulance siren",
      "arc welding",
      "baby babbling",
      "baby crying",
      "baby laughter",
      "baltimore oriole calling",
      "barn swallow calling",
      "basketball bounce",
      "bathroom ventilation fan running",
      "beat boxing",
      "bee, wasp, etc. buzzing",
      "bird chirping, tweeting",
      "bird squawking",
      "bird wings flapping",
      "black capped chickadee calling",
      "blowtorch igniting",
      "bouncing on trampoline",
      "bowling impact",
      "bull bellowing",
      "canary calling",
      "cap gun shooting",
      "car engine idling",
      "car engine knocking",
      "car engine starting",
      "car passing by",
      "cat caterwauling",
      "cat growling",
      "cat hissing",
      "cat meowing",
      "cat purring",
      "cattle mooing",
      "cattle, bovinae cowbell",
      "cell phone buzzing",
      "chainsawing trees",
      "cheetah chirrup",
      "chicken clucking",
      "chicken crowing",
      "child singing",
      "child speech, kid speaking",
      "children shouting",
      "chimpanzee pant-hooting",
      "chinchilla barking",
      "chipmunk chirping",
      "chopping food",
      "chopping wood",
      "church bell ringing",
      "civil defense siren",
      "cow lowing",
      "coyote howling",
      "cricket chirping",
      "crow cawing",
      "cuckoo bird calling",
      "cupboard opening or closing",
      "cutting hair with electric trimmers",
      "dinosaurs bellowing",
      "disc scratching",
      "dog barking",
      "dog baying",
      "dog bow-wow",
      "dog growling",
      "dog howling",
      "dog whimpering",
      "donkey, ass braying",
      "door slamming",
      "driving buses",
      "driving motorcycle",
      "driving snowmobile",
      "duck quacking",
      "eagle screaming",
      "eating with cutlery",
      "electric grinder grinding",
      "electric shaver, electric razor shaving",
      "elephant trumpeting",
      "eletric blender running",
      "elk bugling",
      "engine accelerating, revving, vroom",
      "female singing",
      "female speech, woman speaking",
      "ferret dooking",
      "fire crackling",
      "fire truck siren",
      "fireworks banging",
      "firing cannon",
      "firing muskets",
      "fly, housefly buzzing",
      "foghorn",
      "footsteps on snow",
      "forging swords",
      "fox barking",
      "francolin calling",
      "frog croaking",
      "gibbon howling",
      "goat bleating",
      "golf driving",
      "goose honking",
      "hail",
      "hair dryer drying",
      "hammering nails",
      "heart sounds, heartbeat",
      "hedge trimmer running",
      "helicopter",
      "horse clip-clop",
      "horse neighing",
      "ice cracking",
      "ice cream truck, ice cream van",
      "lathe spinning",
      "lawn mowing",
      "lighting firecrackers",
      "lions growling",
      "lions roaring",
      "lip smacking",
      "machine gun shooting",
      "magpie calling",
      "male singing",
      "male speech, man speaking",
      "metronome",
      "missile launch",
      "mosquito buzzing",
      "motorboat, speedboat acceleration",
      "mouse clicking",
      "mouse pattering",
      "mouse squeaking",
      "mynah bird singing",
      "ocean burbling",
      "opening or closing car doors",
      "opening or closing car electric windows",
      "opening or closing drawers",
      "orchestra",
      "otter growling",
      "owl hooting",
      "parrot talking",
      "penguins braying",
      "people babbling",
      "people battle cry",
      "people belly laughing",
      "people booing",
      "people burping",
      "people cheering",
      "people clapping",
      "people coughing",
      "people crowd",
      "people eating",
      "people eating apple",
      "people eating crisps",
      "people eating noodle",
      "people farting",
      "people finger snapping",
      "people gargling",
      "people giggling",
      "people hiccup",
      "people humming",
      "people marching",
      "people nose blowing",
      "people running",
      "people screaming",
      "people shuffling",
      "people slapping",
      "people slurping",
      "people sneezing",
      "people sniggering",
      "people sobbing",
      "people whispering",
      "people whistling",
      "pheasant crowing",
      "pig oinking",
      "pigeon, dove cooing",
      "planing timber",
      "plastic bottle crushing",
      "playing accordion",
      "playing acoustic guitar",
      "playing badminton",
      "playing bagpipes",
      "playing banjo",
      "playing bass drum",
      "playing bass guitar",
      "playing bassoon",
      "playing bongo",
      "playing bugle",
      "playing castanets",
      "playing cello",
      "playing clarinet",
      "playing congas",
      "playing cornet",
      "playing cymbal",
      "playing darts",
      "playing didgeridoo",
      "playing djembe",
      "playing double bass",
      "playing drum kit",
      "playing electric guitar",
      "playing electronic organ",
      "playing erhu",
      "playing flute",
      "playing french horn",
      "playing glockenspiel",
      "playing gong",
      "playing guiro",
      "playing hammond organ",
      "playing harmonica",
      "playing harp",
      "playing harpsichord",
      "playing hockey",
      "playing lacrosse",
      "playing mandolin",
      "playing marimba, xylophone",
      "playing oboe",
      "playing piano",
      "playing saxophone",
      "playing shofar",
      "playing sitar",
      "playing snare drum",
      "playing squash",
      "playing steel guitar, slide guitar",
      "playing steelpan",
      "playing synthesizer",
      "playing tabla",
      "playing table tennis",
      "playing tambourine",
      "playing tennis",
      "playing theremin",
      "playing timbales",
      "playing timpani",
      "playing trombone",
      "playing trumpet",
      "playing tuning fork",
      "playing tympani",
      "playing ukulele",
      "playing vibraphone",
      "playing violin, fiddle",
      "playing volleyball",
      "playing washboard",
      "playing zither",
      "police car (siren)",
      "police radio chatter",
      "popping popcorn",
      "printer printing",
      "pumping water",
      "race car, auto racing",
      "railroad car, train wagon",
      "raining",
      "rapping",
      "reversing beeps",
      "ripping paper",
      "roller coaster running",
      "rope skipping",
      "rowboat, canoe, kayak rowing",
      "running electric fan",
      "sailing",
      "scuba diving",
      "sea lion barking",
      "sea waves",
      "sharpen knife",
      "sheep bleating",
      "shot football",
      "singing bowl",
      "singing choir",
      "skateboarding",
      "skidding",
      "skiing",
      "sliding door",
      "sloshing water",
      "slot machine",
      "smoke detector beeping",
      "snake hissing",
      "snake rattling",
      "splashing water",
      "spraying water",
      "squishing water",
      "stream burbling",
      "strike lighter",
      "striking bowling",
      "striking pool",
      "subway, metro, underground",
      "swimming",
      "tap dancing",
      "tapping guitar",
      "telephone bell ringing",
      "thunder",
      "toilet flushing",
      "tornado roaring",
      "tractor digging",
      "train horning",
      "train wheels squealing",
      "train whistling",
      "turkey gobbling",
      "typing on computer keyboard",
      "typing on typewriter",
      "underwater bubbling",
      "using sewing machines",
      "vacuum cleaner cleaning floors",
      "vehicle horn, car horn, honking",
      "volcano explosion",
      "warbler chirping",
      "waterfall burbling",
      "whale calling",
      "wind chime",
      "wind noise",
      "wind rustling leaves",
      "wood thrush calling",
      "woodpecker pecking tree",
      "writing on blackboard with chalk",
      "yodelling",
      "zebra braying"
    ],
    "video_dim": 1,
    "motion_dim": 1,
    "audio_dim": 4096
  },
  "out_dir": "/home/Hongjie_Zeng/high_order_BM/runs_vggsound_full_AF018_standard_audio_cnnlstm4096_h6_lc5_e500_resume_af017"
}
