[data_parallel] using 4 GPUs for audio ResNet50 sequence extraction
[2026-06-20 22:06:09] extract audio ResNet50 sequence chunks=8 chunk_frames=32 starts=[0, 9, 18, 27, 37, 46, 55, 64] device=cuda
[2026-06-20 22:06:14] sequence extracted 5120/182615
[2026-06-20 22:06:16] sequence extracted 10240/182615
[2026-06-20 22:06:18] sequence extracted 15360/182615
[2026-06-20 22:06:21] sequence extracted 20480/182615
[2026-06-20 22:06:23] sequence extracted 25600/182615
[2026-06-20 22:06:26] sequence extracted 30720/182615
[2026-06-20 22:06:28] sequence extracted 35840/182615
[2026-06-20 22:06:30] sequence extracted 40960/182615
[2026-06-20 22:06:32] sequence extracted 46080/182615
[2026-06-20 22:06:35] sequence extracted 51200/182615
[2026-06-20 22:06:37] sequence extracted 56320/182615
[2026-06-20 22:06:39] sequence extracted 61440/182615
[2026-06-20 22:06:41] sequence extracted 66560/182615
[2026-06-20 22:06:44] sequence extracted 71680/182615
[2026-06-20 22:06:46] sequence extracted 76800/182615
[2026-06-20 22:06:48] sequence extracted 81920/182615
[2026-06-20 22:06:50] sequence extracted 87040/182615
[2026-06-20 22:06:53] sequence extracted 92160/182615
[2026-06-20 22:06:55] sequence extracted 97280/182615
[2026-06-20 22:06:57] sequence extracted 102400/182615
[2026-06-20 22:07:00] sequence extracted 107520/182615
[2026-06-20 22:07:02] sequence extracted 112640/182615
[2026-06-20 22:07:04] sequence extracted 117760/182615
[2026-06-20 22:07:06] sequence extracted 122880/182615
[2026-06-20 22:07:09] sequence extracted 128000/182615
[2026-06-20 22:07:11] sequence extracted 133120/182615
[2026-06-20 22:07:13] sequence extracted 138240/182615
[2026-06-20 22:07:15] sequence extracted 143360/182615
[2026-06-20 22:07:18] sequence extracted 148480/182615
[2026-06-20 22:07:20] sequence extracted 153600/182615
[2026-06-20 22:07:22] sequence extracted 158720/182615
[2026-06-20 22:07:25] sequence extracted 163840/182615
[2026-06-20 22:07:27] sequence extracted 168960/182615
[2026-06-20 22:07:29] sequence extracted 174080/182615
[2026-06-20 22:07:32] sequence extracted 179200/182615
[2026-06-20 22:07:33] sequence extracted 182615/182615
[2026-06-20 22:07:36] sequence extracted 5120/15341
[2026-06-20 22:07:39] sequence extracted 10240/15341
[2026-06-20 22:07:41] sequence extracted 15341/15341
{
  "seq_summary": {
    "experiment_id": "ARF002",
    "created_at": "2026-06-20 22:10:40",
    "audio_npz": "/home/Hongjie_Zeng/high_order_BM/data_vggsound_full/features/vggsound_full_audio_stft128x96_official5s_allclasses_sr16000_n512_o353.npz",
    "teacher_ckpt": "/home/Hongjie_Zeng/high_order_BM/data_vggsound_full/features/vggsound_full_audio_resnet50_stft128x96_per_dim_zscore_sigmoid_seed123_teacher_best.pt",
    "out_seq_npz": "/home/Hongjie_Zeng/high_order_BM/data_vggsound_full/features/vggsound_full_audio_resnet50_seq_chunks8_w32_stft128x96_seed123.npz",
    "seq_shape_train": [
      182615,
      8,
      2048
    ],
    "seq_shape_test": [
      15341,
      8,
      2048
    ],
    "n_freq": 128,
    "n_time": 96,
    "num_chunks": 8,
    "chunk_frames": 32,
    "chunk_starts": [
      0,
      9,
      18,
      27,
      37,
      46,
      55,
      64
    ],
    "train_size": 182615,
    "test_size": 15341,
    "num_classes": 309,
    "note": "Sequence is per-chunk 2048-d audio ResNet50 backbone embedding from STFT temporal windows."
  },
  "meanstd_summary": {
    "experiment_id": "ARF002_meanstd",
    "created_at": "2026-06-20 22:10:40",
    "source_seq_npz": "/home/Hongjie_Zeng/high_order_BM/data_vggsound_full/features/vggsound_full_audio_resnet50_seq_chunks8_w32_stft128x96_seed123.npz",
    "out_npz": "/home/Hongjie_Zeng/high_order_BM/data_vggsound_full/features/vggsound_full_audio_resnet50_seqmeanstd4096_chunks8_w32_seed123.npz",
    "embedding_dim": 4096,
    "normalize": "per_dim_zscore_sigmoid",
    "normalization_params_summary": {
      "mode": "per_dim_zscore_sigmoid",
      "mu_mean": 0.4179081916809082,
      "sd_mean": 0.6191197633743286
    },
    "train_size": 182615,
    "test_size": 15341,
    "num_classes": 309,
    "note": "Mean/std pooled audio ResNet50 chunk-sequence feature for BM input_mode=audio."
  }
}
