[data] train=182615 test=15341 classes=309 video=1 motion=1 audio=4096 device=cuda
[model] standard input=4096 label=1545 hidden=32768 total=38409 mode=audio
[init] estimating visible bias from training set
[epoch 001] recon_mse=0.04510
[epoch 002] recon_mse=0.03657
[epoch 003] recon_mse=0.03121
[epoch 004] recon_mse=0.02820
[epoch 005] recon_mse=0.02628 quick_test_acc=0.0775 ent=5.5837
[epoch 006] recon_mse=0.02491
[epoch 007] recon_mse=0.02387
[epoch 008] recon_mse=0.02300
[epoch 009] recon_mse=0.02225
[epoch 010] recon_mse=0.02165 quick_test_acc=0.1044 ent=5.5760
[epoch 011] recon_mse=0.02120
[epoch 012] recon_mse=0.02085
[epoch 013] recon_mse=0.02059
[epoch 014] recon_mse=0.02039
[epoch 015] recon_mse=0.02021 quick_test_acc=0.1225 ent=5.5560
[epoch 016] recon_mse=0.02008
[epoch 017] recon_mse=0.01996
[epoch 018] recon_mse=0.01984
[epoch 019] recon_mse=0.01975
[epoch 020] recon_mse=0.01967 quick_test_acc=0.1315 ent=5.5253
[epoch 021] recon_mse=0.01960
[epoch 022] recon_mse=0.01953
[epoch 023] recon_mse=0.01947
[epoch 024] recon_mse=0.01942
[epoch 025] recon_mse=0.01937 quick_test_acc=0.1411 ent=5.4776
[epoch 026] recon_mse=0.01932
[epoch 027] recon_mse=0.01927
[epoch 028] recon_mse=0.01923
[epoch 029] recon_mse=0.01918
[epoch 030] recon_mse=0.01914 quick_test_acc=0.1514 ent=5.4209
[epoch 031] recon_mse=0.01910
[epoch 032] recon_mse=0.01906
[epoch 033] recon_mse=0.01903
[epoch 034] recon_mse=0.01899
[epoch 035] recon_mse=0.01895 quick_test_acc=0.1592 ent=5.3539
[epoch 036] recon_mse=0.01892
[epoch 037] recon_mse=0.01889
[epoch 038] recon_mse=0.01886
[epoch 039] recon_mse=0.01882
[epoch 040] recon_mse=0.01879 quick_test_acc=0.1647 ent=5.2882
[epoch 041] recon_mse=0.01876
[epoch 042] recon_mse=0.01873
[epoch 043] recon_mse=0.01870
[epoch 044] recon_mse=0.01867
[epoch 045] recon_mse=0.01864 quick_test_acc=0.1739 ent=5.2235
[epoch 046] recon_mse=0.01862
[epoch 047] recon_mse=0.01859
[epoch 048] recon_mse=0.01856
[epoch 049] recon_mse=0.01854
[epoch 050] recon_mse=0.01851 quick_test_acc=0.1790 ent=5.1630
[epoch 051] recon_mse=0.01849
[epoch 052] recon_mse=0.01846
[epoch 053] recon_mse=0.01843
[epoch 054] recon_mse=0.01841
[epoch 055] recon_mse=0.01838 quick_test_acc=0.1845 ent=5.1125
[epoch 056] recon_mse=0.01836
[epoch 057] recon_mse=0.01834
[epoch 058] recon_mse=0.01831
[epoch 059] recon_mse=0.01829
[epoch 060] recon_mse=0.01827 quick_test_acc=0.1898 ent=5.0615
[epoch 061] recon_mse=0.01825
[epoch 062] recon_mse=0.01822
[epoch 063] recon_mse=0.01820
[epoch 064] recon_mse=0.01818
[epoch 065] recon_mse=0.01815 quick_test_acc=0.1942 ent=5.0115
[epoch 066] recon_mse=0.01813
[epoch 067] recon_mse=0.01811
[epoch 068] recon_mse=0.01809
[epoch 069] recon_mse=0.01807
[epoch 070] recon_mse=0.01804 quick_test_acc=0.1971 ent=4.9750
[epoch 071] recon_mse=0.01802
[epoch 072] recon_mse=0.01801
[epoch 073] recon_mse=0.01799
[epoch 074] recon_mse=0.01796
[epoch 075] recon_mse=0.01795 quick_test_acc=0.2009 ent=4.9367
[epoch 076] recon_mse=0.01792
[epoch 077] recon_mse=0.01791
[epoch 078] recon_mse=0.01789
[epoch 079] recon_mse=0.01787
[epoch 080] recon_mse=0.01785 quick_test_acc=0.2043 ent=4.9025
[epoch 081] recon_mse=0.01783
[epoch 082] recon_mse=0.01781
[epoch 083] recon_mse=0.01779
[epoch 084] recon_mse=0.01778
[epoch 085] recon_mse=0.01776 quick_test_acc=0.2088 ent=4.8705
[epoch 086] recon_mse=0.01773
[epoch 087] recon_mse=0.01772
[epoch 088] recon_mse=0.01770
[epoch 089] recon_mse=0.01769
[epoch 090] recon_mse=0.01767 quick_test_acc=0.2109 ent=4.8411
[epoch 091] recon_mse=0.01765
[epoch 092] recon_mse=0.01764
[epoch 093] recon_mse=0.01762
[epoch 094] recon_mse=0.01760
[epoch 095] recon_mse=0.01758 quick_test_acc=0.2148 ent=4.8123
[epoch 096] recon_mse=0.01757
[epoch 097] recon_mse=0.01755
[epoch 098] recon_mse=0.01754
[epoch 099] recon_mse=0.01753
[epoch 100] recon_mse=0.01751 quick_test_acc=0.2189 ent=4.7834
[epoch 101] recon_mse=0.01749
[epoch 102] recon_mse=0.01748
[epoch 103] recon_mse=0.01746
[epoch 104] recon_mse=0.01744
[epoch 105] recon_mse=0.01743 quick_test_acc=0.2255 ent=4.7563
[epoch 106] recon_mse=0.01741
[epoch 107] recon_mse=0.01741
[epoch 108] recon_mse=0.01739
[epoch 109] recon_mse=0.01737
[epoch 110] recon_mse=0.01736 quick_test_acc=0.2276 ent=4.7343
[epoch 111] recon_mse=0.01734
[epoch 112] recon_mse=0.01733
[epoch 113] recon_mse=0.01731
[epoch 114] recon_mse=0.01730
[epoch 115] recon_mse=0.01729 quick_test_acc=0.2306 ent=4.7091
[epoch 116] recon_mse=0.01727
[epoch 117] recon_mse=0.01726
[epoch 118] recon_mse=0.01724
[epoch 119] recon_mse=0.01723
[epoch 120] recon_mse=0.01722 quick_test_acc=0.2325 ent=4.6896
[epoch 121] recon_mse=0.01720
[epoch 122] recon_mse=0.01719
[epoch 123] recon_mse=0.01718
[epoch 124] recon_mse=0.01716
[epoch 125] recon_mse=0.01715 quick_test_acc=0.2353 ent=4.6688
[epoch 126] recon_mse=0.01714
[epoch 127] recon_mse=0.01712
[epoch 128] recon_mse=0.01711
[epoch 129] recon_mse=0.01710
[epoch 130] recon_mse=0.01708 quick_test_acc=0.2364 ent=4.6492
[epoch 131] recon_mse=0.01707
[epoch 132] recon_mse=0.01707
[epoch 133] recon_mse=0.01705
[epoch 134] recon_mse=0.01704
[epoch 135] recon_mse=0.01703 quick_test_acc=0.2393 ent=4.6281
[epoch 136] recon_mse=0.01701
[epoch 137] recon_mse=0.01700
[epoch 138] recon_mse=0.01699
[epoch 139] recon_mse=0.01698
[epoch 140] recon_mse=0.01696 quick_test_acc=0.2425 ent=4.6072
[epoch 141] recon_mse=0.01695
[epoch 142] recon_mse=0.01695
[epoch 143] recon_mse=0.01693
[epoch 144] recon_mse=0.01692
[epoch 145] recon_mse=0.01691 quick_test_acc=0.2437 ent=4.5936
[epoch 146] recon_mse=0.01690
[epoch 147] recon_mse=0.01689
[epoch 148] recon_mse=0.01688
[epoch 149] recon_mse=0.01687
[epoch 150] recon_mse=0.01686 quick_test_acc=0.2454 ent=4.5742
[epoch 151] recon_mse=0.01684
[epoch 152] recon_mse=0.01683
[epoch 153] recon_mse=0.01682
[epoch 154] recon_mse=0.01681
[epoch 155] recon_mse=0.01680 quick_test_acc=0.2464 ent=4.5567
[epoch 156] recon_mse=0.01679
[epoch 157] recon_mse=0.01678
[epoch 158] recon_mse=0.01677
[epoch 159] recon_mse=0.01676
[epoch 160] recon_mse=0.01675 quick_test_acc=0.2482 ent=4.5400
[epoch 161] recon_mse=0.01674
[epoch 162] recon_mse=0.01673
[epoch 163] recon_mse=0.01671
[epoch 164] recon_mse=0.01671
[epoch 165] recon_mse=0.01670 quick_test_acc=0.2506 ent=4.5288
[epoch 166] recon_mse=0.01669
[epoch 167] recon_mse=0.01668
[epoch 168] recon_mse=0.01667
[epoch 169] recon_mse=0.01666
[epoch 170] recon_mse=0.01665 quick_test_acc=0.2523 ent=4.5182
[epoch 171] recon_mse=0.01664
[epoch 172] recon_mse=0.01663
[epoch 173] recon_mse=0.01662
[epoch 174] recon_mse=0.01661
[epoch 175] recon_mse=0.01661 quick_test_acc=0.2540 ent=4.5032
[epoch 176] recon_mse=0.01660
[epoch 177] recon_mse=0.01658
[epoch 178] recon_mse=0.01658
[epoch 179] recon_mse=0.01656
[epoch 180] recon_mse=0.01656 quick_test_acc=0.2556 ent=4.4954
[epoch 181] recon_mse=0.01655
[epoch 182] recon_mse=0.01654
[epoch 183] recon_mse=0.01653
[epoch 184] recon_mse=0.01652
[epoch 185] recon_mse=0.01651 quick_test_acc=0.2572 ent=4.4848
[epoch 186] recon_mse=0.01650
[epoch 187] recon_mse=0.01649
[epoch 188] recon_mse=0.01648
[epoch 189] recon_mse=0.01648
[epoch 190] recon_mse=0.01647 quick_test_acc=0.2566 ent=4.4716
[epoch 191] recon_mse=0.01646
[epoch 192] recon_mse=0.01645
[epoch 193] recon_mse=0.01644
[epoch 194] recon_mse=0.01644
[epoch 195] recon_mse=0.01642 quick_test_acc=0.2594 ent=4.4565
[epoch 196] recon_mse=0.01642
[epoch 197] recon_mse=0.01640
[epoch 198] recon_mse=0.01640
[epoch 199] recon_mse=0.01640
[epoch 200] recon_mse=0.01639 quick_test_acc=0.2591 ent=4.4482
[epoch 201] recon_mse=0.01638
[epoch 202] recon_mse=0.01637
[epoch 203] recon_mse=0.01636
[epoch 204] recon_mse=0.01635
[epoch 205] recon_mse=0.01634 quick_test_acc=0.2621 ent=4.4413
[epoch 206] recon_mse=0.01633
[epoch 207] recon_mse=0.01633
[epoch 208] recon_mse=0.01632
[epoch 209] recon_mse=0.01631
[epoch 210] recon_mse=0.01631 quick_test_acc=0.2619 ent=4.4306
[epoch 211] recon_mse=0.01630
[epoch 212] recon_mse=0.01629
[epoch 213] recon_mse=0.01628
[epoch 214] recon_mse=0.01628
[epoch 215] recon_mse=0.01626 quick_test_acc=0.2637 ent=4.4171
[epoch 216] recon_mse=0.01626
[epoch 217] recon_mse=0.01625
[epoch 218] recon_mse=0.01624
[epoch 219] recon_mse=0.01623
[epoch 220] recon_mse=0.01623 quick_test_acc=0.2654 ent=4.4117
[epoch 221] recon_mse=0.01622
[epoch 222] recon_mse=0.01622
[epoch 223] recon_mse=0.01620
[epoch 224] recon_mse=0.01620
[epoch 225] recon_mse=0.01619 quick_test_acc=0.2656 ent=4.4023
[epoch 226] recon_mse=0.01618
[epoch 227] recon_mse=0.01617
[epoch 228] recon_mse=0.01617
[epoch 229] recon_mse=0.01617
[epoch 230] recon_mse=0.01615 quick_test_acc=0.2668 ent=4.3906
[epoch 231] recon_mse=0.01615
[epoch 232] recon_mse=0.01614
[epoch 233] recon_mse=0.01614
[epoch 234] recon_mse=0.01613
[epoch 235] recon_mse=0.01612 quick_test_acc=0.2673 ent=4.3927
[epoch 236] recon_mse=0.01612
[epoch 237] recon_mse=0.01611
[epoch 238] recon_mse=0.01610
[epoch 239] recon_mse=0.01609
[epoch 240] recon_mse=0.01609 quick_test_acc=0.2678 ent=4.3819
[epoch 241] recon_mse=0.01608
[epoch 242] recon_mse=0.01608
[epoch 243] recon_mse=0.01607
[epoch 244] recon_mse=0.01606
[epoch 245] recon_mse=0.01606 quick_test_acc=0.2702 ent=4.3665
[epoch 246] recon_mse=0.01605
[epoch 247] recon_mse=0.01604
[epoch 248] recon_mse=0.01604
[epoch 249] recon_mse=0.01603
[epoch 250] recon_mse=0.01602 quick_test_acc=0.2708 ent=4.3640
[epoch 251] recon_mse=0.01601
[epoch 252] recon_mse=0.01600
[epoch 253] recon_mse=0.01600
[epoch 254] recon_mse=0.01599
[epoch 255] recon_mse=0.01599 quick_test_acc=0.2712 ent=4.3622
[epoch 256] recon_mse=0.01598
[epoch 257] recon_mse=0.01597
[epoch 258] recon_mse=0.01597
[epoch 259] recon_mse=0.01596
[epoch 260] recon_mse=0.01596 quick_test_acc=0.2731 ent=4.3541
[epoch 261] recon_mse=0.01595
[epoch 262] recon_mse=0.01594
[epoch 263] recon_mse=0.01594
[epoch 264] recon_mse=0.01593
[epoch 265] recon_mse=0.01593 quick_test_acc=0.2732 ent=4.3475
[epoch 266] recon_mse=0.01593
[epoch 267] recon_mse=0.01591
[epoch 268] recon_mse=0.01591
[epoch 269] recon_mse=0.01590
[epoch 270] recon_mse=0.01589 quick_test_acc=0.2753 ent=4.3404
[epoch 271] recon_mse=0.01589
[epoch 272] recon_mse=0.01588
[epoch 273] recon_mse=0.01588
[epoch 274] recon_mse=0.01587
[epoch 275] recon_mse=0.01587 quick_test_acc=0.2760 ent=4.3356
[epoch 276] recon_mse=0.01586
[epoch 277] recon_mse=0.01585
[epoch 278] recon_mse=0.01585
[epoch 279] recon_mse=0.01585
[epoch 280] recon_mse=0.01584 quick_test_acc=0.2755 ent=4.3344
[epoch 281] recon_mse=0.01583
[epoch 282] recon_mse=0.01583
[epoch 283] recon_mse=0.01582
[epoch 284] recon_mse=0.01581
[epoch 285] recon_mse=0.01581 quick_test_acc=0.2758 ent=4.3245
[epoch 286] recon_mse=0.01580
[epoch 287] recon_mse=0.01580
[epoch 288] recon_mse=0.01579
[epoch 289] recon_mse=0.01579
[epoch 290] recon_mse=0.01578 quick_test_acc=0.2766 ent=4.3230
[epoch 291] recon_mse=0.01578
[epoch 292] recon_mse=0.01577
[epoch 293] recon_mse=0.01577
[epoch 294] recon_mse=0.01576
[epoch 295] recon_mse=0.01575 quick_test_acc=0.2785 ent=4.3201
[epoch 296] recon_mse=0.01575
[epoch 297] recon_mse=0.01574
[epoch 298] recon_mse=0.01574
[epoch 299] recon_mse=0.01573
[epoch 300] recon_mse=0.01573 quick_test_acc=0.2803 ent=4.3072
[full_eval_best] {
  "created_at": "2026-06-20 09:16:26",
  "ckpt": "/home/Hongjie_Zeng/high_order_BM/runs_vggsound_full_AF020_standard_audio_cnnlstm4096_h8_lc5_e300/best.pt",
  "ckpt_epoch": 300,
  "ckpt_best_acc": 0.28029463529105014,
  "eval_steps": 3000,
  "eval_burn_in": 500,
  "eval_thin": 2,
  "test_label_gibbs_acc": 0.2776220585359494,
  "test_label_entropy": 4.30196034014225,
  "computed_dims": {
    "input_dim": 4096,
    "label_dim": 1545,
    "hidden_dim": 32768,
    "total_pbits": 38409,
    "num_classes": 309
  },
  "data_dims": {
    "feature_npz": "/home/Hongjie_Zeng/high_order_BM/data_vggsound_full/features/vggsound_full_audio_cnnlstm4096_stft128x96_per_dim_zscore_sigmoid_seed123.npz",
    "train_size": 182615,
    "test_size": 15341,
    "num_classes": 309,
    "class_names": [
      "air conditioning noise",
      "air horn",
      "airplane",
      "airplane flyby",
      "alarm clock ringing",
      "alligators, crocodiles hissing",
      "ambulance siren",
      "arc welding",
      "baby babbling",
      "baby crying",
      "baby laughter",
      "baltimore oriole calling",
      "barn swallow calling",
      "basketball bounce",
      "bathroom ventilation fan running",
      "beat boxing",
      "bee, wasp, etc. buzzing",
      "bird chirping, tweeting",
      "bird squawking",
      "bird wings flapping",
      "black capped chickadee calling",
      "blowtorch igniting",
      "bouncing on trampoline",
      "bowling impact",
      "bull bellowing",
      "canary calling",
      "cap gun shooting",
      "car engine idling",
      "car engine knocking",
      "car engine starting",
      "car passing by",
      "cat caterwauling",
      "cat growling",
      "cat hissing",
      "cat meowing",
      "cat purring",
      "cattle mooing",
      "cattle, bovinae cowbell",
      "cell phone buzzing",
      "chainsawing trees",
      "cheetah chirrup",
      "chicken clucking",
      "chicken crowing",
      "child singing",
      "child speech, kid speaking",
      "children shouting",
      "chimpanzee pant-hooting",
      "chinchilla barking",
      "chipmunk chirping",
      "chopping food",
      "chopping wood",
      "church bell ringing",
      "civil defense siren",
      "cow lowing",
      "coyote howling",
      "cricket chirping",
      "crow cawing",
      "cuckoo bird calling",
      "cupboard opening or closing",
      "cutting hair with electric trimmers",
      "dinosaurs bellowing",
      "disc scratching",
      "dog barking",
      "dog baying",
      "dog bow-wow",
      "dog growling",
      "dog howling",
      "dog whimpering",
      "donkey, ass braying",
      "door slamming",
      "driving buses",
      "driving motorcycle",
      "driving snowmobile",
      "duck quacking",
      "eagle screaming",
      "eating with cutlery",
      "electric grinder grinding",
      "electric shaver, electric razor shaving",
      "elephant trumpeting",
      "eletric blender running",
      "elk bugling",
      "engine accelerating, revving, vroom",
      "female singing",
      "female speech, woman speaking",
      "ferret dooking",
      "fire crackling",
      "fire truck siren",
      "fireworks banging",
      "firing cannon",
      "firing muskets",
      "fly, housefly buzzing",
      "foghorn",
      "footsteps on snow",
      "forging swords",
      "fox barking",
      "francolin calling",
      "frog croaking",
      "gibbon howling",
      "goat bleating",
      "golf driving",
      "goose honking",
      "hail",
      "hair dryer drying",
      "hammering nails",
      "heart sounds, heartbeat",
      "hedge trimmer running",
      "helicopter",
      "horse clip-clop",
      "horse neighing",
      "ice cracking",
      "ice cream truck, ice cream van",
      "lathe spinning",
      "lawn mowing",
      "lighting firecrackers",
      "lions growling",
      "lions roaring",
      "lip smacking",
      "machine gun shooting",
      "magpie calling",
      "male singing",
      "male speech, man speaking",
      "metronome",
      "missile launch",
      "mosquito buzzing",
      "motorboat, speedboat acceleration",
      "mouse clicking",
      "mouse pattering",
      "mouse squeaking",
      "mynah bird singing",
      "ocean burbling",
      "opening or closing car doors",
      "opening or closing car electric windows",
      "opening or closing drawers",
      "orchestra",
      "otter growling",
      "owl hooting",
      "parrot talking",
      "penguins braying",
      "people babbling",
      "people battle cry",
      "people belly laughing",
      "people booing",
      "people burping",
      "people cheering",
      "people clapping",
      "people coughing",
      "people crowd",
      "people eating",
      "people eating apple",
      "people eating crisps",
      "people eating noodle",
      "people farting",
      "people finger snapping",
      "people gargling",
      "people giggling",
      "people hiccup",
      "people humming",
      "people marching",
      "people nose blowing",
      "people running",
      "people screaming",
      "people shuffling",
      "people slapping",
      "people slurping",
      "people sneezing",
      "people sniggering",
      "people sobbing",
      "people whispering",
      "people whistling",
      "pheasant crowing",
      "pig oinking",
      "pigeon, dove cooing",
      "planing timber",
      "plastic bottle crushing",
      "playing accordion",
      "playing acoustic guitar",
      "playing badminton",
      "playing bagpipes",
      "playing banjo",
      "playing bass drum",
      "playing bass guitar",
      "playing bassoon",
      "playing bongo",
      "playing bugle",
      "playing castanets",
      "playing cello",
      "playing clarinet",
      "playing congas",
      "playing cornet",
      "playing cymbal",
      "playing darts",
      "playing didgeridoo",
      "playing djembe",
      "playing double bass",
      "playing drum kit",
      "playing electric guitar",
      "playing electronic organ",
      "playing erhu",
      "playing flute",
      "playing french horn",
      "playing glockenspiel",
      "playing gong",
      "playing guiro",
      "playing hammond organ",
      "playing harmonica",
      "playing harp",
      "playing harpsichord",
      "playing hockey",
      "playing lacrosse",
      "playing mandolin",
      "playing marimba, xylophone",
      "playing oboe",
      "playing piano",
      "playing saxophone",
      "playing shofar",
      "playing sitar",
      "playing snare drum",
      "playing squash",
      "playing steel guitar, slide guitar",
      "playing steelpan",
      "playing synthesizer",
      "playing tabla",
      "playing table tennis",
      "playing tambourine",
      "playing tennis",
      "playing theremin",
      "playing timbales",
      "playing timpani",
      "playing trombone",
      "playing trumpet",
      "playing tuning fork",
      "playing tympani",
      "playing ukulele",
      "playing vibraphone",
      "playing violin, fiddle",
      "playing volleyball",
      "playing washboard",
      "playing zither",
      "police car (siren)",
      "police radio chatter",
      "popping popcorn",
      "printer printing",
      "pumping water",
      "race car, auto racing",
      "railroad car, train wagon",
      "raining",
      "rapping",
      "reversing beeps",
      "ripping paper",
      "roller coaster running",
      "rope skipping",
      "rowboat, canoe, kayak rowing",
      "running electric fan",
      "sailing",
      "scuba diving",
      "sea lion barking",
      "sea waves",
      "sharpen knife",
      "sheep bleating",
      "shot football",
      "singing bowl",
      "singing choir",
      "skateboarding",
      "skidding",
      "skiing",
      "sliding door",
      "sloshing water",
      "slot machine",
      "smoke detector beeping",
      "snake hissing",
      "snake rattling",
      "splashing water",
      "spraying water",
      "squishing water",
      "stream burbling",
      "strike lighter",
      "striking bowling",
      "striking pool",
      "subway, metro, underground",
      "swimming",
      "tap dancing",
      "tapping guitar",
      "telephone bell ringing",
      "thunder",
      "toilet flushing",
      "tornado roaring",
      "tractor digging",
      "train horning",
      "train wheels squealing",
      "train whistling",
      "turkey gobbling",
      "typing on computer keyboard",
      "typing on typewriter",
      "underwater bubbling",
      "using sewing machines",
      "vacuum cleaner cleaning floors",
      "vehicle horn, car horn, honking",
      "volcano explosion",
      "warbler chirping",
      "waterfall burbling",
      "whale calling",
      "wind chime",
      "wind noise",
      "wind rustling leaves",
      "wood thrush calling",
      "woodpecker pecking tree",
      "writing on blackboard with chalk",
      "yodelling",
      "zebra braying"
    ],
    "video_dim": 1,
    "motion_dim": 1,
    "audio_dim": 4096
  }
}
{
  "experiment_id": "AF020_standard_audio_cnnlstm4096_h8_lc5_e300",
  "finished_at": "2026-06-20 09:16:26",
  "model_type": "standard",
  "best_epoch": 300,
  "best_acc_selection_metric": 0.28029463529105014,
  "final_epoch": 300,
  "final_test_label_gibbs_acc": 0.28029463529105014,
  "full_eval_best_acc": 0.2776220585359494,
  "computed_dims": {
    "input_dim": 4096,
    "label_dim": 1545,
    "hidden_dim": 32768,
    "total_pbits": 38409,
    "num_classes": 309
  },
  "data_dims": {
    "feature_npz": "/home/Hongjie_Zeng/high_order_BM/data_vggsound_full/features/vggsound_full_audio_cnnlstm4096_stft128x96_per_dim_zscore_sigmoid_seed123.npz",
    "train_size": 182615,
    "test_size": 15341,
    "num_classes": 309,
    "class_names": [
      "air conditioning noise",
      "air horn",
      "airplane",
      "airplane flyby",
      "alarm clock ringing",
      "alligators, crocodiles hissing",
      "ambulance siren",
      "arc welding",
      "baby babbling",
      "baby crying",
      "baby laughter",
      "baltimore oriole calling",
      "barn swallow calling",
      "basketball bounce",
      "bathroom ventilation fan running",
      "beat boxing",
      "bee, wasp, etc. buzzing",
      "bird chirping, tweeting",
      "bird squawking",
      "bird wings flapping",
      "black capped chickadee calling",
      "blowtorch igniting",
      "bouncing on trampoline",
      "bowling impact",
      "bull bellowing",
      "canary calling",
      "cap gun shooting",
      "car engine idling",
      "car engine knocking",
      "car engine starting",
      "car passing by",
      "cat caterwauling",
      "cat growling",
      "cat hissing",
      "cat meowing",
      "cat purring",
      "cattle mooing",
      "cattle, bovinae cowbell",
      "cell phone buzzing",
      "chainsawing trees",
      "cheetah chirrup",
      "chicken clucking",
      "chicken crowing",
      "child singing",
      "child speech, kid speaking",
      "children shouting",
      "chimpanzee pant-hooting",
      "chinchilla barking",
      "chipmunk chirping",
      "chopping food",
      "chopping wood",
      "church bell ringing",
      "civil defense siren",
      "cow lowing",
      "coyote howling",
      "cricket chirping",
      "crow cawing",
      "cuckoo bird calling",
      "cupboard opening or closing",
      "cutting hair with electric trimmers",
      "dinosaurs bellowing",
      "disc scratching",
      "dog barking",
      "dog baying",
      "dog bow-wow",
      "dog growling",
      "dog howling",
      "dog whimpering",
      "donkey, ass braying",
      "door slamming",
      "driving buses",
      "driving motorcycle",
      "driving snowmobile",
      "duck quacking",
      "eagle screaming",
      "eating with cutlery",
      "electric grinder grinding",
      "electric shaver, electric razor shaving",
      "elephant trumpeting",
      "eletric blender running",
      "elk bugling",
      "engine accelerating, revving, vroom",
      "female singing",
      "female speech, woman speaking",
      "ferret dooking",
      "fire crackling",
      "fire truck siren",
      "fireworks banging",
      "firing cannon",
      "firing muskets",
      "fly, housefly buzzing",
      "foghorn",
      "footsteps on snow",
      "forging swords",
      "fox barking",
      "francolin calling",
      "frog croaking",
      "gibbon howling",
      "goat bleating",
      "golf driving",
      "goose honking",
      "hail",
      "hair dryer drying",
      "hammering nails",
      "heart sounds, heartbeat",
      "hedge trimmer running",
      "helicopter",
      "horse clip-clop",
      "horse neighing",
      "ice cracking",
      "ice cream truck, ice cream van",
      "lathe spinning",
      "lawn mowing",
      "lighting firecrackers",
      "lions growling",
      "lions roaring",
      "lip smacking",
      "machine gun shooting",
      "magpie calling",
      "male singing",
      "male speech, man speaking",
      "metronome",
      "missile launch",
      "mosquito buzzing",
      "motorboat, speedboat acceleration",
      "mouse clicking",
      "mouse pattering",
      "mouse squeaking",
      "mynah bird singing",
      "ocean burbling",
      "opening or closing car doors",
      "opening or closing car electric windows",
      "opening or closing drawers",
      "orchestra",
      "otter growling",
      "owl hooting",
      "parrot talking",
      "penguins braying",
      "people babbling",
      "people battle cry",
      "people belly laughing",
      "people booing",
      "people burping",
      "people cheering",
      "people clapping",
      "people coughing",
      "people crowd",
      "people eating",
      "people eating apple",
      "people eating crisps",
      "people eating noodle",
      "people farting",
      "people finger snapping",
      "people gargling",
      "people giggling",
      "people hiccup",
      "people humming",
      "people marching",
      "people nose blowing",
      "people running",
      "people screaming",
      "people shuffling",
      "people slapping",
      "people slurping",
      "people sneezing",
      "people sniggering",
      "people sobbing",
      "people whispering",
      "people whistling",
      "pheasant crowing",
      "pig oinking",
      "pigeon, dove cooing",
      "planing timber",
      "plastic bottle crushing",
      "playing accordion",
      "playing acoustic guitar",
      "playing badminton",
      "playing bagpipes",
      "playing banjo",
      "playing bass drum",
      "playing bass guitar",
      "playing bassoon",
      "playing bongo",
      "playing bugle",
      "playing castanets",
      "playing cello",
      "playing clarinet",
      "playing congas",
      "playing cornet",
      "playing cymbal",
      "playing darts",
      "playing didgeridoo",
      "playing djembe",
      "playing double bass",
      "playing drum kit",
      "playing electric guitar",
      "playing electronic organ",
      "playing erhu",
      "playing flute",
      "playing french horn",
      "playing glockenspiel",
      "playing gong",
      "playing guiro",
      "playing hammond organ",
      "playing harmonica",
      "playing harp",
      "playing harpsichord",
      "playing hockey",
      "playing lacrosse",
      "playing mandolin",
      "playing marimba, xylophone",
      "playing oboe",
      "playing piano",
      "playing saxophone",
      "playing shofar",
      "playing sitar",
      "playing snare drum",
      "playing squash",
      "playing steel guitar, slide guitar",
      "playing steelpan",
      "playing synthesizer",
      "playing tabla",
      "playing table tennis",
      "playing tambourine",
      "playing tennis",
      "playing theremin",
      "playing timbales",
      "playing timpani",
      "playing trombone",
      "playing trumpet",
      "playing tuning fork",
      "playing tympani",
      "playing ukulele",
      "playing vibraphone",
      "playing violin, fiddle",
      "playing volleyball",
      "playing washboard",
      "playing zither",
      "police car (siren)",
      "police radio chatter",
      "popping popcorn",
      "printer printing",
      "pumping water",
      "race car, auto racing",
      "railroad car, train wagon",
      "raining",
      "rapping",
      "reversing beeps",
      "ripping paper",
      "roller coaster running",
      "rope skipping",
      "rowboat, canoe, kayak rowing",
      "running electric fan",
      "sailing",
      "scuba diving",
      "sea lion barking",
      "sea waves",
      "sharpen knife",
      "sheep bleating",
      "shot football",
      "singing bowl",
      "singing choir",
      "skateboarding",
      "skidding",
      "skiing",
      "sliding door",
      "sloshing water",
      "slot machine",
      "smoke detector beeping",
      "snake hissing",
      "snake rattling",
      "splashing water",
      "spraying water",
      "squishing water",
      "stream burbling",
      "strike lighter",
      "striking bowling",
      "striking pool",
      "subway, metro, underground",
      "swimming",
      "tap dancing",
      "tapping guitar",
      "telephone bell ringing",
      "thunder",
      "toilet flushing",
      "tornado roaring",
      "tractor digging",
      "train horning",
      "train wheels squealing",
      "train whistling",
      "turkey gobbling",
      "typing on computer keyboard",
      "typing on typewriter",
      "underwater bubbling",
      "using sewing machines",
      "vacuum cleaner cleaning floors",
      "vehicle horn, car horn, honking",
      "volcano explosion",
      "warbler chirping",
      "waterfall burbling",
      "whale calling",
      "wind chime",
      "wind noise",
      "wind rustling leaves",
      "wood thrush calling",
      "woodpecker pecking tree",
      "writing on blackboard with chalk",
      "yodelling",
      "zebra braying"
    ],
    "video_dim": 1,
    "motion_dim": 1,
    "audio_dim": 4096
  },
  "out_dir": "/home/Hongjie_Zeng/high_order_BM/runs_vggsound_full_AF020_standard_audio_cnnlstm4096_h8_lc5_e300"
}
