[data] train=182615 test=15341 classes=309 video=2048 motion=1 audio=1 device=cuda
[model] standard input=2048 label=1545 hidden=12288 total=15881 mode=video
[init] estimating visible bias from training set
[epoch 001] recon_mse=0.03090
[epoch 002] recon_mse=0.02970
[epoch 003] recon_mse=0.02795
[epoch 004] recon_mse=0.02644
[epoch 005] recon_mse=0.02538 quick_test_acc=0.0484 ent=5.5886
[epoch 006] recon_mse=0.02442
[epoch 007] recon_mse=0.02358
[epoch 008] recon_mse=0.02294
[epoch 009] recon_mse=0.02238
[epoch 010] recon_mse=0.02187 quick_test_acc=0.1139 ent=5.5767
[epoch 011] recon_mse=0.02143
[epoch 012] recon_mse=0.02104
[epoch 013] recon_mse=0.02072
[epoch 014] recon_mse=0.02044
[epoch 015] recon_mse=0.02018 quick_test_acc=0.1539 ent=5.5651
[epoch 016] recon_mse=0.01995
[epoch 017] recon_mse=0.01976
[epoch 018] recon_mse=0.01958
[epoch 019] recon_mse=0.01943
[epoch 020] recon_mse=0.01930 quick_test_acc=0.1676 ent=5.5338
[epoch 021] recon_mse=0.01917
[epoch 022] recon_mse=0.01905
[epoch 023] recon_mse=0.01895
[epoch 024] recon_mse=0.01885
[epoch 025] recon_mse=0.01877 quick_test_acc=0.1796 ent=5.4912
[epoch 026] recon_mse=0.01868
[epoch 027] recon_mse=0.01861
[epoch 028] recon_mse=0.01853
[epoch 029] recon_mse=0.01847
[epoch 030] recon_mse=0.01840 quick_test_acc=0.1876 ent=5.4300
[epoch 031] recon_mse=0.01834
[epoch 032] recon_mse=0.01828
[epoch 033] recon_mse=0.01821
[epoch 034] recon_mse=0.01817
[epoch 035] recon_mse=0.01811 quick_test_acc=0.1993 ent=5.3550
[epoch 036] recon_mse=0.01805
[epoch 037] recon_mse=0.01800
[epoch 038] recon_mse=0.01796
[epoch 039] recon_mse=0.01791
[epoch 040] recon_mse=0.01787 quick_test_acc=0.2075 ent=5.2632
[epoch 041] recon_mse=0.01782
[epoch 042] recon_mse=0.01778
[epoch 043] recon_mse=0.01773
[epoch 044] recon_mse=0.01768
[epoch 045] recon_mse=0.01764 quick_test_acc=0.2131 ent=5.1585
[epoch 046] recon_mse=0.01760
[epoch 047] recon_mse=0.01755
[epoch 048] recon_mse=0.01750
[epoch 049] recon_mse=0.01748
[epoch 050] recon_mse=0.01742 quick_test_acc=0.2226 ent=5.0584
[epoch 051] recon_mse=0.01740
[epoch 052] recon_mse=0.01735
[epoch 053] recon_mse=0.01731
[epoch 054] recon_mse=0.01726
[epoch 055] recon_mse=0.01723 quick_test_acc=0.2296 ent=4.9512
[epoch 056] recon_mse=0.01719
[epoch 057] recon_mse=0.01716
[epoch 058] recon_mse=0.01711
[epoch 059] recon_mse=0.01708
[epoch 060] recon_mse=0.01704 quick_test_acc=0.2354 ent=4.8520
[epoch 061] recon_mse=0.01700
[epoch 062] recon_mse=0.01697
[epoch 063] recon_mse=0.01694
[epoch 064] recon_mse=0.01690
[epoch 065] recon_mse=0.01686 quick_test_acc=0.2415 ent=4.7575
[epoch 066] recon_mse=0.01682
[epoch 067] recon_mse=0.01680
[epoch 068] recon_mse=0.01677
[epoch 069] recon_mse=0.01673
[epoch 070] recon_mse=0.01670 quick_test_acc=0.2475 ent=4.6716
[epoch 071] recon_mse=0.01668
[epoch 072] recon_mse=0.01664
[epoch 073] recon_mse=0.01661
[epoch 074] recon_mse=0.01658
[epoch 075] recon_mse=0.01655 quick_test_acc=0.2533 ent=4.5967
[epoch 076] recon_mse=0.01652
[epoch 077] recon_mse=0.01649
[epoch 078] recon_mse=0.01645
[epoch 079] recon_mse=0.01643
[epoch 080] recon_mse=0.01640 quick_test_acc=0.2581 ent=4.5218
[epoch 081] recon_mse=0.01637
[epoch 082] recon_mse=0.01634
[epoch 083] recon_mse=0.01631
[epoch 084] recon_mse=0.01628
[epoch 085] recon_mse=0.01626 quick_test_acc=0.2643 ent=4.4531
[epoch 086] recon_mse=0.01624
[epoch 087] recon_mse=0.01620
[epoch 088] recon_mse=0.01617
[epoch 089] recon_mse=0.01614
[epoch 090] recon_mse=0.01611 quick_test_acc=0.2698 ent=4.3926
[epoch 091] recon_mse=0.01609
[epoch 092] recon_mse=0.01606
[epoch 093] recon_mse=0.01603
[epoch 094] recon_mse=0.01601
[epoch 095] recon_mse=0.01598 quick_test_acc=0.2735 ent=4.3359
[epoch 096] recon_mse=0.01595
[epoch 097] recon_mse=0.01594
[epoch 098] recon_mse=0.01591
[epoch 099] recon_mse=0.01588
[epoch 100] recon_mse=0.01585 quick_test_acc=0.2801 ent=4.2864
[epoch 101] recon_mse=0.01583
[epoch 102] recon_mse=0.01580
[epoch 103] recon_mse=0.01578
[epoch 104] recon_mse=0.01575
[epoch 105] recon_mse=0.01572 quick_test_acc=0.2835 ent=4.2362
[epoch 106] recon_mse=0.01571
[epoch 107] recon_mse=0.01568
[epoch 108] recon_mse=0.01565
[epoch 109] recon_mse=0.01563
[epoch 110] recon_mse=0.01560 quick_test_acc=0.2865 ent=4.1972
[epoch 111] recon_mse=0.01558
[epoch 112] recon_mse=0.01556
[epoch 113] recon_mse=0.01554
[epoch 114] recon_mse=0.01551
[epoch 115] recon_mse=0.01549 quick_test_acc=0.2909 ent=4.1551
[epoch 116] recon_mse=0.01546
[epoch 117] recon_mse=0.01543
[epoch 118] recon_mse=0.01542
[epoch 119] recon_mse=0.01539
[epoch 120] recon_mse=0.01537 quick_test_acc=0.2924 ent=4.1214
[epoch 121] recon_mse=0.01534
[epoch 122] recon_mse=0.01533
[epoch 123] recon_mse=0.01530
[epoch 124] recon_mse=0.01527
[epoch 125] recon_mse=0.01526 quick_test_acc=0.2983 ent=4.0880
[epoch 126] recon_mse=0.01523
[epoch 127] recon_mse=0.01521
[epoch 128] recon_mse=0.01518
[epoch 129] recon_mse=0.01516
[epoch 130] recon_mse=0.01514 quick_test_acc=0.3010 ent=4.0524
[epoch 131] recon_mse=0.01512
[epoch 132] recon_mse=0.01510
[epoch 133] recon_mse=0.01507
[epoch 134] recon_mse=0.01505
[epoch 135] recon_mse=0.01504 quick_test_acc=0.3041 ent=4.0239
[epoch 136] recon_mse=0.01501
[epoch 137] recon_mse=0.01500
[epoch 138] recon_mse=0.01498
[epoch 139] recon_mse=0.01495
[epoch 140] recon_mse=0.01493 quick_test_acc=0.3070 ent=3.9931
[epoch 141] recon_mse=0.01491
[epoch 142] recon_mse=0.01490
[epoch 143] recon_mse=0.01486
[epoch 144] recon_mse=0.01485
[epoch 145] recon_mse=0.01483 quick_test_acc=0.3100 ent=3.9680
[epoch 146] recon_mse=0.01480
[epoch 147] recon_mse=0.01479
[epoch 148] recon_mse=0.01476
[epoch 149] recon_mse=0.01475
[epoch 150] recon_mse=0.01473 quick_test_acc=0.3116 ent=3.9450
[epoch 151] recon_mse=0.01471
[epoch 152] recon_mse=0.01468
[epoch 153] recon_mse=0.01466
[epoch 154] recon_mse=0.01465
[epoch 155] recon_mse=0.01463 quick_test_acc=0.3149 ent=3.9192
[epoch 156] recon_mse=0.01461
[epoch 157] recon_mse=0.01459
[epoch 158] recon_mse=0.01458
[epoch 159] recon_mse=0.01455
[epoch 160] recon_mse=0.01454 quick_test_acc=0.3166 ent=3.8959
[epoch 161] recon_mse=0.01452
[epoch 162] recon_mse=0.01450
[epoch 163] recon_mse=0.01448
[epoch 164] recon_mse=0.01446
[epoch 165] recon_mse=0.01444 quick_test_acc=0.3206 ent=3.8782
[epoch 166] recon_mse=0.01443
[epoch 167] recon_mse=0.01441
[epoch 168] recon_mse=0.01439
[epoch 169] recon_mse=0.01437
[epoch 170] recon_mse=0.01436 quick_test_acc=0.3225 ent=3.8563
[epoch 171] recon_mse=0.01434
[epoch 172] recon_mse=0.01432
[epoch 173] recon_mse=0.01430
[epoch 174] recon_mse=0.01429
[epoch 175] recon_mse=0.01427 quick_test_acc=0.3244 ent=3.8368
[epoch 176] recon_mse=0.01425
[epoch 177] recon_mse=0.01424
[epoch 178] recon_mse=0.01422
[epoch 179] recon_mse=0.01420
[epoch 180] recon_mse=0.01418 quick_test_acc=0.3254 ent=3.8199
[epoch 181] recon_mse=0.01417
[epoch 182] recon_mse=0.01415
[epoch 183] recon_mse=0.01413
[epoch 184] recon_mse=0.01411
[epoch 185] recon_mse=0.01410 quick_test_acc=0.3274 ent=3.7982
[epoch 186] recon_mse=0.01409
[epoch 187] recon_mse=0.01407
[epoch 188] recon_mse=0.01405
[epoch 189] recon_mse=0.01403
[epoch 190] recon_mse=0.01402 quick_test_acc=0.3283 ent=3.7852
[epoch 191] recon_mse=0.01401
[epoch 192] recon_mse=0.01399
[epoch 193] recon_mse=0.01397
[epoch 194] recon_mse=0.01396
[epoch 195] recon_mse=0.01395 quick_test_acc=0.3294 ent=3.7672
[epoch 196] recon_mse=0.01393
[epoch 197] recon_mse=0.01391
[epoch 198] recon_mse=0.01389
[epoch 199] recon_mse=0.01389
[epoch 200] recon_mse=0.01386 quick_test_acc=0.3329 ent=3.7483
[epoch 201] recon_mse=0.01385
[epoch 202] recon_mse=0.01384
[epoch 203] recon_mse=0.01382
[epoch 204] recon_mse=0.01381
[epoch 205] recon_mse=0.01379 quick_test_acc=0.3339 ent=3.7355
[epoch 206] recon_mse=0.01378
[epoch 207] recon_mse=0.01376
[epoch 208] recon_mse=0.01375
[epoch 209] recon_mse=0.01374
[epoch 210] recon_mse=0.01372 quick_test_acc=0.3347 ent=3.7204
[epoch 211] recon_mse=0.01370
[epoch 212] recon_mse=0.01369
[epoch 213] recon_mse=0.01368
[epoch 214] recon_mse=0.01366
[epoch 215] recon_mse=0.01365 quick_test_acc=0.3371 ent=3.7048
[epoch 216] recon_mse=0.01364
[epoch 217] recon_mse=0.01362
[epoch 218] recon_mse=0.01361
[epoch 219] recon_mse=0.01359
[epoch 220] recon_mse=0.01358 quick_test_acc=0.3379 ent=3.6886
[full_eval_best] {
  "created_at": "2026-06-20 08:54:08",
  "ckpt": "/home/Hongjie_Zeng/high_order_BM/runs_vggsound_full_VF020_standard_video_lstm2048_h6_lc5_e220/best.pt",
  "ckpt_epoch": 220,
  "ckpt_best_acc": 0.33785281272407275,
  "eval_steps": 3000,
  "eval_burn_in": 500,
  "eval_thin": 2,
  "test_label_gibbs_acc": 0.33785281272407275,
  "test_label_entropy": 3.6890577216943106,
  "computed_dims": {
    "input_dim": 2048,
    "label_dim": 1545,
    "hidden_dim": 12288,
    "total_pbits": 15881,
    "num_classes": 309
  },
  "data_dims": {
    "feature_npz": "/home/Hongjie_Zeng/high_order_BM/data_vggsound_full/features/vggsound_full_video_lstm2048_resnet50_f16_seed123.npz",
    "train_size": 182615,
    "test_size": 15341,
    "num_classes": 309,
    "class_names": [
      "air conditioning noise",
      "air horn",
      "airplane",
      "airplane flyby",
      "alarm clock ringing",
      "alligators, crocodiles hissing",
      "ambulance siren",
      "arc welding",
      "baby babbling",
      "baby crying",
      "baby laughter",
      "baltimore oriole calling",
      "barn swallow calling",
      "basketball bounce",
      "bathroom ventilation fan running",
      "beat boxing",
      "bee, wasp, etc. buzzing",
      "bird chirping, tweeting",
      "bird squawking",
      "bird wings flapping",
      "black capped chickadee calling",
      "blowtorch igniting",
      "bouncing on trampoline",
      "bowling impact",
      "bull bellowing",
      "canary calling",
      "cap gun shooting",
      "car engine idling",
      "car engine knocking",
      "car engine starting",
      "car passing by",
      "cat caterwauling",
      "cat growling",
      "cat hissing",
      "cat meowing",
      "cat purring",
      "cattle mooing",
      "cattle, bovinae cowbell",
      "cell phone buzzing",
      "chainsawing trees",
      "cheetah chirrup",
      "chicken clucking",
      "chicken crowing",
      "child singing",
      "child speech, kid speaking",
      "children shouting",
      "chimpanzee pant-hooting",
      "chinchilla barking",
      "chipmunk chirping",
      "chopping food",
      "chopping wood",
      "church bell ringing",
      "civil defense siren",
      "cow lowing",
      "coyote howling",
      "cricket chirping",
      "crow cawing",
      "cuckoo bird calling",
      "cupboard opening or closing",
      "cutting hair with electric trimmers",
      "dinosaurs bellowing",
      "disc scratching",
      "dog barking",
      "dog baying",
      "dog bow-wow",
      "dog growling",
      "dog howling",
      "dog whimpering",
      "donkey, ass braying",
      "door slamming",
      "driving buses",
      "driving motorcycle",
      "driving snowmobile",
      "duck quacking",
      "eagle screaming",
      "eating with cutlery",
      "electric grinder grinding",
      "electric shaver, electric razor shaving",
      "elephant trumpeting",
      "eletric blender running",
      "elk bugling",
      "engine accelerating, revving, vroom",
      "female singing",
      "female speech, woman speaking",
      "ferret dooking",
      "fire crackling",
      "fire truck siren",
      "fireworks banging",
      "firing cannon",
      "firing muskets",
      "fly, housefly buzzing",
      "foghorn",
      "footsteps on snow",
      "forging swords",
      "fox barking",
      "francolin calling",
      "frog croaking",
      "gibbon howling",
      "goat bleating",
      "golf driving",
      "goose honking",
      "hail",
      "hair dryer drying",
      "hammering nails",
      "heart sounds, heartbeat",
      "hedge trimmer running",
      "helicopter",
      "horse clip-clop",
      "horse neighing",
      "ice cracking",
      "ice cream truck, ice cream van",
      "lathe spinning",
      "lawn mowing",
      "lighting firecrackers",
      "lions growling",
      "lions roaring",
      "lip smacking",
      "machine gun shooting",
      "magpie calling",
      "male singing",
      "male speech, man speaking",
      "metronome",
      "missile launch",
      "mosquito buzzing",
      "motorboat, speedboat acceleration",
      "mouse clicking",
      "mouse pattering",
      "mouse squeaking",
      "mynah bird singing",
      "ocean burbling",
      "opening or closing car doors",
      "opening or closing car electric windows",
      "opening or closing drawers",
      "orchestra",
      "otter growling",
      "owl hooting",
      "parrot talking",
      "penguins braying",
      "people babbling",
      "people battle cry",
      "people belly laughing",
      "people booing",
      "people burping",
      "people cheering",
      "people clapping",
      "people coughing",
      "people crowd",
      "people eating",
      "people eating apple",
      "people eating crisps",
      "people eating noodle",
      "people farting",
      "people finger snapping",
      "people gargling",
      "people giggling",
      "people hiccup",
      "people humming",
      "people marching",
      "people nose blowing",
      "people running",
      "people screaming",
      "people shuffling",
      "people slapping",
      "people slurping",
      "people sneezing",
      "people sniggering",
      "people sobbing",
      "people whispering",
      "people whistling",
      "pheasant crowing",
      "pig oinking",
      "pigeon, dove cooing",
      "planing timber",
      "plastic bottle crushing",
      "playing accordion",
      "playing acoustic guitar",
      "playing badminton",
      "playing bagpipes",
      "playing banjo",
      "playing bass drum",
      "playing bass guitar",
      "playing bassoon",
      "playing bongo",
      "playing bugle",
      "playing castanets",
      "playing cello",
      "playing clarinet",
      "playing congas",
      "playing cornet",
      "playing cymbal",
      "playing darts",
      "playing didgeridoo",
      "playing djembe",
      "playing double bass",
      "playing drum kit",
      "playing electric guitar",
      "playing electronic organ",
      "playing erhu",
      "playing flute",
      "playing french horn",
      "playing glockenspiel",
      "playing gong",
      "playing guiro",
      "playing hammond organ",
      "playing harmonica",
      "playing harp",
      "playing harpsichord",
      "playing hockey",
      "playing lacrosse",
      "playing mandolin",
      "playing marimba, xylophone",
      "playing oboe",
      "playing piano",
      "playing saxophone",
      "playing shofar",
      "playing sitar",
      "playing snare drum",
      "playing squash",
      "playing steel guitar, slide guitar",
      "playing steelpan",
      "playing synthesizer",
      "playing tabla",
      "playing table tennis",
      "playing tambourine",
      "playing tennis",
      "playing theremin",
      "playing timbales",
      "playing timpani",
      "playing trombone",
      "playing trumpet",
      "playing tuning fork",
      "playing tympani",
      "playing ukulele",
      "playing vibraphone",
      "playing violin, fiddle",
      "playing volleyball",
      "playing washboard",
      "playing zither",
      "police car (siren)",
      "police radio chatter",
      "popping popcorn",
      "printer printing",
      "pumping water",
      "race car, auto racing",
      "railroad car, train wagon",
      "raining",
      "rapping",
      "reversing beeps",
      "ripping paper",
      "roller coaster running",
      "rope skipping",
      "rowboat, canoe, kayak rowing",
      "running electric fan",
      "sailing",
      "scuba diving",
      "sea lion barking",
      "sea waves",
      "sharpen knife",
      "sheep bleating",
      "shot football",
      "singing bowl",
      "singing choir",
      "skateboarding",
      "skidding",
      "skiing",
      "sliding door",
      "sloshing water",
      "slot machine",
      "smoke detector beeping",
      "snake hissing",
      "snake rattling",
      "splashing water",
      "spraying water",
      "squishing water",
      "stream burbling",
      "strike lighter",
      "striking bowling",
      "striking pool",
      "subway, metro, underground",
      "swimming",
      "tap dancing",
      "tapping guitar",
      "telephone bell ringing",
      "thunder",
      "toilet flushing",
      "tornado roaring",
      "tractor digging",
      "train horning",
      "train wheels squealing",
      "train whistling",
      "turkey gobbling",
      "typing on computer keyboard",
      "typing on typewriter",
      "underwater bubbling",
      "using sewing machines",
      "vacuum cleaner cleaning floors",
      "vehicle horn, car horn, honking",
      "volcano explosion",
      "warbler chirping",
      "waterfall burbling",
      "whale calling",
      "wind chime",
      "wind noise",
      "wind rustling leaves",
      "wood thrush calling",
      "woodpecker pecking tree",
      "writing on blackboard with chalk",
      "yodelling",
      "zebra braying"
    ],
    "video_dim": 2048,
    "motion_dim": 1,
    "audio_dim": 1
  }
}
{
  "experiment_id": "VF020_standard_video_lstm2048_h6_lc5_e220",
  "finished_at": "2026-06-20 08:54:08",
  "model_type": "standard",
  "best_epoch": 220,
  "best_acc_selection_metric": 0.33785281272407275,
  "final_epoch": 220,
  "final_test_label_gibbs_acc": 0.33785281272407275,
  "full_eval_best_acc": 0.33785281272407275,
  "computed_dims": {
    "input_dim": 2048,
    "label_dim": 1545,
    "hidden_dim": 12288,
    "total_pbits": 15881,
    "num_classes": 309
  },
  "data_dims": {
    "feature_npz": "/home/Hongjie_Zeng/high_order_BM/data_vggsound_full/features/vggsound_full_video_lstm2048_resnet50_f16_seed123.npz",
    "train_size": 182615,
    "test_size": 15341,
    "num_classes": 309,
    "class_names": [
      "air conditioning noise",
      "air horn",
      "airplane",
      "airplane flyby",
      "alarm clock ringing",
      "alligators, crocodiles hissing",
      "ambulance siren",
      "arc welding",
      "baby babbling",
      "baby crying",
      "baby laughter",
      "baltimore oriole calling",
      "barn swallow calling",
      "basketball bounce",
      "bathroom ventilation fan running",
      "beat boxing",
      "bee, wasp, etc. buzzing",
      "bird chirping, tweeting",
      "bird squawking",
      "bird wings flapping",
      "black capped chickadee calling",
      "blowtorch igniting",
      "bouncing on trampoline",
      "bowling impact",
      "bull bellowing",
      "canary calling",
      "cap gun shooting",
      "car engine idling",
      "car engine knocking",
      "car engine starting",
      "car passing by",
      "cat caterwauling",
      "cat growling",
      "cat hissing",
      "cat meowing",
      "cat purring",
      "cattle mooing",
      "cattle, bovinae cowbell",
      "cell phone buzzing",
      "chainsawing trees",
      "cheetah chirrup",
      "chicken clucking",
      "chicken crowing",
      "child singing",
      "child speech, kid speaking",
      "children shouting",
      "chimpanzee pant-hooting",
      "chinchilla barking",
      "chipmunk chirping",
      "chopping food",
      "chopping wood",
      "church bell ringing",
      "civil defense siren",
      "cow lowing",
      "coyote howling",
      "cricket chirping",
      "crow cawing",
      "cuckoo bird calling",
      "cupboard opening or closing",
      "cutting hair with electric trimmers",
      "dinosaurs bellowing",
      "disc scratching",
      "dog barking",
      "dog baying",
      "dog bow-wow",
      "dog growling",
      "dog howling",
      "dog whimpering",
      "donkey, ass braying",
      "door slamming",
      "driving buses",
      "driving motorcycle",
      "driving snowmobile",
      "duck quacking",
      "eagle screaming",
      "eating with cutlery",
      "electric grinder grinding",
      "electric shaver, electric razor shaving",
      "elephant trumpeting",
      "eletric blender running",
      "elk bugling",
      "engine accelerating, revving, vroom",
      "female singing",
      "female speech, woman speaking",
      "ferret dooking",
      "fire crackling",
      "fire truck siren",
      "fireworks banging",
      "firing cannon",
      "firing muskets",
      "fly, housefly buzzing",
      "foghorn",
      "footsteps on snow",
      "forging swords",
      "fox barking",
      "francolin calling",
      "frog croaking",
      "gibbon howling",
      "goat bleating",
      "golf driving",
      "goose honking",
      "hail",
      "hair dryer drying",
      "hammering nails",
      "heart sounds, heartbeat",
      "hedge trimmer running",
      "helicopter",
      "horse clip-clop",
      "horse neighing",
      "ice cracking",
      "ice cream truck, ice cream van",
      "lathe spinning",
      "lawn mowing",
      "lighting firecrackers",
      "lions growling",
      "lions roaring",
      "lip smacking",
      "machine gun shooting",
      "magpie calling",
      "male singing",
      "male speech, man speaking",
      "metronome",
      "missile launch",
      "mosquito buzzing",
      "motorboat, speedboat acceleration",
      "mouse clicking",
      "mouse pattering",
      "mouse squeaking",
      "mynah bird singing",
      "ocean burbling",
      "opening or closing car doors",
      "opening or closing car electric windows",
      "opening or closing drawers",
      "orchestra",
      "otter growling",
      "owl hooting",
      "parrot talking",
      "penguins braying",
      "people babbling",
      "people battle cry",
      "people belly laughing",
      "people booing",
      "people burping",
      "people cheering",
      "people clapping",
      "people coughing",
      "people crowd",
      "people eating",
      "people eating apple",
      "people eating crisps",
      "people eating noodle",
      "people farting",
      "people finger snapping",
      "people gargling",
      "people giggling",
      "people hiccup",
      "people humming",
      "people marching",
      "people nose blowing",
      "people running",
      "people screaming",
      "people shuffling",
      "people slapping",
      "people slurping",
      "people sneezing",
      "people sniggering",
      "people sobbing",
      "people whispering",
      "people whistling",
      "pheasant crowing",
      "pig oinking",
      "pigeon, dove cooing",
      "planing timber",
      "plastic bottle crushing",
      "playing accordion",
      "playing acoustic guitar",
      "playing badminton",
      "playing bagpipes",
      "playing banjo",
      "playing bass drum",
      "playing bass guitar",
      "playing bassoon",
      "playing bongo",
      "playing bugle",
      "playing castanets",
      "playing cello",
      "playing clarinet",
      "playing congas",
      "playing cornet",
      "playing cymbal",
      "playing darts",
      "playing didgeridoo",
      "playing djembe",
      "playing double bass",
      "playing drum kit",
      "playing electric guitar",
      "playing electronic organ",
      "playing erhu",
      "playing flute",
      "playing french horn",
      "playing glockenspiel",
      "playing gong",
      "playing guiro",
      "playing hammond organ",
      "playing harmonica",
      "playing harp",
      "playing harpsichord",
      "playing hockey",
      "playing lacrosse",
      "playing mandolin",
      "playing marimba, xylophone",
      "playing oboe",
      "playing piano",
      "playing saxophone",
      "playing shofar",
      "playing sitar",
      "playing snare drum",
      "playing squash",
      "playing steel guitar, slide guitar",
      "playing steelpan",
      "playing synthesizer",
      "playing tabla",
      "playing table tennis",
      "playing tambourine",
      "playing tennis",
      "playing theremin",
      "playing timbales",
      "playing timpani",
      "playing trombone",
      "playing trumpet",
      "playing tuning fork",
      "playing tympani",
      "playing ukulele",
      "playing vibraphone",
      "playing violin, fiddle",
      "playing volleyball",
      "playing washboard",
      "playing zither",
      "police car (siren)",
      "police radio chatter",
      "popping popcorn",
      "printer printing",
      "pumping water",
      "race car, auto racing",
      "railroad car, train wagon",
      "raining",
      "rapping",
      "reversing beeps",
      "ripping paper",
      "roller coaster running",
      "rope skipping",
      "rowboat, canoe, kayak rowing",
      "running electric fan",
      "sailing",
      "scuba diving",
      "sea lion barking",
      "sea waves",
      "sharpen knife",
      "sheep bleating",
      "shot football",
      "singing bowl",
      "singing choir",
      "skateboarding",
      "skidding",
      "skiing",
      "sliding door",
      "sloshing water",
      "slot machine",
      "smoke detector beeping",
      "snake hissing",
      "snake rattling",
      "splashing water",
      "spraying water",
      "squishing water",
      "stream burbling",
      "strike lighter",
      "striking bowling",
      "striking pool",
      "subway, metro, underground",
      "swimming",
      "tap dancing",
      "tapping guitar",
      "telephone bell ringing",
      "thunder",
      "toilet flushing",
      "tornado roaring",
      "tractor digging",
      "train horning",
      "train wheels squealing",
      "train whistling",
      "turkey gobbling",
      "typing on computer keyboard",
      "typing on typewriter",
      "underwater bubbling",
      "using sewing machines",
      "vacuum cleaner cleaning floors",
      "vehicle horn, car horn, honking",
      "volcano explosion",
      "warbler chirping",
      "waterfall burbling",
      "whale calling",
      "wind chime",
      "wind noise",
      "wind rustling leaves",
      "wood thrush calling",
      "woodpecker pecking tree",
      "writing on blackboard with chalk",
      "yodelling",
      "zebra braying"
    ],
    "video_dim": 2048,
    "motion_dim": 1,
    "audio_dim": 1
  },
  "out_dir": "/home/Hongjie_Zeng/high_order_BM/runs_vggsound_full_VF020_standard_video_lstm2048_h6_lc5_e220"
}
