[2026-06-18 22:04:10] audio STFT4096 rows=98979 classes=309 shard=0/2 source_rows=197957 ffmpeg=/home/Hongjie_Zeng/.conda/envs/hongjie_env/lib/python3.13/site-packages/imageio_ffmpeg/binaries/ffmpeg-linux-x86_64-v7.0.2
[2026-06-18 22:04:11] processed 1/98979 ok=1 failures=0
[2026-06-18 22:04:30] processed 500/98979 ok=500 failures=0
[2026-06-18 22:04:50] processed 1000/98979 ok=1000 failures=0
[2026-06-18 22:05:12] processed 1500/98979 ok=1500 failures=0
[2026-06-18 22:05:34] processed 2000/98979 ok=2000 failures=0
[2026-06-18 22:05:56] processed 2500/98979 ok=2500 failures=0
[2026-06-18 22:06:18] processed 3000/98979 ok=3000 failures=0
[2026-06-18 22:06:40] processed 3500/98979 ok=3500 failures=0
[2026-06-18 22:07:01] processed 4000/98979 ok=4000 failures=0
[2026-06-18 22:07:22] processed 4500/98979 ok=4500 failures=0
[2026-06-18 22:07:43] processed 5000/98979 ok=5000 failures=0
[2026-06-18 22:08:04] processed 5500/98979 ok=5500 failures=0
[2026-06-18 22:08:26] processed 6000/98979 ok=6000 failures=0
[2026-06-18 22:08:48] processed 6500/98979 ok=6500 failures=0
[2026-06-18 22:09:10] processed 7000/98979 ok=7000 failures=0
[2026-06-18 22:09:33] processed 7500/98979 ok=7500 failures=0
[2026-06-18 22:09:56] processed 8000/98979 ok=8000 failures=0
[2026-06-18 22:10:19] processed 8500/98979 ok=8500 failures=0
[2026-06-18 22:10:43] processed 9000/98979 ok=9000 failures=0
[2026-06-18 22:11:06] processed 9500/98979 ok=9500 failures=0
[2026-06-18 22:11:30] processed 10000/98979 ok=10000 failures=0
[2026-06-18 22:11:50] processed 10500/98979 ok=10500 failures=0
[2026-06-18 22:12:13] processed 11000/98979 ok=11000 failures=0
[2026-06-18 22:12:37] processed 11500/98979 ok=11500 failures=0
[2026-06-18 22:12:59] processed 12000/98979 ok=12000 failures=0
[2026-06-18 22:13:22] processed 12500/98979 ok=12500 failures=0
[2026-06-18 22:13:44] processed 13000/98979 ok=13000 failures=0
[2026-06-18 22:14:09] processed 13500/98979 ok=13500 failures=0
[2026-06-18 22:14:35] processed 14000/98979 ok=14000 failures=0
[2026-06-18 22:14:58] processed 14500/98979 ok=14500 failures=0
[2026-06-18 22:15:22] processed 15000/98979 ok=15000 failures=0
[2026-06-18 22:15:44] processed 15500/98979 ok=15500 failures=0
[2026-06-18 22:16:05] processed 16000/98979 ok=16000 failures=0
[2026-06-18 22:16:27] processed 16500/98979 ok=16500 failures=0
[2026-06-18 22:16:50] processed 17000/98979 ok=17000 failures=0
[2026-06-18 22:17:14] processed 17500/98979 ok=17500 failures=0
[2026-06-18 22:17:39] processed 18000/98979 ok=18000 failures=0
[2026-06-18 22:18:03] processed 18500/98979 ok=18500 failures=0
[2026-06-18 22:18:26] processed 19000/98979 ok=19000 failures=0
[2026-06-18 22:18:47] processed 19500/98979 ok=19500 failures=0
[2026-06-18 22:19:07] processed 20000/98979 ok=20000 failures=0
[2026-06-18 22:19:28] processed 20500/98979 ok=20500 failures=0
[2026-06-18 22:19:53] processed 21000/98979 ok=21000 failures=0
[2026-06-18 22:20:17] processed 21500/98979 ok=21500 failures=0
[2026-06-18 22:20:42] processed 22000/98979 ok=22000 failures=0
[2026-06-18 22:21:08] processed 22500/98979 ok=22500 failures=0
[2026-06-18 22:21:32] processed 23000/98979 ok=23000 failures=0
[2026-06-18 22:21:57] processed 23500/98979 ok=23500 failures=0
[2026-06-18 22:22:18] processed 24000/98979 ok=24000 failures=0
[2026-06-18 22:22:38] processed 24500/98979 ok=24500 failures=0
[2026-06-18 22:23:01] processed 25000/98979 ok=25000 failures=0
[2026-06-18 22:23:24] processed 25500/98979 ok=25500 failures=0
[2026-06-18 22:23:45] processed 26000/98979 ok=26000 failures=0
[2026-06-18 22:24:05] processed 26500/98979 ok=26500 failures=0
[2026-06-18 22:24:29] processed 27000/98979 ok=27000 failures=0
[2026-06-18 22:24:51] processed 27500/98979 ok=27500 failures=0
[2026-06-18 22:25:17] processed 28000/98979 ok=28000 failures=0
[2026-06-18 22:25:44] processed 28500/98979 ok=28500 failures=0
[2026-06-18 22:26:05] processed 29000/98979 ok=29000 failures=0
[2026-06-18 22:26:24] processed 29500/98979 ok=29500 failures=0
[2026-06-18 22:26:43] processed 30000/98979 ok=30000 failures=0
[2026-06-18 22:27:08] processed 30500/98979 ok=30500 failures=0
[2026-06-18 22:27:32] processed 31000/98979 ok=31000 failures=0
[2026-06-18 22:27:53] processed 31500/98979 ok=31500 failures=0
[2026-06-18 22:28:17] processed 32000/98979 ok=32000 failures=0
[2026-06-18 22:28:42] processed 32500/98979 ok=32500 failures=0
[2026-06-18 22:29:08] processed 33000/98979 ok=33000 failures=0
[2026-06-18 22:29:33] processed 33500/98979 ok=33500 failures=0
[2026-06-18 22:29:56] processed 34000/98979 ok=34000 failures=0
[2026-06-18 22:30:21] processed 34500/98979 ok=34500 failures=0
[2026-06-18 22:30:44] processed 35000/98979 ok=35000 failures=0
[2026-06-18 22:31:05] processed 35500/98979 ok=35500 failures=0
[2026-06-18 22:31:25] processed 36000/98979 ok=36000 failures=0
[2026-06-18 22:31:48] processed 36500/98979 ok=36500 failures=0
[2026-06-18 22:32:12] processed 37000/98979 ok=37000 failures=0
[2026-06-18 22:32:34] processed 37500/98979 ok=37500 failures=0
[2026-06-18 22:32:58] processed 38000/98979 ok=38000 failures=0
[2026-06-18 22:33:23] processed 38500/98979 ok=38500 failures=0
[2026-06-18 22:33:48] processed 39000/98979 ok=39000 failures=0
[2026-06-18 22:34:12] processed 39500/98979 ok=39500 failures=0
[2026-06-18 22:34:31] processed 40000/98979 ok=40000 failures=0
[2026-06-18 22:34:51] processed 40500/98979 ok=40500 failures=0
[2026-06-18 22:35:14] processed 41000/98979 ok=41000 failures=0
[2026-06-18 22:35:35] processed 41500/98979 ok=41500 failures=0
[2026-06-18 22:35:58] processed 42000/98979 ok=42000 failures=0
[2026-06-18 22:36:21] processed 42500/98979 ok=42500 failures=0
[2026-06-18 22:36:43] processed 43000/98979 ok=43000 failures=0
[2026-06-18 22:37:06] processed 43500/98979 ok=43500 failures=0
[2026-06-18 22:37:26] processed 44000/98979 ok=44000 failures=0
[2026-06-18 22:37:49] processed 44500/98979 ok=44500 failures=0
[2026-06-18 22:38:13] processed 45000/98979 ok=45000 failures=0
[2026-06-18 22:38:34] processed 45500/98979 ok=45500 failures=0
[2026-06-18 22:38:57] processed 46000/98979 ok=46000 failures=0
[2026-06-18 22:39:20] processed 46500/98979 ok=46500 failures=0
[2026-06-18 22:39:42] processed 47000/98979 ok=47000 failures=0
[2026-06-18 22:40:01] processed 47500/98979 ok=47500 failures=0
[2026-06-18 22:40:20] processed 48000/98979 ok=48000 failures=0
[2026-06-18 22:40:44] processed 48500/98979 ok=48500 failures=0
[2026-06-18 22:41:07] processed 49000/98979 ok=49000 failures=0
[2026-06-18 22:41:28] processed 49500/98979 ok=49500 failures=0
[2026-06-18 22:41:52] processed 50000/98979 ok=50000 failures=0
[2026-06-18 22:42:13] processed 50500/98979 ok=50500 failures=0
[2026-06-18 22:42:34] processed 51000/98979 ok=51000 failures=0
[2026-06-18 22:42:58] processed 51500/98979 ok=51500 failures=0
[2026-06-18 22:43:17] processed 52000/98979 ok=52000 failures=0
[2026-06-18 22:43:37] processed 52500/98979 ok=52500 failures=0
[2026-06-18 22:43:57] processed 53000/98979 ok=53000 failures=0
[2026-06-18 22:44:22] processed 53500/98979 ok=53500 failures=0
[2026-06-18 22:44:42] processed 54000/98979 ok=54000 failures=0
[2026-06-18 22:45:06] processed 54500/98979 ok=54500 failures=0
[2026-06-18 22:45:27] processed 55000/98979 ok=55000 failures=0
[2026-06-18 22:45:47] processed 55500/98979 ok=55500 failures=0
[2026-06-18 22:46:11] processed 56000/98979 ok=56000 failures=0
[2026-06-18 22:46:32] processed 56500/98979 ok=56500 failures=0
[2026-06-18 22:46:52] processed 57000/98979 ok=57000 failures=0
[2026-06-18 22:47:14] processed 57500/98979 ok=57500 failures=0
[2026-06-18 22:47:34] processed 58000/98979 ok=58000 failures=0
[2026-06-18 22:47:55] processed 58500/98979 ok=58500 failures=0
[2026-06-18 22:48:19] processed 59000/98979 ok=59000 failures=0
[2026-06-18 22:48:40] processed 59500/98979 ok=59500 failures=0
[2026-06-18 22:49:00] processed 60000/98979 ok=60000 failures=0
[2026-06-18 22:49:21] processed 60500/98979 ok=60500 failures=0
[2026-06-18 22:49:44] processed 61000/98979 ok=61000 failures=0
[2026-06-18 22:50:08] processed 61500/98979 ok=61500 failures=0
[2026-06-18 22:50:32] processed 62000/98979 ok=62000 failures=0
[2026-06-18 22:50:54] processed 62500/98979 ok=62500 failures=0
[2026-06-18 22:51:13] processed 63000/98979 ok=63000 failures=0
[2026-06-18 22:51:33] processed 63500/98979 ok=63500 failures=0
[2026-06-18 22:51:54] processed 64000/98979 ok=64000 failures=0
[2026-06-18 22:52:15] processed 64500/98979 ok=64500 failures=0
[2026-06-18 22:52:35] processed 65000/98979 ok=65000 failures=0
[2026-06-18 22:52:57] processed 65500/98979 ok=65500 failures=0
[2026-06-18 22:53:22] processed 66000/98979 ok=66000 failures=0
[2026-06-18 22:53:44] processed 66500/98979 ok=66500 failures=0
[2026-06-18 22:54:03] processed 67000/98979 ok=67000 failures=0
[2026-06-18 22:54:23] processed 67500/98979 ok=67500 failures=0
[2026-06-18 22:54:43] processed 68000/98979 ok=68000 failures=0
[2026-06-18 22:55:07] processed 68500/98979 ok=68500 failures=0
[2026-06-18 22:55:29] processed 69000/98979 ok=69000 failures=0
[2026-06-18 22:55:50] processed 69500/98979 ok=69500 failures=0
[2026-06-18 22:56:09] processed 70000/98979 ok=70000 failures=0
[2026-06-18 22:56:29] processed 70500/98979 ok=70500 failures=0
[2026-06-18 22:56:50] processed 71000/98979 ok=71000 failures=0
[2026-06-18 22:57:11] processed 71500/98979 ok=71500 failures=0
[2026-06-18 22:57:35] processed 72000/98979 ok=72000 failures=0
[2026-06-18 22:57:58] processed 72500/98979 ok=72500 failures=0
[2026-06-18 22:58:20] processed 73000/98979 ok=73000 failures=0
[2026-06-18 22:58:42] processed 73500/98979 ok=73500 failures=0
[2026-06-18 22:59:06] processed 74000/98979 ok=74000 failures=0
[2026-06-18 22:59:29] processed 74500/98979 ok=74500 failures=0
[2026-06-18 22:59:52] processed 75000/98979 ok=75000 failures=0
[2026-06-18 23:00:14] processed 75500/98979 ok=75500 failures=0
[2026-06-18 23:00:35] processed 76000/98979 ok=76000 failures=0
[2026-06-18 23:00:55] processed 76500/98979 ok=76500 failures=0
[2026-06-18 23:01:17] processed 77000/98979 ok=77000 failures=0
[2026-06-18 23:01:38] processed 77500/98979 ok=77500 failures=0
[2026-06-18 23:01:57] processed 78000/98979 ok=78000 failures=0
[2026-06-18 23:02:21] processed 78500/98979 ok=78500 failures=0
[2026-06-18 23:02:43] processed 79000/98979 ok=79000 failures=0
[2026-06-18 23:03:05] processed 79500/98979 ok=79500 failures=0
[2026-06-18 23:03:28] processed 80000/98979 ok=80000 failures=0
[2026-06-18 23:03:49] processed 80500/98979 ok=80500 failures=0
[2026-06-18 23:04:10] processed 81000/98979 ok=81000 failures=0
[2026-06-18 23:04:32] processed 81500/98979 ok=81500 failures=0
[2026-06-18 23:04:55] processed 82000/98979 ok=82000 failures=0
[2026-06-18 23:05:21] processed 82500/98979 ok=82500 failures=0
[2026-06-18 23:05:46] processed 83000/98979 ok=83000 failures=0
[2026-06-18 23:06:08] processed 83500/98979 ok=83500 failures=0
[2026-06-18 23:06:29] processed 84000/98979 ok=84000 failures=0
[2026-06-18 23:06:54] processed 84500/98979 ok=84500 failures=0
[2026-06-18 23:07:20] processed 85000/98979 ok=85000 failures=0
[2026-06-18 23:07:45] processed 85500/98979 ok=85500 failures=0
[2026-06-18 23:08:09] processed 86000/98979 ok=86000 failures=0
[2026-06-18 23:08:30] processed 86500/98979 ok=86500 failures=0
[2026-06-18 23:08:51] processed 87000/98979 ok=87000 failures=0
[2026-06-18 23:09:15] processed 87500/98979 ok=87500 failures=0
[2026-06-18 23:09:38] processed 88000/98979 ok=88000 failures=0
[2026-06-18 23:10:04] processed 88500/98979 ok=88500 failures=0
[2026-06-18 23:10:27] processed 89000/98979 ok=89000 failures=0
[2026-06-18 23:10:51] processed 89500/98979 ok=89500 failures=0
[2026-06-18 23:11:16] processed 90000/98979 ok=90000 failures=0
[2026-06-18 23:11:38] processed 90500/98979 ok=90500 failures=0
[2026-06-18 23:12:01] processed 91000/98979 ok=91000 failures=0
[2026-06-18 23:12:24] processed 91500/98979 ok=91500 failures=0
[2026-06-18 23:12:45] processed 92000/98979 ok=92000 failures=0
[2026-06-18 23:13:06] processed 92500/98979 ok=92500 failures=0
[2026-06-18 23:13:33] processed 93000/98979 ok=93000 failures=0
[2026-06-18 23:13:58] processed 93500/98979 ok=93499 failures=1
[2026-06-18 23:14:23] processed 94000/98979 ok=93999 failures=1
[2026-06-18 23:14:47] processed 94500/98979 ok=94499 failures=1
[2026-06-18 23:15:10] processed 95000/98979 ok=94999 failures=1
[2026-06-18 23:15:35] processed 95500/98979 ok=95499 failures=1
[2026-06-18 23:15:56] processed 96000/98979 ok=95999 failures=1
[2026-06-18 23:16:19] processed 96500/98979 ok=96499 failures=1
[2026-06-18 23:16:42] processed 97000/98979 ok=96999 failures=1
[2026-06-18 23:17:02] processed 97500/98979 ok=97499 failures=1
[2026-06-18 23:17:29] processed 98000/98979 ok=97999 failures=1
[2026-06-18 23:17:53] processed 98500/98979 ok=98499 failures=1
[2026-06-18 23:18:11] processed 98979/98979 ok=98978 failures=1
{
  "train_size": 91307,
  "test_size": 7671,
  "num_classes": 309,
  "num_failures": 1,
  "audio_dim": 12288
}
[2026-06-18 23:18:28] wrote /home/Hongjie_Zeng/high_order_BM/data_vggsound_full/features/vggsound_full_audio_stft128x96_official5s_allclasses_sr16000_n512_o353_shard0of2.npz
