[data] train=182615 test=15341 classes=309 video=1 motion=1 audio=4096 device=cuda
[model] standard input=4096 label=1545 hidden=24576 total=30217 mode=audio
[epoch 651] recon_mse=0.01422
[epoch 652] recon_mse=0.01422
[epoch 653] recon_mse=0.01421
[epoch 654] recon_mse=0.01421
[epoch 655] recon_mse=0.01421 quick_test_acc=0.4159 ent=3.7861
[epoch 656] recon_mse=0.01421
[epoch 657] recon_mse=0.01420
[epoch 658] recon_mse=0.01421
[epoch 659] recon_mse=0.01420
[epoch 660] recon_mse=0.01420 quick_test_acc=0.4129 ent=3.7829
[epoch 661] recon_mse=0.01420
[epoch 662] recon_mse=0.01420
[epoch 663] recon_mse=0.01420
[epoch 664] recon_mse=0.01420
[epoch 665] recon_mse=0.01420 quick_test_acc=0.4157 ent=3.7805
[epoch 666] recon_mse=0.01419
[epoch 667] recon_mse=0.01419
[epoch 668] recon_mse=0.01419
[epoch 669] recon_mse=0.01419
[epoch 670] recon_mse=0.01418 quick_test_acc=0.4148 ent=3.7777
[epoch 671] recon_mse=0.01418
[epoch 672] recon_mse=0.01418
[epoch 673] recon_mse=0.01418
[epoch 674] recon_mse=0.01417
[epoch 675] recon_mse=0.01417 quick_test_acc=0.4134 ent=3.7771
[epoch 676] recon_mse=0.01418
[epoch 677] recon_mse=0.01417
[epoch 678] recon_mse=0.01417
[epoch 679] recon_mse=0.01417
[epoch 680] recon_mse=0.01417 quick_test_acc=0.4171 ent=3.7751
[epoch 681] recon_mse=0.01417
[epoch 682] recon_mse=0.01416
[epoch 683] recon_mse=0.01417
[epoch 684] recon_mse=0.01417
[epoch 685] recon_mse=0.01416 quick_test_acc=0.4128 ent=3.7816
[epoch 686] recon_mse=0.01416
[epoch 687] recon_mse=0.01416
[epoch 688] recon_mse=0.01416
[epoch 689] recon_mse=0.01416
[epoch 690] recon_mse=0.01416 quick_test_acc=0.4144 ent=3.7762
[epoch 691] recon_mse=0.01415
[epoch 692] recon_mse=0.01415
[epoch 693] recon_mse=0.01415
[epoch 694] recon_mse=0.01414
[epoch 695] recon_mse=0.01414 quick_test_acc=0.4141 ent=3.7685
[epoch 696] recon_mse=0.01415
[epoch 697] recon_mse=0.01415
[epoch 698] recon_mse=0.01415
[epoch 699] recon_mse=0.01414
[epoch 700] recon_mse=0.01414 quick_test_acc=0.4167 ent=3.7590
[epoch 701] recon_mse=0.01414
[epoch 702] recon_mse=0.01414
[epoch 703] recon_mse=0.01413
[epoch 704] recon_mse=0.01413
[epoch 705] recon_mse=0.01413 quick_test_acc=0.4167 ent=3.7681
[epoch 706] recon_mse=0.01413
[epoch 707] recon_mse=0.01413
[epoch 708] recon_mse=0.01412
[epoch 709] recon_mse=0.01412
[epoch 710] recon_mse=0.01412 quick_test_acc=0.4178 ent=3.7614
[epoch 711] recon_mse=0.01412
[epoch 712] recon_mse=0.01412
[epoch 713] recon_mse=0.01412
[epoch 714] recon_mse=0.01412
[epoch 715] recon_mse=0.01412 quick_test_acc=0.4193 ent=3.7654
[epoch 716] recon_mse=0.01412
[epoch 717] recon_mse=0.01411
[epoch 718] recon_mse=0.01411
[epoch 719] recon_mse=0.01411
[epoch 720] recon_mse=0.01411 quick_test_acc=0.4191 ent=3.7600
[epoch 721] recon_mse=0.01411
[epoch 722] recon_mse=0.01411
[epoch 723] recon_mse=0.01411
[epoch 724] recon_mse=0.01411
[epoch 725] recon_mse=0.01410 quick_test_acc=0.4179 ent=3.7520
[epoch 726] recon_mse=0.01411
[epoch 727] recon_mse=0.01410
[epoch 728] recon_mse=0.01410
[epoch 729] recon_mse=0.01410
[epoch 730] recon_mse=0.01410 quick_test_acc=0.4171 ent=3.7596
[epoch 731] recon_mse=0.01410
[epoch 732] recon_mse=0.01409
[epoch 733] recon_mse=0.01409
[epoch 734] recon_mse=0.01409
[epoch 735] recon_mse=0.01409 quick_test_acc=0.4189 ent=3.7555
[epoch 736] recon_mse=0.01409
[epoch 737] recon_mse=0.01409
[epoch 738] recon_mse=0.01409
[epoch 739] recon_mse=0.01409
[epoch 740] recon_mse=0.01409 quick_test_acc=0.4220 ent=3.7518
[epoch 741] recon_mse=0.01408
[epoch 742] recon_mse=0.01408
[epoch 743] recon_mse=0.01408
[epoch 744] recon_mse=0.01408
[epoch 745] recon_mse=0.01408 quick_test_acc=0.4197 ent=3.7570
[epoch 746] recon_mse=0.01407
[epoch 747] recon_mse=0.01407
[epoch 748] recon_mse=0.01407
[epoch 749] recon_mse=0.01408
[epoch 750] recon_mse=0.01407 quick_test_acc=0.4212 ent=3.7473
[epoch 751] recon_mse=0.01407
[epoch 752] recon_mse=0.01407
[epoch 753] recon_mse=0.01407
[epoch 754] recon_mse=0.01407
[epoch 755] recon_mse=0.01406 quick_test_acc=0.4199 ent=3.7435
[epoch 756] recon_mse=0.01407
[epoch 757] recon_mse=0.01406
[epoch 758] recon_mse=0.01406
[epoch 759] recon_mse=0.01406
[epoch 760] recon_mse=0.01406 quick_test_acc=0.4202 ent=3.7399
[epoch 761] recon_mse=0.01406
[epoch 762] recon_mse=0.01405
[epoch 763] recon_mse=0.01406
[epoch 764] recon_mse=0.01406
[epoch 765] recon_mse=0.01405 quick_test_acc=0.4215 ent=3.7467
[epoch 766] recon_mse=0.01405
[epoch 767] recon_mse=0.01405
[epoch 768] recon_mse=0.01405
[epoch 769] recon_mse=0.01405
[epoch 770] recon_mse=0.01405 quick_test_acc=0.4209 ent=3.7394
[epoch 771] recon_mse=0.01405
[epoch 772] recon_mse=0.01404
[epoch 773] recon_mse=0.01404
[epoch 774] recon_mse=0.01405
[epoch 775] recon_mse=0.01404 quick_test_acc=0.4207 ent=3.7401
[epoch 776] recon_mse=0.01404
[epoch 777] recon_mse=0.01404
[epoch 778] recon_mse=0.01403
[epoch 779] recon_mse=0.01404
[epoch 780] recon_mse=0.01403 quick_test_acc=0.4204 ent=3.7358
[epoch 781] recon_mse=0.01404
[epoch 782] recon_mse=0.01403
[epoch 783] recon_mse=0.01403
[epoch 784] recon_mse=0.01403
[epoch 785] recon_mse=0.01403 quick_test_acc=0.4191 ent=3.7329
[epoch 786] recon_mse=0.01403
[epoch 787] recon_mse=0.01402
[epoch 788] recon_mse=0.01403
[epoch 789] recon_mse=0.01402
[epoch 790] recon_mse=0.01403 quick_test_acc=0.4193 ent=3.7347
[epoch 791] recon_mse=0.01402
[epoch 792] recon_mse=0.01402
[epoch 793] recon_mse=0.01402
[epoch 794] recon_mse=0.01402
[epoch 795] recon_mse=0.01402 quick_test_acc=0.4199 ent=3.7321
[epoch 796] recon_mse=0.01402
[epoch 797] recon_mse=0.01401
[epoch 798] recon_mse=0.01401
[epoch 799] recon_mse=0.01401
[epoch 800] recon_mse=0.01401 quick_test_acc=0.4197 ent=3.7332
[epoch 801] recon_mse=0.01401
[epoch 802] recon_mse=0.01401
[epoch 803] recon_mse=0.01401
[epoch 804] recon_mse=0.01400
[epoch 805] recon_mse=0.01400 quick_test_acc=0.4178 ent=3.7234
[epoch 806] recon_mse=0.01400
[epoch 807] recon_mse=0.01400
[epoch 808] recon_mse=0.01400
[epoch 809] recon_mse=0.01400
[epoch 810] recon_mse=0.01400 quick_test_acc=0.4229 ent=3.7250
[epoch 811] recon_mse=0.01400
[epoch 812] recon_mse=0.01399
[epoch 813] recon_mse=0.01399
[epoch 814] recon_mse=0.01399
[epoch 815] recon_mse=0.01400 quick_test_acc=0.4238 ent=3.7167
[epoch 816] recon_mse=0.01399
[epoch 817] recon_mse=0.01399
[epoch 818] recon_mse=0.01399
[epoch 819] recon_mse=0.01399
[epoch 820] recon_mse=0.01399 quick_test_acc=0.4197 ent=3.7293
[epoch 821] recon_mse=0.01399
[epoch 822] recon_mse=0.01399
[epoch 823] recon_mse=0.01399
[epoch 824] recon_mse=0.01398
[epoch 825] recon_mse=0.01399 quick_test_acc=0.4202 ent=3.7163
[epoch 826] recon_mse=0.01398
[epoch 827] recon_mse=0.01398
[epoch 828] recon_mse=0.01398
[epoch 829] recon_mse=0.01398
[epoch 830] recon_mse=0.01397 quick_test_acc=0.4206 ent=3.7223
[epoch 831] recon_mse=0.01398
[epoch 832] recon_mse=0.01398
[epoch 833] recon_mse=0.01397
[epoch 834] recon_mse=0.01397
[epoch 835] recon_mse=0.01397 quick_test_acc=0.4201 ent=3.7198
[epoch 836] recon_mse=0.01397
[epoch 837] recon_mse=0.01397
[epoch 838] recon_mse=0.01397
[epoch 839] recon_mse=0.01397
[epoch 840] recon_mse=0.01397 quick_test_acc=0.4202 ent=3.7145
[epoch 841] recon_mse=0.01396
[epoch 842] recon_mse=0.01396
[epoch 843] recon_mse=0.01396
[epoch 844] recon_mse=0.01397
[epoch 845] recon_mse=0.01396 quick_test_acc=0.4224 ent=3.7010
[epoch 846] recon_mse=0.01395
[epoch 847] recon_mse=0.01396
[epoch 848] recon_mse=0.01396
[epoch 849] recon_mse=0.01396
[epoch 850] recon_mse=0.01395 quick_test_acc=0.4223 ent=3.7066
[full_eval_best] {
  "created_at": "2026-06-22 06:35:18",
  "ckpt": "/home/Hongjie_Zeng/high_order_BM/runs_vggsound_full_AF033_standard_audio_paperresnet50_meanstd4096_h6_lc5_e850_resume_af032/best.pt",
  "ckpt_epoch": 815,
  "ckpt_best_acc": 0.4238315624796298,
  "eval_steps": 3000,
  "eval_burn_in": 500,
  "eval_thin": 2,
  "test_label_gibbs_acc": 0.3957369141516198,
  "test_label_entropy": 3.7887037913004558,
  "computed_dims": {
    "input_dim": 4096,
    "label_dim": 1545,
    "hidden_dim": 24576,
    "total_pbits": 30217,
    "num_classes": 309
  },
  "data_dims": {
    "feature_npz": "/home/Hongjie_Zeng/high_order_BM/data_vggsound_full/features/vggsound_full_audio_paperresnet50_seqmeanstd4096_chunks4_w500_seed123.npz",
    "train_size": 182615,
    "test_size": 15341,
    "num_classes": 309,
    "class_names": [
      "air conditioning noise",
      "air horn",
      "airplane",
      "airplane flyby",
      "alarm clock ringing",
      "alligators, crocodiles hissing",
      "ambulance siren",
      "arc welding",
      "baby babbling",
      "baby crying",
      "baby laughter",
      "baltimore oriole calling",
      "barn swallow calling",
      "basketball bounce",
      "bathroom ventilation fan running",
      "beat boxing",
      "bee, wasp, etc. buzzing",
      "bird chirping, tweeting",
      "bird squawking",
      "bird wings flapping",
      "black capped chickadee calling",
      "blowtorch igniting",
      "bouncing on trampoline",
      "bowling impact",
      "bull bellowing",
      "canary calling",
      "cap gun shooting",
      "car engine idling",
      "car engine knocking",
      "car engine starting",
      "car passing by",
      "cat caterwauling",
      "cat growling",
      "cat hissing",
      "cat meowing",
      "cat purring",
      "cattle mooing",
      "cattle, bovinae cowbell",
      "cell phone buzzing",
      "chainsawing trees",
      "cheetah chirrup",
      "chicken clucking",
      "chicken crowing",
      "child singing",
      "child speech, kid speaking",
      "children shouting",
      "chimpanzee pant-hooting",
      "chinchilla barking",
      "chipmunk chirping",
      "chopping food",
      "chopping wood",
      "church bell ringing",
      "civil defense siren",
      "cow lowing",
      "coyote howling",
      "cricket chirping",
      "crow cawing",
      "cuckoo bird calling",
      "cupboard opening or closing",
      "cutting hair with electric trimmers",
      "dinosaurs bellowing",
      "disc scratching",
      "dog barking",
      "dog baying",
      "dog bow-wow",
      "dog growling",
      "dog howling",
      "dog whimpering",
      "donkey, ass braying",
      "door slamming",
      "driving buses",
      "driving motorcycle",
      "driving snowmobile",
      "duck quacking",
      "eagle screaming",
      "eating with cutlery",
      "electric grinder grinding",
      "electric shaver, electric razor shaving",
      "elephant trumpeting",
      "eletric blender running",
      "elk bugling",
      "engine accelerating, revving, vroom",
      "female singing",
      "female speech, woman speaking",
      "ferret dooking",
      "fire crackling",
      "fire truck siren",
      "fireworks banging",
      "firing cannon",
      "firing muskets",
      "fly, housefly buzzing",
      "foghorn",
      "footsteps on snow",
      "forging swords",
      "fox barking",
      "francolin calling",
      "frog croaking",
      "gibbon howling",
      "goat bleating",
      "golf driving",
      "goose honking",
      "hail",
      "hair dryer drying",
      "hammering nails",
      "heart sounds, heartbeat",
      "hedge trimmer running",
      "helicopter",
      "horse clip-clop",
      "horse neighing",
      "ice cracking",
      "ice cream truck, ice cream van",
      "lathe spinning",
      "lawn mowing",
      "lighting firecrackers",
      "lions growling",
      "lions roaring",
      "lip smacking",
      "machine gun shooting",
      "magpie calling",
      "male singing",
      "male speech, man speaking",
      "metronome",
      "missile launch",
      "mosquito buzzing",
      "motorboat, speedboat acceleration",
      "mouse clicking",
      "mouse pattering",
      "mouse squeaking",
      "mynah bird singing",
      "ocean burbling",
      "opening or closing car doors",
      "opening or closing car electric windows",
      "opening or closing drawers",
      "orchestra",
      "otter growling",
      "owl hooting",
      "parrot talking",
      "penguins braying",
      "people babbling",
      "people battle cry",
      "people belly laughing",
      "people booing",
      "people burping",
      "people cheering",
      "people clapping",
      "people coughing",
      "people crowd",
      "people eating",
      "people eating apple",
      "people eating crisps",
      "people eating noodle",
      "people farting",
      "people finger snapping",
      "people gargling",
      "people giggling",
      "people hiccup",
      "people humming",
      "people marching",
      "people nose blowing",
      "people running",
      "people screaming",
      "people shuffling",
      "people slapping",
      "people slurping",
      "people sneezing",
      "people sniggering",
      "people sobbing",
      "people whispering",
      "people whistling",
      "pheasant crowing",
      "pig oinking",
      "pigeon, dove cooing",
      "planing timber",
      "plastic bottle crushing",
      "playing accordion",
      "playing acoustic guitar",
      "playing badminton",
      "playing bagpipes",
      "playing banjo",
      "playing bass drum",
      "playing bass guitar",
      "playing bassoon",
      "playing bongo",
      "playing bugle",
      "playing castanets",
      "playing cello",
      "playing clarinet",
      "playing congas",
      "playing cornet",
      "playing cymbal",
      "playing darts",
      "playing didgeridoo",
      "playing djembe",
      "playing double bass",
      "playing drum kit",
      "playing electric guitar",
      "playing electronic organ",
      "playing erhu",
      "playing flute",
      "playing french horn",
      "playing glockenspiel",
      "playing gong",
      "playing guiro",
      "playing hammond organ",
      "playing harmonica",
      "playing harp",
      "playing harpsichord",
      "playing hockey",
      "playing lacrosse",
      "playing mandolin",
      "playing marimba, xylophone",
      "playing oboe",
      "playing piano",
      "playing saxophone",
      "playing shofar",
      "playing sitar",
      "playing snare drum",
      "playing squash",
      "playing steel guitar, slide guitar",
      "playing steelpan",
      "playing synthesizer",
      "playing tabla",
      "playing table tennis",
      "playing tambourine",
      "playing tennis",
      "playing theremin",
      "playing timbales",
      "playing timpani",
      "playing trombone",
      "playing trumpet",
      "playing tuning fork",
      "playing tympani",
      "playing ukulele",
      "playing vibraphone",
      "playing violin, fiddle",
      "playing volleyball",
      "playing washboard",
      "playing zither",
      "police car (siren)",
      "police radio chatter",
      "popping popcorn",
      "printer printing",
      "pumping water",
      "race car, auto racing",
      "railroad car, train wagon",
      "raining",
      "rapping",
      "reversing beeps",
      "ripping paper",
      "roller coaster running",
      "rope skipping",
      "rowboat, canoe, kayak rowing",
      "running electric fan",
      "sailing",
      "scuba diving",
      "sea lion barking",
      "sea waves",
      "sharpen knife",
      "sheep bleating",
      "shot football",
      "singing bowl",
      "singing choir",
      "skateboarding",
      "skidding",
      "skiing",
      "sliding door",
      "sloshing water",
      "slot machine",
      "smoke detector beeping",
      "snake hissing",
      "snake rattling",
      "splashing water",
      "spraying water",
      "squishing water",
      "stream burbling",
      "strike lighter",
      "striking bowling",
      "striking pool",
      "subway, metro, underground",
      "swimming",
      "tap dancing",
      "tapping guitar",
      "telephone bell ringing",
      "thunder",
      "toilet flushing",
      "tornado roaring",
      "tractor digging",
      "train horning",
      "train wheels squealing",
      "train whistling",
      "turkey gobbling",
      "typing on computer keyboard",
      "typing on typewriter",
      "underwater bubbling",
      "using sewing machines",
      "vacuum cleaner cleaning floors",
      "vehicle horn, car horn, honking",
      "volcano explosion",
      "warbler chirping",
      "waterfall burbling",
      "whale calling",
      "wind chime",
      "wind noise",
      "wind rustling leaves",
      "wood thrush calling",
      "woodpecker pecking tree",
      "writing on blackboard with chalk",
      "yodelling",
      "zebra braying"
    ],
    "video_dim": 1,
    "motion_dim": 1,
    "audio_dim": 4096
  }
}
{
  "experiment_id": "AF033_standard_audio_paperresnet50_meanstd4096_h6_lc5_e850_resume_af032",
  "finished_at": "2026-06-22 06:35:18",
  "model_type": "standard",
  "best_epoch": 815,
  "best_acc_selection_metric": 0.4238315624796298,
  "final_epoch": 850,
  "final_test_label_gibbs_acc": 0.42226712730591226,
  "full_eval_best_acc": 0.3957369141516198,
  "computed_dims": {
    "input_dim": 4096,
    "label_dim": 1545,
    "hidden_dim": 24576,
    "total_pbits": 30217,
    "num_classes": 309
  },
  "data_dims": {
    "feature_npz": "/home/Hongjie_Zeng/high_order_BM/data_vggsound_full/features/vggsound_full_audio_paperresnet50_seqmeanstd4096_chunks4_w500_seed123.npz",
    "train_size": 182615,
    "test_size": 15341,
    "num_classes": 309,
    "class_names": [
      "air conditioning noise",
      "air horn",
      "airplane",
      "airplane flyby",
      "alarm clock ringing",
      "alligators, crocodiles hissing",
      "ambulance siren",
      "arc welding",
      "baby babbling",
      "baby crying",
      "baby laughter",
      "baltimore oriole calling",
      "barn swallow calling",
      "basketball bounce",
      "bathroom ventilation fan running",
      "beat boxing",
      "bee, wasp, etc. buzzing",
      "bird chirping, tweeting",
      "bird squawking",
      "bird wings flapping",
      "black capped chickadee calling",
      "blowtorch igniting",
      "bouncing on trampoline",
      "bowling impact",
      "bull bellowing",
      "canary calling",
      "cap gun shooting",
      "car engine idling",
      "car engine knocking",
      "car engine starting",
      "car passing by",
      "cat caterwauling",
      "cat growling",
      "cat hissing",
      "cat meowing",
      "cat purring",
      "cattle mooing",
      "cattle, bovinae cowbell",
      "cell phone buzzing",
      "chainsawing trees",
      "cheetah chirrup",
      "chicken clucking",
      "chicken crowing",
      "child singing",
      "child speech, kid speaking",
      "children shouting",
      "chimpanzee pant-hooting",
      "chinchilla barking",
      "chipmunk chirping",
      "chopping food",
      "chopping wood",
      "church bell ringing",
      "civil defense siren",
      "cow lowing",
      "coyote howling",
      "cricket chirping",
      "crow cawing",
      "cuckoo bird calling",
      "cupboard opening or closing",
      "cutting hair with electric trimmers",
      "dinosaurs bellowing",
      "disc scratching",
      "dog barking",
      "dog baying",
      "dog bow-wow",
      "dog growling",
      "dog howling",
      "dog whimpering",
      "donkey, ass braying",
      "door slamming",
      "driving buses",
      "driving motorcycle",
      "driving snowmobile",
      "duck quacking",
      "eagle screaming",
      "eating with cutlery",
      "electric grinder grinding",
      "electric shaver, electric razor shaving",
      "elephant trumpeting",
      "eletric blender running",
      "elk bugling",
      "engine accelerating, revving, vroom",
      "female singing",
      "female speech, woman speaking",
      "ferret dooking",
      "fire crackling",
      "fire truck siren",
      "fireworks banging",
      "firing cannon",
      "firing muskets",
      "fly, housefly buzzing",
      "foghorn",
      "footsteps on snow",
      "forging swords",
      "fox barking",
      "francolin calling",
      "frog croaking",
      "gibbon howling",
      "goat bleating",
      "golf driving",
      "goose honking",
      "hail",
      "hair dryer drying",
      "hammering nails",
      "heart sounds, heartbeat",
      "hedge trimmer running",
      "helicopter",
      "horse clip-clop",
      "horse neighing",
      "ice cracking",
      "ice cream truck, ice cream van",
      "lathe spinning",
      "lawn mowing",
      "lighting firecrackers",
      "lions growling",
      "lions roaring",
      "lip smacking",
      "machine gun shooting",
      "magpie calling",
      "male singing",
      "male speech, man speaking",
      "metronome",
      "missile launch",
      "mosquito buzzing",
      "motorboat, speedboat acceleration",
      "mouse clicking",
      "mouse pattering",
      "mouse squeaking",
      "mynah bird singing",
      "ocean burbling",
      "opening or closing car doors",
      "opening or closing car electric windows",
      "opening or closing drawers",
      "orchestra",
      "otter growling",
      "owl hooting",
      "parrot talking",
      "penguins braying",
      "people babbling",
      "people battle cry",
      "people belly laughing",
      "people booing",
      "people burping",
      "people cheering",
      "people clapping",
      "people coughing",
      "people crowd",
      "people eating",
      "people eating apple",
      "people eating crisps",
      "people eating noodle",
      "people farting",
      "people finger snapping",
      "people gargling",
      "people giggling",
      "people hiccup",
      "people humming",
      "people marching",
      "people nose blowing",
      "people running",
      "people screaming",
      "people shuffling",
      "people slapping",
      "people slurping",
      "people sneezing",
      "people sniggering",
      "people sobbing",
      "people whispering",
      "people whistling",
      "pheasant crowing",
      "pig oinking",
      "pigeon, dove cooing",
      "planing timber",
      "plastic bottle crushing",
      "playing accordion",
      "playing acoustic guitar",
      "playing badminton",
      "playing bagpipes",
      "playing banjo",
      "playing bass drum",
      "playing bass guitar",
      "playing bassoon",
      "playing bongo",
      "playing bugle",
      "playing castanets",
      "playing cello",
      "playing clarinet",
      "playing congas",
      "playing cornet",
      "playing cymbal",
      "playing darts",
      "playing didgeridoo",
      "playing djembe",
      "playing double bass",
      "playing drum kit",
      "playing electric guitar",
      "playing electronic organ",
      "playing erhu",
      "playing flute",
      "playing french horn",
      "playing glockenspiel",
      "playing gong",
      "playing guiro",
      "playing hammond organ",
      "playing harmonica",
      "playing harp",
      "playing harpsichord",
      "playing hockey",
      "playing lacrosse",
      "playing mandolin",
      "playing marimba, xylophone",
      "playing oboe",
      "playing piano",
      "playing saxophone",
      "playing shofar",
      "playing sitar",
      "playing snare drum",
      "playing squash",
      "playing steel guitar, slide guitar",
      "playing steelpan",
      "playing synthesizer",
      "playing tabla",
      "playing table tennis",
      "playing tambourine",
      "playing tennis",
      "playing theremin",
      "playing timbales",
      "playing timpani",
      "playing trombone",
      "playing trumpet",
      "playing tuning fork",
      "playing tympani",
      "playing ukulele",
      "playing vibraphone",
      "playing violin, fiddle",
      "playing volleyball",
      "playing washboard",
      "playing zither",
      "police car (siren)",
      "police radio chatter",
      "popping popcorn",
      "printer printing",
      "pumping water",
      "race car, auto racing",
      "railroad car, train wagon",
      "raining",
      "rapping",
      "reversing beeps",
      "ripping paper",
      "roller coaster running",
      "rope skipping",
      "rowboat, canoe, kayak rowing",
      "running electric fan",
      "sailing",
      "scuba diving",
      "sea lion barking",
      "sea waves",
      "sharpen knife",
      "sheep bleating",
      "shot football",
      "singing bowl",
      "singing choir",
      "skateboarding",
      "skidding",
      "skiing",
      "sliding door",
      "sloshing water",
      "slot machine",
      "smoke detector beeping",
      "snake hissing",
      "snake rattling",
      "splashing water",
      "spraying water",
      "squishing water",
      "stream burbling",
      "strike lighter",
      "striking bowling",
      "striking pool",
      "subway, metro, underground",
      "swimming",
      "tap dancing",
      "tapping guitar",
      "telephone bell ringing",
      "thunder",
      "toilet flushing",
      "tornado roaring",
      "tractor digging",
      "train horning",
      "train wheels squealing",
      "train whistling",
      "turkey gobbling",
      "typing on computer keyboard",
      "typing on typewriter",
      "underwater bubbling",
      "using sewing machines",
      "vacuum cleaner cleaning floors",
      "vehicle horn, car horn, honking",
      "volcano explosion",
      "warbler chirping",
      "waterfall burbling",
      "whale calling",
      "wind chime",
      "wind noise",
      "wind rustling leaves",
      "wood thrush calling",
      "woodpecker pecking tree",
      "writing on blackboard with chalk",
      "yodelling",
      "zebra braying"
    ],
    "video_dim": 1,
    "motion_dim": 1,
    "audio_dim": 4096
  },
  "out_dir": "/home/Hongjie_Zeng/high_order_BM/runs_vggsound_full_AF033_standard_audio_paperresnet50_meanstd4096_h6_lc5_e850_resume_af032"
}
