[2026-06-25 18:59:23] phase1 video sequence rows=98978 classes=309 shard=1/2 source_rows=197957 encoder=efficientnet_b3 frames=16 size=300 mode=direct device=cuda:1
[2026-06-25 18:59:31] processed 1/98978 ok=1 failures=0
[2026-06-25 19:00:22] processed 250/98978 ok=250 failures=0
[2026-06-25 19:01:12] processed 500/98978 ok=500 failures=0
[2026-06-25 19:02:08] processed 750/98978 ok=750 failures=0
[2026-06-25 19:02:57] processed 1000/98978 ok=1000 failures=0
[2026-06-25 19:03:52] processed 1250/98978 ok=1250 failures=0
[2026-06-25 19:04:50] processed 1500/98978 ok=1500 failures=0
[2026-06-25 19:05:35] processed 1750/98978 ok=1750 failures=0
[2026-06-25 19:06:33] processed 2000/98978 ok=2000 failures=0
[2026-06-25 19:07:23] processed 2250/98978 ok=2250 failures=0
[2026-06-25 19:08:15] processed 2500/98978 ok=2500 failures=0
[2026-06-25 19:09:09] processed 2750/98978 ok=2750 failures=0
[2026-06-25 19:10:02] processed 3000/98978 ok=3000 failures=0
[2026-06-25 19:10:54] processed 3250/98978 ok=3250 failures=0
[2026-06-25 19:11:45] processed 3500/98978 ok=3500 failures=0
[2026-06-25 19:12:37] processed 3750/98978 ok=3750 failures=0
[2026-06-25 19:13:23] processed 4000/98978 ok=4000 failures=0
[2026-06-25 19:14:13] processed 4250/98978 ok=4250 failures=0
[2026-06-25 19:15:01] processed 4500/98978 ok=4500 failures=0
[2026-06-25 19:15:45] processed 4750/98978 ok=4750 failures=0
[2026-06-25 19:16:27] processed 5000/98978 ok=5000 failures=0
[2026-06-25 19:17:15] processed 5250/98978 ok=5250 failures=0
[2026-06-25 19:18:00] processed 5500/98978 ok=5500 failures=0
[2026-06-25 19:18:46] processed 5750/98978 ok=5750 failures=0
[2026-06-25 19:19:35] processed 6000/98978 ok=6000 failures=0
[2026-06-25 19:20:29] processed 6250/98978 ok=6250 failures=0
[2026-06-25 19:21:29] processed 6500/98978 ok=6500 failures=0
[2026-06-25 19:22:27] processed 6750/98978 ok=6750 failures=0
[2026-06-25 19:23:24] processed 7000/98978 ok=7000 failures=0
[2026-06-25 19:24:18] processed 7250/98978 ok=7250 failures=0
[2026-06-25 19:25:12] processed 7500/98978 ok=7500 failures=0
[2026-06-25 19:26:07] processed 7750/98978 ok=7750 failures=0
[2026-06-25 19:27:05] processed 8000/98978 ok=8000 failures=0
[2026-06-25 19:28:01] processed 8250/98978 ok=8250 failures=0
[2026-06-25 19:28:55] processed 8500/98978 ok=8500 failures=0
[2026-06-25 19:29:51] processed 8750/98978 ok=8750 failures=0
[2026-06-25 19:30:51] processed 9000/98978 ok=9000 failures=0
[2026-06-25 19:31:49] processed 9250/98978 ok=9250 failures=0
[2026-06-25 19:32:49] processed 9500/98978 ok=9500 failures=0
[2026-06-25 19:33:50] processed 9750/98978 ok=9750 failures=0
[2026-06-25 19:34:40] processed 10000/98978 ok=10000 failures=0
[2026-06-25 19:35:20] processed 10250/98978 ok=10250 failures=0
[2026-06-25 19:36:07] processed 10500/98978 ok=10500 failures=0
[2026-06-25 19:36:58] processed 10750/98978 ok=10750 failures=0
[2026-06-25 19:38:01] processed 11000/98978 ok=11000 failures=0
[2026-06-25 19:39:05] processed 11250/98978 ok=11250 failures=0
[2026-06-25 19:40:06] processed 11500/98978 ok=11500 failures=0
[2026-06-25 19:41:00] processed 11750/98978 ok=11750 failures=0
[2026-06-25 19:41:50] processed 12000/98978 ok=12000 failures=0
[2026-06-25 19:42:44] processed 12250/98978 ok=12250 failures=0
[2026-06-25 19:43:33] processed 12500/98978 ok=12500 failures=0
[2026-06-25 19:44:21] processed 12750/98978 ok=12750 failures=0
[2026-06-25 19:45:18] processed 13000/98978 ok=13000 failures=0
[2026-06-25 19:46:19] processed 13250/98978 ok=13250 failures=0
[2026-06-25 19:47:26] processed 13500/98978 ok=13500 failures=0
[2026-06-25 19:48:31] processed 13750/98978 ok=13750 failures=0
[2026-06-25 19:49:34] processed 14000/98978 ok=14000 failures=0
[2026-06-25 19:50:32] processed 14250/98978 ok=14250 failures=0
[2026-06-25 19:51:29] processed 14500/98978 ok=14500 failures=0
[2026-06-25 19:52:29] processed 14750/98978 ok=14750 failures=0
[2026-06-25 19:53:31] processed 15000/98978 ok=15000 failures=0
[2026-06-25 19:54:27] processed 15250/98978 ok=15250 failures=0
[2026-06-25 19:55:20] processed 15500/98978 ok=15500 failures=0
[2026-06-25 19:56:14] processed 15750/98978 ok=15750 failures=0
[2026-06-25 19:57:04] processed 16000/98978 ok=16000 failures=0
[2026-06-25 19:57:55] processed 16250/98978 ok=16250 failures=0
[2026-06-25 19:58:45] processed 16500/98978 ok=16500 failures=0
[2026-06-25 19:59:31] processed 16750/98978 ok=16750 failures=0
[2026-06-25 20:00:29] processed 17000/98978 ok=17000 failures=0
[2026-06-25 20:01:24] processed 17250/98978 ok=17250 failures=0
[2026-06-25 20:02:19] processed 17500/98978 ok=17500 failures=0
[2026-06-25 20:03:20] processed 17750/98978 ok=17750 failures=0
[2026-06-25 20:04:13] processed 18000/98978 ok=18000 failures=0
[2026-06-25 20:05:10] processed 18250/98978 ok=18250 failures=0
[2026-06-25 20:06:08] processed 18500/98978 ok=18500 failures=0
[2026-06-25 20:06:58] processed 18750/98978 ok=18750 failures=0
[2026-06-25 20:07:52] processed 19000/98978 ok=19000 failures=0
[2026-06-25 20:08:48] processed 19250/98978 ok=19250 failures=0
[2026-06-25 20:09:27] processed 19500/98978 ok=19500 failures=0
[2026-06-25 20:10:05] processed 19750/98978 ok=19750 failures=0
[2026-06-25 20:10:46] processed 20000/98978 ok=20000 failures=0
[2026-06-25 20:11:29] processed 20250/98978 ok=20250 failures=0
[2026-06-25 20:12:26] processed 20500/98978 ok=20500 failures=0
[2026-06-25 20:13:26] processed 20750/98978 ok=20750 failures=0
[2026-06-25 20:14:24] processed 21000/98978 ok=21000 failures=0
[2026-06-25 20:15:11] processed 21250/98978 ok=21250 failures=0
[2026-06-25 20:16:07] processed 21500/98978 ok=21500 failures=0
[2026-06-25 20:17:04] processed 21750/98978 ok=21750 failures=0
[2026-06-25 20:18:01] processed 22000/98978 ok=22000 failures=0
[2026-06-25 20:18:59] processed 22250/98978 ok=22250 failures=0
[2026-06-25 20:19:55] processed 22500/98978 ok=22500 failures=0
[2026-06-25 20:20:53] processed 22750/98978 ok=22750 failures=0
[2026-06-25 20:21:51] processed 23000/98978 ok=23000 failures=0
[2026-06-25 20:22:53] processed 23250/98978 ok=23250 failures=0
[2026-06-25 20:23:56] processed 23500/98978 ok=23500 failures=0
[2026-06-25 20:24:42] processed 23750/98978 ok=23750 failures=0
[2026-06-25 20:25:29] processed 24000/98978 ok=24000 failures=0
[2026-06-25 20:26:10] processed 24250/98978 ok=24250 failures=0
[2026-06-25 20:26:58] processed 24500/98978 ok=24500 failures=0
[2026-06-25 20:27:51] processed 24750/98978 ok=24750 failures=0
[2026-06-25 20:28:42] processed 25000/98978 ok=25000 failures=0
[2026-06-25 20:29:35] processed 25250/98978 ok=25250 failures=0
[2026-06-25 20:30:23] processed 25500/98978 ok=25500 failures=0
[2026-06-25 20:31:10] processed 25750/98978 ok=25750 failures=0
[2026-06-25 20:32:00] processed 26000/98978 ok=26000 failures=0
[2026-06-25 20:32:50] processed 26250/98978 ok=26250 failures=0
[2026-06-25 20:33:43] processed 26500/98978 ok=26500 failures=0
[2026-06-25 20:34:44] processed 26750/98978 ok=26750 failures=0
[2026-06-25 20:35:46] processed 27000/98978 ok=27000 failures=0
[2026-06-25 20:36:40] processed 27250/98978 ok=27250 failures=0
[2026-06-25 20:37:30] processed 27500/98978 ok=27500 failures=0
[2026-06-25 20:38:35] processed 27750/98978 ok=27750 failures=0
[2026-06-25 20:39:37] processed 28000/98978 ok=28000 failures=0
[2026-06-25 20:40:38] processed 28250/98978 ok=28250 failures=0
[2026-06-25 20:41:44] processed 28500/98978 ok=28500 failures=0
[2026-06-25 20:42:36] processed 28750/98978 ok=28750 failures=0
[2026-06-25 20:43:22] processed 29000/98978 ok=29000 failures=0
[2026-06-25 20:44:02] processed 29250/98978 ok=29250 failures=0
[2026-06-25 20:44:36] processed 29500/98978 ok=29500 failures=0
[2026-06-25 20:45:15] processed 29750/98978 ok=29750 failures=0
[2026-06-25 20:45:56] processed 30000/98978 ok=30000 failures=0
[2026-06-25 20:46:49] processed 30250/98978 ok=30250 failures=0
[2026-06-25 20:47:55] processed 30500/98978 ok=30500 failures=0
[2026-06-25 20:49:06] processed 30750/98978 ok=30750 failures=0
[2026-06-25 20:50:09] processed 31000/98978 ok=31000 failures=0
[2026-06-25 20:51:01] processed 31250/98978 ok=31250 failures=0
[2026-06-25 20:52:02] processed 31500/98978 ok=31500 failures=0
[2026-06-25 20:53:10] processed 31750/98978 ok=31750 failures=0
[2026-06-25 20:54:13] processed 32000/98978 ok=32000 failures=0
[2026-06-25 20:55:24] processed 32250/98978 ok=32250 failures=0
[2026-06-25 20:56:27] processed 32500/98978 ok=32500 failures=0
[2026-06-25 20:57:32] processed 32750/98978 ok=32750 failures=0
[2026-06-25 20:58:40] processed 33000/98978 ok=33000 failures=0
[2026-06-25 20:59:51] processed 33250/98978 ok=33250 failures=0
[2026-06-25 21:00:58] processed 33500/98978 ok=33500 failures=0
[2026-06-25 21:01:53] processed 33750/98978 ok=33750 failures=0
[2026-06-25 21:02:55] processed 34000/98978 ok=34000 failures=0
[2026-06-25 21:03:53] processed 34250/98978 ok=34250 failures=0
[2026-06-25 21:04:53] processed 34500/98978 ok=34500 failures=0
[2026-06-25 21:05:50] processed 34750/98978 ok=34750 failures=0
[2026-06-25 21:06:43] processed 35000/98978 ok=35000 failures=0
[2026-06-25 21:07:45] processed 35250/98978 ok=35250 failures=0
[2026-06-25 21:08:34] processed 35500/98978 ok=35500 failures=0
[2026-06-25 21:09:22] processed 35750/98978 ok=35750 failures=0
[2026-06-25 21:10:08] processed 36000/98978 ok=36000 failures=0
[2026-06-25 21:11:02] processed 36250/98978 ok=36250 failures=0
[2026-06-25 21:12:07] processed 36500/98978 ok=36500 failures=0
[2026-06-25 21:13:07] processed 36750/98978 ok=36750 failures=0
[2026-06-25 21:14:05] processed 37000/98978 ok=37000 failures=0
[2026-06-25 21:15:05] processed 37250/98978 ok=37250 failures=0
[2026-06-25 21:15:58] processed 37500/98978 ok=37500 failures=0
[2026-06-25 21:17:00] processed 37750/98978 ok=37750 failures=0
[2026-06-25 21:18:04] processed 38000/98978 ok=38000 failures=0
[2026-06-25 21:19:03] processed 38250/98978 ok=38250 failures=0
[2026-06-25 21:20:10] processed 38500/98978 ok=38500 failures=0
[2026-06-25 21:21:12] processed 38750/98978 ok=38750 failures=0
[2026-06-25 21:22:14] processed 39000/98978 ok=39000 failures=0
[2026-06-25 21:23:16] processed 39250/98978 ok=39250 failures=0
[2026-06-25 21:24:15] processed 39500/98978 ok=39500 failures=0
[2026-06-25 21:24:55] processed 39750/98978 ok=39750 failures=0
[2026-06-25 21:25:31] processed 40000/98978 ok=40000 failures=0
[2026-06-25 21:26:09] processed 40250/98978 ok=40250 failures=0
[2026-06-25 21:26:54] processed 40500/98978 ok=40500 failures=0
[2026-06-25 21:27:57] processed 40750/98978 ok=40750 failures=0
[2026-06-25 21:28:55] processed 41000/98978 ok=41000 failures=0
[2026-06-25 21:29:59] processed 41250/98978 ok=41250 failures=0
[2026-06-25 21:30:46] processed 41500/98978 ok=41500 failures=0
[2026-06-25 21:31:39] processed 41750/98978 ok=41750 failures=0
[2026-06-25 21:32:42] processed 42000/98978 ok=42000 failures=0
[2026-06-25 21:33:33] processed 42250/98978 ok=42250 failures=0
[2026-06-25 21:34:29] processed 42500/98978 ok=42500 failures=0
[2026-06-25 21:35:25] processed 42750/98978 ok=42750 failures=0
[2026-06-25 21:36:22] processed 43000/98978 ok=43000 failures=0
[2026-06-25 21:37:22] processed 43250/98978 ok=43250 failures=0
[2026-06-25 21:38:22] processed 43500/98978 ok=43500 failures=0
[2026-06-25 21:39:11] processed 43750/98978 ok=43750 failures=0
[2026-06-25 21:39:47] processed 44000/98978 ok=44000 failures=0
[2026-06-25 21:40:46] processed 44250/98978 ok=44250 failures=0
[2026-06-25 21:41:57] processed 44500/98978 ok=44500 failures=0
[2026-06-25 21:42:55] processed 44750/98978 ok=44750 failures=0
[2026-06-25 21:43:53] processed 45000/98978 ok=45000 failures=0
[2026-06-25 21:44:36] processed 45250/98978 ok=45250 failures=0
[2026-06-25 21:45:25] processed 45500/98978 ok=45500 failures=0
[2026-06-25 21:46:16] processed 45750/98978 ok=45750 failures=0
[2026-06-25 21:47:15] processed 46000/98978 ok=46000 failures=0
[2026-06-25 21:48:10] processed 46250/98978 ok=46250 failures=0
[2026-06-25 21:48:57] processed 46500/98978 ok=46500 failures=0
[2026-06-25 21:49:47] processed 46750/98978 ok=46750 failures=0
[2026-06-25 21:50:45] processed 47000/98978 ok=47000 failures=0
[2026-06-25 21:51:25] processed 47250/98978 ok=47250 failures=0
[2026-06-25 21:52:05] processed 47500/98978 ok=47500 failures=0
[2026-06-25 21:52:52] processed 47750/98978 ok=47750 failures=0
[2026-06-25 21:53:40] processed 48000/98978 ok=48000 failures=0
[2026-06-25 21:54:38] processed 48250/98978 ok=48250 failures=0
[2026-06-25 21:55:41] processed 48500/98978 ok=48500 failures=0
[2026-06-25 21:56:47] processed 48750/98978 ok=48750 failures=0
[2026-06-25 21:57:31] processed 49000/98978 ok=49000 failures=0
[2026-06-25 21:58:25] processed 49250/98978 ok=49250 failures=0
[2026-06-25 21:59:08] processed 49500/98978 ok=49500 failures=0
[2026-06-25 21:59:59] processed 49750/98978 ok=49750 failures=0
[2026-06-25 22:01:02] processed 50000/98978 ok=50000 failures=0
[2026-06-25 22:02:05] processed 50250/98978 ok=50250 failures=0
[2026-06-25 22:02:54] processed 50500/98978 ok=50500 failures=0
[2026-06-25 22:03:39] processed 50750/98978 ok=50750 failures=0
[2026-06-25 22:04:27] processed 51000/98978 ok=51000 failures=0
[2026-06-25 22:05:34] processed 51250/98978 ok=51250 failures=0
[2026-06-25 22:06:23] processed 51500/98978 ok=51500 failures=0
[2026-06-25 22:07:08] processed 51750/98978 ok=51750 failures=0
[2026-06-25 22:07:47] processed 52000/98978 ok=52000 failures=0
[2026-06-25 22:08:25] processed 52250/98978 ok=52250 failures=0
[2026-06-25 22:09:23] processed 52500/98978 ok=52500 failures=0
[2026-06-25 22:10:08] processed 52750/98978 ok=52750 failures=0
[2026-06-25 22:10:48] processed 53000/98978 ok=53000 failures=0
[2026-06-25 22:11:57] processed 53250/98978 ok=53250 failures=0
[2026-06-25 22:13:04] processed 53500/98978 ok=53500 failures=0
[2026-06-25 22:13:51] processed 53750/98978 ok=53750 failures=0
[2026-06-25 22:14:36] processed 54000/98978 ok=54000 failures=0
[2026-06-25 22:15:28] processed 54250/98978 ok=54250 failures=0
[2026-06-25 22:16:37] processed 54500/98978 ok=54500 failures=0
[2026-06-25 22:17:33] processed 54750/98978 ok=54750 failures=0
[2026-06-25 22:18:15] processed 55000/98978 ok=55000 failures=0
[2026-06-25 22:18:57] processed 55250/98978 ok=55250 failures=0
[2026-06-25 22:19:36] processed 55500/98978 ok=55500 failures=0
[2026-06-25 22:20:29] processed 55750/98978 ok=55750 failures=0
[2026-06-25 22:21:35] processed 56000/98978 ok=56000 failures=0
[2026-06-25 22:22:28] processed 56250/98978 ok=56250 failures=0
[2026-06-25 22:23:20] processed 56500/98978 ok=56500 failures=0
[2026-06-25 22:24:02] processed 56750/98978 ok=56750 failures=0
[2026-06-25 22:24:39] processed 57000/98978 ok=57000 failures=0
[2026-06-25 22:25:25] processed 57250/98978 ok=57250 failures=0
[2026-06-25 22:26:12] processed 57500/98978 ok=57500 failures=0
[2026-06-25 22:26:53] processed 57750/98978 ok=57750 failures=0
[2026-06-25 22:27:34] processed 58000/98978 ok=58000 failures=0
[2026-06-25 22:28:14] processed 58250/98978 ok=58250 failures=0
[2026-06-25 22:28:55] processed 58500/98978 ok=58500 failures=0
[2026-06-25 22:29:44] processed 58750/98978 ok=58750 failures=0
[2026-06-25 22:30:38] processed 59000/98978 ok=59000 failures=0
[2026-06-25 22:31:21] processed 59250/98978 ok=59250 failures=0
[2026-06-25 22:31:59] processed 59500/98978 ok=59500 failures=0
[2026-06-25 22:32:36] processed 59750/98978 ok=59750 failures=0
[2026-06-25 22:33:16] processed 60000/98978 ok=60000 failures=0
[2026-06-25 22:33:59] processed 60250/98978 ok=60250 failures=0
[2026-06-25 22:34:47] processed 60500/98978 ok=60500 failures=0
[2026-06-25 22:35:32] processed 60750/98978 ok=60750 failures=0
[2026-06-25 22:36:25] processed 61000/98978 ok=61000 failures=0
[2026-06-25 22:37:15] processed 61250/98978 ok=61250 failures=0
[2026-06-25 22:38:11] processed 61500/98978 ok=61500 failures=0
[2026-06-25 22:39:04] processed 61750/98978 ok=61750 failures=0
[2026-06-25 22:39:58] processed 62000/98978 ok=62000 failures=0
[2026-06-25 22:40:49] processed 62250/98978 ok=62250 failures=0
[2026-06-25 22:41:30] processed 62500/98978 ok=62500 failures=0
[2026-06-25 22:42:12] processed 62750/98978 ok=62750 failures=0
[2026-06-25 22:42:50] processed 63000/98978 ok=63000 failures=0
[2026-06-25 22:43:32] processed 63250/98978 ok=63250 failures=0
[2026-06-25 22:44:15] processed 63500/98978 ok=63500 failures=0
[2026-06-25 22:44:55] processed 63750/98978 ok=63750 failures=0
[2026-06-25 22:45:35] processed 64000/98978 ok=64000 failures=0
[2026-06-25 22:46:15] processed 64250/98978 ok=64250 failures=0
[2026-06-25 22:46:55] processed 64500/98978 ok=64500 failures=0
[2026-06-25 22:47:35] processed 64750/98978 ok=64750 failures=0
[2026-06-25 22:48:15] processed 65000/98978 ok=65000 failures=0
[2026-06-25 22:48:56] processed 65250/98978 ok=65250 failures=0
[2026-06-25 22:49:54] processed 65500/98978 ok=65500 failures=0
[2026-06-25 22:51:02] processed 65750/98978 ok=65750 failures=0
[2026-06-25 22:52:06] processed 66000/98978 ok=66000 failures=0
[2026-06-25 22:52:56] processed 66250/98978 ok=66250 failures=0
[2026-06-25 22:53:35] processed 66500/98978 ok=66500 failures=0
[2026-06-25 22:54:12] processed 66750/98978 ok=66750 failures=0
[2026-06-25 22:55:01] processed 67000/98978 ok=67000 failures=0
[2026-06-25 22:55:46] processed 67250/98978 ok=67250 failures=0
[2026-06-25 22:56:26] processed 67500/98978 ok=67500 failures=0
[2026-06-25 22:57:07] processed 67750/98978 ok=67750 failures=0
[2026-06-25 22:57:45] processed 68000/98978 ok=68000 failures=0
[2026-06-25 22:58:39] processed 68250/98978 ok=68250 failures=0
[2026-06-25 22:59:38] processed 68500/98978 ok=68500 failures=0
[2026-06-25 23:00:26] processed 68750/98978 ok=68750 failures=0
[2026-06-25 23:01:09] processed 69000/98978 ok=69000 failures=0
[2026-06-25 23:01:55] processed 69250/98978 ok=69250 failures=0
[2026-06-25 23:02:38] processed 69500/98978 ok=69500 failures=0
[2026-06-25 23:03:18] processed 69750/98978 ok=69750 failures=0
[2026-06-25 23:03:56] processed 70000/98978 ok=70000 failures=0
[2026-06-25 23:04:39] processed 70250/98978 ok=70250 failures=0
[2026-06-25 23:05:16] processed 70500/98978 ok=70500 failures=0
[2026-06-25 23:05:57] processed 70750/98978 ok=70750 failures=0
[2026-06-25 23:06:38] processed 71000/98978 ok=71000 failures=0
[2026-06-25 23:07:21] processed 71250/98978 ok=71250 failures=0
[2026-06-25 23:08:05] processed 71500/98978 ok=71500 failures=0
[2026-06-25 23:09:03] processed 71750/98978 ok=71750 failures=0
[2026-06-25 23:09:56] processed 72000/98978 ok=72000 failures=0
[2026-06-25 23:10:43] processed 72250/98978 ok=72250 failures=0
[2026-06-25 23:11:31] processed 72500/98978 ok=72500 failures=0
[2026-06-25 23:12:16] processed 72750/98978 ok=72750 failures=0
[2026-06-25 23:13:02] processed 73000/98978 ok=73000 failures=0
[2026-06-25 23:13:50] processed 73250/98978 ok=73250 failures=0
[2026-06-25 23:14:32] processed 73500/98978 ok=73500 failures=0
[2026-06-25 23:15:27] processed 73750/98978 ok=73750 failures=0
[2026-06-25 23:16:28] processed 74000/98978 ok=74000 failures=0
[2026-06-25 23:17:24] processed 74250/98978 ok=74250 failures=0
[2026-06-25 23:18:18] processed 74500/98978 ok=74500 failures=0
[2026-06-25 23:19:03] processed 74750/98978 ok=74750 failures=0
[2026-06-25 23:19:46] processed 75000/98978 ok=75000 failures=0
[2026-06-25 23:20:26] processed 75250/98978 ok=75250 failures=0
[2026-06-25 23:21:05] processed 75500/98978 ok=75500 failures=0
[2026-06-25 23:21:47] processed 75750/98978 ok=75750 failures=0
[2026-06-25 23:22:28] processed 76000/98978 ok=76000 failures=0
[2026-06-25 23:23:09] processed 76250/98978 ok=76250 failures=0
[2026-06-25 23:23:48] processed 76500/98978 ok=76500 failures=0
[2026-06-25 23:24:33] processed 76750/98978 ok=76750 failures=0
[2026-06-25 23:25:24] processed 77000/98978 ok=77000 failures=0
[2026-06-25 23:26:11] processed 77250/98978 ok=77250 failures=0
[2026-06-25 23:26:51] processed 77500/98978 ok=77500 failures=0
[2026-06-25 23:27:35] processed 77750/98978 ok=77750 failures=0
[2026-06-25 23:28:09] processed 78000/98978 ok=78000 failures=0
[2026-06-25 23:28:59] processed 78250/98978 ok=78250 failures=0
[2026-06-25 23:30:08] processed 78500/98978 ok=78500 failures=0
[2026-06-25 23:31:02] processed 78750/98978 ok=78750 failures=0
[2026-06-25 23:31:56] processed 79000/98978 ok=79000 failures=0
[2026-06-25 23:33:01] processed 79250/98978 ok=79250 failures=0
[2026-06-25 23:34:08] processed 79500/98978 ok=79500 failures=0
[2026-06-25 23:35:16] processed 79750/98978 ok=79750 failures=0
[2026-06-25 23:36:34] processed 80000/98978 ok=80000 failures=0
[2026-06-25 23:37:41] processed 80250/98978 ok=80250 failures=0
[2026-06-25 23:38:38] processed 80500/98978 ok=80500 failures=0
[2026-06-25 23:39:40] processed 80750/98978 ok=80750 failures=0
[2026-06-25 23:40:45] processed 81000/98978 ok=81000 failures=0
[2026-06-25 23:41:59] processed 81250/98978 ok=81250 failures=0
[2026-06-25 23:42:59] processed 81500/98978 ok=81500 failures=0
[2026-06-25 23:44:01] processed 81750/98978 ok=81750 failures=0
[2026-06-25 23:45:27] processed 82000/98978 ok=82000 failures=0
[2026-06-25 23:46:39] processed 82250/98978 ok=82250 failures=0
[2026-06-25 23:47:55] processed 82500/98978 ok=82500 failures=0
[2026-06-25 23:49:08] processed 82750/98978 ok=82750 failures=0
[2026-06-25 23:50:14] processed 83000/98978 ok=83000 failures=0
[2026-06-25 23:51:21] processed 83250/98978 ok=83250 failures=0
[2026-06-25 23:52:23] processed 83500/98978 ok=83500 failures=0
[2026-06-25 23:53:22] processed 83750/98978 ok=83750 failures=0
[2026-06-25 23:54:18] processed 84000/98978 ok=84000 failures=0
[2026-06-25 23:55:29] processed 84250/98978 ok=84250 failures=0
[2026-06-25 23:56:41] processed 84500/98978 ok=84500 failures=0
[2026-06-25 23:57:53] processed 84750/98978 ok=84750 failures=0
[2026-06-25 23:59:00] processed 85000/98978 ok=85000 failures=0
[2026-06-25 23:59:57] processed 85250/98978 ok=85250 failures=0
[2026-06-26 00:01:00] processed 85500/98978 ok=85500 failures=0
[2026-06-26 00:02:07] processed 85750/98978 ok=85750 failures=0
[2026-06-26 00:03:10] processed 86000/98978 ok=86000 failures=0
[2026-06-26 00:04:23] processed 86250/98978 ok=86250 failures=0
[2026-06-26 00:05:31] processed 86500/98978 ok=86500 failures=0
[2026-06-26 00:06:36] processed 86750/98978 ok=86750 failures=0
[2026-06-26 00:07:37] processed 87000/98978 ok=87000 failures=0
[2026-06-26 00:08:46] processed 87250/98978 ok=87250 failures=0
[2026-06-26 00:10:03] processed 87500/98978 ok=87500 failures=0
[2026-06-26 00:11:02] processed 87750/98978 ok=87750 failures=0
[2026-06-26 00:12:15] processed 88000/98978 ok=88000 failures=0
[2026-06-26 00:13:49] processed 88250/98978 ok=88250 failures=0
[2026-06-26 00:15:12] processed 88500/98978 ok=88500 failures=0
[2026-06-26 00:16:31] processed 88750/98978 ok=88750 failures=0
[2026-06-26 00:17:31] processed 89000/98978 ok=89000 failures=0
[2026-06-26 00:19:10] processed 89250/98978 ok=89250 failures=0
[2026-06-26 00:20:23] processed 89500/98978 ok=89500 failures=0
[2026-06-26 00:21:47] processed 89750/98978 ok=89750 failures=0
[2026-06-26 00:23:03] processed 90000/98978 ok=90000 failures=0
[2026-06-26 00:24:17] processed 90250/98978 ok=90250 failures=0
[2026-06-26 00:25:33] processed 90500/98978 ok=90500 failures=0
[2026-06-26 00:26:41] processed 90750/98978 ok=90750 failures=0
[2026-06-26 00:27:37] processed 91000/98978 ok=91000 failures=0
[2026-06-26 00:28:37] processed 91250/98978 ok=91250 failures=0
[2026-06-26 00:29:44] processed 91500/98978 ok=91500 failures=0
[2026-06-26 00:30:50] processed 91750/98978 ok=91750 failures=0
[2026-06-26 00:31:59] processed 92000/98978 ok=92000 failures=0
[2026-06-26 00:33:08] processed 92250/98978 ok=92250 failures=0
[2026-06-26 00:34:12] processed 92500/98978 ok=92500 failures=0
[2026-06-26 00:35:26] processed 92750/98978 ok=92750 failures=0
[2026-06-26 00:36:46] processed 93000/98978 ok=93000 failures=0
[2026-06-26 00:37:59] processed 93250/98978 ok=93250 failures=0
[2026-06-26 00:39:11] processed 93500/98978 ok=93500 failures=0
[2026-06-26 00:40:23] processed 93750/98978 ok=93750 failures=0
[2026-06-26 00:41:27] processed 94000/98978 ok=94000 failures=0
[2026-06-26 00:42:29] processed 94250/98978 ok=94250 failures=0
[2026-06-26 00:43:37] processed 94500/98978 ok=94500 failures=0
[2026-06-26 00:44:47] processed 94750/98978 ok=94750 failures=0
[2026-06-26 00:45:40] processed 95000/98978 ok=95000 failures=0
[2026-06-26 00:46:46] processed 95250/98978 ok=95250 failures=0
[2026-06-26 00:48:11] processed 95500/98978 ok=95500 failures=0
[2026-06-26 00:49:15] processed 95750/98978 ok=95750 failures=0
[2026-06-26 00:50:05] processed 96000/98978 ok=96000 failures=0
[2026-06-26 00:51:08] processed 96250/98978 ok=96250 failures=0
[2026-06-26 00:52:15] processed 96500/98978 ok=96500 failures=0
[2026-06-26 00:53:27] processed 96750/98978 ok=96750 failures=0
[2026-06-26 00:54:40] processed 97000/98978 ok=97000 failures=0
[2026-06-26 00:55:32] processed 97250/98978 ok=97250 failures=0
[2026-06-26 00:56:28] processed 97500/98978 ok=97500 failures=0
[2026-06-26 00:57:33] processed 97750/98978 ok=97750 failures=0
[2026-06-26 00:58:35] processed 98000/98978 ok=98000 failures=0
[2026-06-26 00:59:44] processed 98250/98978 ok=98250 failures=0
[2026-06-26 01:00:49] processed 98500/98978 ok=98500 failures=0
[2026-06-26 01:01:36] processed 98750/98978 ok=98750 failures=0
[2026-06-26 01:02:34] processed 98978/98978 ok=98978 failures=0
{
  "train_size": 91308,
  "test_size": 7670,
  "num_classes": 309,
  "num_failures": 0
}
[2026-06-26 01:03:44] wrote /home/Hongjie_Zeng/high_order_BM/data_vggsound_full/backbone_features/vggsound_P2V001_efficientnet_b3_16f_300s_direct_seq_shard1of2.npz
