[data] train=1780 test=325 classes=20 video=4608 motion=4608 audio=2048 device=cuda
[model] standard input=4608 label=100 hidden=4608 total=9316 mode=video
[init] estimating visible bias from training set
[epoch 001] recon_mse=0.07167
[epoch 002] recon_mse=0.07071
[epoch 003] recon_mse=0.06926
[epoch 004] recon_mse=0.06638
[epoch 005] recon_mse=0.06264 quick_test_acc=0.0800 ent=2.9914
[epoch 006] recon_mse=0.05903
[epoch 007] recon_mse=0.05614
[epoch 008] recon_mse=0.05412
[epoch 009] recon_mse=0.05296
[epoch 010] recon_mse=0.05238 quick_test_acc=0.0677 ent=2.9818
[epoch 011] recon_mse=0.05188
[epoch 012] recon_mse=0.05153
[epoch 013] recon_mse=0.05133
[epoch 014] recon_mse=0.05114
[epoch 015] recon_mse=0.05072 quick_test_acc=0.0738 ent=2.9747
[epoch 016] recon_mse=0.05024
[epoch 017] recon_mse=0.04971
[epoch 018] recon_mse=0.04903
[epoch 019] recon_mse=0.04843
[epoch 020] recon_mse=0.04791 quick_test_acc=0.0615 ent=2.9658
[epoch 021] recon_mse=0.04746
[epoch 022] recon_mse=0.04735
[epoch 023] recon_mse=0.04711
[epoch 024] recon_mse=0.04689
[epoch 025] recon_mse=0.04676 quick_test_acc=0.0738 ent=2.9598
[epoch 026] recon_mse=0.04677
[epoch 027] recon_mse=0.04657
[epoch 028] recon_mse=0.04642
[epoch 029] recon_mse=0.04629
[epoch 030] recon_mse=0.04615 quick_test_acc=0.0769 ent=2.9541
[epoch 031] recon_mse=0.04595
[epoch 032] recon_mse=0.04579
[epoch 033] recon_mse=0.04557
[epoch 034] recon_mse=0.04530
[epoch 035] recon_mse=0.04498 quick_test_acc=0.0677 ent=2.9487
[epoch 036] recon_mse=0.04463
[epoch 037] recon_mse=0.04418
[epoch 038] recon_mse=0.04388
[epoch 039] recon_mse=0.04370
[epoch 040] recon_mse=0.04350 quick_test_acc=0.0708 ent=2.9448
[epoch 041] recon_mse=0.04322
[epoch 042] recon_mse=0.04308
[epoch 043] recon_mse=0.04289
[epoch 044] recon_mse=0.04260
[epoch 045] recon_mse=0.04238 quick_test_acc=0.0800 ent=2.9387
[epoch 046] recon_mse=0.04208
[epoch 047] recon_mse=0.04192
[epoch 048] recon_mse=0.04162
[epoch 049] recon_mse=0.04137
[epoch 050] recon_mse=0.04128 quick_test_acc=0.0769 ent=2.9354
[epoch 051] recon_mse=0.04101
[epoch 052] recon_mse=0.04096
[epoch 053] recon_mse=0.04074
[epoch 054] recon_mse=0.04073
[epoch 055] recon_mse=0.04062 quick_test_acc=0.0769 ent=2.9308
[epoch 056] recon_mse=0.04056
[epoch 057] recon_mse=0.04043
[epoch 058] recon_mse=0.04043
[epoch 059] recon_mse=0.04027
[epoch 060] recon_mse=0.04019 quick_test_acc=0.0954 ent=2.9273
[epoch 061] recon_mse=0.04025
[epoch 062] recon_mse=0.04005
[epoch 063] recon_mse=0.04003
[epoch 064] recon_mse=0.03995
[epoch 065] recon_mse=0.03995 quick_test_acc=0.0831 ent=2.9227
[epoch 066] recon_mse=0.03993
[epoch 067] recon_mse=0.03979
[epoch 068] recon_mse=0.03973
[epoch 069] recon_mse=0.03984
[epoch 070] recon_mse=0.03984 quick_test_acc=0.0862 ent=2.9186
[epoch 071] recon_mse=0.03971
[epoch 072] recon_mse=0.03966
[epoch 073] recon_mse=0.03962
[epoch 074] recon_mse=0.03959
[epoch 075] recon_mse=0.03965 quick_test_acc=0.0985 ent=2.9144
[epoch 076] recon_mse=0.03962
[epoch 077] recon_mse=0.03956
[epoch 078] recon_mse=0.03950
[epoch 079] recon_mse=0.03948
[epoch 080] recon_mse=0.03941 quick_test_acc=0.0923 ent=2.9113
[epoch 081] recon_mse=0.03955
[epoch 082] recon_mse=0.03947
[epoch 083] recon_mse=0.03939
[epoch 084] recon_mse=0.03935
[epoch 085] recon_mse=0.03930 quick_test_acc=0.0831 ent=2.9077
[epoch 086] recon_mse=0.03926
[epoch 087] recon_mse=0.03935
[epoch 088] recon_mse=0.03932
[epoch 089] recon_mse=0.03936
[epoch 090] recon_mse=0.03933 quick_test_acc=0.0985 ent=2.9064
[epoch 091] recon_mse=0.03923
[epoch 092] recon_mse=0.03923
[epoch 093] recon_mse=0.03918
[epoch 094] recon_mse=0.03931
[epoch 095] recon_mse=0.03926 quick_test_acc=0.0892 ent=2.9006
[epoch 096] recon_mse=0.03914
[epoch 097] recon_mse=0.03913
[epoch 098] recon_mse=0.03918
[epoch 099] recon_mse=0.03912
[epoch 100] recon_mse=0.03918 quick_test_acc=0.0892 ent=2.8984
[epoch 101] recon_mse=0.03904
[epoch 102] recon_mse=0.03908
[epoch 103] recon_mse=0.03914
[epoch 104] recon_mse=0.03909
[epoch 105] recon_mse=0.03911 quick_test_acc=0.0892 ent=2.8948
[epoch 106] recon_mse=0.03910
[epoch 107] recon_mse=0.03902
[epoch 108] recon_mse=0.03904
[epoch 109] recon_mse=0.03900
[epoch 110] recon_mse=0.03894 quick_test_acc=0.0985 ent=2.8917
[epoch 111] recon_mse=0.03896
[epoch 112] recon_mse=0.03897
[epoch 113] recon_mse=0.03900
[epoch 114] recon_mse=0.03893
[epoch 115] recon_mse=0.03883 quick_test_acc=0.0985 ent=2.8877
[epoch 116] recon_mse=0.03891
[epoch 117] recon_mse=0.03880
[epoch 118] recon_mse=0.03892
[epoch 119] recon_mse=0.03883
[epoch 120] recon_mse=0.03878 quick_test_acc=0.0954 ent=2.8857
[epoch 121] recon_mse=0.03878
[epoch 122] recon_mse=0.03878
[epoch 123] recon_mse=0.03872
[epoch 124] recon_mse=0.03877
[epoch 125] recon_mse=0.03868 quick_test_acc=0.0923 ent=2.8826
[epoch 126] recon_mse=0.03871
[epoch 127] recon_mse=0.03851
[epoch 128] recon_mse=0.03872
[epoch 129] recon_mse=0.03859
[epoch 130] recon_mse=0.03851 quick_test_acc=0.0954 ent=2.8808
[epoch 131] recon_mse=0.03851
[epoch 132] recon_mse=0.03854
[epoch 133] recon_mse=0.03854
[epoch 134] recon_mse=0.03848
[epoch 135] recon_mse=0.03836 quick_test_acc=0.0923 ent=2.8775
[epoch 136] recon_mse=0.03841
[epoch 137] recon_mse=0.03850
[epoch 138] recon_mse=0.03820
[epoch 139] recon_mse=0.03821
[epoch 140] recon_mse=0.03828 quick_test_acc=0.0985 ent=2.8752
[epoch 141] recon_mse=0.03824
[epoch 142] recon_mse=0.03821
[epoch 143] recon_mse=0.03805
[epoch 144] recon_mse=0.03799
[epoch 145] recon_mse=0.03810 quick_test_acc=0.0985 ent=2.8721
[epoch 146] recon_mse=0.03796
[epoch 147] recon_mse=0.03797
[epoch 148] recon_mse=0.03791
[epoch 149] recon_mse=0.03784
[epoch 150] recon_mse=0.03774 quick_test_acc=0.0985 ent=2.8686
[epoch 151] recon_mse=0.03772
[epoch 152] recon_mse=0.03769
[epoch 153] recon_mse=0.03770
[epoch 154] recon_mse=0.03762
[epoch 155] recon_mse=0.03761 quick_test_acc=0.0985 ent=2.8677
[epoch 156] recon_mse=0.03740
[epoch 157] recon_mse=0.03746
[epoch 158] recon_mse=0.03748
[epoch 159] recon_mse=0.03732
[epoch 160] recon_mse=0.03728 quick_test_acc=0.1077 ent=2.8647
[epoch 161] recon_mse=0.03716
[epoch 162] recon_mse=0.03715
[epoch 163] recon_mse=0.03710
[epoch 164] recon_mse=0.03709
[epoch 165] recon_mse=0.03714 quick_test_acc=0.1077 ent=2.8617
[epoch 166] recon_mse=0.03693
[epoch 167] recon_mse=0.03694
[epoch 168] recon_mse=0.03682
[epoch 169] recon_mse=0.03672
[epoch 170] recon_mse=0.03668 quick_test_acc=0.0954 ent=2.8588
[epoch 171] recon_mse=0.03665
[epoch 172] recon_mse=0.03654
[epoch 173] recon_mse=0.03657
[epoch 174] recon_mse=0.03640
[epoch 175] recon_mse=0.03636 quick_test_acc=0.1077 ent=2.8571
[epoch 176] recon_mse=0.03630
[epoch 177] recon_mse=0.03628
[epoch 178] recon_mse=0.03631
[epoch 179] recon_mse=0.03621
[epoch 180] recon_mse=0.03615 quick_test_acc=0.1015 ent=2.8539
[full_eval_best] {
  "created_at": "2026-06-15 22:16:27",
  "ckpt": "/home/Hongjie_Zeng/high_order_BM/runs_vggsound_mini20_V006_standard_video_gray24/best.pt",
  "ckpt_epoch": 160,
  "ckpt_best_acc": 0.1076923076923077,
  "eval_steps": 3000,
  "eval_burn_in": 500,
  "eval_thin": 2,
  "test_label_gibbs_acc": 0.10461538461538461,
  "test_label_entropy": 2.8647398153940835,
  "computed_dims": {
    "input_dim": 4608,
    "label_dim": 100,
    "hidden_dim": 4608,
    "total_pbits": 9316,
    "num_classes": 20
  },
  "data_dims": {
    "feature_npz": "/home/Hongjie_Zeng/high_order_BM/data_vggsound_mini/features/vggsound_mini20_video_f8_s24_gray_audio2048.npz",
    "train_size": 1780,
    "test_size": 325,
    "num_classes": 20,
    "class_names": [
      "playing cello",
      "playing cymbal",
      "playing didgeridoo",
      "playing drum kit",
      "playing electric guitar",
      "playing flute",
      "playing harp",
      "playing marimba, xylophone",
      "playing piano",
      "playing saxophone",
      "playing trombone",
      "playing violin, fiddle",
      "police car (siren)",
      "race car, auto racing",
      "railroad car, train wagon",
      "rowboat, canoe, kayak rowing",
      "singing bowl",
      "tap dancing",
      "toilet flushing",
      "vehicle horn, car horn, honking"
    ],
    "video_dim": 4608,
    "motion_dim": 4608,
    "audio_dim": 2048
  }
}
{
  "experiment_id": "V006_standard_video_gray24",
  "finished_at": "2026-06-15 22:16:27",
  "model_type": "standard",
  "best_epoch": 160,
  "best_acc_selection_metric": 0.1076923076923077,
  "final_epoch": 180,
  "final_test_label_gibbs_acc": 0.10153846153846154,
  "full_eval_best_acc": 0.10461538461538461,
  "computed_dims": {
    "input_dim": 4608,
    "label_dim": 100,
    "hidden_dim": 4608,
    "total_pbits": 9316,
    "num_classes": 20
  },
  "data_dims": {
    "feature_npz": "/home/Hongjie_Zeng/high_order_BM/data_vggsound_mini/features/vggsound_mini20_video_f8_s24_gray_audio2048.npz",
    "train_size": 1780,
    "test_size": 325,
    "num_classes": 20,
    "class_names": [
      "playing cello",
      "playing cymbal",
      "playing didgeridoo",
      "playing drum kit",
      "playing electric guitar",
      "playing flute",
      "playing harp",
      "playing marimba, xylophone",
      "playing piano",
      "playing saxophone",
      "playing trombone",
      "playing violin, fiddle",
      "police car (siren)",
      "race car, auto racing",
      "railroad car, train wagon",
      "rowboat, canoe, kayak rowing",
      "singing bowl",
      "tap dancing",
      "toilet flushing",
      "vehicle horn, car horn, honking"
    ],
    "video_dim": 4608,
    "motion_dim": 4608,
    "audio_dim": 2048
  },
  "out_dir": "/home/Hongjie_Zeng/high_order_BM/runs_vggsound_mini20_V006_standard_video_gray24"
}
