[data] train=182615 test=15341 classes=309 video=4096 motion=4096 audio=1 device=cuda
[model] standard input=4096 label=1545 hidden=32768 total=38409 mode=video
[init] estimating visible bias from training set
[epoch 001] recon_mse=0.02754
[epoch 002] recon_mse=0.02464
[epoch 003] recon_mse=0.02301
[epoch 004] recon_mse=0.02194
[epoch 005] recon_mse=0.02115 quick_test_acc=0.0905 ent=5.4241
[epoch 006] recon_mse=0.02053
[epoch 007] recon_mse=0.02003
[epoch 008] recon_mse=0.01962
[epoch 009] recon_mse=0.01926
[epoch 010] recon_mse=0.01894 quick_test_acc=0.1392 ent=5.1934
[epoch 011] recon_mse=0.01865
[epoch 012] recon_mse=0.01839
[epoch 013] recon_mse=0.01816
[epoch 014] recon_mse=0.01794
[epoch 015] recon_mse=0.01774 quick_test_acc=0.1690 ent=4.9697
[epoch 016] recon_mse=0.01755
[epoch 017] recon_mse=0.01738
[epoch 018] recon_mse=0.01722
[epoch 019] recon_mse=0.01707
[epoch 020] recon_mse=0.01693 quick_test_acc=0.1840 ent=4.7648
[epoch 021] recon_mse=0.01680
[epoch 022] recon_mse=0.01667
[epoch 023] recon_mse=0.01656
[epoch 024] recon_mse=0.01645
[epoch 025] recon_mse=0.01634 quick_test_acc=0.1987 ent=4.5973
[epoch 026] recon_mse=0.01625
[epoch 027] recon_mse=0.01615
[epoch 028] recon_mse=0.01606
[epoch 029] recon_mse=0.01598
[epoch 030] recon_mse=0.01590 quick_test_acc=0.2176 ent=4.4710
[epoch 031] recon_mse=0.01583
[epoch 032] recon_mse=0.01576
[epoch 033] recon_mse=0.01569
[epoch 034] recon_mse=0.01562
[epoch 035] recon_mse=0.01556 quick_test_acc=0.2263 ent=4.3661
[epoch 036] recon_mse=0.01551
[epoch 037] recon_mse=0.01545
[epoch 038] recon_mse=0.01540
[epoch 039] recon_mse=0.01535
[epoch 040] recon_mse=0.01530 quick_test_acc=0.2374 ent=4.2595
[epoch 041] recon_mse=0.01525
[epoch 042] recon_mse=0.01521
[epoch 043] recon_mse=0.01516
[epoch 044] recon_mse=0.01512
[epoch 045] recon_mse=0.01508 quick_test_acc=0.2462 ent=4.1835
[epoch 046] recon_mse=0.01504
[epoch 047] recon_mse=0.01501
[epoch 048] recon_mse=0.01497
[epoch 049] recon_mse=0.01494
[epoch 050] recon_mse=0.01491 quick_test_acc=0.2521 ent=4.0965
[epoch 051] recon_mse=0.01487
[epoch 052] recon_mse=0.01484
[epoch 053] recon_mse=0.01481
[epoch 054] recon_mse=0.01478
[epoch 055] recon_mse=0.01475 quick_test_acc=0.2612 ent=4.0395
[epoch 056] recon_mse=0.01473
[epoch 057] recon_mse=0.01470
[epoch 058] recon_mse=0.01468
[epoch 059] recon_mse=0.01465
[epoch 060] recon_mse=0.01463 quick_test_acc=0.2705 ent=3.9781
[epoch 061] recon_mse=0.01461
[epoch 062] recon_mse=0.01459
[epoch 063] recon_mse=0.01456
[epoch 064] recon_mse=0.01454
[epoch 065] recon_mse=0.01452 quick_test_acc=0.2750 ent=3.9253
[epoch 066] recon_mse=0.01450
[epoch 067] recon_mse=0.01448
[epoch 068] recon_mse=0.01446
[epoch 069] recon_mse=0.01444
[epoch 070] recon_mse=0.01443 quick_test_acc=0.2798 ent=3.8677
[epoch 071] recon_mse=0.01441
[epoch 072] recon_mse=0.01439
[epoch 073] recon_mse=0.01438
[epoch 074] recon_mse=0.01436
[epoch 075] recon_mse=0.01435 quick_test_acc=0.2878 ent=3.8217
[epoch 076] recon_mse=0.01432
[epoch 077] recon_mse=0.01431
[epoch 078] recon_mse=0.01430
[epoch 079] recon_mse=0.01428
[epoch 080] recon_mse=0.01427 quick_test_acc=0.2927 ent=3.7812
[epoch 081] recon_mse=0.01426
[epoch 082] recon_mse=0.01424
[epoch 083] recon_mse=0.01423
[epoch 084] recon_mse=0.01422
[epoch 085] recon_mse=0.01420 quick_test_acc=0.2975 ent=3.7303
[epoch 086] recon_mse=0.01419
[epoch 087] recon_mse=0.01418
[epoch 088] recon_mse=0.01416
[epoch 089] recon_mse=0.01416
[epoch 090] recon_mse=0.01414 quick_test_acc=0.2996 ent=3.7050
[epoch 091] recon_mse=0.01413
[epoch 092] recon_mse=0.01411
[epoch 093] recon_mse=0.01411
[epoch 094] recon_mse=0.01410
[epoch 095] recon_mse=0.01409 quick_test_acc=0.3050 ent=3.6737
[epoch 096] recon_mse=0.01407
[epoch 097] recon_mse=0.01406
[epoch 098] recon_mse=0.01405
[epoch 099] recon_mse=0.01404
[epoch 100] recon_mse=0.01403 quick_test_acc=0.3098 ent=3.6322
[epoch 101] recon_mse=0.01403
[epoch 102] recon_mse=0.01402
[epoch 103] recon_mse=0.01400
[epoch 104] recon_mse=0.01399
[epoch 105] recon_mse=0.01398 quick_test_acc=0.3143 ent=3.5843
[epoch 106] recon_mse=0.01397
[epoch 107] recon_mse=0.01396
[epoch 108] recon_mse=0.01396
[epoch 109] recon_mse=0.01394
[epoch 110] recon_mse=0.01393 quick_test_acc=0.3188 ent=3.5525
[epoch 111] recon_mse=0.01393
[epoch 112] recon_mse=0.01392
[epoch 113] recon_mse=0.01391
[epoch 114] recon_mse=0.01390
[epoch 115] recon_mse=0.01389 quick_test_acc=0.3240 ent=3.5320
[epoch 116] recon_mse=0.01388
[epoch 117] recon_mse=0.01387
[epoch 118] recon_mse=0.01387
[epoch 119] recon_mse=0.01386
[epoch 120] recon_mse=0.01385 quick_test_acc=0.3291 ent=3.5033
[full_eval_best] {
  "created_at": "2026-06-19 06:23:46",
  "ckpt": "/home/Hongjie_Zeng/high_order_BM/runs_vggsound_full_VF008_video_resnet50_meanstd_f16_h8_lc5_e120/best.pt",
  "ckpt_epoch": 120,
  "ckpt_best_acc": 0.32911804967081676,
  "eval_steps": 3000,
  "eval_burn_in": 500,
  "eval_thin": 2,
  "test_label_gibbs_acc": 0.3290528648719119,
  "test_label_entropy": 3.505494025349617,
  "computed_dims": {
    "input_dim": 4096,
    "label_dim": 1545,
    "hidden_dim": 32768,
    "total_pbits": 38409,
    "num_classes": 309
  },
  "data_dims": {
    "feature_npz": "/home/Hongjie_Zeng/high_order_BM/data_vggsound_full/features/vggsound_full_visual_motion_resnet50_meanstd_allclasses_f16_s224.npz",
    "train_size": 182615,
    "test_size": 15341,
    "num_classes": 309,
    "class_names": [
      "air conditioning noise",
      "air horn",
      "airplane",
      "airplane flyby",
      "alarm clock ringing",
      "alligators, crocodiles hissing",
      "ambulance siren",
      "arc welding",
      "baby babbling",
      "baby crying",
      "baby laughter",
      "baltimore oriole calling",
      "barn swallow calling",
      "basketball bounce",
      "bathroom ventilation fan running",
      "beat boxing",
      "bee, wasp, etc. buzzing",
      "bird chirping, tweeting",
      "bird squawking",
      "bird wings flapping",
      "black capped chickadee calling",
      "blowtorch igniting",
      "bouncing on trampoline",
      "bowling impact",
      "bull bellowing",
      "canary calling",
      "cap gun shooting",
      "car engine idling",
      "car engine knocking",
      "car engine starting",
      "car passing by",
      "cat caterwauling",
      "cat growling",
      "cat hissing",
      "cat meowing",
      "cat purring",
      "cattle mooing",
      "cattle, bovinae cowbell",
      "cell phone buzzing",
      "chainsawing trees",
      "cheetah chirrup",
      "chicken clucking",
      "chicken crowing",
      "child singing",
      "child speech, kid speaking",
      "children shouting",
      "chimpanzee pant-hooting",
      "chinchilla barking",
      "chipmunk chirping",
      "chopping food",
      "chopping wood",
      "church bell ringing",
      "civil defense siren",
      "cow lowing",
      "coyote howling",
      "cricket chirping",
      "crow cawing",
      "cuckoo bird calling",
      "cupboard opening or closing",
      "cutting hair with electric trimmers",
      "dinosaurs bellowing",
      "disc scratching",
      "dog barking",
      "dog baying",
      "dog bow-wow",
      "dog growling",
      "dog howling",
      "dog whimpering",
      "donkey, ass braying",
      "door slamming",
      "driving buses",
      "driving motorcycle",
      "driving snowmobile",
      "duck quacking",
      "eagle screaming",
      "eating with cutlery",
      "electric grinder grinding",
      "electric shaver, electric razor shaving",
      "elephant trumpeting",
      "eletric blender running",
      "elk bugling",
      "engine accelerating, revving, vroom",
      "female singing",
      "female speech, woman speaking",
      "ferret dooking",
      "fire crackling",
      "fire truck siren",
      "fireworks banging",
      "firing cannon",
      "firing muskets",
      "fly, housefly buzzing",
      "foghorn",
      "footsteps on snow",
      "forging swords",
      "fox barking",
      "francolin calling",
      "frog croaking",
      "gibbon howling",
      "goat bleating",
      "golf driving",
      "goose honking",
      "hail",
      "hair dryer drying",
      "hammering nails",
      "heart sounds, heartbeat",
      "hedge trimmer running",
      "helicopter",
      "horse clip-clop",
      "horse neighing",
      "ice cracking",
      "ice cream truck, ice cream van",
      "lathe spinning",
      "lawn mowing",
      "lighting firecrackers",
      "lions growling",
      "lions roaring",
      "lip smacking",
      "machine gun shooting",
      "magpie calling",
      "male singing",
      "male speech, man speaking",
      "metronome",
      "missile launch",
      "mosquito buzzing",
      "motorboat, speedboat acceleration",
      "mouse clicking",
      "mouse pattering",
      "mouse squeaking",
      "mynah bird singing",
      "ocean burbling",
      "opening or closing car doors",
      "opening or closing car electric windows",
      "opening or closing drawers",
      "orchestra",
      "otter growling",
      "owl hooting",
      "parrot talking",
      "penguins braying",
      "people babbling",
      "people battle cry",
      "people belly laughing",
      "people booing",
      "people burping",
      "people cheering",
      "people clapping",
      "people coughing",
      "people crowd",
      "people eating",
      "people eating apple",
      "people eating crisps",
      "people eating noodle",
      "people farting",
      "people finger snapping",
      "people gargling",
      "people giggling",
      "people hiccup",
      "people humming",
      "people marching",
      "people nose blowing",
      "people running",
      "people screaming",
      "people shuffling",
      "people slapping",
      "people slurping",
      "people sneezing",
      "people sniggering",
      "people sobbing",
      "people whispering",
      "people whistling",
      "pheasant crowing",
      "pig oinking",
      "pigeon, dove cooing",
      "planing timber",
      "plastic bottle crushing",
      "playing accordion",
      "playing acoustic guitar",
      "playing badminton",
      "playing bagpipes",
      "playing banjo",
      "playing bass drum",
      "playing bass guitar",
      "playing bassoon",
      "playing bongo",
      "playing bugle",
      "playing castanets",
      "playing cello",
      "playing clarinet",
      "playing congas",
      "playing cornet",
      "playing cymbal",
      "playing darts",
      "playing didgeridoo",
      "playing djembe",
      "playing double bass",
      "playing drum kit",
      "playing electric guitar",
      "playing electronic organ",
      "playing erhu",
      "playing flute",
      "playing french horn",
      "playing glockenspiel",
      "playing gong",
      "playing guiro",
      "playing hammond organ",
      "playing harmonica",
      "playing harp",
      "playing harpsichord",
      "playing hockey",
      "playing lacrosse",
      "playing mandolin",
      "playing marimba, xylophone",
      "playing oboe",
      "playing piano",
      "playing saxophone",
      "playing shofar",
      "playing sitar",
      "playing snare drum",
      "playing squash",
      "playing steel guitar, slide guitar",
      "playing steelpan",
      "playing synthesizer",
      "playing tabla",
      "playing table tennis",
      "playing tambourine",
      "playing tennis",
      "playing theremin",
      "playing timbales",
      "playing timpani",
      "playing trombone",
      "playing trumpet",
      "playing tuning fork",
      "playing tympani",
      "playing ukulele",
      "playing vibraphone",
      "playing violin, fiddle",
      "playing volleyball",
      "playing washboard",
      "playing zither",
      "police car (siren)",
      "police radio chatter",
      "popping popcorn",
      "printer printing",
      "pumping water",
      "race car, auto racing",
      "railroad car, train wagon",
      "raining",
      "rapping",
      "reversing beeps",
      "ripping paper",
      "roller coaster running",
      "rope skipping",
      "rowboat, canoe, kayak rowing",
      "running electric fan",
      "sailing",
      "scuba diving",
      "sea lion barking",
      "sea waves",
      "sharpen knife",
      "sheep bleating",
      "shot football",
      "singing bowl",
      "singing choir",
      "skateboarding",
      "skidding",
      "skiing",
      "sliding door",
      "sloshing water",
      "slot machine",
      "smoke detector beeping",
      "snake hissing",
      "snake rattling",
      "splashing water",
      "spraying water",
      "squishing water",
      "stream burbling",
      "strike lighter",
      "striking bowling",
      "striking pool",
      "subway, metro, underground",
      "swimming",
      "tap dancing",
      "tapping guitar",
      "telephone bell ringing",
      "thunder",
      "toilet flushing",
      "tornado roaring",
      "tractor digging",
      "train horning",
      "train wheels squealing",
      "train whistling",
      "turkey gobbling",
      "typing on computer keyboard",
      "typing on typewriter",
      "underwater bubbling",
      "using sewing machines",
      "vacuum cleaner cleaning floors",
      "vehicle horn, car horn, honking",
      "volcano explosion",
      "warbler chirping",
      "waterfall burbling",
      "whale calling",
      "wind chime",
      "wind noise",
      "wind rustling leaves",
      "wood thrush calling",
      "woodpecker pecking tree",
      "writing on blackboard with chalk",
      "yodelling",
      "zebra braying"
    ],
    "video_dim": 4096,
    "motion_dim": 4096,
    "audio_dim": 1
  }
}
{
  "experiment_id": "VF008_video_resnet50_meanstd_f16_h8_lc5_e120",
  "finished_at": "2026-06-19 06:23:46",
  "model_type": "standard",
  "best_epoch": 120,
  "best_acc_selection_metric": 0.32911804967081676,
  "final_epoch": 120,
  "final_test_label_gibbs_acc": 0.32911804967081676,
  "full_eval_best_acc": 0.3290528648719119,
  "computed_dims": {
    "input_dim": 4096,
    "label_dim": 1545,
    "hidden_dim": 32768,
    "total_pbits": 38409,
    "num_classes": 309
  },
  "data_dims": {
    "feature_npz": "/home/Hongjie_Zeng/high_order_BM/data_vggsound_full/features/vggsound_full_visual_motion_resnet50_meanstd_allclasses_f16_s224.npz",
    "train_size": 182615,
    "test_size": 15341,
    "num_classes": 309,
    "class_names": [
      "air conditioning noise",
      "air horn",
      "airplane",
      "airplane flyby",
      "alarm clock ringing",
      "alligators, crocodiles hissing",
      "ambulance siren",
      "arc welding",
      "baby babbling",
      "baby crying",
      "baby laughter",
      "baltimore oriole calling",
      "barn swallow calling",
      "basketball bounce",
      "bathroom ventilation fan running",
      "beat boxing",
      "bee, wasp, etc. buzzing",
      "bird chirping, tweeting",
      "bird squawking",
      "bird wings flapping",
      "black capped chickadee calling",
      "blowtorch igniting",
      "bouncing on trampoline",
      "bowling impact",
      "bull bellowing",
      "canary calling",
      "cap gun shooting",
      "car engine idling",
      "car engine knocking",
      "car engine starting",
      "car passing by",
      "cat caterwauling",
      "cat growling",
      "cat hissing",
      "cat meowing",
      "cat purring",
      "cattle mooing",
      "cattle, bovinae cowbell",
      "cell phone buzzing",
      "chainsawing trees",
      "cheetah chirrup",
      "chicken clucking",
      "chicken crowing",
      "child singing",
      "child speech, kid speaking",
      "children shouting",
      "chimpanzee pant-hooting",
      "chinchilla barking",
      "chipmunk chirping",
      "chopping food",
      "chopping wood",
      "church bell ringing",
      "civil defense siren",
      "cow lowing",
      "coyote howling",
      "cricket chirping",
      "crow cawing",
      "cuckoo bird calling",
      "cupboard opening or closing",
      "cutting hair with electric trimmers",
      "dinosaurs bellowing",
      "disc scratching",
      "dog barking",
      "dog baying",
      "dog bow-wow",
      "dog growling",
      "dog howling",
      "dog whimpering",
      "donkey, ass braying",
      "door slamming",
      "driving buses",
      "driving motorcycle",
      "driving snowmobile",
      "duck quacking",
      "eagle screaming",
      "eating with cutlery",
      "electric grinder grinding",
      "electric shaver, electric razor shaving",
      "elephant trumpeting",
      "eletric blender running",
      "elk bugling",
      "engine accelerating, revving, vroom",
      "female singing",
      "female speech, woman speaking",
      "ferret dooking",
      "fire crackling",
      "fire truck siren",
      "fireworks banging",
      "firing cannon",
      "firing muskets",
      "fly, housefly buzzing",
      "foghorn",
      "footsteps on snow",
      "forging swords",
      "fox barking",
      "francolin calling",
      "frog croaking",
      "gibbon howling",
      "goat bleating",
      "golf driving",
      "goose honking",
      "hail",
      "hair dryer drying",
      "hammering nails",
      "heart sounds, heartbeat",
      "hedge trimmer running",
      "helicopter",
      "horse clip-clop",
      "horse neighing",
      "ice cracking",
      "ice cream truck, ice cream van",
      "lathe spinning",
      "lawn mowing",
      "lighting firecrackers",
      "lions growling",
      "lions roaring",
      "lip smacking",
      "machine gun shooting",
      "magpie calling",
      "male singing",
      "male speech, man speaking",
      "metronome",
      "missile launch",
      "mosquito buzzing",
      "motorboat, speedboat acceleration",
      "mouse clicking",
      "mouse pattering",
      "mouse squeaking",
      "mynah bird singing",
      "ocean burbling",
      "opening or closing car doors",
      "opening or closing car electric windows",
      "opening or closing drawers",
      "orchestra",
      "otter growling",
      "owl hooting",
      "parrot talking",
      "penguins braying",
      "people babbling",
      "people battle cry",
      "people belly laughing",
      "people booing",
      "people burping",
      "people cheering",
      "people clapping",
      "people coughing",
      "people crowd",
      "people eating",
      "people eating apple",
      "people eating crisps",
      "people eating noodle",
      "people farting",
      "people finger snapping",
      "people gargling",
      "people giggling",
      "people hiccup",
      "people humming",
      "people marching",
      "people nose blowing",
      "people running",
      "people screaming",
      "people shuffling",
      "people slapping",
      "people slurping",
      "people sneezing",
      "people sniggering",
      "people sobbing",
      "people whispering",
      "people whistling",
      "pheasant crowing",
      "pig oinking",
      "pigeon, dove cooing",
      "planing timber",
      "plastic bottle crushing",
      "playing accordion",
      "playing acoustic guitar",
      "playing badminton",
      "playing bagpipes",
      "playing banjo",
      "playing bass drum",
      "playing bass guitar",
      "playing bassoon",
      "playing bongo",
      "playing bugle",
      "playing castanets",
      "playing cello",
      "playing clarinet",
      "playing congas",
      "playing cornet",
      "playing cymbal",
      "playing darts",
      "playing didgeridoo",
      "playing djembe",
      "playing double bass",
      "playing drum kit",
      "playing electric guitar",
      "playing electronic organ",
      "playing erhu",
      "playing flute",
      "playing french horn",
      "playing glockenspiel",
      "playing gong",
      "playing guiro",
      "playing hammond organ",
      "playing harmonica",
      "playing harp",
      "playing harpsichord",
      "playing hockey",
      "playing lacrosse",
      "playing mandolin",
      "playing marimba, xylophone",
      "playing oboe",
      "playing piano",
      "playing saxophone",
      "playing shofar",
      "playing sitar",
      "playing snare drum",
      "playing squash",
      "playing steel guitar, slide guitar",
      "playing steelpan",
      "playing synthesizer",
      "playing tabla",
      "playing table tennis",
      "playing tambourine",
      "playing tennis",
      "playing theremin",
      "playing timbales",
      "playing timpani",
      "playing trombone",
      "playing trumpet",
      "playing tuning fork",
      "playing tympani",
      "playing ukulele",
      "playing vibraphone",
      "playing violin, fiddle",
      "playing volleyball",
      "playing washboard",
      "playing zither",
      "police car (siren)",
      "police radio chatter",
      "popping popcorn",
      "printer printing",
      "pumping water",
      "race car, auto racing",
      "railroad car, train wagon",
      "raining",
      "rapping",
      "reversing beeps",
      "ripping paper",
      "roller coaster running",
      "rope skipping",
      "rowboat, canoe, kayak rowing",
      "running electric fan",
      "sailing",
      "scuba diving",
      "sea lion barking",
      "sea waves",
      "sharpen knife",
      "sheep bleating",
      "shot football",
      "singing bowl",
      "singing choir",
      "skateboarding",
      "skidding",
      "skiing",
      "sliding door",
      "sloshing water",
      "slot machine",
      "smoke detector beeping",
      "snake hissing",
      "snake rattling",
      "splashing water",
      "spraying water",
      "squishing water",
      "stream burbling",
      "strike lighter",
      "striking bowling",
      "striking pool",
      "subway, metro, underground",
      "swimming",
      "tap dancing",
      "tapping guitar",
      "telephone bell ringing",
      "thunder",
      "toilet flushing",
      "tornado roaring",
      "tractor digging",
      "train horning",
      "train wheels squealing",
      "train whistling",
      "turkey gobbling",
      "typing on computer keyboard",
      "typing on typewriter",
      "underwater bubbling",
      "using sewing machines",
      "vacuum cleaner cleaning floors",
      "vehicle horn, car horn, honking",
      "volcano explosion",
      "warbler chirping",
      "waterfall burbling",
      "whale calling",
      "wind chime",
      "wind noise",
      "wind rustling leaves",
      "wood thrush calling",
      "woodpecker pecking tree",
      "writing on blackboard with chalk",
      "yodelling",
      "zebra braying"
    ],
    "video_dim": 4096,
    "motion_dim": 4096,
    "audio_dim": 1
  },
  "out_dir": "/home/Hongjie_Zeng/high_order_BM/runs_vggsound_full_VF008_video_resnet50_meanstd_f16_h8_lc5_e120"
}
