[data] train=182615 test=15341 classes=309 video=1 motion=1 audio=4096 device=cuda
[model] standard input=4096 label=1545 hidden=32768 total=38409 mode=audio
[init] estimating visible bias from training set
[epoch 001] recon_mse=0.03669
[epoch 002] recon_mse=0.02726
[epoch 003] recon_mse=0.02219
[epoch 004] recon_mse=0.01886
[epoch 005] recon_mse=0.01627 quick_test_acc=0.0512 ent=5.5911
[epoch 006] recon_mse=0.01464
[epoch 007] recon_mse=0.01393
[epoch 008] recon_mse=0.01352
[epoch 009] recon_mse=0.01324
[epoch 010] recon_mse=0.01302 quick_test_acc=0.1260 ent=5.5893
[epoch 011] recon_mse=0.01285
[epoch 012] recon_mse=0.01270
[epoch 013] recon_mse=0.01259
[epoch 014] recon_mse=0.01249
[epoch 015] recon_mse=0.01241 quick_test_acc=0.1676 ent=5.5796
[epoch 016] recon_mse=0.01235
[epoch 017] recon_mse=0.01229
[epoch 018] recon_mse=0.01224
[epoch 019] recon_mse=0.01220
[epoch 020] recon_mse=0.01215 quick_test_acc=0.1963 ent=5.5610
[epoch 021] recon_mse=0.01211
[epoch 022] recon_mse=0.01207
[epoch 023] recon_mse=0.01203
[epoch 024] recon_mse=0.01199
[epoch 025] recon_mse=0.01194 quick_test_acc=0.2201 ent=5.5279
[epoch 026] recon_mse=0.01191
[epoch 027] recon_mse=0.01186
[epoch 028] recon_mse=0.01181
[epoch 029] recon_mse=0.01176
[epoch 030] recon_mse=0.01172 quick_test_acc=0.2405 ent=5.4761
[epoch 031] recon_mse=0.01165
[epoch 032] recon_mse=0.01160
[epoch 033] recon_mse=0.01155
[epoch 034] recon_mse=0.01148
[epoch 035] recon_mse=0.01142 quick_test_acc=0.2608 ent=5.4139
[epoch 036] recon_mse=0.01136
[epoch 037] recon_mse=0.01130
[epoch 038] recon_mse=0.01123
[epoch 039] recon_mse=0.01117
[epoch 040] recon_mse=0.01110 quick_test_acc=0.2740 ent=5.3420
[epoch 041] recon_mse=0.01103
[epoch 042] recon_mse=0.01097
[epoch 043] recon_mse=0.01090
[epoch 044] recon_mse=0.01083
[epoch 045] recon_mse=0.01076 quick_test_acc=0.2853 ent=5.2691
[epoch 046] recon_mse=0.01070
[epoch 047] recon_mse=0.01064
[epoch 048] recon_mse=0.01057
[epoch 049] recon_mse=0.01050
[epoch 050] recon_mse=0.01043 quick_test_acc=0.2965 ent=5.1963
[epoch 051] recon_mse=0.01037
[epoch 052] recon_mse=0.01031
[epoch 053] recon_mse=0.01024
[epoch 054] recon_mse=0.01018
[epoch 055] recon_mse=0.01012 quick_test_acc=0.3052 ent=5.1217
[epoch 056] recon_mse=0.01005
[epoch 057] recon_mse=0.00999
[epoch 058] recon_mse=0.00993
[epoch 059] recon_mse=0.00987
[epoch 060] recon_mse=0.00982 quick_test_acc=0.3134 ent=5.0574
[epoch 061] recon_mse=0.00975
[epoch 062] recon_mse=0.00969
[epoch 063] recon_mse=0.00964
[epoch 064] recon_mse=0.00957
[epoch 065] recon_mse=0.00952 quick_test_acc=0.3198 ent=4.9918
[epoch 066] recon_mse=0.00946
[epoch 067] recon_mse=0.00941
[epoch 068] recon_mse=0.00936
[epoch 069] recon_mse=0.00930
[epoch 070] recon_mse=0.00925 quick_test_acc=0.3261 ent=4.9311
[epoch 071] recon_mse=0.00919
[epoch 072] recon_mse=0.00914
[epoch 073] recon_mse=0.00909
[epoch 074] recon_mse=0.00904
[epoch 075] recon_mse=0.00899 quick_test_acc=0.3332 ent=4.8753
[epoch 076] recon_mse=0.00894
[epoch 077] recon_mse=0.00889
[epoch 078] recon_mse=0.00884
[epoch 079] recon_mse=0.00879
[epoch 080] recon_mse=0.00875 quick_test_acc=0.3392 ent=4.8243
[epoch 081] recon_mse=0.00870
[epoch 082] recon_mse=0.00865
[epoch 083] recon_mse=0.00861
[epoch 084] recon_mse=0.00857
[epoch 085] recon_mse=0.00852 quick_test_acc=0.3451 ent=4.7793
[epoch 086] recon_mse=0.00848
[epoch 087] recon_mse=0.00844
[epoch 088] recon_mse=0.00839
[epoch 089] recon_mse=0.00835
[epoch 090] recon_mse=0.00831 quick_test_acc=0.3509 ent=4.7362
[epoch 091] recon_mse=0.00827
[epoch 092] recon_mse=0.00823
[epoch 093] recon_mse=0.00819
[epoch 094] recon_mse=0.00815
[epoch 095] recon_mse=0.00811 quick_test_acc=0.3558 ent=4.6915
[epoch 096] recon_mse=0.00807
[epoch 097] recon_mse=0.00804
[epoch 098] recon_mse=0.00800
[epoch 099] recon_mse=0.00797
[epoch 100] recon_mse=0.00793 quick_test_acc=0.3600 ent=4.6557
[epoch 101] recon_mse=0.00790
[epoch 102] recon_mse=0.00786
[epoch 103] recon_mse=0.00783
[epoch 104] recon_mse=0.00779
[epoch 105] recon_mse=0.00776 quick_test_acc=0.3634 ent=4.6191
[epoch 106] recon_mse=0.00773
[epoch 107] recon_mse=0.00770
[epoch 108] recon_mse=0.00766
[epoch 109] recon_mse=0.00763
[epoch 110] recon_mse=0.00760 quick_test_acc=0.3663 ent=4.5861
[epoch 111] recon_mse=0.00757
[epoch 112] recon_mse=0.00754
[epoch 113] recon_mse=0.00751
[epoch 114] recon_mse=0.00748
[epoch 115] recon_mse=0.00745 quick_test_acc=0.3693 ent=4.5491
[epoch 116] recon_mse=0.00742
[epoch 117] recon_mse=0.00740
[epoch 118] recon_mse=0.00737
[epoch 119] recon_mse=0.00734
[epoch 120] recon_mse=0.00732 quick_test_acc=0.3718 ent=4.5166
[epoch 121] recon_mse=0.00729
[epoch 122] recon_mse=0.00726
[epoch 123] recon_mse=0.00724
[epoch 124] recon_mse=0.00721
[epoch 125] recon_mse=0.00719 quick_test_acc=0.3747 ent=4.4910
[epoch 126] recon_mse=0.00716
[epoch 127] recon_mse=0.00714
[epoch 128] recon_mse=0.00711
[epoch 129] recon_mse=0.00709
[epoch 130] recon_mse=0.00706 quick_test_acc=0.3752 ent=4.4552
[epoch 131] recon_mse=0.00704
[epoch 132] recon_mse=0.00702
[epoch 133] recon_mse=0.00699
[epoch 134] recon_mse=0.00697
[epoch 135] recon_mse=0.00695 quick_test_acc=0.3784 ent=4.4359
[epoch 136] recon_mse=0.00692
[epoch 137] recon_mse=0.00690
[epoch 138] recon_mse=0.00689
[epoch 139] recon_mse=0.00686
[epoch 140] recon_mse=0.00685 quick_test_acc=0.3794 ent=4.4036
[epoch 141] recon_mse=0.00682
[epoch 142] recon_mse=0.00681
[epoch 143] recon_mse=0.00679
[epoch 144] recon_mse=0.00676
[epoch 145] recon_mse=0.00675 quick_test_acc=0.3812 ent=4.3793
[epoch 146] recon_mse=0.00672
[epoch 147] recon_mse=0.00671
[epoch 148] recon_mse=0.00669
[epoch 149] recon_mse=0.00667
[epoch 150] recon_mse=0.00665 quick_test_acc=0.3820 ent=4.3511
[epoch 151] recon_mse=0.00663
[epoch 152] recon_mse=0.00661
[epoch 153] recon_mse=0.00660
[epoch 154] recon_mse=0.00658
[epoch 155] recon_mse=0.00656 quick_test_acc=0.3826 ent=4.3324
[epoch 156] recon_mse=0.00654
[epoch 157] recon_mse=0.00653
[epoch 158] recon_mse=0.00651
[epoch 159] recon_mse=0.00650
[epoch 160] recon_mse=0.00648 quick_test_acc=0.3840 ent=4.3032
[epoch 161] recon_mse=0.00646
[epoch 162] recon_mse=0.00644
[epoch 163] recon_mse=0.00643
[epoch 164] recon_mse=0.00641
[epoch 165] recon_mse=0.00640 quick_test_acc=0.3832 ent=4.2807
[epoch 166] recon_mse=0.00639
[epoch 167] recon_mse=0.00637
[epoch 168] recon_mse=0.00636
[epoch 169] recon_mse=0.00634
[epoch 170] recon_mse=0.00633 quick_test_acc=0.3847 ent=4.2586
[epoch 171] recon_mse=0.00631
[epoch 172] recon_mse=0.00630
[epoch 173] recon_mse=0.00628
[epoch 174] recon_mse=0.00627
[epoch 175] recon_mse=0.00626 quick_test_acc=0.3845 ent=4.2341
[epoch 176] recon_mse=0.00624
[epoch 177] recon_mse=0.00623
[epoch 178] recon_mse=0.00622
[epoch 179] recon_mse=0.00620
[epoch 180] recon_mse=0.00619 quick_test_acc=0.3859 ent=4.2175
[epoch 181] recon_mse=0.00618
[epoch 182] recon_mse=0.00617
[epoch 183] recon_mse=0.00615
[epoch 184] recon_mse=0.00614
[epoch 185] recon_mse=0.00613 quick_test_acc=0.3863 ent=4.1941
[epoch 186] recon_mse=0.00612
[epoch 187] recon_mse=0.00610
[epoch 188] recon_mse=0.00609
[epoch 189] recon_mse=0.00608
[epoch 190] recon_mse=0.00607 quick_test_acc=0.3871 ent=4.1711
[epoch 191] recon_mse=0.00606
[epoch 192] recon_mse=0.00605
[epoch 193] recon_mse=0.00603
[epoch 194] recon_mse=0.00603
[epoch 195] recon_mse=0.00601 quick_test_acc=0.3884 ent=4.1519
[epoch 196] recon_mse=0.00600
[epoch 197] recon_mse=0.00599
[epoch 198] recon_mse=0.00598
[epoch 199] recon_mse=0.00597
[epoch 200] recon_mse=0.00596 quick_test_acc=0.3896 ent=4.1342
[epoch 201] recon_mse=0.00595
[epoch 202] recon_mse=0.00594
[epoch 203] recon_mse=0.00593
[epoch 204] recon_mse=0.00592
[epoch 205] recon_mse=0.00591 quick_test_acc=0.3914 ent=4.1141
[epoch 206] recon_mse=0.00590
[epoch 207] recon_mse=0.00589
[epoch 208] recon_mse=0.00588
[epoch 209] recon_mse=0.00587
[epoch 210] recon_mse=0.00586 quick_test_acc=0.3904 ent=4.0912
[epoch 211] recon_mse=0.00585
[epoch 212] recon_mse=0.00584
[epoch 213] recon_mse=0.00583
[epoch 214] recon_mse=0.00582
[epoch 215] recon_mse=0.00582 quick_test_acc=0.3922 ent=4.0780
[epoch 216] recon_mse=0.00581
[epoch 217] recon_mse=0.00580
[epoch 218] recon_mse=0.00579
[epoch 219] recon_mse=0.00577
[epoch 220] recon_mse=0.00577 quick_test_acc=0.3914 ent=4.0600
[epoch 221] recon_mse=0.00577
[epoch 222] recon_mse=0.00576
[epoch 223] recon_mse=0.00574
[epoch 224] recon_mse=0.00574
[epoch 225] recon_mse=0.00573 quick_test_acc=0.3929 ent=4.0386
[epoch 226] recon_mse=0.00572
[epoch 227] recon_mse=0.00571
[epoch 228] recon_mse=0.00571
[epoch 229] recon_mse=0.00570
[epoch 230] recon_mse=0.00569 quick_test_acc=0.3933 ent=4.0232
[epoch 231] recon_mse=0.00568
[epoch 232] recon_mse=0.00568
[epoch 233] recon_mse=0.00567
[epoch 234] recon_mse=0.00566
[epoch 235] recon_mse=0.00565 quick_test_acc=0.3938 ent=4.0080
[epoch 236] recon_mse=0.00564
[epoch 237] recon_mse=0.00564
[epoch 238] recon_mse=0.00563
[epoch 239] recon_mse=0.00562
[epoch 240] recon_mse=0.00561 quick_test_acc=0.3967 ent=3.9919
[epoch 241] recon_mse=0.00561
[epoch 242] recon_mse=0.00560
[epoch 243] recon_mse=0.00560
[epoch 244] recon_mse=0.00559
[epoch 245] recon_mse=0.00558 quick_test_acc=0.3977 ent=3.9728
[epoch 246] recon_mse=0.00557
[epoch 247] recon_mse=0.00557
[epoch 248] recon_mse=0.00556
[epoch 249] recon_mse=0.00555
[epoch 250] recon_mse=0.00555 quick_test_acc=0.3981 ent=3.9545
[epoch 251] recon_mse=0.00554
[epoch 252] recon_mse=0.00553
[epoch 253] recon_mse=0.00553
[epoch 254] recon_mse=0.00552
[epoch 255] recon_mse=0.00552 quick_test_acc=0.3970 ent=3.9471
[epoch 256] recon_mse=0.00551
[epoch 257] recon_mse=0.00550
[epoch 258] recon_mse=0.00549
[epoch 259] recon_mse=0.00549
[epoch 260] recon_mse=0.00548 quick_test_acc=0.4002 ent=3.9226
[epoch 261] recon_mse=0.00548
[epoch 262] recon_mse=0.00547
[epoch 263] recon_mse=0.00546
[epoch 264] recon_mse=0.00546
[epoch 265] recon_mse=0.00545 quick_test_acc=0.4026 ent=3.9057
[epoch 266] recon_mse=0.00545
[epoch 267] recon_mse=0.00544
[epoch 268] recon_mse=0.00543
[epoch 269] recon_mse=0.00543
[epoch 270] recon_mse=0.00542 quick_test_acc=0.4031 ent=3.8923
[epoch 271] recon_mse=0.00542
[epoch 272] recon_mse=0.00541
[epoch 273] recon_mse=0.00541
[epoch 274] recon_mse=0.00540
[epoch 275] recon_mse=0.00539 quick_test_acc=0.4019 ent=3.8790
[epoch 276] recon_mse=0.00539
[epoch 277] recon_mse=0.00538
[epoch 278] recon_mse=0.00538
[epoch 279] recon_mse=0.00538
[epoch 280] recon_mse=0.00537 quick_test_acc=0.4036 ent=3.8683
[epoch 281] recon_mse=0.00536
[epoch 282] recon_mse=0.00536
[epoch 283] recon_mse=0.00535
[epoch 284] recon_mse=0.00534
[epoch 285] recon_mse=0.00534 quick_test_acc=0.4044 ent=3.8512
[epoch 286] recon_mse=0.00534
[epoch 287] recon_mse=0.00533
[epoch 288] recon_mse=0.00533
[epoch 289] recon_mse=0.00532
[epoch 290] recon_mse=0.00532 quick_test_acc=0.4054 ent=3.8393
[epoch 291] recon_mse=0.00531
[epoch 292] recon_mse=0.00531
[epoch 293] recon_mse=0.00530
[epoch 294] recon_mse=0.00530
[epoch 295] recon_mse=0.00529 quick_test_acc=0.4058 ent=3.8239
[epoch 296] recon_mse=0.00529
[epoch 297] recon_mse=0.00528
[epoch 298] recon_mse=0.00528
[epoch 299] recon_mse=0.00527
[epoch 300] recon_mse=0.00527 quick_test_acc=0.4062 ent=3.8081
[epoch 301] recon_mse=0.00527
[epoch 302] recon_mse=0.00526
[epoch 303] recon_mse=0.00526
[epoch 304] recon_mse=0.00525
[epoch 305] recon_mse=0.00525 quick_test_acc=0.4071 ent=3.7993
[epoch 306] recon_mse=0.00524
[epoch 307] recon_mse=0.00524
[epoch 308] recon_mse=0.00524
[epoch 309] recon_mse=0.00523
[epoch 310] recon_mse=0.00523 quick_test_acc=0.4071 ent=3.7835
[epoch 311] recon_mse=0.00522
[epoch 312] recon_mse=0.00522
[epoch 313] recon_mse=0.00522
[epoch 314] recon_mse=0.00521
[epoch 315] recon_mse=0.00520 quick_test_acc=0.4075 ent=3.7698
[epoch 316] recon_mse=0.00520
[epoch 317] recon_mse=0.00520
[epoch 318] recon_mse=0.00519
[epoch 319] recon_mse=0.00519
[epoch 320] recon_mse=0.00518 quick_test_acc=0.4071 ent=3.7617
[epoch 321] recon_mse=0.00518
[epoch 322] recon_mse=0.00518
[epoch 323] recon_mse=0.00517
[epoch 324] recon_mse=0.00517
[epoch 325] recon_mse=0.00516 quick_test_acc=0.4088 ent=3.7520
[epoch 326] recon_mse=0.00516
[epoch 327] recon_mse=0.00516
[epoch 328] recon_mse=0.00515
[epoch 329] recon_mse=0.00515
[epoch 330] recon_mse=0.00515 quick_test_acc=0.4084 ent=3.7336
[epoch 331] recon_mse=0.00514
[epoch 332] recon_mse=0.00514
[epoch 333] recon_mse=0.00514
[epoch 334] recon_mse=0.00513
[epoch 335] recon_mse=0.00513 quick_test_acc=0.4084 ent=3.7259
[epoch 336] recon_mse=0.00512
[epoch 337] recon_mse=0.00512
[epoch 338] recon_mse=0.00512
[epoch 339] recon_mse=0.00511
[epoch 340] recon_mse=0.00511 quick_test_acc=0.4074 ent=3.7119
[epoch 341] recon_mse=0.00511
[epoch 342] recon_mse=0.00510
[epoch 343] recon_mse=0.00510
[epoch 344] recon_mse=0.00509
[epoch 345] recon_mse=0.00509 quick_test_acc=0.4070 ent=3.6991
[epoch 346] recon_mse=0.00509
[epoch 347] recon_mse=0.00509
[epoch 348] recon_mse=0.00508
[epoch 349] recon_mse=0.00508
[epoch 350] recon_mse=0.00508 quick_test_acc=0.4081 ent=3.6889
[epoch 351] recon_mse=0.00507
[epoch 352] recon_mse=0.00507
[epoch 353] recon_mse=0.00507
[epoch 354] recon_mse=0.00506
[epoch 355] recon_mse=0.00506 quick_test_acc=0.4077 ent=3.6752
[epoch 356] recon_mse=0.00505
[epoch 357] recon_mse=0.00505
[epoch 358] recon_mse=0.00505
[epoch 359] recon_mse=0.00505
[epoch 360] recon_mse=0.00504 quick_test_acc=0.4072 ent=3.6673
[epoch 361] recon_mse=0.00504
[epoch 362] recon_mse=0.00504
[epoch 363] recon_mse=0.00503
[epoch 364] recon_mse=0.00503
[epoch 365] recon_mse=0.00503 quick_test_acc=0.4080 ent=3.6586
[epoch 366] recon_mse=0.00502
[epoch 367] recon_mse=0.00502
[epoch 368] recon_mse=0.00502
[epoch 369] recon_mse=0.00502
[epoch 370] recon_mse=0.00501 quick_test_acc=0.4077 ent=3.6465
[epoch 371] recon_mse=0.00501
[epoch 372] recon_mse=0.00501
[epoch 373] recon_mse=0.00500
[epoch 374] recon_mse=0.00500
[epoch 375] recon_mse=0.00500 quick_test_acc=0.4069 ent=3.6324
[epoch 376] recon_mse=0.00499
[epoch 377] recon_mse=0.00499
[epoch 378] recon_mse=0.00499
[epoch 379] recon_mse=0.00499
[epoch 380] recon_mse=0.00499 quick_test_acc=0.4092 ent=3.6216
[epoch 381] recon_mse=0.00498
[epoch 382] recon_mse=0.00498
[epoch 383] recon_mse=0.00497
[epoch 384] recon_mse=0.00497
[epoch 385] recon_mse=0.00497 quick_test_acc=0.4056 ent=3.6136
[epoch 386] recon_mse=0.00497
[epoch 387] recon_mse=0.00496
[epoch 388] recon_mse=0.00496
[epoch 389] recon_mse=0.00496
[epoch 390] recon_mse=0.00496 quick_test_acc=0.4062 ent=3.6000
[epoch 391] recon_mse=0.00496
[epoch 392] recon_mse=0.00495
[epoch 393] recon_mse=0.00495
[epoch 394] recon_mse=0.00495
[epoch 395] recon_mse=0.00494 quick_test_acc=0.4076 ent=3.5942
[epoch 396] recon_mse=0.00494
[epoch 397] recon_mse=0.00494
[epoch 398] recon_mse=0.00494
[epoch 399] recon_mse=0.00493
[epoch 400] recon_mse=0.00493 quick_test_acc=0.4056 ent=3.5850
[epoch 401] recon_mse=0.00493
[epoch 402] recon_mse=0.00493
[epoch 403] recon_mse=0.00492
[epoch 404] recon_mse=0.00492
[epoch 405] recon_mse=0.00492 quick_test_acc=0.4056 ent=3.5744
[epoch 406] recon_mse=0.00491
[epoch 407] recon_mse=0.00491
[epoch 408] recon_mse=0.00491
[epoch 409] recon_mse=0.00491
[epoch 410] recon_mse=0.00491 quick_test_acc=0.4056 ent=3.5609
[epoch 411] recon_mse=0.00490
[epoch 412] recon_mse=0.00490
[epoch 413] recon_mse=0.00490
[epoch 414] recon_mse=0.00490
[epoch 415] recon_mse=0.00490 quick_test_acc=0.4043 ent=3.5490
[epoch 416] recon_mse=0.00489
[epoch 417] recon_mse=0.00489
[epoch 418] recon_mse=0.00488
[epoch 419] recon_mse=0.00488
[epoch 420] recon_mse=0.00488 quick_test_acc=0.4066 ent=3.5403
[epoch 421] recon_mse=0.00488
[epoch 422] recon_mse=0.00488
[epoch 423] recon_mse=0.00488
[epoch 424] recon_mse=0.00487
[epoch 425] recon_mse=0.00487 quick_test_acc=0.4041 ent=3.5280
[epoch 426] recon_mse=0.00487
[epoch 427] recon_mse=0.00486
[epoch 428] recon_mse=0.00486
[epoch 429] recon_mse=0.00486
[epoch 430] recon_mse=0.00486 quick_test_acc=0.4051 ent=3.5205
[epoch 431] recon_mse=0.00486
[epoch 432] recon_mse=0.00486
[epoch 433] recon_mse=0.00485
[epoch 434] recon_mse=0.00485
[epoch 435] recon_mse=0.00485 quick_test_acc=0.4049 ent=3.5109
[epoch 436] recon_mse=0.00484
[epoch 437] recon_mse=0.00484
[epoch 438] recon_mse=0.00484
[epoch 439] recon_mse=0.00484
[epoch 440] recon_mse=0.00484 quick_test_acc=0.4051 ent=3.4976
[epoch 441] recon_mse=0.00483
[epoch 442] recon_mse=0.00483
[epoch 443] recon_mse=0.00483
[epoch 444] recon_mse=0.00483
[epoch 445] recon_mse=0.00483 quick_test_acc=0.4051 ent=3.4903
[epoch 446] recon_mse=0.00482
[epoch 447] recon_mse=0.00482
[epoch 448] recon_mse=0.00482
[epoch 449] recon_mse=0.00482
[epoch 450] recon_mse=0.00482 quick_test_acc=0.4054 ent=3.4849
[epoch 451] recon_mse=0.00481
[epoch 452] recon_mse=0.00481
[epoch 453] recon_mse=0.00481
[epoch 454] recon_mse=0.00481
[epoch 455] recon_mse=0.00481 quick_test_acc=0.4053 ent=3.4764
[epoch 456] recon_mse=0.00480
[epoch 457] recon_mse=0.00480
[epoch 458] recon_mse=0.00480
[epoch 459] recon_mse=0.00480
[epoch 460] recon_mse=0.00480 quick_test_acc=0.4043 ent=3.4618
[epoch 461] recon_mse=0.00479
[epoch 462] recon_mse=0.00479
[epoch 463] recon_mse=0.00479
[epoch 464] recon_mse=0.00479
[epoch 465] recon_mse=0.00478 quick_test_acc=0.4054 ent=3.4522
[epoch 466] recon_mse=0.00478
[epoch 467] recon_mse=0.00478
[epoch 468] recon_mse=0.00478
[epoch 469] recon_mse=0.00478
[epoch 470] recon_mse=0.00478 quick_test_acc=0.4049 ent=3.4482
[epoch 471] recon_mse=0.00477
[epoch 472] recon_mse=0.00477
[epoch 473] recon_mse=0.00477
[epoch 474] recon_mse=0.00477
[epoch 475] recon_mse=0.00477 quick_test_acc=0.4033 ent=3.4368
[epoch 476] recon_mse=0.00477
[epoch 477] recon_mse=0.00476
[epoch 478] recon_mse=0.00476
[epoch 479] recon_mse=0.00476
[epoch 480] recon_mse=0.00476 quick_test_acc=0.4042 ent=3.4299
[epoch 481] recon_mse=0.00475
[epoch 482] recon_mse=0.00476
[epoch 483] recon_mse=0.00475
[epoch 484] recon_mse=0.00475
[epoch 485] recon_mse=0.00475 quick_test_acc=0.4012 ent=3.4165
[epoch 486] recon_mse=0.00475
[epoch 487] recon_mse=0.00475
[epoch 488] recon_mse=0.00474
[epoch 489] recon_mse=0.00474
[epoch 490] recon_mse=0.00474 quick_test_acc=0.4041 ent=3.4033
[epoch 491] recon_mse=0.00474
[epoch 492] recon_mse=0.00474
[epoch 493] recon_mse=0.00473
[epoch 494] recon_mse=0.00473
[epoch 495] recon_mse=0.00473 quick_test_acc=0.4023 ent=3.3996
[epoch 496] recon_mse=0.00473
[epoch 497] recon_mse=0.00473
[epoch 498] recon_mse=0.00472
[epoch 499] recon_mse=0.00472
[epoch 500] recon_mse=0.00472 quick_test_acc=0.4026 ent=3.3881
[full_eval_best] {
  "created_at": "2026-06-25 20:47:07",
  "ckpt": "/home/Hongjie_Zeng/high_order_BM/runs_vggsound_phase1_P1A001_audio_sr16k_fft1024_hop160_chunks4w500_lstm4096_h8_e500/best.pt",
  "ckpt_epoch": 380,
  "ckpt_best_acc": 0.4091649827260283,
  "eval_steps": 3000,
  "eval_burn_in": 500,
  "eval_thin": 2,
  "test_label_gibbs_acc": 0.4096864611172675,
  "test_label_entropy": 3.618501487871011,
  "computed_dims": {
    "input_dim": 4096,
    "label_dim": 1545,
    "hidden_dim": 32768,
    "total_pbits": 38409,
    "num_classes": 309
  },
  "data_dims": {
    "feature_npz": "/home/Hongjie_Zeng/high_order_BM/data_vggsound_full/phase1_features/audio_sr16k_fft1024_hop160_chunks4w500_lstm4096_h8_e500/vggsound_full_audio_paperresnet50_lstm4096_chunks4_w500_h1024_seed223.npz",
    "train_size": 182615,
    "test_size": 15341,
    "num_classes": 309,
    "class_names": [
      "air conditioning noise",
      "air horn",
      "airplane",
      "airplane flyby",
      "alarm clock ringing",
      "alligators, crocodiles hissing",
      "ambulance siren",
      "arc welding",
      "baby babbling",
      "baby crying",
      "baby laughter",
      "baltimore oriole calling",
      "barn swallow calling",
      "basketball bounce",
      "bathroom ventilation fan running",
      "beat boxing",
      "bee, wasp, etc. buzzing",
      "bird chirping, tweeting",
      "bird squawking",
      "bird wings flapping",
      "black capped chickadee calling",
      "blowtorch igniting",
      "bouncing on trampoline",
      "bowling impact",
      "bull bellowing",
      "canary calling",
      "cap gun shooting",
      "car engine idling",
      "car engine knocking",
      "car engine starting",
      "car passing by",
      "cat caterwauling",
      "cat growling",
      "cat hissing",
      "cat meowing",
      "cat purring",
      "cattle mooing",
      "cattle, bovinae cowbell",
      "cell phone buzzing",
      "chainsawing trees",
      "cheetah chirrup",
      "chicken clucking",
      "chicken crowing",
      "child singing",
      "child speech, kid speaking",
      "children shouting",
      "chimpanzee pant-hooting",
      "chinchilla barking",
      "chipmunk chirping",
      "chopping food",
      "chopping wood",
      "church bell ringing",
      "civil defense siren",
      "cow lowing",
      "coyote howling",
      "cricket chirping",
      "crow cawing",
      "cuckoo bird calling",
      "cupboard opening or closing",
      "cutting hair with electric trimmers",
      "dinosaurs bellowing",
      "disc scratching",
      "dog barking",
      "dog baying",
      "dog bow-wow",
      "dog growling",
      "dog howling",
      "dog whimpering",
      "donkey, ass braying",
      "door slamming",
      "driving buses",
      "driving motorcycle",
      "driving snowmobile",
      "duck quacking",
      "eagle screaming",
      "eating with cutlery",
      "electric grinder grinding",
      "electric shaver, electric razor shaving",
      "elephant trumpeting",
      "eletric blender running",
      "elk bugling",
      "engine accelerating, revving, vroom",
      "female singing",
      "female speech, woman speaking",
      "ferret dooking",
      "fire crackling",
      "fire truck siren",
      "fireworks banging",
      "firing cannon",
      "firing muskets",
      "fly, housefly buzzing",
      "foghorn",
      "footsteps on snow",
      "forging swords",
      "fox barking",
      "francolin calling",
      "frog croaking",
      "gibbon howling",
      "goat bleating",
      "golf driving",
      "goose honking",
      "hail",
      "hair dryer drying",
      "hammering nails",
      "heart sounds, heartbeat",
      "hedge trimmer running",
      "helicopter",
      "horse clip-clop",
      "horse neighing",
      "ice cracking",
      "ice cream truck, ice cream van",
      "lathe spinning",
      "lawn mowing",
      "lighting firecrackers",
      "lions growling",
      "lions roaring",
      "lip smacking",
      "machine gun shooting",
      "magpie calling",
      "male singing",
      "male speech, man speaking",
      "metronome",
      "missile launch",
      "mosquito buzzing",
      "motorboat, speedboat acceleration",
      "mouse clicking",
      "mouse pattering",
      "mouse squeaking",
      "mynah bird singing",
      "ocean burbling",
      "opening or closing car doors",
      "opening or closing car electric windows",
      "opening or closing drawers",
      "orchestra",
      "otter growling",
      "owl hooting",
      "parrot talking",
      "penguins braying",
      "people babbling",
      "people battle cry",
      "people belly laughing",
      "people booing",
      "people burping",
      "people cheering",
      "people clapping",
      "people coughing",
      "people crowd",
      "people eating",
      "people eating apple",
      "people eating crisps",
      "people eating noodle",
      "people farting",
      "people finger snapping",
      "people gargling",
      "people giggling",
      "people hiccup",
      "people humming",
      "people marching",
      "people nose blowing",
      "people running",
      "people screaming",
      "people shuffling",
      "people slapping",
      "people slurping",
      "people sneezing",
      "people sniggering",
      "people sobbing",
      "people whispering",
      "people whistling",
      "pheasant crowing",
      "pig oinking",
      "pigeon, dove cooing",
      "planing timber",
      "plastic bottle crushing",
      "playing accordion",
      "playing acoustic guitar",
      "playing badminton",
      "playing bagpipes",
      "playing banjo",
      "playing bass drum",
      "playing bass guitar",
      "playing bassoon",
      "playing bongo",
      "playing bugle",
      "playing castanets",
      "playing cello",
      "playing clarinet",
      "playing congas",
      "playing cornet",
      "playing cymbal",
      "playing darts",
      "playing didgeridoo",
      "playing djembe",
      "playing double bass",
      "playing drum kit",
      "playing electric guitar",
      "playing electronic organ",
      "playing erhu",
      "playing flute",
      "playing french horn",
      "playing glockenspiel",
      "playing gong",
      "playing guiro",
      "playing hammond organ",
      "playing harmonica",
      "playing harp",
      "playing harpsichord",
      "playing hockey",
      "playing lacrosse",
      "playing mandolin",
      "playing marimba, xylophone",
      "playing oboe",
      "playing piano",
      "playing saxophone",
      "playing shofar",
      "playing sitar",
      "playing snare drum",
      "playing squash",
      "playing steel guitar, slide guitar",
      "playing steelpan",
      "playing synthesizer",
      "playing tabla",
      "playing table tennis",
      "playing tambourine",
      "playing tennis",
      "playing theremin",
      "playing timbales",
      "playing timpani",
      "playing trombone",
      "playing trumpet",
      "playing tuning fork",
      "playing tympani",
      "playing ukulele",
      "playing vibraphone",
      "playing violin, fiddle",
      "playing volleyball",
      "playing washboard",
      "playing zither",
      "police car (siren)",
      "police radio chatter",
      "popping popcorn",
      "printer printing",
      "pumping water",
      "race car, auto racing",
      "railroad car, train wagon",
      "raining",
      "rapping",
      "reversing beeps",
      "ripping paper",
      "roller coaster running",
      "rope skipping",
      "rowboat, canoe, kayak rowing",
      "running electric fan",
      "sailing",
      "scuba diving",
      "sea lion barking",
      "sea waves",
      "sharpen knife",
      "sheep bleating",
      "shot football",
      "singing bowl",
      "singing choir",
      "skateboarding",
      "skidding",
      "skiing",
      "sliding door",
      "sloshing water",
      "slot machine",
      "smoke detector beeping",
      "snake hissing",
      "snake rattling",
      "splashing water",
      "spraying water",
      "squishing water",
      "stream burbling",
      "strike lighter",
      "striking bowling",
      "striking pool",
      "subway, metro, underground",
      "swimming",
      "tap dancing",
      "tapping guitar",
      "telephone bell ringing",
      "thunder",
      "toilet flushing",
      "tornado roaring",
      "tractor digging",
      "train horning",
      "train wheels squealing",
      "train whistling",
      "turkey gobbling",
      "typing on computer keyboard",
      "typing on typewriter",
      "underwater bubbling",
      "using sewing machines",
      "vacuum cleaner cleaning floors",
      "vehicle horn, car horn, honking",
      "volcano explosion",
      "warbler chirping",
      "waterfall burbling",
      "whale calling",
      "wind chime",
      "wind noise",
      "wind rustling leaves",
      "wood thrush calling",
      "woodpecker pecking tree",
      "writing on blackboard with chalk",
      "yodelling",
      "zebra braying"
    ],
    "video_dim": 1,
    "motion_dim": 1,
    "audio_dim": 4096
  }
}
{
  "experiment_id": "P1A001",
  "finished_at": "2026-06-25 20:47:07",
  "model_type": "standard",
  "best_epoch": 380,
  "best_acc_selection_metric": 0.4091649827260283,
  "final_epoch": 500,
  "final_test_label_gibbs_acc": 0.40264650283553877,
  "full_eval_best_acc": 0.4096864611172675,
  "computed_dims": {
    "input_dim": 4096,
    "label_dim": 1545,
    "hidden_dim": 32768,
    "total_pbits": 38409,
    "num_classes": 309
  },
  "data_dims": {
    "feature_npz": "/home/Hongjie_Zeng/high_order_BM/data_vggsound_full/phase1_features/audio_sr16k_fft1024_hop160_chunks4w500_lstm4096_h8_e500/vggsound_full_audio_paperresnet50_lstm4096_chunks4_w500_h1024_seed223.npz",
    "train_size": 182615,
    "test_size": 15341,
    "num_classes": 309,
    "class_names": [
      "air conditioning noise",
      "air horn",
      "airplane",
      "airplane flyby",
      "alarm clock ringing",
      "alligators, crocodiles hissing",
      "ambulance siren",
      "arc welding",
      "baby babbling",
      "baby crying",
      "baby laughter",
      "baltimore oriole calling",
      "barn swallow calling",
      "basketball bounce",
      "bathroom ventilation fan running",
      "beat boxing",
      "bee, wasp, etc. buzzing",
      "bird chirping, tweeting",
      "bird squawking",
      "bird wings flapping",
      "black capped chickadee calling",
      "blowtorch igniting",
      "bouncing on trampoline",
      "bowling impact",
      "bull bellowing",
      "canary calling",
      "cap gun shooting",
      "car engine idling",
      "car engine knocking",
      "car engine starting",
      "car passing by",
      "cat caterwauling",
      "cat growling",
      "cat hissing",
      "cat meowing",
      "cat purring",
      "cattle mooing",
      "cattle, bovinae cowbell",
      "cell phone buzzing",
      "chainsawing trees",
      "cheetah chirrup",
      "chicken clucking",
      "chicken crowing",
      "child singing",
      "child speech, kid speaking",
      "children shouting",
      "chimpanzee pant-hooting",
      "chinchilla barking",
      "chipmunk chirping",
      "chopping food",
      "chopping wood",
      "church bell ringing",
      "civil defense siren",
      "cow lowing",
      "coyote howling",
      "cricket chirping",
      "crow cawing",
      "cuckoo bird calling",
      "cupboard opening or closing",
      "cutting hair with electric trimmers",
      "dinosaurs bellowing",
      "disc scratching",
      "dog barking",
      "dog baying",
      "dog bow-wow",
      "dog growling",
      "dog howling",
      "dog whimpering",
      "donkey, ass braying",
      "door slamming",
      "driving buses",
      "driving motorcycle",
      "driving snowmobile",
      "duck quacking",
      "eagle screaming",
      "eating with cutlery",
      "electric grinder grinding",
      "electric shaver, electric razor shaving",
      "elephant trumpeting",
      "eletric blender running",
      "elk bugling",
      "engine accelerating, revving, vroom",
      "female singing",
      "female speech, woman speaking",
      "ferret dooking",
      "fire crackling",
      "fire truck siren",
      "fireworks banging",
      "firing cannon",
      "firing muskets",
      "fly, housefly buzzing",
      "foghorn",
      "footsteps on snow",
      "forging swords",
      "fox barking",
      "francolin calling",
      "frog croaking",
      "gibbon howling",
      "goat bleating",
      "golf driving",
      "goose honking",
      "hail",
      "hair dryer drying",
      "hammering nails",
      "heart sounds, heartbeat",
      "hedge trimmer running",
      "helicopter",
      "horse clip-clop",
      "horse neighing",
      "ice cracking",
      "ice cream truck, ice cream van",
      "lathe spinning",
      "lawn mowing",
      "lighting firecrackers",
      "lions growling",
      "lions roaring",
      "lip smacking",
      "machine gun shooting",
      "magpie calling",
      "male singing",
      "male speech, man speaking",
      "metronome",
      "missile launch",
      "mosquito buzzing",
      "motorboat, speedboat acceleration",
      "mouse clicking",
      "mouse pattering",
      "mouse squeaking",
      "mynah bird singing",
      "ocean burbling",
      "opening or closing car doors",
      "opening or closing car electric windows",
      "opening or closing drawers",
      "orchestra",
      "otter growling",
      "owl hooting",
      "parrot talking",
      "penguins braying",
      "people babbling",
      "people battle cry",
      "people belly laughing",
      "people booing",
      "people burping",
      "people cheering",
      "people clapping",
      "people coughing",
      "people crowd",
      "people eating",
      "people eating apple",
      "people eating crisps",
      "people eating noodle",
      "people farting",
      "people finger snapping",
      "people gargling",
      "people giggling",
      "people hiccup",
      "people humming",
      "people marching",
      "people nose blowing",
      "people running",
      "people screaming",
      "people shuffling",
      "people slapping",
      "people slurping",
      "people sneezing",
      "people sniggering",
      "people sobbing",
      "people whispering",
      "people whistling",
      "pheasant crowing",
      "pig oinking",
      "pigeon, dove cooing",
      "planing timber",
      "plastic bottle crushing",
      "playing accordion",
      "playing acoustic guitar",
      "playing badminton",
      "playing bagpipes",
      "playing banjo",
      "playing bass drum",
      "playing bass guitar",
      "playing bassoon",
      "playing bongo",
      "playing bugle",
      "playing castanets",
      "playing cello",
      "playing clarinet",
      "playing congas",
      "playing cornet",
      "playing cymbal",
      "playing darts",
      "playing didgeridoo",
      "playing djembe",
      "playing double bass",
      "playing drum kit",
      "playing electric guitar",
      "playing electronic organ",
      "playing erhu",
      "playing flute",
      "playing french horn",
      "playing glockenspiel",
      "playing gong",
      "playing guiro",
      "playing hammond organ",
      "playing harmonica",
      "playing harp",
      "playing harpsichord",
      "playing hockey",
      "playing lacrosse",
      "playing mandolin",
      "playing marimba, xylophone",
      "playing oboe",
      "playing piano",
      "playing saxophone",
      "playing shofar",
      "playing sitar",
      "playing snare drum",
      "playing squash",
      "playing steel guitar, slide guitar",
      "playing steelpan",
      "playing synthesizer",
      "playing tabla",
      "playing table tennis",
      "playing tambourine",
      "playing tennis",
      "playing theremin",
      "playing timbales",
      "playing timpani",
      "playing trombone",
      "playing trumpet",
      "playing tuning fork",
      "playing tympani",
      "playing ukulele",
      "playing vibraphone",
      "playing violin, fiddle",
      "playing volleyball",
      "playing washboard",
      "playing zither",
      "police car (siren)",
      "police radio chatter",
      "popping popcorn",
      "printer printing",
      "pumping water",
      "race car, auto racing",
      "railroad car, train wagon",
      "raining",
      "rapping",
      "reversing beeps",
      "ripping paper",
      "roller coaster running",
      "rope skipping",
      "rowboat, canoe, kayak rowing",
      "running electric fan",
      "sailing",
      "scuba diving",
      "sea lion barking",
      "sea waves",
      "sharpen knife",
      "sheep bleating",
      "shot football",
      "singing bowl",
      "singing choir",
      "skateboarding",
      "skidding",
      "skiing",
      "sliding door",
      "sloshing water",
      "slot machine",
      "smoke detector beeping",
      "snake hissing",
      "snake rattling",
      "splashing water",
      "spraying water",
      "squishing water",
      "stream burbling",
      "strike lighter",
      "striking bowling",
      "striking pool",
      "subway, metro, underground",
      "swimming",
      "tap dancing",
      "tapping guitar",
      "telephone bell ringing",
      "thunder",
      "toilet flushing",
      "tornado roaring",
      "tractor digging",
      "train horning",
      "train wheels squealing",
      "train whistling",
      "turkey gobbling",
      "typing on computer keyboard",
      "typing on typewriter",
      "underwater bubbling",
      "using sewing machines",
      "vacuum cleaner cleaning floors",
      "vehicle horn, car horn, honking",
      "volcano explosion",
      "warbler chirping",
      "waterfall burbling",
      "whale calling",
      "wind chime",
      "wind noise",
      "wind rustling leaves",
      "wood thrush calling",
      "woodpecker pecking tree",
      "writing on blackboard with chalk",
      "yodelling",
      "zebra braying"
    ],
    "video_dim": 1,
    "motion_dim": 1,
    "audio_dim": 4096
  },
  "out_dir": "/home/Hongjie_Zeng/high_order_BM/runs_vggsound_phase1_P1A001_audio_sr16k_fft1024_hop160_chunks4w500_lstm4096_h8_e500"
}
