[2026-06-19 21:43:57] train full audio ResNet50 encoder device=cuda audio_npz=/home/Hongjie_Zeng/high_order_BM/data_vggsound_full/features/vggsound_full_audio_stft128x96_official5s_allclasses_sr16000_n512_o353.npz
[epoch 001] ce=2.8857
[epoch 002] ce=1.8029
[epoch 003] ce=1.3840
[epoch 004] ce=1.0350
[epoch 005] ce=0.7290 train_top1=0.8135 train_top5=0.9713 test_top1=0.3256 test_top5=0.6028
[epoch 006] ce=0.4881
[epoch 007] ce=0.3283
[epoch 008] ce=0.2320
[epoch 009] ce=0.1853
[epoch 010] ce=0.1593 train_top1=0.9315 train_top5=0.9961 test_top1=0.3145 test_top5=0.5803
[epoch 011] ce=0.1538
[epoch 012] ce=0.1382
[epoch 013] ce=0.1193
[epoch 014] ce=0.1142
[epoch 015] ce=0.1206 train_top1=0.9617 train_top5=0.9978 test_top1=0.3238 test_top5=0.5907
[epoch 016] ce=0.1068
[epoch 017] ce=0.0996
[epoch 018] ce=0.0997
[epoch 019] ce=0.0996
[epoch 020] ce=0.0936 train_top1=0.9685 train_top5=0.9983 test_top1=0.3240 test_top5=0.5820
[epoch 021] ce=0.0833
[epoch 022] ce=0.0854
[epoch 023] ce=0.0899
[epoch 024] ce=0.0819
[epoch 025] ce=0.0806 train_top1=0.9745 train_top5=0.9984 test_top1=0.3284 test_top5=0.5863
[epoch 026] ce=0.0749
[epoch 027] ce=0.0775
[epoch 028] ce=0.0829
[epoch 029] ce=0.0778
[epoch 030] ce=0.0678 train_top1=0.9759 train_top5=0.9984 test_top1=0.3218 test_top5=0.5770
[epoch 031] ce=0.0684
[epoch 032] ce=0.0707
[epoch 033] ce=0.0693
[epoch 034] ce=0.0691
[epoch 035] ce=0.0626 train_top1=0.9708 train_top5=0.9980 test_top1=0.3206 test_top5=0.5731
[epoch 036] ce=0.0690
[epoch 037] ce=0.0636
[epoch 038] ce=0.0612
[epoch 039] ce=0.0666
[epoch 040] ce=0.0583 train_top1=0.9797 train_top5=0.9985 test_top1=0.3207 test_top5=0.5738
[epoch 041] ce=0.0581
[epoch 042] ce=0.0635
[epoch 043] ce=0.0622
[epoch 044] ce=0.0566
[epoch 045] ce=0.0476 train_top1=0.9838 train_top5=0.9986 test_top1=0.3244 test_top5=0.5834
[epoch 046] ce=0.0567
[epoch 047] ce=0.0642
[epoch 048] ce=0.0546
[epoch 049] ce=0.0491
[epoch 050] ce=0.0535 train_top1=0.9782 train_top5=0.9985 test_top1=0.3257 test_top5=0.5764
{
  "experiment_id": "ARF001",
  "created_at": "2026-06-19 22:09:00",
  "audio_npz": "/home/Hongjie_Zeng/high_order_BM/data_vggsound_full/features/vggsound_full_audio_stft128x96_official5s_allclasses_sr16000_n512_o353.npz",
  "out_npz": "/home/Hongjie_Zeng/high_order_BM/data_vggsound_full/features/vggsound_full_audio_resnet50_stft128x96_per_dim_zscore_sigmoid_seed123.npz",
  "out_history": "/home/Hongjie_Zeng/high_order_BM/data_vggsound_full/features/vggsound_full_audio_resnet50_stft128x96_per_dim_zscore_sigmoid_seed123_history.json",
  "out_ckpt_last": "/home/Hongjie_Zeng/high_order_BM/data_vggsound_full/features/vggsound_full_audio_resnet50_stft128x96_per_dim_zscore_sigmoid_seed123_teacher.pt",
  "out_ckpt_best": "/home/Hongjie_Zeng/high_order_BM/data_vggsound_full/features/vggsound_full_audio_resnet50_stft128x96_per_dim_zscore_sigmoid_seed123_teacher_best.pt",
  "teacher_best_epoch": 25,
  "teacher_best_test_top1": 0.32840101688286294,
  "teacher_best_test_acc": 0.32840101688286294,
  "embedding_dim": 2048,
  "architecture": "resnet50_1channel_spectrogram",
  "pretrained_imagenet": true,
  "normalize": "per_dim_zscore_sigmoid",
  "normalization_params_summary": {
    "mode": "per_dim_zscore_sigmoid",
    "mu_mean": 0.3954799473285675,
    "sd_mean": 0.7988383769989014
  },
  "train_size": 182615,
  "test_size": 15341,
  "num_classes": 309,
  "class_names": [
    "air conditioning noise",
    "air horn",
    "airplane",
    "airplane flyby",
    "alarm clock ringing",
    "alligators, crocodiles hissing",
    "ambulance siren",
    "arc welding",
    "baby babbling",
    "baby crying",
    "baby laughter",
    "baltimore oriole calling",
    "barn swallow calling",
    "basketball bounce",
    "bathroom ventilation fan running",
    "beat boxing",
    "bee, wasp, etc. buzzing",
    "bird chirping, tweeting",
    "bird squawking",
    "bird wings flapping",
    "black capped chickadee calling",
    "blowtorch igniting",
    "bouncing on trampoline",
    "bowling impact",
    "bull bellowing",
    "canary calling",
    "cap gun shooting",
    "car engine idling",
    "car engine knocking",
    "car engine starting",
    "car passing by",
    "cat caterwauling",
    "cat growling",
    "cat hissing",
    "cat meowing",
    "cat purring",
    "cattle mooing",
    "cattle, bovinae cowbell",
    "cell phone buzzing",
    "chainsawing trees",
    "cheetah chirrup",
    "chicken clucking",
    "chicken crowing",
    "child singing",
    "child speech, kid speaking",
    "children shouting",
    "chimpanzee pant-hooting",
    "chinchilla barking",
    "chipmunk chirping",
    "chopping food",
    "chopping wood",
    "church bell ringing",
    "civil defense siren",
    "cow lowing",
    "coyote howling",
    "cricket chirping",
    "crow cawing",
    "cuckoo bird calling",
    "cupboard opening or closing",
    "cutting hair with electric trimmers",
    "dinosaurs bellowing",
    "disc scratching",
    "dog barking",
    "dog baying",
    "dog bow-wow",
    "dog growling",
    "dog howling",
    "dog whimpering",
    "donkey, ass braying",
    "door slamming",
    "driving buses",
    "driving motorcycle",
    "driving snowmobile",
    "duck quacking",
    "eagle screaming",
    "eating with cutlery",
    "electric grinder grinding",
    "electric shaver, electric razor shaving",
    "elephant trumpeting",
    "eletric blender running",
    "elk bugling",
    "engine accelerating, revving, vroom",
    "female singing",
    "female speech, woman speaking",
    "ferret dooking",
    "fire crackling",
    "fire truck siren",
    "fireworks banging",
    "firing cannon",
    "firing muskets",
    "fly, housefly buzzing",
    "foghorn",
    "footsteps on snow",
    "forging swords",
    "fox barking",
    "francolin calling",
    "frog croaking",
    "gibbon howling",
    "goat bleating",
    "golf driving",
    "goose honking",
    "hail",
    "hair dryer drying",
    "hammering nails",
    "heart sounds, heartbeat",
    "hedge trimmer running",
    "helicopter",
    "horse clip-clop",
    "horse neighing",
    "ice cracking",
    "ice cream truck, ice cream van",
    "lathe spinning",
    "lawn mowing",
    "lighting firecrackers",
    "lions growling",
    "lions roaring",
    "lip smacking",
    "machine gun shooting",
    "magpie calling",
    "male singing",
    "male speech, man speaking",
    "metronome",
    "missile launch",
    "mosquito buzzing",
    "motorboat, speedboat acceleration",
    "mouse clicking",
    "mouse pattering",
    "mouse squeaking",
    "mynah bird singing",
    "ocean burbling",
    "opening or closing car doors",
    "opening or closing car electric windows",
    "opening or closing drawers",
    "orchestra",
    "otter growling",
    "owl hooting",
    "parrot talking",
    "penguins braying",
    "people babbling",
    "people battle cry",
    "people belly laughing",
    "people booing",
    "people burping",
    "people cheering",
    "people clapping",
    "people coughing",
    "people crowd",
    "people eating",
    "people eating apple",
    "people eating crisps",
    "people eating noodle",
    "people farting",
    "people finger snapping",
    "people gargling",
    "people giggling",
    "people hiccup",
    "people humming",
    "people marching",
    "people nose blowing",
    "people running",
    "people screaming",
    "people shuffling",
    "people slapping",
    "people slurping",
    "people sneezing",
    "people sniggering",
    "people sobbing",
    "people whispering",
    "people whistling",
    "pheasant crowing",
    "pig oinking",
    "pigeon, dove cooing",
    "planing timber",
    "plastic bottle crushing",
    "playing accordion",
    "playing acoustic guitar",
    "playing badminton",
    "playing bagpipes",
    "playing banjo",
    "playing bass drum",
    "playing bass guitar",
    "playing bassoon",
    "playing bongo",
    "playing bugle",
    "playing castanets",
    "playing cello",
    "playing clarinet",
    "playing congas",
    "playing cornet",
    "playing cymbal",
    "playing darts",
    "playing didgeridoo",
    "playing djembe",
    "playing double bass",
    "playing drum kit",
    "playing electric guitar",
    "playing electronic organ",
    "playing erhu",
    "playing flute",
    "playing french horn",
    "playing glockenspiel",
    "playing gong",
    "playing guiro",
    "playing hammond organ",
    "playing harmonica",
    "playing harp",
    "playing harpsichord",
    "playing hockey",
    "playing lacrosse",
    "playing mandolin",
    "playing marimba, xylophone",
    "playing oboe",
    "playing piano",
    "playing saxophone",
    "playing shofar",
    "playing sitar",
    "playing snare drum",
    "playing squash",
    "playing steel guitar, slide guitar",
    "playing steelpan",
    "playing synthesizer",
    "playing tabla",
    "playing table tennis",
    "playing tambourine",
    "playing tennis",
    "playing theremin",
    "playing timbales",
    "playing timpani",
    "playing trombone",
    "playing trumpet",
    "playing tuning fork",
    "playing tympani",
    "playing ukulele",
    "playing vibraphone",
    "playing violin, fiddle",
    "playing volleyball",
    "playing washboard",
    "playing zither",
    "police car (siren)",
    "police radio chatter",
    "popping popcorn",
    "printer printing",
    "pumping water",
    "race car, auto racing",
    "railroad car, train wagon",
    "raining",
    "rapping",
    "reversing beeps",
    "ripping paper",
    "roller coaster running",
    "rope skipping",
    "rowboat, canoe, kayak rowing",
    "running electric fan",
    "sailing",
    "scuba diving",
    "sea lion barking",
    "sea waves",
    "sharpen knife",
    "sheep bleating",
    "shot football",
    "singing bowl",
    "singing choir",
    "skateboarding",
    "skidding",
    "skiing",
    "sliding door",
    "sloshing water",
    "slot machine",
    "smoke detector beeping",
    "snake hissing",
    "snake rattling",
    "splashing water",
    "spraying water",
    "squishing water",
    "stream burbling",
    "strike lighter",
    "striking bowling",
    "striking pool",
    "subway, metro, underground",
    "swimming",
    "tap dancing",
    "tapping guitar",
    "telephone bell ringing",
    "thunder",
    "toilet flushing",
    "tornado roaring",
    "tractor digging",
    "train horning",
    "train wheels squealing",
    "train whistling",
    "turkey gobbling",
    "typing on computer keyboard",
    "typing on typewriter",
    "underwater bubbling",
    "using sewing machines",
    "vacuum cleaner cleaning floors",
    "vehicle horn, car horn, honking",
    "volcano explosion",
    "warbler chirping",
    "waterfall burbling",
    "whale calling",
    "wind chime",
    "wind noise",
    "wind rustling leaves",
    "wood thrush calling",
    "woodpecker pecking tree",
    "writing on blackboard with chalk",
    "yodelling",
    "zebra braying"
  ],
  "note": "Embeddings are supervised audio ResNet50 features from STFT inputs. Final BM eval uses train_vggsound_mini20_bm.py with input_mode=audio."
}
