[data] train=182615 test=15341 classes=309 video=1 motion=1 audio=8192 device=cuda
[model] standard input=8192 label=1545 hidden=32768 total=42505 mode=audio
[init] estimating visible bias from training set
[epoch 001] recon_mse=0.03194
[epoch 002] recon_mse=0.02347
[epoch 003] recon_mse=0.02145
[epoch 004] recon_mse=0.02021
[epoch 005] recon_mse=0.01946 quick_test_acc=0.0963 ent=5.5811
[epoch 006] recon_mse=0.01892
[epoch 007] recon_mse=0.01852
[epoch 008] recon_mse=0.01823
[epoch 009] recon_mse=0.01798
[epoch 010] recon_mse=0.01777 quick_test_acc=0.1549 ent=5.5313
[epoch 011] recon_mse=0.01759
[epoch 012] recon_mse=0.01744
[epoch 013] recon_mse=0.01731
[epoch 014] recon_mse=0.01721
[epoch 015] recon_mse=0.01712 quick_test_acc=0.1819 ent=5.4471
[epoch 016] recon_mse=0.01704
[epoch 017] recon_mse=0.01695
[epoch 018] recon_mse=0.01688
[epoch 019] recon_mse=0.01681
[epoch 020] recon_mse=0.01675 quick_test_acc=0.2037 ent=5.3306
[epoch 021] recon_mse=0.01669
[epoch 022] recon_mse=0.01662
[epoch 023] recon_mse=0.01657
[epoch 024] recon_mse=0.01652
[epoch 025] recon_mse=0.01647 quick_test_acc=0.2213 ent=5.2044
[epoch 026] recon_mse=0.01642
[epoch 027] recon_mse=0.01638
[epoch 028] recon_mse=0.01634
[epoch 029] recon_mse=0.01630
[epoch 030] recon_mse=0.01627 quick_test_acc=0.2366 ent=5.0747
[epoch 031] recon_mse=0.01623
[epoch 032] recon_mse=0.01619
[epoch 033] recon_mse=0.01616
[epoch 034] recon_mse=0.01613
[epoch 035] recon_mse=0.01610 quick_test_acc=0.2499 ent=4.9590
[epoch 036] recon_mse=0.01607
[epoch 037] recon_mse=0.01604
[epoch 038] recon_mse=0.01601
[epoch 039] recon_mse=0.01599
[epoch 040] recon_mse=0.01596 quick_test_acc=0.2619 ent=4.8489
[epoch 041] recon_mse=0.01594
[epoch 042] recon_mse=0.01592
[epoch 043] recon_mse=0.01589
[epoch 044] recon_mse=0.01587
[epoch 045] recon_mse=0.01585 quick_test_acc=0.2720 ent=4.7500
[epoch 046] recon_mse=0.01583
[epoch 047] recon_mse=0.01581
[epoch 048] recon_mse=0.01579
[epoch 049] recon_mse=0.01577
[epoch 050] recon_mse=0.01575 quick_test_acc=0.2798 ent=4.6655
[epoch 051] recon_mse=0.01573
[epoch 052] recon_mse=0.01571
[epoch 053] recon_mse=0.01570
[epoch 054] recon_mse=0.01568
[epoch 055] recon_mse=0.01567 quick_test_acc=0.2882 ent=4.5815
[epoch 056] recon_mse=0.01565
[epoch 057] recon_mse=0.01564
[epoch 058] recon_mse=0.01562
[epoch 059] recon_mse=0.01560
[epoch 060] recon_mse=0.01559 quick_test_acc=0.2958 ent=4.5109
[epoch 061] recon_mse=0.01557
[epoch 062] recon_mse=0.01556
[epoch 063] recon_mse=0.01555
[epoch 064] recon_mse=0.01554
[epoch 065] recon_mse=0.01552 quick_test_acc=0.3007 ent=4.4410
[epoch 066] recon_mse=0.01551
[epoch 067] recon_mse=0.01550
[epoch 068] recon_mse=0.01549
[epoch 069] recon_mse=0.01547
[epoch 070] recon_mse=0.01546 quick_test_acc=0.3076 ent=4.3828
[epoch 071] recon_mse=0.01545
[epoch 072] recon_mse=0.01544
[epoch 073] recon_mse=0.01542
[epoch 074] recon_mse=0.01541
[epoch 075] recon_mse=0.01540 quick_test_acc=0.3142 ent=4.3308
[epoch 076] recon_mse=0.01539
[epoch 077] recon_mse=0.01538
[epoch 078] recon_mse=0.01537
[epoch 079] recon_mse=0.01536
[epoch 080] recon_mse=0.01535 quick_test_acc=0.3197 ent=4.2838
[epoch 081] recon_mse=0.01534
[epoch 082] recon_mse=0.01533
[epoch 083] recon_mse=0.01532
[epoch 084] recon_mse=0.01531
[epoch 085] recon_mse=0.01531 quick_test_acc=0.3244 ent=4.2253
[epoch 086] recon_mse=0.01530
[epoch 087] recon_mse=0.01529
[epoch 088] recon_mse=0.01528
[epoch 089] recon_mse=0.01527
[epoch 090] recon_mse=0.01526 quick_test_acc=0.3292 ent=4.1802
[epoch 091] recon_mse=0.01525
[epoch 092] recon_mse=0.01524
[epoch 093] recon_mse=0.01524
[epoch 094] recon_mse=0.01523
[epoch 095] recon_mse=0.01521 quick_test_acc=0.3343 ent=4.1375
[epoch 096] recon_mse=0.01521
[epoch 097] recon_mse=0.01520
[epoch 098] recon_mse=0.01519
[epoch 099] recon_mse=0.01519
[epoch 100] recon_mse=0.01518 quick_test_acc=0.3362 ent=4.0942
[epoch 101] recon_mse=0.01517
[epoch 102] recon_mse=0.01516
[epoch 103] recon_mse=0.01516
[epoch 104] recon_mse=0.01515
[epoch 105] recon_mse=0.01514 quick_test_acc=0.3392 ent=4.0637
[epoch 106] recon_mse=0.01513
[epoch 107] recon_mse=0.01513
[epoch 108] recon_mse=0.01512
[epoch 109] recon_mse=0.01511
[epoch 110] recon_mse=0.01511 quick_test_acc=0.3433 ent=4.0227
[epoch 111] recon_mse=0.01510
[epoch 112] recon_mse=0.01509
[epoch 113] recon_mse=0.01509
[epoch 114] recon_mse=0.01508
[epoch 115] recon_mse=0.01507 quick_test_acc=0.3465 ent=3.9899
[epoch 116] recon_mse=0.01507
[epoch 117] recon_mse=0.01506
[epoch 118] recon_mse=0.01505
[epoch 119] recon_mse=0.01505
[epoch 120] recon_mse=0.01504 quick_test_acc=0.3491 ent=3.9566
[epoch 121] recon_mse=0.01504
[epoch 122] recon_mse=0.01503
[epoch 123] recon_mse=0.01502
[epoch 124] recon_mse=0.01502
[epoch 125] recon_mse=0.01501 quick_test_acc=0.3528 ent=3.9211
[epoch 126] recon_mse=0.01501
[epoch 127] recon_mse=0.01500
[epoch 128] recon_mse=0.01499
[epoch 129] recon_mse=0.01499
[epoch 130] recon_mse=0.01498 quick_test_acc=0.3568 ent=3.8959
[epoch 131] recon_mse=0.01497
[epoch 132] recon_mse=0.01497
[epoch 133] recon_mse=0.01497
[epoch 134] recon_mse=0.01496
[epoch 135] recon_mse=0.01496 quick_test_acc=0.3579 ent=3.8700
[epoch 136] recon_mse=0.01495
[epoch 137] recon_mse=0.01494
[epoch 138] recon_mse=0.01494
[epoch 139] recon_mse=0.01493
[epoch 140] recon_mse=0.01493 quick_test_acc=0.3614 ent=3.8344
[epoch 141] recon_mse=0.01492
[epoch 142] recon_mse=0.01492
[epoch 143] recon_mse=0.01491
[epoch 144] recon_mse=0.01491
[epoch 145] recon_mse=0.01490 quick_test_acc=0.3641 ent=3.8136
[epoch 146] recon_mse=0.01490
[epoch 147] recon_mse=0.01489
[epoch 148] recon_mse=0.01489
[epoch 149] recon_mse=0.01489
[epoch 150] recon_mse=0.01488 quick_test_acc=0.3665 ent=3.7845
[epoch 151] recon_mse=0.01487
[epoch 152] recon_mse=0.01487
[epoch 153] recon_mse=0.01486
[epoch 154] recon_mse=0.01486
[epoch 155] recon_mse=0.01486 quick_test_acc=0.3680 ent=3.7554
[epoch 156] recon_mse=0.01485
[epoch 157] recon_mse=0.01485
[epoch 158] recon_mse=0.01484
[epoch 159] recon_mse=0.01484
[epoch 160] recon_mse=0.01483 quick_test_acc=0.3698 ent=3.7264
[epoch 161] recon_mse=0.01483
[epoch 162] recon_mse=0.01482
[epoch 163] recon_mse=0.01482
[epoch 164] recon_mse=0.01482
[epoch 165] recon_mse=0.01481 quick_test_acc=0.3717 ent=3.7052
[epoch 166] recon_mse=0.01480
[epoch 167] recon_mse=0.01480
[epoch 168] recon_mse=0.01480
[epoch 169] recon_mse=0.01479
[epoch 170] recon_mse=0.01479 quick_test_acc=0.3747 ent=3.6829
[epoch 171] recon_mse=0.01478
[epoch 172] recon_mse=0.01478
[epoch 173] recon_mse=0.01477
[epoch 174] recon_mse=0.01477
[epoch 175] recon_mse=0.01477 quick_test_acc=0.3764 ent=3.6584
[epoch 176] recon_mse=0.01476
[epoch 177] recon_mse=0.01476
[epoch 178] recon_mse=0.01476
[epoch 179] recon_mse=0.01475
[epoch 180] recon_mse=0.01475 quick_test_acc=0.3767 ent=3.6379
[epoch 181] recon_mse=0.01474
[epoch 182] recon_mse=0.01474
[epoch 183] recon_mse=0.01474
[epoch 184] recon_mse=0.01473
[epoch 185] recon_mse=0.01473 quick_test_acc=0.3777 ent=3.6146
[epoch 186] recon_mse=0.01472
[epoch 187] recon_mse=0.01472
[epoch 188] recon_mse=0.01472
[epoch 189] recon_mse=0.01471
[epoch 190] recon_mse=0.01471 quick_test_acc=0.3787 ent=3.5971
[epoch 191] recon_mse=0.01470
[epoch 192] recon_mse=0.01470
[epoch 193] recon_mse=0.01470
[epoch 194] recon_mse=0.01469
[epoch 195] recon_mse=0.01469 quick_test_acc=0.3828 ent=3.5738
[epoch 196] recon_mse=0.01468
[epoch 197] recon_mse=0.01468
[epoch 198] recon_mse=0.01468
[epoch 199] recon_mse=0.01467
[epoch 200] recon_mse=0.01467 quick_test_acc=0.3832 ent=3.5476
[epoch 201] recon_mse=0.01467
[epoch 202] recon_mse=0.01466
[epoch 203] recon_mse=0.01466
[epoch 204] recon_mse=0.01466
[epoch 205] recon_mse=0.01466 quick_test_acc=0.3852 ent=3.5371
[epoch 206] recon_mse=0.01465
[epoch 207] recon_mse=0.01464
[epoch 208] recon_mse=0.01464
[epoch 209] recon_mse=0.01464
[epoch 210] recon_mse=0.01463 quick_test_acc=0.3864 ent=3.5097
[epoch 211] recon_mse=0.01463
[epoch 212] recon_mse=0.01463
[epoch 213] recon_mse=0.01463
[epoch 214] recon_mse=0.01462
[epoch 215] recon_mse=0.01462 quick_test_acc=0.3882 ent=3.4974
[epoch 216] recon_mse=0.01462
[epoch 217] recon_mse=0.01461
[epoch 218] recon_mse=0.01461
[epoch 219] recon_mse=0.01460
[epoch 220] recon_mse=0.01460 quick_test_acc=0.3897 ent=3.4796
[epoch 221] recon_mse=0.01460
[epoch 222] recon_mse=0.01459
[epoch 223] recon_mse=0.01459
[epoch 224] recon_mse=0.01459
[epoch 225] recon_mse=0.01459 quick_test_acc=0.3896 ent=3.4541
[epoch 226] recon_mse=0.01458
[epoch 227] recon_mse=0.01458
[epoch 228] recon_mse=0.01457
[epoch 229] recon_mse=0.01457
[epoch 230] recon_mse=0.01457 quick_test_acc=0.3931 ent=3.4466
[epoch 231] recon_mse=0.01457
[epoch 232] recon_mse=0.01457
[epoch 233] recon_mse=0.01456
[epoch 234] recon_mse=0.01456
[epoch 235] recon_mse=0.01456 quick_test_acc=0.3936 ent=3.4330
[epoch 236] recon_mse=0.01455
[epoch 237] recon_mse=0.01455
[epoch 238] recon_mse=0.01454
[epoch 239] recon_mse=0.01454
[epoch 240] recon_mse=0.01454 quick_test_acc=0.3953 ent=3.4004
[epoch 241] recon_mse=0.01454
[epoch 242] recon_mse=0.01453
[epoch 243] recon_mse=0.01453
[epoch 244] recon_mse=0.01453
[epoch 245] recon_mse=0.01452 quick_test_acc=0.3959 ent=3.3923
[epoch 246] recon_mse=0.01452
[epoch 247] recon_mse=0.01452
[epoch 248] recon_mse=0.01452
[epoch 249] recon_mse=0.01451
[epoch 250] recon_mse=0.01451 quick_test_acc=0.3970 ent=3.3782
[epoch 251] recon_mse=0.01450
[epoch 252] recon_mse=0.01450
[epoch 253] recon_mse=0.01450
[epoch 254] recon_mse=0.01449
[epoch 255] recon_mse=0.01449 quick_test_acc=0.3980 ent=3.3718
[epoch 256] recon_mse=0.01449
[epoch 257] recon_mse=0.01449
[epoch 258] recon_mse=0.01448
[epoch 259] recon_mse=0.01448
[epoch 260] recon_mse=0.01448 quick_test_acc=0.3991 ent=3.3557
[epoch 261] recon_mse=0.01448
[epoch 262] recon_mse=0.01447
[epoch 263] recon_mse=0.01447
[epoch 264] recon_mse=0.01447
[epoch 265] recon_mse=0.01447 quick_test_acc=0.4003 ent=3.3355
[epoch 266] recon_mse=0.01446
[epoch 267] recon_mse=0.01446
[epoch 268] recon_mse=0.01446
[epoch 269] recon_mse=0.01445
[epoch 270] recon_mse=0.01445 quick_test_acc=0.4013 ent=3.3299
[epoch 271] recon_mse=0.01445
[epoch 272] recon_mse=0.01445
[epoch 273] recon_mse=0.01444
[epoch 274] recon_mse=0.01444
[epoch 275] recon_mse=0.01444 quick_test_acc=0.4020 ent=3.3086
[epoch 276] recon_mse=0.01443
[epoch 277] recon_mse=0.01443
[epoch 278] recon_mse=0.01443
[epoch 279] recon_mse=0.01443
[epoch 280] recon_mse=0.01443 quick_test_acc=0.4033 ent=3.2972
[epoch 281] recon_mse=0.01442
[epoch 282] recon_mse=0.01442
[epoch 283] recon_mse=0.01442
[epoch 284] recon_mse=0.01441
[epoch 285] recon_mse=0.01441 quick_test_acc=0.4049 ent=3.2792
[epoch 286] recon_mse=0.01441
[epoch 287] recon_mse=0.01440
[epoch 288] recon_mse=0.01440
[epoch 289] recon_mse=0.01440
[epoch 290] recon_mse=0.01440 quick_test_acc=0.4037 ent=3.2658
[epoch 291] recon_mse=0.01440
[epoch 292] recon_mse=0.01439
[epoch 293] recon_mse=0.01439
[epoch 294] recon_mse=0.01439
[epoch 295] recon_mse=0.01438 quick_test_acc=0.4055 ent=3.2571
[epoch 296] recon_mse=0.01438
[epoch 297] recon_mse=0.01438
[epoch 298] recon_mse=0.01438
[epoch 299] recon_mse=0.01437
[epoch 300] recon_mse=0.01437 quick_test_acc=0.4063 ent=3.2431
[epoch 301] recon_mse=0.01437
[epoch 302] recon_mse=0.01437
[epoch 303] recon_mse=0.01437
[epoch 304] recon_mse=0.01436
[epoch 305] recon_mse=0.01436 quick_test_acc=0.4075 ent=3.2353
[epoch 306] recon_mse=0.01436
[epoch 307] recon_mse=0.01436
[epoch 308] recon_mse=0.01435
[epoch 309] recon_mse=0.01435
[epoch 310] recon_mse=0.01435 quick_test_acc=0.4079 ent=3.2202
[epoch 311] recon_mse=0.01434
[epoch 312] recon_mse=0.01435
[epoch 313] recon_mse=0.01434
[epoch 314] recon_mse=0.01434
[epoch 315] recon_mse=0.01434 quick_test_acc=0.4077 ent=3.2090
[epoch 316] recon_mse=0.01433
[epoch 317] recon_mse=0.01433
[epoch 318] recon_mse=0.01433
[epoch 319] recon_mse=0.01433
[epoch 320] recon_mse=0.01432 quick_test_acc=0.4095 ent=3.1938
[epoch 321] recon_mse=0.01432
[epoch 322] recon_mse=0.01432
[epoch 323] recon_mse=0.01432
[epoch 324] recon_mse=0.01431
[epoch 325] recon_mse=0.01432 quick_test_acc=0.4116 ent=3.1847
[epoch 326] recon_mse=0.01431
[epoch 327] recon_mse=0.01431
[epoch 328] recon_mse=0.01430
[epoch 329] recon_mse=0.01431
[epoch 330] recon_mse=0.01430 quick_test_acc=0.4115 ent=3.1769
[epoch 331] recon_mse=0.01430
[epoch 332] recon_mse=0.01430
[epoch 333] recon_mse=0.01430
[epoch 334] recon_mse=0.01429
[epoch 335] recon_mse=0.01429 quick_test_acc=0.4129 ent=3.1584
[epoch 336] recon_mse=0.01429
[epoch 337] recon_mse=0.01429
[epoch 338] recon_mse=0.01429
[epoch 339] recon_mse=0.01428
[epoch 340] recon_mse=0.01428 quick_test_acc=0.4120 ent=3.1519
[epoch 341] recon_mse=0.01428
[epoch 342] recon_mse=0.01427
[epoch 343] recon_mse=0.01427
[epoch 344] recon_mse=0.01427
[epoch 345] recon_mse=0.01427 quick_test_acc=0.4148 ent=3.1375
[epoch 346] recon_mse=0.01427
[epoch 347] recon_mse=0.01426
[epoch 348] recon_mse=0.01426
[epoch 349] recon_mse=0.01426
[epoch 350] recon_mse=0.01426 quick_test_acc=0.4148 ent=3.1282
[epoch 351] recon_mse=0.01425
[epoch 352] recon_mse=0.01425
[epoch 353] recon_mse=0.01425
[epoch 354] recon_mse=0.01425
[epoch 355] recon_mse=0.01425 quick_test_acc=0.4162 ent=3.1220
[epoch 356] recon_mse=0.01425
[epoch 357] recon_mse=0.01424
[epoch 358] recon_mse=0.01424
[epoch 359] recon_mse=0.01424
[epoch 360] recon_mse=0.01424 quick_test_acc=0.4170 ent=3.1073
[epoch 361] recon_mse=0.01423
[epoch 362] recon_mse=0.01423
[epoch 363] recon_mse=0.01423
[epoch 364] recon_mse=0.01423
[epoch 365] recon_mse=0.01423 quick_test_acc=0.4174 ent=3.0978
[epoch 366] recon_mse=0.01422
[epoch 367] recon_mse=0.01422
[epoch 368] recon_mse=0.01422
[epoch 369] recon_mse=0.01422
[epoch 370] recon_mse=0.01421 quick_test_acc=0.4182 ent=3.0874
[epoch 371] recon_mse=0.01421
[epoch 372] recon_mse=0.01421
[epoch 373] recon_mse=0.01421
[epoch 374] recon_mse=0.01421
[epoch 375] recon_mse=0.01421 quick_test_acc=0.4196 ent=3.0715
[epoch 376] recon_mse=0.01420
[epoch 377] recon_mse=0.01420
[epoch 378] recon_mse=0.01420
[epoch 379] recon_mse=0.01420
[epoch 380] recon_mse=0.01419 quick_test_acc=0.4200 ent=3.0634
[epoch 381] recon_mse=0.01419
[epoch 382] recon_mse=0.01419
[epoch 383] recon_mse=0.01419
[epoch 384] recon_mse=0.01418
[epoch 385] recon_mse=0.01419 quick_test_acc=0.4195 ent=3.0622
[epoch 386] recon_mse=0.01418
[epoch 387] recon_mse=0.01418
[epoch 388] recon_mse=0.01418
[epoch 389] recon_mse=0.01418
[epoch 390] recon_mse=0.01417 quick_test_acc=0.4214 ent=3.0466
[epoch 391] recon_mse=0.01417
[epoch 392] recon_mse=0.01417
[epoch 393] recon_mse=0.01417
[epoch 394] recon_mse=0.01416
[epoch 395] recon_mse=0.01416 quick_test_acc=0.4223 ent=3.0417
[epoch 396] recon_mse=0.01416
[epoch 397] recon_mse=0.01416
[epoch 398] recon_mse=0.01416
[epoch 399] recon_mse=0.01416
[epoch 400] recon_mse=0.01416 quick_test_acc=0.4233 ent=3.0289
[epoch 401] recon_mse=0.01415
[epoch 402] recon_mse=0.01415
[epoch 403] recon_mse=0.01415
[epoch 404] recon_mse=0.01414
[epoch 405] recon_mse=0.01415 quick_test_acc=0.4234 ent=3.0257
[epoch 406] recon_mse=0.01414
[epoch 407] recon_mse=0.01414
[epoch 408] recon_mse=0.01414
[epoch 409] recon_mse=0.01414
[epoch 410] recon_mse=0.01414 quick_test_acc=0.4251 ent=3.0128
[epoch 411] recon_mse=0.01413
[epoch 412] recon_mse=0.01413
[epoch 413] recon_mse=0.01413
[epoch 414] recon_mse=0.01413
[epoch 415] recon_mse=0.01413 quick_test_acc=0.4255 ent=3.0021
[epoch 416] recon_mse=0.01413
[epoch 417] recon_mse=0.01412
[epoch 418] recon_mse=0.01412
[epoch 419] recon_mse=0.01412
[epoch 420] recon_mse=0.01412 quick_test_acc=0.4261 ent=2.9964
[epoch 421] recon_mse=0.01411
[epoch 422] recon_mse=0.01411
[epoch 423] recon_mse=0.01411
[epoch 424] recon_mse=0.01411
[epoch 425] recon_mse=0.01410 quick_test_acc=0.4256 ent=2.9792
[epoch 426] recon_mse=0.01411
[epoch 427] recon_mse=0.01411
[epoch 428] recon_mse=0.01410
[epoch 429] recon_mse=0.01410
[epoch 430] recon_mse=0.01410 quick_test_acc=0.4283 ent=2.9747
[epoch 431] recon_mse=0.01410
[epoch 432] recon_mse=0.01410
[epoch 433] recon_mse=0.01409
[epoch 434] recon_mse=0.01409
[epoch 435] recon_mse=0.01409 quick_test_acc=0.4283 ent=2.9707
[epoch 436] recon_mse=0.01409
[epoch 437] recon_mse=0.01409
[epoch 438] recon_mse=0.01409
[epoch 439] recon_mse=0.01408
[epoch 440] recon_mse=0.01409 quick_test_acc=0.4299 ent=2.9582
[epoch 441] recon_mse=0.01408
[epoch 442] recon_mse=0.01408
[epoch 443] recon_mse=0.01408
[epoch 444] recon_mse=0.01408
[epoch 445] recon_mse=0.01407 quick_test_acc=0.4282 ent=2.9546
[epoch 446] recon_mse=0.01407
[epoch 447] recon_mse=0.01407
[epoch 448] recon_mse=0.01407
[epoch 449] recon_mse=0.01407
[epoch 450] recon_mse=0.01406 quick_test_acc=0.4307 ent=2.9449
[epoch 451] recon_mse=0.01406
[epoch 452] recon_mse=0.01406
[epoch 453] recon_mse=0.01406
[epoch 454] recon_mse=0.01406
[epoch 455] recon_mse=0.01405 quick_test_acc=0.4300 ent=2.9257
[epoch 456] recon_mse=0.01406
[epoch 457] recon_mse=0.01405
[epoch 458] recon_mse=0.01405
[epoch 459] recon_mse=0.01405
[epoch 460] recon_mse=0.01405 quick_test_acc=0.4313 ent=2.9230
[epoch 461] recon_mse=0.01405
[epoch 462] recon_mse=0.01405
[epoch 463] recon_mse=0.01404
[epoch 464] recon_mse=0.01404
[epoch 465] recon_mse=0.01404 quick_test_acc=0.4337 ent=2.9164
[epoch 466] recon_mse=0.01404
[epoch 467] recon_mse=0.01404
[epoch 468] recon_mse=0.01404
[epoch 469] recon_mse=0.01403
[epoch 470] recon_mse=0.01403 quick_test_acc=0.4324 ent=2.9078
[epoch 471] recon_mse=0.01403
[epoch 472] recon_mse=0.01403
[epoch 473] recon_mse=0.01403
[epoch 474] recon_mse=0.01402
[epoch 475] recon_mse=0.01403 quick_test_acc=0.4332 ent=2.9030
[epoch 476] recon_mse=0.01402
[epoch 477] recon_mse=0.01402
[epoch 478] recon_mse=0.01401
[epoch 479] recon_mse=0.01402
[epoch 480] recon_mse=0.01402 quick_test_acc=0.4335 ent=2.8933
[epoch 481] recon_mse=0.01402
[epoch 482] recon_mse=0.01401
[epoch 483] recon_mse=0.01401
[epoch 484] recon_mse=0.01401
[epoch 485] recon_mse=0.01401 quick_test_acc=0.4334 ent=2.8843
[epoch 486] recon_mse=0.01401
[epoch 487] recon_mse=0.01400
[epoch 488] recon_mse=0.01400
[epoch 489] recon_mse=0.01400
[epoch 490] recon_mse=0.01400 quick_test_acc=0.4347 ent=2.8808
[epoch 491] recon_mse=0.01400
[epoch 492] recon_mse=0.01399
[epoch 493] recon_mse=0.01399
[epoch 494] recon_mse=0.01399
[epoch 495] recon_mse=0.01399 quick_test_acc=0.4354 ent=2.8747
[epoch 496] recon_mse=0.01399
[epoch 497] recon_mse=0.01399
[epoch 498] recon_mse=0.01399
[epoch 499] recon_mse=0.01399
[epoch 500] recon_mse=0.01398 quick_test_acc=0.4363 ent=2.8653
[full_eval_best] {
  "created_at": "2026-06-23 06:49:14",
  "ckpt": "/home/Hongjie_Zeng/high_order_BM/runs_vggsound_full_AF038_standard_audio_paperresnet50_seqconcat8192_h4_lc5_e500/best.pt",
  "ckpt_epoch": 500,
  "ckpt_best_acc": 0.4362818590704648,
  "eval_steps": 3000,
  "eval_burn_in": 500,
  "eval_thin": 2,
  "test_label_gibbs_acc": 0.43804184864089696,
  "test_label_entropy": 2.86610407307744,
  "computed_dims": {
    "input_dim": 8192,
    "label_dim": 1545,
    "hidden_dim": 32768,
    "total_pbits": 42505,
    "num_classes": 309
  },
  "data_dims": {
    "feature_npz": "/home/Hongjie_Zeng/high_order_BM/data_vggsound_full/features/vggsound_full_audio_paperresnet50_seqconcat8192_chunks4_w500_seed123.npz",
    "train_size": 182615,
    "test_size": 15341,
    "num_classes": 309,
    "class_names": [
      "air conditioning noise",
      "air horn",
      "airplane",
      "airplane flyby",
      "alarm clock ringing",
      "alligators, crocodiles hissing",
      "ambulance siren",
      "arc welding",
      "baby babbling",
      "baby crying",
      "baby laughter",
      "baltimore oriole calling",
      "barn swallow calling",
      "basketball bounce",
      "bathroom ventilation fan running",
      "beat boxing",
      "bee, wasp, etc. buzzing",
      "bird chirping, tweeting",
      "bird squawking",
      "bird wings flapping",
      "black capped chickadee calling",
      "blowtorch igniting",
      "bouncing on trampoline",
      "bowling impact",
      "bull bellowing",
      "canary calling",
      "cap gun shooting",
      "car engine idling",
      "car engine knocking",
      "car engine starting",
      "car passing by",
      "cat caterwauling",
      "cat growling",
      "cat hissing",
      "cat meowing",
      "cat purring",
      "cattle mooing",
      "cattle, bovinae cowbell",
      "cell phone buzzing",
      "chainsawing trees",
      "cheetah chirrup",
      "chicken clucking",
      "chicken crowing",
      "child singing",
      "child speech, kid speaking",
      "children shouting",
      "chimpanzee pant-hooting",
      "chinchilla barking",
      "chipmunk chirping",
      "chopping food",
      "chopping wood",
      "church bell ringing",
      "civil defense siren",
      "cow lowing",
      "coyote howling",
      "cricket chirping",
      "crow cawing",
      "cuckoo bird calling",
      "cupboard opening or closing",
      "cutting hair with electric trimmers",
      "dinosaurs bellowing",
      "disc scratching",
      "dog barking",
      "dog baying",
      "dog bow-wow",
      "dog growling",
      "dog howling",
      "dog whimpering",
      "donkey, ass braying",
      "door slamming",
      "driving buses",
      "driving motorcycle",
      "driving snowmobile",
      "duck quacking",
      "eagle screaming",
      "eating with cutlery",
      "electric grinder grinding",
      "electric shaver, electric razor shaving",
      "elephant trumpeting",
      "eletric blender running",
      "elk bugling",
      "engine accelerating, revving, vroom",
      "female singing",
      "female speech, woman speaking",
      "ferret dooking",
      "fire crackling",
      "fire truck siren",
      "fireworks banging",
      "firing cannon",
      "firing muskets",
      "fly, housefly buzzing",
      "foghorn",
      "footsteps on snow",
      "forging swords",
      "fox barking",
      "francolin calling",
      "frog croaking",
      "gibbon howling",
      "goat bleating",
      "golf driving",
      "goose honking",
      "hail",
      "hair dryer drying",
      "hammering nails",
      "heart sounds, heartbeat",
      "hedge trimmer running",
      "helicopter",
      "horse clip-clop",
      "horse neighing",
      "ice cracking",
      "ice cream truck, ice cream van",
      "lathe spinning",
      "lawn mowing",
      "lighting firecrackers",
      "lions growling",
      "lions roaring",
      "lip smacking",
      "machine gun shooting",
      "magpie calling",
      "male singing",
      "male speech, man speaking",
      "metronome",
      "missile launch",
      "mosquito buzzing",
      "motorboat, speedboat acceleration",
      "mouse clicking",
      "mouse pattering",
      "mouse squeaking",
      "mynah bird singing",
      "ocean burbling",
      "opening or closing car doors",
      "opening or closing car electric windows",
      "opening or closing drawers",
      "orchestra",
      "otter growling",
      "owl hooting",
      "parrot talking",
      "penguins braying",
      "people babbling",
      "people battle cry",
      "people belly laughing",
      "people booing",
      "people burping",
      "people cheering",
      "people clapping",
      "people coughing",
      "people crowd",
      "people eating",
      "people eating apple",
      "people eating crisps",
      "people eating noodle",
      "people farting",
      "people finger snapping",
      "people gargling",
      "people giggling",
      "people hiccup",
      "people humming",
      "people marching",
      "people nose blowing",
      "people running",
      "people screaming",
      "people shuffling",
      "people slapping",
      "people slurping",
      "people sneezing",
      "people sniggering",
      "people sobbing",
      "people whispering",
      "people whistling",
      "pheasant crowing",
      "pig oinking",
      "pigeon, dove cooing",
      "planing timber",
      "plastic bottle crushing",
      "playing accordion",
      "playing acoustic guitar",
      "playing badminton",
      "playing bagpipes",
      "playing banjo",
      "playing bass drum",
      "playing bass guitar",
      "playing bassoon",
      "playing bongo",
      "playing bugle",
      "playing castanets",
      "playing cello",
      "playing clarinet",
      "playing congas",
      "playing cornet",
      "playing cymbal",
      "playing darts",
      "playing didgeridoo",
      "playing djembe",
      "playing double bass",
      "playing drum kit",
      "playing electric guitar",
      "playing electronic organ",
      "playing erhu",
      "playing flute",
      "playing french horn",
      "playing glockenspiel",
      "playing gong",
      "playing guiro",
      "playing hammond organ",
      "playing harmonica",
      "playing harp",
      "playing harpsichord",
      "playing hockey",
      "playing lacrosse",
      "playing mandolin",
      "playing marimba, xylophone",
      "playing oboe",
      "playing piano",
      "playing saxophone",
      "playing shofar",
      "playing sitar",
      "playing snare drum",
      "playing squash",
      "playing steel guitar, slide guitar",
      "playing steelpan",
      "playing synthesizer",
      "playing tabla",
      "playing table tennis",
      "playing tambourine",
      "playing tennis",
      "playing theremin",
      "playing timbales",
      "playing timpani",
      "playing trombone",
      "playing trumpet",
      "playing tuning fork",
      "playing tympani",
      "playing ukulele",
      "playing vibraphone",
      "playing violin, fiddle",
      "playing volleyball",
      "playing washboard",
      "playing zither",
      "police car (siren)",
      "police radio chatter",
      "popping popcorn",
      "printer printing",
      "pumping water",
      "race car, auto racing",
      "railroad car, train wagon",
      "raining",
      "rapping",
      "reversing beeps",
      "ripping paper",
      "roller coaster running",
      "rope skipping",
      "rowboat, canoe, kayak rowing",
      "running electric fan",
      "sailing",
      "scuba diving",
      "sea lion barking",
      "sea waves",
      "sharpen knife",
      "sheep bleating",
      "shot football",
      "singing bowl",
      "singing choir",
      "skateboarding",
      "skidding",
      "skiing",
      "sliding door",
      "sloshing water",
      "slot machine",
      "smoke detector beeping",
      "snake hissing",
      "snake rattling",
      "splashing water",
      "spraying water",
      "squishing water",
      "stream burbling",
      "strike lighter",
      "striking bowling",
      "striking pool",
      "subway, metro, underground",
      "swimming",
      "tap dancing",
      "tapping guitar",
      "telephone bell ringing",
      "thunder",
      "toilet flushing",
      "tornado roaring",
      "tractor digging",
      "train horning",
      "train wheels squealing",
      "train whistling",
      "turkey gobbling",
      "typing on computer keyboard",
      "typing on typewriter",
      "underwater bubbling",
      "using sewing machines",
      "vacuum cleaner cleaning floors",
      "vehicle horn, car horn, honking",
      "volcano explosion",
      "warbler chirping",
      "waterfall burbling",
      "whale calling",
      "wind chime",
      "wind noise",
      "wind rustling leaves",
      "wood thrush calling",
      "woodpecker pecking tree",
      "writing on blackboard with chalk",
      "yodelling",
      "zebra braying"
    ],
    "video_dim": 1,
    "motion_dim": 1,
    "audio_dim": 8192
  }
}
{
  "experiment_id": "AF038",
  "finished_at": "2026-06-23 06:49:14",
  "model_type": "standard",
  "best_epoch": 500,
  "best_acc_selection_metric": 0.4362818590704648,
  "final_epoch": 500,
  "final_test_label_gibbs_acc": 0.4362818590704648,
  "full_eval_best_acc": 0.43804184864089696,
  "computed_dims": {
    "input_dim": 8192,
    "label_dim": 1545,
    "hidden_dim": 32768,
    "total_pbits": 42505,
    "num_classes": 309
  },
  "data_dims": {
    "feature_npz": "/home/Hongjie_Zeng/high_order_BM/data_vggsound_full/features/vggsound_full_audio_paperresnet50_seqconcat8192_chunks4_w500_seed123.npz",
    "train_size": 182615,
    "test_size": 15341,
    "num_classes": 309,
    "class_names": [
      "air conditioning noise",
      "air horn",
      "airplane",
      "airplane flyby",
      "alarm clock ringing",
      "alligators, crocodiles hissing",
      "ambulance siren",
      "arc welding",
      "baby babbling",
      "baby crying",
      "baby laughter",
      "baltimore oriole calling",
      "barn swallow calling",
      "basketball bounce",
      "bathroom ventilation fan running",
      "beat boxing",
      "bee, wasp, etc. buzzing",
      "bird chirping, tweeting",
      "bird squawking",
      "bird wings flapping",
      "black capped chickadee calling",
      "blowtorch igniting",
      "bouncing on trampoline",
      "bowling impact",
      "bull bellowing",
      "canary calling",
      "cap gun shooting",
      "car engine idling",
      "car engine knocking",
      "car engine starting",
      "car passing by",
      "cat caterwauling",
      "cat growling",
      "cat hissing",
      "cat meowing",
      "cat purring",
      "cattle mooing",
      "cattle, bovinae cowbell",
      "cell phone buzzing",
      "chainsawing trees",
      "cheetah chirrup",
      "chicken clucking",
      "chicken crowing",
      "child singing",
      "child speech, kid speaking",
      "children shouting",
      "chimpanzee pant-hooting",
      "chinchilla barking",
      "chipmunk chirping",
      "chopping food",
      "chopping wood",
      "church bell ringing",
      "civil defense siren",
      "cow lowing",
      "coyote howling",
      "cricket chirping",
      "crow cawing",
      "cuckoo bird calling",
      "cupboard opening or closing",
      "cutting hair with electric trimmers",
      "dinosaurs bellowing",
      "disc scratching",
      "dog barking",
      "dog baying",
      "dog bow-wow",
      "dog growling",
      "dog howling",
      "dog whimpering",
      "donkey, ass braying",
      "door slamming",
      "driving buses",
      "driving motorcycle",
      "driving snowmobile",
      "duck quacking",
      "eagle screaming",
      "eating with cutlery",
      "electric grinder grinding",
      "electric shaver, electric razor shaving",
      "elephant trumpeting",
      "eletric blender running",
      "elk bugling",
      "engine accelerating, revving, vroom",
      "female singing",
      "female speech, woman speaking",
      "ferret dooking",
      "fire crackling",
      "fire truck siren",
      "fireworks banging",
      "firing cannon",
      "firing muskets",
      "fly, housefly buzzing",
      "foghorn",
      "footsteps on snow",
      "forging swords",
      "fox barking",
      "francolin calling",
      "frog croaking",
      "gibbon howling",
      "goat bleating",
      "golf driving",
      "goose honking",
      "hail",
      "hair dryer drying",
      "hammering nails",
      "heart sounds, heartbeat",
      "hedge trimmer running",
      "helicopter",
      "horse clip-clop",
      "horse neighing",
      "ice cracking",
      "ice cream truck, ice cream van",
      "lathe spinning",
      "lawn mowing",
      "lighting firecrackers",
      "lions growling",
      "lions roaring",
      "lip smacking",
      "machine gun shooting",
      "magpie calling",
      "male singing",
      "male speech, man speaking",
      "metronome",
      "missile launch",
      "mosquito buzzing",
      "motorboat, speedboat acceleration",
      "mouse clicking",
      "mouse pattering",
      "mouse squeaking",
      "mynah bird singing",
      "ocean burbling",
      "opening or closing car doors",
      "opening or closing car electric windows",
      "opening or closing drawers",
      "orchestra",
      "otter growling",
      "owl hooting",
      "parrot talking",
      "penguins braying",
      "people babbling",
      "people battle cry",
      "people belly laughing",
      "people booing",
      "people burping",
      "people cheering",
      "people clapping",
      "people coughing",
      "people crowd",
      "people eating",
      "people eating apple",
      "people eating crisps",
      "people eating noodle",
      "people farting",
      "people finger snapping",
      "people gargling",
      "people giggling",
      "people hiccup",
      "people humming",
      "people marching",
      "people nose blowing",
      "people running",
      "people screaming",
      "people shuffling",
      "people slapping",
      "people slurping",
      "people sneezing",
      "people sniggering",
      "people sobbing",
      "people whispering",
      "people whistling",
      "pheasant crowing",
      "pig oinking",
      "pigeon, dove cooing",
      "planing timber",
      "plastic bottle crushing",
      "playing accordion",
      "playing acoustic guitar",
      "playing badminton",
      "playing bagpipes",
      "playing banjo",
      "playing bass drum",
      "playing bass guitar",
      "playing bassoon",
      "playing bongo",
      "playing bugle",
      "playing castanets",
      "playing cello",
      "playing clarinet",
      "playing congas",
      "playing cornet",
      "playing cymbal",
      "playing darts",
      "playing didgeridoo",
      "playing djembe",
      "playing double bass",
      "playing drum kit",
      "playing electric guitar",
      "playing electronic organ",
      "playing erhu",
      "playing flute",
      "playing french horn",
      "playing glockenspiel",
      "playing gong",
      "playing guiro",
      "playing hammond organ",
      "playing harmonica",
      "playing harp",
      "playing harpsichord",
      "playing hockey",
      "playing lacrosse",
      "playing mandolin",
      "playing marimba, xylophone",
      "playing oboe",
      "playing piano",
      "playing saxophone",
      "playing shofar",
      "playing sitar",
      "playing snare drum",
      "playing squash",
      "playing steel guitar, slide guitar",
      "playing steelpan",
      "playing synthesizer",
      "playing tabla",
      "playing table tennis",
      "playing tambourine",
      "playing tennis",
      "playing theremin",
      "playing timbales",
      "playing timpani",
      "playing trombone",
      "playing trumpet",
      "playing tuning fork",
      "playing tympani",
      "playing ukulele",
      "playing vibraphone",
      "playing violin, fiddle",
      "playing volleyball",
      "playing washboard",
      "playing zither",
      "police car (siren)",
      "police radio chatter",
      "popping popcorn",
      "printer printing",
      "pumping water",
      "race car, auto racing",
      "railroad car, train wagon",
      "raining",
      "rapping",
      "reversing beeps",
      "ripping paper",
      "roller coaster running",
      "rope skipping",
      "rowboat, canoe, kayak rowing",
      "running electric fan",
      "sailing",
      "scuba diving",
      "sea lion barking",
      "sea waves",
      "sharpen knife",
      "sheep bleating",
      "shot football",
      "singing bowl",
      "singing choir",
      "skateboarding",
      "skidding",
      "skiing",
      "sliding door",
      "sloshing water",
      "slot machine",
      "smoke detector beeping",
      "snake hissing",
      "snake rattling",
      "splashing water",
      "spraying water",
      "squishing water",
      "stream burbling",
      "strike lighter",
      "striking bowling",
      "striking pool",
      "subway, metro, underground",
      "swimming",
      "tap dancing",
      "tapping guitar",
      "telephone bell ringing",
      "thunder",
      "toilet flushing",
      "tornado roaring",
      "tractor digging",
      "train horning",
      "train wheels squealing",
      "train whistling",
      "turkey gobbling",
      "typing on computer keyboard",
      "typing on typewriter",
      "underwater bubbling",
      "using sewing machines",
      "vacuum cleaner cleaning floors",
      "vehicle horn, car horn, honking",
      "volcano explosion",
      "warbler chirping",
      "waterfall burbling",
      "whale calling",
      "wind chime",
      "wind noise",
      "wind rustling leaves",
      "wood thrush calling",
      "woodpecker pecking tree",
      "writing on blackboard with chalk",
      "yodelling",
      "zebra braying"
    ],
    "video_dim": 1,
    "motion_dim": 1,
    "audio_dim": 8192
  },
  "out_dir": "/home/Hongjie_Zeng/high_order_BM/runs_vggsound_full_AF038_standard_audio_paperresnet50_seqconcat8192_h4_lc5_e500"
}
