[data] train=182615 test=15341 classes=309 video=4096 motion=1 audio=4096 device=cuda
[model] standard input=4096 label=2472 hidden=32768 total=39336 mode=avg_video_audio
[init] estimating visible bias from training set
[epoch 001] recon_mse=0.03140
[epoch 002] recon_mse=0.02294
[epoch 003] recon_mse=0.01830
[epoch 004] recon_mse=0.01511
[epoch 005] recon_mse=0.01283 quick_test_acc=0.0127 ent=5.5909
[epoch 006] recon_mse=0.01188
[epoch 007] recon_mse=0.01148
[epoch 008] recon_mse=0.01121
[epoch 009] recon_mse=0.01103
[epoch 010] recon_mse=0.01090 quick_test_acc=0.0368 ent=5.5889
[epoch 011] recon_mse=0.01080
[epoch 012] recon_mse=0.01071
[epoch 013] recon_mse=0.01064
[epoch 014] recon_mse=0.01059
[epoch 015] recon_mse=0.01055 quick_test_acc=0.0506 ent=5.5848
[epoch 016] recon_mse=0.01051
[epoch 017] recon_mse=0.01047
[epoch 018] recon_mse=0.01043
[epoch 019] recon_mse=0.01040
[epoch 020] recon_mse=0.01037 quick_test_acc=0.0755 ent=5.5743
[epoch 021] recon_mse=0.01034
[epoch 022] recon_mse=0.01032
[epoch 023] recon_mse=0.01030
[epoch 024] recon_mse=0.01028
[epoch 025] recon_mse=0.01026 quick_test_acc=0.1061 ent=5.5590
[epoch 026] recon_mse=0.01025
[epoch 027] recon_mse=0.01023
[epoch 028] recon_mse=0.01022
[epoch 029] recon_mse=0.01021
[epoch 030] recon_mse=0.01019 quick_test_acc=0.1241 ent=5.5376
[epoch 031] recon_mse=0.01018
[epoch 032] recon_mse=0.01017
[epoch 033] recon_mse=0.01015
[epoch 034] recon_mse=0.01014
[epoch 035] recon_mse=0.01013 quick_test_acc=0.1411 ent=5.5097
[epoch 036] recon_mse=0.01012
[epoch 037] recon_mse=0.01010
[epoch 038] recon_mse=0.01009
[epoch 039] recon_mse=0.01008
[epoch 040] recon_mse=0.01007 quick_test_acc=0.1536 ent=5.4750
[epoch 041] recon_mse=0.01006
[epoch 042] recon_mse=0.01005
[epoch 043] recon_mse=0.01003
[epoch 044] recon_mse=0.01002
[epoch 045] recon_mse=0.01001 quick_test_acc=0.1673 ent=5.4353
[epoch 046] recon_mse=0.01000
[epoch 047] recon_mse=0.00999
[epoch 048] recon_mse=0.00997
[epoch 049] recon_mse=0.00996
[epoch 050] recon_mse=0.00995 quick_test_acc=0.1782 ent=5.3891
[epoch 051] recon_mse=0.00993
[epoch 052] recon_mse=0.00992
[epoch 053] recon_mse=0.00991
[epoch 054] recon_mse=0.00990
[epoch 055] recon_mse=0.00988 quick_test_acc=0.1888 ent=5.3373
[epoch 056] recon_mse=0.00987
[epoch 057] recon_mse=0.00985
[epoch 058] recon_mse=0.00984
[epoch 059] recon_mse=0.00982
[epoch 060] recon_mse=0.00981 quick_test_acc=0.1987 ent=5.2848
[epoch 061] recon_mse=0.00979
[epoch 062] recon_mse=0.00977
[epoch 063] recon_mse=0.00976
[epoch 064] recon_mse=0.00974
[epoch 065] recon_mse=0.00972 quick_test_acc=0.2089 ent=5.2260
[epoch 066] recon_mse=0.00971
[epoch 067] recon_mse=0.00969
[epoch 068] recon_mse=0.00968
[epoch 069] recon_mse=0.00966
[epoch 070] recon_mse=0.00965 quick_test_acc=0.2205 ent=5.1702
[epoch 071] recon_mse=0.00962
[epoch 072] recon_mse=0.00961
[epoch 073] recon_mse=0.00959
[epoch 074] recon_mse=0.00957
[epoch 075] recon_mse=0.00956 quick_test_acc=0.2307 ent=5.1104
[epoch 076] recon_mse=0.00954
[epoch 077] recon_mse=0.00952
[epoch 078] recon_mse=0.00951
[epoch 079] recon_mse=0.00949
[epoch 080] recon_mse=0.00947 quick_test_acc=0.2395 ent=5.0520
[epoch 081] recon_mse=0.00945
[epoch 082] recon_mse=0.00944
[epoch 083] recon_mse=0.00942
[epoch 084] recon_mse=0.00940
[epoch 085] recon_mse=0.00938 quick_test_acc=0.2516 ent=4.9971
[epoch 086] recon_mse=0.00937
[epoch 087] recon_mse=0.00935
[epoch 088] recon_mse=0.00934
[epoch 089] recon_mse=0.00932
[epoch 090] recon_mse=0.00931 quick_test_acc=0.2577 ent=4.9419
[epoch 091] recon_mse=0.00929
[epoch 092] recon_mse=0.00928
[epoch 093] recon_mse=0.00926
[epoch 094] recon_mse=0.00924
[epoch 095] recon_mse=0.00923 quick_test_acc=0.2653 ent=4.8888
[epoch 096] recon_mse=0.00921
[epoch 097] recon_mse=0.00920
[epoch 098] recon_mse=0.00918
[epoch 099] recon_mse=0.00917
[epoch 100] recon_mse=0.00915 quick_test_acc=0.2720 ent=4.8390
[epoch 101] recon_mse=0.00914
[epoch 102] recon_mse=0.00912
[epoch 103] recon_mse=0.00911
[epoch 104] recon_mse=0.00910
[epoch 105] recon_mse=0.00908 quick_test_acc=0.2764 ent=4.7927
[epoch 106] recon_mse=0.00907
[epoch 107] recon_mse=0.00905
[epoch 108] recon_mse=0.00904
[epoch 109] recon_mse=0.00902
[epoch 110] recon_mse=0.00901 quick_test_acc=0.2838 ent=4.7482
[epoch 111] recon_mse=0.00900
[epoch 112] recon_mse=0.00898
[epoch 113] recon_mse=0.00897
[epoch 114] recon_mse=0.00895
[epoch 115] recon_mse=0.00894 quick_test_acc=0.2901 ent=4.7032
[epoch 116] recon_mse=0.00893
[epoch 117] recon_mse=0.00891
[epoch 118] recon_mse=0.00890
[epoch 119] recon_mse=0.00889
[epoch 120] recon_mse=0.00888 quick_test_acc=0.2966 ent=4.6667
[epoch 121] recon_mse=0.00886
[epoch 122] recon_mse=0.00885
[epoch 123] recon_mse=0.00884
[epoch 124] recon_mse=0.00882
[epoch 125] recon_mse=0.00881 quick_test_acc=0.3007 ent=4.6256
[epoch 126] recon_mse=0.00879
[epoch 127] recon_mse=0.00879
[epoch 128] recon_mse=0.00877
[epoch 129] recon_mse=0.00876
[epoch 130] recon_mse=0.00875 quick_test_acc=0.3055 ent=4.5865
[epoch 131] recon_mse=0.00873
[epoch 132] recon_mse=0.00873
[epoch 133] recon_mse=0.00871
[epoch 134] recon_mse=0.00870
[epoch 135] recon_mse=0.00869 quick_test_acc=0.3114 ent=4.5599
[epoch 136] recon_mse=0.00868
[epoch 137] recon_mse=0.00866
[epoch 138] recon_mse=0.00865
[epoch 139] recon_mse=0.00864
[epoch 140] recon_mse=0.00863 quick_test_acc=0.3171 ent=4.5234
[epoch 141] recon_mse=0.00862
[epoch 142] recon_mse=0.00861
[epoch 143] recon_mse=0.00860
[epoch 144] recon_mse=0.00858
[epoch 145] recon_mse=0.00857 quick_test_acc=0.3217 ent=4.4909
[epoch 146] recon_mse=0.00856
[epoch 147] recon_mse=0.00855
[epoch 148] recon_mse=0.00854
[epoch 149] recon_mse=0.00853
[epoch 150] recon_mse=0.00852 quick_test_acc=0.3258 ent=4.4585
[epoch 151] recon_mse=0.00851
[epoch 152] recon_mse=0.00850
[epoch 153] recon_mse=0.00849
[epoch 154] recon_mse=0.00848
[epoch 155] recon_mse=0.00847 quick_test_acc=0.3298 ent=4.4329
[epoch 156] recon_mse=0.00846
[epoch 157] recon_mse=0.00845
[epoch 158] recon_mse=0.00844
[epoch 159] recon_mse=0.00843
[epoch 160] recon_mse=0.00842 quick_test_acc=0.3345 ent=4.4046
[epoch 161] recon_mse=0.00841
[epoch 162] recon_mse=0.00840
[epoch 163] recon_mse=0.00839
[epoch 164] recon_mse=0.00839
[epoch 165] recon_mse=0.00838 quick_test_acc=0.3363 ent=4.3714
[epoch 166] recon_mse=0.00837
[epoch 167] recon_mse=0.00836
[epoch 168] recon_mse=0.00835
[epoch 169] recon_mse=0.00834
[epoch 170] recon_mse=0.00833 quick_test_acc=0.3392 ent=4.3464
[epoch 171] recon_mse=0.00832
[epoch 172] recon_mse=0.00831
[epoch 173] recon_mse=0.00831
[epoch 174] recon_mse=0.00830
[epoch 175] recon_mse=0.00829 quick_test_acc=0.3450 ent=4.3318
[epoch 176] recon_mse=0.00828
[epoch 177] recon_mse=0.00827
[epoch 178] recon_mse=0.00827
[epoch 179] recon_mse=0.00825
[epoch 180] recon_mse=0.00825 quick_test_acc=0.3482 ent=4.2972
[epoch 181] recon_mse=0.00824
[epoch 182] recon_mse=0.00823
[epoch 183] recon_mse=0.00823
[epoch 184] recon_mse=0.00822
[epoch 185] recon_mse=0.00821 quick_test_acc=0.3515 ent=4.2725
[epoch 186] recon_mse=0.00820
[epoch 187] recon_mse=0.00819
[epoch 188] recon_mse=0.00819
[epoch 189] recon_mse=0.00818
[epoch 190] recon_mse=0.00817 quick_test_acc=0.3554 ent=4.2525
[epoch 191] recon_mse=0.00816
[epoch 192] recon_mse=0.00816
[epoch 193] recon_mse=0.00815
[epoch 194] recon_mse=0.00814
[epoch 195] recon_mse=0.00813 quick_test_acc=0.3593 ent=4.2356
[epoch 196] recon_mse=0.00813
[epoch 197] recon_mse=0.00812
[epoch 198] recon_mse=0.00812
[epoch 199] recon_mse=0.00811
[epoch 200] recon_mse=0.00810 quick_test_acc=0.3613 ent=4.2223
[epoch 201] recon_mse=0.00809
[epoch 202] recon_mse=0.00809
[epoch 203] recon_mse=0.00808
[epoch 204] recon_mse=0.00808
[epoch 205] recon_mse=0.00807 quick_test_acc=0.3641 ent=4.1945
[epoch 206] recon_mse=0.00806
[epoch 207] recon_mse=0.00805
[epoch 208] recon_mse=0.00805
[epoch 209] recon_mse=0.00804
[epoch 210] recon_mse=0.00804 quick_test_acc=0.3685 ent=4.1706
[epoch 211] recon_mse=0.00803
[epoch 212] recon_mse=0.00802
[epoch 213] recon_mse=0.00801
[epoch 214] recon_mse=0.00801
[epoch 215] recon_mse=0.00800 quick_test_acc=0.3686 ent=4.1623
[epoch 216] recon_mse=0.00800
[epoch 217] recon_mse=0.00799
[epoch 218] recon_mse=0.00799
[epoch 219] recon_mse=0.00798
[epoch 220] recon_mse=0.00797 quick_test_acc=0.3718 ent=4.1479
[epoch 221] recon_mse=0.00797
[epoch 222] recon_mse=0.00796
[epoch 223] recon_mse=0.00796
[epoch 224] recon_mse=0.00795
[epoch 225] recon_mse=0.00794 quick_test_acc=0.3758 ent=4.1235
[epoch 226] recon_mse=0.00794
[epoch 227] recon_mse=0.00793
[epoch 228] recon_mse=0.00793
[epoch 229] recon_mse=0.00792
[epoch 230] recon_mse=0.00792 quick_test_acc=0.3766 ent=4.1122
[epoch 231] recon_mse=0.00791
[epoch 232] recon_mse=0.00790
[epoch 233] recon_mse=0.00790
[epoch 234] recon_mse=0.00789
[epoch 235] recon_mse=0.00789 quick_test_acc=0.3785 ent=4.0917
[epoch 236] recon_mse=0.00788
[epoch 237] recon_mse=0.00788
[epoch 238] recon_mse=0.00787
[epoch 239] recon_mse=0.00787
[epoch 240] recon_mse=0.00786 quick_test_acc=0.3802 ent=4.0803
[epoch 241] recon_mse=0.00786
[epoch 242] recon_mse=0.00785
[epoch 243] recon_mse=0.00785
[epoch 244] recon_mse=0.00784
[epoch 245] recon_mse=0.00784 quick_test_acc=0.3819 ent=4.0468
[epoch 246] recon_mse=0.00783
[epoch 247] recon_mse=0.00783
[epoch 248] recon_mse=0.00782
[epoch 249] recon_mse=0.00782
[epoch 250] recon_mse=0.00781 quick_test_acc=0.3841 ent=4.0477
[epoch 251] recon_mse=0.00781
[epoch 252] recon_mse=0.00780
[epoch 253] recon_mse=0.00780
[epoch 254] recon_mse=0.00779
[epoch 255] recon_mse=0.00779 quick_test_acc=0.3865 ent=4.0391
[epoch 256] recon_mse=0.00778
[epoch 257] recon_mse=0.00778
[epoch 258] recon_mse=0.00777
[epoch 259] recon_mse=0.00777
[epoch 260] recon_mse=0.00777 quick_test_acc=0.3879 ent=4.0219
[epoch 261] recon_mse=0.00776
[epoch 262] recon_mse=0.00776
[epoch 263] recon_mse=0.00775
[epoch 264] recon_mse=0.00775
[epoch 265] recon_mse=0.00774 quick_test_acc=0.3902 ent=4.0067
[epoch 266] recon_mse=0.00774
[epoch 267] recon_mse=0.00774
[epoch 268] recon_mse=0.00773
[epoch 269] recon_mse=0.00773
[epoch 270] recon_mse=0.00772 quick_test_acc=0.3929 ent=4.0002
[epoch 271] recon_mse=0.00772
[epoch 272] recon_mse=0.00771
[epoch 273] recon_mse=0.00771
[epoch 274] recon_mse=0.00771
[epoch 275] recon_mse=0.00770 quick_test_acc=0.3938 ent=3.9870
[epoch 276] recon_mse=0.00770
[epoch 277] recon_mse=0.00769
[epoch 278] recon_mse=0.00769
[epoch 279] recon_mse=0.00768
[epoch 280] recon_mse=0.00768 quick_test_acc=0.3940 ent=3.9715
[epoch 281] recon_mse=0.00768
[epoch 282] recon_mse=0.00767
[epoch 283] recon_mse=0.00767
[epoch 284] recon_mse=0.00767
[epoch 285] recon_mse=0.00766 quick_test_acc=0.3969 ent=3.9690
[epoch 286] recon_mse=0.00766
[epoch 287] recon_mse=0.00766
[epoch 288] recon_mse=0.00765
[epoch 289] recon_mse=0.00765
[epoch 290] recon_mse=0.00764 quick_test_acc=0.3977 ent=3.9538
[epoch 291] recon_mse=0.00764
[epoch 292] recon_mse=0.00764
[epoch 293] recon_mse=0.00763
[epoch 294] recon_mse=0.00763
[epoch 295] recon_mse=0.00763 quick_test_acc=0.4002 ent=3.9514
[epoch 296] recon_mse=0.00762
[epoch 297] recon_mse=0.00762
[epoch 298] recon_mse=0.00761
[epoch 299] recon_mse=0.00761
[epoch 300] recon_mse=0.00761 quick_test_acc=0.4000 ent=3.9315
[epoch 301] recon_mse=0.00760
[epoch 302] recon_mse=0.00760
[epoch 303] recon_mse=0.00760
[epoch 304] recon_mse=0.00760
[epoch 305] recon_mse=0.00759 quick_test_acc=0.4019 ent=3.9357
[epoch 306] recon_mse=0.00759
[epoch 307] recon_mse=0.00759
[epoch 308] recon_mse=0.00758
[epoch 309] recon_mse=0.00758
[epoch 310] recon_mse=0.00757 quick_test_acc=0.4043 ent=3.9210
[epoch 311] recon_mse=0.00758
[epoch 312] recon_mse=0.00757
[epoch 313] recon_mse=0.00757
[epoch 314] recon_mse=0.00756
[epoch 315] recon_mse=0.00756 quick_test_acc=0.4043 ent=3.9158
[epoch 316] recon_mse=0.00756
[epoch 317] recon_mse=0.00755
[epoch 318] recon_mse=0.00755
[epoch 319] recon_mse=0.00755
[epoch 320] recon_mse=0.00755 quick_test_acc=0.4048 ent=3.8932
[full_eval_best] {
  "created_at": "2026-06-23 08:47:22",
  "ckpt": "/home/Hongjie_Zeng/high_order_BM/runs_vggsound_full_WP005_avg_videolstm_audiocnnlstm_h8_lc8_e320/best.pt",
  "ckpt_epoch": 320,
  "ckpt_best_acc": 0.4047976011994003,
  "eval_steps": 3000,
  "eval_burn_in": 500,
  "eval_thin": 2,
  "test_label_gibbs_acc": 0.4066227755687374,
  "test_label_entropy": 3.8096382836500804,
  "computed_dims": {
    "input_dim": 4096,
    "label_dim": 2472,
    "hidden_dim": 32768,
    "total_pbits": 39336,
    "num_classes": 309
  },
  "data_dims": {
    "feature_npz": "/home/Hongjie_Zeng/high_order_BM/data_vggsound_full/features/vggsound_full_aligned_videolstm4096_audiocnnlstm4096_seed123.npz",
    "train_size": 182615,
    "test_size": 15341,
    "num_classes": 309,
    "class_names": [
      "air conditioning noise",
      "air horn",
      "airplane",
      "airplane flyby",
      "alarm clock ringing",
      "alligators, crocodiles hissing",
      "ambulance siren",
      "arc welding",
      "baby babbling",
      "baby crying",
      "baby laughter",
      "baltimore oriole calling",
      "barn swallow calling",
      "basketball bounce",
      "bathroom ventilation fan running",
      "beat boxing",
      "bee, wasp, etc. buzzing",
      "bird chirping, tweeting",
      "bird squawking",
      "bird wings flapping",
      "black capped chickadee calling",
      "blowtorch igniting",
      "bouncing on trampoline",
      "bowling impact",
      "bull bellowing",
      "canary calling",
      "cap gun shooting",
      "car engine idling",
      "car engine knocking",
      "car engine starting",
      "car passing by",
      "cat caterwauling",
      "cat growling",
      "cat hissing",
      "cat meowing",
      "cat purring",
      "cattle mooing",
      "cattle, bovinae cowbell",
      "cell phone buzzing",
      "chainsawing trees",
      "cheetah chirrup",
      "chicken clucking",
      "chicken crowing",
      "child singing",
      "child speech, kid speaking",
      "children shouting",
      "chimpanzee pant-hooting",
      "chinchilla barking",
      "chipmunk chirping",
      "chopping food",
      "chopping wood",
      "church bell ringing",
      "civil defense siren",
      "cow lowing",
      "coyote howling",
      "cricket chirping",
      "crow cawing",
      "cuckoo bird calling",
      "cupboard opening or closing",
      "cutting hair with electric trimmers",
      "dinosaurs bellowing",
      "disc scratching",
      "dog barking",
      "dog baying",
      "dog bow-wow",
      "dog growling",
      "dog howling",
      "dog whimpering",
      "donkey, ass braying",
      "door slamming",
      "driving buses",
      "driving motorcycle",
      "driving snowmobile",
      "duck quacking",
      "eagle screaming",
      "eating with cutlery",
      "electric grinder grinding",
      "electric shaver, electric razor shaving",
      "elephant trumpeting",
      "eletric blender running",
      "elk bugling",
      "engine accelerating, revving, vroom",
      "female singing",
      "female speech, woman speaking",
      "ferret dooking",
      "fire crackling",
      "fire truck siren",
      "fireworks banging",
      "firing cannon",
      "firing muskets",
      "fly, housefly buzzing",
      "foghorn",
      "footsteps on snow",
      "forging swords",
      "fox barking",
      "francolin calling",
      "frog croaking",
      "gibbon howling",
      "goat bleating",
      "golf driving",
      "goose honking",
      "hail",
      "hair dryer drying",
      "hammering nails",
      "heart sounds, heartbeat",
      "hedge trimmer running",
      "helicopter",
      "horse clip-clop",
      "horse neighing",
      "ice cracking",
      "ice cream truck, ice cream van",
      "lathe spinning",
      "lawn mowing",
      "lighting firecrackers",
      "lions growling",
      "lions roaring",
      "lip smacking",
      "machine gun shooting",
      "magpie calling",
      "male singing",
      "male speech, man speaking",
      "metronome",
      "missile launch",
      "mosquito buzzing",
      "motorboat, speedboat acceleration",
      "mouse clicking",
      "mouse pattering",
      "mouse squeaking",
      "mynah bird singing",
      "ocean burbling",
      "opening or closing car doors",
      "opening or closing car electric windows",
      "opening or closing drawers",
      "orchestra",
      "otter growling",
      "owl hooting",
      "parrot talking",
      "penguins braying",
      "people babbling",
      "people battle cry",
      "people belly laughing",
      "people booing",
      "people burping",
      "people cheering",
      "people clapping",
      "people coughing",
      "people crowd",
      "people eating",
      "people eating apple",
      "people eating crisps",
      "people eating noodle",
      "people farting",
      "people finger snapping",
      "people gargling",
      "people giggling",
      "people hiccup",
      "people humming",
      "people marching",
      "people nose blowing",
      "people running",
      "people screaming",
      "people shuffling",
      "people slapping",
      "people slurping",
      "people sneezing",
      "people sniggering",
      "people sobbing",
      "people whispering",
      "people whistling",
      "pheasant crowing",
      "pig oinking",
      "pigeon, dove cooing",
      "planing timber",
      "plastic bottle crushing",
      "playing accordion",
      "playing acoustic guitar",
      "playing badminton",
      "playing bagpipes",
      "playing banjo",
      "playing bass drum",
      "playing bass guitar",
      "playing bassoon",
      "playing bongo",
      "playing bugle",
      "playing castanets",
      "playing cello",
      "playing clarinet",
      "playing congas",
      "playing cornet",
      "playing cymbal",
      "playing darts",
      "playing didgeridoo",
      "playing djembe",
      "playing double bass",
      "playing drum kit",
      "playing electric guitar",
      "playing electronic organ",
      "playing erhu",
      "playing flute",
      "playing french horn",
      "playing glockenspiel",
      "playing gong",
      "playing guiro",
      "playing hammond organ",
      "playing harmonica",
      "playing harp",
      "playing harpsichord",
      "playing hockey",
      "playing lacrosse",
      "playing mandolin",
      "playing marimba, xylophone",
      "playing oboe",
      "playing piano",
      "playing saxophone",
      "playing shofar",
      "playing sitar",
      "playing snare drum",
      "playing squash",
      "playing steel guitar, slide guitar",
      "playing steelpan",
      "playing synthesizer",
      "playing tabla",
      "playing table tennis",
      "playing tambourine",
      "playing tennis",
      "playing theremin",
      "playing timbales",
      "playing timpani",
      "playing trombone",
      "playing trumpet",
      "playing tuning fork",
      "playing tympani",
      "playing ukulele",
      "playing vibraphone",
      "playing violin, fiddle",
      "playing volleyball",
      "playing washboard",
      "playing zither",
      "police car (siren)",
      "police radio chatter",
      "popping popcorn",
      "printer printing",
      "pumping water",
      "race car, auto racing",
      "railroad car, train wagon",
      "raining",
      "rapping",
      "reversing beeps",
      "ripping paper",
      "roller coaster running",
      "rope skipping",
      "rowboat, canoe, kayak rowing",
      "running electric fan",
      "sailing",
      "scuba diving",
      "sea lion barking",
      "sea waves",
      "sharpen knife",
      "sheep bleating",
      "shot football",
      "singing bowl",
      "singing choir",
      "skateboarding",
      "skidding",
      "skiing",
      "sliding door",
      "sloshing water",
      "slot machine",
      "smoke detector beeping",
      "snake hissing",
      "snake rattling",
      "splashing water",
      "spraying water",
      "squishing water",
      "stream burbling",
      "strike lighter",
      "striking bowling",
      "striking pool",
      "subway, metro, underground",
      "swimming",
      "tap dancing",
      "tapping guitar",
      "telephone bell ringing",
      "thunder",
      "toilet flushing",
      "tornado roaring",
      "tractor digging",
      "train horning",
      "train wheels squealing",
      "train whistling",
      "turkey gobbling",
      "typing on computer keyboard",
      "typing on typewriter",
      "underwater bubbling",
      "using sewing machines",
      "vacuum cleaner cleaning floors",
      "vehicle horn, car horn, honking",
      "volcano explosion",
      "warbler chirping",
      "waterfall burbling",
      "whale calling",
      "wind chime",
      "wind noise",
      "wind rustling leaves",
      "wood thrush calling",
      "woodpecker pecking tree",
      "writing on blackboard with chalk",
      "yodelling",
      "zebra braying"
    ],
    "video_dim": 4096,
    "motion_dim": 1,
    "audio_dim": 4096
  }
}
{
  "experiment_id": "WP005",
  "finished_at": "2026-06-23 08:47:22",
  "model_type": "standard",
  "best_epoch": 320,
  "best_acc_selection_metric": 0.4047976011994003,
  "final_epoch": 320,
  "final_test_label_gibbs_acc": 0.4047976011994003,
  "full_eval_best_acc": 0.4066227755687374,
  "computed_dims": {
    "input_dim": 4096,
    "label_dim": 2472,
    "hidden_dim": 32768,
    "total_pbits": 39336,
    "num_classes": 309
  },
  "data_dims": {
    "feature_npz": "/home/Hongjie_Zeng/high_order_BM/data_vggsound_full/features/vggsound_full_aligned_videolstm4096_audiocnnlstm4096_seed123.npz",
    "train_size": 182615,
    "test_size": 15341,
    "num_classes": 309,
    "class_names": [
      "air conditioning noise",
      "air horn",
      "airplane",
      "airplane flyby",
      "alarm clock ringing",
      "alligators, crocodiles hissing",
      "ambulance siren",
      "arc welding",
      "baby babbling",
      "baby crying",
      "baby laughter",
      "baltimore oriole calling",
      "barn swallow calling",
      "basketball bounce",
      "bathroom ventilation fan running",
      "beat boxing",
      "bee, wasp, etc. buzzing",
      "bird chirping, tweeting",
      "bird squawking",
      "bird wings flapping",
      "black capped chickadee calling",
      "blowtorch igniting",
      "bouncing on trampoline",
      "bowling impact",
      "bull bellowing",
      "canary calling",
      "cap gun shooting",
      "car engine idling",
      "car engine knocking",
      "car engine starting",
      "car passing by",
      "cat caterwauling",
      "cat growling",
      "cat hissing",
      "cat meowing",
      "cat purring",
      "cattle mooing",
      "cattle, bovinae cowbell",
      "cell phone buzzing",
      "chainsawing trees",
      "cheetah chirrup",
      "chicken clucking",
      "chicken crowing",
      "child singing",
      "child speech, kid speaking",
      "children shouting",
      "chimpanzee pant-hooting",
      "chinchilla barking",
      "chipmunk chirping",
      "chopping food",
      "chopping wood",
      "church bell ringing",
      "civil defense siren",
      "cow lowing",
      "coyote howling",
      "cricket chirping",
      "crow cawing",
      "cuckoo bird calling",
      "cupboard opening or closing",
      "cutting hair with electric trimmers",
      "dinosaurs bellowing",
      "disc scratching",
      "dog barking",
      "dog baying",
      "dog bow-wow",
      "dog growling",
      "dog howling",
      "dog whimpering",
      "donkey, ass braying",
      "door slamming",
      "driving buses",
      "driving motorcycle",
      "driving snowmobile",
      "duck quacking",
      "eagle screaming",
      "eating with cutlery",
      "electric grinder grinding",
      "electric shaver, electric razor shaving",
      "elephant trumpeting",
      "eletric blender running",
      "elk bugling",
      "engine accelerating, revving, vroom",
      "female singing",
      "female speech, woman speaking",
      "ferret dooking",
      "fire crackling",
      "fire truck siren",
      "fireworks banging",
      "firing cannon",
      "firing muskets",
      "fly, housefly buzzing",
      "foghorn",
      "footsteps on snow",
      "forging swords",
      "fox barking",
      "francolin calling",
      "frog croaking",
      "gibbon howling",
      "goat bleating",
      "golf driving",
      "goose honking",
      "hail",
      "hair dryer drying",
      "hammering nails",
      "heart sounds, heartbeat",
      "hedge trimmer running",
      "helicopter",
      "horse clip-clop",
      "horse neighing",
      "ice cracking",
      "ice cream truck, ice cream van",
      "lathe spinning",
      "lawn mowing",
      "lighting firecrackers",
      "lions growling",
      "lions roaring",
      "lip smacking",
      "machine gun shooting",
      "magpie calling",
      "male singing",
      "male speech, man speaking",
      "metronome",
      "missile launch",
      "mosquito buzzing",
      "motorboat, speedboat acceleration",
      "mouse clicking",
      "mouse pattering",
      "mouse squeaking",
      "mynah bird singing",
      "ocean burbling",
      "opening or closing car doors",
      "opening or closing car electric windows",
      "opening or closing drawers",
      "orchestra",
      "otter growling",
      "owl hooting",
      "parrot talking",
      "penguins braying",
      "people babbling",
      "people battle cry",
      "people belly laughing",
      "people booing",
      "people burping",
      "people cheering",
      "people clapping",
      "people coughing",
      "people crowd",
      "people eating",
      "people eating apple",
      "people eating crisps",
      "people eating noodle",
      "people farting",
      "people finger snapping",
      "people gargling",
      "people giggling",
      "people hiccup",
      "people humming",
      "people marching",
      "people nose blowing",
      "people running",
      "people screaming",
      "people shuffling",
      "people slapping",
      "people slurping",
      "people sneezing",
      "people sniggering",
      "people sobbing",
      "people whispering",
      "people whistling",
      "pheasant crowing",
      "pig oinking",
      "pigeon, dove cooing",
      "planing timber",
      "plastic bottle crushing",
      "playing accordion",
      "playing acoustic guitar",
      "playing badminton",
      "playing bagpipes",
      "playing banjo",
      "playing bass drum",
      "playing bass guitar",
      "playing bassoon",
      "playing bongo",
      "playing bugle",
      "playing castanets",
      "playing cello",
      "playing clarinet",
      "playing congas",
      "playing cornet",
      "playing cymbal",
      "playing darts",
      "playing didgeridoo",
      "playing djembe",
      "playing double bass",
      "playing drum kit",
      "playing electric guitar",
      "playing electronic organ",
      "playing erhu",
      "playing flute",
      "playing french horn",
      "playing glockenspiel",
      "playing gong",
      "playing guiro",
      "playing hammond organ",
      "playing harmonica",
      "playing harp",
      "playing harpsichord",
      "playing hockey",
      "playing lacrosse",
      "playing mandolin",
      "playing marimba, xylophone",
      "playing oboe",
      "playing piano",
      "playing saxophone",
      "playing shofar",
      "playing sitar",
      "playing snare drum",
      "playing squash",
      "playing steel guitar, slide guitar",
      "playing steelpan",
      "playing synthesizer",
      "playing tabla",
      "playing table tennis",
      "playing tambourine",
      "playing tennis",
      "playing theremin",
      "playing timbales",
      "playing timpani",
      "playing trombone",
      "playing trumpet",
      "playing tuning fork",
      "playing tympani",
      "playing ukulele",
      "playing vibraphone",
      "playing violin, fiddle",
      "playing volleyball",
      "playing washboard",
      "playing zither",
      "police car (siren)",
      "police radio chatter",
      "popping popcorn",
      "printer printing",
      "pumping water",
      "race car, auto racing",
      "railroad car, train wagon",
      "raining",
      "rapping",
      "reversing beeps",
      "ripping paper",
      "roller coaster running",
      "rope skipping",
      "rowboat, canoe, kayak rowing",
      "running electric fan",
      "sailing",
      "scuba diving",
      "sea lion barking",
      "sea waves",
      "sharpen knife",
      "sheep bleating",
      "shot football",
      "singing bowl",
      "singing choir",
      "skateboarding",
      "skidding",
      "skiing",
      "sliding door",
      "sloshing water",
      "slot machine",
      "smoke detector beeping",
      "snake hissing",
      "snake rattling",
      "splashing water",
      "spraying water",
      "squishing water",
      "stream burbling",
      "strike lighter",
      "striking bowling",
      "striking pool",
      "subway, metro, underground",
      "swimming",
      "tap dancing",
      "tapping guitar",
      "telephone bell ringing",
      "thunder",
      "toilet flushing",
      "tornado roaring",
      "tractor digging",
      "train horning",
      "train wheels squealing",
      "train whistling",
      "turkey gobbling",
      "typing on computer keyboard",
      "typing on typewriter",
      "underwater bubbling",
      "using sewing machines",
      "vacuum cleaner cleaning floors",
      "vehicle horn, car horn, honking",
      "volcano explosion",
      "warbler chirping",
      "waterfall burbling",
      "whale calling",
      "wind chime",
      "wind noise",
      "wind rustling leaves",
      "wood thrush calling",
      "woodpecker pecking tree",
      "writing on blackboard with chalk",
      "yodelling",
      "zebra braying"
    ],
    "video_dim": 4096,
    "motion_dim": 1,
    "audio_dim": 4096
  },
  "out_dir": "/home/Hongjie_Zeng/high_order_BM/runs_vggsound_full_WP005_avg_videolstm_audiocnnlstm_h8_lc8_e320"
}
