[data] train=182615 test=15341 classes=309 video=1 motion=1 audio=6144 device=cuda
[model] standard input=6144 label=1545 hidden=36864 total=44553 mode=audio
[init] estimating visible bias from training set
[epoch 001] recon_mse=0.04663
[epoch 002] recon_mse=0.03121
[epoch 003] recon_mse=0.02671
[epoch 004] recon_mse=0.02469
[epoch 005] recon_mse=0.02330 quick_test_acc=0.1731 ent=5.5790
[epoch 006] recon_mse=0.02246
[epoch 007] recon_mse=0.02188
[epoch 008] recon_mse=0.02140
[epoch 009] recon_mse=0.02102
[epoch 010] recon_mse=0.02069 quick_test_acc=0.2309 ent=5.5061
[epoch 011] recon_mse=0.02040
[epoch 012] recon_mse=0.02014
[epoch 013] recon_mse=0.01990
[epoch 014] recon_mse=0.01966
[epoch 015] recon_mse=0.01945 quick_test_acc=0.2683 ent=5.3505
[epoch 016] recon_mse=0.01925
[epoch 017] recon_mse=0.01906
[epoch 018] recon_mse=0.01887
[epoch 019] recon_mse=0.01869
[epoch 020] recon_mse=0.01852 quick_test_acc=0.3002 ent=5.1350
[epoch 021] recon_mse=0.01835
[epoch 022] recon_mse=0.01819
[epoch 023] recon_mse=0.01804
[epoch 024] recon_mse=0.01790
[epoch 025] recon_mse=0.01777 quick_test_acc=0.3254 ent=4.9288
[epoch 026] recon_mse=0.01763
[epoch 027] recon_mse=0.01751
[epoch 028] recon_mse=0.01739
[epoch 029] recon_mse=0.01728
[epoch 030] recon_mse=0.01717 quick_test_acc=0.3453 ent=4.7442
[epoch 031] recon_mse=0.01707
[epoch 032] recon_mse=0.01697
[epoch 033] recon_mse=0.01688
[epoch 034] recon_mse=0.01679
[epoch 035] recon_mse=0.01670 quick_test_acc=0.3659 ent=4.5913
[epoch 036] recon_mse=0.01661
[epoch 037] recon_mse=0.01653
[epoch 038] recon_mse=0.01646
[epoch 039] recon_mse=0.01638
[epoch 040] recon_mse=0.01631 quick_test_acc=0.3777 ent=4.4596
[epoch 041] recon_mse=0.01624
[epoch 042] recon_mse=0.01617
[epoch 043] recon_mse=0.01611
[epoch 044] recon_mse=0.01605
[epoch 045] recon_mse=0.01599 quick_test_acc=0.3878 ent=4.3302
[epoch 046] recon_mse=0.01593
[epoch 047] recon_mse=0.01587
[epoch 048] recon_mse=0.01581
[epoch 049] recon_mse=0.01576
[epoch 050] recon_mse=0.01571 quick_test_acc=0.3975 ent=4.2309
[epoch 051] recon_mse=0.01566
[epoch 052] recon_mse=0.01561
[epoch 053] recon_mse=0.01557
[epoch 054] recon_mse=0.01552
[epoch 055] recon_mse=0.01547 quick_test_acc=0.4060 ent=4.1393
[epoch 056] recon_mse=0.01542
[epoch 057] recon_mse=0.01539
[epoch 058] recon_mse=0.01535
[epoch 059] recon_mse=0.01531
[epoch 060] recon_mse=0.01527 quick_test_acc=0.4102 ent=4.0520
[epoch 061] recon_mse=0.01523
[epoch 062] recon_mse=0.01520
[epoch 063] recon_mse=0.01516
[epoch 064] recon_mse=0.01513
[epoch 065] recon_mse=0.01509 quick_test_acc=0.4158 ent=3.9732
[epoch 066] recon_mse=0.01506
[epoch 067] recon_mse=0.01503
[epoch 068] recon_mse=0.01500
[epoch 069] recon_mse=0.01496
[epoch 070] recon_mse=0.01494 quick_test_acc=0.4208 ent=3.9103
[epoch 071] recon_mse=0.01491
[epoch 072] recon_mse=0.01488
[epoch 073] recon_mse=0.01485
[epoch 074] recon_mse=0.01482
[epoch 075] recon_mse=0.01479 quick_test_acc=0.4250 ent=3.8440
[epoch 076] recon_mse=0.01477
[epoch 077] recon_mse=0.01474
[epoch 078] recon_mse=0.01472
[epoch 079] recon_mse=0.01469
[epoch 080] recon_mse=0.01467 quick_test_acc=0.4290 ent=3.7937
[epoch 081] recon_mse=0.01464
[epoch 082] recon_mse=0.01462
[epoch 083] recon_mse=0.01460
[epoch 084] recon_mse=0.01458
[epoch 085] recon_mse=0.01456 quick_test_acc=0.4345 ent=3.7336
[epoch 086] recon_mse=0.01454
[epoch 087] recon_mse=0.01451
[epoch 088] recon_mse=0.01449
[epoch 089] recon_mse=0.01448
[epoch 090] recon_mse=0.01445 quick_test_acc=0.4373 ent=3.6920
[epoch 091] recon_mse=0.01444
[epoch 092] recon_mse=0.01442
[epoch 093] recon_mse=0.01440
[epoch 094] recon_mse=0.01438
[epoch 095] recon_mse=0.01436 quick_test_acc=0.4418 ent=3.6482
[epoch 096] recon_mse=0.01434
[epoch 097] recon_mse=0.01432
[epoch 098] recon_mse=0.01431
[epoch 099] recon_mse=0.01429
[epoch 100] recon_mse=0.01427 quick_test_acc=0.4450 ent=3.6020
[epoch 101] recon_mse=0.01426
[epoch 102] recon_mse=0.01424
[epoch 103] recon_mse=0.01423
[epoch 104] recon_mse=0.01421
[epoch 105] recon_mse=0.01419 quick_test_acc=0.4481 ent=3.5690
[epoch 106] recon_mse=0.01418
[epoch 107] recon_mse=0.01417
[epoch 108] recon_mse=0.01415
[epoch 109] recon_mse=0.01413
[epoch 110] recon_mse=0.01412 quick_test_acc=0.4506 ent=3.5314
[epoch 111] recon_mse=0.01410
[epoch 112] recon_mse=0.01409
[epoch 113] recon_mse=0.01407
[epoch 114] recon_mse=0.01407
[epoch 115] recon_mse=0.01405 quick_test_acc=0.4532 ent=3.4926
[epoch 116] recon_mse=0.01404
[epoch 117] recon_mse=0.01403
[epoch 118] recon_mse=0.01401
[epoch 119] recon_mse=0.01400
[epoch 120] recon_mse=0.01399 quick_test_acc=0.4567 ent=3.4649
[epoch 121] recon_mse=0.01397
[epoch 122] recon_mse=0.01396
[epoch 123] recon_mse=0.01395
[epoch 124] recon_mse=0.01394
[epoch 125] recon_mse=0.01392 quick_test_acc=0.4601 ent=3.4304
[epoch 126] recon_mse=0.01391
[epoch 127] recon_mse=0.01390
[epoch 128] recon_mse=0.01389
[epoch 129] recon_mse=0.01388
[epoch 130] recon_mse=0.01387 quick_test_acc=0.4626 ent=3.3993
[epoch 131] recon_mse=0.01386
[epoch 132] recon_mse=0.01385
[epoch 133] recon_mse=0.01384
[epoch 134] recon_mse=0.01382
[epoch 135] recon_mse=0.01381 quick_test_acc=0.4647 ent=3.3710
[epoch 136] recon_mse=0.01380
[epoch 137] recon_mse=0.01379
[epoch 138] recon_mse=0.01378
[epoch 139] recon_mse=0.01377
[epoch 140] recon_mse=0.01376 quick_test_acc=0.4669 ent=3.3377
[epoch 141] recon_mse=0.01375
[epoch 142] recon_mse=0.01374
[epoch 143] recon_mse=0.01373
[epoch 144] recon_mse=0.01372
[epoch 145] recon_mse=0.01371 quick_test_acc=0.4689 ent=3.3190
[epoch 146] recon_mse=0.01371
[epoch 147] recon_mse=0.01369
[epoch 148] recon_mse=0.01368
[epoch 149] recon_mse=0.01368
[epoch 150] recon_mse=0.01366 quick_test_acc=0.4708 ent=3.2911
[epoch 151] recon_mse=0.01366
[epoch 152] recon_mse=0.01365
[epoch 153] recon_mse=0.01364
[epoch 154] recon_mse=0.01363
[epoch 155] recon_mse=0.01362 quick_test_acc=0.4738 ent=3.2710
[epoch 156] recon_mse=0.01362
[epoch 157] recon_mse=0.01361
[epoch 158] recon_mse=0.01360
[epoch 159] recon_mse=0.01359
[epoch 160] recon_mse=0.01358 quick_test_acc=0.4751 ent=3.2475
[epoch 161] recon_mse=0.01357
[epoch 162] recon_mse=0.01356
[epoch 163] recon_mse=0.01356
[epoch 164] recon_mse=0.01355
[epoch 165] recon_mse=0.01355 quick_test_acc=0.4764 ent=3.2217
[epoch 166] recon_mse=0.01353
[epoch 167] recon_mse=0.01353
[epoch 168] recon_mse=0.01352
[epoch 169] recon_mse=0.01351
[epoch 170] recon_mse=0.01350 quick_test_acc=0.4783 ent=3.2013
[epoch 171] recon_mse=0.01350
[epoch 172] recon_mse=0.01349
[epoch 173] recon_mse=0.01348
[epoch 174] recon_mse=0.01348
[epoch 175] recon_mse=0.01347 quick_test_acc=0.4805 ent=3.1812
[epoch 176] recon_mse=0.01346
[epoch 177] recon_mse=0.01345
[epoch 178] recon_mse=0.01345
[epoch 179] recon_mse=0.01344
[epoch 180] recon_mse=0.01343 quick_test_acc=0.4823 ent=3.1650
[epoch 181] recon_mse=0.01343
[epoch 182] recon_mse=0.01342
[epoch 183] recon_mse=0.01341
[epoch 184] recon_mse=0.01341
[epoch 185] recon_mse=0.01340 quick_test_acc=0.4829 ent=3.1428
[epoch 186] recon_mse=0.01339
[epoch 187] recon_mse=0.01339
[epoch 188] recon_mse=0.01338
[epoch 189] recon_mse=0.01338
[epoch 190] recon_mse=0.01337 quick_test_acc=0.4845 ent=3.1320
[epoch 191] recon_mse=0.01336
[epoch 192] recon_mse=0.01336
[epoch 193] recon_mse=0.01335
[epoch 194] recon_mse=0.01335
[epoch 195] recon_mse=0.01334 quick_test_acc=0.4853 ent=3.1070
[epoch 196] recon_mse=0.01333
[epoch 197] recon_mse=0.01333
[epoch 198] recon_mse=0.01332
[epoch 199] recon_mse=0.01331
[epoch 200] recon_mse=0.01331 quick_test_acc=0.4869 ent=3.0904
[epoch 201] recon_mse=0.01330
[epoch 202] recon_mse=0.01330
[epoch 203] recon_mse=0.01329
[epoch 204] recon_mse=0.01329
