[data] train=182615 test=15341 classes=309 video=1 motion=1 audio=4096 device=cuda
[model] standard input=4096 label=1545 hidden=24576 total=30217 mode=audio
[init] estimating visible bias from training set
[epoch 001] recon_mse=0.03971
[epoch 002] recon_mse=0.03349
[epoch 003] recon_mse=0.02955
[epoch 004] recon_mse=0.02701
[epoch 005] recon_mse=0.02527 quick_test_acc=0.0368 ent=5.5901
[epoch 006] recon_mse=0.02394
[epoch 007] recon_mse=0.02291
[epoch 008] recon_mse=0.02210
[epoch 009] recon_mse=0.02149
[epoch 010] recon_mse=0.02104 quick_test_acc=0.0657 ent=5.5881
[epoch 011] recon_mse=0.02071
[epoch 012] recon_mse=0.02046
[epoch 013] recon_mse=0.02026
[epoch 014] recon_mse=0.02009
[epoch 015] recon_mse=0.01995 quick_test_acc=0.0960 ent=5.5802
[epoch 016] recon_mse=0.01983
[epoch 017] recon_mse=0.01973
[epoch 018] recon_mse=0.01964
[epoch 019] recon_mse=0.01957
[epoch 020] recon_mse=0.01950 quick_test_acc=0.1068 ent=5.5680
[epoch 021] recon_mse=0.01943
[epoch 022] recon_mse=0.01937
[epoch 023] recon_mse=0.01932
[epoch 024] recon_mse=0.01927
[epoch 025] recon_mse=0.01922 quick_test_acc=0.1187 ent=5.5496
[epoch 026] recon_mse=0.01918
[epoch 027] recon_mse=0.01914
[epoch 028] recon_mse=0.01911
[epoch 029] recon_mse=0.01907
[epoch 030] recon_mse=0.01903 quick_test_acc=0.1261 ent=5.5274
[epoch 031] recon_mse=0.01901
[epoch 032] recon_mse=0.01897
[epoch 033] recon_mse=0.01894
[epoch 034] recon_mse=0.01891
[epoch 035] recon_mse=0.01888 quick_test_acc=0.1332 ent=5.5002
[epoch 036] recon_mse=0.01885
[epoch 037] recon_mse=0.01882
[epoch 038] recon_mse=0.01879
[epoch 039] recon_mse=0.01876
[epoch 040] recon_mse=0.01875 quick_test_acc=0.1390 ent=5.4682
[epoch 041] recon_mse=0.01871
[epoch 042] recon_mse=0.01868
[epoch 043] recon_mse=0.01867
[epoch 044] recon_mse=0.01863
[epoch 045] recon_mse=0.01861 quick_test_acc=0.1459 ent=5.4337
[epoch 046] recon_mse=0.01859
[epoch 047] recon_mse=0.01856
[epoch 048] recon_mse=0.01854
[epoch 049] recon_mse=0.01851
[epoch 050] recon_mse=0.01849 quick_test_acc=0.1531 ent=5.3974
[epoch 051] recon_mse=0.01847
[epoch 052] recon_mse=0.01844
[epoch 053] recon_mse=0.01842
[epoch 054] recon_mse=0.01840
[epoch 055] recon_mse=0.01838 quick_test_acc=0.1573 ent=5.3601
[epoch 056] recon_mse=0.01835
[epoch 057] recon_mse=0.01833
[epoch 058] recon_mse=0.01831
[epoch 059] recon_mse=0.01829
[epoch 060] recon_mse=0.01827 quick_test_acc=0.1617 ent=5.3205
[epoch 061] recon_mse=0.01825
[epoch 062] recon_mse=0.01823
[epoch 063] recon_mse=0.01821
[epoch 064] recon_mse=0.01819
[epoch 065] recon_mse=0.01817 quick_test_acc=0.1662 ent=5.2837
[epoch 066] recon_mse=0.01815
[epoch 067] recon_mse=0.01813
[epoch 068] recon_mse=0.01811
[epoch 069] recon_mse=0.01809
[epoch 070] recon_mse=0.01808 quick_test_acc=0.1701 ent=5.2486
[epoch 071] recon_mse=0.01806
[epoch 072] recon_mse=0.01804
[epoch 073] recon_mse=0.01802
[epoch 074] recon_mse=0.01800
[epoch 075] recon_mse=0.01799 quick_test_acc=0.1760 ent=5.2121
[epoch 076] recon_mse=0.01796
[epoch 077] recon_mse=0.01795
[epoch 078] recon_mse=0.01793
[epoch 079] recon_mse=0.01792
[epoch 080] recon_mse=0.01790 quick_test_acc=0.1791 ent=5.1757
[epoch 081] recon_mse=0.01789
[epoch 082] recon_mse=0.01787
[epoch 083] recon_mse=0.01785
[epoch 084] recon_mse=0.01784
[epoch 085] recon_mse=0.01782 quick_test_acc=0.1819 ent=5.1440
[epoch 086] recon_mse=0.01780
[epoch 087] recon_mse=0.01780
[epoch 088] recon_mse=0.01777
[epoch 089] recon_mse=0.01777
[epoch 090] recon_mse=0.01775 quick_test_acc=0.1852 ent=5.1148
[epoch 091] recon_mse=0.01774
[epoch 092] recon_mse=0.01772
[epoch 093] recon_mse=0.01771
[epoch 094] recon_mse=0.01769
[epoch 095] recon_mse=0.01768 quick_test_acc=0.1891 ent=5.0830
[epoch 096] recon_mse=0.01766
[epoch 097] recon_mse=0.01765
[epoch 098] recon_mse=0.01764
[epoch 099] recon_mse=0.01762
[epoch 100] recon_mse=0.01761 quick_test_acc=0.1937 ent=5.0538
[epoch 101] recon_mse=0.01760
[epoch 102] recon_mse=0.01759
[epoch 103] recon_mse=0.01758
[epoch 104] recon_mse=0.01756
[epoch 105] recon_mse=0.01755 quick_test_acc=0.1955 ent=5.0273
[epoch 106] recon_mse=0.01754
[epoch 107] recon_mse=0.01752
[epoch 108] recon_mse=0.01751
[epoch 109] recon_mse=0.01750
[epoch 110] recon_mse=0.01749 quick_test_acc=0.1968 ent=4.9988
[epoch 111] recon_mse=0.01748
[epoch 112] recon_mse=0.01747
[epoch 113] recon_mse=0.01746
[epoch 114] recon_mse=0.01745
[epoch 115] recon_mse=0.01744 quick_test_acc=0.1992 ent=4.9714
[epoch 116] recon_mse=0.01742
[epoch 117] recon_mse=0.01741
[epoch 118] recon_mse=0.01740
[epoch 119] recon_mse=0.01739
[epoch 120] recon_mse=0.01738 quick_test_acc=0.2033 ent=4.9494
[epoch 121] recon_mse=0.01737
[epoch 122] recon_mse=0.01736
[epoch 123] recon_mse=0.01735
[epoch 124] recon_mse=0.01734
[epoch 125] recon_mse=0.01733 quick_test_acc=0.2047 ent=4.9211
[epoch 126] recon_mse=0.01732
[epoch 127] recon_mse=0.01731
[epoch 128] recon_mse=0.01730
[epoch 129] recon_mse=0.01729
[epoch 130] recon_mse=0.01728 quick_test_acc=0.2067 ent=4.9005
[epoch 131] recon_mse=0.01728
[epoch 132] recon_mse=0.01726
[epoch 133] recon_mse=0.01725
[epoch 134] recon_mse=0.01724
[epoch 135] recon_mse=0.01723 quick_test_acc=0.2092 ent=4.8742
[epoch 136] recon_mse=0.01722
[epoch 137] recon_mse=0.01722
[epoch 138] recon_mse=0.01721
[epoch 139] recon_mse=0.01720
[epoch 140] recon_mse=0.01719 quick_test_acc=0.2120 ent=4.8533
[epoch 141] recon_mse=0.01718
[epoch 142] recon_mse=0.01717
[epoch 143] recon_mse=0.01716
[epoch 144] recon_mse=0.01715
[epoch 145] recon_mse=0.01715 quick_test_acc=0.2135 ent=4.8315
[epoch 146] recon_mse=0.01714
[epoch 147] recon_mse=0.01713
[epoch 148] recon_mse=0.01712
[epoch 149] recon_mse=0.01711
[epoch 150] recon_mse=0.01710 quick_test_acc=0.2161 ent=4.8080
[epoch 151] recon_mse=0.01709
[epoch 152] recon_mse=0.01709
[epoch 153] recon_mse=0.01708
[epoch 154] recon_mse=0.01707
[epoch 155] recon_mse=0.01706 quick_test_acc=0.2171 ent=4.7890
[epoch 156] recon_mse=0.01705
[epoch 157] recon_mse=0.01704
[epoch 158] recon_mse=0.01704
[epoch 159] recon_mse=0.01703
[epoch 160] recon_mse=0.01702 quick_test_acc=0.2192 ent=4.7681
[epoch 161] recon_mse=0.01701
[epoch 162] recon_mse=0.01700
[epoch 163] recon_mse=0.01700
[epoch 164] recon_mse=0.01699
[epoch 165] recon_mse=0.01698 quick_test_acc=0.2221 ent=4.7491
[epoch 166] recon_mse=0.01697
[epoch 167] recon_mse=0.01697
[epoch 168] recon_mse=0.01696
[epoch 169] recon_mse=0.01695
[epoch 170] recon_mse=0.01695 quick_test_acc=0.2231 ent=4.7313
[epoch 171] recon_mse=0.01694
[epoch 172] recon_mse=0.01693
[epoch 173] recon_mse=0.01692
[epoch 174] recon_mse=0.01692
[epoch 175] recon_mse=0.01691 quick_test_acc=0.2246 ent=4.7158
[epoch 176] recon_mse=0.01690
[epoch 177] recon_mse=0.01689
[epoch 178] recon_mse=0.01689
[epoch 179] recon_mse=0.01688
[epoch 180] recon_mse=0.01687 quick_test_acc=0.2267 ent=4.6958
[full_eval_best] {
  "created_at": "2026-06-20 00:33:51",
  "ckpt": "/home/Hongjie_Zeng/high_order_BM/runs_vggsound_full_AF012_standard_audio_cnnlstm4096_h6_lc5_e180/best.pt",
  "ckpt_epoch": 180,
  "ckpt_best_acc": 0.22671273059122612,
  "eval_steps": 3000,
  "eval_burn_in": 500,
  "eval_thin": 2,
  "test_label_gibbs_acc": 0.22775568737370444,
  "test_label_entropy": 4.695827097694079,
  "computed_dims": {
    "input_dim": 4096,
    "label_dim": 1545,
    "hidden_dim": 24576,
    "total_pbits": 30217,
    "num_classes": 309
  },
  "data_dims": {
    "feature_npz": "/home/Hongjie_Zeng/high_order_BM/data_vggsound_full/features/vggsound_full_audio_cnnlstm4096_stft128x96_per_dim_zscore_sigmoid_seed123.npz",
    "train_size": 182615,
    "test_size": 15341,
    "num_classes": 309,
    "class_names": [
      "air conditioning noise",
      "air horn",
      "airplane",
      "airplane flyby",
      "alarm clock ringing",
      "alligators, crocodiles hissing",
      "ambulance siren",
      "arc welding",
      "baby babbling",
      "baby crying",
      "baby laughter",
      "baltimore oriole calling",
      "barn swallow calling",
      "basketball bounce",
      "bathroom ventilation fan running",
      "beat boxing",
      "bee, wasp, etc. buzzing",
      "bird chirping, tweeting",
      "bird squawking",
      "bird wings flapping",
      "black capped chickadee calling",
      "blowtorch igniting",
      "bouncing on trampoline",
      "bowling impact",
      "bull bellowing",
      "canary calling",
      "cap gun shooting",
      "car engine idling",
      "car engine knocking",
      "car engine starting",
      "car passing by",
      "cat caterwauling",
      "cat growling",
      "cat hissing",
      "cat meowing",
      "cat purring",
      "cattle mooing",
      "cattle, bovinae cowbell",
      "cell phone buzzing",
      "chainsawing trees",
      "cheetah chirrup",
      "chicken clucking",
      "chicken crowing",
      "child singing",
      "child speech, kid speaking",
      "children shouting",
      "chimpanzee pant-hooting",
      "chinchilla barking",
      "chipmunk chirping",
      "chopping food",
      "chopping wood",
      "church bell ringing",
      "civil defense siren",
      "cow lowing",
      "coyote howling",
      "cricket chirping",
      "crow cawing",
      "cuckoo bird calling",
      "cupboard opening or closing",
      "cutting hair with electric trimmers",
      "dinosaurs bellowing",
      "disc scratching",
      "dog barking",
      "dog baying",
      "dog bow-wow",
      "dog growling",
      "dog howling",
      "dog whimpering",
      "donkey, ass braying",
      "door slamming",
      "driving buses",
      "driving motorcycle",
      "driving snowmobile",
      "duck quacking",
      "eagle screaming",
      "eating with cutlery",
      "electric grinder grinding",
      "electric shaver, electric razor shaving",
      "elephant trumpeting",
      "eletric blender running",
      "elk bugling",
      "engine accelerating, revving, vroom",
      "female singing",
      "female speech, woman speaking",
      "ferret dooking",
      "fire crackling",
      "fire truck siren",
      "fireworks banging",
      "firing cannon",
      "firing muskets",
      "fly, housefly buzzing",
      "foghorn",
      "footsteps on snow",
      "forging swords",
      "fox barking",
      "francolin calling",
      "frog croaking",
      "gibbon howling",
      "goat bleating",
      "golf driving",
      "goose honking",
      "hail",
      "hair dryer drying",
      "hammering nails",
      "heart sounds, heartbeat",
      "hedge trimmer running",
      "helicopter",
      "horse clip-clop",
      "horse neighing",
      "ice cracking",
      "ice cream truck, ice cream van",
      "lathe spinning",
      "lawn mowing",
      "lighting firecrackers",
      "lions growling",
      "lions roaring",
      "lip smacking",
      "machine gun shooting",
      "magpie calling",
      "male singing",
      "male speech, man speaking",
      "metronome",
      "missile launch",
      "mosquito buzzing",
      "motorboat, speedboat acceleration",
      "mouse clicking",
      "mouse pattering",
      "mouse squeaking",
      "mynah bird singing",
      "ocean burbling",
      "opening or closing car doors",
      "opening or closing car electric windows",
      "opening or closing drawers",
      "orchestra",
      "otter growling",
      "owl hooting",
      "parrot talking",
      "penguins braying",
      "people babbling",
      "people battle cry",
      "people belly laughing",
      "people booing",
      "people burping",
      "people cheering",
      "people clapping",
      "people coughing",
      "people crowd",
      "people eating",
      "people eating apple",
      "people eating crisps",
      "people eating noodle",
      "people farting",
      "people finger snapping",
      "people gargling",
      "people giggling",
      "people hiccup",
      "people humming",
      "people marching",
      "people nose blowing",
      "people running",
      "people screaming",
      "people shuffling",
      "people slapping",
      "people slurping",
      "people sneezing",
      "people sniggering",
      "people sobbing",
      "people whispering",
      "people whistling",
      "pheasant crowing",
      "pig oinking",
      "pigeon, dove cooing",
      "planing timber",
      "plastic bottle crushing",
      "playing accordion",
      "playing acoustic guitar",
      "playing badminton",
      "playing bagpipes",
      "playing banjo",
      "playing bass drum",
      "playing bass guitar",
      "playing bassoon",
      "playing bongo",
      "playing bugle",
      "playing castanets",
      "playing cello",
      "playing clarinet",
      "playing congas",
      "playing cornet",
      "playing cymbal",
      "playing darts",
      "playing didgeridoo",
      "playing djembe",
      "playing double bass",
      "playing drum kit",
      "playing electric guitar",
      "playing electronic organ",
      "playing erhu",
      "playing flute",
      "playing french horn",
      "playing glockenspiel",
      "playing gong",
      "playing guiro",
      "playing hammond organ",
      "playing harmonica",
      "playing harp",
      "playing harpsichord",
      "playing hockey",
      "playing lacrosse",
      "playing mandolin",
      "playing marimba, xylophone",
      "playing oboe",
      "playing piano",
      "playing saxophone",
      "playing shofar",
      "playing sitar",
      "playing snare drum",
      "playing squash",
      "playing steel guitar, slide guitar",
      "playing steelpan",
      "playing synthesizer",
      "playing tabla",
      "playing table tennis",
      "playing tambourine",
      "playing tennis",
      "playing theremin",
      "playing timbales",
      "playing timpani",
      "playing trombone",
      "playing trumpet",
      "playing tuning fork",
      "playing tympani",
      "playing ukulele",
      "playing vibraphone",
      "playing violin, fiddle",
      "playing volleyball",
      "playing washboard",
      "playing zither",
      "police car (siren)",
      "police radio chatter",
      "popping popcorn",
      "printer printing",
      "pumping water",
      "race car, auto racing",
      "railroad car, train wagon",
      "raining",
      "rapping",
      "reversing beeps",
      "ripping paper",
      "roller coaster running",
      "rope skipping",
      "rowboat, canoe, kayak rowing",
      "running electric fan",
      "sailing",
      "scuba diving",
      "sea lion barking",
      "sea waves",
      "sharpen knife",
      "sheep bleating",
      "shot football",
      "singing bowl",
      "singing choir",
      "skateboarding",
      "skidding",
      "skiing",
      "sliding door",
      "sloshing water",
      "slot machine",
      "smoke detector beeping",
      "snake hissing",
      "snake rattling",
      "splashing water",
      "spraying water",
      "squishing water",
      "stream burbling",
      "strike lighter",
      "striking bowling",
      "striking pool",
      "subway, metro, underground",
      "swimming",
      "tap dancing",
      "tapping guitar",
      "telephone bell ringing",
      "thunder",
      "toilet flushing",
      "tornado roaring",
      "tractor digging",
      "train horning",
      "train wheels squealing",
      "train whistling",
      "turkey gobbling",
      "typing on computer keyboard",
      "typing on typewriter",
      "underwater bubbling",
      "using sewing machines",
      "vacuum cleaner cleaning floors",
      "vehicle horn, car horn, honking",
      "volcano explosion",
      "warbler chirping",
      "waterfall burbling",
      "whale calling",
      "wind chime",
      "wind noise",
      "wind rustling leaves",
      "wood thrush calling",
      "woodpecker pecking tree",
      "writing on blackboard with chalk",
      "yodelling",
      "zebra braying"
    ],
    "video_dim": 1,
    "motion_dim": 1,
    "audio_dim": 4096
  }
}
{
  "experiment_id": "AF012_standard_audio_cnnlstm4096_h6_lc5_e180",
  "finished_at": "2026-06-20 00:33:51",
  "model_type": "standard",
  "best_epoch": 180,
  "best_acc_selection_metric": 0.22671273059122612,
  "final_epoch": 180,
  "final_test_label_gibbs_acc": 0.22671273059122612,
  "full_eval_best_acc": 0.22775568737370444,
  "computed_dims": {
    "input_dim": 4096,
    "label_dim": 1545,
    "hidden_dim": 24576,
    "total_pbits": 30217,
    "num_classes": 309
  },
  "data_dims": {
    "feature_npz": "/home/Hongjie_Zeng/high_order_BM/data_vggsound_full/features/vggsound_full_audio_cnnlstm4096_stft128x96_per_dim_zscore_sigmoid_seed123.npz",
    "train_size": 182615,
    "test_size": 15341,
    "num_classes": 309,
    "class_names": [
      "air conditioning noise",
      "air horn",
      "airplane",
      "airplane flyby",
      "alarm clock ringing",
      "alligators, crocodiles hissing",
      "ambulance siren",
      "arc welding",
      "baby babbling",
      "baby crying",
      "baby laughter",
      "baltimore oriole calling",
      "barn swallow calling",
      "basketball bounce",
      "bathroom ventilation fan running",
      "beat boxing",
      "bee, wasp, etc. buzzing",
      "bird chirping, tweeting",
      "bird squawking",
      "bird wings flapping",
      "black capped chickadee calling",
      "blowtorch igniting",
      "bouncing on trampoline",
      "bowling impact",
      "bull bellowing",
      "canary calling",
      "cap gun shooting",
      "car engine idling",
      "car engine knocking",
      "car engine starting",
      "car passing by",
      "cat caterwauling",
      "cat growling",
      "cat hissing",
      "cat meowing",
      "cat purring",
      "cattle mooing",
      "cattle, bovinae cowbell",
      "cell phone buzzing",
      "chainsawing trees",
      "cheetah chirrup",
      "chicken clucking",
      "chicken crowing",
      "child singing",
      "child speech, kid speaking",
      "children shouting",
      "chimpanzee pant-hooting",
      "chinchilla barking",
      "chipmunk chirping",
      "chopping food",
      "chopping wood",
      "church bell ringing",
      "civil defense siren",
      "cow lowing",
      "coyote howling",
      "cricket chirping",
      "crow cawing",
      "cuckoo bird calling",
      "cupboard opening or closing",
      "cutting hair with electric trimmers",
      "dinosaurs bellowing",
      "disc scratching",
      "dog barking",
      "dog baying",
      "dog bow-wow",
      "dog growling",
      "dog howling",
      "dog whimpering",
      "donkey, ass braying",
      "door slamming",
      "driving buses",
      "driving motorcycle",
      "driving snowmobile",
      "duck quacking",
      "eagle screaming",
      "eating with cutlery",
      "electric grinder grinding",
      "electric shaver, electric razor shaving",
      "elephant trumpeting",
      "eletric blender running",
      "elk bugling",
      "engine accelerating, revving, vroom",
      "female singing",
      "female speech, woman speaking",
      "ferret dooking",
      "fire crackling",
      "fire truck siren",
      "fireworks banging",
      "firing cannon",
      "firing muskets",
      "fly, housefly buzzing",
      "foghorn",
      "footsteps on snow",
      "forging swords",
      "fox barking",
      "francolin calling",
      "frog croaking",
      "gibbon howling",
      "goat bleating",
      "golf driving",
      "goose honking",
      "hail",
      "hair dryer drying",
      "hammering nails",
      "heart sounds, heartbeat",
      "hedge trimmer running",
      "helicopter",
      "horse clip-clop",
      "horse neighing",
      "ice cracking",
      "ice cream truck, ice cream van",
      "lathe spinning",
      "lawn mowing",
      "lighting firecrackers",
      "lions growling",
      "lions roaring",
      "lip smacking",
      "machine gun shooting",
      "magpie calling",
      "male singing",
      "male speech, man speaking",
      "metronome",
      "missile launch",
      "mosquito buzzing",
      "motorboat, speedboat acceleration",
      "mouse clicking",
      "mouse pattering",
      "mouse squeaking",
      "mynah bird singing",
      "ocean burbling",
      "opening or closing car doors",
      "opening or closing car electric windows",
      "opening or closing drawers",
      "orchestra",
      "otter growling",
      "owl hooting",
      "parrot talking",
      "penguins braying",
      "people babbling",
      "people battle cry",
      "people belly laughing",
      "people booing",
      "people burping",
      "people cheering",
      "people clapping",
      "people coughing",
      "people crowd",
      "people eating",
      "people eating apple",
      "people eating crisps",
      "people eating noodle",
      "people farting",
      "people finger snapping",
      "people gargling",
      "people giggling",
      "people hiccup",
      "people humming",
      "people marching",
      "people nose blowing",
      "people running",
      "people screaming",
      "people shuffling",
      "people slapping",
      "people slurping",
      "people sneezing",
      "people sniggering",
      "people sobbing",
      "people whispering",
      "people whistling",
      "pheasant crowing",
      "pig oinking",
      "pigeon, dove cooing",
      "planing timber",
      "plastic bottle crushing",
      "playing accordion",
      "playing acoustic guitar",
      "playing badminton",
      "playing bagpipes",
      "playing banjo",
      "playing bass drum",
      "playing bass guitar",
      "playing bassoon",
      "playing bongo",
      "playing bugle",
      "playing castanets",
      "playing cello",
      "playing clarinet",
      "playing congas",
      "playing cornet",
      "playing cymbal",
      "playing darts",
      "playing didgeridoo",
      "playing djembe",
      "playing double bass",
      "playing drum kit",
      "playing electric guitar",
      "playing electronic organ",
      "playing erhu",
      "playing flute",
      "playing french horn",
      "playing glockenspiel",
      "playing gong",
      "playing guiro",
      "playing hammond organ",
      "playing harmonica",
      "playing harp",
      "playing harpsichord",
      "playing hockey",
      "playing lacrosse",
      "playing mandolin",
      "playing marimba, xylophone",
      "playing oboe",
      "playing piano",
      "playing saxophone",
      "playing shofar",
      "playing sitar",
      "playing snare drum",
      "playing squash",
      "playing steel guitar, slide guitar",
      "playing steelpan",
      "playing synthesizer",
      "playing tabla",
      "playing table tennis",
      "playing tambourine",
      "playing tennis",
      "playing theremin",
      "playing timbales",
      "playing timpani",
      "playing trombone",
      "playing trumpet",
      "playing tuning fork",
      "playing tympani",
      "playing ukulele",
      "playing vibraphone",
      "playing violin, fiddle",
      "playing volleyball",
      "playing washboard",
      "playing zither",
      "police car (siren)",
      "police radio chatter",
      "popping popcorn",
      "printer printing",
      "pumping water",
      "race car, auto racing",
      "railroad car, train wagon",
      "raining",
      "rapping",
      "reversing beeps",
      "ripping paper",
      "roller coaster running",
      "rope skipping",
      "rowboat, canoe, kayak rowing",
      "running electric fan",
      "sailing",
      "scuba diving",
      "sea lion barking",
      "sea waves",
      "sharpen knife",
      "sheep bleating",
      "shot football",
      "singing bowl",
      "singing choir",
      "skateboarding",
      "skidding",
      "skiing",
      "sliding door",
      "sloshing water",
      "slot machine",
      "smoke detector beeping",
      "snake hissing",
      "snake rattling",
      "splashing water",
      "spraying water",
      "squishing water",
      "stream burbling",
      "strike lighter",
      "striking bowling",
      "striking pool",
      "subway, metro, underground",
      "swimming",
      "tap dancing",
      "tapping guitar",
      "telephone bell ringing",
      "thunder",
      "toilet flushing",
      "tornado roaring",
      "tractor digging",
      "train horning",
      "train wheels squealing",
      "train whistling",
      "turkey gobbling",
      "typing on computer keyboard",
      "typing on typewriter",
      "underwater bubbling",
      "using sewing machines",
      "vacuum cleaner cleaning floors",
      "vehicle horn, car horn, honking",
      "volcano explosion",
      "warbler chirping",
      "waterfall burbling",
      "whale calling",
      "wind chime",
      "wind noise",
      "wind rustling leaves",
      "wood thrush calling",
      "woodpecker pecking tree",
      "writing on blackboard with chalk",
      "yodelling",
      "zebra braying"
    ],
    "video_dim": 1,
    "motion_dim": 1,
    "audio_dim": 4096
  },
  "out_dir": "/home/Hongjie_Zeng/high_order_BM/runs_vggsound_full_AF012_standard_audio_cnnlstm4096_h6_lc5_e180"
}
