[data] train=182615 test=15341 classes=309 video=4096 motion=1 audio=1 device=cuda
[model] standard input=4096 label=2472 hidden=32768 total=39336 mode=video
[init] estimating visible bias from training set
[epoch 001] recon_mse=0.04173
[epoch 002] recon_mse=0.03087
[epoch 003] recon_mse=0.02560
[epoch 004] recon_mse=0.02271
[epoch 005] recon_mse=0.02079 quick_test_acc=0.1727 ent=5.5483
[epoch 006] recon_mse=0.01942
[epoch 007] recon_mse=0.01844
[epoch 008] recon_mse=0.01773
[epoch 009] recon_mse=0.01719
[epoch 010] recon_mse=0.01676 quick_test_acc=0.2023 ent=5.4113
[epoch 011] recon_mse=0.01641
[epoch 012] recon_mse=0.01610
[epoch 013] recon_mse=0.01584
[epoch 014] recon_mse=0.01560
[epoch 015] recon_mse=0.01538 quick_test_acc=0.2334 ent=5.1871
[epoch 016] recon_mse=0.01519
[epoch 017] recon_mse=0.01502
[epoch 018] recon_mse=0.01486
[epoch 019] recon_mse=0.01471
[epoch 020] recon_mse=0.01457 quick_test_acc=0.2559 ent=4.9295
[epoch 021] recon_mse=0.01445
[epoch 022] recon_mse=0.01434
[epoch 023] recon_mse=0.01423
[epoch 024] recon_mse=0.01413
[epoch 025] recon_mse=0.01403 quick_test_acc=0.2770 ent=4.6996
[epoch 026] recon_mse=0.01394
[epoch 027] recon_mse=0.01386
[epoch 028] recon_mse=0.01378
[epoch 029] recon_mse=0.01371
[epoch 030] recon_mse=0.01364 quick_test_acc=0.2939 ent=4.5032
[epoch 031] recon_mse=0.01357
[epoch 032] recon_mse=0.01350
[epoch 033] recon_mse=0.01344
[epoch 034] recon_mse=0.01337
[epoch 035] recon_mse=0.01332 quick_test_acc=0.3077 ent=4.3508
[epoch 036] recon_mse=0.01326
[epoch 037] recon_mse=0.01320
[epoch 038] recon_mse=0.01316
[epoch 039] recon_mse=0.01310
[epoch 040] recon_mse=0.01306 quick_test_acc=0.3174 ent=4.2224
[epoch 041] recon_mse=0.01301
[epoch 042] recon_mse=0.01296
[epoch 043] recon_mse=0.01292
[epoch 044] recon_mse=0.01288
[epoch 045] recon_mse=0.01284 quick_test_acc=0.3259 ent=4.1094
[epoch 046] recon_mse=0.01280
[epoch 047] recon_mse=0.01276
[epoch 048] recon_mse=0.01272
[epoch 049] recon_mse=0.01268
[epoch 050] recon_mse=0.01264 quick_test_acc=0.3339 ent=4.0174
[epoch 051] recon_mse=0.01261
[epoch 052] recon_mse=0.01257
[epoch 053] recon_mse=0.01254
[epoch 054] recon_mse=0.01251
[epoch 055] recon_mse=0.01247 quick_test_acc=0.3395 ent=3.9340
[epoch 056] recon_mse=0.01244
[epoch 057] recon_mse=0.01241
[epoch 058] recon_mse=0.01238
[epoch 059] recon_mse=0.01234
[epoch 060] recon_mse=0.01232 quick_test_acc=0.3456 ent=3.8615
[epoch 061] recon_mse=0.01229
[epoch 062] recon_mse=0.01226
[epoch 063] recon_mse=0.01223
[epoch 064] recon_mse=0.01220
[epoch 065] recon_mse=0.01217 quick_test_acc=0.3503 ent=3.7973
[epoch 066] recon_mse=0.01215
[epoch 067] recon_mse=0.01212
[epoch 068] recon_mse=0.01210
[epoch 069] recon_mse=0.01207
[epoch 070] recon_mse=0.01205 quick_test_acc=0.3563 ent=3.7428
[epoch 071] recon_mse=0.01202
[epoch 072] recon_mse=0.01199
[epoch 073] recon_mse=0.01197
[epoch 074] recon_mse=0.01194
[epoch 075] recon_mse=0.01192 quick_test_acc=0.3603 ent=3.6902
[epoch 076] recon_mse=0.01190
[epoch 077] recon_mse=0.01187
[epoch 078] recon_mse=0.01185
[epoch 079] recon_mse=0.01183
[epoch 080] recon_mse=0.01181 quick_test_acc=0.3645 ent=3.6454
[epoch 081] recon_mse=0.01179
[epoch 082] recon_mse=0.01177
[epoch 083] recon_mse=0.01174
[epoch 084] recon_mse=0.01172
[epoch 085] recon_mse=0.01170 quick_test_acc=0.3687 ent=3.5978
[epoch 086] recon_mse=0.01169
[epoch 087] recon_mse=0.01166
[epoch 088] recon_mse=0.01164
[epoch 089] recon_mse=0.01162
[epoch 090] recon_mse=0.01161 quick_test_acc=0.3729 ent=3.5590
[epoch 091] recon_mse=0.01159
[epoch 092] recon_mse=0.01157
[epoch 093] recon_mse=0.01155
[epoch 094] recon_mse=0.01153
[epoch 095] recon_mse=0.01152 quick_test_acc=0.3767 ent=3.5223
[epoch 096] recon_mse=0.01150
[epoch 097] recon_mse=0.01148
[epoch 098] recon_mse=0.01146
[epoch 099] recon_mse=0.01144
[epoch 100] recon_mse=0.01143 quick_test_acc=0.3791 ent=3.4866
[epoch 101] recon_mse=0.01141
[epoch 102] recon_mse=0.01139
[epoch 103] recon_mse=0.01138
[epoch 104] recon_mse=0.01136
[epoch 105] recon_mse=0.01134 quick_test_acc=0.3826 ent=3.4513
[epoch 106] recon_mse=0.01133
[epoch 107] recon_mse=0.01132
[epoch 108] recon_mse=0.01130
[epoch 109] recon_mse=0.01128
[epoch 110] recon_mse=0.01127 quick_test_acc=0.3848 ent=3.4291
[epoch 111] recon_mse=0.01125
[epoch 112] recon_mse=0.01124
[epoch 113] recon_mse=0.01122
[epoch 114] recon_mse=0.01121
[epoch 115] recon_mse=0.01119 quick_test_acc=0.3888 ent=3.3976
[epoch 116] recon_mse=0.01118
[epoch 117] recon_mse=0.01117
[epoch 118] recon_mse=0.01115
[epoch 119] recon_mse=0.01113
[epoch 120] recon_mse=0.01112 quick_test_acc=0.3912 ent=3.3772
[epoch 121] recon_mse=0.01110
[epoch 122] recon_mse=0.01109
[epoch 123] recon_mse=0.01107
[epoch 124] recon_mse=0.01107
[epoch 125] recon_mse=0.01105 quick_test_acc=0.3933 ent=3.3537
[epoch 126] recon_mse=0.01104
[epoch 127] recon_mse=0.01103
[epoch 128] recon_mse=0.01102
[epoch 129] recon_mse=0.01100
[epoch 130] recon_mse=0.01099 quick_test_acc=0.3951 ent=3.3323
[epoch 131] recon_mse=0.01097
[epoch 132] recon_mse=0.01097
[epoch 133] recon_mse=0.01095
[epoch 134] recon_mse=0.01094
[epoch 135] recon_mse=0.01093 quick_test_acc=0.3971 ent=3.3176
[epoch 136] recon_mse=0.01091
[epoch 137] recon_mse=0.01090
[epoch 138] recon_mse=0.01089
[epoch 139] recon_mse=0.01088
[epoch 140] recon_mse=0.01087 quick_test_acc=0.3993 ent=3.2927
[epoch 141] recon_mse=0.01085
[epoch 142] recon_mse=0.01084
[epoch 143] recon_mse=0.01083
[epoch 144] recon_mse=0.01082
[epoch 145] recon_mse=0.01081 quick_test_acc=0.3992 ent=3.2772
[epoch 146] recon_mse=0.01080
[epoch 147] recon_mse=0.01079
[epoch 148] recon_mse=0.01078
[epoch 149] recon_mse=0.01076
[epoch 150] recon_mse=0.01075 quick_test_acc=0.4008 ent=3.2635
[epoch 151] recon_mse=0.01075
[epoch 152] recon_mse=0.01073
[epoch 153] recon_mse=0.01072
[epoch 154] recon_mse=0.01071
[epoch 155] recon_mse=0.01070 quick_test_acc=0.4025 ent=3.2456
[epoch 156] recon_mse=0.01069
[epoch 157] recon_mse=0.01068
[epoch 158] recon_mse=0.01067
[epoch 159] recon_mse=0.01066
[epoch 160] recon_mse=0.01065 quick_test_acc=0.4050 ent=3.2319
[epoch 161] recon_mse=0.01064
[epoch 162] recon_mse=0.01063
[epoch 163] recon_mse=0.01062
[epoch 164] recon_mse=0.01061
[epoch 165] recon_mse=0.01060 quick_test_acc=0.4068 ent=3.2205
[epoch 166] recon_mse=0.01059
[epoch 167] recon_mse=0.01058
[epoch 168] recon_mse=0.01057
[epoch 169] recon_mse=0.01056
[epoch 170] recon_mse=0.01056 quick_test_acc=0.4064 ent=3.2094
[epoch 171] recon_mse=0.01055
[epoch 172] recon_mse=0.01054
[epoch 173] recon_mse=0.01052
[epoch 174] recon_mse=0.01052
[epoch 175] recon_mse=0.01051 quick_test_acc=0.4084 ent=3.1993
[epoch 176] recon_mse=0.01050
[epoch 177] recon_mse=0.01049
[epoch 178] recon_mse=0.01048
[epoch 179] recon_mse=0.01047
[epoch 180] recon_mse=0.01046 quick_test_acc=0.4091 ent=3.1904
[epoch 181] recon_mse=0.01045
[epoch 182] recon_mse=0.01045
[epoch 183] recon_mse=0.01043
[epoch 184] recon_mse=0.01043
[epoch 185] recon_mse=0.01042 quick_test_acc=0.4105 ent=3.1767
[epoch 186] recon_mse=0.01041
[epoch 187] recon_mse=0.01040
[epoch 188] recon_mse=0.01039
[epoch 189] recon_mse=0.01038
[epoch 190] recon_mse=0.01037 quick_test_acc=0.4128 ent=3.1728
[epoch 191] recon_mse=0.01037
[epoch 192] recon_mse=0.01036
[epoch 193] recon_mse=0.01035
[epoch 194] recon_mse=0.01034
[epoch 195] recon_mse=0.01034 quick_test_acc=0.4141 ent=3.1665
[epoch 196] recon_mse=0.01033
[epoch 197] recon_mse=0.01032
[epoch 198] recon_mse=0.01032
[epoch 199] recon_mse=0.01030
[epoch 200] recon_mse=0.01030 quick_test_acc=0.4150 ent=3.1588
[epoch 201] recon_mse=0.01029
[epoch 202] recon_mse=0.01028
[epoch 203] recon_mse=0.01028
[epoch 204] recon_mse=0.01027
[epoch 205] recon_mse=0.01025 quick_test_acc=0.4150 ent=3.1560
[epoch 206] recon_mse=0.01025
[epoch 207] recon_mse=0.01025
[epoch 208] recon_mse=0.01024
[epoch 209] recon_mse=0.01023
[epoch 210] recon_mse=0.01022 quick_test_acc=0.4161 ent=3.1449
[epoch 211] recon_mse=0.01021
[epoch 212] recon_mse=0.01021
[epoch 213] recon_mse=0.01020
[epoch 214] recon_mse=0.01019
[epoch 215] recon_mse=0.01019 quick_test_acc=0.4184 ent=3.1502
[epoch 216] recon_mse=0.01018
[epoch 217] recon_mse=0.01017
[epoch 218] recon_mse=0.01016
[epoch 219] recon_mse=0.01016
[epoch 220] recon_mse=0.01015 quick_test_acc=0.4180 ent=3.1363
[epoch 221] recon_mse=0.01014
[epoch 222] recon_mse=0.01014
[epoch 223] recon_mse=0.01013
[epoch 224] recon_mse=0.01012
[epoch 225] recon_mse=0.01012 quick_test_acc=0.4196 ent=3.1328
[epoch 226] recon_mse=0.01011
[epoch 227] recon_mse=0.01011
[epoch 228] recon_mse=0.01010
[epoch 229] recon_mse=0.01009
[epoch 230] recon_mse=0.01009 quick_test_acc=0.4212 ent=3.1392
[epoch 231] recon_mse=0.01008
[epoch 232] recon_mse=0.01007
[epoch 233] recon_mse=0.01007
[epoch 234] recon_mse=0.01006
[epoch 235] recon_mse=0.01006 quick_test_acc=0.4222 ent=3.1254
[epoch 236] recon_mse=0.01005
[epoch 237] recon_mse=0.01005
[epoch 238] recon_mse=0.01004
[epoch 239] recon_mse=0.01003
[epoch 240] recon_mse=0.01003 quick_test_acc=0.4223 ent=3.1170
[epoch 241] recon_mse=0.01002
[epoch 242] recon_mse=0.01001
[epoch 243] recon_mse=0.01001
[epoch 244] recon_mse=0.01001
[epoch 245] recon_mse=0.01000 quick_test_acc=0.4213 ent=3.1146
[epoch 246] recon_mse=0.00999
[epoch 247] recon_mse=0.00999
[epoch 248] recon_mse=0.00998
[epoch 249] recon_mse=0.00997
[epoch 250] recon_mse=0.00997 quick_test_acc=0.4232 ent=3.1151
[epoch 251] recon_mse=0.00996
[epoch 252] recon_mse=0.00996
[epoch 253] recon_mse=0.00995
[epoch 254] recon_mse=0.00995
[epoch 255] recon_mse=0.00995 quick_test_acc=0.4244 ent=3.1118
[epoch 256] recon_mse=0.00994
[epoch 257] recon_mse=0.00993
[epoch 258] recon_mse=0.00993
[epoch 259] recon_mse=0.00992
[epoch 260] recon_mse=0.00992 quick_test_acc=0.4257 ent=3.1124
[full_eval_best] {
  "created_at": "2026-06-22 05:41:30",
  "ckpt": "/home/Hongjie_Zeng/high_order_BM/runs_vggsound_full_WP002_video_lstm4096_h8_lc8_e260/best.pt",
  "ckpt_epoch": 260,
  "ckpt_best_acc": 0.4256567368489668,
  "eval_steps": 3000,
  "eval_burn_in": 500,
  "eval_thin": 2,
  "test_label_gibbs_acc": 0.4238315624796298,
  "test_label_entropy": 3.0941902577877043,
  "computed_dims": {
    "input_dim": 4096,
    "label_dim": 2472,
    "hidden_dim": 32768,
    "total_pbits": 39336,
    "num_classes": 309
  },
  "data_dims": {
    "feature_npz": "/home/Hongjie_Zeng/high_order_BM/data_vggsound_full/features/vggsound_full_video_lstm4096_resnet50_f16_seed123.npz",
    "train_size": 182615,
    "test_size": 15341,
    "num_classes": 309,
    "class_names": [
      "air conditioning noise",
      "air horn",
      "airplane",
      "airplane flyby",
      "alarm clock ringing",
      "alligators, crocodiles hissing",
      "ambulance siren",
      "arc welding",
      "baby babbling",
      "baby crying",
      "baby laughter",
      "baltimore oriole calling",
      "barn swallow calling",
      "basketball bounce",
      "bathroom ventilation fan running",
      "beat boxing",
      "bee, wasp, etc. buzzing",
      "bird chirping, tweeting",
      "bird squawking",
      "bird wings flapping",
      "black capped chickadee calling",
      "blowtorch igniting",
      "bouncing on trampoline",
      "bowling impact",
      "bull bellowing",
      "canary calling",
      "cap gun shooting",
      "car engine idling",
      "car engine knocking",
      "car engine starting",
      "car passing by",
      "cat caterwauling",
      "cat growling",
      "cat hissing",
      "cat meowing",
      "cat purring",
      "cattle mooing",
      "cattle, bovinae cowbell",
      "cell phone buzzing",
      "chainsawing trees",
      "cheetah chirrup",
      "chicken clucking",
      "chicken crowing",
      "child singing",
      "child speech, kid speaking",
      "children shouting",
      "chimpanzee pant-hooting",
      "chinchilla barking",
      "chipmunk chirping",
      "chopping food",
      "chopping wood",
      "church bell ringing",
      "civil defense siren",
      "cow lowing",
      "coyote howling",
      "cricket chirping",
      "crow cawing",
      "cuckoo bird calling",
      "cupboard opening or closing",
      "cutting hair with electric trimmers",
      "dinosaurs bellowing",
      "disc scratching",
      "dog barking",
      "dog baying",
      "dog bow-wow",
      "dog growling",
      "dog howling",
      "dog whimpering",
      "donkey, ass braying",
      "door slamming",
      "driving buses",
      "driving motorcycle",
      "driving snowmobile",
      "duck quacking",
      "eagle screaming",
      "eating with cutlery",
      "electric grinder grinding",
      "electric shaver, electric razor shaving",
      "elephant trumpeting",
      "eletric blender running",
      "elk bugling",
      "engine accelerating, revving, vroom",
      "female singing",
      "female speech, woman speaking",
      "ferret dooking",
      "fire crackling",
      "fire truck siren",
      "fireworks banging",
      "firing cannon",
      "firing muskets",
      "fly, housefly buzzing",
      "foghorn",
      "footsteps on snow",
      "forging swords",
      "fox barking",
      "francolin calling",
      "frog croaking",
      "gibbon howling",
      "goat bleating",
      "golf driving",
      "goose honking",
      "hail",
      "hair dryer drying",
      "hammering nails",
      "heart sounds, heartbeat",
      "hedge trimmer running",
      "helicopter",
      "horse clip-clop",
      "horse neighing",
      "ice cracking",
      "ice cream truck, ice cream van",
      "lathe spinning",
      "lawn mowing",
      "lighting firecrackers",
      "lions growling",
      "lions roaring",
      "lip smacking",
      "machine gun shooting",
      "magpie calling",
      "male singing",
      "male speech, man speaking",
      "metronome",
      "missile launch",
      "mosquito buzzing",
      "motorboat, speedboat acceleration",
      "mouse clicking",
      "mouse pattering",
      "mouse squeaking",
      "mynah bird singing",
      "ocean burbling",
      "opening or closing car doors",
      "opening or closing car electric windows",
      "opening or closing drawers",
      "orchestra",
      "otter growling",
      "owl hooting",
      "parrot talking",
      "penguins braying",
      "people babbling",
      "people battle cry",
      "people belly laughing",
      "people booing",
      "people burping",
      "people cheering",
      "people clapping",
      "people coughing",
      "people crowd",
      "people eating",
      "people eating apple",
      "people eating crisps",
      "people eating noodle",
      "people farting",
      "people finger snapping",
      "people gargling",
      "people giggling",
      "people hiccup",
      "people humming",
      "people marching",
      "people nose blowing",
      "people running",
      "people screaming",
      "people shuffling",
      "people slapping",
      "people slurping",
      "people sneezing",
      "people sniggering",
      "people sobbing",
      "people whispering",
      "people whistling",
      "pheasant crowing",
      "pig oinking",
      "pigeon, dove cooing",
      "planing timber",
      "plastic bottle crushing",
      "playing accordion",
      "playing acoustic guitar",
      "playing badminton",
      "playing bagpipes",
      "playing banjo",
      "playing bass drum",
      "playing bass guitar",
      "playing bassoon",
      "playing bongo",
      "playing bugle",
      "playing castanets",
      "playing cello",
      "playing clarinet",
      "playing congas",
      "playing cornet",
      "playing cymbal",
      "playing darts",
      "playing didgeridoo",
      "playing djembe",
      "playing double bass",
      "playing drum kit",
      "playing electric guitar",
      "playing electronic organ",
      "playing erhu",
      "playing flute",
      "playing french horn",
      "playing glockenspiel",
      "playing gong",
      "playing guiro",
      "playing hammond organ",
      "playing harmonica",
      "playing harp",
      "playing harpsichord",
      "playing hockey",
      "playing lacrosse",
      "playing mandolin",
      "playing marimba, xylophone",
      "playing oboe",
      "playing piano",
      "playing saxophone",
      "playing shofar",
      "playing sitar",
      "playing snare drum",
      "playing squash",
      "playing steel guitar, slide guitar",
      "playing steelpan",
      "playing synthesizer",
      "playing tabla",
      "playing table tennis",
      "playing tambourine",
      "playing tennis",
      "playing theremin",
      "playing timbales",
      "playing timpani",
      "playing trombone",
      "playing trumpet",
      "playing tuning fork",
      "playing tympani",
      "playing ukulele",
      "playing vibraphone",
      "playing violin, fiddle",
      "playing volleyball",
      "playing washboard",
      "playing zither",
      "police car (siren)",
      "police radio chatter",
      "popping popcorn",
      "printer printing",
      "pumping water",
      "race car, auto racing",
      "railroad car, train wagon",
      "raining",
      "rapping",
      "reversing beeps",
      "ripping paper",
      "roller coaster running",
      "rope skipping",
      "rowboat, canoe, kayak rowing",
      "running electric fan",
      "sailing",
      "scuba diving",
      "sea lion barking",
      "sea waves",
      "sharpen knife",
      "sheep bleating",
      "shot football",
      "singing bowl",
      "singing choir",
      "skateboarding",
      "skidding",
      "skiing",
      "sliding door",
      "sloshing water",
      "slot machine",
      "smoke detector beeping",
      "snake hissing",
      "snake rattling",
      "splashing water",
      "spraying water",
      "squishing water",
      "stream burbling",
      "strike lighter",
      "striking bowling",
      "striking pool",
      "subway, metro, underground",
      "swimming",
      "tap dancing",
      "tapping guitar",
      "telephone bell ringing",
      "thunder",
      "toilet flushing",
      "tornado roaring",
      "tractor digging",
      "train horning",
      "train wheels squealing",
      "train whistling",
      "turkey gobbling",
      "typing on computer keyboard",
      "typing on typewriter",
      "underwater bubbling",
      "using sewing machines",
      "vacuum cleaner cleaning floors",
      "vehicle horn, car horn, honking",
      "volcano explosion",
      "warbler chirping",
      "waterfall burbling",
      "whale calling",
      "wind chime",
      "wind noise",
      "wind rustling leaves",
      "wood thrush calling",
      "woodpecker pecking tree",
      "writing on blackboard with chalk",
      "yodelling",
      "zebra braying"
    ],
    "video_dim": 4096,
    "motion_dim": 1,
    "audio_dim": 1
  }
}
{
  "experiment_id": "WP002",
  "finished_at": "2026-06-22 05:41:30",
  "model_type": "standard",
  "best_epoch": 260,
  "best_acc_selection_metric": 0.4256567368489668,
  "final_epoch": 260,
  "final_test_label_gibbs_acc": 0.4256567368489668,
  "full_eval_best_acc": 0.4238315624796298,
  "computed_dims": {
    "input_dim": 4096,
    "label_dim": 2472,
    "hidden_dim": 32768,
    "total_pbits": 39336,
    "num_classes": 309
  },
  "data_dims": {
    "feature_npz": "/home/Hongjie_Zeng/high_order_BM/data_vggsound_full/features/vggsound_full_video_lstm4096_resnet50_f16_seed123.npz",
    "train_size": 182615,
    "test_size": 15341,
    "num_classes": 309,
    "class_names": [
      "air conditioning noise",
      "air horn",
      "airplane",
      "airplane flyby",
      "alarm clock ringing",
      "alligators, crocodiles hissing",
      "ambulance siren",
      "arc welding",
      "baby babbling",
      "baby crying",
      "baby laughter",
      "baltimore oriole calling",
      "barn swallow calling",
      "basketball bounce",
      "bathroom ventilation fan running",
      "beat boxing",
      "bee, wasp, etc. buzzing",
      "bird chirping, tweeting",
      "bird squawking",
      "bird wings flapping",
      "black capped chickadee calling",
      "blowtorch igniting",
      "bouncing on trampoline",
      "bowling impact",
      "bull bellowing",
      "canary calling",
      "cap gun shooting",
      "car engine idling",
      "car engine knocking",
      "car engine starting",
      "car passing by",
      "cat caterwauling",
      "cat growling",
      "cat hissing",
      "cat meowing",
      "cat purring",
      "cattle mooing",
      "cattle, bovinae cowbell",
      "cell phone buzzing",
      "chainsawing trees",
      "cheetah chirrup",
      "chicken clucking",
      "chicken crowing",
      "child singing",
      "child speech, kid speaking",
      "children shouting",
      "chimpanzee pant-hooting",
      "chinchilla barking",
      "chipmunk chirping",
      "chopping food",
      "chopping wood",
      "church bell ringing",
      "civil defense siren",
      "cow lowing",
      "coyote howling",
      "cricket chirping",
      "crow cawing",
      "cuckoo bird calling",
      "cupboard opening or closing",
      "cutting hair with electric trimmers",
      "dinosaurs bellowing",
      "disc scratching",
      "dog barking",
      "dog baying",
      "dog bow-wow",
      "dog growling",
      "dog howling",
      "dog whimpering",
      "donkey, ass braying",
      "door slamming",
      "driving buses",
      "driving motorcycle",
      "driving snowmobile",
      "duck quacking",
      "eagle screaming",
      "eating with cutlery",
      "electric grinder grinding",
      "electric shaver, electric razor shaving",
      "elephant trumpeting",
      "eletric blender running",
      "elk bugling",
      "engine accelerating, revving, vroom",
      "female singing",
      "female speech, woman speaking",
      "ferret dooking",
      "fire crackling",
      "fire truck siren",
      "fireworks banging",
      "firing cannon",
      "firing muskets",
      "fly, housefly buzzing",
      "foghorn",
      "footsteps on snow",
      "forging swords",
      "fox barking",
      "francolin calling",
      "frog croaking",
      "gibbon howling",
      "goat bleating",
      "golf driving",
      "goose honking",
      "hail",
      "hair dryer drying",
      "hammering nails",
      "heart sounds, heartbeat",
      "hedge trimmer running",
      "helicopter",
      "horse clip-clop",
      "horse neighing",
      "ice cracking",
      "ice cream truck, ice cream van",
      "lathe spinning",
      "lawn mowing",
      "lighting firecrackers",
      "lions growling",
      "lions roaring",
      "lip smacking",
      "machine gun shooting",
      "magpie calling",
      "male singing",
      "male speech, man speaking",
      "metronome",
      "missile launch",
      "mosquito buzzing",
      "motorboat, speedboat acceleration",
      "mouse clicking",
      "mouse pattering",
      "mouse squeaking",
      "mynah bird singing",
      "ocean burbling",
      "opening or closing car doors",
      "opening or closing car electric windows",
      "opening or closing drawers",
      "orchestra",
      "otter growling",
      "owl hooting",
      "parrot talking",
      "penguins braying",
      "people babbling",
      "people battle cry",
      "people belly laughing",
      "people booing",
      "people burping",
      "people cheering",
      "people clapping",
      "people coughing",
      "people crowd",
      "people eating",
      "people eating apple",
      "people eating crisps",
      "people eating noodle",
      "people farting",
      "people finger snapping",
      "people gargling",
      "people giggling",
      "people hiccup",
      "people humming",
      "people marching",
      "people nose blowing",
      "people running",
      "people screaming",
      "people shuffling",
      "people slapping",
      "people slurping",
      "people sneezing",
      "people sniggering",
      "people sobbing",
      "people whispering",
      "people whistling",
      "pheasant crowing",
      "pig oinking",
      "pigeon, dove cooing",
      "planing timber",
      "plastic bottle crushing",
      "playing accordion",
      "playing acoustic guitar",
      "playing badminton",
      "playing bagpipes",
      "playing banjo",
      "playing bass drum",
      "playing bass guitar",
      "playing bassoon",
      "playing bongo",
      "playing bugle",
      "playing castanets",
      "playing cello",
      "playing clarinet",
      "playing congas",
      "playing cornet",
      "playing cymbal",
      "playing darts",
      "playing didgeridoo",
      "playing djembe",
      "playing double bass",
      "playing drum kit",
      "playing electric guitar",
      "playing electronic organ",
      "playing erhu",
      "playing flute",
      "playing french horn",
      "playing glockenspiel",
      "playing gong",
      "playing guiro",
      "playing hammond organ",
      "playing harmonica",
      "playing harp",
      "playing harpsichord",
      "playing hockey",
      "playing lacrosse",
      "playing mandolin",
      "playing marimba, xylophone",
      "playing oboe",
      "playing piano",
      "playing saxophone",
      "playing shofar",
      "playing sitar",
      "playing snare drum",
      "playing squash",
      "playing steel guitar, slide guitar",
      "playing steelpan",
      "playing synthesizer",
      "playing tabla",
      "playing table tennis",
      "playing tambourine",
      "playing tennis",
      "playing theremin",
      "playing timbales",
      "playing timpani",
      "playing trombone",
      "playing trumpet",
      "playing tuning fork",
      "playing tympani",
      "playing ukulele",
      "playing vibraphone",
      "playing violin, fiddle",
      "playing volleyball",
      "playing washboard",
      "playing zither",
      "police car (siren)",
      "police radio chatter",
      "popping popcorn",
      "printer printing",
      "pumping water",
      "race car, auto racing",
      "railroad car, train wagon",
      "raining",
      "rapping",
      "reversing beeps",
      "ripping paper",
      "roller coaster running",
      "rope skipping",
      "rowboat, canoe, kayak rowing",
      "running electric fan",
      "sailing",
      "scuba diving",
      "sea lion barking",
      "sea waves",
      "sharpen knife",
      "sheep bleating",
      "shot football",
      "singing bowl",
      "singing choir",
      "skateboarding",
      "skidding",
      "skiing",
      "sliding door",
      "sloshing water",
      "slot machine",
      "smoke detector beeping",
      "snake hissing",
      "snake rattling",
      "splashing water",
      "spraying water",
      "squishing water",
      "stream burbling",
      "strike lighter",
      "striking bowling",
      "striking pool",
      "subway, metro, underground",
      "swimming",
      "tap dancing",
      "tapping guitar",
      "telephone bell ringing",
      "thunder",
      "toilet flushing",
      "tornado roaring",
      "tractor digging",
      "train horning",
      "train wheels squealing",
      "train whistling",
      "turkey gobbling",
      "typing on computer keyboard",
      "typing on typewriter",
      "underwater bubbling",
      "using sewing machines",
      "vacuum cleaner cleaning floors",
      "vehicle horn, car horn, honking",
      "volcano explosion",
      "warbler chirping",
      "waterfall burbling",
      "whale calling",
      "wind chime",
      "wind noise",
      "wind rustling leaves",
      "wood thrush calling",
      "woodpecker pecking tree",
      "writing on blackboard with chalk",
      "yodelling",
      "zebra braying"
    ],
    "video_dim": 4096,
    "motion_dim": 1,
    "audio_dim": 1
  },
  "out_dir": "/home/Hongjie_Zeng/high_order_BM/runs_vggsound_full_WP002_video_lstm4096_h8_lc8_e260"
}
