[data] train=182615 test=15341 classes=309 video=4096 motion=1 audio=4096 device=cuda
[model] standard input=4096 label=1545 hidden=32768 total=38409 mode=avg_video_audio
[init] estimating visible bias from training set
[epoch 001] recon_mse=0.03602
[epoch 002] recon_mse=0.02618
[epoch 003] recon_mse=0.02077
[epoch 004] recon_mse=0.01706
[epoch 005] recon_mse=0.01439 quick_test_acc=0.0126 ent=5.5907
[epoch 006] recon_mse=0.01329
[epoch 007] recon_mse=0.01282
[epoch 008] recon_mse=0.01252
[epoch 009] recon_mse=0.01231
[epoch 010] recon_mse=0.01216 quick_test_acc=0.0383 ent=5.5887
[epoch 011] recon_mse=0.01205
[epoch 012] recon_mse=0.01195
[epoch 013] recon_mse=0.01187
[epoch 014] recon_mse=0.01181
[epoch 015] recon_mse=0.01176 quick_test_acc=0.0422 ent=5.5858
[epoch 016] recon_mse=0.01172
[epoch 017] recon_mse=0.01168
[epoch 018] recon_mse=0.01164
[epoch 019] recon_mse=0.01160
[epoch 020] recon_mse=0.01156 quick_test_acc=0.0690 ent=5.5768
[epoch 021] recon_mse=0.01153
[epoch 022] recon_mse=0.01150
[epoch 023] recon_mse=0.01147
[epoch 024] recon_mse=0.01145
[epoch 025] recon_mse=0.01143 quick_test_acc=0.0982 ent=5.5636
[epoch 026] recon_mse=0.01141
[epoch 027] recon_mse=0.01139
[epoch 028] recon_mse=0.01138
[epoch 029] recon_mse=0.01136
[epoch 030] recon_mse=0.01135 quick_test_acc=0.1161 ent=5.5474
[epoch 031] recon_mse=0.01133
[epoch 032] recon_mse=0.01132
[epoch 033] recon_mse=0.01130
[epoch 034] recon_mse=0.01129
[epoch 035] recon_mse=0.01127 quick_test_acc=0.1309 ent=5.5258
[epoch 036] recon_mse=0.01126
[epoch 037] recon_mse=0.01124
[epoch 038] recon_mse=0.01123
[epoch 039] recon_mse=0.01121
[epoch 040] recon_mse=0.01120 quick_test_acc=0.1459 ent=5.5014
[epoch 041] recon_mse=0.01119
[epoch 042] recon_mse=0.01117
[epoch 043] recon_mse=0.01116
[epoch 044] recon_mse=0.01115
[epoch 045] recon_mse=0.01113 quick_test_acc=0.1564 ent=5.4729
[epoch 046] recon_mse=0.01112
[epoch 047] recon_mse=0.01111
[epoch 048] recon_mse=0.01110
[epoch 049] recon_mse=0.01108
[epoch 050] recon_mse=0.01107 quick_test_acc=0.1687 ent=5.4408
[epoch 051] recon_mse=0.01106
[epoch 052] recon_mse=0.01104
[epoch 053] recon_mse=0.01103
[epoch 054] recon_mse=0.01102
[epoch 055] recon_mse=0.01101 quick_test_acc=0.1768 ent=5.4064
[epoch 056] recon_mse=0.01099
[epoch 057] recon_mse=0.01098
[epoch 058] recon_mse=0.01096
[epoch 059] recon_mse=0.01096
[epoch 060] recon_mse=0.01094 quick_test_acc=0.1834 ent=5.3675
[epoch 061] recon_mse=0.01093
[epoch 062] recon_mse=0.01091
[epoch 063] recon_mse=0.01090
[epoch 064] recon_mse=0.01089
[epoch 065] recon_mse=0.01088 quick_test_acc=0.1902 ent=5.3263
[epoch 066] recon_mse=0.01086
[epoch 067] recon_mse=0.01085
[epoch 068] recon_mse=0.01083
[epoch 069] recon_mse=0.01082
[epoch 070] recon_mse=0.01080 quick_test_acc=0.2000 ent=5.2858
[epoch 071] recon_mse=0.01079
[epoch 072] recon_mse=0.01078
[epoch 073] recon_mse=0.01076
[epoch 074] recon_mse=0.01075
[epoch 075] recon_mse=0.01074 quick_test_acc=0.2077 ent=5.2399
[epoch 076] recon_mse=0.01072
[epoch 077] recon_mse=0.01071
[epoch 078] recon_mse=0.01069
[epoch 079] recon_mse=0.01068
[epoch 080] recon_mse=0.01067 quick_test_acc=0.2173 ent=5.1960
[epoch 081] recon_mse=0.01066
[epoch 082] recon_mse=0.01064
[epoch 083] recon_mse=0.01063
[epoch 084] recon_mse=0.01062
[epoch 085] recon_mse=0.01060 quick_test_acc=0.2242 ent=5.1491
[epoch 086] recon_mse=0.01059
[epoch 087] recon_mse=0.01058
[epoch 088] recon_mse=0.01056
[epoch 089] recon_mse=0.01055
[epoch 090] recon_mse=0.01054 quick_test_acc=0.2309 ent=5.1045
[epoch 091] recon_mse=0.01053
[epoch 092] recon_mse=0.01051
[epoch 093] recon_mse=0.01050
[epoch 094] recon_mse=0.01049
[epoch 095] recon_mse=0.01048 quick_test_acc=0.2387 ent=5.0590
[epoch 096] recon_mse=0.01046
[epoch 097] recon_mse=0.01045
[epoch 098] recon_mse=0.01044
[epoch 099] recon_mse=0.01042
[epoch 100] recon_mse=0.01041 quick_test_acc=0.2437 ent=5.0144
[epoch 101] recon_mse=0.01040
[epoch 102] recon_mse=0.01039
[epoch 103] recon_mse=0.01038
[epoch 104] recon_mse=0.01037
[epoch 105] recon_mse=0.01036 quick_test_acc=0.2515 ent=4.9730
[epoch 106] recon_mse=0.01034
[epoch 107] recon_mse=0.01033
[epoch 108] recon_mse=0.01032
[epoch 109] recon_mse=0.01031
[epoch 110] recon_mse=0.01030 quick_test_acc=0.2572 ent=4.9312
[epoch 111] recon_mse=0.01029
[epoch 112] recon_mse=0.01027
[epoch 113] recon_mse=0.01027
[epoch 114] recon_mse=0.01025
[epoch 115] recon_mse=0.01024 quick_test_acc=0.2611 ent=4.8917
[epoch 116] recon_mse=0.01023
[epoch 117] recon_mse=0.01022
[epoch 118] recon_mse=0.01021
[epoch 119] recon_mse=0.01020
[epoch 120] recon_mse=0.01019 quick_test_acc=0.2650 ent=4.8530
[epoch 121] recon_mse=0.01018
[epoch 122] recon_mse=0.01017
[epoch 123] recon_mse=0.01016
[epoch 124] recon_mse=0.01015
[epoch 125] recon_mse=0.01014 quick_test_acc=0.2698 ent=4.8129
[epoch 126] recon_mse=0.01013
[epoch 127] recon_mse=0.01012
[epoch 128] recon_mse=0.01011
[epoch 129] recon_mse=0.01010
[epoch 130] recon_mse=0.01009 quick_test_acc=0.2729 ent=4.7730
[epoch 131] recon_mse=0.01008
[epoch 132] recon_mse=0.01007
[epoch 133] recon_mse=0.01006
[epoch 134] recon_mse=0.01005
[epoch 135] recon_mse=0.01004 quick_test_acc=0.2779 ent=4.7420
[epoch 136] recon_mse=0.01003
[epoch 137] recon_mse=0.01002
[epoch 138] recon_mse=0.01001
[epoch 139] recon_mse=0.01000
[epoch 140] recon_mse=0.00999 quick_test_acc=0.2813 ent=4.7073
[epoch 141] recon_mse=0.00999
[epoch 142] recon_mse=0.00998
[epoch 143] recon_mse=0.00997
[epoch 144] recon_mse=0.00996
[epoch 145] recon_mse=0.00995 quick_test_acc=0.2843 ent=4.6647
[epoch 146] recon_mse=0.00994
[epoch 147] recon_mse=0.00993
[epoch 148] recon_mse=0.00992
[epoch 149] recon_mse=0.00991
[epoch 150] recon_mse=0.00991 quick_test_acc=0.2891 ent=4.6357
[epoch 151] recon_mse=0.00989
[epoch 152] recon_mse=0.00988
[epoch 153] recon_mse=0.00988
[epoch 154] recon_mse=0.00987
[epoch 155] recon_mse=0.00986 quick_test_acc=0.2935 ent=4.5975
[epoch 156] recon_mse=0.00985
[epoch 157] recon_mse=0.00984
[epoch 158] recon_mse=0.00984
[epoch 159] recon_mse=0.00983
[epoch 160] recon_mse=0.00982 quick_test_acc=0.2982 ent=4.5602
[epoch 161] recon_mse=0.00981
[epoch 162] recon_mse=0.00980
[epoch 163] recon_mse=0.00979
[epoch 164] recon_mse=0.00978
[epoch 165] recon_mse=0.00978 quick_test_acc=0.3002 ent=4.5300
[epoch 166] recon_mse=0.00977
[epoch 167] recon_mse=0.00976
[epoch 168] recon_mse=0.00975
[epoch 169] recon_mse=0.00975
[epoch 170] recon_mse=0.00974 quick_test_acc=0.3021 ent=4.4978
[epoch 171] recon_mse=0.00973
[epoch 172] recon_mse=0.00972
[epoch 173] recon_mse=0.00971
[epoch 174] recon_mse=0.00971
[epoch 175] recon_mse=0.00970 quick_test_acc=0.3051 ent=4.4722
[epoch 176] recon_mse=0.00969
[epoch 177] recon_mse=0.00969
[epoch 178] recon_mse=0.00968
[epoch 179] recon_mse=0.00967
[epoch 180] recon_mse=0.00966 quick_test_acc=0.3098 ent=4.4476
[epoch 181] recon_mse=0.00965
[epoch 182] recon_mse=0.00965
[epoch 183] recon_mse=0.00964
[epoch 184] recon_mse=0.00963
[epoch 185] recon_mse=0.00963 quick_test_acc=0.3128 ent=4.4071
[epoch 186] recon_mse=0.00961
[epoch 187] recon_mse=0.00961
[epoch 188] recon_mse=0.00960
[epoch 189] recon_mse=0.00960
[epoch 190] recon_mse=0.00959 quick_test_acc=0.3158 ent=4.3788
[epoch 191] recon_mse=0.00958
[epoch 192] recon_mse=0.00958
[epoch 193] recon_mse=0.00957
[epoch 194] recon_mse=0.00956
[epoch 195] recon_mse=0.00955 quick_test_acc=0.3183 ent=4.3596
[epoch 196] recon_mse=0.00955
[epoch 197] recon_mse=0.00954
[epoch 198] recon_mse=0.00953
[epoch 199] recon_mse=0.00953
[epoch 200] recon_mse=0.00952 quick_test_acc=0.3204 ent=4.3340
[epoch 201] recon_mse=0.00952
[epoch 202] recon_mse=0.00950
[epoch 203] recon_mse=0.00950
[epoch 204] recon_mse=0.00949
[epoch 205] recon_mse=0.00948 quick_test_acc=0.3229 ent=4.2993
[epoch 206] recon_mse=0.00948
[epoch 207] recon_mse=0.00947
[epoch 208] recon_mse=0.00946
[epoch 209] recon_mse=0.00946
[epoch 210] recon_mse=0.00946 quick_test_acc=0.3261 ent=4.2820
[epoch 211] recon_mse=0.00945
[epoch 212] recon_mse=0.00944
[epoch 213] recon_mse=0.00944
[epoch 214] recon_mse=0.00943
[epoch 215] recon_mse=0.00943 quick_test_acc=0.3292 ent=4.2555
[epoch 216] recon_mse=0.00942
[epoch 217] recon_mse=0.00941
[epoch 218] recon_mse=0.00940
[epoch 219] recon_mse=0.00940
[epoch 220] recon_mse=0.00939 quick_test_acc=0.3311 ent=4.2307
[epoch 221] recon_mse=0.00939
[epoch 222] recon_mse=0.00938
[epoch 223] recon_mse=0.00938
[epoch 224] recon_mse=0.00937
[epoch 225] recon_mse=0.00936 quick_test_acc=0.3334 ent=4.2098
[epoch 226] recon_mse=0.00936
[epoch 227] recon_mse=0.00935
[epoch 228] recon_mse=0.00935
[epoch 229] recon_mse=0.00934
[epoch 230] recon_mse=0.00934 quick_test_acc=0.3371 ent=4.1918
[epoch 231] recon_mse=0.00933
[epoch 232] recon_mse=0.00932
[epoch 233] recon_mse=0.00932
[epoch 234] recon_mse=0.00931
[epoch 235] recon_mse=0.00931 quick_test_acc=0.3389 ent=4.1596
[epoch 236] recon_mse=0.00930
[epoch 237] recon_mse=0.00930
[epoch 238] recon_mse=0.00929
[epoch 239] recon_mse=0.00928
[epoch 240] recon_mse=0.00928 quick_test_acc=0.3398 ent=4.1378
[epoch 241] recon_mse=0.00927
[epoch 242] recon_mse=0.00927
[epoch 243] recon_mse=0.00926
[epoch 244] recon_mse=0.00926
[epoch 245] recon_mse=0.00926 quick_test_acc=0.3421 ent=4.1143
[epoch 246] recon_mse=0.00925
[epoch 247] recon_mse=0.00924
[epoch 248] recon_mse=0.00924
[epoch 249] recon_mse=0.00923
[epoch 250] recon_mse=0.00923 quick_test_acc=0.3452 ent=4.0936
[epoch 251] recon_mse=0.00923
[epoch 252] recon_mse=0.00922
[epoch 253] recon_mse=0.00921
[epoch 254] recon_mse=0.00921
[epoch 255] recon_mse=0.00921 quick_test_acc=0.3466 ent=4.0731
[epoch 256] recon_mse=0.00920
[epoch 257] recon_mse=0.00919
[epoch 258] recon_mse=0.00919
[epoch 259] recon_mse=0.00918
[epoch 260] recon_mse=0.00918 quick_test_acc=0.3480 ent=4.0534
[epoch 261] recon_mse=0.00918
[epoch 262] recon_mse=0.00917
[epoch 263] recon_mse=0.00917
[epoch 264] recon_mse=0.00916
[epoch 265] recon_mse=0.00916 quick_test_acc=0.3513 ent=4.0301
[epoch 266] recon_mse=0.00915
[epoch 267] recon_mse=0.00915
[epoch 268] recon_mse=0.00914
[epoch 269] recon_mse=0.00914
[epoch 270] recon_mse=0.00913 quick_test_acc=0.3539 ent=4.0143
[epoch 271] recon_mse=0.00913
[epoch 272] recon_mse=0.00913
[epoch 273] recon_mse=0.00912
[epoch 274] recon_mse=0.00912
[epoch 275] recon_mse=0.00911 quick_test_acc=0.3551 ent=3.9828
[epoch 276] recon_mse=0.00911
[epoch 277] recon_mse=0.00911
[epoch 278] recon_mse=0.00910
[epoch 279] recon_mse=0.00910
[epoch 280] recon_mse=0.00909 quick_test_acc=0.3568 ent=3.9759
[epoch 281] recon_mse=0.00909
[epoch 282] recon_mse=0.00909
[epoch 283] recon_mse=0.00908
[epoch 284] recon_mse=0.00908
[epoch 285] recon_mse=0.00907 quick_test_acc=0.3601 ent=3.9527
[epoch 286] recon_mse=0.00907
[epoch 287] recon_mse=0.00906
[epoch 288] recon_mse=0.00906
[epoch 289] recon_mse=0.00906
[epoch 290] recon_mse=0.00905 quick_test_acc=0.3617 ent=3.9338
[epoch 291] recon_mse=0.00905
[epoch 292] recon_mse=0.00904
[epoch 293] recon_mse=0.00904
[epoch 294] recon_mse=0.00904
[epoch 295] recon_mse=0.00903 quick_test_acc=0.3635 ent=3.9191
[epoch 296] recon_mse=0.00903
[epoch 297] recon_mse=0.00903
[epoch 298] recon_mse=0.00902
[epoch 299] recon_mse=0.00902
[epoch 300] recon_mse=0.00901 quick_test_acc=0.3653 ent=3.9026
[epoch 301] recon_mse=0.00901
[epoch 302] recon_mse=0.00901
[epoch 303] recon_mse=0.00900
[epoch 304] recon_mse=0.00900
[epoch 305] recon_mse=0.00899 quick_test_acc=0.3671 ent=3.8867
[epoch 306] recon_mse=0.00899
[epoch 307] recon_mse=0.00899
[epoch 308] recon_mse=0.00898
[epoch 309] recon_mse=0.00898
[epoch 310] recon_mse=0.00898 quick_test_acc=0.3694 ent=3.8683
[epoch 311] recon_mse=0.00897
[epoch 312] recon_mse=0.00897
[epoch 313] recon_mse=0.00897
[epoch 314] recon_mse=0.00896
[epoch 315] recon_mse=0.00896 quick_test_acc=0.3704 ent=3.8543
[epoch 316] recon_mse=0.00896
[epoch 317] recon_mse=0.00895
[epoch 318] recon_mse=0.00895
[epoch 319] recon_mse=0.00894
[epoch 320] recon_mse=0.00894 quick_test_acc=0.3726 ent=3.8315
[full_eval_best] {
  "created_at": "2026-06-21 22:57:26",
  "ckpt": "/home/Hongjie_Zeng/high_order_BM/runs_vggsound_full_AV001_standard_avg_videolstm4096_audiocnnlstm4096_h8_lc5_e320/best.pt",
  "ckpt_epoch": 320,
  "ckpt_best_acc": 0.372596310540382,
  "eval_steps": 3000,
  "eval_burn_in": 500,
  "eval_thin": 2,
  "test_label_gibbs_acc": 0.3728570497360016,
  "test_label_entropy": 3.8295653174320856,
  "computed_dims": {
    "input_dim": 4096,
    "label_dim": 1545,
    "hidden_dim": 32768,
    "total_pbits": 38409,
    "num_classes": 309
  },
  "data_dims": {
    "feature_npz": "/home/Hongjie_Zeng/high_order_BM/data_vggsound_full/features/vggsound_full_aligned_videolstm4096_audiocnnlstm4096_seed123.npz",
    "train_size": 182615,
    "test_size": 15341,
    "num_classes": 309,
    "class_names": [
      "air conditioning noise",
      "air horn",
      "airplane",
      "airplane flyby",
      "alarm clock ringing",
      "alligators, crocodiles hissing",
      "ambulance siren",
      "arc welding",
      "baby babbling",
      "baby crying",
      "baby laughter",
      "baltimore oriole calling",
      "barn swallow calling",
      "basketball bounce",
      "bathroom ventilation fan running",
      "beat boxing",
      "bee, wasp, etc. buzzing",
      "bird chirping, tweeting",
      "bird squawking",
      "bird wings flapping",
      "black capped chickadee calling",
      "blowtorch igniting",
      "bouncing on trampoline",
      "bowling impact",
      "bull bellowing",
      "canary calling",
      "cap gun shooting",
      "car engine idling",
      "car engine knocking",
      "car engine starting",
      "car passing by",
      "cat caterwauling",
      "cat growling",
      "cat hissing",
      "cat meowing",
      "cat purring",
      "cattle mooing",
      "cattle, bovinae cowbell",
      "cell phone buzzing",
      "chainsawing trees",
      "cheetah chirrup",
      "chicken clucking",
      "chicken crowing",
      "child singing",
      "child speech, kid speaking",
      "children shouting",
      "chimpanzee pant-hooting",
      "chinchilla barking",
      "chipmunk chirping",
      "chopping food",
      "chopping wood",
      "church bell ringing",
      "civil defense siren",
      "cow lowing",
      "coyote howling",
      "cricket chirping",
      "crow cawing",
      "cuckoo bird calling",
      "cupboard opening or closing",
      "cutting hair with electric trimmers",
      "dinosaurs bellowing",
      "disc scratching",
      "dog barking",
      "dog baying",
      "dog bow-wow",
      "dog growling",
      "dog howling",
      "dog whimpering",
      "donkey, ass braying",
      "door slamming",
      "driving buses",
      "driving motorcycle",
      "driving snowmobile",
      "duck quacking",
      "eagle screaming",
      "eating with cutlery",
      "electric grinder grinding",
      "electric shaver, electric razor shaving",
      "elephant trumpeting",
      "eletric blender running",
      "elk bugling",
      "engine accelerating, revving, vroom",
      "female singing",
      "female speech, woman speaking",
      "ferret dooking",
      "fire crackling",
      "fire truck siren",
      "fireworks banging",
      "firing cannon",
      "firing muskets",
      "fly, housefly buzzing",
      "foghorn",
      "footsteps on snow",
      "forging swords",
      "fox barking",
      "francolin calling",
      "frog croaking",
      "gibbon howling",
      "goat bleating",
      "golf driving",
      "goose honking",
      "hail",
      "hair dryer drying",
      "hammering nails",
      "heart sounds, heartbeat",
      "hedge trimmer running",
      "helicopter",
      "horse clip-clop",
      "horse neighing",
      "ice cracking",
      "ice cream truck, ice cream van",
      "lathe spinning",
      "lawn mowing",
      "lighting firecrackers",
      "lions growling",
      "lions roaring",
      "lip smacking",
      "machine gun shooting",
      "magpie calling",
      "male singing",
      "male speech, man speaking",
      "metronome",
      "missile launch",
      "mosquito buzzing",
      "motorboat, speedboat acceleration",
      "mouse clicking",
      "mouse pattering",
      "mouse squeaking",
      "mynah bird singing",
      "ocean burbling",
      "opening or closing car doors",
      "opening or closing car electric windows",
      "opening or closing drawers",
      "orchestra",
      "otter growling",
      "owl hooting",
      "parrot talking",
      "penguins braying",
      "people babbling",
      "people battle cry",
      "people belly laughing",
      "people booing",
      "people burping",
      "people cheering",
      "people clapping",
      "people coughing",
      "people crowd",
      "people eating",
      "people eating apple",
      "people eating crisps",
      "people eating noodle",
      "people farting",
      "people finger snapping",
      "people gargling",
      "people giggling",
      "people hiccup",
      "people humming",
      "people marching",
      "people nose blowing",
      "people running",
      "people screaming",
      "people shuffling",
      "people slapping",
      "people slurping",
      "people sneezing",
      "people sniggering",
      "people sobbing",
      "people whispering",
      "people whistling",
      "pheasant crowing",
      "pig oinking",
      "pigeon, dove cooing",
      "planing timber",
      "plastic bottle crushing",
      "playing accordion",
      "playing acoustic guitar",
      "playing badminton",
      "playing bagpipes",
      "playing banjo",
      "playing bass drum",
      "playing bass guitar",
      "playing bassoon",
      "playing bongo",
      "playing bugle",
      "playing castanets",
      "playing cello",
      "playing clarinet",
      "playing congas",
      "playing cornet",
      "playing cymbal",
      "playing darts",
      "playing didgeridoo",
      "playing djembe",
      "playing double bass",
      "playing drum kit",
      "playing electric guitar",
      "playing electronic organ",
      "playing erhu",
      "playing flute",
      "playing french horn",
      "playing glockenspiel",
      "playing gong",
      "playing guiro",
      "playing hammond organ",
      "playing harmonica",
      "playing harp",
      "playing harpsichord",
      "playing hockey",
      "playing lacrosse",
      "playing mandolin",
      "playing marimba, xylophone",
      "playing oboe",
      "playing piano",
      "playing saxophone",
      "playing shofar",
      "playing sitar",
      "playing snare drum",
      "playing squash",
      "playing steel guitar, slide guitar",
      "playing steelpan",
      "playing synthesizer",
      "playing tabla",
      "playing table tennis",
      "playing tambourine",
      "playing tennis",
      "playing theremin",
      "playing timbales",
      "playing timpani",
      "playing trombone",
      "playing trumpet",
      "playing tuning fork",
      "playing tympani",
      "playing ukulele",
      "playing vibraphone",
      "playing violin, fiddle",
      "playing volleyball",
      "playing washboard",
      "playing zither",
      "police car (siren)",
      "police radio chatter",
      "popping popcorn",
      "printer printing",
      "pumping water",
      "race car, auto racing",
      "railroad car, train wagon",
      "raining",
      "rapping",
      "reversing beeps",
      "ripping paper",
      "roller coaster running",
      "rope skipping",
      "rowboat, canoe, kayak rowing",
      "running electric fan",
      "sailing",
      "scuba diving",
      "sea lion barking",
      "sea waves",
      "sharpen knife",
      "sheep bleating",
      "shot football",
      "singing bowl",
      "singing choir",
      "skateboarding",
      "skidding",
      "skiing",
      "sliding door",
      "sloshing water",
      "slot machine",
      "smoke detector beeping",
      "snake hissing",
      "snake rattling",
      "splashing water",
      "spraying water",
      "squishing water",
      "stream burbling",
      "strike lighter",
      "striking bowling",
      "striking pool",
      "subway, metro, underground",
      "swimming",
      "tap dancing",
      "tapping guitar",
      "telephone bell ringing",
      "thunder",
      "toilet flushing",
      "tornado roaring",
      "tractor digging",
      "train horning",
      "train wheels squealing",
      "train whistling",
      "turkey gobbling",
      "typing on computer keyboard",
      "typing on typewriter",
      "underwater bubbling",
      "using sewing machines",
      "vacuum cleaner cleaning floors",
      "vehicle horn, car horn, honking",
      "volcano explosion",
      "warbler chirping",
      "waterfall burbling",
      "whale calling",
      "wind chime",
      "wind noise",
      "wind rustling leaves",
      "wood thrush calling",
      "woodpecker pecking tree",
      "writing on blackboard with chalk",
      "yodelling",
      "zebra braying"
    ],
    "video_dim": 4096,
    "motion_dim": 1,
    "audio_dim": 4096
  }
}
{
  "experiment_id": "AV001",
  "finished_at": "2026-06-21 22:57:26",
  "model_type": "standard",
  "best_epoch": 320,
  "best_acc_selection_metric": 0.372596310540382,
  "final_epoch": 320,
  "final_test_label_gibbs_acc": 0.372596310540382,
  "full_eval_best_acc": 0.3728570497360016,
  "computed_dims": {
    "input_dim": 4096,
    "label_dim": 1545,
    "hidden_dim": 32768,
    "total_pbits": 38409,
    "num_classes": 309
  },
  "data_dims": {
    "feature_npz": "/home/Hongjie_Zeng/high_order_BM/data_vggsound_full/features/vggsound_full_aligned_videolstm4096_audiocnnlstm4096_seed123.npz",
    "train_size": 182615,
    "test_size": 15341,
    "num_classes": 309,
    "class_names": [
      "air conditioning noise",
      "air horn",
      "airplane",
      "airplane flyby",
      "alarm clock ringing",
      "alligators, crocodiles hissing",
      "ambulance siren",
      "arc welding",
      "baby babbling",
      "baby crying",
      "baby laughter",
      "baltimore oriole calling",
      "barn swallow calling",
      "basketball bounce",
      "bathroom ventilation fan running",
      "beat boxing",
      "bee, wasp, etc. buzzing",
      "bird chirping, tweeting",
      "bird squawking",
      "bird wings flapping",
      "black capped chickadee calling",
      "blowtorch igniting",
      "bouncing on trampoline",
      "bowling impact",
      "bull bellowing",
      "canary calling",
      "cap gun shooting",
      "car engine idling",
      "car engine knocking",
      "car engine starting",
      "car passing by",
      "cat caterwauling",
      "cat growling",
      "cat hissing",
      "cat meowing",
      "cat purring",
      "cattle mooing",
      "cattle, bovinae cowbell",
      "cell phone buzzing",
      "chainsawing trees",
      "cheetah chirrup",
      "chicken clucking",
      "chicken crowing",
      "child singing",
      "child speech, kid speaking",
      "children shouting",
      "chimpanzee pant-hooting",
      "chinchilla barking",
      "chipmunk chirping",
      "chopping food",
      "chopping wood",
      "church bell ringing",
      "civil defense siren",
      "cow lowing",
      "coyote howling",
      "cricket chirping",
      "crow cawing",
      "cuckoo bird calling",
      "cupboard opening or closing",
      "cutting hair with electric trimmers",
      "dinosaurs bellowing",
      "disc scratching",
      "dog barking",
      "dog baying",
      "dog bow-wow",
      "dog growling",
      "dog howling",
      "dog whimpering",
      "donkey, ass braying",
      "door slamming",
      "driving buses",
      "driving motorcycle",
      "driving snowmobile",
      "duck quacking",
      "eagle screaming",
      "eating with cutlery",
      "electric grinder grinding",
      "electric shaver, electric razor shaving",
      "elephant trumpeting",
      "eletric blender running",
      "elk bugling",
      "engine accelerating, revving, vroom",
      "female singing",
      "female speech, woman speaking",
      "ferret dooking",
      "fire crackling",
      "fire truck siren",
      "fireworks banging",
      "firing cannon",
      "firing muskets",
      "fly, housefly buzzing",
      "foghorn",
      "footsteps on snow",
      "forging swords",
      "fox barking",
      "francolin calling",
      "frog croaking",
      "gibbon howling",
      "goat bleating",
      "golf driving",
      "goose honking",
      "hail",
      "hair dryer drying",
      "hammering nails",
      "heart sounds, heartbeat",
      "hedge trimmer running",
      "helicopter",
      "horse clip-clop",
      "horse neighing",
      "ice cracking",
      "ice cream truck, ice cream van",
      "lathe spinning",
      "lawn mowing",
      "lighting firecrackers",
      "lions growling",
      "lions roaring",
      "lip smacking",
      "machine gun shooting",
      "magpie calling",
      "male singing",
      "male speech, man speaking",
      "metronome",
      "missile launch",
      "mosquito buzzing",
      "motorboat, speedboat acceleration",
      "mouse clicking",
      "mouse pattering",
      "mouse squeaking",
      "mynah bird singing",
      "ocean burbling",
      "opening or closing car doors",
      "opening or closing car electric windows",
      "opening or closing drawers",
      "orchestra",
      "otter growling",
      "owl hooting",
      "parrot talking",
      "penguins braying",
      "people babbling",
      "people battle cry",
      "people belly laughing",
      "people booing",
      "people burping",
      "people cheering",
      "people clapping",
      "people coughing",
      "people crowd",
      "people eating",
      "people eating apple",
      "people eating crisps",
      "people eating noodle",
      "people farting",
      "people finger snapping",
      "people gargling",
      "people giggling",
      "people hiccup",
      "people humming",
      "people marching",
      "people nose blowing",
      "people running",
      "people screaming",
      "people shuffling",
      "people slapping",
      "people slurping",
      "people sneezing",
      "people sniggering",
      "people sobbing",
      "people whispering",
      "people whistling",
      "pheasant crowing",
      "pig oinking",
      "pigeon, dove cooing",
      "planing timber",
      "plastic bottle crushing",
      "playing accordion",
      "playing acoustic guitar",
      "playing badminton",
      "playing bagpipes",
      "playing banjo",
      "playing bass drum",
      "playing bass guitar",
      "playing bassoon",
      "playing bongo",
      "playing bugle",
      "playing castanets",
      "playing cello",
      "playing clarinet",
      "playing congas",
      "playing cornet",
      "playing cymbal",
      "playing darts",
      "playing didgeridoo",
      "playing djembe",
      "playing double bass",
      "playing drum kit",
      "playing electric guitar",
      "playing electronic organ",
      "playing erhu",
      "playing flute",
      "playing french horn",
      "playing glockenspiel",
      "playing gong",
      "playing guiro",
      "playing hammond organ",
      "playing harmonica",
      "playing harp",
      "playing harpsichord",
      "playing hockey",
      "playing lacrosse",
      "playing mandolin",
      "playing marimba, xylophone",
      "playing oboe",
      "playing piano",
      "playing saxophone",
      "playing shofar",
      "playing sitar",
      "playing snare drum",
      "playing squash",
      "playing steel guitar, slide guitar",
      "playing steelpan",
      "playing synthesizer",
      "playing tabla",
      "playing table tennis",
      "playing tambourine",
      "playing tennis",
      "playing theremin",
      "playing timbales",
      "playing timpani",
      "playing trombone",
      "playing trumpet",
      "playing tuning fork",
      "playing tympani",
      "playing ukulele",
      "playing vibraphone",
      "playing violin, fiddle",
      "playing volleyball",
      "playing washboard",
      "playing zither",
      "police car (siren)",
      "police radio chatter",
      "popping popcorn",
      "printer printing",
      "pumping water",
      "race car, auto racing",
      "railroad car, train wagon",
      "raining",
      "rapping",
      "reversing beeps",
      "ripping paper",
      "roller coaster running",
      "rope skipping",
      "rowboat, canoe, kayak rowing",
      "running electric fan",
      "sailing",
      "scuba diving",
      "sea lion barking",
      "sea waves",
      "sharpen knife",
      "sheep bleating",
      "shot football",
      "singing bowl",
      "singing choir",
      "skateboarding",
      "skidding",
      "skiing",
      "sliding door",
      "sloshing water",
      "slot machine",
      "smoke detector beeping",
      "snake hissing",
      "snake rattling",
      "splashing water",
      "spraying water",
      "squishing water",
      "stream burbling",
      "strike lighter",
      "striking bowling",
      "striking pool",
      "subway, metro, underground",
      "swimming",
      "tap dancing",
      "tapping guitar",
      "telephone bell ringing",
      "thunder",
      "toilet flushing",
      "tornado roaring",
      "tractor digging",
      "train horning",
      "train wheels squealing",
      "train whistling",
      "turkey gobbling",
      "typing on computer keyboard",
      "typing on typewriter",
      "underwater bubbling",
      "using sewing machines",
      "vacuum cleaner cleaning floors",
      "vehicle horn, car horn, honking",
      "volcano explosion",
      "warbler chirping",
      "waterfall burbling",
      "whale calling",
      "wind chime",
      "wind noise",
      "wind rustling leaves",
      "wood thrush calling",
      "woodpecker pecking tree",
      "writing on blackboard with chalk",
      "yodelling",
      "zebra braying"
    ],
    "video_dim": 4096,
    "motion_dim": 1,
    "audio_dim": 4096
  },
  "out_dir": "/home/Hongjie_Zeng/high_order_BM/runs_vggsound_full_AV001_standard_avg_videolstm4096_audiocnnlstm4096_h8_lc5_e320"
}
