[2026-06-26 01:50:52] train full video LSTM encoder device=cuda seq_npz=/home/Hongjie_Zeng/high_order_BM/data_vggsound_full/backbone_features/vggsound_P2V001_efficientnet_b3_16f_300s_direct_seq.npz
[data_parallel] using 2 GPUs for video LSTM teacher
[epoch 001] ce=2.0555
[epoch 002] ce=1.5405
[epoch 003] ce=1.3260
[epoch 004] ce=1.1503
[epoch 005] ce=0.9869 train_top1=0.7786 train_top5=0.9607 test_top1=0.4321 test_top5=0.6659
[epoch 006] ce=0.8258
[epoch 007] ce=0.6822
[epoch 008] ce=0.5616
[epoch 009] ce=0.4598
[epoch 010] ce=0.3831 train_top1=0.9274 train_top5=0.9970 test_top1=0.4277 test_top5=0.6466
[epoch 011] ce=0.3247
[epoch 012] ce=0.2802
[epoch 013] ce=0.2428
[epoch 014] ce=0.2157
[epoch 015] ce=0.2001 train_top1=0.9661 train_top5=0.9989 test_top1=0.4222 test_top5=0.6390
[epoch 016] ce=0.1810
[epoch 017] ce=0.1667
[epoch 018] ce=0.1565
[epoch 019] ce=0.1429
[epoch 020] ce=0.1343 train_top1=0.9768 train_top5=0.9993 test_top1=0.4277 test_top5=0.6361
[epoch 021] ce=0.1292
[epoch 022] ce=0.1232
[epoch 023] ce=0.1137
[epoch 024] ce=0.1109
[epoch 025] ce=0.1049 train_top1=0.9814 train_top5=0.9995 test_top1=0.4257 test_top5=0.6350
[epoch 026] ce=0.1034
[epoch 027] ce=0.0963
[epoch 028] ce=0.0931
[epoch 029] ce=0.0884
[epoch 030] ce=0.0900 train_top1=0.9842 train_top5=0.9995 test_top1=0.4244 test_top5=0.6319
[epoch 031] ce=0.0869
[epoch 032] ce=0.0793
[epoch 033] ce=0.0783
[epoch 034] ce=0.0771
[epoch 035] ce=0.0746 train_top1=0.9891 train_top5=0.9995 test_top1=0.4232 test_top5=0.6292
[epoch 036] ce=0.0717
[epoch 037] ce=0.0705
[epoch 038] ce=0.0691
[epoch 039] ce=0.0684
[epoch 040] ce=0.0650 train_top1=0.9884 train_top5=0.9995 test_top1=0.4303 test_top5=0.6281
[epoch 041] ce=0.0644
[epoch 042] ce=0.0633
[epoch 043] ce=0.0638
[epoch 044] ce=0.0596
[epoch 045] ce=0.0590 train_top1=0.9913 train_top5=0.9996 test_top1=0.4262 test_top5=0.6285
[epoch 046] ce=0.0582
[epoch 047] ce=0.0562
[epoch 048] ce=0.0563
[epoch 049] ce=0.0555
[epoch 050] ce=0.0528 train_top1=0.9922 train_top5=0.9996 test_top1=0.4274 test_top5=0.6309
[epoch 051] ce=0.0524
[epoch 052] ce=0.0508
[epoch 053] ce=0.0501
[epoch 054] ce=0.0544
[epoch 055] ce=0.0501 train_top1=0.9927 train_top5=0.9996 test_top1=0.4259 test_top5=0.6286
[epoch 056] ce=0.0474
[epoch 057] ce=0.0486
[epoch 058] ce=0.0468
[epoch 059] ce=0.0484
[epoch 060] ce=0.0455 train_top1=0.9937 train_top5=0.9997 test_top1=0.4326 test_top5=0.6294
[epoch 061] ce=0.0446
[epoch 062] ce=0.0443
[epoch 063] ce=0.0456
[epoch 064] ce=0.0437
[epoch 065] ce=0.0422 train_top1=0.9942 train_top5=0.9997 test_top1=0.4293 test_top5=0.6301
[epoch 066] ce=0.0401
[epoch 067] ce=0.0442
[epoch 068] ce=0.0410
[epoch 069] ce=0.0419
[epoch 070] ce=0.0392 train_top1=0.9953 train_top5=0.9997 test_top1=0.4297 test_top5=0.6294
[epoch 071] ce=0.0405
[epoch 072] ce=0.0404
[epoch 073] ce=0.0394
[epoch 074] ce=0.0377
[epoch 075] ce=0.0398 train_top1=0.9956 train_top5=0.9997 test_top1=0.4286 test_top5=0.6279
[epoch 076] ce=0.0378
[epoch 077] ce=0.0372
[epoch 078] ce=0.0379
[epoch 079] ce=0.0371
[epoch 080] ce=0.0368 train_top1=0.9945 train_top5=0.9997 test_top1=0.4270 test_top5=0.6294
{
  "experiment_id": "P2V001_efficientnet_b3_video_lstm4096",
  "created_at": "2026-06-26 02:37:43",
  "seq_npz": "/home/Hongjie_Zeng/high_order_BM/data_vggsound_full/backbone_features/vggsound_P2V001_efficientnet_b3_16f_300s_direct_seq.npz",
  "out_npz": "/home/Hongjie_Zeng/high_order_BM/data_vggsound_full/backbone_features/vggsound_P2V001_efficientnet_b3_16f_300s_direct_lstm4096_seed330.npz",
  "out_history": "/home/Hongjie_Zeng/high_order_BM/data_vggsound_full/backbone_features/vggsound_P2V001_efficientnet_b3_16f_300s_direct_lstm4096_seed330_history.json",
  "out_ckpt_last": "/home/Hongjie_Zeng/high_order_BM/data_vggsound_full/backbone_features/vggsound_P2V001_efficientnet_b3_16f_300s_direct_lstm4096_seed330_teacher.pt",
  "out_ckpt_best": "/home/Hongjie_Zeng/high_order_BM/data_vggsound_full/backbone_features/vggsound_P2V001_efficientnet_b3_16f_300s_direct_lstm4096_seed330_teacher_best.pt",
  "teacher_best_epoch": 60,
  "teacher_best_test_top1": 0.4325663255328857,
  "teacher_best_test_acc": 0.4325663255328857,
  "embedding_dim": 4096,
  "proj_dim": 768,
  "lstm_hidden": 768,
  "lstm_layers": 1,
  "normalize": "per_dim_zscore_sigmoid",
  "normalization_params_summary": {
    "mode": "per_dim_zscore_sigmoid",
    "mu_mean": 0.05593422055244446,
    "sd_mean": 0.14226949214935303
  },
  "train_size": 182615,
  "test_size": 15341,
  "num_classes": 309,
  "class_names": [
    "air conditioning noise",
    "air horn",
    "airplane",
    "airplane flyby",
    "alarm clock ringing",
    "alligators, crocodiles hissing",
    "ambulance siren",
    "arc welding",
    "baby babbling",
    "baby crying",
    "baby laughter",
    "baltimore oriole calling",
    "barn swallow calling",
    "basketball bounce",
    "bathroom ventilation fan running",
    "beat boxing",
    "bee, wasp, etc. buzzing",
    "bird chirping, tweeting",
    "bird squawking",
    "bird wings flapping",
    "black capped chickadee calling",
    "blowtorch igniting",
    "bouncing on trampoline",
    "bowling impact",
    "bull bellowing",
    "canary calling",
    "cap gun shooting",
    "car engine idling",
    "car engine knocking",
    "car engine starting",
    "car passing by",
    "cat caterwauling",
    "cat growling",
    "cat hissing",
    "cat meowing",
    "cat purring",
    "cattle mooing",
    "cattle, bovinae cowbell",
    "cell phone buzzing",
    "chainsawing trees",
    "cheetah chirrup",
    "chicken clucking",
    "chicken crowing",
    "child singing",
    "child speech, kid speaking",
    "children shouting",
    "chimpanzee pant-hooting",
    "chinchilla barking",
    "chipmunk chirping",
    "chopping food",
    "chopping wood",
    "church bell ringing",
    "civil defense siren",
    "cow lowing",
    "coyote howling",
    "cricket chirping",
    "crow cawing",
    "cuckoo bird calling",
    "cupboard opening or closing",
    "cutting hair with electric trimmers",
    "dinosaurs bellowing",
    "disc scratching",
    "dog barking",
    "dog baying",
    "dog bow-wow",
    "dog growling",
    "dog howling",
    "dog whimpering",
    "donkey, ass braying",
    "door slamming",
    "driving buses",
    "driving motorcycle",
    "driving snowmobile",
    "duck quacking",
    "eagle screaming",
    "eating with cutlery",
    "electric grinder grinding",
    "electric shaver, electric razor shaving",
    "elephant trumpeting",
    "eletric blender running",
    "elk bugling",
    "engine accelerating, revving, vroom",
    "female singing",
    "female speech, woman speaking",
    "ferret dooking",
    "fire crackling",
    "fire truck siren",
    "fireworks banging",
    "firing cannon",
    "firing muskets",
    "fly, housefly buzzing",
    "foghorn",
    "footsteps on snow",
    "forging swords",
    "fox barking",
    "francolin calling",
    "frog croaking",
    "gibbon howling",
    "goat bleating",
    "golf driving",
    "goose honking",
    "hail",
    "hair dryer drying",
    "hammering nails",
    "heart sounds, heartbeat",
    "hedge trimmer running",
    "helicopter",
    "horse clip-clop",
    "horse neighing",
    "ice cracking",
    "ice cream truck, ice cream van",
    "lathe spinning",
    "lawn mowing",
    "lighting firecrackers",
    "lions growling",
    "lions roaring",
    "lip smacking",
    "machine gun shooting",
    "magpie calling",
    "male singing",
    "male speech, man speaking",
    "metronome",
    "missile launch",
    "mosquito buzzing",
    "motorboat, speedboat acceleration",
    "mouse clicking",
    "mouse pattering",
    "mouse squeaking",
    "mynah bird singing",
    "ocean burbling",
    "opening or closing car doors",
    "opening or closing car electric windows",
    "opening or closing drawers",
    "orchestra",
    "otter growling",
    "owl hooting",
    "parrot talking",
    "penguins braying",
    "people babbling",
    "people battle cry",
    "people belly laughing",
    "people booing",
    "people burping",
    "people cheering",
    "people clapping",
    "people coughing",
    "people crowd",
    "people eating",
    "people eating apple",
    "people eating crisps",
    "people eating noodle",
    "people farting",
    "people finger snapping",
    "people gargling",
    "people giggling",
    "people hiccup",
    "people humming",
    "people marching",
    "people nose blowing",
    "people running",
    "people screaming",
    "people shuffling",
    "people slapping",
    "people slurping",
    "people sneezing",
    "people sniggering",
    "people sobbing",
    "people whispering",
    "people whistling",
    "pheasant crowing",
    "pig oinking",
    "pigeon, dove cooing",
    "planing timber",
    "plastic bottle crushing",
    "playing accordion",
    "playing acoustic guitar",
    "playing badminton",
    "playing bagpipes",
    "playing banjo",
    "playing bass drum",
    "playing bass guitar",
    "playing bassoon",
    "playing bongo",
    "playing bugle",
    "playing castanets",
    "playing cello",
    "playing clarinet",
    "playing congas",
    "playing cornet",
    "playing cymbal",
    "playing darts",
    "playing didgeridoo",
    "playing djembe",
    "playing double bass",
    "playing drum kit",
    "playing electric guitar",
    "playing electronic organ",
    "playing erhu",
    "playing flute",
    "playing french horn",
    "playing glockenspiel",
    "playing gong",
    "playing guiro",
    "playing hammond organ",
    "playing harmonica",
    "playing harp",
    "playing harpsichord",
    "playing hockey",
    "playing lacrosse",
    "playing mandolin",
    "playing marimba, xylophone",
    "playing oboe",
    "playing piano",
    "playing saxophone",
    "playing shofar",
    "playing sitar",
    "playing snare drum",
    "playing squash",
    "playing steel guitar, slide guitar",
    "playing steelpan",
    "playing synthesizer",
    "playing tabla",
    "playing table tennis",
    "playing tambourine",
    "playing tennis",
    "playing theremin",
    "playing timbales",
    "playing timpani",
    "playing trombone",
    "playing trumpet",
    "playing tuning fork",
    "playing tympani",
    "playing ukulele",
    "playing vibraphone",
    "playing violin, fiddle",
    "playing volleyball",
    "playing washboard",
    "playing zither",
    "police car (siren)",
    "police radio chatter",
    "popping popcorn",
    "printer printing",
    "pumping water",
    "race car, auto racing",
    "railroad car, train wagon",
    "raining",
    "rapping",
    "reversing beeps",
    "ripping paper",
    "roller coaster running",
    "rope skipping",
    "rowboat, canoe, kayak rowing",
    "running electric fan",
    "sailing",
    "scuba diving",
    "sea lion barking",
    "sea waves",
    "sharpen knife",
    "sheep bleating",
    "shot football",
    "singing bowl",
    "singing choir",
    "skateboarding",
    "skidding",
    "skiing",
    "sliding door",
    "sloshing water",
    "slot machine",
    "smoke detector beeping",
    "snake hissing",
    "snake rattling",
    "splashing water",
    "spraying water",
    "squishing water",
    "stream burbling",
    "strike lighter",
    "striking bowling",
    "striking pool",
    "subway, metro, underground",
    "swimming",
    "tap dancing",
    "tapping guitar",
    "telephone bell ringing",
    "thunder",
    "toilet flushing",
    "tornado roaring",
    "tractor digging",
    "train horning",
    "train wheels squealing",
    "train whistling",
    "turkey gobbling",
    "typing on computer keyboard",
    "typing on typewriter",
    "underwater bubbling",
    "using sewing machines",
    "vacuum cleaner cleaning floors",
    "vehicle horn, car horn, honking",
    "volcano explosion",
    "warbler chirping",
    "waterfall burbling",
    "whale calling",
    "wind chime",
    "wind noise",
    "wind rustling leaves",
    "wood thrush calling",
    "woodpecker pecking tree",
    "writing on blackboard with chalk",
    "yodelling",
    "zebra braying"
  ],
  "note": "Embeddings are supervised video BiLSTM features from per-frame ResNet50 sequence features. Final BM eval uses train_vggsound_mini20_bm.py with input_mode=video."
}
