[2026-06-18 23:21:53] audio STFT4096 rows=98978 classes=309 shard=1/2 source_rows=197957 ffmpeg=/home/Hongjie_Zeng/.conda/envs/hongjie_env/lib/python3.13/site-packages/imageio_ffmpeg/binaries/ffmpeg-linux-x86_64-v7.0.2
[2026-06-18 23:21:54] processed 1/98978 ok=1 failures=0
[2026-06-18 23:22:11] processed 500/98978 ok=500 failures=0
[2026-06-18 23:22:32] processed 1000/98978 ok=1000 failures=0
[2026-06-18 23:22:55] processed 1500/98978 ok=1500 failures=0
[2026-06-18 23:23:16] processed 2000/98978 ok=2000 failures=0
[2026-06-18 23:23:37] processed 2500/98978 ok=2500 failures=0
[2026-06-18 23:23:58] processed 3000/98978 ok=3000 failures=0
[2026-06-18 23:24:19] processed 3500/98978 ok=3500 failures=0
[2026-06-18 23:24:40] processed 4000/98978 ok=4000 failures=0
[2026-06-18 23:25:00] processed 4500/98978 ok=4500 failures=0
[2026-06-18 23:25:20] processed 5000/98978 ok=5000 failures=0
[2026-06-18 23:25:41] processed 5500/98978 ok=5500 failures=0
[2026-06-18 23:26:02] processed 6000/98978 ok=6000 failures=0
[2026-06-18 23:26:24] processed 6500/98978 ok=6500 failures=0
[2026-06-18 23:26:46] processed 7000/98978 ok=7000 failures=0
[2026-06-18 23:27:08] processed 7500/98978 ok=7500 failures=0
[2026-06-18 23:27:31] processed 8000/98978 ok=8000 failures=0
[2026-06-18 23:27:53] processed 8500/98978 ok=8500 failures=0
[2026-06-18 23:28:16] processed 9000/98978 ok=9000 failures=0
[2026-06-18 23:28:38] processed 9500/98978 ok=9500 failures=0
[2026-06-18 23:29:02] processed 10000/98978 ok=10000 failures=0
[2026-06-18 23:29:21] processed 10500/98978 ok=10500 failures=0
[2026-06-18 23:29:45] processed 11000/98978 ok=11000 failures=0
[2026-06-18 23:30:09] processed 11500/98978 ok=11500 failures=0
[2026-06-18 23:30:32] processed 12000/98978 ok=12000 failures=0
[2026-06-18 23:30:54] processed 12500/98978 ok=12500 failures=0
[2026-06-18 23:31:17] processed 13000/98978 ok=13000 failures=0
[2026-06-18 23:31:43] processed 13500/98978 ok=13500 failures=0
[2026-06-18 23:32:08] processed 14000/98978 ok=14000 failures=0
[2026-06-18 23:32:33] processed 14500/98978 ok=14500 failures=0
[2026-06-18 23:32:57] processed 15000/98978 ok=15000 failures=0
[2026-06-18 23:33:20] processed 15500/98978 ok=15500 failures=0
[2026-06-18 23:33:42] processed 16000/98978 ok=16000 failures=0
[2026-06-18 23:34:04] processed 16500/98978 ok=16500 failures=0
[2026-06-18 23:34:27] processed 17000/98978 ok=17000 failures=0
[2026-06-18 23:34:50] processed 17500/98978 ok=17500 failures=0
[2026-06-18 23:35:14] processed 18000/98978 ok=18000 failures=0
[2026-06-18 23:35:38] processed 18500/98978 ok=18500 failures=0
[2026-06-18 23:36:00] processed 19000/98978 ok=19000 failures=0
[2026-06-18 23:36:22] processed 19500/98978 ok=19500 failures=0
[2026-06-18 23:36:42] processed 20000/98978 ok=20000 failures=0
[2026-06-18 23:37:03] processed 20500/98978 ok=20500 failures=0
[2026-06-18 23:37:29] processed 21000/98978 ok=21000 failures=0
[2026-06-18 23:37:52] processed 21500/98978 ok=21500 failures=0
[2026-06-18 23:38:16] processed 22000/98978 ok=22000 failures=0
[2026-06-18 23:38:41] processed 22500/98978 ok=22500 failures=0
[2026-06-18 23:39:05] processed 23000/98978 ok=23000 failures=0
[2026-06-18 23:39:29] processed 23500/98978 ok=23500 failures=0
[2026-06-18 23:39:50] processed 24000/98978 ok=24000 failures=0
[2026-06-18 23:40:10] processed 24500/98978 ok=24500 failures=0
[2026-06-18 23:40:33] processed 25000/98978 ok=25000 failures=0
[2026-06-18 23:40:55] processed 25500/98978 ok=25500 failures=0
[2026-06-18 23:41:15] processed 26000/98978 ok=26000 failures=0
[2026-06-18 23:41:35] processed 26500/98978 ok=26500 failures=0
[2026-06-18 23:41:58] processed 27000/98978 ok=27000 failures=0
[2026-06-18 23:42:19] processed 27500/98978 ok=27500 failures=0
[2026-06-18 23:42:44] processed 28000/98978 ok=28000 failures=0
[2026-06-18 23:43:11] processed 28500/98978 ok=28500 failures=0
[2026-06-18 23:43:33] processed 29000/98978 ok=29000 failures=0
[2026-06-18 23:43:51] processed 29500/98978 ok=29500 failures=0
[2026-06-18 23:44:11] processed 30000/98978 ok=30000 failures=0
[2026-06-18 23:44:35] processed 30500/98978 ok=30500 failures=0
[2026-06-18 23:44:59] processed 31000/98978 ok=31000 failures=0
[2026-06-18 23:45:20] processed 31500/98978 ok=31500 failures=0
[2026-06-18 23:45:45] processed 32000/98978 ok=32000 failures=0
[2026-06-18 23:46:10] processed 32500/98978 ok=32500 failures=0
[2026-06-18 23:46:35] processed 33000/98978 ok=33000 failures=0
[2026-06-18 23:47:02] processed 33500/98978 ok=33500 failures=0
[2026-06-18 23:47:25] processed 34000/98978 ok=34000 failures=0
[2026-06-18 23:47:49] processed 34500/98978 ok=34500 failures=0
[2026-06-18 23:48:12] processed 35000/98978 ok=35000 failures=0
[2026-06-18 23:48:34] processed 35500/98978 ok=35500 failures=0
[2026-06-18 23:48:53] processed 36000/98978 ok=36000 failures=0
[2026-06-18 23:49:17] processed 36500/98978 ok=36500 failures=0
[2026-06-18 23:49:41] processed 37000/98978 ok=37000 failures=0
[2026-06-18 23:50:03] processed 37500/98978 ok=37500 failures=0
[2026-06-18 23:50:27] processed 38000/98978 ok=38000 failures=0
[2026-06-18 23:50:53] processed 38500/98978 ok=38500 failures=0
[2026-06-18 23:51:17] processed 39000/98978 ok=39000 failures=0
[2026-06-18 23:51:41] processed 39500/98978 ok=39500 failures=0
[2026-06-18 23:52:00] processed 40000/98978 ok=40000 failures=0
[2026-06-18 23:52:20] processed 40500/98978 ok=40500 failures=0
[2026-06-18 23:52:44] processed 41000/98978 ok=41000 failures=0
[2026-06-18 23:53:04] processed 41500/98978 ok=41500 failures=0
[2026-06-18 23:53:27] processed 42000/98978 ok=42000 failures=0
[2026-06-18 23:53:49] processed 42500/98978 ok=42500 failures=0
[2026-06-18 23:54:11] processed 43000/98978 ok=43000 failures=0
[2026-06-18 23:54:33] processed 43500/98978 ok=43500 failures=0
[2026-06-18 23:54:53] processed 44000/98978 ok=44000 failures=0
[2026-06-18 23:55:15] processed 44500/98978 ok=44500 failures=0
[2026-06-18 23:55:38] processed 45000/98978 ok=45000 failures=0
[2026-06-18 23:55:58] processed 45500/98978 ok=45500 failures=0
[2026-06-18 23:56:20] processed 46000/98978 ok=46000 failures=0
[2026-06-18 23:56:43] processed 46500/98978 ok=46500 failures=0
[2026-06-18 23:57:05] processed 47000/98978 ok=47000 failures=0
[2026-06-18 23:57:24] processed 47500/98978 ok=47500 failures=0
[2026-06-18 23:57:43] processed 48000/98978 ok=48000 failures=0
[2026-06-18 23:58:07] processed 48500/98978 ok=48500 failures=0
[2026-06-18 23:58:30] processed 49000/98978 ok=49000 failures=0
[2026-06-18 23:58:51] processed 49500/98978 ok=49500 failures=0
[2026-06-18 23:59:15] processed 50000/98978 ok=50000 failures=0
[2026-06-18 23:59:36] processed 50500/98978 ok=50500 failures=0
[2026-06-18 23:59:56] processed 51000/98978 ok=51000 failures=0
[2026-06-19 00:00:20] processed 51500/98978 ok=51500 failures=0
[2026-06-19 00:00:40] processed 52000/98978 ok=52000 failures=0
[2026-06-19 00:01:00] processed 52500/98978 ok=52500 failures=0
[2026-06-19 00:01:20] processed 53000/98978 ok=53000 failures=0
[2026-06-19 00:01:46] processed 53500/98978 ok=53500 failures=0
[2026-06-19 00:02:05] processed 54000/98978 ok=54000 failures=0
[2026-06-19 00:02:29] processed 54500/98978 ok=54500 failures=0
[2026-06-19 00:02:50] processed 55000/98978 ok=55000 failures=0
[2026-06-19 00:03:10] processed 55500/98978 ok=55500 failures=0
[2026-06-19 00:03:34] processed 56000/98978 ok=56000 failures=0
[2026-06-19 00:03:56] processed 56500/98978 ok=56500 failures=0
[2026-06-19 00:04:16] processed 57000/98978 ok=57000 failures=0
[2026-06-19 00:04:38] processed 57500/98978 ok=57500 failures=0
[2026-06-19 00:04:58] processed 58000/98978 ok=58000 failures=0
[2026-06-19 00:05:19] processed 58500/98978 ok=58500 failures=0
[2026-06-19 00:05:43] processed 59000/98978 ok=59000 failures=0
[2026-06-19 00:06:03] processed 59500/98978 ok=59500 failures=0
[2026-06-19 00:06:23] processed 60000/98978 ok=60000 failures=0
[2026-06-19 00:06:44] processed 60500/98978 ok=60500 failures=0
[2026-06-19 00:07:07] processed 61000/98978 ok=61000 failures=0
[2026-06-19 00:07:31] processed 61500/98978 ok=61500 failures=0
[2026-06-19 00:07:54] processed 62000/98978 ok=62000 failures=0
[2026-06-19 00:08:16] processed 62500/98978 ok=62500 failures=0
[2026-06-19 00:08:36] processed 63000/98978 ok=63000 failures=0
[2026-06-19 00:08:55] processed 63500/98978 ok=63500 failures=0
[2026-06-19 00:09:16] processed 64000/98978 ok=64000 failures=0
[2026-06-19 00:09:36] processed 64500/98978 ok=64500 failures=0
[2026-06-19 00:09:56] processed 65000/98978 ok=65000 failures=0
[2026-06-19 00:10:18] processed 65500/98978 ok=65500 failures=0
[2026-06-19 00:10:42] processed 66000/98978 ok=66000 failures=0
[2026-06-19 00:11:04] processed 66500/98978 ok=66500 failures=0
[2026-06-19 00:11:23] processed 67000/98978 ok=67000 failures=0
[2026-06-19 00:11:43] processed 67500/98978 ok=67500 failures=0
[2026-06-19 00:12:03] processed 68000/98978 ok=68000 failures=0
[2026-06-19 00:12:26] processed 68500/98978 ok=68500 failures=0
[2026-06-19 00:12:47] processed 69000/98978 ok=69000 failures=0
[2026-06-19 00:13:07] processed 69500/98978 ok=69500 failures=0
[2026-06-19 00:13:26] processed 70000/98978 ok=70000 failures=0
[2026-06-19 00:13:44] processed 70500/98978 ok=70500 failures=0
[2026-06-19 00:14:06] processed 71000/98978 ok=71000 failures=0
[2026-06-19 00:14:26] processed 71500/98978 ok=71500 failures=0
[2026-06-19 00:14:49] processed 72000/98978 ok=72000 failures=0
[2026-06-19 00:15:11] processed 72500/98978 ok=72500 failures=0
[2026-06-19 00:15:33] processed 73000/98978 ok=73000 failures=0
[2026-06-19 00:15:55] processed 73500/98978 ok=73500 failures=0
[2026-06-19 00:16:19] processed 74000/98978 ok=74000 failures=0
[2026-06-19 00:16:42] processed 74500/98978 ok=74500 failures=0
[2026-06-19 00:17:04] processed 75000/98978 ok=75000 failures=0
[2026-06-19 00:17:26] processed 75500/98978 ok=75500 failures=0
[2026-06-19 00:17:46] processed 76000/98978 ok=76000 failures=0
[2026-06-19 00:18:06] processed 76500/98978 ok=76500 failures=0
[2026-06-19 00:18:28] processed 77000/98978 ok=77000 failures=0
[2026-06-19 00:18:49] processed 77500/98978 ok=77500 failures=0
[2026-06-19 00:19:09] processed 78000/98978 ok=78000 failures=0
[2026-06-19 00:19:33] processed 78500/98978 ok=78500 failures=0
[2026-06-19 00:19:56] processed 79000/98978 ok=79000 failures=0
[2026-06-19 00:20:17] processed 79500/98978 ok=79500 failures=0
[2026-06-19 00:20:41] processed 80000/98978 ok=80000 failures=0
[2026-06-19 00:21:01] processed 80500/98978 ok=80500 failures=0
[2026-06-19 00:21:22] processed 81000/98978 ok=81000 failures=0
[2026-06-19 00:21:44] processed 81500/98978 ok=81500 failures=0
[2026-06-19 00:22:06] processed 82000/98978 ok=82000 failures=0
[2026-06-19 00:22:31] processed 82500/98978 ok=82500 failures=0
[2026-06-19 00:22:55] processed 83000/98978 ok=83000 failures=0
[2026-06-19 00:23:18] processed 83500/98978 ok=83500 failures=0
[2026-06-19 00:23:39] processed 84000/98978 ok=84000 failures=0
[2026-06-19 00:24:04] processed 84500/98978 ok=84500 failures=0
[2026-06-19 00:24:30] processed 85000/98978 ok=85000 failures=0
[2026-06-19 00:24:53] processed 85500/98978 ok=85500 failures=0
[2026-06-19 00:25:18] processed 86000/98978 ok=86000 failures=0
[2026-06-19 00:25:38] processed 86500/98978 ok=86500 failures=0
[2026-06-19 00:25:58] processed 87000/98978 ok=87000 failures=0
[2026-06-19 00:26:21] processed 87500/98978 ok=87500 failures=0
[2026-06-19 00:26:42] processed 88000/98978 ok=88000 failures=0
[2026-06-19 00:27:08] processed 88500/98978 ok=88500 failures=0
[2026-06-19 00:27:29] processed 89000/98978 ok=89000 failures=0
[2026-06-19 00:27:53] processed 89500/98978 ok=89500 failures=0
[2026-06-19 00:28:18] processed 90000/98978 ok=90000 failures=0
[2026-06-19 00:28:40] processed 90500/98978 ok=90500 failures=0
[2026-06-19 00:29:03] processed 91000/98978 ok=91000 failures=0
[2026-06-19 00:29:26] processed 91500/98978 ok=91500 failures=0
[2026-06-19 00:29:47] processed 92000/98978 ok=92000 failures=0
[2026-06-19 00:30:09] processed 92500/98978 ok=92500 failures=0
[2026-06-19 00:30:35] processed 93000/98978 ok=93000 failures=0
[2026-06-19 00:31:01] processed 93500/98978 ok=93500 failures=0
[2026-06-19 00:31:26] processed 94000/98978 ok=94000 failures=0
[2026-06-19 00:31:51] processed 94500/98978 ok=94500 failures=0
[2026-06-19 00:32:13] processed 95000/98978 ok=95000 failures=0
[2026-06-19 00:32:38] processed 95500/98978 ok=95500 failures=0
[2026-06-19 00:32:59] processed 96000/98978 ok=96000 failures=0
[2026-06-19 00:33:23] processed 96500/98978 ok=96500 failures=0
[2026-06-19 00:33:46] processed 97000/98978 ok=97000 failures=0
[2026-06-19 00:34:06] processed 97500/98978 ok=97500 failures=0
[2026-06-19 00:34:32] processed 98000/98978 ok=98000 failures=0
[2026-06-19 00:34:58] processed 98500/98978 ok=98500 failures=0
[2026-06-19 00:35:18] processed 98978/98978 ok=98978 failures=0
{
  "train_size": 91308,
  "test_size": 7670,
  "num_classes": 309,
  "num_failures": 0,
  "audio_dim": 4096
}
[2026-06-19 00:35:27] wrote /home/Hongjie_Zeng/high_order_BM/data_vggsound_full/features/vggsound_full_audio_stft64x64_official5s_allclasses_sr16000_n512_o353_shard1of2.npz
