[data] train=1794 test=344 classes=20 video=2048 motion=2048 audio=2048 device=cuda
[model] twoport A=audio:2048 O=video:2048 label=100 hidden=1948 total=4096
[epoch 001] loss=-28.6462 short_acc=0.0463
[epoch 002] loss=-17.8456 short_acc=0.0407
[epoch 003] loss=-11.8861 short_acc=0.0491
[epoch 004] loss=-8.9375 short_acc=0.0502
[epoch 005] loss=-7.5180 short_acc=0.0557 quick_test_acc=0.0465 ent=2.9880
[epoch 006] loss=-6.4338 short_acc=0.0474
[epoch 007] loss=-5.1292 short_acc=0.0435
[epoch 008] loss=-5.2143 short_acc=0.0591
[epoch 009] loss=-4.5133 short_acc=0.0535
[epoch 010] loss=-3.7855 short_acc=0.0518 quick_test_acc=0.0523 ent=2.9889
[epoch 011] loss=-3.3160 short_acc=0.0435
[epoch 012] loss=-3.4575 short_acc=0.0485
[epoch 013] loss=-3.0989 short_acc=0.0418
[epoch 014] loss=-2.8839 short_acc=0.0468
[epoch 015] loss=-2.4590 short_acc=0.0491 quick_test_acc=0.0581 ent=2.9893
[epoch 016] loss=-1.7887 short_acc=0.0502
[epoch 017] loss=-2.6057 short_acc=0.0485
[epoch 018] loss=-1.8046 short_acc=0.0535
[epoch 019] loss=-1.7618 short_acc=0.0463
[epoch 020] loss=-1.6088 short_acc=0.0418 quick_test_acc=0.0436 ent=2.9893
[epoch 021] loss=-1.3465 short_acc=0.0452
[epoch 022] loss=-1.3023 short_acc=0.0502
[epoch 023] loss=-1.4155 short_acc=0.0569
[epoch 024] loss=-1.6261 short_acc=0.0446
[epoch 025] loss=-1.6447 short_acc=0.0518 quick_test_acc=0.0494 ent=2.9893
[epoch 026] loss=-1.1966 short_acc=0.0518
[epoch 027] loss=-1.2082 short_acc=0.0468
[epoch 028] loss=-1.6036 short_acc=0.0524
[epoch 029] loss=-1.0822 short_acc=0.0569
[epoch 030] loss=-0.9905 short_acc=0.0446 quick_test_acc=0.0523 ent=2.9893
[epoch 031] loss=-1.1825 short_acc=0.0546
[epoch 032] loss=-0.8838 short_acc=0.0468
[epoch 033] loss=-0.8977 short_acc=0.0535
[epoch 034] loss=-1.0894 short_acc=0.0507
[epoch 035] loss=-1.2673 short_acc=0.0507 quick_test_acc=0.0669 ent=2.9890
[epoch 036] loss=-0.5955 short_acc=0.0596
[epoch 037] loss=-0.9595 short_acc=0.0563
[epoch 038] loss=-0.7612 short_acc=0.0596
[epoch 039] loss=-0.7431 short_acc=0.0513
[epoch 040] loss=-0.8743 short_acc=0.0552 quick_test_acc=0.0669 ent=2.9889
[epoch 041] loss=-0.8308 short_acc=0.0591
[epoch 042] loss=-1.2081 short_acc=0.0580
[epoch 043] loss=-1.1202 short_acc=0.0591
[epoch 044] loss=-1.1350 short_acc=0.0569
[epoch 045] loss=-0.5418 short_acc=0.0602 quick_test_acc=0.0640 ent=2.9886
[epoch 046] loss=-1.0088 short_acc=0.0524
[epoch 047] loss=-1.1216 short_acc=0.0541
[epoch 048] loss=-0.6615 short_acc=0.0541
[epoch 049] loss=-0.8321 short_acc=0.0524
[epoch 050] loss=-1.3109 short_acc=0.0563 quick_test_acc=0.0756 ent=2.9884
[epoch 051] loss=-0.6520 short_acc=0.0507
[epoch 052] loss=-1.5183 short_acc=0.0518
[epoch 053] loss=-1.1082 short_acc=0.0557
[epoch 054] loss=-0.5496 short_acc=0.0474
[epoch 055] loss=-0.7175 short_acc=0.0591 quick_test_acc=0.0872 ent=2.9883
[epoch 056] loss=-0.9612 short_acc=0.0440
[epoch 057] loss=-1.0368 short_acc=0.0507
[epoch 058] loss=-0.5547 short_acc=0.0546
[epoch 059] loss=-0.8618 short_acc=0.0574
[epoch 060] loss=-1.2137 short_acc=0.0546 quick_test_acc=0.0814 ent=2.9882
[epoch 061] loss=-1.1832 short_acc=0.0507
[epoch 062] loss=-1.0771 short_acc=0.0619
[epoch 063] loss=-0.8259 short_acc=0.0468
[epoch 064] loss=-0.6534 short_acc=0.0496
[epoch 065] loss=-0.6659 short_acc=0.0496 quick_test_acc=0.0843 ent=2.9880
[epoch 066] loss=-0.4852 short_acc=0.0630
[epoch 067] loss=-0.9016 short_acc=0.0596
[epoch 068] loss=-0.6050 short_acc=0.0502
[epoch 069] loss=-0.8178 short_acc=0.0474
[epoch 070] loss=-0.8434 short_acc=0.0580 quick_test_acc=0.0872 ent=2.9880
[epoch 071] loss=-0.9799 short_acc=0.0524
[epoch 072] loss=-0.4788 short_acc=0.0463
[epoch 073] loss=-1.1795 short_acc=0.0524
[epoch 074] loss=-1.1059 short_acc=0.0619
[epoch 075] loss=-0.6222 short_acc=0.0619 quick_test_acc=0.0959 ent=2.9875
[epoch 076] loss=-0.5846 short_acc=0.0580
[epoch 077] loss=-1.0233 short_acc=0.0569
[epoch 078] loss=-1.1621 short_acc=0.0557
[epoch 079] loss=-1.0686 short_acc=0.0485
[epoch 080] loss=-0.8781 short_acc=0.0485 quick_test_acc=0.0814 ent=2.9874
[epoch 081] loss=-0.8561 short_acc=0.0507
[epoch 082] loss=-0.4508 short_acc=0.0596
[epoch 083] loss=-0.8061 short_acc=0.0557
[epoch 084] loss=-0.9016 short_acc=0.0557
[epoch 085] loss=-0.7843 short_acc=0.0524 quick_test_acc=0.0959 ent=2.9872
[epoch 086] loss=-0.8617 short_acc=0.0563
[epoch 087] loss=-0.8877 short_acc=0.0596
[epoch 088] loss=-0.6875 short_acc=0.0619
[epoch 089] loss=-0.6805 short_acc=0.0563
[epoch 090] loss=-1.3794 short_acc=0.0541 quick_test_acc=0.0930 ent=2.9866
[epoch 091] loss=-0.8672 short_acc=0.0541
[epoch 092] loss=-1.0560 short_acc=0.0591
[epoch 093] loss=-1.0574 short_acc=0.0507
[epoch 094] loss=-0.9784 short_acc=0.0641
[epoch 095] loss=-0.7550 short_acc=0.0624 quick_test_acc=0.0988 ent=2.9864
[epoch 096] loss=-0.7293 short_acc=0.0574
[epoch 097] loss=-0.6248 short_acc=0.0580
[epoch 098] loss=-0.6287 short_acc=0.0496
[epoch 099] loss=-1.1432 short_acc=0.0518
[epoch 100] loss=-0.6327 short_acc=0.0602 quick_test_acc=0.0930 ent=2.9862
[epoch 101] loss=-0.6353 short_acc=0.0585
[epoch 102] loss=-0.7297 short_acc=0.0647
[epoch 103] loss=-0.4676 short_acc=0.0630
[epoch 104] loss=-1.0832 short_acc=0.0546
[epoch 105] loss=-0.6932 short_acc=0.0580 quick_test_acc=0.1076 ent=2.9858
[epoch 106] loss=-0.7836 short_acc=0.0630
[epoch 107] loss=-1.3679 short_acc=0.0507
[epoch 108] loss=-0.6758 short_acc=0.0596
[epoch 109] loss=-0.9286 short_acc=0.0474
[epoch 110] loss=-0.8880 short_acc=0.0585 quick_test_acc=0.1076 ent=2.9854
[epoch 111] loss=-0.8099 short_acc=0.0602
[epoch 112] loss=-1.0145 short_acc=0.0541
[epoch 113] loss=-1.1861 short_acc=0.0652
[epoch 114] loss=-1.1997 short_acc=0.0591
[epoch 115] loss=-0.9593 short_acc=0.0518 quick_test_acc=0.0872 ent=2.9853
[epoch 116] loss=-1.4761 short_acc=0.0557
[epoch 117] loss=-0.5451 short_acc=0.0563
[epoch 118] loss=-0.7785 short_acc=0.0502
[epoch 119] loss=-1.0147 short_acc=0.0513
[epoch 120] loss=-1.0568 short_acc=0.0513 quick_test_acc=0.1017 ent=2.9849
[epoch 121] loss=-0.5968 short_acc=0.0580
[epoch 122] loss=-1.0017 short_acc=0.0608
[epoch 123] loss=-1.0531 short_acc=0.0546
[epoch 124] loss=-0.5209 short_acc=0.0619
[epoch 125] loss=-0.9659 short_acc=0.0602 quick_test_acc=0.1017 ent=2.9845
[epoch 126] loss=-0.7558 short_acc=0.0613
[epoch 127] loss=-1.3212 short_acc=0.0608
[epoch 128] loss=-1.1583 short_acc=0.0619
[epoch 129] loss=-1.4195 short_acc=0.0608
[epoch 130] loss=-1.2803 short_acc=0.0641 quick_test_acc=0.1105 ent=2.9840
[epoch 131] loss=-0.9191 short_acc=0.0524
[epoch 132] loss=-1.3506 short_acc=0.0624
[epoch 133] loss=-1.2088 short_acc=0.0557
[epoch 134] loss=-1.2167 short_acc=0.0596
[epoch 135] loss=-1.7297 short_acc=0.0574 quick_test_acc=0.1192 ent=2.9838
[epoch 136] loss=-1.0908 short_acc=0.0546
[epoch 137] loss=-0.9160 short_acc=0.0619
[epoch 138] loss=-0.8493 short_acc=0.0524
[epoch 139] loss=-0.8549 short_acc=0.0619
[epoch 140] loss=-1.3658 short_acc=0.0608 quick_test_acc=0.1076 ent=2.9834
[epoch 141] loss=-0.9199 short_acc=0.0485
[epoch 142] loss=-1.2887 short_acc=0.0507
[epoch 143] loss=-1.3692 short_acc=0.0585
[epoch 144] loss=-1.3195 short_acc=0.0641
[epoch 145] loss=-1.1641 short_acc=0.0641 quick_test_acc=0.1163 ent=2.9827
[epoch 146] loss=-1.8259 short_acc=0.0546
[epoch 147] loss=-1.2976 short_acc=0.0513
[epoch 148] loss=-1.3603 short_acc=0.0663
[epoch 149] loss=-1.3684 short_acc=0.0624
[epoch 150] loss=-1.0727 short_acc=0.0530 quick_test_acc=0.0930 ent=2.9825
[epoch 151] loss=-0.9947 short_acc=0.0585
[epoch 152] loss=-1.2986 short_acc=0.0596
[epoch 153] loss=-0.9557 short_acc=0.0641
[epoch 154] loss=-1.9523 short_acc=0.0680
[epoch 155] loss=-1.1445 short_acc=0.0591 quick_test_acc=0.1105 ent=2.9819
[epoch 156] loss=-0.2272 short_acc=0.0647
[epoch 157] loss=-1.3241 short_acc=0.0518
[epoch 158] loss=-1.1288 short_acc=0.0652
[epoch 159] loss=-1.1508 short_acc=0.0602
[epoch 160] loss=-1.1512 short_acc=0.0674 quick_test_acc=0.1221 ent=2.9814
[epoch 161] loss=-1.1030 short_acc=0.0658
[epoch 162] loss=-0.7472 short_acc=0.0624
[epoch 163] loss=-0.8535 short_acc=0.0663
[epoch 164] loss=-1.2423 short_acc=0.0557
[epoch 165] loss=-1.4666 short_acc=0.0563 quick_test_acc=0.1134 ent=2.9812
[epoch 166] loss=-1.2635 short_acc=0.0624
[epoch 167] loss=-1.0744 short_acc=0.0463
[epoch 168] loss=-1.4848 short_acc=0.0608
[epoch 169] loss=-1.2062 short_acc=0.0591
[epoch 170] loss=-1.2102 short_acc=0.0585 quick_test_acc=0.1395 ent=2.9806
[epoch 171] loss=-1.1239 short_acc=0.0591
[epoch 172] loss=-0.7871 short_acc=0.0647
[epoch 173] loss=-1.1412 short_acc=0.0635
[epoch 174] loss=-1.3041 short_acc=0.0496
[epoch 175] loss=-0.9559 short_acc=0.0580 quick_test_acc=0.1163 ent=2.9796
[epoch 176] loss=-0.8038 short_acc=0.0736
[epoch 177] loss=-1.2924 short_acc=0.0697
[epoch 178] loss=-0.8976 short_acc=0.0624
[epoch 179] loss=-0.9921 short_acc=0.0702
[epoch 180] loss=-1.4865 short_acc=0.0580 quick_test_acc=0.1337 ent=2.9789
[full_eval_best] {
  "created_at": "2026-06-15 18:24:19",
  "ckpt": "/home/Hongjie_Zeng/high_order_BM/runs_vggsound_mini20_V003_twoport_video_audio/best.pt",
  "ckpt_epoch": 170,
  "ckpt_best_acc": 0.13953488372093023,
  "eval_steps": 3000,
  "eval_burn_in": 500,
  "eval_thin": 2,
  "test_label_gibbs_acc": 0.12790697674418605,
  "test_label_entropy": 2.9807202418645224,
  "computed_dims": {
    "image_dim": 2048,
    "audio_dim": 2048,
    "label_dim": 100,
    "hidden_dim": 1948,
    "total_pbits": 4096,
    "num_classes": 20
  },
  "data_dims": {
    "feature_npz": "data_vggsound_mini/features/vggsound_mini20_features_2048.npz",
    "train_size": 1794,
    "test_size": 344,
    "num_classes": 20,
    "class_names": [
      "playing cello",
      "playing cymbal",
      "playing didgeridoo",
      "playing drum kit",
      "playing electric guitar",
      "playing flute",
      "playing harp",
      "playing marimba, xylophone",
      "playing piano",
      "playing saxophone",
      "playing trombone",
      "playing violin, fiddle",
      "police car (siren)",
      "race car, auto racing",
      "railroad car, train wagon",
      "rowboat, canoe, kayak rowing",
      "singing bowl",
      "tap dancing",
      "toilet flushing",
      "vehicle horn, car horn, honking"
    ],
    "video_dim": 2048,
    "motion_dim": 2048,
    "audio_dim": 2048
  }
}
{
  "experiment_id": "V003_twoport_video_audio",
  "finished_at": "2026-06-15 18:24:19",
  "model_type": "twoport",
  "best_epoch": 170,
  "best_acc_selection_metric": 0.13953488372093023,
  "final_epoch": 180,
  "final_test_label_gibbs_acc": 0.13372093023255813,
  "full_eval_best_acc": 0.12790697674418605,
  "computed_dims": {
    "image_dim": 2048,
    "audio_dim": 2048,
    "label_dim": 100,
    "hidden_dim": 1948,
    "total_pbits": 4096,
    "num_classes": 20
  },
  "data_dims": {
    "feature_npz": "data_vggsound_mini/features/vggsound_mini20_features_2048.npz",
    "train_size": 1794,
    "test_size": 344,
    "num_classes": 20,
    "class_names": [
      "playing cello",
      "playing cymbal",
      "playing didgeridoo",
      "playing drum kit",
      "playing electric guitar",
      "playing flute",
      "playing harp",
      "playing marimba, xylophone",
      "playing piano",
      "playing saxophone",
      "playing trombone",
      "playing violin, fiddle",
      "police car (siren)",
      "race car, auto racing",
      "railroad car, train wagon",
      "rowboat, canoe, kayak rowing",
      "singing bowl",
      "tap dancing",
      "toilet flushing",
      "vehicle horn, car horn, honking"
    ],
    "video_dim": 2048,
    "motion_dim": 2048,
    "audio_dim": 2048
  },
  "out_dir": "/home/Hongjie_Zeng/high_order_BM/runs_vggsound_mini20_V003_twoport_video_audio"
}
