[data] train=182615 test=15341 classes=309 video=1 motion=1 audio=2048 device=cuda
[model] standard input=2048 label=1545 hidden=16384 total=19977 mode=audio
[init] estimating visible bias from training set
[epoch 001] recon_mse=0.02852
[epoch 002] recon_mse=0.02628
[epoch 003] recon_mse=0.02528
[epoch 004] recon_mse=0.02409
[epoch 005] recon_mse=0.02297 quick_test_acc=0.0211 ent=5.5868
[epoch 006] recon_mse=0.02202
[epoch 007] recon_mse=0.02124
[epoch 008] recon_mse=0.02057
[epoch 009] recon_mse=0.02000
[epoch 010] recon_mse=0.01952 quick_test_acc=0.0772 ent=5.5784
[epoch 011] recon_mse=0.01910
[epoch 012] recon_mse=0.01873
[epoch 013] recon_mse=0.01841
[epoch 014] recon_mse=0.01812
[epoch 015] recon_mse=0.01787 quick_test_acc=0.1229 ent=5.5768
[epoch 016] recon_mse=0.01765
[epoch 017] recon_mse=0.01745
[epoch 018] recon_mse=0.01726
[epoch 019] recon_mse=0.01711
[epoch 020] recon_mse=0.01696 quick_test_acc=0.1485 ent=5.5652
[epoch 021] recon_mse=0.01683
[epoch 022] recon_mse=0.01672
[epoch 023] recon_mse=0.01662
[epoch 024] recon_mse=0.01653
[epoch 025] recon_mse=0.01644 quick_test_acc=0.1579 ent=5.5457
[epoch 026] recon_mse=0.01635
[epoch 027] recon_mse=0.01628
[epoch 028] recon_mse=0.01622
[epoch 029] recon_mse=0.01617
[epoch 030] recon_mse=0.01611 quick_test_acc=0.1639 ent=5.5223
[epoch 031] recon_mse=0.01607
[epoch 032] recon_mse=0.01602
[epoch 033] recon_mse=0.01597
[epoch 034] recon_mse=0.01594
[epoch 035] recon_mse=0.01591 quick_test_acc=0.1713 ent=5.4980
[epoch 036] recon_mse=0.01587
[epoch 037] recon_mse=0.01584
[epoch 038] recon_mse=0.01581
[epoch 039] recon_mse=0.01579
[epoch 040] recon_mse=0.01576 quick_test_acc=0.1797 ent=5.4665
[epoch 041] recon_mse=0.01574
[epoch 042] recon_mse=0.01571
[epoch 043] recon_mse=0.01569
[epoch 044] recon_mse=0.01567
[epoch 045] recon_mse=0.01565 quick_test_acc=0.1855 ent=5.4284
[epoch 046] recon_mse=0.01563
[epoch 047] recon_mse=0.01561
[epoch 048] recon_mse=0.01559
[epoch 049] recon_mse=0.01558
[epoch 050] recon_mse=0.01556 quick_test_acc=0.1897 ent=5.3902
[epoch 051] recon_mse=0.01554
[epoch 052] recon_mse=0.01552
[epoch 053] recon_mse=0.01551
[epoch 054] recon_mse=0.01549
[epoch 055] recon_mse=0.01548 quick_test_acc=0.1956 ent=5.3479
[epoch 056] recon_mse=0.01546
[epoch 057] recon_mse=0.01545
[epoch 058] recon_mse=0.01543
[epoch 059] recon_mse=0.01542
[epoch 060] recon_mse=0.01541 quick_test_acc=0.2009 ent=5.3010
[epoch 061] recon_mse=0.01539
[epoch 062] recon_mse=0.01538
[epoch 063] recon_mse=0.01536
[epoch 064] recon_mse=0.01535
[epoch 065] recon_mse=0.01533 quick_test_acc=0.2060 ent=5.2530
[epoch 066] recon_mse=0.01532
[epoch 067] recon_mse=0.01531
[epoch 068] recon_mse=0.01530
[epoch 069] recon_mse=0.01528
[epoch 070] recon_mse=0.01528 quick_test_acc=0.2087 ent=5.2020
[epoch 071] recon_mse=0.01526
[epoch 072] recon_mse=0.01525
[epoch 073] recon_mse=0.01523
[epoch 074] recon_mse=0.01522
[epoch 075] recon_mse=0.01521 quick_test_acc=0.2140 ent=5.1573
[epoch 076] recon_mse=0.01520
[epoch 077] recon_mse=0.01518
[epoch 078] recon_mse=0.01517
[epoch 079] recon_mse=0.01515
[epoch 080] recon_mse=0.01514 quick_test_acc=0.2196 ent=5.1096
[epoch 081] recon_mse=0.01514
[epoch 082] recon_mse=0.01512
[epoch 083] recon_mse=0.01511
[epoch 084] recon_mse=0.01511
[epoch 085] recon_mse=0.01509 quick_test_acc=0.2244 ent=5.0689
[epoch 086] recon_mse=0.01508
[epoch 087] recon_mse=0.01507
[epoch 088] recon_mse=0.01507
[epoch 089] recon_mse=0.01505
[epoch 090] recon_mse=0.01504 quick_test_acc=0.2246 ent=5.0251
[epoch 091] recon_mse=0.01503
[epoch 092] recon_mse=0.01502
[epoch 093] recon_mse=0.01501
[epoch 094] recon_mse=0.01499
[epoch 095] recon_mse=0.01499 quick_test_acc=0.2305 ent=4.9900
[epoch 096] recon_mse=0.01498
[epoch 097] recon_mse=0.01497
[epoch 098] recon_mse=0.01496
[epoch 099] recon_mse=0.01495
[epoch 100] recon_mse=0.01494 quick_test_acc=0.2366 ent=4.9564
[epoch 101] recon_mse=0.01493
[epoch 102] recon_mse=0.01492
[epoch 103] recon_mse=0.01491
[epoch 104] recon_mse=0.01491
[epoch 105] recon_mse=0.01490 quick_test_acc=0.2414 ent=4.9284
[epoch 106] recon_mse=0.01488
[epoch 107] recon_mse=0.01487
[epoch 108] recon_mse=0.01487
[epoch 109] recon_mse=0.01486
[epoch 110] recon_mse=0.01484 quick_test_acc=0.2439 ent=4.9042
[epoch 111] recon_mse=0.01484
[epoch 112] recon_mse=0.01482
[epoch 113] recon_mse=0.01482
[epoch 114] recon_mse=0.01481
[epoch 115] recon_mse=0.01480 quick_test_acc=0.2478 ent=4.8837
[epoch 116] recon_mse=0.01479
[epoch 117] recon_mse=0.01479
[epoch 118] recon_mse=0.01477
[epoch 119] recon_mse=0.01476
[epoch 120] recon_mse=0.01476 quick_test_acc=0.2481 ent=4.8553
[epoch 121] recon_mse=0.01475
[epoch 122] recon_mse=0.01474
[epoch 123] recon_mse=0.01473
[epoch 124] recon_mse=0.01472
[epoch 125] recon_mse=0.01471 quick_test_acc=0.2503 ent=4.8385
[epoch 126] recon_mse=0.01470
[epoch 127] recon_mse=0.01469
[epoch 128] recon_mse=0.01469
[epoch 129] recon_mse=0.01467
[epoch 130] recon_mse=0.01467 quick_test_acc=0.2543 ent=4.8185
[epoch 131] recon_mse=0.01466
[epoch 132] recon_mse=0.01465
[epoch 133] recon_mse=0.01465
[epoch 134] recon_mse=0.01463
[epoch 135] recon_mse=0.01463 quick_test_acc=0.2554 ent=4.8016
[epoch 136] recon_mse=0.01461
[epoch 137] recon_mse=0.01461
[epoch 138] recon_mse=0.01460
[epoch 139] recon_mse=0.01459
[epoch 140] recon_mse=0.01458 quick_test_acc=0.2584 ent=4.7904
[epoch 141] recon_mse=0.01457
[epoch 142] recon_mse=0.01457
[epoch 143] recon_mse=0.01456
[epoch 144] recon_mse=0.01455
[epoch 145] recon_mse=0.01455 quick_test_acc=0.2587 ent=4.7699
[epoch 146] recon_mse=0.01453
[epoch 147] recon_mse=0.01453
[epoch 148] recon_mse=0.01451
[epoch 149] recon_mse=0.01451
[epoch 150] recon_mse=0.01450 quick_test_acc=0.2581 ent=4.7608
[epoch 151] recon_mse=0.01449
[epoch 152] recon_mse=0.01448
[epoch 153] recon_mse=0.01448
[epoch 154] recon_mse=0.01446
[epoch 155] recon_mse=0.01446 quick_test_acc=0.2579 ent=4.7383
[epoch 156] recon_mse=0.01445
[epoch 157] recon_mse=0.01445
[epoch 158] recon_mse=0.01443
[epoch 159] recon_mse=0.01443
[epoch 160] recon_mse=0.01442 quick_test_acc=0.2571 ent=4.7313
[epoch 161] recon_mse=0.01441
[epoch 162] recon_mse=0.01441
[epoch 163] recon_mse=0.01439
[epoch 164] recon_mse=0.01439
[epoch 165] recon_mse=0.01439 quick_test_acc=0.2572 ent=4.7234
[epoch 166] recon_mse=0.01437
[epoch 167] recon_mse=0.01436
[epoch 168] recon_mse=0.01435
[epoch 169] recon_mse=0.01435
[epoch 170] recon_mse=0.01434 quick_test_acc=0.2577 ent=4.7101
[epoch 171] recon_mse=0.01434
[epoch 172] recon_mse=0.01432
[epoch 173] recon_mse=0.01431
[epoch 174] recon_mse=0.01431
[epoch 175] recon_mse=0.01431 quick_test_acc=0.2584 ent=4.7052
[epoch 176] recon_mse=0.01429
[epoch 177] recon_mse=0.01429
[epoch 178] recon_mse=0.01427
[epoch 179] recon_mse=0.01428
[epoch 180] recon_mse=0.01426 quick_test_acc=0.2575 ent=4.6998
[epoch 181] recon_mse=0.01426
[epoch 182] recon_mse=0.01425
[epoch 183] recon_mse=0.01424
[epoch 184] recon_mse=0.01424
[epoch 185] recon_mse=0.01423 quick_test_acc=0.2607 ent=4.6886
[epoch 186] recon_mse=0.01422
[epoch 187] recon_mse=0.01421
[epoch 188] recon_mse=0.01420
[epoch 189] recon_mse=0.01419
[epoch 190] recon_mse=0.01419 quick_test_acc=0.2581 ent=4.6836
[epoch 191] recon_mse=0.01418
[epoch 192] recon_mse=0.01417
[epoch 193] recon_mse=0.01417
[epoch 194] recon_mse=0.01416
[epoch 195] recon_mse=0.01415 quick_test_acc=0.2553 ent=4.6792
[epoch 196] recon_mse=0.01414
[epoch 197] recon_mse=0.01414
[epoch 198] recon_mse=0.01413
[epoch 199] recon_mse=0.01413
[epoch 200] recon_mse=0.01412 quick_test_acc=0.2573 ent=4.6751
[epoch 201] recon_mse=0.01411
[epoch 202] recon_mse=0.01409
[epoch 203] recon_mse=0.01410
[epoch 204] recon_mse=0.01409
[epoch 205] recon_mse=0.01408 quick_test_acc=0.2587 ent=4.6684
[epoch 206] recon_mse=0.01407
[epoch 207] recon_mse=0.01407
[epoch 208] recon_mse=0.01406
[epoch 209] recon_mse=0.01405
[epoch 210] recon_mse=0.01404 quick_test_acc=0.2581 ent=4.6670
[epoch 211] recon_mse=0.01404
[epoch 212] recon_mse=0.01403
[epoch 213] recon_mse=0.01402
[epoch 214] recon_mse=0.01401
[epoch 215] recon_mse=0.01401 quick_test_acc=0.2575 ent=4.6605
[epoch 216] recon_mse=0.01401
[epoch 217] recon_mse=0.01399
[epoch 218] recon_mse=0.01398
[epoch 219] recon_mse=0.01398
[epoch 220] recon_mse=0.01398 quick_test_acc=0.2559 ent=4.6531
[epoch 221] recon_mse=0.01396
[epoch 222] recon_mse=0.01396
[epoch 223] recon_mse=0.01395
[epoch 224] recon_mse=0.01394
[epoch 225] recon_mse=0.01394 quick_test_acc=0.2583 ent=4.6515
[epoch 226] recon_mse=0.01393
[epoch 227] recon_mse=0.01392
[epoch 228] recon_mse=0.01392
[epoch 229] recon_mse=0.01391
[epoch 230] recon_mse=0.01390 quick_test_acc=0.2592 ent=4.6508
[epoch 231] recon_mse=0.01390
[epoch 232] recon_mse=0.01388
[epoch 233] recon_mse=0.01389
[epoch 234] recon_mse=0.01387
[epoch 235] recon_mse=0.01387 quick_test_acc=0.2561 ent=4.6455
[epoch 236] recon_mse=0.01386
[epoch 237] recon_mse=0.01385
[epoch 238] recon_mse=0.01385
[epoch 239] recon_mse=0.01384
[epoch 240] recon_mse=0.01384 quick_test_acc=0.2557 ent=4.6451
[epoch 241] recon_mse=0.01383
[epoch 242] recon_mse=0.01382
[epoch 243] recon_mse=0.01381
[epoch 244] recon_mse=0.01380
[epoch 245] recon_mse=0.01380 quick_test_acc=0.2543 ent=4.6415
[epoch 246] recon_mse=0.01379
[epoch 247] recon_mse=0.01378
[epoch 248] recon_mse=0.01378
[epoch 249] recon_mse=0.01377
[epoch 250] recon_mse=0.01377 quick_test_acc=0.2555 ent=4.6350
[epoch 251] recon_mse=0.01376
[epoch 252] recon_mse=0.01376
[epoch 253] recon_mse=0.01375
[epoch 254] recon_mse=0.01374
[epoch 255] recon_mse=0.01373 quick_test_acc=0.2519 ent=4.6366
[epoch 256] recon_mse=0.01373
[epoch 257] recon_mse=0.01372
[epoch 258] recon_mse=0.01371
[epoch 259] recon_mse=0.01370
[epoch 260] recon_mse=0.01370 quick_test_acc=0.2519 ent=4.6339
[epoch 261] recon_mse=0.01369
[epoch 262] recon_mse=0.01369
[epoch 263] recon_mse=0.01368
[epoch 264] recon_mse=0.01368
[epoch 265] recon_mse=0.01367 quick_test_acc=0.2531 ent=4.6351
[epoch 266] recon_mse=0.01366
[epoch 267] recon_mse=0.01365
[epoch 268] recon_mse=0.01365
[epoch 269] recon_mse=0.01364
[epoch 270] recon_mse=0.01363 quick_test_acc=0.2553 ent=4.6328
[epoch 271] recon_mse=0.01363
[epoch 272] recon_mse=0.01361
[epoch 273] recon_mse=0.01361
[epoch 274] recon_mse=0.01360
[epoch 275] recon_mse=0.01360 quick_test_acc=0.2522 ent=4.6312
[epoch 276] recon_mse=0.01359
[epoch 277] recon_mse=0.01359
[epoch 278] recon_mse=0.01358
[epoch 279] recon_mse=0.01358
[epoch 280] recon_mse=0.01357 quick_test_acc=0.2493 ent=4.6329
[epoch 281] recon_mse=0.01356
[epoch 282] recon_mse=0.01356
[epoch 283] recon_mse=0.01355
[epoch 284] recon_mse=0.01354
[epoch 285] recon_mse=0.01354 quick_test_acc=0.2527 ent=4.6313
[epoch 286] recon_mse=0.01353
[epoch 287] recon_mse=0.01352
[epoch 288] recon_mse=0.01352
[epoch 289] recon_mse=0.01352
[epoch 290] recon_mse=0.01350 quick_test_acc=0.2548 ent=4.6327
[epoch 291] recon_mse=0.01351
[epoch 292] recon_mse=0.01349
[epoch 293] recon_mse=0.01349
[epoch 294] recon_mse=0.01348
[epoch 295] recon_mse=0.01347 quick_test_acc=0.2510 ent=4.6300
[epoch 296] recon_mse=0.01347
[epoch 297] recon_mse=0.01346
[epoch 298] recon_mse=0.01346
[epoch 299] recon_mse=0.01345
[epoch 300] recon_mse=0.01344 quick_test_acc=0.2521 ent=4.6299
[epoch 301] recon_mse=0.01344
[epoch 302] recon_mse=0.01343
[epoch 303] recon_mse=0.01342
[epoch 304] recon_mse=0.01342
[epoch 305] recon_mse=0.01341 quick_test_acc=0.2529 ent=4.6290
[epoch 306] recon_mse=0.01341
[epoch 307] recon_mse=0.01340
[epoch 308] recon_mse=0.01339
[epoch 309] recon_mse=0.01339
[epoch 310] recon_mse=0.01338 quick_test_acc=0.2523 ent=4.6314
[epoch 311] recon_mse=0.01337
[epoch 312] recon_mse=0.01337
[epoch 313] recon_mse=0.01336
[epoch 314] recon_mse=0.01335
[epoch 315] recon_mse=0.01335 quick_test_acc=0.2546 ent=4.6298
[epoch 316] recon_mse=0.01334
[epoch 317] recon_mse=0.01334
[epoch 318] recon_mse=0.01333
[epoch 319] recon_mse=0.01332
[epoch 320] recon_mse=0.01332 quick_test_acc=0.2571 ent=4.6344
[epoch 321] recon_mse=0.01331
[epoch 322] recon_mse=0.01330
[epoch 323] recon_mse=0.01330
[epoch 324] recon_mse=0.01329
[epoch 325] recon_mse=0.01329 quick_test_acc=0.2574 ent=4.6326
[epoch 326] recon_mse=0.01328
[epoch 327] recon_mse=0.01327
[epoch 328] recon_mse=0.01327
[epoch 329] recon_mse=0.01326
[epoch 330] recon_mse=0.01325 quick_test_acc=0.2560 ent=4.6315
[epoch 331] recon_mse=0.01325
[epoch 332] recon_mse=0.01324
[epoch 333] recon_mse=0.01324
[epoch 334] recon_mse=0.01323
[epoch 335] recon_mse=0.01322 quick_test_acc=0.2578 ent=4.6349
[epoch 336] recon_mse=0.01322
[epoch 337] recon_mse=0.01321
[epoch 338] recon_mse=0.01320
[epoch 339] recon_mse=0.01320
[epoch 340] recon_mse=0.01319 quick_test_acc=0.2607 ent=4.6396
[epoch 341] recon_mse=0.01319
[epoch 342] recon_mse=0.01318
[epoch 343] recon_mse=0.01317
[epoch 344] recon_mse=0.01317
[epoch 345] recon_mse=0.01316 quick_test_acc=0.2566 ent=4.6309
[epoch 346] recon_mse=0.01316
[epoch 347] recon_mse=0.01315
[epoch 348] recon_mse=0.01315
[epoch 349] recon_mse=0.01314
[epoch 350] recon_mse=0.01314 quick_test_acc=0.2579 ent=4.6325
[epoch 351] recon_mse=0.01313
[epoch 352] recon_mse=0.01312
[epoch 353] recon_mse=0.01312
[epoch 354] recon_mse=0.01311
[epoch 355] recon_mse=0.01311 quick_test_acc=0.2575 ent=4.6311
[epoch 356] recon_mse=0.01309
[epoch 357] recon_mse=0.01310
[epoch 358] recon_mse=0.01309
[epoch 359] recon_mse=0.01308
[epoch 360] recon_mse=0.01308 quick_test_acc=0.2594 ent=4.6352
[epoch 361] recon_mse=0.01308
[epoch 362] recon_mse=0.01307
[epoch 363] recon_mse=0.01306
[epoch 364] recon_mse=0.01306
[epoch 365] recon_mse=0.01305 quick_test_acc=0.2602 ent=4.6356
[epoch 366] recon_mse=0.01305
[epoch 367] recon_mse=0.01304
[epoch 368] recon_mse=0.01304
[epoch 369] recon_mse=0.01304
[epoch 370] recon_mse=0.01302 quick_test_acc=0.2590 ent=4.6306
[epoch 371] recon_mse=0.01302
[epoch 372] recon_mse=0.01302
[epoch 373] recon_mse=0.01301
[epoch 374] recon_mse=0.01300
[epoch 375] recon_mse=0.01300 quick_test_acc=0.2611 ent=4.6322
[epoch 376] recon_mse=0.01299
[epoch 377] recon_mse=0.01299
[epoch 378] recon_mse=0.01298
[epoch 379] recon_mse=0.01298
[epoch 380] recon_mse=0.01297 quick_test_acc=0.2561 ent=4.6388
[epoch 381] recon_mse=0.01297
[epoch 382] recon_mse=0.01296
[epoch 383] recon_mse=0.01296
[epoch 384] recon_mse=0.01295
[epoch 385] recon_mse=0.01295 quick_test_acc=0.2590 ent=4.6348
[epoch 386] recon_mse=0.01294
[epoch 387] recon_mse=0.01293
[epoch 388] recon_mse=0.01293
[epoch 389] recon_mse=0.01292
[epoch 390] recon_mse=0.01292 quick_test_acc=0.2635 ent=4.6367
[epoch 391] recon_mse=0.01292
[epoch 392] recon_mse=0.01291
[epoch 393] recon_mse=0.01290
[epoch 394] recon_mse=0.01290
[epoch 395] recon_mse=0.01290 quick_test_acc=0.2626 ent=4.6388
[epoch 396] recon_mse=0.01289
[epoch 397] recon_mse=0.01289
[epoch 398] recon_mse=0.01288
[epoch 399] recon_mse=0.01288
[epoch 400] recon_mse=0.01287 quick_test_acc=0.2609 ent=4.6389
[epoch 401] recon_mse=0.01286
[epoch 402] recon_mse=0.01286
[epoch 403] recon_mse=0.01286
[epoch 404] recon_mse=0.01285
[epoch 405] recon_mse=0.01284 quick_test_acc=0.2614 ent=4.6442
[epoch 406] recon_mse=0.01284
[epoch 407] recon_mse=0.01283
[epoch 408] recon_mse=0.01284
[epoch 409] recon_mse=0.01282
[epoch 410] recon_mse=0.01283 quick_test_acc=0.2583 ent=4.6410
[epoch 411] recon_mse=0.01282
[epoch 412] recon_mse=0.01282
[epoch 413] recon_mse=0.01281
[epoch 414] recon_mse=0.01280
[epoch 415] recon_mse=0.01280 quick_test_acc=0.2656 ent=4.6431
[epoch 416] recon_mse=0.01279
[epoch 417] recon_mse=0.01279
[epoch 418] recon_mse=0.01278
[epoch 419] recon_mse=0.01278
[epoch 420] recon_mse=0.01277 quick_test_acc=0.2658 ent=4.6439
[epoch 421] recon_mse=0.01277
[epoch 422] recon_mse=0.01277
[epoch 423] recon_mse=0.01276
[epoch 424] recon_mse=0.01275
[epoch 425] recon_mse=0.01275 quick_test_acc=0.2655 ent=4.6402
[epoch 426] recon_mse=0.01275
[epoch 427] recon_mse=0.01274
[epoch 428] recon_mse=0.01274
[epoch 429] recon_mse=0.01273
[epoch 430] recon_mse=0.01273 quick_test_acc=0.2626 ent=4.6459
[epoch 431] recon_mse=0.01272
[epoch 432] recon_mse=0.01271
[epoch 433] recon_mse=0.01271
[epoch 434] recon_mse=0.01271
[epoch 435] recon_mse=0.01270 quick_test_acc=0.2669 ent=4.6425
[epoch 436] recon_mse=0.01270
[epoch 437] recon_mse=0.01269
[epoch 438] recon_mse=0.01268
[epoch 439] recon_mse=0.01268
[epoch 440] recon_mse=0.01268 quick_test_acc=0.2656 ent=4.6436
[epoch 441] recon_mse=0.01267
[epoch 442] recon_mse=0.01267
[epoch 443] recon_mse=0.01267
[epoch 444] recon_mse=0.01266
[epoch 445] recon_mse=0.01266 quick_test_acc=0.2651 ent=4.6413
[epoch 446] recon_mse=0.01266
[epoch 447] recon_mse=0.01265
[epoch 448] recon_mse=0.01264
[epoch 449] recon_mse=0.01264
[epoch 450] recon_mse=0.01264 quick_test_acc=0.2702 ent=4.6401
[full_eval_best] {
  "created_at": "2026-06-21 08:03:47",
  "ckpt": "/home/Hongjie_Zeng/high_order_BM/runs_vggsound_full_AF028_standard_audio_paperresnet50_global2048_h8_lc5_e450/best.pt",
  "ckpt_epoch": 450,
  "ckpt_best_acc": 0.27019099146079134,
  "eval_steps": 3000,
  "eval_burn_in": 500,
  "eval_thin": 2,
  "test_label_gibbs_acc": 0.20109510462160224,
  "test_label_entropy": 4.69300590356191,
  "computed_dims": {
    "input_dim": 2048,
    "label_dim": 1545,
    "hidden_dim": 16384,
    "total_pbits": 19977,
    "num_classes": 309
  },
  "data_dims": {
    "feature_npz": "/home/Hongjie_Zeng/high_order_BM/data_vggsound_full/features/vggsound_full_audio_paperresnet50_global2048_seed123.npz",
    "train_size": 182615,
    "test_size": 15341,
    "num_classes": 309,
    "class_names": [
      "air conditioning noise",
      "air horn",
      "airplane",
      "airplane flyby",
      "alarm clock ringing",
      "alligators, crocodiles hissing",
      "ambulance siren",
      "arc welding",
      "baby babbling",
      "baby crying",
      "baby laughter",
      "baltimore oriole calling",
      "barn swallow calling",
      "basketball bounce",
      "bathroom ventilation fan running",
      "beat boxing",
      "bee, wasp, etc. buzzing",
      "bird chirping, tweeting",
      "bird squawking",
      "bird wings flapping",
      "black capped chickadee calling",
      "blowtorch igniting",
      "bouncing on trampoline",
      "bowling impact",
      "bull bellowing",
      "canary calling",
      "cap gun shooting",
      "car engine idling",
      "car engine knocking",
      "car engine starting",
      "car passing by",
      "cat caterwauling",
      "cat growling",
      "cat hissing",
      "cat meowing",
      "cat purring",
      "cattle mooing",
      "cattle, bovinae cowbell",
      "cell phone buzzing",
      "chainsawing trees",
      "cheetah chirrup",
      "chicken clucking",
      "chicken crowing",
      "child singing",
      "child speech, kid speaking",
      "children shouting",
      "chimpanzee pant-hooting",
      "chinchilla barking",
      "chipmunk chirping",
      "chopping food",
      "chopping wood",
      "church bell ringing",
      "civil defense siren",
      "cow lowing",
      "coyote howling",
      "cricket chirping",
      "crow cawing",
      "cuckoo bird calling",
      "cupboard opening or closing",
      "cutting hair with electric trimmers",
      "dinosaurs bellowing",
      "disc scratching",
      "dog barking",
      "dog baying",
      "dog bow-wow",
      "dog growling",
      "dog howling",
      "dog whimpering",
      "donkey, ass braying",
      "door slamming",
      "driving buses",
      "driving motorcycle",
      "driving snowmobile",
      "duck quacking",
      "eagle screaming",
      "eating with cutlery",
      "electric grinder grinding",
      "electric shaver, electric razor shaving",
      "elephant trumpeting",
      "eletric blender running",
      "elk bugling",
      "engine accelerating, revving, vroom",
      "female singing",
      "female speech, woman speaking",
      "ferret dooking",
      "fire crackling",
      "fire truck siren",
      "fireworks banging",
      "firing cannon",
      "firing muskets",
      "fly, housefly buzzing",
      "foghorn",
      "footsteps on snow",
      "forging swords",
      "fox barking",
      "francolin calling",
      "frog croaking",
      "gibbon howling",
      "goat bleating",
      "golf driving",
      "goose honking",
      "hail",
      "hair dryer drying",
      "hammering nails",
      "heart sounds, heartbeat",
      "hedge trimmer running",
      "helicopter",
      "horse clip-clop",
      "horse neighing",
      "ice cracking",
      "ice cream truck, ice cream van",
      "lathe spinning",
      "lawn mowing",
      "lighting firecrackers",
      "lions growling",
      "lions roaring",
      "lip smacking",
      "machine gun shooting",
      "magpie calling",
      "male singing",
      "male speech, man speaking",
      "metronome",
      "missile launch",
      "mosquito buzzing",
      "motorboat, speedboat acceleration",
      "mouse clicking",
      "mouse pattering",
      "mouse squeaking",
      "mynah bird singing",
      "ocean burbling",
      "opening or closing car doors",
      "opening or closing car electric windows",
      "opening or closing drawers",
      "orchestra",
      "otter growling",
      "owl hooting",
      "parrot talking",
      "penguins braying",
      "people babbling",
      "people battle cry",
      "people belly laughing",
      "people booing",
      "people burping",
      "people cheering",
      "people clapping",
      "people coughing",
      "people crowd",
      "people eating",
      "people eating apple",
      "people eating crisps",
      "people eating noodle",
      "people farting",
      "people finger snapping",
      "people gargling",
      "people giggling",
      "people hiccup",
      "people humming",
      "people marching",
      "people nose blowing",
      "people running",
      "people screaming",
      "people shuffling",
      "people slapping",
      "people slurping",
      "people sneezing",
      "people sniggering",
      "people sobbing",
      "people whispering",
      "people whistling",
      "pheasant crowing",
      "pig oinking",
      "pigeon, dove cooing",
      "planing timber",
      "plastic bottle crushing",
      "playing accordion",
      "playing acoustic guitar",
      "playing badminton",
      "playing bagpipes",
      "playing banjo",
      "playing bass drum",
      "playing bass guitar",
      "playing bassoon",
      "playing bongo",
      "playing bugle",
      "playing castanets",
      "playing cello",
      "playing clarinet",
      "playing congas",
      "playing cornet",
      "playing cymbal",
      "playing darts",
      "playing didgeridoo",
      "playing djembe",
      "playing double bass",
      "playing drum kit",
      "playing electric guitar",
      "playing electronic organ",
      "playing erhu",
      "playing flute",
      "playing french horn",
      "playing glockenspiel",
      "playing gong",
      "playing guiro",
      "playing hammond organ",
      "playing harmonica",
      "playing harp",
      "playing harpsichord",
      "playing hockey",
      "playing lacrosse",
      "playing mandolin",
      "playing marimba, xylophone",
      "playing oboe",
      "playing piano",
      "playing saxophone",
      "playing shofar",
      "playing sitar",
      "playing snare drum",
      "playing squash",
      "playing steel guitar, slide guitar",
      "playing steelpan",
      "playing synthesizer",
      "playing tabla",
      "playing table tennis",
      "playing tambourine",
      "playing tennis",
      "playing theremin",
      "playing timbales",
      "playing timpani",
      "playing trombone",
      "playing trumpet",
      "playing tuning fork",
      "playing tympani",
      "playing ukulele",
      "playing vibraphone",
      "playing violin, fiddle",
      "playing volleyball",
      "playing washboard",
      "playing zither",
      "police car (siren)",
      "police radio chatter",
      "popping popcorn",
      "printer printing",
      "pumping water",
      "race car, auto racing",
      "railroad car, train wagon",
      "raining",
      "rapping",
      "reversing beeps",
      "ripping paper",
      "roller coaster running",
      "rope skipping",
      "rowboat, canoe, kayak rowing",
      "running electric fan",
      "sailing",
      "scuba diving",
      "sea lion barking",
      "sea waves",
      "sharpen knife",
      "sheep bleating",
      "shot football",
      "singing bowl",
      "singing choir",
      "skateboarding",
      "skidding",
      "skiing",
      "sliding door",
      "sloshing water",
      "slot machine",
      "smoke detector beeping",
      "snake hissing",
      "snake rattling",
      "splashing water",
      "spraying water",
      "squishing water",
      "stream burbling",
      "strike lighter",
      "striking bowling",
      "striking pool",
      "subway, metro, underground",
      "swimming",
      "tap dancing",
      "tapping guitar",
      "telephone bell ringing",
      "thunder",
      "toilet flushing",
      "tornado roaring",
      "tractor digging",
      "train horning",
      "train wheels squealing",
      "train whistling",
      "turkey gobbling",
      "typing on computer keyboard",
      "typing on typewriter",
      "underwater bubbling",
      "using sewing machines",
      "vacuum cleaner cleaning floors",
      "vehicle horn, car horn, honking",
      "volcano explosion",
      "warbler chirping",
      "waterfall burbling",
      "whale calling",
      "wind chime",
      "wind noise",
      "wind rustling leaves",
      "wood thrush calling",
      "woodpecker pecking tree",
      "writing on blackboard with chalk",
      "yodelling",
      "zebra braying"
    ],
    "video_dim": 1,
    "motion_dim": 1,
    "audio_dim": 2048
  }
}
{
  "experiment_id": "AF028",
  "finished_at": "2026-06-21 08:03:47",
  "model_type": "standard",
  "best_epoch": 450,
  "best_acc_selection_metric": 0.27019099146079134,
  "final_epoch": 450,
  "final_test_label_gibbs_acc": 0.27019099146079134,
  "full_eval_best_acc": 0.20109510462160224,
  "computed_dims": {
    "input_dim": 2048,
    "label_dim": 1545,
    "hidden_dim": 16384,
    "total_pbits": 19977,
    "num_classes": 309
  },
  "data_dims": {
    "feature_npz": "/home/Hongjie_Zeng/high_order_BM/data_vggsound_full/features/vggsound_full_audio_paperresnet50_global2048_seed123.npz",
    "train_size": 182615,
    "test_size": 15341,
    "num_classes": 309,
    "class_names": [
      "air conditioning noise",
      "air horn",
      "airplane",
      "airplane flyby",
      "alarm clock ringing",
      "alligators, crocodiles hissing",
      "ambulance siren",
      "arc welding",
      "baby babbling",
      "baby crying",
      "baby laughter",
      "baltimore oriole calling",
      "barn swallow calling",
      "basketball bounce",
      "bathroom ventilation fan running",
      "beat boxing",
      "bee, wasp, etc. buzzing",
      "bird chirping, tweeting",
      "bird squawking",
      "bird wings flapping",
      "black capped chickadee calling",
      "blowtorch igniting",
      "bouncing on trampoline",
      "bowling impact",
      "bull bellowing",
      "canary calling",
      "cap gun shooting",
      "car engine idling",
      "car engine knocking",
      "car engine starting",
      "car passing by",
      "cat caterwauling",
      "cat growling",
      "cat hissing",
      "cat meowing",
      "cat purring",
      "cattle mooing",
      "cattle, bovinae cowbell",
      "cell phone buzzing",
      "chainsawing trees",
      "cheetah chirrup",
      "chicken clucking",
      "chicken crowing",
      "child singing",
      "child speech, kid speaking",
      "children shouting",
      "chimpanzee pant-hooting",
      "chinchilla barking",
      "chipmunk chirping",
      "chopping food",
      "chopping wood",
      "church bell ringing",
      "civil defense siren",
      "cow lowing",
      "coyote howling",
      "cricket chirping",
      "crow cawing",
      "cuckoo bird calling",
      "cupboard opening or closing",
      "cutting hair with electric trimmers",
      "dinosaurs bellowing",
      "disc scratching",
      "dog barking",
      "dog baying",
      "dog bow-wow",
      "dog growling",
      "dog howling",
      "dog whimpering",
      "donkey, ass braying",
      "door slamming",
      "driving buses",
      "driving motorcycle",
      "driving snowmobile",
      "duck quacking",
      "eagle screaming",
      "eating with cutlery",
      "electric grinder grinding",
      "electric shaver, electric razor shaving",
      "elephant trumpeting",
      "eletric blender running",
      "elk bugling",
      "engine accelerating, revving, vroom",
      "female singing",
      "female speech, woman speaking",
      "ferret dooking",
      "fire crackling",
      "fire truck siren",
      "fireworks banging",
      "firing cannon",
      "firing muskets",
      "fly, housefly buzzing",
      "foghorn",
      "footsteps on snow",
      "forging swords",
      "fox barking",
      "francolin calling",
      "frog croaking",
      "gibbon howling",
      "goat bleating",
      "golf driving",
      "goose honking",
      "hail",
      "hair dryer drying",
      "hammering nails",
      "heart sounds, heartbeat",
      "hedge trimmer running",
      "helicopter",
      "horse clip-clop",
      "horse neighing",
      "ice cracking",
      "ice cream truck, ice cream van",
      "lathe spinning",
      "lawn mowing",
      "lighting firecrackers",
      "lions growling",
      "lions roaring",
      "lip smacking",
      "machine gun shooting",
      "magpie calling",
      "male singing",
      "male speech, man speaking",
      "metronome",
      "missile launch",
      "mosquito buzzing",
      "motorboat, speedboat acceleration",
      "mouse clicking",
      "mouse pattering",
      "mouse squeaking",
      "mynah bird singing",
      "ocean burbling",
      "opening or closing car doors",
      "opening or closing car electric windows",
      "opening or closing drawers",
      "orchestra",
      "otter growling",
      "owl hooting",
      "parrot talking",
      "penguins braying",
      "people babbling",
      "people battle cry",
      "people belly laughing",
      "people booing",
      "people burping",
      "people cheering",
      "people clapping",
      "people coughing",
      "people crowd",
      "people eating",
      "people eating apple",
      "people eating crisps",
      "people eating noodle",
      "people farting",
      "people finger snapping",
      "people gargling",
      "people giggling",
      "people hiccup",
      "people humming",
      "people marching",
      "people nose blowing",
      "people running",
      "people screaming",
      "people shuffling",
      "people slapping",
      "people slurping",
      "people sneezing",
      "people sniggering",
      "people sobbing",
      "people whispering",
      "people whistling",
      "pheasant crowing",
      "pig oinking",
      "pigeon, dove cooing",
      "planing timber",
      "plastic bottle crushing",
      "playing accordion",
      "playing acoustic guitar",
      "playing badminton",
      "playing bagpipes",
      "playing banjo",
      "playing bass drum",
      "playing bass guitar",
      "playing bassoon",
      "playing bongo",
      "playing bugle",
      "playing castanets",
      "playing cello",
      "playing clarinet",
      "playing congas",
      "playing cornet",
      "playing cymbal",
      "playing darts",
      "playing didgeridoo",
      "playing djembe",
      "playing double bass",
      "playing drum kit",
      "playing electric guitar",
      "playing electronic organ",
      "playing erhu",
      "playing flute",
      "playing french horn",
      "playing glockenspiel",
      "playing gong",
      "playing guiro",
      "playing hammond organ",
      "playing harmonica",
      "playing harp",
      "playing harpsichord",
      "playing hockey",
      "playing lacrosse",
      "playing mandolin",
      "playing marimba, xylophone",
      "playing oboe",
      "playing piano",
      "playing saxophone",
      "playing shofar",
      "playing sitar",
      "playing snare drum",
      "playing squash",
      "playing steel guitar, slide guitar",
      "playing steelpan",
      "playing synthesizer",
      "playing tabla",
      "playing table tennis",
      "playing tambourine",
      "playing tennis",
      "playing theremin",
      "playing timbales",
      "playing timpani",
      "playing trombone",
      "playing trumpet",
      "playing tuning fork",
      "playing tympani",
      "playing ukulele",
      "playing vibraphone",
      "playing violin, fiddle",
      "playing volleyball",
      "playing washboard",
      "playing zither",
      "police car (siren)",
      "police radio chatter",
      "popping popcorn",
      "printer printing",
      "pumping water",
      "race car, auto racing",
      "railroad car, train wagon",
      "raining",
      "rapping",
      "reversing beeps",
      "ripping paper",
      "roller coaster running",
      "rope skipping",
      "rowboat, canoe, kayak rowing",
      "running electric fan",
      "sailing",
      "scuba diving",
      "sea lion barking",
      "sea waves",
      "sharpen knife",
      "sheep bleating",
      "shot football",
      "singing bowl",
      "singing choir",
      "skateboarding",
      "skidding",
      "skiing",
      "sliding door",
      "sloshing water",
      "slot machine",
      "smoke detector beeping",
      "snake hissing",
      "snake rattling",
      "splashing water",
      "spraying water",
      "squishing water",
      "stream burbling",
      "strike lighter",
      "striking bowling",
      "striking pool",
      "subway, metro, underground",
      "swimming",
      "tap dancing",
      "tapping guitar",
      "telephone bell ringing",
      "thunder",
      "toilet flushing",
      "tornado roaring",
      "tractor digging",
      "train horning",
      "train wheels squealing",
      "train whistling",
      "turkey gobbling",
      "typing on computer keyboard",
      "typing on typewriter",
      "underwater bubbling",
      "using sewing machines",
      "vacuum cleaner cleaning floors",
      "vehicle horn, car horn, honking",
      "volcano explosion",
      "warbler chirping",
      "waterfall burbling",
      "whale calling",
      "wind chime",
      "wind noise",
      "wind rustling leaves",
      "wood thrush calling",
      "woodpecker pecking tree",
      "writing on blackboard with chalk",
      "yodelling",
      "zebra braying"
    ],
    "video_dim": 1,
    "motion_dim": 1,
    "audio_dim": 2048
  },
  "out_dir": "/home/Hongjie_Zeng/high_order_BM/runs_vggsound_full_AF028_standard_audio_paperresnet50_global2048_h8_lc5_e450"
}
