[data] train=182615 test=15341 classes=309 video=1 motion=1 audio=2048 device=cuda
[model] standard input=2048 label=1545 hidden=8192 total=11785 mode=audio
[init] estimating visible bias from training set
[epoch 001] recon_mse=0.02608
[epoch 002] recon_mse=0.02529
[epoch 003] recon_mse=0.02445
[epoch 004] recon_mse=0.02380
[epoch 005] recon_mse=0.02337 quick_test_acc=0.0114 ent=5.5902
[epoch 006] recon_mse=0.02297
[epoch 007] recon_mse=0.02251
[epoch 008] recon_mse=0.02211
[epoch 009] recon_mse=0.02172
[epoch 010] recon_mse=0.02137 quick_test_acc=0.0370 ent=5.5906
[epoch 011] recon_mse=0.02108
[epoch 012] recon_mse=0.02084
[epoch 013] recon_mse=0.02061
[epoch 014] recon_mse=0.02040
[epoch 015] recon_mse=0.02022 quick_test_acc=0.0691 ent=5.5881
[epoch 016] recon_mse=0.02006
[epoch 017] recon_mse=0.01994
[epoch 018] recon_mse=0.01983
[epoch 019] recon_mse=0.01974
[epoch 020] recon_mse=0.01965 quick_test_acc=0.0802 ent=5.5843
[epoch 021] recon_mse=0.01958
[epoch 022] recon_mse=0.01952
[epoch 023] recon_mse=0.01947
[epoch 024] recon_mse=0.01942
[epoch 025] recon_mse=0.01937 quick_test_acc=0.0889 ent=5.5784
[epoch 026] recon_mse=0.01933
[epoch 027] recon_mse=0.01930
[epoch 028] recon_mse=0.01927
[epoch 029] recon_mse=0.01924
[epoch 030] recon_mse=0.01921 quick_test_acc=0.1017 ent=5.5709
[epoch 031] recon_mse=0.01919
[epoch 032] recon_mse=0.01917
[epoch 033] recon_mse=0.01914
[epoch 034] recon_mse=0.01913
[epoch 035] recon_mse=0.01911 quick_test_acc=0.1088 ent=5.5608
[epoch 036] recon_mse=0.01910
[epoch 037] recon_mse=0.01908
[epoch 038] recon_mse=0.01907
[epoch 039] recon_mse=0.01905
[epoch 040] recon_mse=0.01904 quick_test_acc=0.1147 ent=5.5486
[epoch 041] recon_mse=0.01903
[epoch 042] recon_mse=0.01903
[epoch 043] recon_mse=0.01901
[epoch 044] recon_mse=0.01901
[epoch 045] recon_mse=0.01899 quick_test_acc=0.1181 ent=5.5337
[epoch 046] recon_mse=0.01899
[epoch 047] recon_mse=0.01898
[epoch 048] recon_mse=0.01897
[epoch 049] recon_mse=0.01897
[epoch 050] recon_mse=0.01896 quick_test_acc=0.1251 ent=5.5161
[epoch 051] recon_mse=0.01894
[epoch 052] recon_mse=0.01894
[epoch 053] recon_mse=0.01893
[epoch 054] recon_mse=0.01892
[epoch 055] recon_mse=0.01891 quick_test_acc=0.1281 ent=5.4964
[epoch 056] recon_mse=0.01891
[epoch 057] recon_mse=0.01890
[epoch 058] recon_mse=0.01889
[epoch 059] recon_mse=0.01889
[epoch 060] recon_mse=0.01889 quick_test_acc=0.1327 ent=5.4737
[epoch 061] recon_mse=0.01888
[epoch 062] recon_mse=0.01887
[epoch 063] recon_mse=0.01887
[epoch 064] recon_mse=0.01885
[epoch 065] recon_mse=0.01885 quick_test_acc=0.1364 ent=5.4482
[epoch 066] recon_mse=0.01884
[epoch 067] recon_mse=0.01883
[epoch 068] recon_mse=0.01883
[epoch 069] recon_mse=0.01883
[epoch 070] recon_mse=0.01882 quick_test_acc=0.1403 ent=5.4204
[epoch 071] recon_mse=0.01881
[epoch 072] recon_mse=0.01880
[epoch 073] recon_mse=0.01879
[epoch 074] recon_mse=0.01878
[epoch 075] recon_mse=0.01878 quick_test_acc=0.1439 ent=5.3916
[epoch 076] recon_mse=0.01877
[epoch 077] recon_mse=0.01876
[epoch 078] recon_mse=0.01875
[epoch 079] recon_mse=0.01875
[epoch 080] recon_mse=0.01874 quick_test_acc=0.1494 ent=5.3614
[epoch 081] recon_mse=0.01873
[epoch 082] recon_mse=0.01872
[epoch 083] recon_mse=0.01871
[epoch 084] recon_mse=0.01870
[epoch 085] recon_mse=0.01870 quick_test_acc=0.1521 ent=5.3308
[epoch 086] recon_mse=0.01869
[epoch 087] recon_mse=0.01869
[epoch 088] recon_mse=0.01867
[epoch 089] recon_mse=0.01866
[epoch 090] recon_mse=0.01865 quick_test_acc=0.1563 ent=5.2985
[epoch 091] recon_mse=0.01865
[epoch 092] recon_mse=0.01863
[epoch 093] recon_mse=0.01862
[epoch 094] recon_mse=0.01862
[epoch 095] recon_mse=0.01861 quick_test_acc=0.1598 ent=5.2649
[epoch 096] recon_mse=0.01860
[epoch 097] recon_mse=0.01859
[epoch 098] recon_mse=0.01859
[epoch 099] recon_mse=0.01858
[epoch 100] recon_mse=0.01857 quick_test_acc=0.1633 ent=5.2301
[epoch 101] recon_mse=0.01855
[epoch 102] recon_mse=0.01855
[epoch 103] recon_mse=0.01854
[epoch 104] recon_mse=0.01853
[epoch 105] recon_mse=0.01852 quick_test_acc=0.1672 ent=5.1976
[epoch 106] recon_mse=0.01852
[epoch 107] recon_mse=0.01850
[epoch 108] recon_mse=0.01849
[epoch 109] recon_mse=0.01848
[epoch 110] recon_mse=0.01848 quick_test_acc=0.1703 ent=5.1675
[epoch 111] recon_mse=0.01846
[epoch 112] recon_mse=0.01846
[epoch 113] recon_mse=0.01845
[epoch 114] recon_mse=0.01844
[epoch 115] recon_mse=0.01842 quick_test_acc=0.1723 ent=5.1353
[epoch 116] recon_mse=0.01842
[epoch 117] recon_mse=0.01840
[epoch 118] recon_mse=0.01840
[epoch 119] recon_mse=0.01839
[epoch 120] recon_mse=0.01838 quick_test_acc=0.1741 ent=5.1084
[epoch 121] recon_mse=0.01837
[epoch 122] recon_mse=0.01836
[epoch 123] recon_mse=0.01835
[epoch 124] recon_mse=0.01834
[epoch 125] recon_mse=0.01833 quick_test_acc=0.1778 ent=5.0790
[epoch 126] recon_mse=0.01832
[epoch 127] recon_mse=0.01831
[epoch 128] recon_mse=0.01830
[epoch 129] recon_mse=0.01829
[epoch 130] recon_mse=0.01828 quick_test_acc=0.1780 ent=5.0484
[epoch 131] recon_mse=0.01827
[epoch 132] recon_mse=0.01825
[epoch 133] recon_mse=0.01825
[epoch 134] recon_mse=0.01823
[epoch 135] recon_mse=0.01823 quick_test_acc=0.1804 ent=5.0241
[epoch 136] recon_mse=0.01822
[epoch 137] recon_mse=0.01820
[epoch 138] recon_mse=0.01820
[epoch 139] recon_mse=0.01818
[epoch 140] recon_mse=0.01817 quick_test_acc=0.1826 ent=5.0022
[epoch 141] recon_mse=0.01817
[epoch 142] recon_mse=0.01816
[epoch 143] recon_mse=0.01815
[epoch 144] recon_mse=0.01813
[epoch 145] recon_mse=0.01812 quick_test_acc=0.1841 ent=4.9774
[epoch 146] recon_mse=0.01812
[epoch 147] recon_mse=0.01810
[epoch 148] recon_mse=0.01809
[epoch 149] recon_mse=0.01808
[epoch 150] recon_mse=0.01808 quick_test_acc=0.1855 ent=4.9584
[epoch 151] recon_mse=0.01806
[epoch 152] recon_mse=0.01805
[epoch 153] recon_mse=0.01804
[epoch 154] recon_mse=0.01803
[epoch 155] recon_mse=0.01802 quick_test_acc=0.1868 ent=4.9363
[epoch 156] recon_mse=0.01801
[epoch 157] recon_mse=0.01799
[epoch 158] recon_mse=0.01799
[epoch 159] recon_mse=0.01798
[epoch 160] recon_mse=0.01797 quick_test_acc=0.1884 ent=4.9151
[epoch 161] recon_mse=0.01796
[epoch 162] recon_mse=0.01795
[epoch 163] recon_mse=0.01794
[epoch 164] recon_mse=0.01793
[epoch 165] recon_mse=0.01792 quick_test_acc=0.1898 ent=4.9007
[epoch 166] recon_mse=0.01791
[epoch 167] recon_mse=0.01790
[epoch 168] recon_mse=0.01788
[epoch 169] recon_mse=0.01788
[epoch 170] recon_mse=0.01788 quick_test_acc=0.1924 ent=4.8804
[epoch 171] recon_mse=0.01786
[epoch 172] recon_mse=0.01785
[epoch 173] recon_mse=0.01784
[epoch 174] recon_mse=0.01784
[epoch 175] recon_mse=0.01782 quick_test_acc=0.1938 ent=4.8657
[epoch 176] recon_mse=0.01781
[epoch 177] recon_mse=0.01780
[epoch 178] recon_mse=0.01780
[epoch 179] recon_mse=0.01779
[epoch 180] recon_mse=0.01778 quick_test_acc=0.1954 ent=4.8528
[full_eval_best] {
  "created_at": "2026-06-19 20:09:12",
  "ckpt": "/home/Hongjie_Zeng/high_order_BM/runs_vggsound_full_AF009_standard_audio_cnnlstm2048_h4_lc5_e180/best.pt",
  "ckpt_epoch": 180,
  "ckpt_best_acc": 0.19535884231797146,
  "eval_steps": 3000,
  "eval_burn_in": 500,
  "eval_thin": 2,
  "test_label_gibbs_acc": 0.19346848314972948,
  "test_label_entropy": 4.833324943979581,
  "computed_dims": {
    "input_dim": 2048,
    "label_dim": 1545,
    "hidden_dim": 8192,
    "total_pbits": 11785,
    "num_classes": 309
  },
  "data_dims": {
    "feature_npz": "/home/Hongjie_Zeng/high_order_BM/data_vggsound_full/features/vggsound_full_audio_cnnlstm2048_stft128x96_per_dim_zscore_sigmoid_seed123.npz",
    "train_size": 182615,
    "test_size": 15341,
    "num_classes": 309,
    "class_names": [
      "air conditioning noise",
      "air horn",
      "airplane",
      "airplane flyby",
      "alarm clock ringing",
      "alligators, crocodiles hissing",
      "ambulance siren",
      "arc welding",
      "baby babbling",
      "baby crying",
      "baby laughter",
      "baltimore oriole calling",
      "barn swallow calling",
      "basketball bounce",
      "bathroom ventilation fan running",
      "beat boxing",
      "bee, wasp, etc. buzzing",
      "bird chirping, tweeting",
      "bird squawking",
      "bird wings flapping",
      "black capped chickadee calling",
      "blowtorch igniting",
      "bouncing on trampoline",
      "bowling impact",
      "bull bellowing",
      "canary calling",
      "cap gun shooting",
      "car engine idling",
      "car engine knocking",
      "car engine starting",
      "car passing by",
      "cat caterwauling",
      "cat growling",
      "cat hissing",
      "cat meowing",
      "cat purring",
      "cattle mooing",
      "cattle, bovinae cowbell",
      "cell phone buzzing",
      "chainsawing trees",
      "cheetah chirrup",
      "chicken clucking",
      "chicken crowing",
      "child singing",
      "child speech, kid speaking",
      "children shouting",
      "chimpanzee pant-hooting",
      "chinchilla barking",
      "chipmunk chirping",
      "chopping food",
      "chopping wood",
      "church bell ringing",
      "civil defense siren",
      "cow lowing",
      "coyote howling",
      "cricket chirping",
      "crow cawing",
      "cuckoo bird calling",
      "cupboard opening or closing",
      "cutting hair with electric trimmers",
      "dinosaurs bellowing",
      "disc scratching",
      "dog barking",
      "dog baying",
      "dog bow-wow",
      "dog growling",
      "dog howling",
      "dog whimpering",
      "donkey, ass braying",
      "door slamming",
      "driving buses",
      "driving motorcycle",
      "driving snowmobile",
      "duck quacking",
      "eagle screaming",
      "eating with cutlery",
      "electric grinder grinding",
      "electric shaver, electric razor shaving",
      "elephant trumpeting",
      "eletric blender running",
      "elk bugling",
      "engine accelerating, revving, vroom",
      "female singing",
      "female speech, woman speaking",
      "ferret dooking",
      "fire crackling",
      "fire truck siren",
      "fireworks banging",
      "firing cannon",
      "firing muskets",
      "fly, housefly buzzing",
      "foghorn",
      "footsteps on snow",
      "forging swords",
      "fox barking",
      "francolin calling",
      "frog croaking",
      "gibbon howling",
      "goat bleating",
      "golf driving",
      "goose honking",
      "hail",
      "hair dryer drying",
      "hammering nails",
      "heart sounds, heartbeat",
      "hedge trimmer running",
      "helicopter",
      "horse clip-clop",
      "horse neighing",
      "ice cracking",
      "ice cream truck, ice cream van",
      "lathe spinning",
      "lawn mowing",
      "lighting firecrackers",
      "lions growling",
      "lions roaring",
      "lip smacking",
      "machine gun shooting",
      "magpie calling",
      "male singing",
      "male speech, man speaking",
      "metronome",
      "missile launch",
      "mosquito buzzing",
      "motorboat, speedboat acceleration",
      "mouse clicking",
      "mouse pattering",
      "mouse squeaking",
      "mynah bird singing",
      "ocean burbling",
      "opening or closing car doors",
      "opening or closing car electric windows",
      "opening or closing drawers",
      "orchestra",
      "otter growling",
      "owl hooting",
      "parrot talking",
      "penguins braying",
      "people babbling",
      "people battle cry",
      "people belly laughing",
      "people booing",
      "people burping",
      "people cheering",
      "people clapping",
      "people coughing",
      "people crowd",
      "people eating",
      "people eating apple",
      "people eating crisps",
      "people eating noodle",
      "people farting",
      "people finger snapping",
      "people gargling",
      "people giggling",
      "people hiccup",
      "people humming",
      "people marching",
      "people nose blowing",
      "people running",
      "people screaming",
      "people shuffling",
      "people slapping",
      "people slurping",
      "people sneezing",
      "people sniggering",
      "people sobbing",
      "people whispering",
      "people whistling",
      "pheasant crowing",
      "pig oinking",
      "pigeon, dove cooing",
      "planing timber",
      "plastic bottle crushing",
      "playing accordion",
      "playing acoustic guitar",
      "playing badminton",
      "playing bagpipes",
      "playing banjo",
      "playing bass drum",
      "playing bass guitar",
      "playing bassoon",
      "playing bongo",
      "playing bugle",
      "playing castanets",
      "playing cello",
      "playing clarinet",
      "playing congas",
      "playing cornet",
      "playing cymbal",
      "playing darts",
      "playing didgeridoo",
      "playing djembe",
      "playing double bass",
      "playing drum kit",
      "playing electric guitar",
      "playing electronic organ",
      "playing erhu",
      "playing flute",
      "playing french horn",
      "playing glockenspiel",
      "playing gong",
      "playing guiro",
      "playing hammond organ",
      "playing harmonica",
      "playing harp",
      "playing harpsichord",
      "playing hockey",
      "playing lacrosse",
      "playing mandolin",
      "playing marimba, xylophone",
      "playing oboe",
      "playing piano",
      "playing saxophone",
      "playing shofar",
      "playing sitar",
      "playing snare drum",
      "playing squash",
      "playing steel guitar, slide guitar",
      "playing steelpan",
      "playing synthesizer",
      "playing tabla",
      "playing table tennis",
      "playing tambourine",
      "playing tennis",
      "playing theremin",
      "playing timbales",
      "playing timpani",
      "playing trombone",
      "playing trumpet",
      "playing tuning fork",
      "playing tympani",
      "playing ukulele",
      "playing vibraphone",
      "playing violin, fiddle",
      "playing volleyball",
      "playing washboard",
      "playing zither",
      "police car (siren)",
      "police radio chatter",
      "popping popcorn",
      "printer printing",
      "pumping water",
      "race car, auto racing",
      "railroad car, train wagon",
      "raining",
      "rapping",
      "reversing beeps",
      "ripping paper",
      "roller coaster running",
      "rope skipping",
      "rowboat, canoe, kayak rowing",
      "running electric fan",
      "sailing",
      "scuba diving",
      "sea lion barking",
      "sea waves",
      "sharpen knife",
      "sheep bleating",
      "shot football",
      "singing bowl",
      "singing choir",
      "skateboarding",
      "skidding",
      "skiing",
      "sliding door",
      "sloshing water",
      "slot machine",
      "smoke detector beeping",
      "snake hissing",
      "snake rattling",
      "splashing water",
      "spraying water",
      "squishing water",
      "stream burbling",
      "strike lighter",
      "striking bowling",
      "striking pool",
      "subway, metro, underground",
      "swimming",
      "tap dancing",
      "tapping guitar",
      "telephone bell ringing",
      "thunder",
      "toilet flushing",
      "tornado roaring",
      "tractor digging",
      "train horning",
      "train wheels squealing",
      "train whistling",
      "turkey gobbling",
      "typing on computer keyboard",
      "typing on typewriter",
      "underwater bubbling",
      "using sewing machines",
      "vacuum cleaner cleaning floors",
      "vehicle horn, car horn, honking",
      "volcano explosion",
      "warbler chirping",
      "waterfall burbling",
      "whale calling",
      "wind chime",
      "wind noise",
      "wind rustling leaves",
      "wood thrush calling",
      "woodpecker pecking tree",
      "writing on blackboard with chalk",
      "yodelling",
      "zebra braying"
    ],
    "video_dim": 1,
    "motion_dim": 1,
    "audio_dim": 2048
  }
}
{
  "experiment_id": "AF009_standard_audio_cnnlstm2048_h4_lc5_e180",
  "finished_at": "2026-06-19 20:09:12",
  "model_type": "standard",
  "best_epoch": 180,
  "best_acc_selection_metric": 0.19535884231797146,
  "final_epoch": 180,
  "final_test_label_gibbs_acc": 0.19535884231797146,
  "full_eval_best_acc": 0.19346848314972948,
  "computed_dims": {
    "input_dim": 2048,
    "label_dim": 1545,
    "hidden_dim": 8192,
    "total_pbits": 11785,
    "num_classes": 309
  },
  "data_dims": {
    "feature_npz": "/home/Hongjie_Zeng/high_order_BM/data_vggsound_full/features/vggsound_full_audio_cnnlstm2048_stft128x96_per_dim_zscore_sigmoid_seed123.npz",
    "train_size": 182615,
    "test_size": 15341,
    "num_classes": 309,
    "class_names": [
      "air conditioning noise",
      "air horn",
      "airplane",
      "airplane flyby",
      "alarm clock ringing",
      "alligators, crocodiles hissing",
      "ambulance siren",
      "arc welding",
      "baby babbling",
      "baby crying",
      "baby laughter",
      "baltimore oriole calling",
      "barn swallow calling",
      "basketball bounce",
      "bathroom ventilation fan running",
      "beat boxing",
      "bee, wasp, etc. buzzing",
      "bird chirping, tweeting",
      "bird squawking",
      "bird wings flapping",
      "black capped chickadee calling",
      "blowtorch igniting",
      "bouncing on trampoline",
      "bowling impact",
      "bull bellowing",
      "canary calling",
      "cap gun shooting",
      "car engine idling",
      "car engine knocking",
      "car engine starting",
      "car passing by",
      "cat caterwauling",
      "cat growling",
      "cat hissing",
      "cat meowing",
      "cat purring",
      "cattle mooing",
      "cattle, bovinae cowbell",
      "cell phone buzzing",
      "chainsawing trees",
      "cheetah chirrup",
      "chicken clucking",
      "chicken crowing",
      "child singing",
      "child speech, kid speaking",
      "children shouting",
      "chimpanzee pant-hooting",
      "chinchilla barking",
      "chipmunk chirping",
      "chopping food",
      "chopping wood",
      "church bell ringing",
      "civil defense siren",
      "cow lowing",
      "coyote howling",
      "cricket chirping",
      "crow cawing",
      "cuckoo bird calling",
      "cupboard opening or closing",
      "cutting hair with electric trimmers",
      "dinosaurs bellowing",
      "disc scratching",
      "dog barking",
      "dog baying",
      "dog bow-wow",
      "dog growling",
      "dog howling",
      "dog whimpering",
      "donkey, ass braying",
      "door slamming",
      "driving buses",
      "driving motorcycle",
      "driving snowmobile",
      "duck quacking",
      "eagle screaming",
      "eating with cutlery",
      "electric grinder grinding",
      "electric shaver, electric razor shaving",
      "elephant trumpeting",
      "eletric blender running",
      "elk bugling",
      "engine accelerating, revving, vroom",
      "female singing",
      "female speech, woman speaking",
      "ferret dooking",
      "fire crackling",
      "fire truck siren",
      "fireworks banging",
      "firing cannon",
      "firing muskets",
      "fly, housefly buzzing",
      "foghorn",
      "footsteps on snow",
      "forging swords",
      "fox barking",
      "francolin calling",
      "frog croaking",
      "gibbon howling",
      "goat bleating",
      "golf driving",
      "goose honking",
      "hail",
      "hair dryer drying",
      "hammering nails",
      "heart sounds, heartbeat",
      "hedge trimmer running",
      "helicopter",
      "horse clip-clop",
      "horse neighing",
      "ice cracking",
      "ice cream truck, ice cream van",
      "lathe spinning",
      "lawn mowing",
      "lighting firecrackers",
      "lions growling",
      "lions roaring",
      "lip smacking",
      "machine gun shooting",
      "magpie calling",
      "male singing",
      "male speech, man speaking",
      "metronome",
      "missile launch",
      "mosquito buzzing",
      "motorboat, speedboat acceleration",
      "mouse clicking",
      "mouse pattering",
      "mouse squeaking",
      "mynah bird singing",
      "ocean burbling",
      "opening or closing car doors",
      "opening or closing car electric windows",
      "opening or closing drawers",
      "orchestra",
      "otter growling",
      "owl hooting",
      "parrot talking",
      "penguins braying",
      "people babbling",
      "people battle cry",
      "people belly laughing",
      "people booing",
      "people burping",
      "people cheering",
      "people clapping",
      "people coughing",
      "people crowd",
      "people eating",
      "people eating apple",
      "people eating crisps",
      "people eating noodle",
      "people farting",
      "people finger snapping",
      "people gargling",
      "people giggling",
      "people hiccup",
      "people humming",
      "people marching",
      "people nose blowing",
      "people running",
      "people screaming",
      "people shuffling",
      "people slapping",
      "people slurping",
      "people sneezing",
      "people sniggering",
      "people sobbing",
      "people whispering",
      "people whistling",
      "pheasant crowing",
      "pig oinking",
      "pigeon, dove cooing",
      "planing timber",
      "plastic bottle crushing",
      "playing accordion",
      "playing acoustic guitar",
      "playing badminton",
      "playing bagpipes",
      "playing banjo",
      "playing bass drum",
      "playing bass guitar",
      "playing bassoon",
      "playing bongo",
      "playing bugle",
      "playing castanets",
      "playing cello",
      "playing clarinet",
      "playing congas",
      "playing cornet",
      "playing cymbal",
      "playing darts",
      "playing didgeridoo",
      "playing djembe",
      "playing double bass",
      "playing drum kit",
      "playing electric guitar",
      "playing electronic organ",
      "playing erhu",
      "playing flute",
      "playing french horn",
      "playing glockenspiel",
      "playing gong",
      "playing guiro",
      "playing hammond organ",
      "playing harmonica",
      "playing harp",
      "playing harpsichord",
      "playing hockey",
      "playing lacrosse",
      "playing mandolin",
      "playing marimba, xylophone",
      "playing oboe",
      "playing piano",
      "playing saxophone",
      "playing shofar",
      "playing sitar",
      "playing snare drum",
      "playing squash",
      "playing steel guitar, slide guitar",
      "playing steelpan",
      "playing synthesizer",
      "playing tabla",
      "playing table tennis",
      "playing tambourine",
      "playing tennis",
      "playing theremin",
      "playing timbales",
      "playing timpani",
      "playing trombone",
      "playing trumpet",
      "playing tuning fork",
      "playing tympani",
      "playing ukulele",
      "playing vibraphone",
      "playing violin, fiddle",
      "playing volleyball",
      "playing washboard",
      "playing zither",
      "police car (siren)",
      "police radio chatter",
      "popping popcorn",
      "printer printing",
      "pumping water",
      "race car, auto racing",
      "railroad car, train wagon",
      "raining",
      "rapping",
      "reversing beeps",
      "ripping paper",
      "roller coaster running",
      "rope skipping",
      "rowboat, canoe, kayak rowing",
      "running electric fan",
      "sailing",
      "scuba diving",
      "sea lion barking",
      "sea waves",
      "sharpen knife",
      "sheep bleating",
      "shot football",
      "singing bowl",
      "singing choir",
      "skateboarding",
      "skidding",
      "skiing",
      "sliding door",
      "sloshing water",
      "slot machine",
      "smoke detector beeping",
      "snake hissing",
      "snake rattling",
      "splashing water",
      "spraying water",
      "squishing water",
      "stream burbling",
      "strike lighter",
      "striking bowling",
      "striking pool",
      "subway, metro, underground",
      "swimming",
      "tap dancing",
      "tapping guitar",
      "telephone bell ringing",
      "thunder",
      "toilet flushing",
      "tornado roaring",
      "tractor digging",
      "train horning",
      "train wheels squealing",
      "train whistling",
      "turkey gobbling",
      "typing on computer keyboard",
      "typing on typewriter",
      "underwater bubbling",
      "using sewing machines",
      "vacuum cleaner cleaning floors",
      "vehicle horn, car horn, honking",
      "volcano explosion",
      "warbler chirping",
      "waterfall burbling",
      "whale calling",
      "wind chime",
      "wind noise",
      "wind rustling leaves",
      "wood thrush calling",
      "woodpecker pecking tree",
      "writing on blackboard with chalk",
      "yodelling",
      "zebra braying"
    ],
    "video_dim": 1,
    "motion_dim": 1,
    "audio_dim": 2048
  },
  "out_dir": "/home/Hongjie_Zeng/high_order_BM/runs_vggsound_full_AF009_standard_audio_cnnlstm2048_h4_lc5_e180"
}
