[data] train=182615 test=15341 classes=309 video=4096 motion=1 audio=1 device=cuda
[model] standard input=4096 label=1545 hidden=32768 total=38409 mode=video
[epoch 221] recon_mse=0.01177
[epoch 222] recon_mse=0.01177
[epoch 223] recon_mse=0.01176
[epoch 224] recon_mse=0.01176
[epoch 225] recon_mse=0.01175 quick_test_acc=0.4069 ent=3.0739
[epoch 226] recon_mse=0.01174
[epoch 227] recon_mse=0.01174
[epoch 228] recon_mse=0.01173
[epoch 229] recon_mse=0.01173
[epoch 230] recon_mse=0.01172 quick_test_acc=0.4082 ent=3.0570
[epoch 231] recon_mse=0.01171
[epoch 232] recon_mse=0.01170
[epoch 233] recon_mse=0.01171
[epoch 234] recon_mse=0.01169
[epoch 235] recon_mse=0.01168 quick_test_acc=0.4082 ent=3.0372
[epoch 236] recon_mse=0.01168
[epoch 237] recon_mse=0.01168
[epoch 238] recon_mse=0.01167
[epoch 239] recon_mse=0.01167
[epoch 240] recon_mse=0.01166 quick_test_acc=0.4089 ent=3.0269
[epoch 241] recon_mse=0.01166
[epoch 242] recon_mse=0.01165
[epoch 243] recon_mse=0.01164
[epoch 244] recon_mse=0.01164
[epoch 245] recon_mse=0.01164 quick_test_acc=0.4107 ent=3.0130
[epoch 246] recon_mse=0.01163
[epoch 247] recon_mse=0.01163
[epoch 248] recon_mse=0.01162
[epoch 249] recon_mse=0.01161
[epoch 250] recon_mse=0.01161 quick_test_acc=0.4107 ent=3.0024
[epoch 251] recon_mse=0.01160
[epoch 252] recon_mse=0.01160
[epoch 253] recon_mse=0.01159
[epoch 254] recon_mse=0.01159
[epoch 255] recon_mse=0.01158 quick_test_acc=0.4117 ent=2.9834
[epoch 256] recon_mse=0.01158
[epoch 257] recon_mse=0.01157
[epoch 258] recon_mse=0.01156
[epoch 259] recon_mse=0.01156
[epoch 260] recon_mse=0.01156 quick_test_acc=0.4116 ent=2.9744
[epoch 261] recon_mse=0.01155
[epoch 262] recon_mse=0.01155
[epoch 263] recon_mse=0.01154
[epoch 264] recon_mse=0.01154
[epoch 265] recon_mse=0.01153 quick_test_acc=0.4122 ent=2.9638
[epoch 266] recon_mse=0.01153
[epoch 267] recon_mse=0.01152
[epoch 268] recon_mse=0.01152
[epoch 269] recon_mse=0.01151
[epoch 270] recon_mse=0.01151 quick_test_acc=0.4130 ent=2.9486
[epoch 271] recon_mse=0.01151
[epoch 272] recon_mse=0.01150
[epoch 273] recon_mse=0.01150
[epoch 274] recon_mse=0.01149
[epoch 275] recon_mse=0.01148 quick_test_acc=0.4148 ent=2.9345
[epoch 276] recon_mse=0.01148
[epoch 277] recon_mse=0.01148
[epoch 278] recon_mse=0.01147
[epoch 279] recon_mse=0.01147
[epoch 280] recon_mse=0.01146 quick_test_acc=0.4141 ent=2.9258
[epoch 281] recon_mse=0.01146
[epoch 282] recon_mse=0.01146
[epoch 283] recon_mse=0.01145
[epoch 284] recon_mse=0.01145
[epoch 285] recon_mse=0.01144 quick_test_acc=0.4146 ent=2.9118
[epoch 286] recon_mse=0.01144
[epoch 287] recon_mse=0.01143
[epoch 288] recon_mse=0.01143
[epoch 289] recon_mse=0.01143
[epoch 290] recon_mse=0.01142 quick_test_acc=0.4157 ent=2.8983
[epoch 291] recon_mse=0.01142
[epoch 292] recon_mse=0.01141
[epoch 293] recon_mse=0.01141
[epoch 294] recon_mse=0.01140
[epoch 295] recon_mse=0.01140 quick_test_acc=0.4157 ent=2.8870
[epoch 296] recon_mse=0.01139
[epoch 297] recon_mse=0.01139
[epoch 298] recon_mse=0.01138
[epoch 299] recon_mse=0.01138
[epoch 300] recon_mse=0.01138 quick_test_acc=0.4165 ent=2.8797
[epoch 301] recon_mse=0.01138
[epoch 302] recon_mse=0.01137
[epoch 303] recon_mse=0.01136
[epoch 304] recon_mse=0.01136
[epoch 305] recon_mse=0.01136 quick_test_acc=0.4161 ent=2.8702
[epoch 306] recon_mse=0.01135
[epoch 307] recon_mse=0.01136
[epoch 308] recon_mse=0.01134
[epoch 309] recon_mse=0.01134
[epoch 310] recon_mse=0.01134 quick_test_acc=0.4163 ent=2.8514
[epoch 311] recon_mse=0.01134
[epoch 312] recon_mse=0.01133
[epoch 313] recon_mse=0.01133
[epoch 314] recon_mse=0.01132
[epoch 315] recon_mse=0.01132 quick_test_acc=0.4175 ent=2.8466
[epoch 316] recon_mse=0.01131
[epoch 317] recon_mse=0.01131
[epoch 318] recon_mse=0.01131
[epoch 319] recon_mse=0.01130
[epoch 320] recon_mse=0.01130 quick_test_acc=0.4172 ent=2.8309
[epoch 321] recon_mse=0.01130
[epoch 322] recon_mse=0.01129
[epoch 323] recon_mse=0.01129
[epoch 324] recon_mse=0.01128
[epoch 325] recon_mse=0.01128 quick_test_acc=0.4177 ent=2.8242
[epoch 326] recon_mse=0.01128
[epoch 327] recon_mse=0.01127
[epoch 328] recon_mse=0.01127
[epoch 329] recon_mse=0.01127
[epoch 330] recon_mse=0.01126 quick_test_acc=0.4189 ent=2.8108
[epoch 331] recon_mse=0.01126
[epoch 332] recon_mse=0.01126
[epoch 333] recon_mse=0.01126
[epoch 334] recon_mse=0.01125
[epoch 335] recon_mse=0.01124 quick_test_acc=0.4204 ent=2.8064
[epoch 336] recon_mse=0.01124
[epoch 337] recon_mse=0.01124
[epoch 338] recon_mse=0.01123
[epoch 339] recon_mse=0.01123
[epoch 340] recon_mse=0.01123 quick_test_acc=0.4197 ent=2.7984
[epoch 341] recon_mse=0.01122
[epoch 342] recon_mse=0.01122
[epoch 343] recon_mse=0.01122
[epoch 344] recon_mse=0.01121
[epoch 345] recon_mse=0.01121 quick_test_acc=0.4199 ent=2.7800
[epoch 346] recon_mse=0.01121
[epoch 347] recon_mse=0.01121
[epoch 348] recon_mse=0.01120
[epoch 349] recon_mse=0.01120
[epoch 350] recon_mse=0.01119 quick_test_acc=0.4199 ent=2.7695
[epoch 351] recon_mse=0.01119
[epoch 352] recon_mse=0.01119
[epoch 353] recon_mse=0.01118
[epoch 354] recon_mse=0.01118
[epoch 355] recon_mse=0.01118 quick_test_acc=0.4191 ent=2.7637
[epoch 356] recon_mse=0.01117
[epoch 357] recon_mse=0.01117
[epoch 358] recon_mse=0.01117
[epoch 359] recon_mse=0.01116
[epoch 360] recon_mse=0.01116 quick_test_acc=0.4203 ent=2.7546
[full_eval_best] {
  "created_at": "2026-06-20 18:43:19",
  "ckpt": "/home/Hongjie_Zeng/high_order_BM/runs_vggsound_full_VF023_video_lstm4096_h8_lc5_resume360_from_vf022/best.pt",
  "ckpt_epoch": 335,
  "ckpt_best_acc": 0.4204419529365752,
  "eval_steps": 3000,
  "eval_burn_in": 500,
  "eval_thin": 2,
  "test_label_gibbs_acc": 0.41926862655628705,
  "test_label_entropy": 2.806860375901063,
  "computed_dims": {
    "input_dim": 4096,
    "label_dim": 1545,
    "hidden_dim": 32768,
    "total_pbits": 38409,
    "num_classes": 309
  },
  "data_dims": {
    "feature_npz": "/home/Hongjie_Zeng/high_order_BM/data_vggsound_full/features/vggsound_full_video_lstm4096_resnet50_f16_seed123.npz",
    "train_size": 182615,
    "test_size": 15341,
    "num_classes": 309,
    "class_names": [
      "air conditioning noise",
      "air horn",
      "airplane",
      "airplane flyby",
      "alarm clock ringing",
      "alligators, crocodiles hissing",
      "ambulance siren",
      "arc welding",
      "baby babbling",
      "baby crying",
      "baby laughter",
      "baltimore oriole calling",
      "barn swallow calling",
      "basketball bounce",
      "bathroom ventilation fan running",
      "beat boxing",
      "bee, wasp, etc. buzzing",
      "bird chirping, tweeting",
      "bird squawking",
      "bird wings flapping",
      "black capped chickadee calling",
      "blowtorch igniting",
      "bouncing on trampoline",
      "bowling impact",
      "bull bellowing",
      "canary calling",
      "cap gun shooting",
      "car engine idling",
      "car engine knocking",
      "car engine starting",
      "car passing by",
      "cat caterwauling",
      "cat growling",
      "cat hissing",
      "cat meowing",
      "cat purring",
      "cattle mooing",
      "cattle, bovinae cowbell",
      "cell phone buzzing",
      "chainsawing trees",
      "cheetah chirrup",
      "chicken clucking",
      "chicken crowing",
      "child singing",
      "child speech, kid speaking",
      "children shouting",
      "chimpanzee pant-hooting",
      "chinchilla barking",
      "chipmunk chirping",
      "chopping food",
      "chopping wood",
      "church bell ringing",
      "civil defense siren",
      "cow lowing",
      "coyote howling",
      "cricket chirping",
      "crow cawing",
      "cuckoo bird calling",
      "cupboard opening or closing",
      "cutting hair with electric trimmers",
      "dinosaurs bellowing",
      "disc scratching",
      "dog barking",
      "dog baying",
      "dog bow-wow",
      "dog growling",
      "dog howling",
      "dog whimpering",
      "donkey, ass braying",
      "door slamming",
      "driving buses",
      "driving motorcycle",
      "driving snowmobile",
      "duck quacking",
      "eagle screaming",
      "eating with cutlery",
      "electric grinder grinding",
      "electric shaver, electric razor shaving",
      "elephant trumpeting",
      "eletric blender running",
      "elk bugling",
      "engine accelerating, revving, vroom",
      "female singing",
      "female speech, woman speaking",
      "ferret dooking",
      "fire crackling",
      "fire truck siren",
      "fireworks banging",
      "firing cannon",
      "firing muskets",
      "fly, housefly buzzing",
      "foghorn",
      "footsteps on snow",
      "forging swords",
      "fox barking",
      "francolin calling",
      "frog croaking",
      "gibbon howling",
      "goat bleating",
      "golf driving",
      "goose honking",
      "hail",
      "hair dryer drying",
      "hammering nails",
      "heart sounds, heartbeat",
      "hedge trimmer running",
      "helicopter",
      "horse clip-clop",
      "horse neighing",
      "ice cracking",
      "ice cream truck, ice cream van",
      "lathe spinning",
      "lawn mowing",
      "lighting firecrackers",
      "lions growling",
      "lions roaring",
      "lip smacking",
      "machine gun shooting",
      "magpie calling",
      "male singing",
      "male speech, man speaking",
      "metronome",
      "missile launch",
      "mosquito buzzing",
      "motorboat, speedboat acceleration",
      "mouse clicking",
      "mouse pattering",
      "mouse squeaking",
      "mynah bird singing",
      "ocean burbling",
      "opening or closing car doors",
      "opening or closing car electric windows",
      "opening or closing drawers",
      "orchestra",
      "otter growling",
      "owl hooting",
      "parrot talking",
      "penguins braying",
      "people babbling",
      "people battle cry",
      "people belly laughing",
      "people booing",
      "people burping",
      "people cheering",
      "people clapping",
      "people coughing",
      "people crowd",
      "people eating",
      "people eating apple",
      "people eating crisps",
      "people eating noodle",
      "people farting",
      "people finger snapping",
      "people gargling",
      "people giggling",
      "people hiccup",
      "people humming",
      "people marching",
      "people nose blowing",
      "people running",
      "people screaming",
      "people shuffling",
      "people slapping",
      "people slurping",
      "people sneezing",
      "people sniggering",
      "people sobbing",
      "people whispering",
      "people whistling",
      "pheasant crowing",
      "pig oinking",
      "pigeon, dove cooing",
      "planing timber",
      "plastic bottle crushing",
      "playing accordion",
      "playing acoustic guitar",
      "playing badminton",
      "playing bagpipes",
      "playing banjo",
      "playing bass drum",
      "playing bass guitar",
      "playing bassoon",
      "playing bongo",
      "playing bugle",
      "playing castanets",
      "playing cello",
      "playing clarinet",
      "playing congas",
      "playing cornet",
      "playing cymbal",
      "playing darts",
      "playing didgeridoo",
      "playing djembe",
      "playing double bass",
      "playing drum kit",
      "playing electric guitar",
      "playing electronic organ",
      "playing erhu",
      "playing flute",
      "playing french horn",
      "playing glockenspiel",
      "playing gong",
      "playing guiro",
      "playing hammond organ",
      "playing harmonica",
      "playing harp",
      "playing harpsichord",
      "playing hockey",
      "playing lacrosse",
      "playing mandolin",
      "playing marimba, xylophone",
      "playing oboe",
      "playing piano",
      "playing saxophone",
      "playing shofar",
      "playing sitar",
      "playing snare drum",
      "playing squash",
      "playing steel guitar, slide guitar",
      "playing steelpan",
      "playing synthesizer",
      "playing tabla",
      "playing table tennis",
      "playing tambourine",
      "playing tennis",
      "playing theremin",
      "playing timbales",
      "playing timpani",
      "playing trombone",
      "playing trumpet",
      "playing tuning fork",
      "playing tympani",
      "playing ukulele",
      "playing vibraphone",
      "playing violin, fiddle",
      "playing volleyball",
      "playing washboard",
      "playing zither",
      "police car (siren)",
      "police radio chatter",
      "popping popcorn",
      "printer printing",
      "pumping water",
      "race car, auto racing",
      "railroad car, train wagon",
      "raining",
      "rapping",
      "reversing beeps",
      "ripping paper",
      "roller coaster running",
      "rope skipping",
      "rowboat, canoe, kayak rowing",
      "running electric fan",
      "sailing",
      "scuba diving",
      "sea lion barking",
      "sea waves",
      "sharpen knife",
      "sheep bleating",
      "shot football",
      "singing bowl",
      "singing choir",
      "skateboarding",
      "skidding",
      "skiing",
      "sliding door",
      "sloshing water",
      "slot machine",
      "smoke detector beeping",
      "snake hissing",
      "snake rattling",
      "splashing water",
      "spraying water",
      "squishing water",
      "stream burbling",
      "strike lighter",
      "striking bowling",
      "striking pool",
      "subway, metro, underground",
      "swimming",
      "tap dancing",
      "tapping guitar",
      "telephone bell ringing",
      "thunder",
      "toilet flushing",
      "tornado roaring",
      "tractor digging",
      "train horning",
      "train wheels squealing",
      "train whistling",
      "turkey gobbling",
      "typing on computer keyboard",
      "typing on typewriter",
      "underwater bubbling",
      "using sewing machines",
      "vacuum cleaner cleaning floors",
      "vehicle horn, car horn, honking",
      "volcano explosion",
      "warbler chirping",
      "waterfall burbling",
      "whale calling",
      "wind chime",
      "wind noise",
      "wind rustling leaves",
      "wood thrush calling",
      "woodpecker pecking tree",
      "writing on blackboard with chalk",
      "yodelling",
      "zebra braying"
    ],
    "video_dim": 4096,
    "motion_dim": 1,
    "audio_dim": 1
  }
}
{
  "experiment_id": "VF023_video_lstm4096_h8_lc5_resume360_from_vf022",
  "finished_at": "2026-06-20 18:43:19",
  "model_type": "standard",
  "best_epoch": 335,
  "best_acc_selection_metric": 0.4204419529365752,
  "final_epoch": 360,
  "final_test_label_gibbs_acc": 0.4203115833387654,
  "full_eval_best_acc": 0.41926862655628705,
  "computed_dims": {
    "input_dim": 4096,
    "label_dim": 1545,
    "hidden_dim": 32768,
    "total_pbits": 38409,
    "num_classes": 309
  },
  "data_dims": {
    "feature_npz": "/home/Hongjie_Zeng/high_order_BM/data_vggsound_full/features/vggsound_full_video_lstm4096_resnet50_f16_seed123.npz",
    "train_size": 182615,
    "test_size": 15341,
    "num_classes": 309,
    "class_names": [
      "air conditioning noise",
      "air horn",
      "airplane",
      "airplane flyby",
      "alarm clock ringing",
      "alligators, crocodiles hissing",
      "ambulance siren",
      "arc welding",
      "baby babbling",
      "baby crying",
      "baby laughter",
      "baltimore oriole calling",
      "barn swallow calling",
      "basketball bounce",
      "bathroom ventilation fan running",
      "beat boxing",
      "bee, wasp, etc. buzzing",
      "bird chirping, tweeting",
      "bird squawking",
      "bird wings flapping",
      "black capped chickadee calling",
      "blowtorch igniting",
      "bouncing on trampoline",
      "bowling impact",
      "bull bellowing",
      "canary calling",
      "cap gun shooting",
      "car engine idling",
      "car engine knocking",
      "car engine starting",
      "car passing by",
      "cat caterwauling",
      "cat growling",
      "cat hissing",
      "cat meowing",
      "cat purring",
      "cattle mooing",
      "cattle, bovinae cowbell",
      "cell phone buzzing",
      "chainsawing trees",
      "cheetah chirrup",
      "chicken clucking",
      "chicken crowing",
      "child singing",
      "child speech, kid speaking",
      "children shouting",
      "chimpanzee pant-hooting",
      "chinchilla barking",
      "chipmunk chirping",
      "chopping food",
      "chopping wood",
      "church bell ringing",
      "civil defense siren",
      "cow lowing",
      "coyote howling",
      "cricket chirping",
      "crow cawing",
      "cuckoo bird calling",
      "cupboard opening or closing",
      "cutting hair with electric trimmers",
      "dinosaurs bellowing",
      "disc scratching",
      "dog barking",
      "dog baying",
      "dog bow-wow",
      "dog growling",
      "dog howling",
      "dog whimpering",
      "donkey, ass braying",
      "door slamming",
      "driving buses",
      "driving motorcycle",
      "driving snowmobile",
      "duck quacking",
      "eagle screaming",
      "eating with cutlery",
      "electric grinder grinding",
      "electric shaver, electric razor shaving",
      "elephant trumpeting",
      "eletric blender running",
      "elk bugling",
      "engine accelerating, revving, vroom",
      "female singing",
      "female speech, woman speaking",
      "ferret dooking",
      "fire crackling",
      "fire truck siren",
      "fireworks banging",
      "firing cannon",
      "firing muskets",
      "fly, housefly buzzing",
      "foghorn",
      "footsteps on snow",
      "forging swords",
      "fox barking",
      "francolin calling",
      "frog croaking",
      "gibbon howling",
      "goat bleating",
      "golf driving",
      "goose honking",
      "hail",
      "hair dryer drying",
      "hammering nails",
      "heart sounds, heartbeat",
      "hedge trimmer running",
      "helicopter",
      "horse clip-clop",
      "horse neighing",
      "ice cracking",
      "ice cream truck, ice cream van",
      "lathe spinning",
      "lawn mowing",
      "lighting firecrackers",
      "lions growling",
      "lions roaring",
      "lip smacking",
      "machine gun shooting",
      "magpie calling",
      "male singing",
      "male speech, man speaking",
      "metronome",
      "missile launch",
      "mosquito buzzing",
      "motorboat, speedboat acceleration",
      "mouse clicking",
      "mouse pattering",
      "mouse squeaking",
      "mynah bird singing",
      "ocean burbling",
      "opening or closing car doors",
      "opening or closing car electric windows",
      "opening or closing drawers",
      "orchestra",
      "otter growling",
      "owl hooting",
      "parrot talking",
      "penguins braying",
      "people babbling",
      "people battle cry",
      "people belly laughing",
      "people booing",
      "people burping",
      "people cheering",
      "people clapping",
      "people coughing",
      "people crowd",
      "people eating",
      "people eating apple",
      "people eating crisps",
      "people eating noodle",
      "people farting",
      "people finger snapping",
      "people gargling",
      "people giggling",
      "people hiccup",
      "people humming",
      "people marching",
      "people nose blowing",
      "people running",
      "people screaming",
      "people shuffling",
      "people slapping",
      "people slurping",
      "people sneezing",
      "people sniggering",
      "people sobbing",
      "people whispering",
      "people whistling",
      "pheasant crowing",
      "pig oinking",
      "pigeon, dove cooing",
      "planing timber",
      "plastic bottle crushing",
      "playing accordion",
      "playing acoustic guitar",
      "playing badminton",
      "playing bagpipes",
      "playing banjo",
      "playing bass drum",
      "playing bass guitar",
      "playing bassoon",
      "playing bongo",
      "playing bugle",
      "playing castanets",
      "playing cello",
      "playing clarinet",
      "playing congas",
      "playing cornet",
      "playing cymbal",
      "playing darts",
      "playing didgeridoo",
      "playing djembe",
      "playing double bass",
      "playing drum kit",
      "playing electric guitar",
      "playing electronic organ",
      "playing erhu",
      "playing flute",
      "playing french horn",
      "playing glockenspiel",
      "playing gong",
      "playing guiro",
      "playing hammond organ",
      "playing harmonica",
      "playing harp",
      "playing harpsichord",
      "playing hockey",
      "playing lacrosse",
      "playing mandolin",
      "playing marimba, xylophone",
      "playing oboe",
      "playing piano",
      "playing saxophone",
      "playing shofar",
      "playing sitar",
      "playing snare drum",
      "playing squash",
      "playing steel guitar, slide guitar",
      "playing steelpan",
      "playing synthesizer",
      "playing tabla",
      "playing table tennis",
      "playing tambourine",
      "playing tennis",
      "playing theremin",
      "playing timbales",
      "playing timpani",
      "playing trombone",
      "playing trumpet",
      "playing tuning fork",
      "playing tympani",
      "playing ukulele",
      "playing vibraphone",
      "playing violin, fiddle",
      "playing volleyball",
      "playing washboard",
      "playing zither",
      "police car (siren)",
      "police radio chatter",
      "popping popcorn",
      "printer printing",
      "pumping water",
      "race car, auto racing",
      "railroad car, train wagon",
      "raining",
      "rapping",
      "reversing beeps",
      "ripping paper",
      "roller coaster running",
      "rope skipping",
      "rowboat, canoe, kayak rowing",
      "running electric fan",
      "sailing",
      "scuba diving",
      "sea lion barking",
      "sea waves",
      "sharpen knife",
      "sheep bleating",
      "shot football",
      "singing bowl",
      "singing choir",
      "skateboarding",
      "skidding",
      "skiing",
      "sliding door",
      "sloshing water",
      "slot machine",
      "smoke detector beeping",
      "snake hissing",
      "snake rattling",
      "splashing water",
      "spraying water",
      "squishing water",
      "stream burbling",
      "strike lighter",
      "striking bowling",
      "striking pool",
      "subway, metro, underground",
      "swimming",
      "tap dancing",
      "tapping guitar",
      "telephone bell ringing",
      "thunder",
      "toilet flushing",
      "tornado roaring",
      "tractor digging",
      "train horning",
      "train wheels squealing",
      "train whistling",
      "turkey gobbling",
      "typing on computer keyboard",
      "typing on typewriter",
      "underwater bubbling",
      "using sewing machines",
      "vacuum cleaner cleaning floors",
      "vehicle horn, car horn, honking",
      "volcano explosion",
      "warbler chirping",
      "waterfall burbling",
      "whale calling",
      "wind chime",
      "wind noise",
      "wind rustling leaves",
      "wood thrush calling",
      "woodpecker pecking tree",
      "writing on blackboard with chalk",
      "yodelling",
      "zebra braying"
    ],
    "video_dim": 4096,
    "motion_dim": 1,
    "audio_dim": 1
  },
  "out_dir": "/home/Hongjie_Zeng/high_order_BM/runs_vggsound_full_VF023_video_lstm4096_h8_lc5_resume360_from_vf022"
}
