[2026-06-24 16:59:01] phase1 video sequence rows=98979 classes=309 shard=0/2 source_rows=197957 encoder=resnet50 frames=32 size=320 mode=center_crop device=cuda:0
[2026-06-24 16:59:01] processed 1/98979 ok=1 failures=0
[2026-06-24 16:59:59] processed 250/98979 ok=250 failures=0
[2026-06-24 17:00:56] processed 500/98979 ok=500 failures=0
[2026-06-24 17:01:58] processed 750/98979 ok=750 failures=0
[2026-06-24 17:02:51] processed 1000/98979 ok=1000 failures=0
[2026-06-24 17:03:57] processed 1250/98979 ok=1250 failures=0
[2026-06-24 17:05:17] processed 1500/98979 ok=1500 failures=0
[2026-06-24 17:06:23] processed 1750/98979 ok=1750 failures=0
[2026-06-24 17:07:38] processed 2000/98979 ok=2000 failures=0
[2026-06-24 17:08:46] processed 2250/98979 ok=2250 failures=0
[2026-06-24 17:10:04] processed 2500/98979 ok=2500 failures=0
[2026-06-24 17:11:11] processed 2750/98979 ok=2750 failures=0
[2026-06-24 17:12:14] processed 3000/98979 ok=3000 failures=0
[2026-06-24 17:13:17] processed 3250/98979 ok=3250 failures=0
[2026-06-24 17:14:16] processed 3500/98979 ok=3500 failures=0
[2026-06-24 17:15:19] processed 3750/98979 ok=3750 failures=0
[2026-06-24 17:16:18] processed 4000/98979 ok=4000 failures=0
[2026-06-24 17:17:15] processed 4250/98979 ok=4250 failures=0
[2026-06-24 17:18:11] processed 4500/98979 ok=4500 failures=0
[2026-06-24 17:19:08] processed 4750/98979 ok=4750 failures=0
[2026-06-24 17:20:08] processed 5000/98979 ok=5000 failures=0
[2026-06-24 17:21:08] processed 5250/98979 ok=5250 failures=0
[2026-06-24 17:22:05] processed 5500/98979 ok=5500 failures=0
[2026-06-24 17:23:07] processed 5750/98979 ok=5750 failures=0
[2026-06-24 17:24:09] processed 6000/98979 ok=6000 failures=0
[2026-06-24 17:25:20] processed 6250/98979 ok=6250 failures=0
[2026-06-24 17:26:38] processed 6500/98979 ok=6500 failures=0
[2026-06-24 17:27:50] processed 6750/98979 ok=6750 failures=0
[2026-06-24 17:28:58] processed 7000/98979 ok=7000 failures=0
[2026-06-24 17:30:08] processed 7250/98979 ok=7250 failures=0
[2026-06-24 17:31:22] processed 7500/98979 ok=7500 failures=0
[2026-06-24 17:32:39] processed 7750/98979 ok=7750 failures=0
[2026-06-24 17:34:02] processed 8000/98979 ok=8000 failures=0
[2026-06-24 17:35:16] processed 8250/98979 ok=8250 failures=0
[2026-06-24 17:36:31] processed 8500/98979 ok=8500 failures=0
[2026-06-24 17:37:53] processed 8750/98979 ok=8750 failures=0
[2026-06-24 17:39:18] processed 9000/98979 ok=9000 failures=0
[2026-06-24 17:40:42] processed 9250/98979 ok=9250 failures=0
[2026-06-24 17:42:00] processed 9500/98979 ok=9500 failures=0
[2026-06-24 17:43:22] processed 9750/98979 ok=9750 failures=0
[2026-06-24 17:44:36] processed 10000/98979 ok=10000 failures=0
[2026-06-24 17:45:44] processed 10250/98979 ok=10250 failures=0
[2026-06-24 17:47:03] processed 10500/98979 ok=10500 failures=0
[2026-06-24 17:48:30] processed 10750/98979 ok=10750 failures=0
[2026-06-24 17:50:24] processed 11000/98979 ok=11000 failures=0
[2026-06-24 17:51:57] processed 11250/98979 ok=11250 failures=0
[2026-06-24 17:53:36] processed 11500/98979 ok=11500 failures=0
[2026-06-24 17:55:03] processed 11750/98979 ok=11750 failures=0
[2026-06-24 17:56:27] processed 12000/98979 ok=12000 failures=0
[2026-06-24 17:57:52] processed 12250/98979 ok=12250 failures=0
[2026-06-24 17:59:18] processed 12500/98979 ok=12500 failures=0
[2026-06-24 18:00:40] processed 12750/98979 ok=12750 failures=0
[2026-06-24 18:02:06] processed 13000/98979 ok=13000 failures=0
[2026-06-24 18:03:43] processed 13250/98979 ok=13250 failures=0
[2026-06-24 18:05:18] processed 13500/98979 ok=13500 failures=0
[2026-06-24 18:07:04] processed 13750/98979 ok=13750 failures=0
[2026-06-24 18:08:41] processed 14000/98979 ok=14000 failures=0
[2026-06-24 18:10:05] processed 14250/98979 ok=14250 failures=0
[2026-06-24 18:11:24] processed 14500/98979 ok=14500 failures=0
[2026-06-24 18:13:01] processed 14750/98979 ok=14750 failures=0
[2026-06-24 18:14:39] processed 15000/98979 ok=15000 failures=0
[2026-06-24 18:16:04] processed 15250/98979 ok=15250 failures=0
[2026-06-24 18:17:53] processed 15500/98979 ok=15500 failures=0
[2026-06-24 18:19:23] processed 15750/98979 ok=15750 failures=0
[2026-06-24 18:20:44] processed 16000/98979 ok=16000 failures=0
[2026-06-24 18:22:00] processed 16250/98979 ok=16250 failures=0
[2026-06-24 18:23:27] processed 16500/98979 ok=16500 failures=0
[2026-06-24 18:24:46] processed 16750/98979 ok=16750 failures=0
[2026-06-24 18:26:32] processed 17000/98979 ok=17000 failures=0
[2026-06-24 18:27:58] processed 17250/98979 ok=17250 failures=0
[2026-06-24 18:29:25] processed 17500/98979 ok=17500 failures=0
[2026-06-24 18:31:01] processed 17750/98979 ok=17750 failures=0
[2026-06-24 18:32:35] processed 18000/98979 ok=18000 failures=0
[2026-06-24 18:34:07] processed 18250/98979 ok=18250 failures=0
[2026-06-24 18:35:41] processed 18500/98979 ok=18500 failures=0
[2026-06-24 18:37:06] processed 18750/98979 ok=18750 failures=0
[2026-06-24 18:38:44] processed 19000/98979 ok=19000 failures=0
[2026-06-24 18:40:12] processed 19250/98979 ok=19250 failures=0
[2026-06-24 18:41:17] processed 19500/98979 ok=19500 failures=0
[2026-06-24 18:42:35] processed 19750/98979 ok=19750 failures=0
[2026-06-24 18:43:48] processed 20000/98979 ok=20000 failures=0
[2026-06-24 18:45:05] processed 20250/98979 ok=20250 failures=0
[2026-06-24 18:46:35] processed 20500/98979 ok=20500 failures=0
[2026-06-24 18:48:28] processed 20750/98979 ok=20750 failures=0
[2026-06-24 18:49:57] processed 21000/98979 ok=21000 failures=0
[2026-06-24 18:51:23] processed 21250/98979 ok=21250 failures=0
[2026-06-24 18:53:08] processed 21500/98979 ok=21500 failures=0
[2026-06-24 18:54:50] processed 21750/98979 ok=21750 failures=0
[2026-06-24 18:56:28] processed 22000/98979 ok=22000 failures=0
[2026-06-24 18:58:01] processed 22250/98979 ok=22250 failures=0
[2026-06-24 18:59:40] processed 22500/98979 ok=22500 failures=0
[2026-06-24 19:01:17] processed 22750/98979 ok=22750 failures=0
[2026-06-24 19:02:52] processed 23000/98979 ok=23000 failures=0
[2026-06-24 19:04:33] processed 23250/98979 ok=23250 failures=0
[2026-06-24 19:06:13] processed 23500/98979 ok=23500 failures=0
[2026-06-24 19:07:26] processed 23750/98979 ok=23750 failures=0
[2026-06-24 19:08:45] processed 24000/98979 ok=24000 failures=0
[2026-06-24 19:09:58] processed 24250/98979 ok=24250 failures=0
[2026-06-24 19:11:25] processed 24500/98979 ok=24500 failures=0
[2026-06-24 19:12:48] processed 24750/98979 ok=24750 failures=0
[2026-06-24 19:14:11] processed 25000/98979 ok=25000 failures=0
[2026-06-24 19:15:38] processed 25250/98979 ok=25250 failures=0
[2026-06-24 19:17:05] processed 25500/98979 ok=25500 failures=0
[2026-06-24 19:18:26] processed 25750/98979 ok=25750 failures=0
[2026-06-24 19:19:50] processed 26000/98979 ok=26000 failures=0
[2026-06-24 19:21:15] processed 26250/98979 ok=26250 failures=0
[2026-06-24 19:22:55] processed 26500/98979 ok=26500 failures=0
[2026-06-24 19:24:28] processed 26750/98979 ok=26750 failures=0
[2026-06-24 19:26:06] processed 27000/98979 ok=27000 failures=0
[2026-06-24 19:27:48] processed 27250/98979 ok=27250 failures=0
[2026-06-24 19:29:14] processed 27500/98979 ok=27500 failures=0
[2026-06-24 19:31:15] processed 27750/98979 ok=27750 failures=0
[2026-06-24 19:33:08] processed 28000/98979 ok=28000 failures=0
[2026-06-24 19:34:59] processed 28250/98979 ok=28250 failures=0
[2026-06-24 19:37:06] processed 28500/98979 ok=28500 failures=0
[2026-06-24 19:38:57] processed 28750/98979 ok=28750 failures=0
[2026-06-24 19:40:38] processed 29000/98979 ok=29000 failures=0
[2026-06-24 19:41:59] processed 29250/98979 ok=29250 failures=0
[2026-06-24 19:43:07] processed 29500/98979 ok=29500 failures=0
[2026-06-24 19:44:19] processed 29750/98979 ok=29750 failures=0
[2026-06-24 19:45:47] processed 30000/98979 ok=30000 failures=0
[2026-06-24 19:47:43] processed 30250/98979 ok=30250 failures=0
[2026-06-24 19:49:33] processed 30500/98979 ok=30500 failures=0
[2026-06-24 19:51:42] processed 30750/98979 ok=30750 failures=0
[2026-06-24 19:53:24] processed 31000/98979 ok=31000 failures=0
[2026-06-24 19:54:38] processed 31250/98979 ok=31250 failures=0
[2026-06-24 19:56:10] processed 31500/98979 ok=31500 failures=0
[2026-06-24 19:57:48] processed 31750/98979 ok=31750 failures=0
[2026-06-24 19:59:18] processed 32000/98979 ok=32000 failures=0
[2026-06-24 20:01:05] processed 32250/98979 ok=32250 failures=0
[2026-06-24 20:02:47] processed 32500/98979 ok=32500 failures=0
[2026-06-24 20:04:36] processed 32750/98979 ok=32750 failures=0
[2026-06-24 20:06:28] processed 33000/98979 ok=33000 failures=0
[2026-06-24 20:08:43] processed 33250/98979 ok=33250 failures=0
[2026-06-24 20:10:33] processed 33500/98979 ok=33500 failures=0
[2026-06-24 20:12:14] processed 33750/98979 ok=33750 failures=0
[2026-06-24 20:13:45] processed 34000/98979 ok=34000 failures=0
[2026-06-24 20:15:37] processed 34250/98979 ok=34250 failures=0
[2026-06-24 20:17:16] processed 34500/98979 ok=34500 failures=0
[2026-06-24 20:18:46] processed 34750/98979 ok=34750 failures=0
[2026-06-24 20:20:04] processed 35000/98979 ok=35000 failures=0
[2026-06-24 20:21:37] processed 35250/98979 ok=35250 failures=0
[2026-06-24 20:23:17] processed 35500/98979 ok=35500 failures=0
[2026-06-24 20:25:01] processed 35750/98979 ok=35750 failures=0
[2026-06-24 20:26:48] processed 36000/98979 ok=36000 failures=0
[2026-06-24 20:28:45] processed 36250/98979 ok=36250 failures=0
[2026-06-24 20:30:44] processed 36500/98979 ok=36500 failures=0
[2026-06-24 20:32:49] processed 36750/98979 ok=36750 failures=0
[2026-06-24 20:34:52] processed 37000/98979 ok=37000 failures=0
[2026-06-24 20:36:44] processed 37250/98979 ok=37250 failures=0
[2026-06-24 20:38:29] processed 37500/98979 ok=37500 failures=0
[2026-06-24 20:40:24] processed 37750/98979 ok=37750 failures=0
[2026-06-24 20:42:28] processed 38000/98979 ok=38000 failures=0
[2026-06-24 20:44:36] processed 38250/98979 ok=38250 failures=0
[2026-06-24 20:46:42] processed 38500/98979 ok=38500 failures=0
[2026-06-24 20:48:56] processed 38750/98979 ok=38750 failures=0
[2026-06-24 20:51:03] processed 39000/98979 ok=39000 failures=0
[2026-06-24 20:53:07] processed 39250/98979 ok=39250 failures=0
[2026-06-24 20:55:08] processed 39500/98979 ok=39500 failures=0
[2026-06-24 20:56:43] processed 39750/98979 ok=39750 failures=0
[2026-06-24 20:58:08] processed 40000/98979 ok=40000 failures=0
[2026-06-24 20:59:44] processed 40250/98979 ok=40250 failures=0
[2026-06-24 21:01:30] processed 40500/98979 ok=40500 failures=0
[2026-06-24 21:03:36] processed 40750/98979 ok=40750 failures=0
[2026-06-24 21:05:23] processed 41000/98979 ok=41000 failures=0
[2026-06-24 21:07:14] processed 41250/98979 ok=41250 failures=0
[2026-06-24 21:08:55] processed 41500/98979 ok=41500 failures=0
[2026-06-24 21:10:41] processed 41750/98979 ok=41750 failures=0
[2026-06-24 21:13:01] processed 42000/98979 ok=42000 failures=0
[2026-06-24 21:14:51] processed 42250/98979 ok=42250 failures=0
[2026-06-24 21:16:45] processed 42500/98979 ok=42500 failures=0
[2026-06-24 21:18:38] processed 42750/98979 ok=42750 failures=0
[2026-06-24 21:20:28] processed 43000/98979 ok=43000 failures=0
[2026-06-24 21:22:40] processed 43250/98979 ok=43250 failures=0
[2026-06-24 21:24:41] processed 43500/98979 ok=43500 failures=0
[2026-06-24 21:26:18] processed 43750/98979 ok=43750 failures=0
[2026-06-24 21:27:48] processed 44000/98979 ok=44000 failures=0
[2026-06-24 21:29:44] processed 44250/98979 ok=44250 failures=0
[2026-06-24 21:31:49] processed 44500/98979 ok=44500 failures=0
[2026-06-24 21:33:39] processed 44750/98979 ok=44750 failures=0
[2026-06-24 21:35:32] processed 45000/98979 ok=45000 failures=0
[2026-06-24 21:37:02] processed 45250/98979 ok=45250 failures=0
[2026-06-24 21:38:27] processed 45500/98979 ok=45500 failures=0
[2026-06-24 21:40:01] processed 45750/98979 ok=45750 failures=0
[2026-06-24 21:41:58] processed 46000/98979 ok=46000 failures=0
[2026-06-24 21:43:50] processed 46250/98979 ok=46250 failures=0
[2026-06-24 21:45:25] processed 46500/98979 ok=46500 failures=0
[2026-06-24 21:46:59] processed 46750/98979 ok=46750 failures=0
[2026-06-24 21:48:39] processed 47000/98979 ok=47000 failures=0
[2026-06-24 21:50:06] processed 47250/98979 ok=47250 failures=0
[2026-06-24 21:51:44] processed 47500/98979 ok=47500 failures=0
[2026-06-24 21:53:16] processed 47750/98979 ok=47750 failures=0
[2026-06-24 21:54:46] processed 48000/98979 ok=48000 failures=0
[2026-06-24 21:56:25] processed 48250/98979 ok=48250 failures=0
[2026-06-24 21:58:07] processed 48500/98979 ok=48500 failures=0
[2026-06-24 22:00:10] processed 48750/98979 ok=48750 failures=0
[2026-06-24 22:01:47] processed 49000/98979 ok=49000 failures=0
[2026-06-24 22:03:31] processed 49250/98979 ok=49250 failures=0
[2026-06-24 22:04:47] processed 49500/98979 ok=49500 failures=0
[2026-06-24 22:06:22] processed 49750/98979 ok=49750 failures=0
[2026-06-24 22:08:06] processed 50000/98979 ok=50000 failures=0
[2026-06-24 22:09:55] processed 50250/98979 ok=50250 failures=0
[2026-06-24 22:11:40] processed 50500/98979 ok=50500 failures=0
[2026-06-24 22:13:19] processed 50750/98979 ok=50750 failures=0
[2026-06-24 22:15:02] processed 51000/98979 ok=51000 failures=0
[2026-06-24 22:16:49] processed 51250/98979 ok=51250 failures=0
[2026-06-24 22:18:22] processed 51500/98979 ok=51500 failures=0
[2026-06-24 22:19:48] processed 51750/98979 ok=51750 failures=0
[2026-06-24 22:21:05] processed 52000/98979 ok=52000 failures=0
[2026-06-24 22:22:25] processed 52250/98979 ok=52250 failures=0
[2026-06-24 22:24:04] processed 52500/98979 ok=52500 failures=0
[2026-06-24 22:25:35] processed 52750/98979 ok=52750 failures=0
[2026-06-24 22:26:55] processed 53000/98979 ok=53000 failures=0
[2026-06-24 22:29:02] processed 53250/98979 ok=53250 failures=0
[2026-06-24 22:30:58] processed 53500/98979 ok=53500 failures=0
[2026-06-24 22:32:29] processed 53750/98979 ok=53750 failures=0
[2026-06-24 22:34:08] processed 54000/98979 ok=54000 failures=0
[2026-06-24 22:35:37] processed 54250/98979 ok=54250 failures=0
[2026-06-24 22:37:15] processed 54500/98979 ok=54500 failures=0
[2026-06-24 22:38:56] processed 54750/98979 ok=54750 failures=0
[2026-06-24 22:40:29] processed 55000/98979 ok=55000 failures=0
[2026-06-24 22:42:04] processed 55250/98979 ok=55250 failures=0
[2026-06-24 22:43:27] processed 55500/98979 ok=55500 failures=0
[2026-06-24 22:44:56] processed 55750/98979 ok=55750 failures=0
[2026-06-24 22:46:50] processed 56000/98979 ok=56000 failures=0
[2026-06-24 22:48:33] processed 56250/98979 ok=56250 failures=0
[2026-06-24 22:50:10] processed 56500/98979 ok=56500 failures=0
[2026-06-24 22:51:30] processed 56750/98979 ok=56750 failures=0
[2026-06-24 22:52:51] processed 57000/98979 ok=57000 failures=0
[2026-06-24 22:54:14] processed 57250/98979 ok=57250 failures=0
[2026-06-24 22:55:38] processed 57500/98979 ok=57500 failures=0
[2026-06-24 22:56:57] processed 57750/98979 ok=57750 failures=0
[2026-06-24 22:58:19] processed 58000/98979 ok=58000 failures=0
[2026-06-24 22:59:45] processed 58250/98979 ok=58250 failures=0
[2026-06-24 23:01:13] processed 58500/98979 ok=58500 failures=0
[2026-06-24 23:02:40] processed 58750/98979 ok=58750 failures=0
[2026-06-24 23:04:18] processed 59000/98979 ok=59000 failures=0
[2026-06-24 23:05:51] processed 59250/98979 ok=59250 failures=0
[2026-06-24 23:07:20] processed 59500/98979 ok=59500 failures=0
[2026-06-24 23:08:43] processed 59750/98979 ok=59750 failures=0
[2026-06-24 23:10:08] processed 60000/98979 ok=60000 failures=0
[2026-06-24 23:11:36] processed 60250/98979 ok=60250 failures=0
[2026-06-24 23:13:04] processed 60500/98979 ok=60500 failures=0
[2026-06-24 23:14:23] processed 60750/98979 ok=60750 failures=0
[2026-06-24 23:16:09] processed 61000/98979 ok=61000 failures=0
[2026-06-24 23:18:02] processed 61250/98979 ok=61250 failures=0
[2026-06-24 23:19:59] processed 61500/98979 ok=61500 failures=0
[2026-06-24 23:21:31] processed 61750/98979 ok=61750 failures=0
[2026-06-24 23:23:10] processed 62000/98979 ok=62000 failures=0
[2026-06-24 23:24:49] processed 62250/98979 ok=62250 failures=0
[2026-06-24 23:26:22] processed 62500/98979 ok=62500 failures=0
[2026-06-24 23:28:05] processed 62750/98979 ok=62750 failures=0
[2026-06-24 23:29:39] processed 63000/98979 ok=63000 failures=0
[2026-06-24 23:31:13] processed 63250/98979 ok=63250 failures=0
[2026-06-24 23:32:41] processed 63500/98979 ok=63500 failures=0
[2026-06-24 23:33:51] processed 63750/98979 ok=63750 failures=0
[2026-06-24 23:35:19] processed 64000/98979 ok=64000 failures=0
[2026-06-24 23:36:51] processed 64250/98979 ok=64250 failures=0
[2026-06-24 23:38:22] processed 64500/98979 ok=64500 failures=0
[2026-06-24 23:39:42] processed 64750/98979 ok=64750 failures=0
[2026-06-24 23:40:52] processed 65000/98979 ok=65000 failures=0
[2026-06-24 23:42:19] processed 65250/98979 ok=65250 failures=0
[2026-06-24 23:44:05] processed 65500/98979 ok=65500 failures=0
[2026-06-24 23:46:01] processed 65750/98979 ok=65750 failures=0
[2026-06-24 23:48:04] processed 66000/98979 ok=66000 failures=0
[2026-06-24 23:49:50] processed 66250/98979 ok=66250 failures=0
[2026-06-24 23:51:13] processed 66500/98979 ok=66500 failures=0
[2026-06-24 23:52:25] processed 66750/98979 ok=66750 failures=0
[2026-06-24 23:53:43] processed 67000/98979 ok=67000 failures=0
[2026-06-24 23:55:17] processed 67250/98979 ok=67250 failures=0
[2026-06-24 23:56:54] processed 67500/98979 ok=67500 failures=0
[2026-06-24 23:58:21] processed 67750/98979 ok=67750 failures=0
[2026-06-24 23:59:46] processed 68000/98979 ok=68000 failures=0
[2026-06-25 00:01:25] processed 68250/98979 ok=68250 failures=0
[2026-06-25 00:03:01] processed 68500/98979 ok=68500 failures=0
[2026-06-25 00:04:39] processed 68750/98979 ok=68750 failures=0
[2026-06-25 00:06:22] processed 69000/98979 ok=69000 failures=0
[2026-06-25 00:07:56] processed 69250/98979 ok=69250 failures=0
[2026-06-25 00:09:30] processed 69500/98979 ok=69500 failures=0
[2026-06-25 00:11:01] processed 69750/98979 ok=69750 failures=0
[2026-06-25 00:11:56] processed 70000/98979 ok=70000 failures=0
[2026-06-25 00:13:06] processed 70250/98979 ok=70250 failures=0
[2026-06-25 00:14:25] processed 70500/98979 ok=70500 failures=0
[2026-06-25 00:15:56] processed 70750/98979 ok=70750 failures=0
[2026-06-25 00:17:22] processed 71000/98979 ok=71000 failures=0
[2026-06-25 00:19:08] processed 71250/98979 ok=71250 failures=0
[2026-06-25 00:20:44] processed 71500/98979 ok=71500 failures=0
[2026-06-25 00:22:19] processed 71750/98979 ok=71750 failures=0
[2026-06-25 00:24:05] processed 72000/98979 ok=72000 failures=0
[2026-06-25 00:25:35] processed 72250/98979 ok=72250 failures=0
[2026-06-25 00:26:48] processed 72500/98979 ok=72500 failures=0
[2026-06-25 00:28:10] processed 72750/98979 ok=72750 failures=0
[2026-06-25 00:29:35] processed 73000/98979 ok=73000 failures=0
[2026-06-25 00:30:35] processed 73250/98979 ok=73250 failures=0
[2026-06-25 00:31:40] processed 73500/98979 ok=73500 failures=0
[2026-06-25 00:32:54] processed 73750/98979 ok=73750 failures=0
[2026-06-25 00:34:22] processed 74000/98979 ok=74000 failures=0
[2026-06-25 00:35:38] processed 74250/98979 ok=74250 failures=0
[2026-06-25 00:36:51] processed 74500/98979 ok=74500 failures=0
[2026-06-25 00:37:53] processed 74750/98979 ok=74750 failures=0
[2026-06-25 00:38:59] processed 75000/98979 ok=75000 failures=0
[2026-06-25 00:39:47] processed 75250/98979 ok=75250 failures=0
[2026-06-25 00:40:40] processed 75500/98979 ok=75500 failures=0
[2026-06-25 00:41:56] processed 75750/98979 ok=75750 failures=0
[2026-06-25 00:43:18] processed 76000/98979 ok=76000 failures=0
[2026-06-25 00:44:56] processed 76250/98979 ok=76250 failures=0
[2026-06-25 00:46:13] processed 76500/98979 ok=76500 failures=0
[2026-06-25 00:47:42] processed 76750/98979 ok=76750 failures=0
[2026-06-25 00:48:56] processed 77000/98979 ok=77000 failures=0
[2026-06-25 00:50:03] processed 77250/98979 ok=77250 failures=0
[2026-06-25 00:51:07] processed 77500/98979 ok=77500 failures=0
[2026-06-25 00:52:12] processed 77750/98979 ok=77750 failures=0
[2026-06-25 00:53:02] processed 78000/98979 ok=78000 failures=0
[2026-06-25 00:54:19] processed 78250/98979 ok=78250 failures=0
[2026-06-25 00:56:08] processed 78500/98979 ok=78500 failures=0
[2026-06-25 00:57:40] processed 78750/98979 ok=78750 failures=0
[2026-06-25 00:58:57] processed 79000/98979 ok=79000 failures=0
[2026-06-25 01:00:26] processed 79250/98979 ok=79250 failures=0
[2026-06-25 01:01:40] processed 79500/98979 ok=79500 failures=0
[2026-06-25 01:02:55] processed 79750/98979 ok=79750 failures=0
[2026-06-25 01:04:03] processed 80000/98979 ok=80000 failures=0
[2026-06-25 01:05:22] processed 80250/98979 ok=80250 failures=0
[2026-06-25 01:07:05] processed 80500/98979 ok=80500 failures=0
[2026-06-25 01:08:40] processed 80750/98979 ok=80750 failures=0
[2026-06-25 01:10:23] processed 81000/98979 ok=81000 failures=0
[2026-06-25 01:12:21] processed 81250/98979 ok=81250 failures=0
[2026-06-25 01:14:06] processed 81500/98979 ok=81500 failures=0
[2026-06-25 01:15:49] processed 81750/98979 ok=81750 failures=0
[2026-06-25 01:17:28] processed 82000/98979 ok=82000 failures=0
[2026-06-25 01:19:38] processed 82250/98979 ok=82250 failures=0
[2026-06-25 01:21:53] processed 82500/98979 ok=82500 failures=0
[2026-06-25 01:23:57] processed 82750/98979 ok=82750 failures=0
[2026-06-25 01:25:48] processed 83000/98979 ok=83000 failures=0
[2026-06-25 01:27:22] processed 83250/98979 ok=83250 failures=0
[2026-06-25 01:29:16] processed 83500/98979 ok=83500 failures=0
[2026-06-25 01:31:12] processed 83750/98979 ok=83750 failures=0
[2026-06-25 01:32:57] processed 84000/98979 ok=84000 failures=0
[2026-06-25 01:34:51] processed 84250/98979 ok=84250 failures=0
[2026-06-25 01:36:51] processed 84500/98979 ok=84500 failures=0
[2026-06-25 01:39:07] processed 84750/98979 ok=84750 failures=0
[2026-06-25 01:41:19] processed 85000/98979 ok=85000 failures=0
[2026-06-25 01:42:56] processed 85250/98979 ok=85250 failures=0
[2026-06-25 01:44:47] processed 85500/98979 ok=85500 failures=0
[2026-06-25 01:46:42] processed 85750/98979 ok=85750 failures=0
[2026-06-25 01:48:15] processed 86000/98979 ok=86000 failures=0
[2026-06-25 01:49:55] processed 86250/98979 ok=86250 failures=0
[2026-06-25 01:51:37] processed 86500/98979 ok=86500 failures=0
[2026-06-25 01:53:16] processed 86750/98979 ok=86750 failures=0
[2026-06-25 01:54:45] processed 87000/98979 ok=87000 failures=0
[2026-06-25 01:56:44] processed 87250/98979 ok=87250 failures=0
[2026-06-25 01:59:00] processed 87500/98979 ok=87500 failures=0
[2026-06-25 02:00:54] processed 87750/98979 ok=87750 failures=0
[2026-06-25 02:02:43] processed 88000/98979 ok=88000 failures=0
[2026-06-25 02:04:29] processed 88250/98979 ok=88250 failures=0
[2026-06-25 02:06:23] processed 88500/98979 ok=88500 failures=0
[2026-06-25 02:08:21] processed 88750/98979 ok=88750 failures=0
[2026-06-25 02:09:48] processed 89000/98979 ok=89000 failures=0
[2026-06-25 02:11:46] processed 89250/98979 ok=89250 failures=0
[2026-06-25 02:13:28] processed 89500/98979 ok=89500 failures=0
[2026-06-25 02:15:16] processed 89750/98979 ok=89750 failures=0
[2026-06-25 02:17:34] processed 90000/98979 ok=90000 failures=0
[2026-06-25 02:19:49] processed 90250/98979 ok=90250 failures=0
[2026-06-25 02:22:09] processed 90500/98979 ok=90500 failures=0
[2026-06-25 02:24:19] processed 90750/98979 ok=90750 failures=0
[2026-06-25 02:26:26] processed 91000/98979 ok=91000 failures=0
[2026-06-25 02:28:38] processed 91250/98979 ok=91250 failures=0
[2026-06-25 02:30:52] processed 91500/98979 ok=91500 failures=0
[2026-06-25 02:32:42] processed 91750/98979 ok=91750 failures=0
[2026-06-25 02:34:41] processed 92000/98979 ok=92000 failures=0
[2026-06-25 02:36:47] processed 92250/98979 ok=92250 failures=0
[2026-06-25 02:38:55] processed 92500/98979 ok=92500 failures=0
[2026-06-25 02:41:32] processed 92750/98979 ok=92750 failures=0
[2026-06-25 02:43:47] processed 93000/98979 ok=93000 failures=0
[2026-06-25 02:46:12] processed 93250/98979 ok=93249 failures=1
[2026-06-25 02:48:37] processed 93500/98979 ok=93499 failures=1
[2026-06-25 02:50:40] processed 93750/98979 ok=93749 failures=1
[2026-06-25 02:52:53] processed 94000/98979 ok=93999 failures=1
[2026-06-25 02:55:03] processed 94250/98979 ok=94249 failures=1
[2026-06-25 02:57:13] processed 94500/98979 ok=94499 failures=1
[2026-06-25 02:59:23] processed 94750/98979 ok=94749 failures=1
[2026-06-25 03:01:20] processed 95000/98979 ok=94999 failures=1
[2026-06-25 03:03:36] processed 95250/98979 ok=95249 failures=1
[2026-06-25 03:05:56] processed 95500/98979 ok=95499 failures=1
[2026-06-25 03:08:11] processed 95750/98979 ok=95749 failures=1
[2026-06-25 03:10:14] processed 96000/98979 ok=95999 failures=1
[2026-06-25 03:12:10] processed 96250/98979 ok=96249 failures=1
[2026-06-25 03:14:27] processed 96500/98979 ok=96499 failures=1
[2026-06-25 03:16:51] processed 96750/98979 ok=96749 failures=1
[2026-06-25 03:19:09] processed 97000/98979 ok=96999 failures=1
[2026-06-25 03:20:59] processed 97250/98979 ok=97249 failures=1
[2026-06-25 03:23:08] processed 97500/98979 ok=97499 failures=1
[2026-06-25 03:25:31] processed 97750/98979 ok=97749 failures=1
[2026-06-25 03:27:51] processed 98000/98979 ok=97999 failures=1
[2026-06-25 03:30:07] processed 98250/98979 ok=98249 failures=1
[2026-06-25 03:32:26] processed 98500/98979 ok=98499 failures=1
[2026-06-25 03:34:20] processed 98750/98979 ok=98749 failures=1
[2026-06-25 03:36:13] processed 98979/98979 ok=98978 failures=1
{
  "train_size": 91307,
  "test_size": 7671,
  "num_classes": 309,
  "num_failures": 1
}
[2026-06-25 03:39:09] wrote /home/Hongjie_Zeng/high_order_BM/data_vggsound_full/phase1_features/vggsound_phase1_P1V002_32f_320s_center_crop_resnet50_seq_shard0of2.npz
