[2026-06-25 20:47:12] train paper-STFT audio resnet50 teacher data_dir=/home/Hongjie_Zeng/high_order_BM/data_vggsound_full/audio_paper_stft257x1004 device=cuda
[data_parallel] using 2 GPUs for paper-STFT audio resnet50
[epoch 001] ce=2.4902 lr=1.00e-04
[epoch 002] ce=1.6469 test_top1=0.4268 test_top5=0.7207 lr=1.00e-04
[epoch 003] ce=1.4134 lr=1.00e-04
[epoch 004] ce=1.2660 test_top1=0.4661 test_top5=0.7522 lr=1.00e-04
[epoch 005] ce=1.1564 lr=1.00e-04
[epoch 006] ce=1.0650 test_top1=0.4858 test_top5=0.7603 lr=1.00e-04
[epoch 007] ce=0.9839 lr=1.00e-04
[epoch 008] ce=0.9136 test_top1=0.4882 test_top5=0.7621 lr=1.00e-04
[epoch 009] ce=0.8480 lr=1.00e-04
[epoch 010] ce=0.7912 test_top1=0.4962 test_top5=0.7634 lr=1.00e-04
[epoch 011] ce=0.7332 lr=1.00e-04
[epoch 012] ce=0.6745 test_top1=0.4946 test_top5=0.7642 lr=1.00e-04
[epoch 013] ce=0.6288 lr=1.00e-04
[epoch 014] ce=0.5838 test_top1=0.4990 test_top5=0.7660 lr=1.00e-04
[epoch 015] ce=0.5434 lr=1.00e-04
[epoch 016] ce=0.5040 test_top1=0.5008 test_top5=0.7713 lr=1.00e-04
[epoch 017] ce=0.4673 lr=1.00e-04
[epoch 018] ce=0.4392 test_top1=0.5017 test_top5=0.7679 lr=1.00e-04
[epoch 019] ce=0.4098 lr=1.00e-04
[epoch 020] ce=0.3824 test_top1=0.4925 test_top5=0.7576 lr=1.00e-04
[epoch 021] ce=0.3614 lr=1.00e-04
[epoch 022] ce=0.3392 test_top1=0.4926 test_top5=0.7564 lr=1.00e-04
[epoch 023] ce=0.3183 lr=1.00e-04
[epoch 024] ce=0.3024 test_top1=0.4981 test_top5=0.7616 lr=1.00e-04
[epoch 025] ce=0.2860 lr=1.00e-04
[epoch 026] ce=0.2728 test_top1=0.4965 test_top5=0.7526 lr=1.00e-04
[epoch 027] ce=0.1580 lr=1.00e-05
[epoch 028] ce=0.1278 test_top1=0.5148 test_top5=0.7702 lr=1.00e-05
[epoch 029] ce=0.1114 lr=1.00e-05
[epoch 030] ce=0.1027 test_top1=0.5112 test_top5=0.7654 lr=1.00e-05
[epoch 031] ce=0.0951 lr=1.00e-05
[epoch 032] ce=0.0886 test_top1=0.5144 test_top5=0.7691 lr=1.00e-05
[epoch 033] ce=0.0838 lr=1.00e-05
[epoch 034] ce=0.0802 test_top1=0.5150 test_top5=0.7691 lr=1.00e-05
[epoch 035] ce=0.0767 lr=1.00e-05
[epoch 036] ce=0.0718 test_top1=0.5167 test_top5=0.7664 lr=1.00e-05
[epoch 037] ce=0.0695 lr=1.00e-05
[epoch 038] ce=0.0669 test_top1=0.5145 test_top5=0.7674 lr=1.00e-05
[epoch 039] ce=0.0641 lr=1.00e-05
[epoch 040] ce=0.0616 test_top1=0.5143 test_top5=0.7659 lr=1.00e-05
[epoch 041] ce=0.0601 lr=1.00e-05
[epoch 042] ce=0.0567 test_top1=0.5133 test_top5=0.7650 lr=1.00e-05
[epoch 043] ce=0.0548 lr=1.00e-05
[epoch 044] ce=0.0536 test_top1=0.5118 test_top5=0.7647 lr=1.00e-05
[epoch 045] ce=0.0491 lr=1.00e-06
[epoch 046] ce=0.0479 test_top1=0.5128 test_top5=0.7666 lr=1.00e-06
[epoch 047] ce=0.0479 lr=1.00e-06
[epoch 048] ce=0.0471 test_top1=0.5146 test_top5=0.7653 lr=1.00e-06
[epoch 049] ce=0.0466 lr=1.00e-06
[epoch 050] ce=0.0462 test_top1=0.5156 test_top5=0.7661 lr=1.00e-06
[epoch 051] ce=0.0452 lr=1.00e-06
[epoch 052] ce=0.0448 test_top1=0.5147 test_top5=0.7661 lr=1.00e-06
[epoch 053] ce=0.0440 lr=1.00e-07
[epoch 054] ce=0.0444 test_top1=0.5150 test_top5=0.7666 lr=1.00e-07
[epoch 055] ce=0.0447 lr=1.00e-07
[epoch 056] ce=0.0442 test_top1=0.5158 test_top5=0.7670 lr=1.00e-07
[epoch 057] ce=0.0451 lr=1.00e-07
[epoch 058] ce=0.0454 test_top1=0.5154 test_top5=0.7681 lr=1.00e-07
[epoch 059] ce=0.0445 lr=1.00e-07
[epoch 060] ce=0.0445 test_top1=0.5148 test_top5=0.7664 lr=1.00e-07
[epoch 061] ce=0.0443 lr=1.00e-08
[epoch 062] ce=0.0453 test_top1=0.5135 test_top5=0.7653 lr=1.00e-08
[epoch 063] ce=0.0438 lr=1.00e-08
[epoch 064] ce=0.0443 test_top1=0.5134 test_top5=0.7648 lr=1.00e-08
[epoch 065] ce=0.0444 lr=1.00e-08
[epoch 066] ce=0.0457 test_top1=0.5146 test_top5=0.7664 lr=1.00e-08
[epoch 067] ce=0.0438 lr=1.00e-08
[epoch 068] ce=0.0438 test_top1=0.5129 test_top5=0.7626 lr=1.00e-08
[epoch 069] ce=0.0430 lr=1.00e-08
[epoch 070] ce=0.0449 test_top1=0.5142 test_top5=0.7666 lr=1.00e-08
[epoch 071] ce=0.0449 lr=1.00e-08
[epoch 072] ce=0.0441 test_top1=0.5143 test_top5=0.7659 lr=1.00e-08
[epoch 073] ce=0.0443 lr=1.00e-08
[epoch 074] ce=0.0454 test_top1=0.5138 test_top5=0.7655 lr=1.00e-08
[epoch 075] ce=0.0442 lr=1.00e-08
[epoch 076] ce=0.0444 test_top1=0.5155 test_top5=0.7644 lr=1.00e-08
[epoch 077] ce=0.0442 lr=1.00e-08
[epoch 078] ce=0.0445 test_top1=0.5145 test_top5=0.7657 lr=1.00e-08
[epoch 079] ce=0.0438 lr=1.00e-08
[epoch 080] ce=0.0437 test_top1=0.5143 test_top5=0.7676 lr=1.00e-08
[epoch 081] ce=0.0429 lr=1.00e-08
[epoch 082] ce=0.0439 test_top1=0.5139 test_top5=0.7636 lr=1.00e-08
[epoch 083] ce=0.0442 lr=1.00e-08
[epoch 084] ce=0.0443 test_top1=0.5118 test_top5=0.7628 lr=1.00e-08
[epoch 085] ce=0.0454 lr=1.00e-08
[epoch 086] ce=0.0441 test_top1=0.5136 test_top5=0.7652 lr=1.00e-08
[epoch 087] ce=0.0448 lr=1.00e-08
[epoch 088] ce=0.0440 test_top1=0.5134 test_top5=0.7662 lr=1.00e-08
[epoch 089] ce=0.0447 lr=1.00e-08
[epoch 090] ce=0.0438 test_top1=0.5166 test_top5=0.7664 lr=1.00e-08
[epoch 091] ce=0.0446 lr=1.00e-08
[epoch 092] ce=0.0442 test_top1=0.5129 test_top5=0.7668 lr=1.00e-08
[epoch 093] ce=0.0443 lr=1.00e-08
[epoch 094] ce=0.0438 test_top1=0.5144 test_top5=0.7655 lr=1.00e-08
[epoch 095] ce=0.0446 lr=1.00e-08
[epoch 096] ce=0.0439 test_top1=0.5164 test_top5=0.7647 lr=1.00e-08
[epoch 097] ce=0.0451 lr=1.00e-08
[epoch 098] ce=0.0446 test_top1=0.5130 test_top5=0.7662 lr=1.00e-08
[epoch 099] ce=0.0445 lr=1.00e-08
[epoch 100] ce=0.0451 test_top1=0.5133 test_top5=0.7651 lr=1.00e-08
[2026-06-26 08:50:28] export global full-10s ResNet50 embeddings
[2026-06-26 08:54:49] export chunk sequence starts=[0, 108, 215, 323, 431, 539, 646, 754] chunk_frames=250
{
  "experiment_id": "P1A002_audio_resnet50",
  "created_at": "2026-06-26 09:03:18",
  "data_dir": "/home/Hongjie_Zeng/high_order_BM/data_vggsound_full/audio_paper_stft257x1004",
  "out_summary": "/home/Hongjie_Zeng/high_order_BM/data_vggsound_full/phase1_features/audio_paperfft512_chunks8w250_lstm4096_h8_e500/P1A002_teacher_summary.json",
  "out_history": "/home/Hongjie_Zeng/high_order_BM/data_vggsound_full/phase1_features/audio_paperfft512_chunks8w250_lstm4096_h8_e500/P1A002_teacher_history.json",
  "out_ckpt_last": "/home/Hongjie_Zeng/high_order_BM/data_vggsound_full/phase1_features/audio_paperfft512_chunks8w250_lstm4096_h8_e500/P1A002_teacher.pt",
  "out_ckpt_best": "/home/Hongjie_Zeng/high_order_BM/data_vggsound_full/phase1_features/audio_paperfft512_chunks8w250_lstm4096_h8_e500/P1A002_teacher_best.pt",
  "backbone": "resnet50",
  "teacher_best_epoch": 36,
  "teacher_best_test_top1": 0.5166547161202008,
  "teacher_best_test_acc": 0.5166547161202008,
  "teacher_history_last": {
    "epoch": 100,
    "train_ce": 0.0450946578609423,
    "lr": 1.0000000000000004e-08,
    "teacher_test_top1": 0.5132651065771462,
    "teacher_test_top5": 0.765139169545662,
    "teacher_test_ce": 3.45591206861039
  },
  "num_classes": 309,
  "n_freq": 257,
  "n_time": 1004,
  "train_crop_frames": 500,
  "eval_full_10s": true,
  "paper_alignment": "Teacher trains on random 257x500 crops and exports embeddings from the full 10s STFT, without resizing/sigmoid before the resnet50.",
  "features": {
    "global_npz": "/home/Hongjie_Zeng/high_order_BM/data_vggsound_full/phase1_features/audio_paperfft512_chunks8w250_lstm4096_h8_e500/vggsound_full_audio_paperresnet50_global2048_seed224.npz",
    "global_embedding_dim": 2048,
    "global_normalization": {
      "mode": "per_dim_zscore_sigmoid",
      "mu_mean": 0.4193187355995178,
      "sd_mean": 0.499808132648468
    },
    "seq_npz": "/home/Hongjie_Zeng/high_order_BM/data_vggsound_full/phase1_features/audio_paperfft512_chunks8w250_lstm4096_h8_e500/vggsound_full_audio_paperresnet50_seq_chunks8_w250_seed224.npz",
    "seq_shape_train": [
      182615,
      8,
      2048
    ],
    "seq_shape_test": [
      15341,
      8,
      2048
    ],
    "meanstd_npz": "/home/Hongjie_Zeng/high_order_BM/data_vggsound_full/phase1_features/audio_paperfft512_chunks8w250_lstm4096_h8_e500/vggsound_full_audio_paperresnet50_seqmeanstd4096_chunks8_w250_seed224.npz",
    "meanstd_embedding_dim": 4096,
    "meanstd_normalization": {
      "mode": "per_dim_zscore_sigmoid",
      "mu_mean": 0.3222898840904236,
      "sd_mean": 0.3557550609111786
    },
    "sequence_num_chunks": 8,
    "sequence_chunk_frames": 250,
    "sequence_chunk_starts": [
      0,
      108,
      215,
      323,
      431,
      539,
      646,
      754
    ]
  }
}
