Using device: cuda
audio_layout=time40_fold, image=20x20, gamma_h=1.15, gamma_l=1.15, total_pbits=1024
Epoch 001/100 | loss -2.0386 | CD -2.0386 | short-CD label retention 13.84%
Epoch 002/100 | loss -2.9685 | CD -2.9685 | short-CD label retention 33.27% | quick label-Gibbs acc 93.83% | full label-Gibbs acc 94.33% | saved best
Epoch 003/100 | loss -3.6078 | CD -3.6078 | short-CD label retention 69.69%
Epoch 004/100 | loss -2.9320 | CD -2.9320 | short-CD label retention 89.97% | quick label-Gibbs acc 96.85% | full label-Gibbs acc 96.91% | saved best
Epoch 005/100 | loss -2.0726 | CD -2.0726 | short-CD label retention 95.62%
Epoch 006/100 | loss -1.5223 | CD -1.5223 | short-CD label retention 97.21% | quick label-Gibbs acc 97.21% | full label-Gibbs acc 97.19% | saved best
Epoch 007/100 | loss -1.1666 | CD -1.1666 | short-CD label retention 97.78%
Epoch 008/100 | loss -0.9732 | CD -0.9732 | short-CD label retention 98.22% | quick label-Gibbs acc 97.24% | full label-Gibbs acc 97.32% | saved best
Epoch 009/100 | loss -0.7743 | CD -0.7743 | short-CD label retention 98.42%
Epoch 010/100 | loss -0.6823 | CD -0.6823 | short-CD label retention 98.69% | quick label-Gibbs acc 97.29%
Epoch 011/100 | loss -0.5658 | CD -0.5658 | short-CD label retention 98.80%
Epoch 012/100 | loss -0.5657 | CD -0.5657 | short-CD label retention 98.96% | quick label-Gibbs acc 97.08%
Epoch 013/100 | loss -0.4751 | CD -0.4751 | short-CD label retention 99.09%
Epoch 014/100 | loss -0.4635 | CD -0.4635 | short-CD label retention 99.17% | quick label-Gibbs acc 96.94%
Epoch 015/100 | loss -0.4090 | CD -0.4090 | short-CD label retention 99.26%
Epoch 016/100 | loss -0.4065 | CD -0.4065 | short-CD label retention 99.36% | quick label-Gibbs acc 96.62%
Epoch 017/100 | loss -0.3768 | CD -0.3768 | short-CD label retention 99.41%
Epoch 018/100 | loss -0.3389 | CD -0.3389 | short-CD label retention 99.47% | quick label-Gibbs acc 96.53%
Epoch 019/100 | loss -0.2921 | CD -0.2921 | short-CD label retention 99.53%
Epoch 020/100 | loss -0.3120 | CD -0.3120 | short-CD label retention 99.54% | quick label-Gibbs acc 96.37%
Epoch 021/100 | loss -0.2471 | CD -0.2471 | short-CD label retention 99.61%
Epoch 022/100 | loss -0.2576 | CD -0.2576 | short-CD label retention 99.63% | quick label-Gibbs acc 96.05%
Epoch 023/100 | loss -0.2312 | CD -0.2312 | short-CD label retention 99.65%
Epoch 024/100 | loss -0.2715 | CD -0.2715 | short-CD label retention 99.69% | quick label-Gibbs acc 95.86%
Epoch 025/100 | loss -0.2278 | CD -0.2278 | short-CD label retention 99.70%
Epoch 026/100 | loss -0.2120 | CD -0.2120 | short-CD label retention 99.72% | quick label-Gibbs acc 95.63%
Epoch 027/100 | loss -0.1650 | CD -0.1650 | short-CD label retention 99.72%
Epoch 028/100 | loss -0.2058 | CD -0.2058 | short-CD label retention 99.74% | quick label-Gibbs acc 95.55%
Early stopping after 10 evals without improvement.
Done. {
  "experiment_id": "E028",
  "completed_at": "2026-06-06 20:01:21",
  "best_acc_selection_metric": 0.9732,
  "best_epoch": 8,
  "final_epoch": 28,
  "out_dir": "/home/Hongjie_Zeng/high_order_BM/runs_twoport1024_E028_e017_mix030",
  "best_checkpoint_epoch": 8,
  "final_full_test_label_gibbs_acc": 0.9731,
  "final_full_label_entropy": 0.23168040255134623,
  "final_full_eval": {
    "steps": 3000,
    "burn_in": 500,
    "thin": 2
  }
}
