[data] train=182615 test=15341 classes=309 video=4096 motion=4096 audio=1 device=cuda
[model] standard input=4096 label=1545 hidden=32768 total=38409 mode=video
[epoch 361] recon_mse=0.01284
[epoch 362] recon_mse=0.01284
[epoch 363] recon_mse=0.01284
[epoch 364] recon_mse=0.01283
[epoch 365] recon_mse=0.01283 quick_test_acc=0.3865 ent=2.8815
[epoch 366] recon_mse=0.01283
[epoch 367] recon_mse=0.01283
[epoch 368] recon_mse=0.01282
[epoch 369] recon_mse=0.01283
[epoch 370] recon_mse=0.01282 quick_test_acc=0.3842 ent=2.8780
[epoch 371] recon_mse=0.01282
[epoch 372] recon_mse=0.01282
[epoch 373] recon_mse=0.01281
[epoch 374] recon_mse=0.01281
[epoch 375] recon_mse=0.01281 quick_test_acc=0.3855 ent=2.8925
[epoch 376] recon_mse=0.01281
[epoch 377] recon_mse=0.01281
[epoch 378] recon_mse=0.01280
[epoch 379] recon_mse=0.01281
[epoch 380] recon_mse=0.01280 quick_test_acc=0.3832 ent=2.8767
[epoch 381] recon_mse=0.01280
[epoch 382] recon_mse=0.01280
[epoch 383] recon_mse=0.01280
[epoch 384] recon_mse=0.01279
[epoch 385] recon_mse=0.01279 quick_test_acc=0.3846 ent=2.8836
[epoch 386] recon_mse=0.01279
[epoch 387] recon_mse=0.01279
[epoch 388] recon_mse=0.01278
[epoch 389] recon_mse=0.01278
[epoch 390] recon_mse=0.01278 quick_test_acc=0.3867 ent=2.8878
[epoch 391] recon_mse=0.01278
[epoch 392] recon_mse=0.01278
[epoch 393] recon_mse=0.01277
[epoch 394] recon_mse=0.01277
[epoch 395] recon_mse=0.01277 quick_test_acc=0.3849 ent=2.8923
[epoch 396] recon_mse=0.01277
[epoch 397] recon_mse=0.01277
[epoch 398] recon_mse=0.01276
[epoch 399] recon_mse=0.01276
[epoch 400] recon_mse=0.01276 quick_test_acc=0.3835 ent=2.9037
[epoch 401] recon_mse=0.01276
[epoch 402] recon_mse=0.01276
[epoch 403] recon_mse=0.01275
[epoch 404] recon_mse=0.01275
[epoch 405] recon_mse=0.01275 quick_test_acc=0.3849 ent=2.8783
[epoch 406] recon_mse=0.01275
[epoch 407] recon_mse=0.01275
[epoch 408] recon_mse=0.01275
[epoch 409] recon_mse=0.01274
[epoch 410] recon_mse=0.01275 quick_test_acc=0.3807 ent=2.8872
[epoch 411] recon_mse=0.01274
[epoch 412] recon_mse=0.01274
[epoch 413] recon_mse=0.01274
[epoch 414] recon_mse=0.01274
[epoch 415] recon_mse=0.01273 quick_test_acc=0.3845 ent=2.8966
[epoch 416] recon_mse=0.01274
[epoch 417] recon_mse=0.01273
[epoch 418] recon_mse=0.01273
[epoch 419] recon_mse=0.01273
[epoch 420] recon_mse=0.01273 quick_test_acc=0.3822 ent=2.8995
[epoch 421] recon_mse=0.01272
[epoch 422] recon_mse=0.01272
[epoch 423] recon_mse=0.01272
[epoch 424] recon_mse=0.01272
[epoch 425] recon_mse=0.01271 quick_test_acc=0.3843 ent=2.8993
[epoch 426] recon_mse=0.01271
[epoch 427] recon_mse=0.01271
[epoch 428] recon_mse=0.01271
[epoch 429] recon_mse=0.01271
[epoch 430] recon_mse=0.01270 quick_test_acc=0.3828 ent=2.9095
[epoch 431] recon_mse=0.01270
[epoch 432] recon_mse=0.01270
[epoch 433] recon_mse=0.01270
[epoch 434] recon_mse=0.01270
[epoch 435] recon_mse=0.01270 quick_test_acc=0.3829 ent=2.9062
[epoch 436] recon_mse=0.01270
[epoch 437] recon_mse=0.01270
[epoch 438] recon_mse=0.01269
[epoch 439] recon_mse=0.01269
[epoch 440] recon_mse=0.01269 quick_test_acc=0.3826 ent=2.9035
[epoch 441] recon_mse=0.01269
[epoch 442] recon_mse=0.01269
[epoch 443] recon_mse=0.01268
[epoch 444] recon_mse=0.01268
[epoch 445] recon_mse=0.01268 quick_test_acc=0.3817 ent=2.9144
[epoch 446] recon_mse=0.01268
[epoch 447] recon_mse=0.01268
[epoch 448] recon_mse=0.01268
[epoch 449] recon_mse=0.01267
[epoch 450] recon_mse=0.01267 quick_test_acc=0.3828 ent=2.9132
[epoch 451] recon_mse=0.01267
[epoch 452] recon_mse=0.01267
[epoch 453] recon_mse=0.01267
[epoch 454] recon_mse=0.01267
[epoch 455] recon_mse=0.01267 quick_test_acc=0.3790 ent=2.9173
[epoch 456] recon_mse=0.01267
[epoch 457] recon_mse=0.01266
[epoch 458] recon_mse=0.01266
[epoch 459] recon_mse=0.01266
[epoch 460] recon_mse=0.01266 quick_test_acc=0.3843 ent=2.9376
[epoch 461] recon_mse=0.01266
[epoch 462] recon_mse=0.01265
[epoch 463] recon_mse=0.01265
[epoch 464] recon_mse=0.01265
[epoch 465] recon_mse=0.01265 quick_test_acc=0.3787 ent=2.9370
[epoch 466] recon_mse=0.01265
[epoch 467] recon_mse=0.01265
[epoch 468] recon_mse=0.01265
[epoch 469] recon_mse=0.01264
[epoch 470] recon_mse=0.01264 quick_test_acc=0.3802 ent=2.9226
[epoch 471] recon_mse=0.01264
[epoch 472] recon_mse=0.01264
[epoch 473] recon_mse=0.01264
[epoch 474] recon_mse=0.01264
[epoch 475] recon_mse=0.01264 quick_test_acc=0.3783 ent=2.9348
[epoch 476] recon_mse=0.01263
[epoch 477] recon_mse=0.01263
[epoch 478] recon_mse=0.01263
[epoch 479] recon_mse=0.01263
[epoch 480] recon_mse=0.01263 quick_test_acc=0.3746 ent=2.9365
[full_eval_best] {
  "created_at": "2026-06-20 19:49:00",
  "ckpt": "/home/Hongjie_Zeng/high_order_BM/runs_vggsound_full_VF015_video_resnet50_meanstd_f16_h8_lc5_resume480/best.pt",
  "ckpt_epoch": 390,
  "ckpt_best_acc": 0.38667622710383937,
  "eval_steps": 3000,
  "eval_burn_in": 500,
  "eval_thin": 2,
  "test_label_gibbs_acc": 0.39449840297242683,
  "test_label_entropy": 2.7660601044694584,
  "computed_dims": {
    "input_dim": 4096,
    "label_dim": 1545,
    "hidden_dim": 32768,
    "total_pbits": 38409,
    "num_classes": 309
  },
  "data_dims": {
    "feature_npz": "/home/Hongjie_Zeng/high_order_BM/data_vggsound_full/features/vggsound_full_visual_motion_resnet50_meanstd_allclasses_f16_s224.npz",
    "train_size": 182615,
    "test_size": 15341,
    "num_classes": 309,
    "class_names": [
      "air conditioning noise",
      "air horn",
      "airplane",
      "airplane flyby",
      "alarm clock ringing",
      "alligators, crocodiles hissing",
      "ambulance siren",
      "arc welding",
      "baby babbling",
      "baby crying",
      "baby laughter",
      "baltimore oriole calling",
      "barn swallow calling",
      "basketball bounce",
      "bathroom ventilation fan running",
      "beat boxing",
      "bee, wasp, etc. buzzing",
      "bird chirping, tweeting",
      "bird squawking",
      "bird wings flapping",
      "black capped chickadee calling",
      "blowtorch igniting",
      "bouncing on trampoline",
      "bowling impact",
      "bull bellowing",
      "canary calling",
      "cap gun shooting",
      "car engine idling",
      "car engine knocking",
      "car engine starting",
      "car passing by",
      "cat caterwauling",
      "cat growling",
      "cat hissing",
      "cat meowing",
      "cat purring",
      "cattle mooing",
      "cattle, bovinae cowbell",
      "cell phone buzzing",
      "chainsawing trees",
      "cheetah chirrup",
      "chicken clucking",
      "chicken crowing",
      "child singing",
      "child speech, kid speaking",
      "children shouting",
      "chimpanzee pant-hooting",
      "chinchilla barking",
      "chipmunk chirping",
      "chopping food",
      "chopping wood",
      "church bell ringing",
      "civil defense siren",
      "cow lowing",
      "coyote howling",
      "cricket chirping",
      "crow cawing",
      "cuckoo bird calling",
      "cupboard opening or closing",
      "cutting hair with electric trimmers",
      "dinosaurs bellowing",
      "disc scratching",
      "dog barking",
      "dog baying",
      "dog bow-wow",
      "dog growling",
      "dog howling",
      "dog whimpering",
      "donkey, ass braying",
      "door slamming",
      "driving buses",
      "driving motorcycle",
      "driving snowmobile",
      "duck quacking",
      "eagle screaming",
      "eating with cutlery",
      "electric grinder grinding",
      "electric shaver, electric razor shaving",
      "elephant trumpeting",
      "eletric blender running",
      "elk bugling",
      "engine accelerating, revving, vroom",
      "female singing",
      "female speech, woman speaking",
      "ferret dooking",
      "fire crackling",
      "fire truck siren",
      "fireworks banging",
      "firing cannon",
      "firing muskets",
      "fly, housefly buzzing",
      "foghorn",
      "footsteps on snow",
      "forging swords",
      "fox barking",
      "francolin calling",
      "frog croaking",
      "gibbon howling",
      "goat bleating",
      "golf driving",
      "goose honking",
      "hail",
      "hair dryer drying",
      "hammering nails",
      "heart sounds, heartbeat",
      "hedge trimmer running",
      "helicopter",
      "horse clip-clop",
      "horse neighing",
      "ice cracking",
      "ice cream truck, ice cream van",
      "lathe spinning",
      "lawn mowing",
      "lighting firecrackers",
      "lions growling",
      "lions roaring",
      "lip smacking",
      "machine gun shooting",
      "magpie calling",
      "male singing",
      "male speech, man speaking",
      "metronome",
      "missile launch",
      "mosquito buzzing",
      "motorboat, speedboat acceleration",
      "mouse clicking",
      "mouse pattering",
      "mouse squeaking",
      "mynah bird singing",
      "ocean burbling",
      "opening or closing car doors",
      "opening or closing car electric windows",
      "opening or closing drawers",
      "orchestra",
      "otter growling",
      "owl hooting",
      "parrot talking",
      "penguins braying",
      "people babbling",
      "people battle cry",
      "people belly laughing",
      "people booing",
      "people burping",
      "people cheering",
      "people clapping",
      "people coughing",
      "people crowd",
      "people eating",
      "people eating apple",
      "people eating crisps",
      "people eating noodle",
      "people farting",
      "people finger snapping",
      "people gargling",
      "people giggling",
      "people hiccup",
      "people humming",
      "people marching",
      "people nose blowing",
      "people running",
      "people screaming",
      "people shuffling",
      "people slapping",
      "people slurping",
      "people sneezing",
      "people sniggering",
      "people sobbing",
      "people whispering",
      "people whistling",
      "pheasant crowing",
      "pig oinking",
      "pigeon, dove cooing",
      "planing timber",
      "plastic bottle crushing",
      "playing accordion",
      "playing acoustic guitar",
      "playing badminton",
      "playing bagpipes",
      "playing banjo",
      "playing bass drum",
      "playing bass guitar",
      "playing bassoon",
      "playing bongo",
      "playing bugle",
      "playing castanets",
      "playing cello",
      "playing clarinet",
      "playing congas",
      "playing cornet",
      "playing cymbal",
      "playing darts",
      "playing didgeridoo",
      "playing djembe",
      "playing double bass",
      "playing drum kit",
      "playing electric guitar",
      "playing electronic organ",
      "playing erhu",
      "playing flute",
      "playing french horn",
      "playing glockenspiel",
      "playing gong",
      "playing guiro",
      "playing hammond organ",
      "playing harmonica",
      "playing harp",
      "playing harpsichord",
      "playing hockey",
      "playing lacrosse",
      "playing mandolin",
      "playing marimba, xylophone",
      "playing oboe",
      "playing piano",
      "playing saxophone",
      "playing shofar",
      "playing sitar",
      "playing snare drum",
      "playing squash",
      "playing steel guitar, slide guitar",
      "playing steelpan",
      "playing synthesizer",
      "playing tabla",
      "playing table tennis",
      "playing tambourine",
      "playing tennis",
      "playing theremin",
      "playing timbales",
      "playing timpani",
      "playing trombone",
      "playing trumpet",
      "playing tuning fork",
      "playing tympani",
      "playing ukulele",
      "playing vibraphone",
      "playing violin, fiddle",
      "playing volleyball",
      "playing washboard",
      "playing zither",
      "police car (siren)",
      "police radio chatter",
      "popping popcorn",
      "printer printing",
      "pumping water",
      "race car, auto racing",
      "railroad car, train wagon",
      "raining",
      "rapping",
      "reversing beeps",
      "ripping paper",
      "roller coaster running",
      "rope skipping",
      "rowboat, canoe, kayak rowing",
      "running electric fan",
      "sailing",
      "scuba diving",
      "sea lion barking",
      "sea waves",
      "sharpen knife",
      "sheep bleating",
      "shot football",
      "singing bowl",
      "singing choir",
      "skateboarding",
      "skidding",
      "skiing",
      "sliding door",
      "sloshing water",
      "slot machine",
      "smoke detector beeping",
      "snake hissing",
      "snake rattling",
      "splashing water",
      "spraying water",
      "squishing water",
      "stream burbling",
      "strike lighter",
      "striking bowling",
      "striking pool",
      "subway, metro, underground",
      "swimming",
      "tap dancing",
      "tapping guitar",
      "telephone bell ringing",
      "thunder",
      "toilet flushing",
      "tornado roaring",
      "tractor digging",
      "train horning",
      "train wheels squealing",
      "train whistling",
      "turkey gobbling",
      "typing on computer keyboard",
      "typing on typewriter",
      "underwater bubbling",
      "using sewing machines",
      "vacuum cleaner cleaning floors",
      "vehicle horn, car horn, honking",
      "volcano explosion",
      "warbler chirping",
      "waterfall burbling",
      "whale calling",
      "wind chime",
      "wind noise",
      "wind rustling leaves",
      "wood thrush calling",
      "woodpecker pecking tree",
      "writing on blackboard with chalk",
      "yodelling",
      "zebra braying"
    ],
    "video_dim": 4096,
    "motion_dim": 4096,
    "audio_dim": 1
  }
}
{
  "experiment_id": "VF015_video_resnet50_meanstd_f16_h8_lc5_resume480",
  "finished_at": "2026-06-20 19:49:00",
  "model_type": "standard",
  "best_epoch": 390,
  "best_acc_selection_metric": 0.38667622710383937,
  "final_epoch": 480,
  "final_test_label_gibbs_acc": 0.37461703930643375,
  "full_eval_best_acc": 0.39449840297242683,
  "computed_dims": {
    "input_dim": 4096,
    "label_dim": 1545,
    "hidden_dim": 32768,
    "total_pbits": 38409,
    "num_classes": 309
  },
  "data_dims": {
    "feature_npz": "/home/Hongjie_Zeng/high_order_BM/data_vggsound_full/features/vggsound_full_visual_motion_resnet50_meanstd_allclasses_f16_s224.npz",
    "train_size": 182615,
    "test_size": 15341,
    "num_classes": 309,
    "class_names": [
      "air conditioning noise",
      "air horn",
      "airplane",
      "airplane flyby",
      "alarm clock ringing",
      "alligators, crocodiles hissing",
      "ambulance siren",
      "arc welding",
      "baby babbling",
      "baby crying",
      "baby laughter",
      "baltimore oriole calling",
      "barn swallow calling",
      "basketball bounce",
      "bathroom ventilation fan running",
      "beat boxing",
      "bee, wasp, etc. buzzing",
      "bird chirping, tweeting",
      "bird squawking",
      "bird wings flapping",
      "black capped chickadee calling",
      "blowtorch igniting",
      "bouncing on trampoline",
      "bowling impact",
      "bull bellowing",
      "canary calling",
      "cap gun shooting",
      "car engine idling",
      "car engine knocking",
      "car engine starting",
      "car passing by",
      "cat caterwauling",
      "cat growling",
      "cat hissing",
      "cat meowing",
      "cat purring",
      "cattle mooing",
      "cattle, bovinae cowbell",
      "cell phone buzzing",
      "chainsawing trees",
      "cheetah chirrup",
      "chicken clucking",
      "chicken crowing",
      "child singing",
      "child speech, kid speaking",
      "children shouting",
      "chimpanzee pant-hooting",
      "chinchilla barking",
      "chipmunk chirping",
      "chopping food",
      "chopping wood",
      "church bell ringing",
      "civil defense siren",
      "cow lowing",
      "coyote howling",
      "cricket chirping",
      "crow cawing",
      "cuckoo bird calling",
      "cupboard opening or closing",
      "cutting hair with electric trimmers",
      "dinosaurs bellowing",
      "disc scratching",
      "dog barking",
      "dog baying",
      "dog bow-wow",
      "dog growling",
      "dog howling",
      "dog whimpering",
      "donkey, ass braying",
      "door slamming",
      "driving buses",
      "driving motorcycle",
      "driving snowmobile",
      "duck quacking",
      "eagle screaming",
      "eating with cutlery",
      "electric grinder grinding",
      "electric shaver, electric razor shaving",
      "elephant trumpeting",
      "eletric blender running",
      "elk bugling",
      "engine accelerating, revving, vroom",
      "female singing",
      "female speech, woman speaking",
      "ferret dooking",
      "fire crackling",
      "fire truck siren",
      "fireworks banging",
      "firing cannon",
      "firing muskets",
      "fly, housefly buzzing",
      "foghorn",
      "footsteps on snow",
      "forging swords",
      "fox barking",
      "francolin calling",
      "frog croaking",
      "gibbon howling",
      "goat bleating",
      "golf driving",
      "goose honking",
      "hail",
      "hair dryer drying",
      "hammering nails",
      "heart sounds, heartbeat",
      "hedge trimmer running",
      "helicopter",
      "horse clip-clop",
      "horse neighing",
      "ice cracking",
      "ice cream truck, ice cream van",
      "lathe spinning",
      "lawn mowing",
      "lighting firecrackers",
      "lions growling",
      "lions roaring",
      "lip smacking",
      "machine gun shooting",
      "magpie calling",
      "male singing",
      "male speech, man speaking",
      "metronome",
      "missile launch",
      "mosquito buzzing",
      "motorboat, speedboat acceleration",
      "mouse clicking",
      "mouse pattering",
      "mouse squeaking",
      "mynah bird singing",
      "ocean burbling",
      "opening or closing car doors",
      "opening or closing car electric windows",
      "opening or closing drawers",
      "orchestra",
      "otter growling",
      "owl hooting",
      "parrot talking",
      "penguins braying",
      "people babbling",
      "people battle cry",
      "people belly laughing",
      "people booing",
      "people burping",
      "people cheering",
      "people clapping",
      "people coughing",
      "people crowd",
      "people eating",
      "people eating apple",
      "people eating crisps",
      "people eating noodle",
      "people farting",
      "people finger snapping",
      "people gargling",
      "people giggling",
      "people hiccup",
      "people humming",
      "people marching",
      "people nose blowing",
      "people running",
      "people screaming",
      "people shuffling",
      "people slapping",
      "people slurping",
      "people sneezing",
      "people sniggering",
      "people sobbing",
      "people whispering",
      "people whistling",
      "pheasant crowing",
      "pig oinking",
      "pigeon, dove cooing",
      "planing timber",
      "plastic bottle crushing",
      "playing accordion",
      "playing acoustic guitar",
      "playing badminton",
      "playing bagpipes",
      "playing banjo",
      "playing bass drum",
      "playing bass guitar",
      "playing bassoon",
      "playing bongo",
      "playing bugle",
      "playing castanets",
      "playing cello",
      "playing clarinet",
      "playing congas",
      "playing cornet",
      "playing cymbal",
      "playing darts",
      "playing didgeridoo",
      "playing djembe",
      "playing double bass",
      "playing drum kit",
      "playing electric guitar",
      "playing electronic organ",
      "playing erhu",
      "playing flute",
      "playing french horn",
      "playing glockenspiel",
      "playing gong",
      "playing guiro",
      "playing hammond organ",
      "playing harmonica",
      "playing harp",
      "playing harpsichord",
      "playing hockey",
      "playing lacrosse",
      "playing mandolin",
      "playing marimba, xylophone",
      "playing oboe",
      "playing piano",
      "playing saxophone",
      "playing shofar",
      "playing sitar",
      "playing snare drum",
      "playing squash",
      "playing steel guitar, slide guitar",
      "playing steelpan",
      "playing synthesizer",
      "playing tabla",
      "playing table tennis",
      "playing tambourine",
      "playing tennis",
      "playing theremin",
      "playing timbales",
      "playing timpani",
      "playing trombone",
      "playing trumpet",
      "playing tuning fork",
      "playing tympani",
      "playing ukulele",
      "playing vibraphone",
      "playing violin, fiddle",
      "playing volleyball",
      "playing washboard",
      "playing zither",
      "police car (siren)",
      "police radio chatter",
      "popping popcorn",
      "printer printing",
      "pumping water",
      "race car, auto racing",
      "railroad car, train wagon",
      "raining",
      "rapping",
      "reversing beeps",
      "ripping paper",
      "roller coaster running",
      "rope skipping",
      "rowboat, canoe, kayak rowing",
      "running electric fan",
      "sailing",
      "scuba diving",
      "sea lion barking",
      "sea waves",
      "sharpen knife",
      "sheep bleating",
      "shot football",
      "singing bowl",
      "singing choir",
      "skateboarding",
      "skidding",
      "skiing",
      "sliding door",
      "sloshing water",
      "slot machine",
      "smoke detector beeping",
      "snake hissing",
      "snake rattling",
      "splashing water",
      "spraying water",
      "squishing water",
      "stream burbling",
      "strike lighter",
      "striking bowling",
      "striking pool",
      "subway, metro, underground",
      "swimming",
      "tap dancing",
      "tapping guitar",
      "telephone bell ringing",
      "thunder",
      "toilet flushing",
      "tornado roaring",
      "tractor digging",
      "train horning",
      "train wheels squealing",
      "train whistling",
      "turkey gobbling",
      "typing on computer keyboard",
      "typing on typewriter",
      "underwater bubbling",
      "using sewing machines",
      "vacuum cleaner cleaning floors",
      "vehicle horn, car horn, honking",
      "volcano explosion",
      "warbler chirping",
      "waterfall burbling",
      "whale calling",
      "wind chime",
      "wind noise",
      "wind rustling leaves",
      "wood thrush calling",
      "woodpecker pecking tree",
      "writing on blackboard with chalk",
      "yodelling",
      "zebra braying"
    ],
    "video_dim": 4096,
    "motion_dim": 4096,
    "audio_dim": 1
  },
  "out_dir": "/home/Hongjie_Zeng/high_order_BM/runs_vggsound_full_VF015_video_resnet50_meanstd_f16_h8_lc5_resume480"
}
