[data] train=182615 test=15341 classes=309 video=4096 motion=1 audio=1 device=cuda
[model] standard input=4096 label=1545 hidden=32768 total=38409 mode=video
[init] estimating visible bias from training set
[epoch 001] recon_mse=0.04335
[epoch 002] recon_mse=0.03475
[epoch 003] recon_mse=0.02975
[epoch 004] recon_mse=0.02660
[epoch 005] recon_mse=0.02426 quick_test_acc=0.0760 ent=5.5876
[epoch 006] recon_mse=0.02246
[epoch 007] recon_mse=0.02120
[epoch 008] recon_mse=0.02039
[epoch 009] recon_mse=0.01987
[epoch 010] recon_mse=0.01951 quick_test_acc=0.1332 ent=5.5855
[epoch 011] recon_mse=0.01924
[epoch 012] recon_mse=0.01902
[epoch 013] recon_mse=0.01885
[epoch 014] recon_mse=0.01871
[epoch 015] recon_mse=0.01859 quick_test_acc=0.1582 ent=5.5712
[epoch 016] recon_mse=0.01849
[epoch 017] recon_mse=0.01840
[epoch 018] recon_mse=0.01833
[epoch 019] recon_mse=0.01826
[epoch 020] recon_mse=0.01820 quick_test_acc=0.1849 ent=5.5454
[epoch 021] recon_mse=0.01814
[epoch 022] recon_mse=0.01809
[epoch 023] recon_mse=0.01804
[epoch 024] recon_mse=0.01799
[epoch 025] recon_mse=0.01795 quick_test_acc=0.2002 ent=5.5026
[epoch 026] recon_mse=0.01790
[epoch 027] recon_mse=0.01786
[epoch 028] recon_mse=0.01781
[epoch 029] recon_mse=0.01777
[epoch 030] recon_mse=0.01773 quick_test_acc=0.2127 ent=5.4436
[epoch 031] recon_mse=0.01768
[epoch 032] recon_mse=0.01764
[epoch 033] recon_mse=0.01761
[epoch 034] recon_mse=0.01756
[epoch 035] recon_mse=0.01752 quick_test_acc=0.2246 ent=5.3724
[epoch 036] recon_mse=0.01747
[epoch 037] recon_mse=0.01743
[epoch 038] recon_mse=0.01739
[epoch 039] recon_mse=0.01734
[epoch 040] recon_mse=0.01730 quick_test_acc=0.2324 ent=5.2948
[epoch 041] recon_mse=0.01726
[epoch 042] recon_mse=0.01722
[epoch 043] recon_mse=0.01718
[epoch 044] recon_mse=0.01713
[epoch 045] recon_mse=0.01709 quick_test_acc=0.2409 ent=5.2174
[epoch 046] recon_mse=0.01705
[epoch 047] recon_mse=0.01700
[epoch 048] recon_mse=0.01698
[epoch 049] recon_mse=0.01692
[epoch 050] recon_mse=0.01688 quick_test_acc=0.2496 ent=5.1383
[epoch 051] recon_mse=0.01684
[epoch 052] recon_mse=0.01680
[epoch 053] recon_mse=0.01676
[epoch 054] recon_mse=0.01672
[epoch 055] recon_mse=0.01669 quick_test_acc=0.2580 ent=5.0627
[epoch 056] recon_mse=0.01665
[epoch 057] recon_mse=0.01661
[epoch 058] recon_mse=0.01657
[epoch 059] recon_mse=0.01653
[epoch 060] recon_mse=0.01649 quick_test_acc=0.2627 ent=4.9909
[epoch 061] recon_mse=0.01646
[epoch 062] recon_mse=0.01642
[epoch 063] recon_mse=0.01638
[epoch 064] recon_mse=0.01636
[epoch 065] recon_mse=0.01631 quick_test_acc=0.2707 ent=4.9215
[epoch 066] recon_mse=0.01628
[epoch 067] recon_mse=0.01625
[epoch 068] recon_mse=0.01621
[epoch 069] recon_mse=0.01618
[epoch 070] recon_mse=0.01614 quick_test_acc=0.2761 ent=4.8616
[epoch 071] recon_mse=0.01612
[epoch 072] recon_mse=0.01608
[epoch 073] recon_mse=0.01605
[epoch 074] recon_mse=0.01602
[epoch 075] recon_mse=0.01599 quick_test_acc=0.2810 ent=4.7964
[epoch 076] recon_mse=0.01596
[epoch 077] recon_mse=0.01593
[epoch 078] recon_mse=0.01589
[epoch 079] recon_mse=0.01587
[epoch 080] recon_mse=0.01583 quick_test_acc=0.2887 ent=4.7449
[epoch 081] recon_mse=0.01580
[epoch 082] recon_mse=0.01577
[epoch 083] recon_mse=0.01575
[epoch 084] recon_mse=0.01572
[epoch 085] recon_mse=0.01569 quick_test_acc=0.2940 ent=4.6942
[epoch 086] recon_mse=0.01566
[epoch 087] recon_mse=0.01564
[epoch 088] recon_mse=0.01561
[epoch 089] recon_mse=0.01558
[epoch 090] recon_mse=0.01555 quick_test_acc=0.2999 ent=4.6518
[epoch 091] recon_mse=0.01553
[epoch 092] recon_mse=0.01550
[epoch 093] recon_mse=0.01548
[epoch 094] recon_mse=0.01545
[epoch 095] recon_mse=0.01542 quick_test_acc=0.3055 ent=4.6038
[epoch 096] recon_mse=0.01540
[epoch 097] recon_mse=0.01537
[epoch 098] recon_mse=0.01535
[epoch 099] recon_mse=0.01533
[epoch 100] recon_mse=0.01530 quick_test_acc=0.3111 ent=4.5605
[epoch 101] recon_mse=0.01528
[epoch 102] recon_mse=0.01525
[epoch 103] recon_mse=0.01523
[epoch 104] recon_mse=0.01520
[epoch 105] recon_mse=0.01518 quick_test_acc=0.3165 ent=4.5257
[epoch 106] recon_mse=0.01516
[epoch 107] recon_mse=0.01514
[epoch 108] recon_mse=0.01512
[epoch 109] recon_mse=0.01509
[epoch 110] recon_mse=0.01507 quick_test_acc=0.3223 ent=4.4819
[epoch 111] recon_mse=0.01505
[epoch 112] recon_mse=0.01503
[epoch 113] recon_mse=0.01501
[epoch 114] recon_mse=0.01499
[epoch 115] recon_mse=0.01497 quick_test_acc=0.3252 ent=4.4488
[epoch 116] recon_mse=0.01494
[epoch 117] recon_mse=0.01492
[epoch 118] recon_mse=0.01491
[epoch 119] recon_mse=0.01488
[epoch 120] recon_mse=0.01486 quick_test_acc=0.3304 ent=4.4181
[epoch 121] recon_mse=0.01485
[epoch 122] recon_mse=0.01482
[epoch 123] recon_mse=0.01481
[epoch 124] recon_mse=0.01479
[epoch 125] recon_mse=0.01477 quick_test_acc=0.3337 ent=4.3906
[epoch 126] recon_mse=0.01474
[epoch 127] recon_mse=0.01473
[epoch 128] recon_mse=0.01471
[epoch 129] recon_mse=0.01469
[epoch 130] recon_mse=0.01468 quick_test_acc=0.3373 ent=4.3602
[epoch 131] recon_mse=0.01466
[epoch 132] recon_mse=0.01464
[epoch 133] recon_mse=0.01463
[epoch 134] recon_mse=0.01460
[epoch 135] recon_mse=0.01459 quick_test_acc=0.3405 ent=4.3264
[epoch 136] recon_mse=0.01457
[epoch 137] recon_mse=0.01455
[epoch 138] recon_mse=0.01454
[epoch 139] recon_mse=0.01452
[epoch 140] recon_mse=0.01450 quick_test_acc=0.3431 ent=4.2946
[epoch 141] recon_mse=0.01449
[epoch 142] recon_mse=0.01447
[epoch 143] recon_mse=0.01446
[epoch 144] recon_mse=0.01444
[epoch 145] recon_mse=0.01442 quick_test_acc=0.3462 ent=4.2701
[epoch 146] recon_mse=0.01441
[epoch 147] recon_mse=0.01439
[epoch 148] recon_mse=0.01438
[epoch 149] recon_mse=0.01436
[epoch 150] recon_mse=0.01435 quick_test_acc=0.3485 ent=4.2508
[epoch 151] recon_mse=0.01433
[epoch 152] recon_mse=0.01432
[epoch 153] recon_mse=0.01430
[epoch 154] recon_mse=0.01429
[epoch 155] recon_mse=0.01427 quick_test_acc=0.3494 ent=4.2172
[epoch 156] recon_mse=0.01426
[epoch 157] recon_mse=0.01424
[epoch 158] recon_mse=0.01423
[epoch 159] recon_mse=0.01422
[epoch 160] recon_mse=0.01420 quick_test_acc=0.3541 ent=4.1944
[epoch 161] recon_mse=0.01419
[epoch 162] recon_mse=0.01418
[epoch 163] recon_mse=0.01416
[epoch 164] recon_mse=0.01415
[epoch 165] recon_mse=0.01414 quick_test_acc=0.3535 ent=4.1673
[epoch 166] recon_mse=0.01412
[epoch 167] recon_mse=0.01411
[epoch 168] recon_mse=0.01410
[epoch 169] recon_mse=0.01408
[epoch 170] recon_mse=0.01407 quick_test_acc=0.3558 ent=4.1494
[epoch 171] recon_mse=0.01406
[epoch 172] recon_mse=0.01405
[epoch 173] recon_mse=0.01404
[epoch 174] recon_mse=0.01402
[epoch 175] recon_mse=0.01401 quick_test_acc=0.3580 ent=4.1224
[epoch 176] recon_mse=0.01400
[epoch 177] recon_mse=0.01399
[epoch 178] recon_mse=0.01398
[epoch 179] recon_mse=0.01397
[epoch 180] recon_mse=0.01395 quick_test_acc=0.3613 ent=4.1000
[epoch 181] recon_mse=0.01395
[epoch 182] recon_mse=0.01394
[epoch 183] recon_mse=0.01392
[epoch 184] recon_mse=0.01391
[epoch 185] recon_mse=0.01390 quick_test_acc=0.3635 ent=4.0775
[epoch 186] recon_mse=0.01389
[epoch 187] recon_mse=0.01388
[epoch 188] recon_mse=0.01387
[epoch 189] recon_mse=0.01386
[epoch 190] recon_mse=0.01385 quick_test_acc=0.3644 ent=4.0548
[epoch 191] recon_mse=0.01384
[epoch 192] recon_mse=0.01383
[epoch 193] recon_mse=0.01382
[epoch 194] recon_mse=0.01381
[epoch 195] recon_mse=0.01380 quick_test_acc=0.3658 ent=4.0311
[epoch 196] recon_mse=0.01379
[epoch 197] recon_mse=0.01378
[epoch 198] recon_mse=0.01377
[epoch 199] recon_mse=0.01376
[epoch 200] recon_mse=0.01375 quick_test_acc=0.3674 ent=4.0122
[epoch 201] recon_mse=0.01374
[epoch 202] recon_mse=0.01373
[epoch 203] recon_mse=0.01372
[epoch 204] recon_mse=0.01371
[epoch 205] recon_mse=0.01370 quick_test_acc=0.3707 ent=3.9964
[epoch 206] recon_mse=0.01369
[epoch 207] recon_mse=0.01368
[epoch 208] recon_mse=0.01368
[epoch 209] recon_mse=0.01367
[epoch 210] recon_mse=0.01366 quick_test_acc=0.3712 ent=3.9750
[epoch 211] recon_mse=0.01365
[epoch 212] recon_mse=0.01364
[epoch 213] recon_mse=0.01364
[epoch 214] recon_mse=0.01362
[epoch 215] recon_mse=0.01362 quick_test_acc=0.3712 ent=3.9586
[epoch 216] recon_mse=0.01361
[epoch 217] recon_mse=0.01360
[epoch 218] recon_mse=0.01359
[epoch 219] recon_mse=0.01358
[epoch 220] recon_mse=0.01358 quick_test_acc=0.3746 ent=3.9318
[epoch 221] recon_mse=0.01357
[epoch 222] recon_mse=0.01356
[epoch 223] recon_mse=0.01356
[epoch 224] recon_mse=0.01355
[epoch 225] recon_mse=0.01354 quick_test_acc=0.3757 ent=3.9139
[epoch 226] recon_mse=0.01353
[epoch 227] recon_mse=0.01353
[epoch 228] recon_mse=0.01352
[epoch 229] recon_mse=0.01351
[epoch 230] recon_mse=0.01350 quick_test_acc=0.3783 ent=3.9083
[epoch 231] recon_mse=0.01350
[epoch 232] recon_mse=0.01349
[epoch 233] recon_mse=0.01348
[epoch 234] recon_mse=0.01347
[epoch 235] recon_mse=0.01347 quick_test_acc=0.3790 ent=3.8847
[epoch 236] recon_mse=0.01346
[epoch 237] recon_mse=0.01345
[epoch 238] recon_mse=0.01345
[epoch 239] recon_mse=0.01344
[epoch 240] recon_mse=0.01343 quick_test_acc=0.3811 ent=3.8700
[epoch 241] recon_mse=0.01342
[epoch 242] recon_mse=0.01342
[epoch 243] recon_mse=0.01341
[epoch 244] recon_mse=0.01340
[epoch 245] recon_mse=0.01340 quick_test_acc=0.3827 ent=3.8507
[epoch 246] recon_mse=0.01339
[epoch 247] recon_mse=0.01338
[epoch 248] recon_mse=0.01338
[epoch 249] recon_mse=0.01337
[epoch 250] recon_mse=0.01336 quick_test_acc=0.3835 ent=3.8366
[epoch 251] recon_mse=0.01336
[epoch 252] recon_mse=0.01335
[epoch 253] recon_mse=0.01335
[epoch 254] recon_mse=0.01334
[epoch 255] recon_mse=0.01334 quick_test_acc=0.3849 ent=3.8261
[epoch 256] recon_mse=0.01333
[epoch 257] recon_mse=0.01332
[epoch 258] recon_mse=0.01332
[epoch 259] recon_mse=0.01331
[epoch 260] recon_mse=0.01330 quick_test_acc=0.3861 ent=3.8068
[epoch 261] recon_mse=0.01330
[epoch 262] recon_mse=0.01329
[epoch 263] recon_mse=0.01329
[epoch 264] recon_mse=0.01328
[epoch 265] recon_mse=0.01328 quick_test_acc=0.3868 ent=3.7892
[epoch 266] recon_mse=0.01327
[epoch 267] recon_mse=0.01326
[epoch 268] recon_mse=0.01326
[epoch 269] recon_mse=0.01325
[epoch 270] recon_mse=0.01325 quick_test_acc=0.3880 ent=3.7799
[epoch 271] recon_mse=0.01324
[epoch 272] recon_mse=0.01324
[epoch 273] recon_mse=0.01323
[epoch 274] recon_mse=0.01323
[epoch 275] recon_mse=0.01322 quick_test_acc=0.3893 ent=3.7682
[epoch 276] recon_mse=0.01321
[epoch 277] recon_mse=0.01321
[epoch 278] recon_mse=0.01320
[epoch 279] recon_mse=0.01320
[epoch 280] recon_mse=0.01319 quick_test_acc=0.3909 ent=3.7505
[epoch 281] recon_mse=0.01319
[epoch 282] recon_mse=0.01318
[epoch 283] recon_mse=0.01317
[epoch 284] recon_mse=0.01317
[epoch 285] recon_mse=0.01317 quick_test_acc=0.3920 ent=3.7393
[epoch 286] recon_mse=0.01316
[epoch 287] recon_mse=0.01316
[epoch 288] recon_mse=0.01315
[epoch 289] recon_mse=0.01315
[epoch 290] recon_mse=0.01314 quick_test_acc=0.3935 ent=3.7230
[epoch 291] recon_mse=0.01314
[epoch 292] recon_mse=0.01313
[epoch 293] recon_mse=0.01313
[epoch 294] recon_mse=0.01312
[epoch 295] recon_mse=0.01312 quick_test_acc=0.3946 ent=3.7068
[epoch 296] recon_mse=0.01311
[epoch 297] recon_mse=0.01311
[epoch 298] recon_mse=0.01311
[epoch 299] recon_mse=0.01310
[epoch 300] recon_mse=0.01309 quick_test_acc=0.3952 ent=3.7042
[epoch 301] recon_mse=0.01309
[epoch 302] recon_mse=0.01308
[epoch 303] recon_mse=0.01308
[epoch 304] recon_mse=0.01308
[epoch 305] recon_mse=0.01307 quick_test_acc=0.3966 ent=3.6825
[epoch 306] recon_mse=0.01307
[epoch 307] recon_mse=0.01306
[epoch 308] recon_mse=0.01306
[epoch 309] recon_mse=0.01305
[epoch 310] recon_mse=0.01305 quick_test_acc=0.3991 ent=3.6802
[epoch 311] recon_mse=0.01305
[epoch 312] recon_mse=0.01304
[epoch 313] recon_mse=0.01304
[epoch 314] recon_mse=0.01303
[epoch 315] recon_mse=0.01303 quick_test_acc=0.3993 ent=3.6620
[epoch 316] recon_mse=0.01303
[epoch 317] recon_mse=0.01302
[epoch 318] recon_mse=0.01302
[epoch 319] recon_mse=0.01301
[epoch 320] recon_mse=0.01301 quick_test_acc=0.4017 ent=3.6468
[epoch 321] recon_mse=0.01300
[epoch 322] recon_mse=0.01300
[epoch 323] recon_mse=0.01300
[epoch 324] recon_mse=0.01299
[epoch 325] recon_mse=0.01299 quick_test_acc=0.4016 ent=3.6355
[epoch 326] recon_mse=0.01299
[epoch 327] recon_mse=0.01298
[epoch 328] recon_mse=0.01298
[epoch 329] recon_mse=0.01297
[epoch 330] recon_mse=0.01297 quick_test_acc=0.4024 ent=3.6320
[epoch 331] recon_mse=0.01296
[epoch 332] recon_mse=0.01296
[epoch 333] recon_mse=0.01295
[epoch 334] recon_mse=0.01295
[epoch 335] recon_mse=0.01295 quick_test_acc=0.4045 ent=3.6183
[epoch 336] recon_mse=0.01294
[epoch 337] recon_mse=0.01294
[epoch 338] recon_mse=0.01293
[epoch 339] recon_mse=0.01293
[epoch 340] recon_mse=0.01293 quick_test_acc=0.4053 ent=3.6053
[epoch 341] recon_mse=0.01293
[epoch 342] recon_mse=0.01292
[epoch 343] recon_mse=0.01292
[epoch 344] recon_mse=0.01291
[epoch 345] recon_mse=0.01291 quick_test_acc=0.4049 ent=3.5952
[epoch 346] recon_mse=0.01290
[epoch 347] recon_mse=0.01290
[epoch 348] recon_mse=0.01290
[epoch 349] recon_mse=0.01290
[epoch 350] recon_mse=0.01289 quick_test_acc=0.4079 ent=3.5933
[epoch 351] recon_mse=0.01289
[epoch 352] recon_mse=0.01288
[epoch 353] recon_mse=0.01288
[epoch 354] recon_mse=0.01288
[epoch 355] recon_mse=0.01288 quick_test_acc=0.4075 ent=3.5760
[epoch 356] recon_mse=0.01287
[epoch 357] recon_mse=0.01287
[epoch 358] recon_mse=0.01286
[epoch 359] recon_mse=0.01286
[epoch 360] recon_mse=0.01286 quick_test_acc=0.4098 ent=3.5719
[full_eval_best] {
  "created_at": "2026-06-25 18:59:04",
  "ckpt": "/home/Hongjie_Zeng/high_order_BM/runs_vggsound_phase1_P1V003_video_f24_s320_centercrop_lstm768_h8_e360/best.pt",
  "ckpt_epoch": 360,
  "ckpt_best_acc": 0.40981683071507724,
  "eval_steps": 3000,
  "eval_burn_in": 500,
  "eval_thin": 2,
  "test_label_gibbs_acc": 0.40994720031288706,
  "test_label_entropy": 3.5660676628351213,
  "computed_dims": {
    "input_dim": 4096,
    "label_dim": 1545,
    "hidden_dim": 32768,
    "total_pbits": 38409,
    "num_classes": 309
  },
  "data_dims": {
    "feature_npz": "/home/Hongjie_Zeng/high_order_BM/data_vggsound_full/phase1_features/vggsound_phase1_P1V003_24f_320s_center_crop_video_lstm4096_proj768_h768_seed125.npz",
    "train_size": 182615,
    "test_size": 15341,
    "num_classes": 309,
    "class_names": [
      "air conditioning noise",
      "air horn",
      "airplane",
      "airplane flyby",
      "alarm clock ringing",
      "alligators, crocodiles hissing",
      "ambulance siren",
      "arc welding",
      "baby babbling",
      "baby crying",
      "baby laughter",
      "baltimore oriole calling",
      "barn swallow calling",
      "basketball bounce",
      "bathroom ventilation fan running",
      "beat boxing",
      "bee, wasp, etc. buzzing",
      "bird chirping, tweeting",
      "bird squawking",
      "bird wings flapping",
      "black capped chickadee calling",
      "blowtorch igniting",
      "bouncing on trampoline",
      "bowling impact",
      "bull bellowing",
      "canary calling",
      "cap gun shooting",
      "car engine idling",
      "car engine knocking",
      "car engine starting",
      "car passing by",
      "cat caterwauling",
      "cat growling",
      "cat hissing",
      "cat meowing",
      "cat purring",
      "cattle mooing",
      "cattle, bovinae cowbell",
      "cell phone buzzing",
      "chainsawing trees",
      "cheetah chirrup",
      "chicken clucking",
      "chicken crowing",
      "child singing",
      "child speech, kid speaking",
      "children shouting",
      "chimpanzee pant-hooting",
      "chinchilla barking",
      "chipmunk chirping",
      "chopping food",
      "chopping wood",
      "church bell ringing",
      "civil defense siren",
      "cow lowing",
      "coyote howling",
      "cricket chirping",
      "crow cawing",
      "cuckoo bird calling",
      "cupboard opening or closing",
      "cutting hair with electric trimmers",
      "dinosaurs bellowing",
      "disc scratching",
      "dog barking",
      "dog baying",
      "dog bow-wow",
      "dog growling",
      "dog howling",
      "dog whimpering",
      "donkey, ass braying",
      "door slamming",
      "driving buses",
      "driving motorcycle",
      "driving snowmobile",
      "duck quacking",
      "eagle screaming",
      "eating with cutlery",
      "electric grinder grinding",
      "electric shaver, electric razor shaving",
      "elephant trumpeting",
      "eletric blender running",
      "elk bugling",
      "engine accelerating, revving, vroom",
      "female singing",
      "female speech, woman speaking",
      "ferret dooking",
      "fire crackling",
      "fire truck siren",
      "fireworks banging",
      "firing cannon",
      "firing muskets",
      "fly, housefly buzzing",
      "foghorn",
      "footsteps on snow",
      "forging swords",
      "fox barking",
      "francolin calling",
      "frog croaking",
      "gibbon howling",
      "goat bleating",
      "golf driving",
      "goose honking",
      "hail",
      "hair dryer drying",
      "hammering nails",
      "heart sounds, heartbeat",
      "hedge trimmer running",
      "helicopter",
      "horse clip-clop",
      "horse neighing",
      "ice cracking",
      "ice cream truck, ice cream van",
      "lathe spinning",
      "lawn mowing",
      "lighting firecrackers",
      "lions growling",
      "lions roaring",
      "lip smacking",
      "machine gun shooting",
      "magpie calling",
      "male singing",
      "male speech, man speaking",
      "metronome",
      "missile launch",
      "mosquito buzzing",
      "motorboat, speedboat acceleration",
      "mouse clicking",
      "mouse pattering",
      "mouse squeaking",
      "mynah bird singing",
      "ocean burbling",
      "opening or closing car doors",
      "opening or closing car electric windows",
      "opening or closing drawers",
      "orchestra",
      "otter growling",
      "owl hooting",
      "parrot talking",
      "penguins braying",
      "people babbling",
      "people battle cry",
      "people belly laughing",
      "people booing",
      "people burping",
      "people cheering",
      "people clapping",
      "people coughing",
      "people crowd",
      "people eating",
      "people eating apple",
      "people eating crisps",
      "people eating noodle",
      "people farting",
      "people finger snapping",
      "people gargling",
      "people giggling",
      "people hiccup",
      "people humming",
      "people marching",
      "people nose blowing",
      "people running",
      "people screaming",
      "people shuffling",
      "people slapping",
      "people slurping",
      "people sneezing",
      "people sniggering",
      "people sobbing",
      "people whispering",
      "people whistling",
      "pheasant crowing",
      "pig oinking",
      "pigeon, dove cooing",
      "planing timber",
      "plastic bottle crushing",
      "playing accordion",
      "playing acoustic guitar",
      "playing badminton",
      "playing bagpipes",
      "playing banjo",
      "playing bass drum",
      "playing bass guitar",
      "playing bassoon",
      "playing bongo",
      "playing bugle",
      "playing castanets",
      "playing cello",
      "playing clarinet",
      "playing congas",
      "playing cornet",
      "playing cymbal",
      "playing darts",
      "playing didgeridoo",
      "playing djembe",
      "playing double bass",
      "playing drum kit",
      "playing electric guitar",
      "playing electronic organ",
      "playing erhu",
      "playing flute",
      "playing french horn",
      "playing glockenspiel",
      "playing gong",
      "playing guiro",
      "playing hammond organ",
      "playing harmonica",
      "playing harp",
      "playing harpsichord",
      "playing hockey",
      "playing lacrosse",
      "playing mandolin",
      "playing marimba, xylophone",
      "playing oboe",
      "playing piano",
      "playing saxophone",
      "playing shofar",
      "playing sitar",
      "playing snare drum",
      "playing squash",
      "playing steel guitar, slide guitar",
      "playing steelpan",
      "playing synthesizer",
      "playing tabla",
      "playing table tennis",
      "playing tambourine",
      "playing tennis",
      "playing theremin",
      "playing timbales",
      "playing timpani",
      "playing trombone",
      "playing trumpet",
      "playing tuning fork",
      "playing tympani",
      "playing ukulele",
      "playing vibraphone",
      "playing violin, fiddle",
      "playing volleyball",
      "playing washboard",
      "playing zither",
      "police car (siren)",
      "police radio chatter",
      "popping popcorn",
      "printer printing",
      "pumping water",
      "race car, auto racing",
      "railroad car, train wagon",
      "raining",
      "rapping",
      "reversing beeps",
      "ripping paper",
      "roller coaster running",
      "rope skipping",
      "rowboat, canoe, kayak rowing",
      "running electric fan",
      "sailing",
      "scuba diving",
      "sea lion barking",
      "sea waves",
      "sharpen knife",
      "sheep bleating",
      "shot football",
      "singing bowl",
      "singing choir",
      "skateboarding",
      "skidding",
      "skiing",
      "sliding door",
      "sloshing water",
      "slot machine",
      "smoke detector beeping",
      "snake hissing",
      "snake rattling",
      "splashing water",
      "spraying water",
      "squishing water",
      "stream burbling",
      "strike lighter",
      "striking bowling",
      "striking pool",
      "subway, metro, underground",
      "swimming",
      "tap dancing",
      "tapping guitar",
      "telephone bell ringing",
      "thunder",
      "toilet flushing",
      "tornado roaring",
      "tractor digging",
      "train horning",
      "train wheels squealing",
      "train whistling",
      "turkey gobbling",
      "typing on computer keyboard",
      "typing on typewriter",
      "underwater bubbling",
      "using sewing machines",
      "vacuum cleaner cleaning floors",
      "vehicle horn, car horn, honking",
      "volcano explosion",
      "warbler chirping",
      "waterfall burbling",
      "whale calling",
      "wind chime",
      "wind noise",
      "wind rustling leaves",
      "wood thrush calling",
      "woodpecker pecking tree",
      "writing on blackboard with chalk",
      "yodelling",
      "zebra braying"
    ],
    "video_dim": 4096,
    "motion_dim": 1,
    "audio_dim": 1
  }
}
{
  "experiment_id": "P1V003",
  "finished_at": "2026-06-25 18:59:04",
  "model_type": "standard",
  "best_epoch": 360,
  "best_acc_selection_metric": 0.40981683071507724,
  "final_epoch": 360,
  "final_test_label_gibbs_acc": 0.40981683071507724,
  "full_eval_best_acc": 0.40994720031288706,
  "computed_dims": {
    "input_dim": 4096,
    "label_dim": 1545,
    "hidden_dim": 32768,
    "total_pbits": 38409,
    "num_classes": 309
  },
  "data_dims": {
    "feature_npz": "/home/Hongjie_Zeng/high_order_BM/data_vggsound_full/phase1_features/vggsound_phase1_P1V003_24f_320s_center_crop_video_lstm4096_proj768_h768_seed125.npz",
    "train_size": 182615,
    "test_size": 15341,
    "num_classes": 309,
    "class_names": [
      "air conditioning noise",
      "air horn",
      "airplane",
      "airplane flyby",
      "alarm clock ringing",
      "alligators, crocodiles hissing",
      "ambulance siren",
      "arc welding",
      "baby babbling",
      "baby crying",
      "baby laughter",
      "baltimore oriole calling",
      "barn swallow calling",
      "basketball bounce",
      "bathroom ventilation fan running",
      "beat boxing",
      "bee, wasp, etc. buzzing",
      "bird chirping, tweeting",
      "bird squawking",
      "bird wings flapping",
      "black capped chickadee calling",
      "blowtorch igniting",
      "bouncing on trampoline",
      "bowling impact",
      "bull bellowing",
      "canary calling",
      "cap gun shooting",
      "car engine idling",
      "car engine knocking",
      "car engine starting",
      "car passing by",
      "cat caterwauling",
      "cat growling",
      "cat hissing",
      "cat meowing",
      "cat purring",
      "cattle mooing",
      "cattle, bovinae cowbell",
      "cell phone buzzing",
      "chainsawing trees",
      "cheetah chirrup",
      "chicken clucking",
      "chicken crowing",
      "child singing",
      "child speech, kid speaking",
      "children shouting",
      "chimpanzee pant-hooting",
      "chinchilla barking",
      "chipmunk chirping",
      "chopping food",
      "chopping wood",
      "church bell ringing",
      "civil defense siren",
      "cow lowing",
      "coyote howling",
      "cricket chirping",
      "crow cawing",
      "cuckoo bird calling",
      "cupboard opening or closing",
      "cutting hair with electric trimmers",
      "dinosaurs bellowing",
      "disc scratching",
      "dog barking",
      "dog baying",
      "dog bow-wow",
      "dog growling",
      "dog howling",
      "dog whimpering",
      "donkey, ass braying",
      "door slamming",
      "driving buses",
      "driving motorcycle",
      "driving snowmobile",
      "duck quacking",
      "eagle screaming",
      "eating with cutlery",
      "electric grinder grinding",
      "electric shaver, electric razor shaving",
      "elephant trumpeting",
      "eletric blender running",
      "elk bugling",
      "engine accelerating, revving, vroom",
      "female singing",
      "female speech, woman speaking",
      "ferret dooking",
      "fire crackling",
      "fire truck siren",
      "fireworks banging",
      "firing cannon",
      "firing muskets",
      "fly, housefly buzzing",
      "foghorn",
      "footsteps on snow",
      "forging swords",
      "fox barking",
      "francolin calling",
      "frog croaking",
      "gibbon howling",
      "goat bleating",
      "golf driving",
      "goose honking",
      "hail",
      "hair dryer drying",
      "hammering nails",
      "heart sounds, heartbeat",
      "hedge trimmer running",
      "helicopter",
      "horse clip-clop",
      "horse neighing",
      "ice cracking",
      "ice cream truck, ice cream van",
      "lathe spinning",
      "lawn mowing",
      "lighting firecrackers",
      "lions growling",
      "lions roaring",
      "lip smacking",
      "machine gun shooting",
      "magpie calling",
      "male singing",
      "male speech, man speaking",
      "metronome",
      "missile launch",
      "mosquito buzzing",
      "motorboat, speedboat acceleration",
      "mouse clicking",
      "mouse pattering",
      "mouse squeaking",
      "mynah bird singing",
      "ocean burbling",
      "opening or closing car doors",
      "opening or closing car electric windows",
      "opening or closing drawers",
      "orchestra",
      "otter growling",
      "owl hooting",
      "parrot talking",
      "penguins braying",
      "people babbling",
      "people battle cry",
      "people belly laughing",
      "people booing",
      "people burping",
      "people cheering",
      "people clapping",
      "people coughing",
      "people crowd",
      "people eating",
      "people eating apple",
      "people eating crisps",
      "people eating noodle",
      "people farting",
      "people finger snapping",
      "people gargling",
      "people giggling",
      "people hiccup",
      "people humming",
      "people marching",
      "people nose blowing",
      "people running",
      "people screaming",
      "people shuffling",
      "people slapping",
      "people slurping",
      "people sneezing",
      "people sniggering",
      "people sobbing",
      "people whispering",
      "people whistling",
      "pheasant crowing",
      "pig oinking",
      "pigeon, dove cooing",
      "planing timber",
      "plastic bottle crushing",
      "playing accordion",
      "playing acoustic guitar",
      "playing badminton",
      "playing bagpipes",
      "playing banjo",
      "playing bass drum",
      "playing bass guitar",
      "playing bassoon",
      "playing bongo",
      "playing bugle",
      "playing castanets",
      "playing cello",
      "playing clarinet",
      "playing congas",
      "playing cornet",
      "playing cymbal",
      "playing darts",
      "playing didgeridoo",
      "playing djembe",
      "playing double bass",
      "playing drum kit",
      "playing electric guitar",
      "playing electronic organ",
      "playing erhu",
      "playing flute",
      "playing french horn",
      "playing glockenspiel",
      "playing gong",
      "playing guiro",
      "playing hammond organ",
      "playing harmonica",
      "playing harp",
      "playing harpsichord",
      "playing hockey",
      "playing lacrosse",
      "playing mandolin",
      "playing marimba, xylophone",
      "playing oboe",
      "playing piano",
      "playing saxophone",
      "playing shofar",
      "playing sitar",
      "playing snare drum",
      "playing squash",
      "playing steel guitar, slide guitar",
      "playing steelpan",
      "playing synthesizer",
      "playing tabla",
      "playing table tennis",
      "playing tambourine",
      "playing tennis",
      "playing theremin",
      "playing timbales",
      "playing timpani",
      "playing trombone",
      "playing trumpet",
      "playing tuning fork",
      "playing tympani",
      "playing ukulele",
      "playing vibraphone",
      "playing violin, fiddle",
      "playing volleyball",
      "playing washboard",
      "playing zither",
      "police car (siren)",
      "police radio chatter",
      "popping popcorn",
      "printer printing",
      "pumping water",
      "race car, auto racing",
      "railroad car, train wagon",
      "raining",
      "rapping",
      "reversing beeps",
      "ripping paper",
      "roller coaster running",
      "rope skipping",
      "rowboat, canoe, kayak rowing",
      "running electric fan",
      "sailing",
      "scuba diving",
      "sea lion barking",
      "sea waves",
      "sharpen knife",
      "sheep bleating",
      "shot football",
      "singing bowl",
      "singing choir",
      "skateboarding",
      "skidding",
      "skiing",
      "sliding door",
      "sloshing water",
      "slot machine",
      "smoke detector beeping",
      "snake hissing",
      "snake rattling",
      "splashing water",
      "spraying water",
      "squishing water",
      "stream burbling",
      "strike lighter",
      "striking bowling",
      "striking pool",
      "subway, metro, underground",
      "swimming",
      "tap dancing",
      "tapping guitar",
      "telephone bell ringing",
      "thunder",
      "toilet flushing",
      "tornado roaring",
      "tractor digging",
      "train horning",
      "train wheels squealing",
      "train whistling",
      "turkey gobbling",
      "typing on computer keyboard",
      "typing on typewriter",
      "underwater bubbling",
      "using sewing machines",
      "vacuum cleaner cleaning floors",
      "vehicle horn, car horn, honking",
      "volcano explosion",
      "warbler chirping",
      "waterfall burbling",
      "whale calling",
      "wind chime",
      "wind noise",
      "wind rustling leaves",
      "wood thrush calling",
      "woodpecker pecking tree",
      "writing on blackboard with chalk",
      "yodelling",
      "zebra braying"
    ],
    "video_dim": 4096,
    "motion_dim": 1,
    "audio_dim": 1
  },
  "out_dir": "/home/Hongjie_Zeng/high_order_BM/runs_vggsound_phase1_P1V003_video_f24_s320_centercrop_lstm768_h8_e360"
}
