[data] train=182615 test=15341 classes=309 video=4096 motion=1 audio=1 device=cuda
[model] standard input=4096 label=1545 hidden=32768 total=38409 mode=video
[init] estimating visible bias from training set
[epoch 001] recon_mse=0.04807
[epoch 002] recon_mse=0.03544
[epoch 003] recon_mse=0.02932
[epoch 004] recon_mse=0.02597
[epoch 005] recon_mse=0.02374 quick_test_acc=0.1680 ent=5.5478
[epoch 006] recon_mse=0.02215
[epoch 007] recon_mse=0.02100
[epoch 008] recon_mse=0.02018
[epoch 009] recon_mse=0.01957
[epoch 010] recon_mse=0.01907 quick_test_acc=0.1991 ent=5.4255
[epoch 011] recon_mse=0.01868
[epoch 012] recon_mse=0.01833
[epoch 013] recon_mse=0.01803
[epoch 014] recon_mse=0.01777
[epoch 015] recon_mse=0.01752 quick_test_acc=0.2274 ent=5.2318
[epoch 016] recon_mse=0.01730
[epoch 017] recon_mse=0.01711
[epoch 018] recon_mse=0.01693
[epoch 019] recon_mse=0.01676
[epoch 020] recon_mse=0.01661 quick_test_acc=0.2495 ent=5.0099
[epoch 021] recon_mse=0.01646
[epoch 022] recon_mse=0.01633
[epoch 023] recon_mse=0.01621
[epoch 024] recon_mse=0.01609
[epoch 025] recon_mse=0.01598 quick_test_acc=0.2662 ent=4.8045
[epoch 026] recon_mse=0.01587
[epoch 027] recon_mse=0.01578
[epoch 028] recon_mse=0.01568
[epoch 029] recon_mse=0.01559
[epoch 030] recon_mse=0.01552 quick_test_acc=0.2831 ent=4.6290
[epoch 031] recon_mse=0.01543
[epoch 032] recon_mse=0.01536
[epoch 033] recon_mse=0.01529
[epoch 034] recon_mse=0.01521
[epoch 035] recon_mse=0.01514 quick_test_acc=0.2961 ent=4.4832
[epoch 036] recon_mse=0.01509
[epoch 037] recon_mse=0.01502
[epoch 038] recon_mse=0.01496
[epoch 039] recon_mse=0.01490
[epoch 040] recon_mse=0.01485 quick_test_acc=0.3069 ent=4.3649
[epoch 041] recon_mse=0.01480
[epoch 042] recon_mse=0.01474
[epoch 043] recon_mse=0.01469
[epoch 044] recon_mse=0.01464
[epoch 045] recon_mse=0.01459 quick_test_acc=0.3159 ent=4.2542
[epoch 046] recon_mse=0.01455
[epoch 047] recon_mse=0.01450
[epoch 048] recon_mse=0.01446
[epoch 049] recon_mse=0.01441
[epoch 050] recon_mse=0.01437 quick_test_acc=0.3237 ent=4.1616
[epoch 051] recon_mse=0.01433
[epoch 052] recon_mse=0.01429
[epoch 053] recon_mse=0.01425
[epoch 054] recon_mse=0.01421
[epoch 055] recon_mse=0.01417 quick_test_acc=0.3288 ent=4.0799
[epoch 056] recon_mse=0.01414
[epoch 057] recon_mse=0.01411
[epoch 058] recon_mse=0.01407
[epoch 059] recon_mse=0.01403
[epoch 060] recon_mse=0.01400 quick_test_acc=0.3356 ent=4.0096
[epoch 061] recon_mse=0.01397
[epoch 062] recon_mse=0.01393
[epoch 063] recon_mse=0.01391
[epoch 064] recon_mse=0.01387
[epoch 065] recon_mse=0.01384 quick_test_acc=0.3395 ent=3.9434
[epoch 066] recon_mse=0.01381
[epoch 067] recon_mse=0.01378
[epoch 068] recon_mse=0.01376
[epoch 069] recon_mse=0.01373
[epoch 070] recon_mse=0.01370 quick_test_acc=0.3446 ent=3.8869
[epoch 071] recon_mse=0.01367
[epoch 072] recon_mse=0.01365
[epoch 073] recon_mse=0.01362
[epoch 074] recon_mse=0.01359
[epoch 075] recon_mse=0.01357 quick_test_acc=0.3496 ent=3.8327
[epoch 076] recon_mse=0.01354
[epoch 077] recon_mse=0.01351
[epoch 078] recon_mse=0.01349
[epoch 079] recon_mse=0.01347
[epoch 080] recon_mse=0.01344 quick_test_acc=0.3541 ent=3.7859
[epoch 081] recon_mse=0.01342
[epoch 082] recon_mse=0.01340
[epoch 083] recon_mse=0.01337
[epoch 084] recon_mse=0.01335
[epoch 085] recon_mse=0.01333 quick_test_acc=0.3579 ent=3.7335
[epoch 086] recon_mse=0.01331
[epoch 087] recon_mse=0.01329
[epoch 088] recon_mse=0.01327
[epoch 089] recon_mse=0.01325
[epoch 090] recon_mse=0.01323 quick_test_acc=0.3614 ent=3.6932
[epoch 091] recon_mse=0.01320
[epoch 092] recon_mse=0.01318
[epoch 093] recon_mse=0.01317
[epoch 094] recon_mse=0.01314
[epoch 095] recon_mse=0.01312 quick_test_acc=0.3659 ent=3.6558
[epoch 096] recon_mse=0.01310
[epoch 097] recon_mse=0.01309
[epoch 098] recon_mse=0.01307
[epoch 099] recon_mse=0.01305
[epoch 100] recon_mse=0.01303 quick_test_acc=0.3689 ent=3.6200
[epoch 101] recon_mse=0.01301
[epoch 102] recon_mse=0.01300
[epoch 103] recon_mse=0.01298
[epoch 104] recon_mse=0.01296
[epoch 105] recon_mse=0.01294 quick_test_acc=0.3723 ent=3.5832
[epoch 106] recon_mse=0.01293
[epoch 107] recon_mse=0.01291
[epoch 108] recon_mse=0.01290
[epoch 109] recon_mse=0.01287
[epoch 110] recon_mse=0.01286 quick_test_acc=0.3757 ent=3.5541
[epoch 111] recon_mse=0.01284
[epoch 112] recon_mse=0.01284
[epoch 113] recon_mse=0.01282
[epoch 114] recon_mse=0.01280
[epoch 115] recon_mse=0.01278 quick_test_acc=0.3781 ent=3.5240
[epoch 116] recon_mse=0.01277
[epoch 117] recon_mse=0.01276
[epoch 118] recon_mse=0.01274
[epoch 119] recon_mse=0.01272
[epoch 120] recon_mse=0.01271 quick_test_acc=0.3798 ent=3.4945
[epoch 121] recon_mse=0.01270
[epoch 122] recon_mse=0.01268
[epoch 123] recon_mse=0.01267
[epoch 124] recon_mse=0.01266
[epoch 125] recon_mse=0.01264 quick_test_acc=0.3832 ent=3.4673
[epoch 126] recon_mse=0.01263
[epoch 127] recon_mse=0.01261
[epoch 128] recon_mse=0.01260
[epoch 129] recon_mse=0.01259
[epoch 130] recon_mse=0.01258 quick_test_acc=0.3845 ent=3.4371
[epoch 131] recon_mse=0.01256
[epoch 132] recon_mse=0.01255
[epoch 133] recon_mse=0.01254
[epoch 134] recon_mse=0.01252
[epoch 135] recon_mse=0.01252 quick_test_acc=0.3863 ent=3.4133
[epoch 136] recon_mse=0.01251
[epoch 137] recon_mse=0.01248
[epoch 138] recon_mse=0.01247
[epoch 139] recon_mse=0.01246
[epoch 140] recon_mse=0.01245 quick_test_acc=0.3881 ent=3.3893
[epoch 141] recon_mse=0.01244
[epoch 142] recon_mse=0.01243
[epoch 143] recon_mse=0.01242
[epoch 144] recon_mse=0.01241
[epoch 145] recon_mse=0.01240 quick_test_acc=0.3895 ent=3.3635
[epoch 146] recon_mse=0.01238
[epoch 147] recon_mse=0.01238
[epoch 148] recon_mse=0.01237
[epoch 149] recon_mse=0.01236
[epoch 150] recon_mse=0.01234 quick_test_acc=0.3919 ent=3.3432
[epoch 151] recon_mse=0.01233
[epoch 152] recon_mse=0.01232
[epoch 153] recon_mse=0.01230
[epoch 154] recon_mse=0.01230
[epoch 155] recon_mse=0.01229 quick_test_acc=0.3926 ent=3.3192
[epoch 156] recon_mse=0.01228
[epoch 157] recon_mse=0.01227
[epoch 158] recon_mse=0.01226
[epoch 159] recon_mse=0.01225
[epoch 160] recon_mse=0.01224 quick_test_acc=0.3933 ent=3.2989
[epoch 161] recon_mse=0.01223
[epoch 162] recon_mse=0.01222
[epoch 163] recon_mse=0.01221
[epoch 164] recon_mse=0.01221
[epoch 165] recon_mse=0.01220 quick_test_acc=0.3968 ent=3.2771
[epoch 166] recon_mse=0.01218
[epoch 167] recon_mse=0.01218
[epoch 168] recon_mse=0.01217
[epoch 169] recon_mse=0.01216
[epoch 170] recon_mse=0.01215 quick_test_acc=0.3979 ent=3.2553
[epoch 171] recon_mse=0.01214
[epoch 172] recon_mse=0.01213
[epoch 173] recon_mse=0.01212
[epoch 174] recon_mse=0.01211
[epoch 175] recon_mse=0.01210 quick_test_acc=0.3987 ent=3.2379
[epoch 176] recon_mse=0.01210
[epoch 177] recon_mse=0.01209
[epoch 178] recon_mse=0.01208
[epoch 179] recon_mse=0.01207
[epoch 180] recon_mse=0.01206 quick_test_acc=0.4002 ent=3.2176
[epoch 181] recon_mse=0.01206
[epoch 182] recon_mse=0.01205
[epoch 183] recon_mse=0.01204
[epoch 184] recon_mse=0.01203
[epoch 185] recon_mse=0.01203 quick_test_acc=0.4008 ent=3.2008
[epoch 186] recon_mse=0.01201
[epoch 187] recon_mse=0.01201
[epoch 188] recon_mse=0.01199
[epoch 189] recon_mse=0.01199
[epoch 190] recon_mse=0.01198 quick_test_acc=0.4012 ent=3.1832
[epoch 191] recon_mse=0.01198
[epoch 192] recon_mse=0.01197
[epoch 193] recon_mse=0.01197
[epoch 194] recon_mse=0.01195
[epoch 195] recon_mse=0.01195 quick_test_acc=0.4028 ent=3.1664
[epoch 196] recon_mse=0.01194
[epoch 197] recon_mse=0.01193
[epoch 198] recon_mse=0.01192
[epoch 199] recon_mse=0.01192
[epoch 200] recon_mse=0.01191 quick_test_acc=0.4032 ent=3.1489
[epoch 201] recon_mse=0.01190
[epoch 202] recon_mse=0.01190
[epoch 203] recon_mse=0.01189
[epoch 204] recon_mse=0.01188
[epoch 205] recon_mse=0.01187 quick_test_acc=0.4045 ent=3.1327
[epoch 206] recon_mse=0.01187
[epoch 207] recon_mse=0.01186
[epoch 208] recon_mse=0.01186
[epoch 209] recon_mse=0.01185
[epoch 210] recon_mse=0.01184 quick_test_acc=0.4052 ent=3.1164
[epoch 211] recon_mse=0.01183
[epoch 212] recon_mse=0.01183
[epoch 213] recon_mse=0.01182
[epoch 214] recon_mse=0.01182
[epoch 215] recon_mse=0.01181 quick_test_acc=0.4056 ent=3.1013
[epoch 216] recon_mse=0.01180
[epoch 217] recon_mse=0.01179
[epoch 218] recon_mse=0.01179
[epoch 219] recon_mse=0.01179
[epoch 220] recon_mse=0.01178 quick_test_acc=0.4067 ent=3.0809
[full_eval_best] {
  "created_at": "2026-06-20 15:24:00",
  "ckpt": "/home/Hongjie_Zeng/high_order_BM/runs_vggsound_full_VF022_standard_video_lstm4096_h8_lc5_e220/best.pt",
  "ckpt_epoch": 220,
  "ckpt_best_acc": 0.40668796036764226,
  "eval_steps": 3000,
  "eval_burn_in": 500,
  "eval_thin": 2,
  "test_label_gibbs_acc": 0.40675314516654715,
  "test_label_entropy": 3.0809310818711917,
  "computed_dims": {
    "input_dim": 4096,
    "label_dim": 1545,
    "hidden_dim": 32768,
    "total_pbits": 38409,
    "num_classes": 309
  },
  "data_dims": {
    "feature_npz": "/home/Hongjie_Zeng/high_order_BM/data_vggsound_full/features/vggsound_full_video_lstm4096_resnet50_f16_seed123.npz",
    "train_size": 182615,
    "test_size": 15341,
    "num_classes": 309,
    "class_names": [
      "air conditioning noise",
      "air horn",
      "airplane",
      "airplane flyby",
      "alarm clock ringing",
      "alligators, crocodiles hissing",
      "ambulance siren",
      "arc welding",
      "baby babbling",
      "baby crying",
      "baby laughter",
      "baltimore oriole calling",
      "barn swallow calling",
      "basketball bounce",
      "bathroom ventilation fan running",
      "beat boxing",
      "bee, wasp, etc. buzzing",
      "bird chirping, tweeting",
      "bird squawking",
      "bird wings flapping",
      "black capped chickadee calling",
      "blowtorch igniting",
      "bouncing on trampoline",
      "bowling impact",
      "bull bellowing",
      "canary calling",
      "cap gun shooting",
      "car engine idling",
      "car engine knocking",
      "car engine starting",
      "car passing by",
      "cat caterwauling",
      "cat growling",
      "cat hissing",
      "cat meowing",
      "cat purring",
      "cattle mooing",
      "cattle, bovinae cowbell",
      "cell phone buzzing",
      "chainsawing trees",
      "cheetah chirrup",
      "chicken clucking",
      "chicken crowing",
      "child singing",
      "child speech, kid speaking",
      "children shouting",
      "chimpanzee pant-hooting",
      "chinchilla barking",
      "chipmunk chirping",
      "chopping food",
      "chopping wood",
      "church bell ringing",
      "civil defense siren",
      "cow lowing",
      "coyote howling",
      "cricket chirping",
      "crow cawing",
      "cuckoo bird calling",
      "cupboard opening or closing",
      "cutting hair with electric trimmers",
      "dinosaurs bellowing",
      "disc scratching",
      "dog barking",
      "dog baying",
      "dog bow-wow",
      "dog growling",
      "dog howling",
      "dog whimpering",
      "donkey, ass braying",
      "door slamming",
      "driving buses",
      "driving motorcycle",
      "driving snowmobile",
      "duck quacking",
      "eagle screaming",
      "eating with cutlery",
      "electric grinder grinding",
      "electric shaver, electric razor shaving",
      "elephant trumpeting",
      "eletric blender running",
      "elk bugling",
      "engine accelerating, revving, vroom",
      "female singing",
      "female speech, woman speaking",
      "ferret dooking",
      "fire crackling",
      "fire truck siren",
      "fireworks banging",
      "firing cannon",
      "firing muskets",
      "fly, housefly buzzing",
      "foghorn",
      "footsteps on snow",
      "forging swords",
      "fox barking",
      "francolin calling",
      "frog croaking",
      "gibbon howling",
      "goat bleating",
      "golf driving",
      "goose honking",
      "hail",
      "hair dryer drying",
      "hammering nails",
      "heart sounds, heartbeat",
      "hedge trimmer running",
      "helicopter",
      "horse clip-clop",
      "horse neighing",
      "ice cracking",
      "ice cream truck, ice cream van",
      "lathe spinning",
      "lawn mowing",
      "lighting firecrackers",
      "lions growling",
      "lions roaring",
      "lip smacking",
      "machine gun shooting",
      "magpie calling",
      "male singing",
      "male speech, man speaking",
      "metronome",
      "missile launch",
      "mosquito buzzing",
      "motorboat, speedboat acceleration",
      "mouse clicking",
      "mouse pattering",
      "mouse squeaking",
      "mynah bird singing",
      "ocean burbling",
      "opening or closing car doors",
      "opening or closing car electric windows",
      "opening or closing drawers",
      "orchestra",
      "otter growling",
      "owl hooting",
      "parrot talking",
      "penguins braying",
      "people babbling",
      "people battle cry",
      "people belly laughing",
      "people booing",
      "people burping",
      "people cheering",
      "people clapping",
      "people coughing",
      "people crowd",
      "people eating",
      "people eating apple",
      "people eating crisps",
      "people eating noodle",
      "people farting",
      "people finger snapping",
      "people gargling",
      "people giggling",
      "people hiccup",
      "people humming",
      "people marching",
      "people nose blowing",
      "people running",
      "people screaming",
      "people shuffling",
      "people slapping",
      "people slurping",
      "people sneezing",
      "people sniggering",
      "people sobbing",
      "people whispering",
      "people whistling",
      "pheasant crowing",
      "pig oinking",
      "pigeon, dove cooing",
      "planing timber",
      "plastic bottle crushing",
      "playing accordion",
      "playing acoustic guitar",
      "playing badminton",
      "playing bagpipes",
      "playing banjo",
      "playing bass drum",
      "playing bass guitar",
      "playing bassoon",
      "playing bongo",
      "playing bugle",
      "playing castanets",
      "playing cello",
      "playing clarinet",
      "playing congas",
      "playing cornet",
      "playing cymbal",
      "playing darts",
      "playing didgeridoo",
      "playing djembe",
      "playing double bass",
      "playing drum kit",
      "playing electric guitar",
      "playing electronic organ",
      "playing erhu",
      "playing flute",
      "playing french horn",
      "playing glockenspiel",
      "playing gong",
      "playing guiro",
      "playing hammond organ",
      "playing harmonica",
      "playing harp",
      "playing harpsichord",
      "playing hockey",
      "playing lacrosse",
      "playing mandolin",
      "playing marimba, xylophone",
      "playing oboe",
      "playing piano",
      "playing saxophone",
      "playing shofar",
      "playing sitar",
      "playing snare drum",
      "playing squash",
      "playing steel guitar, slide guitar",
      "playing steelpan",
      "playing synthesizer",
      "playing tabla",
      "playing table tennis",
      "playing tambourine",
      "playing tennis",
      "playing theremin",
      "playing timbales",
      "playing timpani",
      "playing trombone",
      "playing trumpet",
      "playing tuning fork",
      "playing tympani",
      "playing ukulele",
      "playing vibraphone",
      "playing violin, fiddle",
      "playing volleyball",
      "playing washboard",
      "playing zither",
      "police car (siren)",
      "police radio chatter",
      "popping popcorn",
      "printer printing",
      "pumping water",
      "race car, auto racing",
      "railroad car, train wagon",
      "raining",
      "rapping",
      "reversing beeps",
      "ripping paper",
      "roller coaster running",
      "rope skipping",
      "rowboat, canoe, kayak rowing",
      "running electric fan",
      "sailing",
      "scuba diving",
      "sea lion barking",
      "sea waves",
      "sharpen knife",
      "sheep bleating",
      "shot football",
      "singing bowl",
      "singing choir",
      "skateboarding",
      "skidding",
      "skiing",
      "sliding door",
      "sloshing water",
      "slot machine",
      "smoke detector beeping",
      "snake hissing",
      "snake rattling",
      "splashing water",
      "spraying water",
      "squishing water",
      "stream burbling",
      "strike lighter",
      "striking bowling",
      "striking pool",
      "subway, metro, underground",
      "swimming",
      "tap dancing",
      "tapping guitar",
      "telephone bell ringing",
      "thunder",
      "toilet flushing",
      "tornado roaring",
      "tractor digging",
      "train horning",
      "train wheels squealing",
      "train whistling",
      "turkey gobbling",
      "typing on computer keyboard",
      "typing on typewriter",
      "underwater bubbling",
      "using sewing machines",
      "vacuum cleaner cleaning floors",
      "vehicle horn, car horn, honking",
      "volcano explosion",
      "warbler chirping",
      "waterfall burbling",
      "whale calling",
      "wind chime",
      "wind noise",
      "wind rustling leaves",
      "wood thrush calling",
      "woodpecker pecking tree",
      "writing on blackboard with chalk",
      "yodelling",
      "zebra braying"
    ],
    "video_dim": 4096,
    "motion_dim": 1,
    "audio_dim": 1
  }
}
{
  "experiment_id": "VF022_standard_video_lstm4096_h8_lc5_e220",
  "finished_at": "2026-06-20 15:24:00",
  "model_type": "standard",
  "best_epoch": 220,
  "best_acc_selection_metric": 0.40668796036764226,
  "final_epoch": 220,
  "final_test_label_gibbs_acc": 0.40668796036764226,
  "full_eval_best_acc": 0.40675314516654715,
  "computed_dims": {
    "input_dim": 4096,
    "label_dim": 1545,
    "hidden_dim": 32768,
    "total_pbits": 38409,
    "num_classes": 309
  },
  "data_dims": {
    "feature_npz": "/home/Hongjie_Zeng/high_order_BM/data_vggsound_full/features/vggsound_full_video_lstm4096_resnet50_f16_seed123.npz",
    "train_size": 182615,
    "test_size": 15341,
    "num_classes": 309,
    "class_names": [
      "air conditioning noise",
      "air horn",
      "airplane",
      "airplane flyby",
      "alarm clock ringing",
      "alligators, crocodiles hissing",
      "ambulance siren",
      "arc welding",
      "baby babbling",
      "baby crying",
      "baby laughter",
      "baltimore oriole calling",
      "barn swallow calling",
      "basketball bounce",
      "bathroom ventilation fan running",
      "beat boxing",
      "bee, wasp, etc. buzzing",
      "bird chirping, tweeting",
      "bird squawking",
      "bird wings flapping",
      "black capped chickadee calling",
      "blowtorch igniting",
      "bouncing on trampoline",
      "bowling impact",
      "bull bellowing",
      "canary calling",
      "cap gun shooting",
      "car engine idling",
      "car engine knocking",
      "car engine starting",
      "car passing by",
      "cat caterwauling",
      "cat growling",
      "cat hissing",
      "cat meowing",
      "cat purring",
      "cattle mooing",
      "cattle, bovinae cowbell",
      "cell phone buzzing",
      "chainsawing trees",
      "cheetah chirrup",
      "chicken clucking",
      "chicken crowing",
      "child singing",
      "child speech, kid speaking",
      "children shouting",
      "chimpanzee pant-hooting",
      "chinchilla barking",
      "chipmunk chirping",
      "chopping food",
      "chopping wood",
      "church bell ringing",
      "civil defense siren",
      "cow lowing",
      "coyote howling",
      "cricket chirping",
      "crow cawing",
      "cuckoo bird calling",
      "cupboard opening or closing",
      "cutting hair with electric trimmers",
      "dinosaurs bellowing",
      "disc scratching",
      "dog barking",
      "dog baying",
      "dog bow-wow",
      "dog growling",
      "dog howling",
      "dog whimpering",
      "donkey, ass braying",
      "door slamming",
      "driving buses",
      "driving motorcycle",
      "driving snowmobile",
      "duck quacking",
      "eagle screaming",
      "eating with cutlery",
      "electric grinder grinding",
      "electric shaver, electric razor shaving",
      "elephant trumpeting",
      "eletric blender running",
      "elk bugling",
      "engine accelerating, revving, vroom",
      "female singing",
      "female speech, woman speaking",
      "ferret dooking",
      "fire crackling",
      "fire truck siren",
      "fireworks banging",
      "firing cannon",
      "firing muskets",
      "fly, housefly buzzing",
      "foghorn",
      "footsteps on snow",
      "forging swords",
      "fox barking",
      "francolin calling",
      "frog croaking",
      "gibbon howling",
      "goat bleating",
      "golf driving",
      "goose honking",
      "hail",
      "hair dryer drying",
      "hammering nails",
      "heart sounds, heartbeat",
      "hedge trimmer running",
      "helicopter",
      "horse clip-clop",
      "horse neighing",
      "ice cracking",
      "ice cream truck, ice cream van",
      "lathe spinning",
      "lawn mowing",
      "lighting firecrackers",
      "lions growling",
      "lions roaring",
      "lip smacking",
      "machine gun shooting",
      "magpie calling",
      "male singing",
      "male speech, man speaking",
      "metronome",
      "missile launch",
      "mosquito buzzing",
      "motorboat, speedboat acceleration",
      "mouse clicking",
      "mouse pattering",
      "mouse squeaking",
      "mynah bird singing",
      "ocean burbling",
      "opening or closing car doors",
      "opening or closing car electric windows",
      "opening or closing drawers",
      "orchestra",
      "otter growling",
      "owl hooting",
      "parrot talking",
      "penguins braying",
      "people babbling",
      "people battle cry",
      "people belly laughing",
      "people booing",
      "people burping",
      "people cheering",
      "people clapping",
      "people coughing",
      "people crowd",
      "people eating",
      "people eating apple",
      "people eating crisps",
      "people eating noodle",
      "people farting",
      "people finger snapping",
      "people gargling",
      "people giggling",
      "people hiccup",
      "people humming",
      "people marching",
      "people nose blowing",
      "people running",
      "people screaming",
      "people shuffling",
      "people slapping",
      "people slurping",
      "people sneezing",
      "people sniggering",
      "people sobbing",
      "people whispering",
      "people whistling",
      "pheasant crowing",
      "pig oinking",
      "pigeon, dove cooing",
      "planing timber",
      "plastic bottle crushing",
      "playing accordion",
      "playing acoustic guitar",
      "playing badminton",
      "playing bagpipes",
      "playing banjo",
      "playing bass drum",
      "playing bass guitar",
      "playing bassoon",
      "playing bongo",
      "playing bugle",
      "playing castanets",
      "playing cello",
      "playing clarinet",
      "playing congas",
      "playing cornet",
      "playing cymbal",
      "playing darts",
      "playing didgeridoo",
      "playing djembe",
      "playing double bass",
      "playing drum kit",
      "playing electric guitar",
      "playing electronic organ",
      "playing erhu",
      "playing flute",
      "playing french horn",
      "playing glockenspiel",
      "playing gong",
      "playing guiro",
      "playing hammond organ",
      "playing harmonica",
      "playing harp",
      "playing harpsichord",
      "playing hockey",
      "playing lacrosse",
      "playing mandolin",
      "playing marimba, xylophone",
      "playing oboe",
      "playing piano",
      "playing saxophone",
      "playing shofar",
      "playing sitar",
      "playing snare drum",
      "playing squash",
      "playing steel guitar, slide guitar",
      "playing steelpan",
      "playing synthesizer",
      "playing tabla",
      "playing table tennis",
      "playing tambourine",
      "playing tennis",
      "playing theremin",
      "playing timbales",
      "playing timpani",
      "playing trombone",
      "playing trumpet",
      "playing tuning fork",
      "playing tympani",
      "playing ukulele",
      "playing vibraphone",
      "playing violin, fiddle",
      "playing volleyball",
      "playing washboard",
      "playing zither",
      "police car (siren)",
      "police radio chatter",
      "popping popcorn",
      "printer printing",
      "pumping water",
      "race car, auto racing",
      "railroad car, train wagon",
      "raining",
      "rapping",
      "reversing beeps",
      "ripping paper",
      "roller coaster running",
      "rope skipping",
      "rowboat, canoe, kayak rowing",
      "running electric fan",
      "sailing",
      "scuba diving",
      "sea lion barking",
      "sea waves",
      "sharpen knife",
      "sheep bleating",
      "shot football",
      "singing bowl",
      "singing choir",
      "skateboarding",
      "skidding",
      "skiing",
      "sliding door",
      "sloshing water",
      "slot machine",
      "smoke detector beeping",
      "snake hissing",
      "snake rattling",
      "splashing water",
      "spraying water",
      "squishing water",
      "stream burbling",
      "strike lighter",
      "striking bowling",
      "striking pool",
      "subway, metro, underground",
      "swimming",
      "tap dancing",
      "tapping guitar",
      "telephone bell ringing",
      "thunder",
      "toilet flushing",
      "tornado roaring",
      "tractor digging",
      "train horning",
      "train wheels squealing",
      "train whistling",
      "turkey gobbling",
      "typing on computer keyboard",
      "typing on typewriter",
      "underwater bubbling",
      "using sewing machines",
      "vacuum cleaner cleaning floors",
      "vehicle horn, car horn, honking",
      "volcano explosion",
      "warbler chirping",
      "waterfall burbling",
      "whale calling",
      "wind chime",
      "wind noise",
      "wind rustling leaves",
      "wood thrush calling",
      "woodpecker pecking tree",
      "writing on blackboard with chalk",
      "yodelling",
      "zebra braying"
    ],
    "video_dim": 4096,
    "motion_dim": 1,
    "audio_dim": 1
  },
  "out_dir": "/home/Hongjie_Zeng/high_order_BM/runs_vggsound_full_VF022_standard_video_lstm4096_h8_lc5_e220"
}
