[2026-06-20 22:10:45] train audio ResNet50-LSTM encoder device=cuda seq_npz=/home/Hongjie_Zeng/high_order_BM/data_vggsound_full/features/vggsound_full_audio_resnet50_seq_chunks8_w32_stft128x96_seed123.npz
[data_parallel] using 4 GPUs for audio ResNet50-LSTM teacher
[epoch 001] ce=1.8521
[epoch 002] ce=1.2653
[epoch 003] ce=1.0599
[epoch 004] ce=0.8955
[epoch 005] ce=0.7490 train_top1=0.8536 train_top5=0.9829 test_top1=0.3223 test_top5=0.5884
[epoch 006] ce=0.6148
[epoch 007] ce=0.4947
[epoch 008] ce=0.3919
[epoch 009] ce=0.3153
[epoch 010] ce=0.2599 train_top1=0.9645 train_top5=0.9985 test_top1=0.3195 test_top5=0.5739
[epoch 011] ce=0.2227
[epoch 012] ce=0.1911
[epoch 013] ce=0.1725
[epoch 014] ce=0.1571
[epoch 015] ce=0.1392 train_top1=0.9824 train_top5=0.9987 test_top1=0.3177 test_top5=0.5723
[epoch 016] ce=0.1318
[epoch 017] ce=0.1244
[epoch 018] ce=0.1115
[epoch 019] ce=0.1085
[epoch 020] ce=0.1066 train_top1=0.9876 train_top5=0.9987 test_top1=0.3225 test_top5=0.5694
[epoch 021] ce=0.0999
[epoch 022] ce=0.0923
[epoch 023] ce=0.0927
[epoch 024] ce=0.0850
[epoch 025] ce=0.0887 train_top1=0.9912 train_top5=0.9987 test_top1=0.3229 test_top5=0.5734
[epoch 026] ce=0.0796
[epoch 027] ce=0.0810
[epoch 028] ce=0.0747
[epoch 029] ce=0.0762
[epoch 030] ce=0.0711 train_top1=0.9923 train_top5=0.9987 test_top1=0.3199 test_top5=0.5704
[epoch 031] ce=0.0747
[epoch 032] ce=0.0697
[epoch 033] ce=0.0681
[epoch 034] ce=0.0675
[epoch 035] ce=0.0664 train_top1=0.9936 train_top5=0.9986 test_top1=0.3204 test_top5=0.5644
[epoch 036] ce=0.0630
[epoch 037] ce=0.0617
[epoch 038] ce=0.0601
[epoch 039] ce=0.0608
[epoch 040] ce=0.0590 train_top1=0.9939 train_top5=0.9985 test_top1=0.3228 test_top5=0.5680
[epoch 041] ce=0.0568
[epoch 042] ce=0.0584
[epoch 043] ce=0.0582
[epoch 044] ce=0.0553
[epoch 045] ce=0.0524 train_top1=0.9944 train_top5=0.9988 test_top1=0.3186 test_top5=0.5696
[epoch 046] ce=0.0541
[epoch 047] ce=0.0527
[epoch 048] ce=0.0533
[epoch 049] ce=0.0510
[epoch 050] ce=0.0504 train_top1=0.9950 train_top5=0.9988 test_top1=0.3231 test_top5=0.5692
[epoch 051] ce=0.0489
[epoch 052] ce=0.0485
[epoch 053] ce=0.0490
[epoch 054] ce=0.0481
[epoch 055] ce=0.0482 train_top1=0.9951 train_top5=0.9988 test_top1=0.3201 test_top5=0.5650
[epoch 056] ce=0.0463
[epoch 057] ce=0.0460
[epoch 058] ce=0.0462
[epoch 059] ce=0.0461
[epoch 060] ce=0.0442 train_top1=0.9954 train_top5=0.9988 test_top1=0.3193 test_top5=0.5664
[epoch 061] ce=0.0433
[epoch 062] ce=0.0450
[epoch 063] ce=0.0445
[epoch 064] ce=0.0441
[epoch 065] ce=0.0422 train_top1=0.9958 train_top5=0.9988 test_top1=0.3227 test_top5=0.5706
[epoch 066] ce=0.0401
[epoch 067] ce=0.0426
[epoch 068] ce=0.0414
[epoch 069] ce=0.0404
[epoch 070] ce=0.0402 train_top1=0.9950 train_top5=0.9988 test_top1=0.3183 test_top5=0.5676
[epoch 071] ce=0.0401
[epoch 072] ce=0.0415
[epoch 073] ce=0.0387
[epoch 074] ce=0.0400
[epoch 075] ce=0.0394 train_top1=0.9953 train_top5=0.9988 test_top1=0.3210 test_top5=0.5674
[epoch 076] ce=0.0388
[epoch 077] ce=0.0385
[epoch 078] ce=0.0381
[epoch 079] ce=0.0375
[epoch 080] ce=0.0371 train_top1=0.9959 train_top5=0.9988 test_top1=0.3242 test_top5=0.5676
{
  "experiment_id": "ARF003",
  "created_at": "2026-06-20 22:28:35",
  "seq_npz": "/home/Hongjie_Zeng/high_order_BM/data_vggsound_full/features/vggsound_full_audio_resnet50_seq_chunks8_w32_stft128x96_seed123.npz",
  "out_npz": "/home/Hongjie_Zeng/high_order_BM/data_vggsound_full/features/vggsound_full_audio_resnet50_lstm4096_chunks8_w32_h1024_seed123.npz",
  "out_history": "/home/Hongjie_Zeng/high_order_BM/data_vggsound_full/features/vggsound_full_audio_resnet50_lstm4096_chunks8_w32_h1024_seed123_history.json",
  "out_ckpt_last": "/home/Hongjie_Zeng/high_order_BM/data_vggsound_full/features/vggsound_full_audio_resnet50_lstm4096_chunks8_w32_h1024_seed123_teacher.pt",
  "out_ckpt_best": "/home/Hongjie_Zeng/high_order_BM/data_vggsound_full/features/vggsound_full_audio_resnet50_lstm4096_chunks8_w32_h1024_seed123_teacher_best.pt",
  "teacher_best_epoch": 80,
  "teacher_best_test_top1": 0.3242291897529496,
  "teacher_best_test_acc": 0.3242291897529496,
  "embedding_dim": 4096,
  "proj_dim": 1024,
  "lstm_hidden": 1024,
  "lstm_layers": 1,
  "normalize": "per_dim_zscore_sigmoid",
  "normalization_params_summary": {
    "mode": "per_dim_zscore_sigmoid",
    "mu_mean": 0.09537942707538605,
    "sd_mean": 0.22090645134449005
  },
  "train_size": 182615,
  "test_size": 15341,
  "num_classes": 309,
  "class_names": [
    "air conditioning noise",
    "air horn",
    "airplane",
    "airplane flyby",
    "alarm clock ringing",
    "alligators, crocodiles hissing",
    "ambulance siren",
    "arc welding",
    "baby babbling",
    "baby crying",
    "baby laughter",
    "baltimore oriole calling",
    "barn swallow calling",
    "basketball bounce",
    "bathroom ventilation fan running",
    "beat boxing",
    "bee, wasp, etc. buzzing",
    "bird chirping, tweeting",
    "bird squawking",
    "bird wings flapping",
    "black capped chickadee calling",
    "blowtorch igniting",
    "bouncing on trampoline",
    "bowling impact",
    "bull bellowing",
    "canary calling",
    "cap gun shooting",
    "car engine idling",
    "car engine knocking",
    "car engine starting",
    "car passing by",
    "cat caterwauling",
    "cat growling",
    "cat hissing",
    "cat meowing",
    "cat purring",
    "cattle mooing",
    "cattle, bovinae cowbell",
    "cell phone buzzing",
    "chainsawing trees",
    "cheetah chirrup",
    "chicken clucking",
    "chicken crowing",
    "child singing",
    "child speech, kid speaking",
    "children shouting",
    "chimpanzee pant-hooting",
    "chinchilla barking",
    "chipmunk chirping",
    "chopping food",
    "chopping wood",
    "church bell ringing",
    "civil defense siren",
    "cow lowing",
    "coyote howling",
    "cricket chirping",
    "crow cawing",
    "cuckoo bird calling",
    "cupboard opening or closing",
    "cutting hair with electric trimmers",
    "dinosaurs bellowing",
    "disc scratching",
    "dog barking",
    "dog baying",
    "dog bow-wow",
    "dog growling",
    "dog howling",
    "dog whimpering",
    "donkey, ass braying",
    "door slamming",
    "driving buses",
    "driving motorcycle",
    "driving snowmobile",
    "duck quacking",
    "eagle screaming",
    "eating with cutlery",
    "electric grinder grinding",
    "electric shaver, electric razor shaving",
    "elephant trumpeting",
    "eletric blender running",
    "elk bugling",
    "engine accelerating, revving, vroom",
    "female singing",
    "female speech, woman speaking",
    "ferret dooking",
    "fire crackling",
    "fire truck siren",
    "fireworks banging",
    "firing cannon",
    "firing muskets",
    "fly, housefly buzzing",
    "foghorn",
    "footsteps on snow",
    "forging swords",
    "fox barking",
    "francolin calling",
    "frog croaking",
    "gibbon howling",
    "goat bleating",
    "golf driving",
    "goose honking",
    "hail",
    "hair dryer drying",
    "hammering nails",
    "heart sounds, heartbeat",
    "hedge trimmer running",
    "helicopter",
    "horse clip-clop",
    "horse neighing",
    "ice cracking",
    "ice cream truck, ice cream van",
    "lathe spinning",
    "lawn mowing",
    "lighting firecrackers",
    "lions growling",
    "lions roaring",
    "lip smacking",
    "machine gun shooting",
    "magpie calling",
    "male singing",
    "male speech, man speaking",
    "metronome",
    "missile launch",
    "mosquito buzzing",
    "motorboat, speedboat acceleration",
    "mouse clicking",
    "mouse pattering",
    "mouse squeaking",
    "mynah bird singing",
    "ocean burbling",
    "opening or closing car doors",
    "opening or closing car electric windows",
    "opening or closing drawers",
    "orchestra",
    "otter growling",
    "owl hooting",
    "parrot talking",
    "penguins braying",
    "people babbling",
    "people battle cry",
    "people belly laughing",
    "people booing",
    "people burping",
    "people cheering",
    "people clapping",
    "people coughing",
    "people crowd",
    "people eating",
    "people eating apple",
    "people eating crisps",
    "people eating noodle",
    "people farting",
    "people finger snapping",
    "people gargling",
    "people giggling",
    "people hiccup",
    "people humming",
    "people marching",
    "people nose blowing",
    "people running",
    "people screaming",
    "people shuffling",
    "people slapping",
    "people slurping",
    "people sneezing",
    "people sniggering",
    "people sobbing",
    "people whispering",
    "people whistling",
    "pheasant crowing",
    "pig oinking",
    "pigeon, dove cooing",
    "planing timber",
    "plastic bottle crushing",
    "playing accordion",
    "playing acoustic guitar",
    "playing badminton",
    "playing bagpipes",
    "playing banjo",
    "playing bass drum",
    "playing bass guitar",
    "playing bassoon",
    "playing bongo",
    "playing bugle",
    "playing castanets",
    "playing cello",
    "playing clarinet",
    "playing congas",
    "playing cornet",
    "playing cymbal",
    "playing darts",
    "playing didgeridoo",
    "playing djembe",
    "playing double bass",
    "playing drum kit",
    "playing electric guitar",
    "playing electronic organ",
    "playing erhu",
    "playing flute",
    "playing french horn",
    "playing glockenspiel",
    "playing gong",
    "playing guiro",
    "playing hammond organ",
    "playing harmonica",
    "playing harp",
    "playing harpsichord",
    "playing hockey",
    "playing lacrosse",
    "playing mandolin",
    "playing marimba, xylophone",
    "playing oboe",
    "playing piano",
    "playing saxophone",
    "playing shofar",
    "playing sitar",
    "playing snare drum",
    "playing squash",
    "playing steel guitar, slide guitar",
    "playing steelpan",
    "playing synthesizer",
    "playing tabla",
    "playing table tennis",
    "playing tambourine",
    "playing tennis",
    "playing theremin",
    "playing timbales",
    "playing timpani",
    "playing trombone",
    "playing trumpet",
    "playing tuning fork",
    "playing tympani",
    "playing ukulele",
    "playing vibraphone",
    "playing violin, fiddle",
    "playing volleyball",
    "playing washboard",
    "playing zither",
    "police car (siren)",
    "police radio chatter",
    "popping popcorn",
    "printer printing",
    "pumping water",
    "race car, auto racing",
    "railroad car, train wagon",
    "raining",
    "rapping",
    "reversing beeps",
    "ripping paper",
    "roller coaster running",
    "rope skipping",
    "rowboat, canoe, kayak rowing",
    "running electric fan",
    "sailing",
    "scuba diving",
    "sea lion barking",
    "sea waves",
    "sharpen knife",
    "sheep bleating",
    "shot football",
    "singing bowl",
    "singing choir",
    "skateboarding",
    "skidding",
    "skiing",
    "sliding door",
    "sloshing water",
    "slot machine",
    "smoke detector beeping",
    "snake hissing",
    "snake rattling",
    "splashing water",
    "spraying water",
    "squishing water",
    "stream burbling",
    "strike lighter",
    "striking bowling",
    "striking pool",
    "subway, metro, underground",
    "swimming",
    "tap dancing",
    "tapping guitar",
    "telephone bell ringing",
    "thunder",
    "toilet flushing",
    "tornado roaring",
    "tractor digging",
    "train horning",
    "train wheels squealing",
    "train whistling",
    "turkey gobbling",
    "typing on computer keyboard",
    "typing on typewriter",
    "underwater bubbling",
    "using sewing machines",
    "vacuum cleaner cleaning floors",
    "vehicle horn, car horn, honking",
    "volcano explosion",
    "warbler chirping",
    "waterfall burbling",
    "whale calling",
    "wind chime",
    "wind noise",
    "wind rustling leaves",
    "wood thrush calling",
    "woodpecker pecking tree",
    "writing on blackboard with chalk",
    "yodelling",
    "zebra braying"
  ],
  "note": "Embeddings are supervised audio BiLSTM features from audio ResNet50 temporal chunk sequence features. Final BM eval uses train_vggsound_mini20_bm.py with input_mode=audio."
}
