[2026-06-24 16:58:57] paper STFT memmap rows=197957 train=182616 test=15341 shape=(513,994) ffmpeg=/home/Hongjie_Zeng/.conda/envs/hongjie_env/lib/python3.13/site-packages/imageio_ffmpeg/binaries/ffmpeg-linux-x86_64-v7.0.2
[2026-06-24 16:59:00] extract train: rows=182616 shape=(513,994) dtype=float16 workers=4
[2026-06-24 16:59:03] train 1/182616 valid=1 failures=0
[2026-06-24 16:59:10] train 500/182616 valid=500 failures=0
[2026-06-24 16:59:16] train 1000/182616 valid=1000 failures=0
[2026-06-24 16:59:22] train 1500/182616 valid=1500 failures=0
[2026-06-24 16:59:29] train 2000/182616 valid=2000 failures=0
[2026-06-24 16:59:36] train 2500/182616 valid=2500 failures=0
[2026-06-24 16:59:41] train 3000/182616 valid=3000 failures=0
[2026-06-24 16:59:48] train 3500/182616 valid=3500 failures=0
[2026-06-24 16:59:54] train 4000/182616 valid=4000 failures=0
[2026-06-24 17:00:01] train 4500/182616 valid=4500 failures=0
[2026-06-24 17:00:07] train 5000/182616 valid=5000 failures=0
[2026-06-24 17:00:13] train 5500/182616 valid=5500 failures=0
[2026-06-24 17:00:19] train 6000/182616 valid=6000 failures=0
[2026-06-24 17:00:26] train 6500/182616 valid=6500 failures=0
[2026-06-24 17:00:33] train 7000/182616 valid=7000 failures=0
[2026-06-24 17:00:39] train 7500/182616 valid=7500 failures=0
[2026-06-24 17:00:46] train 8000/182616 valid=8000 failures=0
[2026-06-24 17:00:52] train 8500/182616 valid=8500 failures=0
[2026-06-24 17:00:59] train 9000/182616 valid=9000 failures=0
[2026-06-24 17:01:05] train 9500/182616 valid=9500 failures=0
[2026-06-24 17:01:11] train 10000/182616 valid=10000 failures=0
[2026-06-24 17:01:18] train 10500/182616 valid=10500 failures=0
[2026-06-24 17:01:25] train 11000/182616 valid=11000 failures=0
[2026-06-24 17:01:32] train 11500/182616 valid=11500 failures=0
[2026-06-24 17:01:39] train 12000/182616 valid=12000 failures=0
[2026-06-24 17:01:46] train 12500/182616 valid=12500 failures=0
[2026-06-24 17:01:53] train 13000/182616 valid=13000 failures=0
[2026-06-24 17:02:00] train 13500/182616 valid=13500 failures=0
[2026-06-24 17:02:06] train 14000/182616 valid=14000 failures=0
[2026-06-24 17:02:13] train 14500/182616 valid=14500 failures=0
[2026-06-24 17:02:20] train 15000/182616 valid=15000 failures=0
[2026-06-24 17:02:26] train 15500/182616 valid=15500 failures=0
[2026-06-24 17:02:32] train 16000/182616 valid=16000 failures=0
[2026-06-24 17:02:39] train 16500/182616 valid=16500 failures=0
[2026-06-24 17:02:45] train 17000/182616 valid=17000 failures=0
[2026-06-24 17:02:51] train 17500/182616 valid=17500 failures=0
[2026-06-24 17:02:57] train 18000/182616 valid=18000 failures=0
[2026-06-24 17:03:03] train 18500/182616 valid=18500 failures=0
[2026-06-24 17:03:10] train 19000/182616 valid=19000 failures=0
[2026-06-24 17:03:17] train 19500/182616 valid=19500 failures=0
[2026-06-24 17:03:24] train 20000/182616 valid=20000 failures=0
[2026-06-24 17:03:31] train 20500/182616 valid=20500 failures=0
[2026-06-24 17:03:37] train 21000/182616 valid=21000 failures=0
[2026-06-24 17:03:44] train 21500/182616 valid=21500 failures=0
[2026-06-24 17:03:50] train 22000/182616 valid=22000 failures=0
[2026-06-24 17:03:57] train 22500/182616 valid=22500 failures=0
[2026-06-24 17:04:04] train 23000/182616 valid=23000 failures=0
[2026-06-24 17:04:10] train 23500/182616 valid=23500 failures=0
[2026-06-24 17:04:16] train 24000/182616 valid=24000 failures=0
[2026-06-24 17:04:22] train 24500/182616 valid=24500 failures=0
[2026-06-24 17:04:27] train 25000/182616 valid=25000 failures=0
[2026-06-24 17:04:34] train 25500/182616 valid=25500 failures=0
[2026-06-24 17:04:41] train 26000/182616 valid=26000 failures=0
[2026-06-24 17:04:48] train 26500/182616 valid=26500 failures=0
[2026-06-24 17:04:55] train 27000/182616 valid=27000 failures=0
[2026-06-24 17:05:02] train 27500/182616 valid=27500 failures=0
[2026-06-24 17:05:09] train 28000/182616 valid=28000 failures=0
[2026-06-24 17:05:16] train 28500/182616 valid=28500 failures=0
[2026-06-24 17:05:23] train 29000/182616 valid=29000 failures=0
[2026-06-24 17:05:30] train 29500/182616 valid=29500 failures=0
[2026-06-24 17:05:38] train 30000/182616 valid=30000 failures=0
[2026-06-24 17:05:45] train 30500/182616 valid=30500 failures=0
[2026-06-24 17:05:52] train 31000/182616 valid=31000 failures=0
[2026-06-24 17:05:58] train 31500/182616 valid=31500 failures=0
[2026-06-24 17:06:05] train 32000/182616 valid=32000 failures=0
[2026-06-24 17:06:11] train 32500/182616 valid=32500 failures=0
[2026-06-24 17:06:17] train 33000/182616 valid=33000 failures=0
[2026-06-24 17:06:23] train 33500/182616 valid=33500 failures=0
[2026-06-24 17:06:29] train 34000/182616 valid=34000 failures=0
[2026-06-24 17:06:36] train 34500/182616 valid=34500 failures=0
[2026-06-24 17:06:42] train 35000/182616 valid=35000 failures=0
[2026-06-24 17:06:49] train 35500/182616 valid=35500 failures=0
[2026-06-24 17:06:55] train 36000/182616 valid=36000 failures=0
[2026-06-24 17:07:01] train 36500/182616 valid=36500 failures=0
[2026-06-24 17:07:08] train 37000/182616 valid=37000 failures=0
[2026-06-24 17:07:14] train 37500/182616 valid=37500 failures=0
[2026-06-24 17:07:20] train 38000/182616 valid=38000 failures=0
[2026-06-24 17:07:27] train 38500/182616 valid=38500 failures=0
[2026-06-24 17:07:34] train 39000/182616 valid=39000 failures=0
[2026-06-24 17:07:40] train 39500/182616 valid=39500 failures=0
[2026-06-24 17:07:47] train 40000/182616 valid=40000 failures=0
[2026-06-24 17:07:54] train 40500/182616 valid=40500 failures=0
[2026-06-24 17:08:01] train 41000/182616 valid=41000 failures=0
[2026-06-24 17:08:09] train 41500/182616 valid=41500 failures=0
[2026-06-24 17:08:16] train 42000/182616 valid=42000 failures=0
[2026-06-24 17:08:22] train 42500/182616 valid=42500 failures=0
[2026-06-24 17:08:28] train 43000/182616 valid=43000 failures=0
[2026-06-24 17:08:34] train 43500/182616 valid=43500 failures=0
[2026-06-24 17:08:39] train 44000/182616 valid=44000 failures=0
[2026-06-24 17:08:45] train 44500/182616 valid=44500 failures=0
[2026-06-24 17:08:52] train 45000/182616 valid=45000 failures=0
[2026-06-24 17:08:59] train 45500/182616 valid=45500 failures=0
[2026-06-24 17:09:06] train 46000/182616 valid=46000 failures=0
[2026-06-24 17:09:13] train 46500/182616 valid=46500 failures=0
[2026-06-24 17:09:19] train 47000/182616 valid=47000 failures=0
[2026-06-24 17:09:25] train 47500/182616 valid=47500 failures=0
[2026-06-24 17:09:32] train 48000/182616 valid=48000 failures=0
[2026-06-24 17:09:39] train 48500/182616 valid=48500 failures=0
[2026-06-24 17:09:46] train 49000/182616 valid=49000 failures=0
[2026-06-24 17:09:53] train 49500/182616 valid=49500 failures=0
[2026-06-24 17:10:00] train 50000/182616 valid=50000 failures=0
[2026-06-24 17:10:08] train 50500/182616 valid=50500 failures=0
[2026-06-24 17:10:15] train 51000/182616 valid=51000 failures=0
[2026-06-24 17:10:22] train 51500/182616 valid=51500 failures=0
[2026-06-24 17:10:29] train 52000/182616 valid=52000 failures=0
[2026-06-24 17:10:35] train 52500/182616 valid=52500 failures=0
[2026-06-24 17:10:42] train 53000/182616 valid=53000 failures=0
[2026-06-24 17:10:48] train 53500/182616 valid=53500 failures=0
[2026-06-24 17:10:55] train 54000/182616 valid=54000 failures=0
[2026-06-24 17:11:01] train 54500/182616 valid=54500 failures=0
[2026-06-24 17:11:08] train 55000/182616 valid=55000 failures=0
[2026-06-24 17:11:14] train 55500/182616 valid=55500 failures=0
[2026-06-24 17:11:19] train 56000/182616 valid=56000 failures=0
[2026-06-24 17:11:25] train 56500/182616 valid=56500 failures=0
[2026-06-24 17:11:31] train 57000/182616 valid=57000 failures=0
[2026-06-24 17:11:38] train 57500/182616 valid=57500 failures=0
[2026-06-24 17:11:44] train 58000/182616 valid=58000 failures=0
[2026-06-24 17:11:51] train 58500/182616 valid=58500 failures=0
[2026-06-24 17:11:58] train 59000/182616 valid=59000 failures=0
[2026-06-24 17:12:04] train 59500/182616 valid=59500 failures=0
[2026-06-24 17:12:10] train 60000/182616 valid=60000 failures=0
[2026-06-24 17:12:17] train 60500/182616 valid=60500 failures=0
[2026-06-24 17:12:24] train 61000/182616 valid=61000 failures=0
[2026-06-24 17:12:31] train 61500/182616 valid=61500 failures=0
[2026-06-24 17:12:38] train 62000/182616 valid=62000 failures=0
[2026-06-24 17:12:45] train 62500/182616 valid=62500 failures=0
[2026-06-24 17:12:51] train 63000/182616 valid=63000 failures=0
[2026-06-24 17:12:58] train 63500/182616 valid=63500 failures=0
[2026-06-24 17:13:04] train 64000/182616 valid=64000 failures=0
[2026-06-24 17:13:09] train 64500/182616 valid=64500 failures=0
[2026-06-24 17:13:15] train 65000/182616 valid=65000 failures=0
[2026-06-24 17:13:21] train 65500/182616 valid=65500 failures=0
[2026-06-24 17:13:27] train 66000/182616 valid=66000 failures=0
[2026-06-24 17:13:34] train 66500/182616 valid=66500 failures=0
[2026-06-24 17:13:40] train 67000/182616 valid=67000 failures=0
[2026-06-24 17:13:46] train 67500/182616 valid=67500 failures=0
[2026-06-24 17:13:51] train 68000/182616 valid=68000 failures=0
[2026-06-24 17:13:58] train 68500/182616 valid=68500 failures=0
[2026-06-24 17:14:05] train 69000/182616 valid=69000 failures=0
[2026-06-24 17:14:11] train 69500/182616 valid=69500 failures=0
[2026-06-24 17:14:18] train 70000/182616 valid=70000 failures=0
[2026-06-24 17:14:24] train 70500/182616 valid=70500 failures=0
[2026-06-24 17:14:30] train 71000/182616 valid=71000 failures=0
[2026-06-24 17:14:37] train 71500/182616 valid=71500 failures=0
[2026-06-24 17:14:43] train 72000/182616 valid=72000 failures=0
[2026-06-24 17:14:49] train 72500/182616 valid=72500 failures=0
[2026-06-24 17:14:55] train 73000/182616 valid=73000 failures=0
[2026-06-24 17:15:02] train 73500/182616 valid=73500 failures=0
[2026-06-24 17:15:09] train 74000/182616 valid=74000 failures=0
[2026-06-24 17:15:15] train 74500/182616 valid=74500 failures=0
[2026-06-24 17:15:21] train 75000/182616 valid=75000 failures=0
[2026-06-24 17:15:27] train 75500/182616 valid=75500 failures=0
[2026-06-24 17:15:33] train 76000/182616 valid=76000 failures=0
[2026-06-24 17:15:40] train 76500/182616 valid=76500 failures=0
[2026-06-24 17:15:46] train 77000/182616 valid=77000 failures=0
[2026-06-24 17:15:53] train 77500/182616 valid=77500 failures=0
[2026-06-24 17:15:59] train 78000/182616 valid=78000 failures=0
[2026-06-24 17:16:05] train 78500/182616 valid=78500 failures=0
[2026-06-24 17:16:11] train 79000/182616 valid=79000 failures=0
[2026-06-24 17:16:16] train 79500/182616 valid=79500 failures=0
[2026-06-24 17:16:22] train 80000/182616 valid=80000 failures=0
[2026-06-24 17:16:27] train 80500/182616 valid=80500 failures=0
[2026-06-24 17:16:33] train 81000/182616 valid=81000 failures=0
[2026-06-24 17:16:40] train 81500/182616 valid=81500 failures=0
[2026-06-24 17:16:47] train 82000/182616 valid=82000 failures=0
[2026-06-24 17:16:53] train 82500/182616 valid=82500 failures=0
[2026-06-24 17:17:00] train 83000/182616 valid=83000 failures=0
[2026-06-24 17:17:05] train 83500/182616 valid=83500 failures=0
[2026-06-24 17:17:11] train 84000/182616 valid=84000 failures=0
[2026-06-24 17:17:18] train 84500/182616 valid=84500 failures=0
[2026-06-24 17:17:24] train 85000/182616 valid=85000 failures=0
[2026-06-24 17:17:30] train 85500/182616 valid=85500 failures=0
[2026-06-24 17:17:36] train 86000/182616 valid=86000 failures=0
[2026-06-24 17:17:42] train 86500/182616 valid=86500 failures=0
[2026-06-24 17:17:49] train 87000/182616 valid=87000 failures=0
[2026-06-24 17:17:55] train 87500/182616 valid=87500 failures=0
[2026-06-24 17:18:01] train 88000/182616 valid=88000 failures=0
[2026-06-24 17:18:06] train 88500/182616 valid=88500 failures=0
[2026-06-24 17:18:11] train 89000/182616 valid=89000 failures=0
[2026-06-24 17:18:17] train 89500/182616 valid=89500 failures=0
[2026-06-24 17:18:23] train 90000/182616 valid=90000 failures=0
[2026-06-24 17:18:29] train 90500/182616 valid=90500 failures=0
[2026-06-24 17:18:36] train 91000/182616 valid=91000 failures=0
[2026-06-24 17:18:43] train 91500/182616 valid=91500 failures=0
[2026-06-24 17:18:49] train 92000/182616 valid=92000 failures=0
[2026-06-24 17:18:55] train 92500/182616 valid=92500 failures=0
[2026-06-24 17:19:00] train 93000/182616 valid=93000 failures=0
[2026-06-24 17:19:07] train 93500/182616 valid=93500 failures=0
[2026-06-24 17:19:14] train 94000/182616 valid=94000 failures=0
[2026-06-24 17:19:20] train 94500/182616 valid=94500 failures=0
[2026-06-24 17:19:26] train 95000/182616 valid=95000 failures=0
[2026-06-24 17:19:32] train 95500/182616 valid=95500 failures=0
[2026-06-24 17:19:38] train 96000/182616 valid=96000 failures=0
[2026-06-24 17:19:45] train 96500/182616 valid=96500 failures=0
[2026-06-24 17:19:52] train 97000/182616 valid=97000 failures=0
[2026-06-24 17:19:58] train 97500/182616 valid=97500 failures=0
[2026-06-24 17:20:04] train 98000/182616 valid=98000 failures=0
[2026-06-24 17:20:10] train 98500/182616 valid=98500 failures=0
[2026-06-24 17:20:16] train 99000/182616 valid=99000 failures=0
[2026-06-24 17:20:23] train 99500/182616 valid=99500 failures=0
[2026-06-24 17:20:28] train 100000/182616 valid=100000 failures=0
[2026-06-24 17:20:34] train 100500/182616 valid=100500 failures=0
[2026-06-24 17:20:40] train 101000/182616 valid=101000 failures=0
[2026-06-24 17:20:46] train 101500/182616 valid=101500 failures=0
[2026-06-24 17:20:53] train 102000/182616 valid=102000 failures=0
[2026-06-24 17:20:59] train 102500/182616 valid=102500 failures=0
[2026-06-24 17:21:06] train 103000/182616 valid=103000 failures=0
[2026-06-24 17:21:12] train 103500/182616 valid=103500 failures=0
[2026-06-24 17:21:18] train 104000/182616 valid=104000 failures=0
[2026-06-24 17:21:24] train 104500/182616 valid=104500 failures=0
[2026-06-24 17:21:29] train 105000/182616 valid=105000 failures=0
[2026-06-24 17:21:36] train 105500/182616 valid=105500 failures=0
[2026-06-24 17:21:42] train 106000/182616 valid=106000 failures=0
[2026-06-24 17:21:49] train 106500/182616 valid=106500 failures=0
[2026-06-24 17:21:55] train 107000/182616 valid=107000 failures=0
[2026-06-24 17:22:02] train 107500/182616 valid=107500 failures=0
[2026-06-24 17:22:09] train 108000/182616 valid=108000 failures=0
[2026-06-24 17:22:16] train 108500/182616 valid=108500 failures=0
[2026-06-24 17:22:22] train 109000/182616 valid=109000 failures=0
[2026-06-24 17:22:28] train 109500/182616 valid=109500 failures=0
[2026-06-24 17:22:34] train 110000/182616 valid=110000 failures=0
[2026-06-24 17:22:40] train 110500/182616 valid=110500 failures=0
[2026-06-24 17:22:46] train 111000/182616 valid=111000 failures=0
[2026-06-24 17:22:52] train 111500/182616 valid=111500 failures=0
[2026-06-24 17:22:58] train 112000/182616 valid=112000 failures=0
[2026-06-24 17:23:04] train 112500/182616 valid=112500 failures=0
[2026-06-24 17:23:10] train 113000/182616 valid=113000 failures=0
[2026-06-24 17:23:16] train 113500/182616 valid=113500 failures=0
[2026-06-24 17:23:22] train 114000/182616 valid=114000 failures=0
[2026-06-24 17:23:28] train 114500/182616 valid=114500 failures=0
[2026-06-24 17:23:34] train 115000/182616 valid=115000 failures=0
[2026-06-24 17:23:40] train 115500/182616 valid=115500 failures=0
[2026-06-24 17:23:47] train 116000/182616 valid=116000 failures=0
[2026-06-24 17:23:54] train 116500/182616 valid=116500 failures=0
[2026-06-24 17:24:01] train 117000/182616 valid=117000 failures=0
[2026-06-24 17:24:07] train 117500/182616 valid=117500 failures=0
[2026-06-24 17:24:13] train 118000/182616 valid=118000 failures=0
[2026-06-24 17:24:19] train 118500/182616 valid=118500 failures=0
[2026-06-24 17:24:25] train 119000/182616 valid=119000 failures=0
[2026-06-24 17:24:31] train 119500/182616 valid=119500 failures=0
[2026-06-24 17:24:37] train 120000/182616 valid=120000 failures=0
[2026-06-24 17:24:43] train 120500/182616 valid=120500 failures=0
[2026-06-24 17:24:49] train 121000/182616 valid=121000 failures=0
[2026-06-24 17:24:56] train 121500/182616 valid=121500 failures=0
[2026-06-24 17:25:03] train 122000/182616 valid=122000 failures=0
[2026-06-24 17:25:09] train 122500/182616 valid=122500 failures=0
[2026-06-24 17:25:15] train 123000/182616 valid=123000 failures=0
[2026-06-24 17:25:21] train 123500/182616 valid=123500 failures=0
[2026-06-24 17:25:27] train 124000/182616 valid=124000 failures=0
[2026-06-24 17:25:32] train 124500/182616 valid=124500 failures=0
[2026-06-24 17:25:39] train 125000/182616 valid=125000 failures=0
[2026-06-24 17:25:45] train 125500/182616 valid=125500 failures=0
[2026-06-24 17:25:51] train 126000/182616 valid=126000 failures=0
[2026-06-24 17:25:58] train 126500/182616 valid=126500 failures=0
[2026-06-24 17:26:04] train 127000/182616 valid=127000 failures=0
[2026-06-24 17:26:10] train 127500/182616 valid=127500 failures=0
[2026-06-24 17:26:16] train 128000/182616 valid=128000 failures=0
[2026-06-24 17:26:23] train 128500/182616 valid=128500 failures=0
[2026-06-24 17:26:29] train 129000/182616 valid=129000 failures=0
[2026-06-24 17:26:35] train 129500/182616 valid=129500 failures=0
[2026-06-24 17:26:42] train 130000/182616 valid=130000 failures=0
[2026-06-24 17:26:48] train 130500/182616 valid=130500 failures=0
[2026-06-24 17:26:55] train 131000/182616 valid=131000 failures=0
[2026-06-24 17:27:01] train 131500/182616 valid=131500 failures=0
[2026-06-24 17:27:07] train 132000/182616 valid=132000 failures=0
[2026-06-24 17:27:14] train 132500/182616 valid=132500 failures=0
[2026-06-24 17:27:20] train 133000/182616 valid=133000 failures=0
[2026-06-24 17:27:27] train 133500/182616 valid=133500 failures=0
[2026-06-24 17:27:33] train 134000/182616 valid=134000 failures=0
[2026-06-24 17:27:40] train 134500/182616 valid=134500 failures=0
[2026-06-24 17:27:46] train 135000/182616 valid=135000 failures=0
[2026-06-24 17:27:52] train 135500/182616 valid=135500 failures=0
[2026-06-24 17:27:59] train 136000/182616 valid=136000 failures=0
[2026-06-24 17:28:05] train 136500/182616 valid=136500 failures=0
[2026-06-24 17:28:10] train 137000/182616 valid=137000 failures=0
[2026-06-24 17:28:16] train 137500/182616 valid=137500 failures=0
[2026-06-24 17:28:22] train 138000/182616 valid=138000 failures=0
[2026-06-24 17:28:29] train 138500/182616 valid=138500 failures=0
[2026-06-24 17:28:35] train 139000/182616 valid=139000 failures=0
[2026-06-24 17:28:40] train 139500/182616 valid=139500 failures=0
[2026-06-24 17:28:46] train 140000/182616 valid=140000 failures=0
[2026-06-24 17:28:52] train 140500/182616 valid=140500 failures=0
[2026-06-24 17:28:58] train 141000/182616 valid=141000 failures=0
[2026-06-24 17:29:05] train 141500/182616 valid=141500 failures=0
[2026-06-24 17:29:12] train 142000/182616 valid=142000 failures=0
[2026-06-24 17:29:18] train 142500/182616 valid=142500 failures=0
[2026-06-24 17:29:24] train 143000/182616 valid=143000 failures=0
[2026-06-24 17:29:31] train 143500/182616 valid=143500 failures=0
[2026-06-24 17:29:37] train 144000/182616 valid=144000 failures=0
[2026-06-24 17:29:44] train 144500/182616 valid=144500 failures=0
[2026-06-24 17:29:50] train 145000/182616 valid=145000 failures=0
[2026-06-24 17:29:56] train 145500/182616 valid=145500 failures=0
[2026-06-24 17:30:02] train 146000/182616 valid=146000 failures=0
[2026-06-24 17:30:08] train 146500/182616 valid=146500 failures=0
[2026-06-24 17:30:14] train 147000/182616 valid=147000 failures=0
[2026-06-24 17:30:21] train 147500/182616 valid=147500 failures=0
[2026-06-24 17:30:27] train 148000/182616 valid=148000 failures=0
[2026-06-24 17:30:34] train 148500/182616 valid=148500 failures=0
[2026-06-24 17:30:40] train 149000/182616 valid=149000 failures=0
[2026-06-24 17:30:48] train 149500/182616 valid=149500 failures=0
[2026-06-24 17:30:55] train 150000/182616 valid=150000 failures=0
[2026-06-24 17:31:02] train 150500/182616 valid=150500 failures=0
[2026-06-24 17:31:09] train 151000/182616 valid=151000 failures=0
[2026-06-24 17:31:15] train 151500/182616 valid=151500 failures=0
[2026-06-24 17:31:21] train 152000/182616 valid=152000 failures=0
[2026-06-24 17:31:27] train 152500/182616 valid=152500 failures=0
[2026-06-24 17:31:34] train 153000/182616 valid=153000 failures=0
[2026-06-24 17:31:41] train 153500/182616 valid=153500 failures=0
[2026-06-24 17:31:49] train 154000/182616 valid=154000 failures=0
[2026-06-24 17:31:56] train 154500/182616 valid=154500 failures=0
[2026-06-24 17:32:03] train 155000/182616 valid=155000 failures=0
[2026-06-24 17:32:10] train 155500/182616 valid=155500 failures=0
[2026-06-24 17:32:17] train 156000/182616 valid=156000 failures=0
[2026-06-24 17:32:24] train 156500/182616 valid=156500 failures=0
[2026-06-24 17:32:30] train 157000/182616 valid=157000 failures=0
[2026-06-24 17:32:36] train 157500/182616 valid=157500 failures=0
[2026-06-24 17:32:43] train 158000/182616 valid=158000 failures=0
[2026-06-24 17:32:49] train 158500/182616 valid=158500 failures=0
[2026-06-24 17:32:55] train 159000/182616 valid=159000 failures=0
[2026-06-24 17:33:02] train 159500/182616 valid=159500 failures=0
[2026-06-24 17:33:09] train 160000/182616 valid=160000 failures=0
[2026-06-24 17:33:15] train 160500/182616 valid=160500 failures=0
[2026-06-24 17:33:22] train 161000/182616 valid=161000 failures=0
[2026-06-24 17:33:30] train 161500/182616 valid=161500 failures=0
[2026-06-24 17:33:37] train 162000/182616 valid=162000 failures=0
[2026-06-24 17:33:43] train 162500/182616 valid=162500 failures=0
[2026-06-24 17:33:50] train 163000/182616 valid=163000 failures=0
[2026-06-24 17:33:57] train 163500/182616 valid=163500 failures=0
[2026-06-24 17:34:03] train 164000/182616 valid=164000 failures=0
[2026-06-24 17:34:11] train 164500/182616 valid=164500 failures=0
[2026-06-24 17:34:17] train 165000/182616 valid=165000 failures=0
[2026-06-24 17:34:23] train 165500/182616 valid=165500 failures=0
[2026-06-24 17:34:30] train 166000/182616 valid=166000 failures=0
[2026-06-24 17:34:36] train 166500/182616 valid=166500 failures=0
[2026-06-24 17:34:43] train 167000/182616 valid=167000 failures=0
[2026-06-24 17:34:50] train 167500/182616 valid=167500 failures=0
[2026-06-24 17:34:56] train 168000/182616 valid=168000 failures=0
[2026-06-24 17:35:02] train 168500/182616 valid=168500 failures=0
[2026-06-24 17:35:08] train 169000/182616 valid=169000 failures=0
[2026-06-24 17:35:15] train 169500/182616 valid=169500 failures=0
[2026-06-24 17:35:22] train 170000/182616 valid=170000 failures=0
[2026-06-24 17:35:29] train 170500/182616 valid=170500 failures=0
[2026-06-24 17:35:36] train 171000/182616 valid=170999 failures=1
[2026-06-24 17:35:43] train 171500/182616 valid=171499 failures=1
[2026-06-24 17:35:51] train 172000/182616 valid=171999 failures=1
[2026-06-24 17:35:58] train 172500/182616 valid=172499 failures=1
[2026-06-24 17:36:04] train 173000/182616 valid=172999 failures=1
[2026-06-24 17:36:11] train 173500/182616 valid=173499 failures=1
[2026-06-24 17:36:19] train 174000/182616 valid=173999 failures=1
[2026-06-24 17:36:25] train 174500/182616 valid=174499 failures=1
[2026-06-24 17:36:31] train 175000/182616 valid=174999 failures=1
[2026-06-24 17:36:39] train 175500/182616 valid=175499 failures=1
[2026-06-24 17:36:45] train 176000/182616 valid=175999 failures=1
[2026-06-24 17:36:52] train 176500/182616 valid=176499 failures=1
[2026-06-24 17:36:58] train 177000/182616 valid=176999 failures=1
[2026-06-24 17:37:04] train 177500/182616 valid=177499 failures=1
[2026-06-24 17:37:11] train 178000/182616 valid=177999 failures=1
[2026-06-24 17:37:18] train 178500/182616 valid=178499 failures=1
[2026-06-24 17:37:25] train 179000/182616 valid=178999 failures=1
[2026-06-24 17:37:30] train 179500/182616 valid=179499 failures=1
[2026-06-24 17:37:38] train 180000/182616 valid=179999 failures=1
[2026-06-24 17:37:45] train 180500/182616 valid=180499 failures=1
[2026-06-24 17:37:53] train 181000/182616 valid=180999 failures=1
[2026-06-24 17:38:00] train 181500/182616 valid=181499 failures=1
[2026-06-24 17:38:07] train 182000/182616 valid=181999 failures=1
[2026-06-24 17:38:14] train 182500/182616 valid=182499 failures=1
[2026-06-24 17:38:15] train 182616/182616 valid=182615 failures=1
[2026-06-24 17:38:18] extract test: rows=15341 shape=(513,994) dtype=float16 workers=4
[2026-06-24 17:38:20] test 1/15341 valid=1 failures=0
[2026-06-24 17:38:26] test 500/15341 valid=500 failures=0
[2026-06-24 17:38:32] test 1000/15341 valid=1000 failures=0
[2026-06-24 17:38:38] test 1500/15341 valid=1500 failures=0
[2026-06-24 17:38:44] test 2000/15341 valid=2000 failures=0
[2026-06-24 17:38:50] test 2500/15341 valid=2500 failures=0
[2026-06-24 17:38:56] test 3000/15341 valid=3000 failures=0
[2026-06-24 17:39:02] test 3500/15341 valid=3500 failures=0
[2026-06-24 17:39:09] test 4000/15341 valid=4000 failures=0
[2026-06-24 17:39:14] test 4500/15341 valid=4500 failures=0
[2026-06-24 17:39:21] test 5000/15341 valid=5000 failures=0
[2026-06-24 17:39:27] test 5500/15341 valid=5500 failures=0
[2026-06-24 17:39:33] test 6000/15341 valid=6000 failures=0
[2026-06-24 17:39:39] test 6500/15341 valid=6500 failures=0
[2026-06-24 17:39:45] test 7000/15341 valid=7000 failures=0
[2026-06-24 17:39:51] test 7500/15341 valid=7500 failures=0
[2026-06-24 17:39:57] test 8000/15341 valid=8000 failures=0
[2026-06-24 17:40:02] test 8500/15341 valid=8500 failures=0
[2026-06-24 17:40:08] test 9000/15341 valid=9000 failures=0
[2026-06-24 17:40:14] test 9500/15341 valid=9500 failures=0
[2026-06-24 17:40:20] test 10000/15341 valid=10000 failures=0
[2026-06-24 17:40:26] test 10500/15341 valid=10500 failures=0
[2026-06-24 17:40:32] test 11000/15341 valid=11000 failures=0
[2026-06-24 17:40:38] test 11500/15341 valid=11500 failures=0
[2026-06-24 17:40:44] test 12000/15341 valid=12000 failures=0
[2026-06-24 17:40:50] test 12500/15341 valid=12500 failures=0
[2026-06-24 17:40:56] test 13000/15341 valid=13000 failures=0
[2026-06-24 17:41:02] test 13500/15341 valid=13500 failures=0
[2026-06-24 17:41:08] test 14000/15341 valid=14000 failures=0
[2026-06-24 17:41:14] test 14500/15341 valid=14500 failures=0
[2026-06-24 17:41:20] test 15000/15341 valid=15000 failures=0
[2026-06-24 17:41:25] test 15341/15341 valid=15341 failures=0
{
  "created_at": "2026-06-24 17:41:25",
  "csv": "/home/Hongjie_Zeng/datasets/VGGSound_full/meta/vggsound.csv",
  "clips_root": "/home/Hongjie_Zeng/datasets/VGGSound_full/clips",
  "out_dir": "/home/Hongjie_Zeng/high_order_BM/data_vggsound_full/phase1_stft_audio_sr16k_fft1024_hop160_chunks4w500_lstm4096_h8_e500",
  "manifest": "/home/Hongjie_Zeng/high_order_BM/data_vggsound_full/phase1_stft_audio_sr16k_fft1024_hop160_chunks4w500_lstm4096_h8_e500/manifest.csv",
  "class_names_path": "/home/Hongjie_Zeng/high_order_BM/data_vggsound_full/phase1_stft_audio_sr16k_fft1024_hop160_chunks4w500_lstm4096_h8_e500/class_names.npy",
  "num_classes": 309,
  "n_freq": 513,
  "n_time": 994,
  "paper_reference": "VGGSound paper reports 5 s training crops transformed to 257 x 500 spectrograms; full 10 s gives about 257 x 1004 with these parameters.",
  "feature_config": {
    "sample_rate": 16000,
    "duration": 10.0,
    "nperseg": 1024,
    "noverlap": 864,
    "normalization": "log_per_clip_zscore",
    "dtype": "float16",
    "no_resize": true,
    "no_sigmoid": true
  },
  "source_summary": {
    "csv_rows": 199467,
    "indexed_clips": 197957,
    "found_csv_clips": 197957,
    "missing_csv_clips": 1510,
    "selected_classes": 309,
    "class_names": [
      "air conditioning noise",
      "air horn",
      "airplane",
      "airplane flyby",
      "alarm clock ringing",
      "alligators, crocodiles hissing",
      "ambulance siren",
      "arc welding",
      "baby babbling",
      "baby crying",
      "baby laughter",
      "baltimore oriole calling",
      "barn swallow calling",
      "basketball bounce",
      "bathroom ventilation fan running",
      "beat boxing",
      "bee, wasp, etc. buzzing",
      "bird chirping, tweeting",
      "bird squawking",
      "bird wings flapping",
      "black capped chickadee calling",
      "blowtorch igniting",
      "bouncing on trampoline",
      "bowling impact",
      "bull bellowing",
      "canary calling",
      "cap gun shooting",
      "car engine idling",
      "car engine knocking",
      "car engine starting",
      "car passing by",
      "cat caterwauling",
      "cat growling",
      "cat hissing",
      "cat meowing",
      "cat purring",
      "cattle mooing",
      "cattle, bovinae cowbell",
      "cell phone buzzing",
      "chainsawing trees",
      "cheetah chirrup",
      "chicken clucking",
      "chicken crowing",
      "child singing",
      "child speech, kid speaking",
      "children shouting",
      "chimpanzee pant-hooting",
      "chinchilla barking",
      "chipmunk chirping",
      "chopping food",
      "chopping wood",
      "church bell ringing",
      "civil defense siren",
      "cow lowing",
      "coyote howling",
      "cricket chirping",
      "crow cawing",
      "cuckoo bird calling",
      "cupboard opening or closing",
      "cutting hair with electric trimmers",
      "dinosaurs bellowing",
      "disc scratching",
      "dog barking",
      "dog baying",
      "dog bow-wow",
      "dog growling",
      "dog howling",
      "dog whimpering",
      "donkey, ass braying",
      "door slamming",
      "driving buses",
      "driving motorcycle",
      "driving snowmobile",
      "duck quacking",
      "eagle screaming",
      "eating with cutlery",
      "electric grinder grinding",
      "electric shaver, electric razor shaving",
      "elephant trumpeting",
      "eletric blender running",
      "elk bugling",
      "engine accelerating, revving, vroom",
      "female singing",
      "female speech, woman speaking",
      "ferret dooking",
      "fire crackling",
      "fire truck siren",
      "fireworks banging",
      "firing cannon",
      "firing muskets",
      "fly, housefly buzzing",
      "foghorn",
      "footsteps on snow",
      "forging swords",
      "fox barking",
      "francolin calling",
      "frog croaking",
      "gibbon howling",
      "goat bleating",
      "golf driving",
      "goose honking",
      "hail",
      "hair dryer drying",
      "hammering nails",
      "heart sounds, heartbeat",
      "hedge trimmer running",
      "helicopter",
      "horse clip-clop",
      "horse neighing",
      "ice cracking",
      "ice cream truck, ice cream van",
      "lathe spinning",
      "lawn mowing",
      "lighting firecrackers",
      "lions growling",
      "lions roaring",
      "lip smacking",
      "machine gun shooting",
      "magpie calling",
      "male singing",
      "male speech, man speaking",
      "metronome",
      "missile launch",
      "mosquito buzzing",
      "motorboat, speedboat acceleration",
      "mouse clicking",
      "mouse pattering",
      "mouse squeaking",
      "mynah bird singing",
      "ocean burbling",
      "opening or closing car doors",
      "opening or closing car electric windows",
      "opening or closing drawers",
      "orchestra",
      "otter growling",
      "owl hooting",
      "parrot talking",
      "penguins braying",
      "people babbling",
      "people battle cry",
      "people belly laughing",
      "people booing",
      "people burping",
      "people cheering",
      "people clapping",
      "people coughing",
      "people crowd",
      "people eating",
      "people eating apple",
      "people eating crisps",
      "people eating noodle",
      "people farting",
      "people finger snapping",
      "people gargling",
      "people giggling",
      "people hiccup",
      "people humming",
      "people marching",
      "people nose blowing",
      "people running",
      "people screaming",
      "people shuffling",
      "people slapping",
      "people slurping",
      "people sneezing",
      "people sniggering",
      "people sobbing",
      "people whispering",
      "people whistling",
      "pheasant crowing",
      "pig oinking",
      "pigeon, dove cooing",
      "planing timber",
      "plastic bottle crushing",
      "playing accordion",
      "playing acoustic guitar",
      "playing badminton",
      "playing bagpipes",
      "playing banjo",
      "playing bass drum",
      "playing bass guitar",
      "playing bassoon",
      "playing bongo",
      "playing bugle",
      "playing castanets",
      "playing cello",
      "playing clarinet",
      "playing congas",
      "playing cornet",
      "playing cymbal",
      "playing darts",
      "playing didgeridoo",
      "playing djembe",
      "playing double bass",
      "playing drum kit",
      "playing electric guitar",
      "playing electronic organ",
      "playing erhu",
      "playing flute",
      "playing french horn",
      "playing glockenspiel",
      "playing gong",
      "playing guiro",
      "playing hammond organ",
      "playing harmonica",
      "playing harp",
      "playing harpsichord",
      "playing hockey",
      "playing lacrosse",
      "playing mandolin",
      "playing marimba, xylophone",
      "playing oboe",
      "playing piano",
      "playing saxophone",
      "playing shofar",
      "playing sitar",
      "playing snare drum",
      "playing squash",
      "playing steel guitar, slide guitar",
      "playing steelpan",
      "playing synthesizer",
      "playing tabla",
      "playing table tennis",
      "playing tambourine",
      "playing tennis",
      "playing theremin",
      "playing timbales",
      "playing timpani",
      "playing trombone",
      "playing trumpet",
      "playing tuning fork",
      "playing tympani",
      "playing ukulele",
      "playing vibraphone",
      "playing violin, fiddle",
      "playing volleyball",
      "playing washboard",
      "playing zither",
      "police car (siren)",
      "police radio chatter",
      "popping popcorn",
      "printer printing",
      "pumping water",
      "race car, auto racing",
      "railroad car, train wagon",
      "raining",
      "rapping",
      "reversing beeps",
      "ripping paper",
      "roller coaster running",
      "rope skipping",
      "rowboat, canoe, kayak rowing",
      "running electric fan",
      "sailing",
      "scuba diving",
      "sea lion barking",
      "sea waves",
      "sharpen knife",
      "sheep bleating",
      "shot football",
      "singing bowl",
      "singing choir",
      "skateboarding",
      "skidding",
      "skiing",
      "sliding door",
      "sloshing water",
      "slot machine",
      "smoke detector beeping",
      "snake hissing",
      "snake rattling",
      "splashing water",
      "spraying water",
      "squishing water",
      "stream burbling",
      "strike lighter",
      "striking bowling",
      "striking pool",
      "subway, metro, underground",
      "swimming",
      "tap dancing",
      "tapping guitar",
      "telephone bell ringing",
      "thunder",
      "toilet flushing",
      "tornado roaring",
      "tractor digging",
      "train horning",
      "train wheels squealing",
      "train whistling",
      "turkey gobbling",
      "typing on computer keyboard",
      "typing on typewriter",
      "underwater bubbling",
      "using sewing machines",
      "vacuum cleaner cleaning floors",
      "vehicle horn, car horn, honking",
      "volcano explosion",
      "warbler chirping",
      "waterfall burbling",
      "whale calling",
      "wind chime",
      "wind noise",
      "wind rustling leaves",
      "wood thrush calling",
      "woodpecker pecking tree",
      "writing on blackboard with chalk",
      "yodelling",
      "zebra braying"
    ],
    "selected_class_counts": {
      "air conditioning noise": {
        "train": 192,
        "test": 49
      },
      "air horn": {
        "train": 145,
        "test": 50
      },
      "airplane": {
        "train": 448,
        "test": 50
      },
      "airplane flyby": {
        "train": 904,
        "test": 50
      },
      "alarm clock ringing": {
        "train": 281,
        "test": 50
      },
      "alligators, crocodiles hissing": {
        "train": 311,
        "test": 50
      },
      "ambulance siren": {
        "train": 994,
        "test": 49
      },
      "arc welding": {
        "train": 874,
        "test": 49
      },
      "baby babbling": {
        "train": 546,
        "test": 49
      },
      "baby crying": {
        "train": 615,
        "test": 50
      },
      "baby laughter": {
        "train": 827,
        "test": 50
      },
      "baltimore oriole calling": {
        "train": 149,
        "test": 50
      },
      "barn swallow calling": {
        "train": 368,
        "test": 50
      },
      "basketball bounce": {
        "train": 996,
        "test": 50
      },
      "bathroom ventilation fan running": {
        "train": 150,
        "test": 49
      },
      "beat boxing": {
        "train": 945,
        "test": 50
      },
      "bee, wasp, etc. buzzing": {
        "train": 498,
        "test": 50
      },
      "bird chirping, tweeting": {
        "train": 988,
        "test": 50
      },
      "bird squawking": {
        "train": 298,
        "test": 50
      },
      "bird wings flapping": {
        "train": 205,
        "test": 50
      },
      "black capped chickadee calling": {
        "train": 392,
        "test": 48
      },
      "blowtorch igniting": {
        "train": 200,
        "test": 50
      },
      "bouncing on trampoline": {
        "train": 474,
        "test": 50
      },
      "bowling impact": {
        "train": 915,
        "test": 50
      },
      "bull bellowing": {
        "train": 264,
        "test": 50
      },
      "canary calling": {
        "train": 662,
        "test": 50
      },
      "cap gun shooting": {
        "train": 847,
        "test": 49
      },
      "car engine idling": {
        "train": 319,
        "test": 50
      },
      "car engine knocking": {
        "train": 940,
        "test": 50
      },
      "car engine starting": {
        "train": 441,
        "test": 50
      },
      "car passing by": {
        "train": 544,
        "test": 50
      },
      "cat caterwauling": {
        "train": 186,
        "test": 50
      },
      "cat growling": {
        "train": 333,
        "test": 49
      },
      "cat hissing": {
        "train": 267,
        "test": 50
      },
      "cat meowing": {
        "train": 535,
        "test": 50
      },
      "cat purring": {
        "train": 808,
        "test": 50
      },
      "cattle mooing": {
        "train": 685,
        "test": 50
      },
      "cattle, bovinae cowbell": {
        "train": 594,
        "test": 50
      },
      "cell phone buzzing": {
        "train": 150,
        "test": 48
      },
      "chainsawing trees": {
        "train": 994,
        "test": 50
      },
      "cheetah chirrup": {
        "train": 351,
        "test": 50
      },
      "chicken clucking": {
        "train": 575,
        "test": 49
      },
      "chicken crowing": {
        "train": 998,
        "test": 49
      },
      "child singing": {
        "train": 938,
        "test": 50
      },
      "child speech, kid speaking": {
        "train": 992,
        "test": 50
      },
      "children shouting": {
        "train": 151,
        "test": 48
      },
      "chimpanzee pant-hooting": {
        "train": 423,
        "test": 50
      },
      "chinchilla barking": {
        "train": 159,
        "test": 50
      },
      "chipmunk chirping": {
        "train": 211,
        "test": 50
      },
      "chopping food": {
        "train": 149,
        "test": 50
      },
      "chopping wood": {
        "train": 204,
        "test": 49
      },
      "church bell ringing": {
        "train": 752,
        "test": 48
      },
      "civil defense siren": {
        "train": 921,
        "test": 50
      },
      "cow lowing": {
        "train": 146,
        "test": 50
      },
      "coyote howling": {
        "train": 437,
        "test": 50
      },
      "cricket chirping": {
        "train": 650,
        "test": 50
      },
      "crow cawing": {
        "train": 934,
        "test": 50
      },
      "cuckoo bird calling": {
        "train": 168,
        "test": 50
      },
      "cupboard opening or closing": {
        "train": 278,
        "test": 50
      },
      "cutting hair with electric trimmers": {
        "train": 218,
        "test": 50
      },
      "dinosaurs bellowing": {
        "train": 580,
        "test": 49
      },
      "disc scratching": {
        "train": 147,
        "test": 50
      },
      "dog barking": {
        "train": 712,
        "test": 49
      },
      "dog baying": {
        "train": 361,
        "test": 50
      },
      "dog bow-wow": {
        "train": 573,
        "test": 49
      },
      "dog growling": {
        "train": 772,
        "test": 50
      },
      "dog howling": {
        "train": 869,
        "test": 49
      },
      "dog whimpering": {
        "train": 411,
        "test": 49
      },
      "donkey, ass braying": {
        "train": 387,
        "test": 49
      },
      "door slamming": {
        "train": 150,
        "test": 50
      },
      "driving buses": {
        "train": 996,
        "test": 49
      },
      "driving motorcycle": {
        "train": 994,
        "test": 50
      },
      "driving snowmobile": {
        "train": 547,
        "test": 50
      },
      "duck quacking": {
        "train": 546,
        "test": 50
      },
      "eagle screaming": {
        "train": 200,
        "test": 50
      },
      "eating with cutlery": {
        "train": 476,
        "test": 50
      },
      "electric grinder grinding": {
        "train": 369,
        "test": 50
      },
      "electric shaver, electric razor shaving": {
        "train": 853,
        "test": 50
      },
      "elephant trumpeting": {
        "train": 258,
        "test": 49
      },
      "eletric blender running": {
        "train": 163,
        "test": 50
      },
      "elk bugling": {
        "train": 507,
        "test": 49
      },
      "engine accelerating, revving, vroom": {
        "train": 997,
        "test": 49
      },
      "female singing": {
        "train": 998,
        "test": 50
      },
      "female speech, woman speaking": {
        "train": 994,
        "test": 50
      },
      "ferret dooking": {
        "train": 187,
        "test": 50
      },
      "fire crackling": {
        "train": 440,
        "test": 50
      },
      "fire truck siren": {
        "train": 904,
        "test": 50
      },
      "fireworks banging": {
        "train": 990,
        "test": 50
      },
      "firing cannon": {
        "train": 283,
        "test": 50
      },
      "firing muskets": {
        "train": 365,
        "test": 50
      },
      "fly, housefly buzzing": {
        "train": 147,
        "test": 49
      },
      "foghorn": {
        "train": 167,
        "test": 50
      },
      "footsteps on snow": {
        "train": 201,
        "test": 50
      },
      "forging swords": {
        "train": 213,
        "test": 50
      },
      "fox barking": {
        "train": 308,
        "test": 50
      },
      "francolin calling": {
        "train": 591,
        "test": 50
      },
      "frog croaking": {
        "train": 958,
        "test": 50
      },
      "gibbon howling": {
        "train": 737,
        "test": 48
      },
      "goat bleating": {
        "train": 196,
        "test": 50
      },
      "golf driving": {
        "train": 250,
        "test": 50
      },
      "goose honking": {
        "train": 730,
        "test": 50
      },
      "hail": {
        "train": 664,
        "test": 50
      },
      "hair dryer drying": {
        "train": 293,
        "test": 50
      },
      "hammering nails": {
        "train": 561,
        "test": 50
      },
      "heart sounds, heartbeat": {
        "train": 704,
        "test": 50
      },
      "hedge trimmer running": {
        "train": 199,
        "test": 50
      },
      "helicopter": {
        "train": 995,
        "test": 49
      },
      "horse clip-clop": {
        "train": 830,
        "test": 50
      },
      "horse neighing": {
        "train": 531,
        "test": 49
      },
      "ice cracking": {
        "train": 313,
        "test": 50
      },
      "ice cream truck, ice cream van": {
        "train": 624,
        "test": 49
      },
      "lathe spinning": {
        "train": 805,
        "test": 50
      },
      "lawn mowing": {
        "train": 802,
        "test": 50
      },
      "lighting firecrackers": {
        "train": 795,
        "test": 50
      },
      "lions growling": {
        "train": 544,
        "test": 50
      },
      "lions roaring": {
        "train": 906,
        "test": 50
      },
      "lip smacking": {
        "train": 213,
        "test": 50
      },
      "machine gun shooting": {
        "train": 933,
        "test": 50
      },
      "magpie calling": {
        "train": 377,
        "test": 50
      },
      "male singing": {
        "train": 998,
        "test": 50
      },
      "male speech, man speaking": {
        "train": 999,
        "test": 49
      },
      "metronome": {
        "train": 150,
        "test": 50
      },
      "missile launch": {
        "train": 915,
        "test": 50
      },
      "mosquito buzzing": {
        "train": 385,
        "test": 49
      },
      "motorboat, speedboat acceleration": {
        "train": 991,
        "test": 50
      },
      "mouse clicking": {
        "train": 606,
        "test": 50
      },
      "mouse pattering": {
        "train": 380,
        "test": 48
      },
      "mouse squeaking": {
        "train": 186,
        "test": 50
      },
      "mynah bird singing": {
        "train": 826,
        "test": 49
      },
      "ocean burbling": {
        "train": 932,
        "test": 50
      },
      "opening or closing car doors": {
        "train": 404,
        "test": 50
      },
      "opening or closing car electric windows": {
        "train": 153,
        "test": 50
      },
      "opening or closing drawers": {
        "train": 404,
        "test": 49
      },
      "orchestra": {
        "train": 996,
        "test": 50
      },
      "otter growling": {
        "train": 313,
        "test": 50
      },
      "owl hooting": {
        "train": 697,
        "test": 50
      },
      "parrot talking": {
        "train": 540,
        "test": 50
      },
      "penguins braying": {
        "train": 267,
        "test": 49
      },
      "people babbling": {
        "train": 533,
        "test": 50
      },
      "people battle cry": {
        "train": 241,
        "test": 49
      },
      "people belly laughing": {
        "train": 465,
        "test": 49
      },
      "people booing": {
        "train": 997,
        "test": 50
      },
      "people burping": {
        "train": 992,
        "test": 50
      },
      "people cheering": {
        "train": 646,
        "test": 50
      },
      "people clapping": {
        "train": 849,
        "test": 50
      },
      "people coughing": {
        "train": 402,
        "test": 50
      },
      "people crowd": {
        "train": 990,
        "test": 50
      },
      "people eating": {
        "train": 175,
        "test": 50
      },
      "people eating apple": {
        "train": 308,
        "test": 50
      },
      "people eating crisps": {
        "train": 390,
        "test": 50
      },
      "people eating noodle": {
        "train": 508,
        "test": 50
      },
      "people farting": {
        "train": 504,
        "test": 49
      },
      "people finger snapping": {
        "train": 148,
        "test": 49
      },
      "people gargling": {
        "train": 171,
        "test": 50
      },
      "people giggling": {
        "train": 221,
        "test": 50
      },
      "people hiccup": {
        "train": 343,
        "test": 50
      },
      "people humming": {
        "train": 341,
        "test": 50
      },
      "people marching": {
        "train": 761,
        "test": 50
      },
      "people nose blowing": {
        "train": 175,
        "test": 50
      },
      "people running": {
        "train": 371,
        "test": 49
      },
      "people screaming": {
        "train": 676,
        "test": 50
      },
      "people shuffling": {
        "train": 625,
        "test": 48
      },
      "people slapping": {
        "train": 160,
        "test": 50
      },
      "people slurping": {
        "train": 509,
        "test": 49
      },
      "people sneezing": {
        "train": 637,
        "test": 50
      },
      "people sniggering": {
        "train": 839,
        "test": 50
      },
      "people sobbing": {
        "train": 429,
        "test": 50
      },
      "people whispering": {
        "train": 693,
        "test": 50
      },
      "people whistling": {
        "train": 832,
        "test": 49
      },
      "pheasant crowing": {
        "train": 875,
        "test": 50
      },
      "pig oinking": {
        "train": 393,
        "test": 50
      },
      "pigeon, dove cooing": {
        "train": 999,
        "test": 50
      },
      "planing timber": {
        "train": 759,
        "test": 50
      },
      "plastic bottle crushing": {
        "train": 209,
        "test": 50
      },
      "playing accordion": {
        "train": 994,
        "test": 50
      },
      "playing acoustic guitar": {
        "train": 997,
        "test": 50
      },
      "playing badminton": {
        "train": 943,
        "test": 49
      },
      "playing bagpipes": {
        "train": 903,
        "test": 50
      },
      "playing banjo": {
        "train": 996,
        "test": 50
      },
      "playing bass drum": {
        "train": 806,
        "test": 49
      },
      "playing bass guitar": {
        "train": 994,
        "test": 49
      },
      "playing bassoon": {
        "train": 995,
        "test": 48
      },
      "playing bongo": {
        "train": 865,
        "test": 50
      },
      "playing bugle": {
        "train": 391,
        "test": 50
      },
      "playing castanets": {
        "train": 148,
        "test": 48
      },
      "playing cello": {
        "train": 995,
        "test": 50
      },
      "playing clarinet": {
        "train": 995,
        "test": 50
      },
      "playing congas": {
        "train": 411,
        "test": 50
      },
      "playing cornet": {
        "train": 836,
        "test": 50
      },
      "playing cymbal": {
        "train": 993,
        "test": 50
      },
      "playing darts": {
        "train": 503,
        "test": 50
      },
      "playing didgeridoo": {
        "train": 996,
        "test": 50
      },
      "playing djembe": {
        "train": 379,
        "test": 50
      },
      "playing double bass": {
        "train": 752,
        "test": 50
      },
      "playing drum kit": {
        "train": 996,
        "test": 49
      },
      "playing electric guitar": {
        "train": 998,
        "test": 50
      },
      "playing electronic organ": {
        "train": 782,
        "test": 49
      },
      "playing erhu": {
        "train": 918,
        "test": 50
      },
      "playing flute": {
        "train": 994,
        "test": 50
      },
      "playing french horn": {
        "train": 808,
        "test": 49
      },
      "playing glockenspiel": {
        "train": 982,
        "test": 50
      },
      "playing gong": {
        "train": 504,
        "test": 50
      },
      "playing guiro": {
        "train": 425,
        "test": 49
      },
      "playing hammond organ": {
        "train": 990,
        "test": 50
      },
      "playing harmonica": {
        "train": 774,
        "test": 50
      },
      "playing harp": {
        "train": 994,
        "test": 50
      },
      "playing harpsichord": {
        "train": 969,
        "test": 49
      },
      "playing hockey": {
        "train": 350,
        "test": 50
      },
      "playing lacrosse": {
        "train": 232,
        "test": 50
      },
      "playing mandolin": {
        "train": 772,
        "test": 50
      },
      "playing marimba, xylophone": {
        "train": 995,
        "test": 48
      },
      "playing oboe": {
        "train": 495,
        "test": 49
      },
      "playing piano": {
        "train": 994,
        "test": 50
      },
      "playing saxophone": {
        "train": 996,
        "test": 50
      },
      "playing shofar": {
        "train": 147,
        "test": 48
      },
      "playing sitar": {
        "train": 804,
        "test": 50
      },
      "playing snare drum": {
        "train": 928,
        "test": 50
      },
      "playing squash": {
        "train": 995,
        "test": 49
      },
      "playing steel guitar, slide guitar": {
        "train": 872,
        "test": 50
      },
      "playing steelpan": {
        "train": 450,
        "test": 49
      },
      "playing synthesizer": {
        "train": 854,
        "test": 50
      },
      "playing tabla": {
        "train": 992,
        "test": 50
      },
      "playing table tennis": {
        "train": 993,
        "test": 49
      },
      "playing tambourine": {
        "train": 756,
        "test": 48
      },
      "playing tennis": {
        "train": 339,
        "test": 50
      },
      "playing theremin": {
        "train": 953,
        "test": 50
      },
      "playing timbales": {
        "train": 533,
        "test": 49
      },
      "playing timpani": {
        "train": 570,
        "test": 50
      },
      "playing trombone": {
        "train": 997,
        "test": 49
      },
      "playing trumpet": {
        "train": 779,
        "test": 49
      },
      "playing tuning fork": {
        "train": 150,
        "test": 50
      },
      "playing tympani": {
        "train": 409,
        "test": 50
      },
      "playing ukulele": {
        "train": 853,
        "test": 49
      },
      "playing vibraphone": {
        "train": 829,
        "test": 50
      },
      "playing violin, fiddle": {
        "train": 991,
        "test": 49
      },
      "playing volleyball": {
        "train": 936,
        "test": 50
      },
      "playing washboard": {
        "train": 150,
        "test": 49
      },
      "playing zither": {
        "train": 488,
        "test": 50
      },
      "police car (siren)": {
        "train": 995,
        "test": 50
      },
      "police radio chatter": {
        "train": 906,
        "test": 50
      },
      "popping popcorn": {
        "train": 201,
        "test": 50
      },
      "printer printing": {
        "train": 824,
        "test": 50
      },
      "pumping water": {
        "train": 149,
        "test": 50
      },
      "race car, auto racing": {
        "train": 992,
        "test": 50
      },
      "railroad car, train wagon": {
        "train": 993,
        "test": 48
      },
      "raining": {
        "train": 423,
        "test": 49
      },
      "rapping": {
        "train": 584,
        "test": 50
      },
      "reversing beeps": {
        "train": 431,
        "test": 49
      },
      "ripping paper": {
        "train": 509,
        "test": 50
      },
      "roller coaster running": {
        "train": 620,
        "test": 49
      },
      "rope skipping": {
        "train": 913,
        "test": 50
      },
      "rowboat, canoe, kayak rowing": {
        "train": 994,
        "test": 50
      },
      "running electric fan": {
        "train": 265,
        "test": 50
      },
      "sailing": {
        "train": 539,
        "test": 50
      },
      "scuba diving": {
        "train": 902,
        "test": 49
      },
      "sea lion barking": {
        "train": 159,
        "test": 50
      },
      "sea waves": {
        "train": 197,
        "test": 49
      },
      "sharpen knife": {
        "train": 716,
        "test": 50
      },
      "sheep bleating": {
        "train": 464,
        "test": 50
      },
      "shot football": {
        "train": 174,
        "test": 50
      },
      "singing bowl": {
        "train": 993,
        "test": 50
      },
      "singing choir": {
        "train": 701,
        "test": 49
      },
      "skateboarding": {
        "train": 860,
        "test": 48
      },
      "skidding": {
        "train": 849,
        "test": 50
      },
      "skiing": {
        "train": 924,
        "test": 49
      },
      "sliding door": {
        "train": 535,
        "test": 50
      },
      "sloshing water": {
        "train": 226,
        "test": 50
      },
      "slot machine": {
        "train": 945,
        "test": 50
      },
      "smoke detector beeping": {
        "train": 168,
        "test": 50
      },
      "snake hissing": {
        "train": 234,
        "test": 50
      },
      "snake rattling": {
        "train": 148,
        "test": 50
      },
      "splashing water": {
        "train": 561,
        "test": 50
      },
      "spraying water": {
        "train": 228,
        "test": 50
      },
      "squishing water": {
        "train": 380,
        "test": 49
      },
      "stream burbling": {
        "train": 639,
        "test": 49
      },
      "strike lighter": {
        "train": 179,
        "test": 50
      },
      "striking bowling": {
        "train": 273,
        "test": 50
      },
      "striking pool": {
        "train": 349,
        "test": 47
      },
      "subway, metro, underground": {
        "train": 946,
        "test": 49
      },
      "swimming": {
        "train": 515,
        "test": 50
      },
      "tap dancing": {
        "train": 997,
        "test": 50
      },
      "tapping guitar": {
        "train": 728,
        "test": 49
      },
      "telephone bell ringing": {
        "train": 150,
        "test": 50
      },
      "thunder": {
        "train": 275,
        "test": 50
      },
      "toilet flushing": {
        "train": 995,
        "test": 49
      },
      "tornado roaring": {
        "train": 306,
        "test": 50
      },
      "tractor digging": {
        "train": 914,
        "test": 50
      },
      "train horning": {
        "train": 718,
        "test": 48
      },
      "train wheels squealing": {
        "train": 283,
        "test": 48
      },
      "train whistling": {
        "train": 557,
        "test": 50
      },
      "turkey gobbling": {
        "train": 589,
        "test": 50
      },
      "typing on computer keyboard": {
        "train": 508,
        "test": 49
      },
      "typing on typewriter": {
        "train": 694,
        "test": 50
      },
      "underwater bubbling": {
        "train": 369,
        "test": 50
      },
      "using sewing machines": {
        "train": 574,
        "test": 50
      },
      "vacuum cleaner cleaning floors": {
        "train": 952,
        "test": 50
      },
      "vehicle horn, car horn, honking": {
        "train": 995,
        "test": 50
      },
      "volcano explosion": {
        "train": 787,
        "test": 49
      },
      "warbler chirping": {
        "train": 210,
        "test": 49
      },
      "waterfall burbling": {
        "train": 459,
        "test": 50
      },
      "whale calling": {
        "train": 150,
        "test": 50
      },
      "wind chime": {
        "train": 339,
        "test": 49
      },
      "wind noise": {
        "train": 866,
        "test": 48
      },
      "wind rustling leaves": {
        "train": 508,
        "test": 49
      },
      "wood thrush calling": {
        "train": 629,
        "test": 50
      },
      "woodpecker pecking tree": {
        "train": 690,
        "test": 49
      },
      "writing on blackboard with chalk": {
        "train": 226,
        "test": 50
      },
      "yodelling": {
        "train": 907,
        "test": 50
      },
      "zebra braying": {
        "train": 147,
        "test": 50
      }
    }
  },
  "splits": [
    {
      "split": "train",
      "rows": 182616,
      "valid": 182615,
      "failures": 1,
      "audio_path": "/home/Hongjie_Zeng/high_order_BM/data_vggsound_full/phase1_stft_audio_sr16k_fft1024_hop160_chunks4w500_lstm4096_h8_e500/audio_train.npy",
      "labels_path": "/home/Hongjie_Zeng/high_order_BM/data_vggsound_full/phase1_stft_audio_sr16k_fft1024_hop160_chunks4w500_lstm4096_h8_e500/labels_train.npy",
      "paths_path": "/home/Hongjie_Zeng/high_order_BM/data_vggsound_full/phase1_stft_audio_sr16k_fft1024_hop160_chunks4w500_lstm4096_h8_e500/paths_train.npy",
      "valid_path": "/home/Hongjie_Zeng/high_order_BM/data_vggsound_full/phase1_stft_audio_sr16k_fft1024_hop160_chunks4w500_lstm4096_h8_e500/valid_train.npy",
      "failures_path": "/home/Hongjie_Zeng/high_order_BM/data_vggsound_full/phase1_stft_audio_sr16k_fft1024_hop160_chunks4w500_lstm4096_h8_e500/failures_train.json"
    },
    {
      "split": "test",
      "rows": 15341,
      "valid": 15341,
      "failures": 0,
      "audio_path": "/home/Hongjie_Zeng/high_order_BM/data_vggsound_full/phase1_stft_audio_sr16k_fft1024_hop160_chunks4w500_lstm4096_h8_e500/audio_test.npy",
      "labels_path": "/home/Hongjie_Zeng/high_order_BM/data_vggsound_full/phase1_stft_audio_sr16k_fft1024_hop160_chunks4w500_lstm4096_h8_e500/labels_test.npy",
      "paths_path": "/home/Hongjie_Zeng/high_order_BM/data_vggsound_full/phase1_stft_audio_sr16k_fft1024_hop160_chunks4w500_lstm4096_h8_e500/paths_test.npy",
      "valid_path": "/home/Hongjie_Zeng/high_order_BM/data_vggsound_full/phase1_stft_audio_sr16k_fft1024_hop160_chunks4w500_lstm4096_h8_e500/valid_test.npy",
      "failures_path": "/home/Hongjie_Zeng/high_order_BM/data_vggsound_full/phase1_stft_audio_sr16k_fft1024_hop160_chunks4w500_lstm4096_h8_e500/failures_test.json"
    }
  ]
}
