Using device: cuda
audio_layout=time40_fold, image=20x20, gamma_h=1.15, gamma_l=1.15, total_pbits=1024
Epoch 001/100 | loss -4.3099 | CD -4.3099 | short-CD label retention 46.19%
Epoch 002/100 | loss -3.5600 | CD -3.5600 | short-CD label retention 97.19% | quick label-Gibbs acc 92.60% | full label-Gibbs acc 92.56% | saved best
Epoch 003/100 | loss -1.9861 | CD -1.9861 | short-CD label retention 99.31%
Epoch 004/100 | loss -1.3625 | CD -1.3625 | short-CD label retention 99.61% | quick label-Gibbs acc 92.05%
Epoch 005/100 | loss -1.0531 | CD -1.0531 | short-CD label retention 99.76%
Epoch 006/100 | loss -0.8207 | CD -0.8207 | short-CD label retention 99.80% | quick label-Gibbs acc 91.52%
Epoch 007/100 | loss -0.6969 | CD -0.6969 | short-CD label retention 99.84%
Epoch 008/100 | loss -0.5896 | CD -0.5896 | short-CD label retention 99.84% | quick label-Gibbs acc 91.34%
Epoch 009/100 | loss -0.5513 | CD -0.5513 | short-CD label retention 99.85%
Epoch 010/100 | loss -0.4447 | CD -0.4447 | short-CD label retention 99.85% | quick label-Gibbs acc 91.10%
Epoch 011/100 | loss -0.4468 | CD -0.4468 | short-CD label retention 99.87%
Epoch 012/100 | loss -0.3858 | CD -0.3858 | short-CD label retention 99.86% | quick label-Gibbs acc 91.00%
Epoch 013/100 | loss -0.3252 | CD -0.3252 | short-CD label retention 99.86%
Epoch 014/100 | loss -0.3067 | CD -0.3067 | short-CD label retention 99.87% | quick label-Gibbs acc 90.97%
Epoch 015/100 | loss -0.3053 | CD -0.3053 | short-CD label retention 99.87%
Epoch 016/100 | loss -0.2872 | CD -0.2872 | short-CD label retention 99.87% | quick label-Gibbs acc 90.85%
Epoch 017/100 | loss -0.2928 | CD -0.2928 | short-CD label retention 99.87%
Epoch 018/100 | loss -0.2503 | CD -0.2503 | short-CD label retention 99.86% | quick label-Gibbs acc 90.75%
Epoch 019/100 | loss -0.2205 | CD -0.2205 | short-CD label retention 99.85%
Epoch 020/100 | loss -0.2268 | CD -0.2268 | short-CD label retention 99.87% | quick label-Gibbs acc 90.72%
Epoch 021/100 | loss -0.1845 | CD -0.1845 | short-CD label retention 99.87%
Epoch 022/100 | loss -0.2027 | CD -0.2027 | short-CD label retention 99.86% | quick label-Gibbs acc 90.78%
Early stopping after 10 evals without improvement.
Done. {
  "experiment_id": "E015",
  "completed_at": "2026-06-06 07:36:48",
  "best_acc_selection_metric": 0.9256,
  "best_epoch": 2,
  "final_epoch": 22,
  "out_dir": "/home/Hongjie_Zeng/high_order_BM/runs_twoport1024_E015_dual_posterior_blocks",
  "best_checkpoint_epoch": 2,
  "final_full_test_label_gibbs_acc": 0.9256,
  "final_full_label_entropy": 1.0128162680197368,
  "final_full_eval": {
    "steps": 3000,
    "burn_in": 500,
    "thin": 2
  }
}
