[2026-06-18 23:21:53] audio STFT4096 rows=98979 classes=309 shard=0/2 source_rows=197957 ffmpeg=/home/Hongjie_Zeng/.conda/envs/hongjie_env/lib/python3.13/site-packages/imageio_ffmpeg/binaries/ffmpeg-linux-x86_64-v7.0.2
[2026-06-18 23:21:54] processed 1/98979 ok=1 failures=0
[2026-06-18 23:22:12] processed 500/98979 ok=500 failures=0
[2026-06-18 23:22:32] processed 1000/98979 ok=1000 failures=0
[2026-06-18 23:22:55] processed 1500/98979 ok=1500 failures=0
[2026-06-18 23:23:17] processed 2000/98979 ok=2000 failures=0
[2026-06-18 23:23:38] processed 2500/98979 ok=2500 failures=0
[2026-06-18 23:24:00] processed 3000/98979 ok=3000 failures=0
[2026-06-18 23:24:21] processed 3500/98979 ok=3500 failures=0
[2026-06-18 23:24:42] processed 4000/98979 ok=4000 failures=0
[2026-06-18 23:25:03] processed 4500/98979 ok=4500 failures=0
[2026-06-18 23:25:23] processed 5000/98979 ok=5000 failures=0
[2026-06-18 23:25:44] processed 5500/98979 ok=5500 failures=0
[2026-06-18 23:26:05] processed 6000/98979 ok=6000 failures=0
[2026-06-18 23:26:27] processed 6500/98979 ok=6500 failures=0
[2026-06-18 23:26:49] processed 7000/98979 ok=7000 failures=0
[2026-06-18 23:27:11] processed 7500/98979 ok=7500 failures=0
[2026-06-18 23:27:34] processed 8000/98979 ok=8000 failures=0
[2026-06-18 23:27:57] processed 8500/98979 ok=8500 failures=0
[2026-06-18 23:28:20] processed 9000/98979 ok=9000 failures=0
[2026-06-18 23:28:42] processed 9500/98979 ok=9500 failures=0
[2026-06-18 23:29:05] processed 10000/98979 ok=10000 failures=0
[2026-06-18 23:29:25] processed 10500/98979 ok=10500 failures=0
[2026-06-18 23:29:49] processed 11000/98979 ok=11000 failures=0
[2026-06-18 23:30:13] processed 11500/98979 ok=11500 failures=0
[2026-06-18 23:30:35] processed 12000/98979 ok=12000 failures=0
[2026-06-18 23:30:57] processed 12500/98979 ok=12500 failures=0
[2026-06-18 23:31:19] processed 13000/98979 ok=13000 failures=0
[2026-06-18 23:31:45] processed 13500/98979 ok=13500 failures=0
[2026-06-18 23:32:10] processed 14000/98979 ok=14000 failures=0
[2026-06-18 23:32:34] processed 14500/98979 ok=14500 failures=0
[2026-06-18 23:32:58] processed 15000/98979 ok=15000 failures=0
[2026-06-18 23:33:20] processed 15500/98979 ok=15500 failures=0
[2026-06-18 23:33:41] processed 16000/98979 ok=16000 failures=0
[2026-06-18 23:34:03] processed 16500/98979 ok=16500 failures=0
[2026-06-18 23:34:25] processed 17000/98979 ok=17000 failures=0
[2026-06-18 23:34:49] processed 17500/98979 ok=17500 failures=0
[2026-06-18 23:35:14] processed 18000/98979 ok=18000 failures=0
[2026-06-18 23:35:37] processed 18500/98979 ok=18500 failures=0
[2026-06-18 23:36:00] processed 19000/98979 ok=19000 failures=0
[2026-06-18 23:36:21] processed 19500/98979 ok=19500 failures=0
[2026-06-18 23:36:41] processed 20000/98979 ok=20000 failures=0
[2026-06-18 23:37:02] processed 20500/98979 ok=20500 failures=0
[2026-06-18 23:37:26] processed 21000/98979 ok=21000 failures=0
[2026-06-18 23:37:50] processed 21500/98979 ok=21500 failures=0
[2026-06-18 23:38:14] processed 22000/98979 ok=22000 failures=0
[2026-06-18 23:38:40] processed 22500/98979 ok=22500 failures=0
[2026-06-18 23:39:04] processed 23000/98979 ok=23000 failures=0
[2026-06-18 23:39:28] processed 23500/98979 ok=23500 failures=0
[2026-06-18 23:39:48] processed 24000/98979 ok=24000 failures=0
[2026-06-18 23:40:08] processed 24500/98979 ok=24500 failures=0
[2026-06-18 23:40:31] processed 25000/98979 ok=25000 failures=0
[2026-06-18 23:40:53] processed 25500/98979 ok=25500 failures=0
[2026-06-18 23:41:14] processed 26000/98979 ok=26000 failures=0
[2026-06-18 23:41:34] processed 26500/98979 ok=26500 failures=0
[2026-06-18 23:41:56] processed 27000/98979 ok=27000 failures=0
[2026-06-18 23:42:18] processed 27500/98979 ok=27500 failures=0
[2026-06-18 23:42:44] processed 28000/98979 ok=28000 failures=0
[2026-06-18 23:43:10] processed 28500/98979 ok=28500 failures=0
[2026-06-18 23:43:31] processed 29000/98979 ok=29000 failures=0
[2026-06-18 23:43:49] processed 29500/98979 ok=29500 failures=0
[2026-06-18 23:44:09] processed 30000/98979 ok=30000 failures=0
[2026-06-18 23:44:34] processed 30500/98979 ok=30500 failures=0
[2026-06-18 23:44:57] processed 31000/98979 ok=31000 failures=0
[2026-06-18 23:45:18] processed 31500/98979 ok=31500 failures=0
[2026-06-18 23:45:42] processed 32000/98979 ok=32000 failures=0
[2026-06-18 23:46:07] processed 32500/98979 ok=32500 failures=0
[2026-06-18 23:46:32] processed 33000/98979 ok=33000 failures=0
[2026-06-18 23:46:57] processed 33500/98979 ok=33500 failures=0
[2026-06-18 23:47:20] processed 34000/98979 ok=34000 failures=0
[2026-06-18 23:47:45] processed 34500/98979 ok=34500 failures=0
[2026-06-18 23:48:07] processed 35000/98979 ok=35000 failures=0
[2026-06-18 23:48:28] processed 35500/98979 ok=35500 failures=0
[2026-06-18 23:48:48] processed 36000/98979 ok=36000 failures=0
[2026-06-18 23:49:11] processed 36500/98979 ok=36500 failures=0
[2026-06-18 23:49:35] processed 37000/98979 ok=37000 failures=0
[2026-06-18 23:49:56] processed 37500/98979 ok=37500 failures=0
[2026-06-18 23:50:19] processed 38000/98979 ok=38000 failures=0
[2026-06-18 23:50:44] processed 38500/98979 ok=38500 failures=0
[2026-06-18 23:51:08] processed 39000/98979 ok=39000 failures=0
[2026-06-18 23:51:32] processed 39500/98979 ok=39500 failures=0
[2026-06-18 23:51:50] processed 40000/98979 ok=40000 failures=0
[2026-06-18 23:52:10] processed 40500/98979 ok=40500 failures=0
[2026-06-18 23:52:33] processed 41000/98979 ok=41000 failures=0
[2026-06-18 23:52:54] processed 41500/98979 ok=41500 failures=0
[2026-06-18 23:53:16] processed 42000/98979 ok=42000 failures=0
[2026-06-18 23:53:38] processed 42500/98979 ok=42500 failures=0
[2026-06-18 23:54:00] processed 43000/98979 ok=43000 failures=0
[2026-06-18 23:54:22] processed 43500/98979 ok=43500 failures=0
[2026-06-18 23:54:42] processed 44000/98979 ok=44000 failures=0
[2026-06-18 23:55:04] processed 44500/98979 ok=44500 failures=0
[2026-06-18 23:55:28] processed 45000/98979 ok=45000 failures=0
[2026-06-18 23:55:48] processed 45500/98979 ok=45500 failures=0
[2026-06-18 23:56:10] processed 46000/98979 ok=46000 failures=0
[2026-06-18 23:56:33] processed 46500/98979 ok=46500 failures=0
[2026-06-18 23:56:54] processed 47000/98979 ok=47000 failures=0
[2026-06-18 23:57:13] processed 47500/98979 ok=47500 failures=0
[2026-06-18 23:57:32] processed 48000/98979 ok=48000 failures=0
[2026-06-18 23:57:56] processed 48500/98979 ok=48500 failures=0
[2026-06-18 23:58:18] processed 49000/98979 ok=49000 failures=0
[2026-06-18 23:58:39] processed 49500/98979 ok=49500 failures=0
[2026-06-18 23:59:03] processed 50000/98979 ok=50000 failures=0
[2026-06-18 23:59:23] processed 50500/98979 ok=50500 failures=0
[2026-06-18 23:59:44] processed 51000/98979 ok=51000 failures=0
[2026-06-19 00:00:08] processed 51500/98979 ok=51500 failures=0
[2026-06-19 00:00:27] processed 52000/98979 ok=52000 failures=0
[2026-06-19 00:00:46] processed 52500/98979 ok=52500 failures=0
[2026-06-19 00:01:06] processed 53000/98979 ok=53000 failures=0
[2026-06-19 00:01:31] processed 53500/98979 ok=53500 failures=0
[2026-06-19 00:01:51] processed 54000/98979 ok=54000 failures=0
[2026-06-19 00:02:14] processed 54500/98979 ok=54500 failures=0
[2026-06-19 00:02:35] processed 55000/98979 ok=55000 failures=0
[2026-06-19 00:02:55] processed 55500/98979 ok=55500 failures=0
[2026-06-19 00:03:19] processed 56000/98979 ok=56000 failures=0
[2026-06-19 00:03:40] processed 56500/98979 ok=56500 failures=0
[2026-06-19 00:04:00] processed 57000/98979 ok=57000 failures=0
[2026-06-19 00:04:21] processed 57500/98979 ok=57500 failures=0
[2026-06-19 00:04:41] processed 58000/98979 ok=58000 failures=0
[2026-06-19 00:05:03] processed 58500/98979 ok=58500 failures=0
[2026-06-19 00:05:26] processed 59000/98979 ok=59000 failures=0
[2026-06-19 00:05:46] processed 59500/98979 ok=59500 failures=0
[2026-06-19 00:06:05] processed 60000/98979 ok=60000 failures=0
[2026-06-19 00:06:27] processed 60500/98979 ok=60500 failures=0
[2026-06-19 00:06:50] processed 61000/98979 ok=61000 failures=0
[2026-06-19 00:07:13] processed 61500/98979 ok=61500 failures=0
[2026-06-19 00:07:36] processed 62000/98979 ok=62000 failures=0
[2026-06-19 00:07:58] processed 62500/98979 ok=62500 failures=0
[2026-06-19 00:08:17] processed 63000/98979 ok=63000 failures=0
[2026-06-19 00:08:37] processed 63500/98979 ok=63500 failures=0
[2026-06-19 00:08:58] processed 64000/98979 ok=64000 failures=0
[2026-06-19 00:09:18] processed 64500/98979 ok=64500 failures=0
[2026-06-19 00:09:37] processed 65000/98979 ok=65000 failures=0
[2026-06-19 00:09:59] processed 65500/98979 ok=65500 failures=0
[2026-06-19 00:10:24] processed 66000/98979 ok=66000 failures=0
[2026-06-19 00:10:46] processed 66500/98979 ok=66500 failures=0
[2026-06-19 00:11:06] processed 67000/98979 ok=67000 failures=0
[2026-06-19 00:11:25] processed 67500/98979 ok=67500 failures=0
[2026-06-19 00:11:45] processed 68000/98979 ok=68000 failures=0
[2026-06-19 00:12:09] processed 68500/98979 ok=68500 failures=0
[2026-06-19 00:12:30] processed 69000/98979 ok=69000 failures=0
[2026-06-19 00:12:50] processed 69500/98979 ok=69500 failures=0
[2026-06-19 00:13:09] processed 70000/98979 ok=70000 failures=0
[2026-06-19 00:13:28] processed 70500/98979 ok=70500 failures=0
[2026-06-19 00:13:49] processed 71000/98979 ok=71000 failures=0
[2026-06-19 00:14:10] processed 71500/98979 ok=71500 failures=0
[2026-06-19 00:14:33] processed 72000/98979 ok=72000 failures=0
[2026-06-19 00:14:55] processed 72500/98979 ok=72500 failures=0
[2026-06-19 00:15:17] processed 73000/98979 ok=73000 failures=0
[2026-06-19 00:15:39] processed 73500/98979 ok=73500 failures=0
[2026-06-19 00:16:02] processed 74000/98979 ok=74000 failures=0
[2026-06-19 00:16:26] processed 74500/98979 ok=74500 failures=0
[2026-06-19 00:16:48] processed 75000/98979 ok=75000 failures=0
[2026-06-19 00:17:10] processed 75500/98979 ok=75500 failures=0
[2026-06-19 00:17:30] processed 76000/98979 ok=76000 failures=0
[2026-06-19 00:17:50] processed 76500/98979 ok=76500 failures=0
[2026-06-19 00:18:12] processed 77000/98979 ok=77000 failures=0
[2026-06-19 00:18:32] processed 77500/98979 ok=77500 failures=0
[2026-06-19 00:18:52] processed 78000/98979 ok=78000 failures=0
[2026-06-19 00:19:15] processed 78500/98979 ok=78500 failures=0
[2026-06-19 00:19:37] processed 79000/98979 ok=79000 failures=0
[2026-06-19 00:19:58] processed 79500/98979 ok=79500 failures=0
[2026-06-19 00:20:21] processed 80000/98979 ok=80000 failures=0
[2026-06-19 00:20:42] processed 80500/98979 ok=80500 failures=0
[2026-06-19 00:21:03] processed 81000/98979 ok=81000 failures=0
[2026-06-19 00:21:25] processed 81500/98979 ok=81500 failures=0
[2026-06-19 00:21:47] processed 82000/98979 ok=82000 failures=0
[2026-06-19 00:22:13] processed 82500/98979 ok=82500 failures=0
[2026-06-19 00:22:37] processed 83000/98979 ok=83000 failures=0
[2026-06-19 00:22:59] processed 83500/98979 ok=83500 failures=0
[2026-06-19 00:23:20] processed 84000/98979 ok=84000 failures=0
[2026-06-19 00:23:44] processed 84500/98979 ok=84500 failures=0
[2026-06-19 00:24:10] processed 85000/98979 ok=85000 failures=0
[2026-06-19 00:24:33] processed 85500/98979 ok=85500 failures=0
[2026-06-19 00:24:58] processed 86000/98979 ok=86000 failures=0
[2026-06-19 00:25:18] processed 86500/98979 ok=86500 failures=0
[2026-06-19 00:25:38] processed 87000/98979 ok=87000 failures=0
[2026-06-19 00:26:02] processed 87500/98979 ok=87500 failures=0
[2026-06-19 00:26:24] processed 88000/98979 ok=88000 failures=0
[2026-06-19 00:26:49] processed 88500/98979 ok=88500 failures=0
[2026-06-19 00:27:11] processed 89000/98979 ok=89000 failures=0
[2026-06-19 00:27:35] processed 89500/98979 ok=89500 failures=0
[2026-06-19 00:27:59] processed 90000/98979 ok=90000 failures=0
[2026-06-19 00:28:21] processed 90500/98979 ok=90500 failures=0
[2026-06-19 00:28:43] processed 91000/98979 ok=91000 failures=0
[2026-06-19 00:29:07] processed 91500/98979 ok=91500 failures=0
[2026-06-19 00:29:27] processed 92000/98979 ok=92000 failures=0
[2026-06-19 00:29:48] processed 92500/98979 ok=92500 failures=0
[2026-06-19 00:30:15] processed 93000/98979 ok=93000 failures=0
[2026-06-19 00:30:40] processed 93500/98979 ok=93499 failures=1
[2026-06-19 00:31:05] processed 94000/98979 ok=93999 failures=1
[2026-06-19 00:31:28] processed 94500/98979 ok=94499 failures=1
[2026-06-19 00:31:51] processed 95000/98979 ok=94999 failures=1
[2026-06-19 00:32:16] processed 95500/98979 ok=95499 failures=1
[2026-06-19 00:32:37] processed 96000/98979 ok=95999 failures=1
[2026-06-19 00:33:00] processed 96500/98979 ok=96499 failures=1
[2026-06-19 00:33:23] processed 97000/98979 ok=96999 failures=1
[2026-06-19 00:33:43] processed 97500/98979 ok=97499 failures=1
[2026-06-19 00:34:10] processed 98000/98979 ok=97999 failures=1
[2026-06-19 00:34:36] processed 98500/98979 ok=98499 failures=1
[2026-06-19 00:34:58] processed 98979/98979 ok=98978 failures=1
{
  "train_size": 91307,
  "test_size": 7671,
  "num_classes": 309,
  "num_failures": 1,
  "audio_dim": 4096
}
[2026-06-19 00:35:11] wrote /home/Hongjie_Zeng/high_order_BM/data_vggsound_full/features/vggsound_full_audio_stft64x64_official5s_allclasses_sr16000_n512_o353_shard0of2.npz
