[data] train=182615 test=15341 classes=309 video=1 motion=1 audio=4096 device=cuda
[model] standard input=4096 label=1545 hidden=24576 total=30217 mode=audio
[init] estimating visible bias from training set
[epoch 001] recon_mse=0.03992
[epoch 002] recon_mse=0.03506
[epoch 003] recon_mse=0.03093
[epoch 004] recon_mse=0.02817
[epoch 005] recon_mse=0.02627 quick_test_acc=0.0850 ent=5.5857
[epoch 006] recon_mse=0.02492
[epoch 007] recon_mse=0.02389
[epoch 008] recon_mse=0.02310
[epoch 009] recon_mse=0.02246
[epoch 010] recon_mse=0.02194 quick_test_acc=0.1233 ent=5.5687
[epoch 011] recon_mse=0.02152
[epoch 012] recon_mse=0.02116
[epoch 013] recon_mse=0.02086
[epoch 014] recon_mse=0.02061
[epoch 015] recon_mse=0.02040 quick_test_acc=0.1600 ent=5.5463
[epoch 016] recon_mse=0.02022
[epoch 017] recon_mse=0.02005
[epoch 018] recon_mse=0.01991
[epoch 019] recon_mse=0.01978
[epoch 020] recon_mse=0.01966 quick_test_acc=0.1802 ent=5.5076
[epoch 021] recon_mse=0.01955
[epoch 022] recon_mse=0.01946
[epoch 023] recon_mse=0.01936
[epoch 024] recon_mse=0.01926
[epoch 025] recon_mse=0.01917 quick_test_acc=0.1873 ent=5.4506
[epoch 026] recon_mse=0.01907
[epoch 027] recon_mse=0.01897
[epoch 028] recon_mse=0.01888
[epoch 029] recon_mse=0.01878
[epoch 030] recon_mse=0.01870 quick_test_acc=0.1965 ent=5.3871
[epoch 031] recon_mse=0.01862
[epoch 032] recon_mse=0.01855
[epoch 033] recon_mse=0.01848
[epoch 034] recon_mse=0.01841
[epoch 035] recon_mse=0.01835 quick_test_acc=0.2064 ent=5.3249
[epoch 036] recon_mse=0.01829
[epoch 037] recon_mse=0.01824
[epoch 038] recon_mse=0.01819
[epoch 039] recon_mse=0.01815
[epoch 040] recon_mse=0.01811 quick_test_acc=0.2124 ent=5.2512
[epoch 041] recon_mse=0.01808
[epoch 042] recon_mse=0.01804
[epoch 043] recon_mse=0.01800
[epoch 044] recon_mse=0.01797
[epoch 045] recon_mse=0.01794 quick_test_acc=0.2223 ent=5.1748
[epoch 046] recon_mse=0.01791
[epoch 047] recon_mse=0.01788
[epoch 048] recon_mse=0.01785
[epoch 049] recon_mse=0.01782
[epoch 050] recon_mse=0.01780 quick_test_acc=0.2304 ent=5.1024
[epoch 051] recon_mse=0.01778
[epoch 052] recon_mse=0.01775
[epoch 053] recon_mse=0.01773
[epoch 054] recon_mse=0.01771
[epoch 055] recon_mse=0.01768 quick_test_acc=0.2379 ent=5.0293
[epoch 056] recon_mse=0.01766
[epoch 057] recon_mse=0.01764
[epoch 058] recon_mse=0.01762
[epoch 059] recon_mse=0.01761
[epoch 060] recon_mse=0.01759 quick_test_acc=0.2476 ent=4.9597
[epoch 061] recon_mse=0.01757
[epoch 062] recon_mse=0.01755
[epoch 063] recon_mse=0.01754
[epoch 064] recon_mse=0.01751
[epoch 065] recon_mse=0.01750 quick_test_acc=0.2536 ent=4.8958
[epoch 066] recon_mse=0.01748
[epoch 067] recon_mse=0.01747
[epoch 068] recon_mse=0.01745
[epoch 069] recon_mse=0.01743
[epoch 070] recon_mse=0.01742 quick_test_acc=0.2602 ent=4.8380
[epoch 071] recon_mse=0.01740
[epoch 072] recon_mse=0.01739
[epoch 073] recon_mse=0.01737
[epoch 074] recon_mse=0.01736
[epoch 075] recon_mse=0.01734 quick_test_acc=0.2665 ent=4.7799
[epoch 076] recon_mse=0.01733
[epoch 077] recon_mse=0.01732
[epoch 078] recon_mse=0.01730
[epoch 079] recon_mse=0.01729
[epoch 080] recon_mse=0.01727 quick_test_acc=0.2724 ent=4.7347
[epoch 081] recon_mse=0.01726
[epoch 082] recon_mse=0.01725
[epoch 083] recon_mse=0.01723
[epoch 084] recon_mse=0.01721
[epoch 085] recon_mse=0.01720 quick_test_acc=0.2776 ent=4.6877
[epoch 086] recon_mse=0.01719
[epoch 087] recon_mse=0.01717
[epoch 088] recon_mse=0.01716
[epoch 089] recon_mse=0.01715
[epoch 090] recon_mse=0.01714 quick_test_acc=0.2811 ent=4.6452
[epoch 091] recon_mse=0.01712
[epoch 092] recon_mse=0.01710
[epoch 093] recon_mse=0.01709
[epoch 094] recon_mse=0.01708
[epoch 095] recon_mse=0.01707 quick_test_acc=0.2853 ent=4.6078
[epoch 096] recon_mse=0.01706
[epoch 097] recon_mse=0.01704
[epoch 098] recon_mse=0.01703
[epoch 099] recon_mse=0.01702
[epoch 100] recon_mse=0.01700 quick_test_acc=0.2900 ent=4.5734
[epoch 101] recon_mse=0.01699
[epoch 102] recon_mse=0.01698
[epoch 103] recon_mse=0.01696
[epoch 104] recon_mse=0.01695
[epoch 105] recon_mse=0.01694 quick_test_acc=0.2936 ent=4.5404
[epoch 106] recon_mse=0.01693
[epoch 107] recon_mse=0.01692
[epoch 108] recon_mse=0.01690
[epoch 109] recon_mse=0.01689
[epoch 110] recon_mse=0.01687 quick_test_acc=0.2969 ent=4.5105
[epoch 111] recon_mse=0.01687
[epoch 112] recon_mse=0.01685
[epoch 113] recon_mse=0.01684
[epoch 114] recon_mse=0.01682
[epoch 115] recon_mse=0.01682 quick_test_acc=0.2998 ent=4.4814
[epoch 116] recon_mse=0.01680
[epoch 117] recon_mse=0.01679
[epoch 118] recon_mse=0.01678
[epoch 119] recon_mse=0.01677
[epoch 120] recon_mse=0.01676 quick_test_acc=0.3023 ent=4.4572
[epoch 121] recon_mse=0.01674
[epoch 122] recon_mse=0.01673
[epoch 123] recon_mse=0.01672
[epoch 124] recon_mse=0.01670
[epoch 125] recon_mse=0.01670 quick_test_acc=0.3070 ent=4.4331
[epoch 126] recon_mse=0.01669
[epoch 127] recon_mse=0.01667
[epoch 128] recon_mse=0.01666
[epoch 129] recon_mse=0.01665
[epoch 130] recon_mse=0.01664 quick_test_acc=0.3096 ent=4.4057
[epoch 131] recon_mse=0.01663
[epoch 132] recon_mse=0.01662
[epoch 133] recon_mse=0.01660
[epoch 134] recon_mse=0.01659
[epoch 135] recon_mse=0.01658 quick_test_acc=0.3124 ent=4.3932
[epoch 136] recon_mse=0.01657
[epoch 137] recon_mse=0.01656
[epoch 138] recon_mse=0.01655
[epoch 139] recon_mse=0.01653
[epoch 140] recon_mse=0.01653 quick_test_acc=0.3152 ent=4.3699
[epoch 141] recon_mse=0.01651
[epoch 142] recon_mse=0.01650
[epoch 143] recon_mse=0.01649
[epoch 144] recon_mse=0.01648
[epoch 145] recon_mse=0.01647 quick_test_acc=0.3189 ent=4.3489
[epoch 146] recon_mse=0.01646
[epoch 147] recon_mse=0.01645
[epoch 148] recon_mse=0.01644
[epoch 149] recon_mse=0.01642
[epoch 150] recon_mse=0.01642 quick_test_acc=0.3190 ent=4.3340
[epoch 151] recon_mse=0.01640
[epoch 152] recon_mse=0.01639
[epoch 153] recon_mse=0.01639
[epoch 154] recon_mse=0.01638
[epoch 155] recon_mse=0.01636 quick_test_acc=0.3201 ent=4.3125
[epoch 156] recon_mse=0.01635
[epoch 157] recon_mse=0.01634
[epoch 158] recon_mse=0.01633
[epoch 159] recon_mse=0.01632
[epoch 160] recon_mse=0.01631 quick_test_acc=0.3246 ent=4.2994
[epoch 161] recon_mse=0.01630
[epoch 162] recon_mse=0.01629
[epoch 163] recon_mse=0.01628
[epoch 164] recon_mse=0.01627
[epoch 165] recon_mse=0.01627 quick_test_acc=0.3267 ent=4.2798
[epoch 166] recon_mse=0.01625
[epoch 167] recon_mse=0.01624
[epoch 168] recon_mse=0.01623
[epoch 169] recon_mse=0.01622
[epoch 170] recon_mse=0.01621 quick_test_acc=0.3291 ent=4.2706
[epoch 171] recon_mse=0.01620
[epoch 172] recon_mse=0.01619
[epoch 173] recon_mse=0.01618
[epoch 174] recon_mse=0.01618
[epoch 175] recon_mse=0.01616 quick_test_acc=0.3295 ent=4.2487
[epoch 176] recon_mse=0.01615
[epoch 177] recon_mse=0.01614
[epoch 178] recon_mse=0.01614
[epoch 179] recon_mse=0.01613
[epoch 180] recon_mse=0.01611 quick_test_acc=0.3317 ent=4.2370
[epoch 181] recon_mse=0.01611
[epoch 182] recon_mse=0.01610
[epoch 183] recon_mse=0.01609
[epoch 184] recon_mse=0.01608
[epoch 185] recon_mse=0.01607 quick_test_acc=0.3331 ent=4.2221
[epoch 186] recon_mse=0.01606
[epoch 187] recon_mse=0.01605
[epoch 188] recon_mse=0.01605
[epoch 189] recon_mse=0.01604
[epoch 190] recon_mse=0.01603 quick_test_acc=0.3365 ent=4.2132
[epoch 191] recon_mse=0.01602
[epoch 192] recon_mse=0.01601
[epoch 193] recon_mse=0.01600
[epoch 194] recon_mse=0.01599
[epoch 195] recon_mse=0.01598 quick_test_acc=0.3381 ent=4.1998
[epoch 196] recon_mse=0.01597
[epoch 197] recon_mse=0.01597
[epoch 198] recon_mse=0.01595
[epoch 199] recon_mse=0.01594
[epoch 200] recon_mse=0.01594 quick_test_acc=0.3392 ent=4.1846
[epoch 201] recon_mse=0.01593
[epoch 202] recon_mse=0.01592
[epoch 203] recon_mse=0.01592
[epoch 204] recon_mse=0.01591
[epoch 205] recon_mse=0.01590 quick_test_acc=0.3407 ent=4.1702
[epoch 206] recon_mse=0.01589
[epoch 207] recon_mse=0.01588
[epoch 208] recon_mse=0.01587
[epoch 209] recon_mse=0.01587
[epoch 210] recon_mse=0.01586 quick_test_acc=0.3425 ent=4.1596
[epoch 211] recon_mse=0.01585
[epoch 212] recon_mse=0.01584
[epoch 213] recon_mse=0.01583
[epoch 214] recon_mse=0.01583
[epoch 215] recon_mse=0.01582 quick_test_acc=0.3438 ent=4.1498
[epoch 216] recon_mse=0.01581
[epoch 217] recon_mse=0.01580
[epoch 218] recon_mse=0.01579
[epoch 219] recon_mse=0.01578
[epoch 220] recon_mse=0.01578 quick_test_acc=0.3477 ent=4.1392
[epoch 221] recon_mse=0.01577
[epoch 222] recon_mse=0.01576
[epoch 223] recon_mse=0.01575
[epoch 224] recon_mse=0.01575
[epoch 225] recon_mse=0.01575 quick_test_acc=0.3496 ent=4.1266
[epoch 226] recon_mse=0.01573
[epoch 227] recon_mse=0.01573
[epoch 228] recon_mse=0.01572
[epoch 229] recon_mse=0.01571
[epoch 230] recon_mse=0.01571 quick_test_acc=0.3508 ent=4.1284
[epoch 231] recon_mse=0.01570
[epoch 232] recon_mse=0.01569
[epoch 233] recon_mse=0.01568
[epoch 234] recon_mse=0.01567
[epoch 235] recon_mse=0.01567 quick_test_acc=0.3536 ent=4.1143
[epoch 236] recon_mse=0.01566
[epoch 237] recon_mse=0.01565
[epoch 238] recon_mse=0.01565
[epoch 239] recon_mse=0.01564
[epoch 240] recon_mse=0.01563 quick_test_acc=0.3541 ent=4.1021
[epoch 241] recon_mse=0.01563
[epoch 242] recon_mse=0.01561
[epoch 243] recon_mse=0.01561
[epoch 244] recon_mse=0.01561
[epoch 245] recon_mse=0.01560 quick_test_acc=0.3541 ent=4.0908
[epoch 246] recon_mse=0.01559
[epoch 247] recon_mse=0.01559
[epoch 248] recon_mse=0.01558
[epoch 249] recon_mse=0.01557
[epoch 250] recon_mse=0.01556 quick_test_acc=0.3565 ent=4.0821
[epoch 251] recon_mse=0.01556
[epoch 252] recon_mse=0.01555
[epoch 253] recon_mse=0.01554
[epoch 254] recon_mse=0.01554
[epoch 255] recon_mse=0.01553 quick_test_acc=0.3583 ent=4.0746
[epoch 256] recon_mse=0.01553
[epoch 257] recon_mse=0.01552
[epoch 258] recon_mse=0.01551
[epoch 259] recon_mse=0.01551
[epoch 260] recon_mse=0.01550 quick_test_acc=0.3583 ent=4.0654
[epoch 261] recon_mse=0.01549
[epoch 262] recon_mse=0.01549
[epoch 263] recon_mse=0.01548
[epoch 264] recon_mse=0.01548
[epoch 265] recon_mse=0.01547 quick_test_acc=0.3622 ent=4.0587
[epoch 266] recon_mse=0.01546
[epoch 267] recon_mse=0.01546
[epoch 268] recon_mse=0.01545
[epoch 269] recon_mse=0.01544
[epoch 270] recon_mse=0.01544 quick_test_acc=0.3618 ent=4.0532
[epoch 271] recon_mse=0.01543
[epoch 272] recon_mse=0.01543
[epoch 273] recon_mse=0.01541
[epoch 274] recon_mse=0.01542
[epoch 275] recon_mse=0.01541 quick_test_acc=0.3626 ent=4.0401
[epoch 276] recon_mse=0.01540
[epoch 277] recon_mse=0.01539
[epoch 278] recon_mse=0.01539
[epoch 279] recon_mse=0.01538
[epoch 280] recon_mse=0.01538 quick_test_acc=0.3643 ent=4.0358
[epoch 281] recon_mse=0.01538
[epoch 282] recon_mse=0.01537
[epoch 283] recon_mse=0.01536
[epoch 284] recon_mse=0.01535
[epoch 285] recon_mse=0.01535 quick_test_acc=0.3633 ent=4.0246
[epoch 286] recon_mse=0.01534
[epoch 287] recon_mse=0.01534
[epoch 288] recon_mse=0.01533
[epoch 289] recon_mse=0.01533
[epoch 290] recon_mse=0.01533 quick_test_acc=0.3688 ent=4.0235
[epoch 291] recon_mse=0.01531
[epoch 292] recon_mse=0.01530
[epoch 293] recon_mse=0.01530
[epoch 294] recon_mse=0.01530
[epoch 295] recon_mse=0.01529 quick_test_acc=0.3676 ent=4.0149
[epoch 296] recon_mse=0.01529
[epoch 297] recon_mse=0.01528
[epoch 298] recon_mse=0.01527
[epoch 299] recon_mse=0.01527
[epoch 300] recon_mse=0.01526 quick_test_acc=0.3704 ent=4.0064
[epoch 301] recon_mse=0.01526
[epoch 302] recon_mse=0.01526
[epoch 303] recon_mse=0.01525
[epoch 304] recon_mse=0.01525
[epoch 305] recon_mse=0.01524 quick_test_acc=0.3707 ent=4.0033
[epoch 306] recon_mse=0.01524
[epoch 307] recon_mse=0.01523
[epoch 308] recon_mse=0.01522
[epoch 309] recon_mse=0.01522
[epoch 310] recon_mse=0.01522 quick_test_acc=0.3713 ent=3.9961
[epoch 311] recon_mse=0.01521
[epoch 312] recon_mse=0.01520
[epoch 313] recon_mse=0.01520
[epoch 314] recon_mse=0.01520
[epoch 315] recon_mse=0.01519 quick_test_acc=0.3729 ent=3.9913
[epoch 316] recon_mse=0.01519
[epoch 317] recon_mse=0.01518
[epoch 318] recon_mse=0.01517
[epoch 319] recon_mse=0.01517
[epoch 320] recon_mse=0.01516 quick_test_acc=0.3746 ent=3.9828
[epoch 321] recon_mse=0.01516
[epoch 322] recon_mse=0.01516
[epoch 323] recon_mse=0.01515
[epoch 324] recon_mse=0.01514
[epoch 325] recon_mse=0.01514 quick_test_acc=0.3755 ent=3.9786
[epoch 326] recon_mse=0.01514
[epoch 327] recon_mse=0.01513
[epoch 328] recon_mse=0.01513
[epoch 329] recon_mse=0.01512
[epoch 330] recon_mse=0.01512 quick_test_acc=0.3766 ent=3.9750
[epoch 331] recon_mse=0.01511
[epoch 332] recon_mse=0.01511
[epoch 333] recon_mse=0.01510
[epoch 334] recon_mse=0.01510
[epoch 335] recon_mse=0.01509 quick_test_acc=0.3786 ent=3.9646
[epoch 336] recon_mse=0.01509
[epoch 337] recon_mse=0.01509
[epoch 338] recon_mse=0.01508
[epoch 339] recon_mse=0.01508
[epoch 340] recon_mse=0.01507 quick_test_acc=0.3804 ent=3.9644
[epoch 341] recon_mse=0.01506
[epoch 342] recon_mse=0.01506
[epoch 343] recon_mse=0.01505
[epoch 344] recon_mse=0.01505
[epoch 345] recon_mse=0.01505 quick_test_acc=0.3798 ent=3.9573
[epoch 346] recon_mse=0.01504
[epoch 347] recon_mse=0.01504
[epoch 348] recon_mse=0.01503
[epoch 349] recon_mse=0.01502
[epoch 350] recon_mse=0.01502 quick_test_acc=0.3819 ent=3.9534
[epoch 351] recon_mse=0.01502
[epoch 352] recon_mse=0.01502
[epoch 353] recon_mse=0.01501
[epoch 354] recon_mse=0.01500
[epoch 355] recon_mse=0.01500 quick_test_acc=0.3840 ent=3.9526
[epoch 356] recon_mse=0.01500
[epoch 357] recon_mse=0.01500
[epoch 358] recon_mse=0.01498
[epoch 359] recon_mse=0.01498
[epoch 360] recon_mse=0.01498 quick_test_acc=0.3836 ent=3.9471
[epoch 361] recon_mse=0.01498
[epoch 362] recon_mse=0.01498
[epoch 363] recon_mse=0.01497
[epoch 364] recon_mse=0.01497
[epoch 365] recon_mse=0.01496 quick_test_acc=0.3849 ent=3.9382
[epoch 366] recon_mse=0.01496
[epoch 367] recon_mse=0.01495
[epoch 368] recon_mse=0.01495
[epoch 369] recon_mse=0.01495
[epoch 370] recon_mse=0.01494 quick_test_acc=0.3850 ent=3.9389
[epoch 371] recon_mse=0.01494
[epoch 372] recon_mse=0.01494
[epoch 373] recon_mse=0.01493
[epoch 374] recon_mse=0.01492
[epoch 375] recon_mse=0.01492 quick_test_acc=0.3846 ent=3.9285
[epoch 376] recon_mse=0.01491
[epoch 377] recon_mse=0.01492
[epoch 378] recon_mse=0.01491
[epoch 379] recon_mse=0.01490
[epoch 380] recon_mse=0.01490 quick_test_acc=0.3858 ent=3.9272
[epoch 381] recon_mse=0.01490
[epoch 382] recon_mse=0.01489
[epoch 383] recon_mse=0.01489
[epoch 384] recon_mse=0.01489
[epoch 385] recon_mse=0.01488 quick_test_acc=0.3862 ent=3.9212
[epoch 386] recon_mse=0.01488
[epoch 387] recon_mse=0.01488
[epoch 388] recon_mse=0.01487
[epoch 389] recon_mse=0.01487
[epoch 390] recon_mse=0.01486 quick_test_acc=0.3903 ent=3.9173
[epoch 391] recon_mse=0.01486
[epoch 392] recon_mse=0.01486
[epoch 393] recon_mse=0.01485
[epoch 394] recon_mse=0.01485
[epoch 395] recon_mse=0.01485 quick_test_acc=0.3886 ent=3.9128
[epoch 396] recon_mse=0.01484
[epoch 397] recon_mse=0.01483
[epoch 398] recon_mse=0.01484
[epoch 399] recon_mse=0.01483
[epoch 400] recon_mse=0.01482 quick_test_acc=0.3893 ent=3.9086
[epoch 401] recon_mse=0.01483
[epoch 402] recon_mse=0.01482
[epoch 403] recon_mse=0.01482
[epoch 404] recon_mse=0.01481
[epoch 405] recon_mse=0.01481 quick_test_acc=0.3905 ent=3.9107
[epoch 406] recon_mse=0.01480
[epoch 407] recon_mse=0.01480
[epoch 408] recon_mse=0.01480
[epoch 409] recon_mse=0.01480
[epoch 410] recon_mse=0.01480 quick_test_acc=0.3920 ent=3.9104
[epoch 411] recon_mse=0.01479
[epoch 412] recon_mse=0.01479
[epoch 413] recon_mse=0.01478
[epoch 414] recon_mse=0.01478
[epoch 415] recon_mse=0.01477 quick_test_acc=0.3913 ent=3.9010
[epoch 416] recon_mse=0.01477
[epoch 417] recon_mse=0.01477
[epoch 418] recon_mse=0.01477
[epoch 419] recon_mse=0.01476
[epoch 420] recon_mse=0.01476 quick_test_acc=0.3905 ent=3.8986
[epoch 421] recon_mse=0.01476
[epoch 422] recon_mse=0.01476
[epoch 423] recon_mse=0.01475
[epoch 424] recon_mse=0.01475
[epoch 425] recon_mse=0.01474 quick_test_acc=0.3912 ent=3.8963
[epoch 426] recon_mse=0.01474
[epoch 427] recon_mse=0.01474
[epoch 428] recon_mse=0.01473
[epoch 429] recon_mse=0.01473
[epoch 430] recon_mse=0.01473 quick_test_acc=0.3914 ent=3.8929
[epoch 431] recon_mse=0.01472
[epoch 432] recon_mse=0.01472
[epoch 433] recon_mse=0.01472
[epoch 434] recon_mse=0.01471
[epoch 435] recon_mse=0.01471 quick_test_acc=0.3948 ent=3.8879
[epoch 436] recon_mse=0.01471
[epoch 437] recon_mse=0.01471
[epoch 438] recon_mse=0.01470
[epoch 439] recon_mse=0.01469
[epoch 440] recon_mse=0.01469 quick_test_acc=0.3944 ent=3.8888
[epoch 441] recon_mse=0.01469
[epoch 442] recon_mse=0.01469
[epoch 443] recon_mse=0.01469
[epoch 444] recon_mse=0.01468
[epoch 445] recon_mse=0.01468 quick_test_acc=0.3972 ent=3.8820
[epoch 446] recon_mse=0.01467
[epoch 447] recon_mse=0.01467
[epoch 448] recon_mse=0.01467
[epoch 449] recon_mse=0.01467
[epoch 450] recon_mse=0.01466 quick_test_acc=0.3952 ent=3.8819
[full_eval_best] {
  "created_at": "2026-06-21 13:23:31",
  "ckpt": "/home/Hongjie_Zeng/high_order_BM/runs_vggsound_full_AF029_standard_audio_paperresnet50_meanstd4096_h6_lc5_e450/best.pt",
  "ckpt_epoch": 445,
  "ckpt_best_acc": 0.3971709797275275,
  "eval_steps": 3000,
  "eval_burn_in": 500,
  "eval_thin": 2,
  "test_label_gibbs_acc": 0.3878495534841275,
  "test_label_entropy": 3.904763090610504,
  "computed_dims": {
    "input_dim": 4096,
    "label_dim": 1545,
    "hidden_dim": 24576,
    "total_pbits": 30217,
    "num_classes": 309
  },
  "data_dims": {
    "feature_npz": "/home/Hongjie_Zeng/high_order_BM/data_vggsound_full/features/vggsound_full_audio_paperresnet50_seqmeanstd4096_chunks4_w500_seed123.npz",
    "train_size": 182615,
    "test_size": 15341,
    "num_classes": 309,
    "class_names": [
      "air conditioning noise",
      "air horn",
      "airplane",
      "airplane flyby",
      "alarm clock ringing",
      "alligators, crocodiles hissing",
      "ambulance siren",
      "arc welding",
      "baby babbling",
      "baby crying",
      "baby laughter",
      "baltimore oriole calling",
      "barn swallow calling",
      "basketball bounce",
      "bathroom ventilation fan running",
      "beat boxing",
      "bee, wasp, etc. buzzing",
      "bird chirping, tweeting",
      "bird squawking",
      "bird wings flapping",
      "black capped chickadee calling",
      "blowtorch igniting",
      "bouncing on trampoline",
      "bowling impact",
      "bull bellowing",
      "canary calling",
      "cap gun shooting",
      "car engine idling",
      "car engine knocking",
      "car engine starting",
      "car passing by",
      "cat caterwauling",
      "cat growling",
      "cat hissing",
      "cat meowing",
      "cat purring",
      "cattle mooing",
      "cattle, bovinae cowbell",
      "cell phone buzzing",
      "chainsawing trees",
      "cheetah chirrup",
      "chicken clucking",
      "chicken crowing",
      "child singing",
      "child speech, kid speaking",
      "children shouting",
      "chimpanzee pant-hooting",
      "chinchilla barking",
      "chipmunk chirping",
      "chopping food",
      "chopping wood",
      "church bell ringing",
      "civil defense siren",
      "cow lowing",
      "coyote howling",
      "cricket chirping",
      "crow cawing",
      "cuckoo bird calling",
      "cupboard opening or closing",
      "cutting hair with electric trimmers",
      "dinosaurs bellowing",
      "disc scratching",
      "dog barking",
      "dog baying",
      "dog bow-wow",
      "dog growling",
      "dog howling",
      "dog whimpering",
      "donkey, ass braying",
      "door slamming",
      "driving buses",
      "driving motorcycle",
      "driving snowmobile",
      "duck quacking",
      "eagle screaming",
      "eating with cutlery",
      "electric grinder grinding",
      "electric shaver, electric razor shaving",
      "elephant trumpeting",
      "eletric blender running",
      "elk bugling",
      "engine accelerating, revving, vroom",
      "female singing",
      "female speech, woman speaking",
      "ferret dooking",
      "fire crackling",
      "fire truck siren",
      "fireworks banging",
      "firing cannon",
      "firing muskets",
      "fly, housefly buzzing",
      "foghorn",
      "footsteps on snow",
      "forging swords",
      "fox barking",
      "francolin calling",
      "frog croaking",
      "gibbon howling",
      "goat bleating",
      "golf driving",
      "goose honking",
      "hail",
      "hair dryer drying",
      "hammering nails",
      "heart sounds, heartbeat",
      "hedge trimmer running",
      "helicopter",
      "horse clip-clop",
      "horse neighing",
      "ice cracking",
      "ice cream truck, ice cream van",
      "lathe spinning",
      "lawn mowing",
      "lighting firecrackers",
      "lions growling",
      "lions roaring",
      "lip smacking",
      "machine gun shooting",
      "magpie calling",
      "male singing",
      "male speech, man speaking",
      "metronome",
      "missile launch",
      "mosquito buzzing",
      "motorboat, speedboat acceleration",
      "mouse clicking",
      "mouse pattering",
      "mouse squeaking",
      "mynah bird singing",
      "ocean burbling",
      "opening or closing car doors",
      "opening or closing car electric windows",
      "opening or closing drawers",
      "orchestra",
      "otter growling",
      "owl hooting",
      "parrot talking",
      "penguins braying",
      "people babbling",
      "people battle cry",
      "people belly laughing",
      "people booing",
      "people burping",
      "people cheering",
      "people clapping",
      "people coughing",
      "people crowd",
      "people eating",
      "people eating apple",
      "people eating crisps",
      "people eating noodle",
      "people farting",
      "people finger snapping",
      "people gargling",
      "people giggling",
      "people hiccup",
      "people humming",
      "people marching",
      "people nose blowing",
      "people running",
      "people screaming",
      "people shuffling",
      "people slapping",
      "people slurping",
      "people sneezing",
      "people sniggering",
      "people sobbing",
      "people whispering",
      "people whistling",
      "pheasant crowing",
      "pig oinking",
      "pigeon, dove cooing",
      "planing timber",
      "plastic bottle crushing",
      "playing accordion",
      "playing acoustic guitar",
      "playing badminton",
      "playing bagpipes",
      "playing banjo",
      "playing bass drum",
      "playing bass guitar",
      "playing bassoon",
      "playing bongo",
      "playing bugle",
      "playing castanets",
      "playing cello",
      "playing clarinet",
      "playing congas",
      "playing cornet",
      "playing cymbal",
      "playing darts",
      "playing didgeridoo",
      "playing djembe",
      "playing double bass",
      "playing drum kit",
      "playing electric guitar",
      "playing electronic organ",
      "playing erhu",
      "playing flute",
      "playing french horn",
      "playing glockenspiel",
      "playing gong",
      "playing guiro",
      "playing hammond organ",
      "playing harmonica",
      "playing harp",
      "playing harpsichord",
      "playing hockey",
      "playing lacrosse",
      "playing mandolin",
      "playing marimba, xylophone",
      "playing oboe",
      "playing piano",
      "playing saxophone",
      "playing shofar",
      "playing sitar",
      "playing snare drum",
      "playing squash",
      "playing steel guitar, slide guitar",
      "playing steelpan",
      "playing synthesizer",
      "playing tabla",
      "playing table tennis",
      "playing tambourine",
      "playing tennis",
      "playing theremin",
      "playing timbales",
      "playing timpani",
      "playing trombone",
      "playing trumpet",
      "playing tuning fork",
      "playing tympani",
      "playing ukulele",
      "playing vibraphone",
      "playing violin, fiddle",
      "playing volleyball",
      "playing washboard",
      "playing zither",
      "police car (siren)",
      "police radio chatter",
      "popping popcorn",
      "printer printing",
      "pumping water",
      "race car, auto racing",
      "railroad car, train wagon",
      "raining",
      "rapping",
      "reversing beeps",
      "ripping paper",
      "roller coaster running",
      "rope skipping",
      "rowboat, canoe, kayak rowing",
      "running electric fan",
      "sailing",
      "scuba diving",
      "sea lion barking",
      "sea waves",
      "sharpen knife",
      "sheep bleating",
      "shot football",
      "singing bowl",
      "singing choir",
      "skateboarding",
      "skidding",
      "skiing",
      "sliding door",
      "sloshing water",
      "slot machine",
      "smoke detector beeping",
      "snake hissing",
      "snake rattling",
      "splashing water",
      "spraying water",
      "squishing water",
      "stream burbling",
      "strike lighter",
      "striking bowling",
      "striking pool",
      "subway, metro, underground",
      "swimming",
      "tap dancing",
      "tapping guitar",
      "telephone bell ringing",
      "thunder",
      "toilet flushing",
      "tornado roaring",
      "tractor digging",
      "train horning",
      "train wheels squealing",
      "train whistling",
      "turkey gobbling",
      "typing on computer keyboard",
      "typing on typewriter",
      "underwater bubbling",
      "using sewing machines",
      "vacuum cleaner cleaning floors",
      "vehicle horn, car horn, honking",
      "volcano explosion",
      "warbler chirping",
      "waterfall burbling",
      "whale calling",
      "wind chime",
      "wind noise",
      "wind rustling leaves",
      "wood thrush calling",
      "woodpecker pecking tree",
      "writing on blackboard with chalk",
      "yodelling",
      "zebra braying"
    ],
    "video_dim": 1,
    "motion_dim": 1,
    "audio_dim": 4096
  }
}
{
  "experiment_id": "AF029",
  "finished_at": "2026-06-21 13:23:31",
  "model_type": "standard",
  "best_epoch": 445,
  "best_acc_selection_metric": 0.3971709797275275,
  "final_epoch": 450,
  "final_test_label_gibbs_acc": 0.3952154357603807,
  "full_eval_best_acc": 0.3878495534841275,
  "computed_dims": {
    "input_dim": 4096,
    "label_dim": 1545,
    "hidden_dim": 24576,
    "total_pbits": 30217,
    "num_classes": 309
  },
  "data_dims": {
    "feature_npz": "/home/Hongjie_Zeng/high_order_BM/data_vggsound_full/features/vggsound_full_audio_paperresnet50_seqmeanstd4096_chunks4_w500_seed123.npz",
    "train_size": 182615,
    "test_size": 15341,
    "num_classes": 309,
    "class_names": [
      "air conditioning noise",
      "air horn",
      "airplane",
      "airplane flyby",
      "alarm clock ringing",
      "alligators, crocodiles hissing",
      "ambulance siren",
      "arc welding",
      "baby babbling",
      "baby crying",
      "baby laughter",
      "baltimore oriole calling",
      "barn swallow calling",
      "basketball bounce",
      "bathroom ventilation fan running",
      "beat boxing",
      "bee, wasp, etc. buzzing",
      "bird chirping, tweeting",
      "bird squawking",
      "bird wings flapping",
      "black capped chickadee calling",
      "blowtorch igniting",
      "bouncing on trampoline",
      "bowling impact",
      "bull bellowing",
      "canary calling",
      "cap gun shooting",
      "car engine idling",
      "car engine knocking",
      "car engine starting",
      "car passing by",
      "cat caterwauling",
      "cat growling",
      "cat hissing",
      "cat meowing",
      "cat purring",
      "cattle mooing",
      "cattle, bovinae cowbell",
      "cell phone buzzing",
      "chainsawing trees",
      "cheetah chirrup",
      "chicken clucking",
      "chicken crowing",
      "child singing",
      "child speech, kid speaking",
      "children shouting",
      "chimpanzee pant-hooting",
      "chinchilla barking",
      "chipmunk chirping",
      "chopping food",
      "chopping wood",
      "church bell ringing",
      "civil defense siren",
      "cow lowing",
      "coyote howling",
      "cricket chirping",
      "crow cawing",
      "cuckoo bird calling",
      "cupboard opening or closing",
      "cutting hair with electric trimmers",
      "dinosaurs bellowing",
      "disc scratching",
      "dog barking",
      "dog baying",
      "dog bow-wow",
      "dog growling",
      "dog howling",
      "dog whimpering",
      "donkey, ass braying",
      "door slamming",
      "driving buses",
      "driving motorcycle",
      "driving snowmobile",
      "duck quacking",
      "eagle screaming",
      "eating with cutlery",
      "electric grinder grinding",
      "electric shaver, electric razor shaving",
      "elephant trumpeting",
      "eletric blender running",
      "elk bugling",
      "engine accelerating, revving, vroom",
      "female singing",
      "female speech, woman speaking",
      "ferret dooking",
      "fire crackling",
      "fire truck siren",
      "fireworks banging",
      "firing cannon",
      "firing muskets",
      "fly, housefly buzzing",
      "foghorn",
      "footsteps on snow",
      "forging swords",
      "fox barking",
      "francolin calling",
      "frog croaking",
      "gibbon howling",
      "goat bleating",
      "golf driving",
      "goose honking",
      "hail",
      "hair dryer drying",
      "hammering nails",
      "heart sounds, heartbeat",
      "hedge trimmer running",
      "helicopter",
      "horse clip-clop",
      "horse neighing",
      "ice cracking",
      "ice cream truck, ice cream van",
      "lathe spinning",
      "lawn mowing",
      "lighting firecrackers",
      "lions growling",
      "lions roaring",
      "lip smacking",
      "machine gun shooting",
      "magpie calling",
      "male singing",
      "male speech, man speaking",
      "metronome",
      "missile launch",
      "mosquito buzzing",
      "motorboat, speedboat acceleration",
      "mouse clicking",
      "mouse pattering",
      "mouse squeaking",
      "mynah bird singing",
      "ocean burbling",
      "opening or closing car doors",
      "opening or closing car electric windows",
      "opening or closing drawers",
      "orchestra",
      "otter growling",
      "owl hooting",
      "parrot talking",
      "penguins braying",
      "people babbling",
      "people battle cry",
      "people belly laughing",
      "people booing",
      "people burping",
      "people cheering",
      "people clapping",
      "people coughing",
      "people crowd",
      "people eating",
      "people eating apple",
      "people eating crisps",
      "people eating noodle",
      "people farting",
      "people finger snapping",
      "people gargling",
      "people giggling",
      "people hiccup",
      "people humming",
      "people marching",
      "people nose blowing",
      "people running",
      "people screaming",
      "people shuffling",
      "people slapping",
      "people slurping",
      "people sneezing",
      "people sniggering",
      "people sobbing",
      "people whispering",
      "people whistling",
      "pheasant crowing",
      "pig oinking",
      "pigeon, dove cooing",
      "planing timber",
      "plastic bottle crushing",
      "playing accordion",
      "playing acoustic guitar",
      "playing badminton",
      "playing bagpipes",
      "playing banjo",
      "playing bass drum",
      "playing bass guitar",
      "playing bassoon",
      "playing bongo",
      "playing bugle",
      "playing castanets",
      "playing cello",
      "playing clarinet",
      "playing congas",
      "playing cornet",
      "playing cymbal",
      "playing darts",
      "playing didgeridoo",
      "playing djembe",
      "playing double bass",
      "playing drum kit",
      "playing electric guitar",
      "playing electronic organ",
      "playing erhu",
      "playing flute",
      "playing french horn",
      "playing glockenspiel",
      "playing gong",
      "playing guiro",
      "playing hammond organ",
      "playing harmonica",
      "playing harp",
      "playing harpsichord",
      "playing hockey",
      "playing lacrosse",
      "playing mandolin",
      "playing marimba, xylophone",
      "playing oboe",
      "playing piano",
      "playing saxophone",
      "playing shofar",
      "playing sitar",
      "playing snare drum",
      "playing squash",
      "playing steel guitar, slide guitar",
      "playing steelpan",
      "playing synthesizer",
      "playing tabla",
      "playing table tennis",
      "playing tambourine",
      "playing tennis",
      "playing theremin",
      "playing timbales",
      "playing timpani",
      "playing trombone",
      "playing trumpet",
      "playing tuning fork",
      "playing tympani",
      "playing ukulele",
      "playing vibraphone",
      "playing violin, fiddle",
      "playing volleyball",
      "playing washboard",
      "playing zither",
      "police car (siren)",
      "police radio chatter",
      "popping popcorn",
      "printer printing",
      "pumping water",
      "race car, auto racing",
      "railroad car, train wagon",
      "raining",
      "rapping",
      "reversing beeps",
      "ripping paper",
      "roller coaster running",
      "rope skipping",
      "rowboat, canoe, kayak rowing",
      "running electric fan",
      "sailing",
      "scuba diving",
      "sea lion barking",
      "sea waves",
      "sharpen knife",
      "sheep bleating",
      "shot football",
      "singing bowl",
      "singing choir",
      "skateboarding",
      "skidding",
      "skiing",
      "sliding door",
      "sloshing water",
      "slot machine",
      "smoke detector beeping",
      "snake hissing",
      "snake rattling",
      "splashing water",
      "spraying water",
      "squishing water",
      "stream burbling",
      "strike lighter",
      "striking bowling",
      "striking pool",
      "subway, metro, underground",
      "swimming",
      "tap dancing",
      "tapping guitar",
      "telephone bell ringing",
      "thunder",
      "toilet flushing",
      "tornado roaring",
      "tractor digging",
      "train horning",
      "train wheels squealing",
      "train whistling",
      "turkey gobbling",
      "typing on computer keyboard",
      "typing on typewriter",
      "underwater bubbling",
      "using sewing machines",
      "vacuum cleaner cleaning floors",
      "vehicle horn, car horn, honking",
      "volcano explosion",
      "warbler chirping",
      "waterfall burbling",
      "whale calling",
      "wind chime",
      "wind noise",
      "wind rustling leaves",
      "wood thrush calling",
      "woodpecker pecking tree",
      "writing on blackboard with chalk",
      "yodelling",
      "zebra braying"
    ],
    "video_dim": 1,
    "motion_dim": 1,
    "audio_dim": 4096
  },
  "out_dir": "/home/Hongjie_Zeng/high_order_BM/runs_vggsound_full_AF029_standard_audio_paperresnet50_meanstd4096_h6_lc5_e450"
}
