[data] train=182615 test=15341 classes=309 video=4096 motion=1 audio=1 device=cuda
[model] standard input=4096 label=1545 hidden=32768 total=38409 mode=video
[init] estimating visible bias from training set
[epoch 001] recon_mse=0.04270
[epoch 002] recon_mse=0.03428
[epoch 003] recon_mse=0.02941
[epoch 004] recon_mse=0.02639
[epoch 005] recon_mse=0.02414 quick_test_acc=0.0681 ent=5.5866
[epoch 006] recon_mse=0.02236
[epoch 007] recon_mse=0.02100
[epoch 008] recon_mse=0.02009
[epoch 009] recon_mse=0.01951
[epoch 010] recon_mse=0.01914 quick_test_acc=0.1086 ent=5.5871
[epoch 011] recon_mse=0.01886
[epoch 012] recon_mse=0.01866
[epoch 013] recon_mse=0.01849
[epoch 014] recon_mse=0.01836
[epoch 015] recon_mse=0.01826 quick_test_acc=0.1556 ent=5.5803
[epoch 016] recon_mse=0.01817
[epoch 017] recon_mse=0.01809
[epoch 018] recon_mse=0.01803
[epoch 019] recon_mse=0.01797
[epoch 020] recon_mse=0.01792 quick_test_acc=0.1760 ent=5.5657
[epoch 021] recon_mse=0.01788
[epoch 022] recon_mse=0.01783
[epoch 023] recon_mse=0.01780
[epoch 024] recon_mse=0.01777
[epoch 025] recon_mse=0.01773 quick_test_acc=0.1956 ent=5.5401
[epoch 026] recon_mse=0.01771
[epoch 027] recon_mse=0.01768
[epoch 028] recon_mse=0.01764
[epoch 029] recon_mse=0.01762
[epoch 030] recon_mse=0.01759 quick_test_acc=0.2086 ent=5.5012
[epoch 031] recon_mse=0.01757
[epoch 032] recon_mse=0.01754
[epoch 033] recon_mse=0.01751
[epoch 034] recon_mse=0.01749
[epoch 035] recon_mse=0.01745 quick_test_acc=0.2203 ent=5.4506
[epoch 036] recon_mse=0.01742
[epoch 037] recon_mse=0.01739
[epoch 038] recon_mse=0.01737
[epoch 039] recon_mse=0.01734
[epoch 040] recon_mse=0.01731 quick_test_acc=0.2279 ent=5.3881
[epoch 041] recon_mse=0.01728
[epoch 042] recon_mse=0.01725
[epoch 043] recon_mse=0.01722
[epoch 044] recon_mse=0.01718
[epoch 045] recon_mse=0.01716 quick_test_acc=0.2362 ent=5.3174
[epoch 046] recon_mse=0.01712
[epoch 047] recon_mse=0.01709
[epoch 048] recon_mse=0.01706
[epoch 049] recon_mse=0.01703
[epoch 050] recon_mse=0.01699 quick_test_acc=0.2445 ent=5.2451
[epoch 051] recon_mse=0.01696
[epoch 052] recon_mse=0.01693
[epoch 053] recon_mse=0.01689
[epoch 054] recon_mse=0.01686
[epoch 055] recon_mse=0.01683 quick_test_acc=0.2520 ent=5.1693
[epoch 056] recon_mse=0.01680
[epoch 057] recon_mse=0.01677
[epoch 058] recon_mse=0.01674
[epoch 059] recon_mse=0.01671
[epoch 060] recon_mse=0.01668 quick_test_acc=0.2582 ent=5.0951
[epoch 061] recon_mse=0.01665
[epoch 062] recon_mse=0.01662
[epoch 063] recon_mse=0.01659
[epoch 064] recon_mse=0.01655
[epoch 065] recon_mse=0.01653 quick_test_acc=0.2656 ent=5.0263
[epoch 066] recon_mse=0.01650
[epoch 067] recon_mse=0.01647
[epoch 068] recon_mse=0.01644
[epoch 069] recon_mse=0.01641
[epoch 070] recon_mse=0.01638 quick_test_acc=0.2722 ent=4.9593
[epoch 071] recon_mse=0.01635
[epoch 072] recon_mse=0.01632
[epoch 073] recon_mse=0.01629
[epoch 074] recon_mse=0.01627
[epoch 075] recon_mse=0.01623 quick_test_acc=0.2783 ent=4.9002
[epoch 076] recon_mse=0.01621
[epoch 077] recon_mse=0.01618
[epoch 078] recon_mse=0.01615
[epoch 079] recon_mse=0.01612
[epoch 080] recon_mse=0.01610 quick_test_acc=0.2837 ent=4.8411
[epoch 081] recon_mse=0.01607
[epoch 082] recon_mse=0.01605
[epoch 083] recon_mse=0.01602
[epoch 084] recon_mse=0.01599
[epoch 085] recon_mse=0.01597 quick_test_acc=0.2892 ent=4.7874
[epoch 086] recon_mse=0.01594
[epoch 087] recon_mse=0.01592
[epoch 088] recon_mse=0.01589
[epoch 089] recon_mse=0.01587
[epoch 090] recon_mse=0.01584 quick_test_acc=0.2967 ent=4.7420
[epoch 091] recon_mse=0.01582
[epoch 092] recon_mse=0.01580
[epoch 093] recon_mse=0.01577
[epoch 094] recon_mse=0.01575
[epoch 095] recon_mse=0.01572 quick_test_acc=0.3010 ent=4.6930
[epoch 096] recon_mse=0.01570
[epoch 097] recon_mse=0.01567
[epoch 098] recon_mse=0.01566
[epoch 099] recon_mse=0.01563
[epoch 100] recon_mse=0.01561 quick_test_acc=0.3063 ent=4.6505
[epoch 101] recon_mse=0.01558
[epoch 102] recon_mse=0.01556
[epoch 103] recon_mse=0.01554
[epoch 104] recon_mse=0.01552
[epoch 105] recon_mse=0.01550 quick_test_acc=0.3096 ent=4.6144
[epoch 106] recon_mse=0.01547
[epoch 107] recon_mse=0.01545
[epoch 108] recon_mse=0.01543
[epoch 109] recon_mse=0.01541
[epoch 110] recon_mse=0.01539 quick_test_acc=0.3145 ent=4.5782
[epoch 111] recon_mse=0.01536
[epoch 112] recon_mse=0.01534
[epoch 113] recon_mse=0.01532
[epoch 114] recon_mse=0.01530
[epoch 115] recon_mse=0.01528 quick_test_acc=0.3186 ent=4.5394
[epoch 116] recon_mse=0.01526
[epoch 117] recon_mse=0.01524
[epoch 118] recon_mse=0.01522
[epoch 119] recon_mse=0.01520
[epoch 120] recon_mse=0.01518 quick_test_acc=0.3218 ent=4.5055
[epoch 121] recon_mse=0.01516
[epoch 122] recon_mse=0.01514
[epoch 123] recon_mse=0.01512
[epoch 124] recon_mse=0.01510
[epoch 125] recon_mse=0.01508 quick_test_acc=0.3265 ent=4.4788
[epoch 126] recon_mse=0.01507
[epoch 127] recon_mse=0.01505
[epoch 128] recon_mse=0.01503
[epoch 129] recon_mse=0.01501
[epoch 130] recon_mse=0.01499 quick_test_acc=0.3310 ent=4.4448
[epoch 131] recon_mse=0.01498
[epoch 132] recon_mse=0.01496
[epoch 133] recon_mse=0.01494
[epoch 134] recon_mse=0.01492
[epoch 135] recon_mse=0.01490 quick_test_acc=0.3338 ent=4.4145
[epoch 136] recon_mse=0.01488
[epoch 137] recon_mse=0.01487
[epoch 138] recon_mse=0.01485
[epoch 139] recon_mse=0.01483
[epoch 140] recon_mse=0.01482 quick_test_acc=0.3368 ent=4.3915
[epoch 141] recon_mse=0.01480
[epoch 142] recon_mse=0.01478
[epoch 143] recon_mse=0.01477
[epoch 144] recon_mse=0.01475
[epoch 145] recon_mse=0.01474 quick_test_acc=0.3398 ent=4.3633
[epoch 146] recon_mse=0.01472
[epoch 147] recon_mse=0.01470
[epoch 148] recon_mse=0.01469
[epoch 149] recon_mse=0.01467
[epoch 150] recon_mse=0.01466 quick_test_acc=0.3438 ent=4.3407
[epoch 151] recon_mse=0.01464
[epoch 152] recon_mse=0.01463
[epoch 153] recon_mse=0.01461
[epoch 154] recon_mse=0.01460
[epoch 155] recon_mse=0.01458 quick_test_acc=0.3465 ent=4.3178
[epoch 156] recon_mse=0.01456
[epoch 157] recon_mse=0.01455
[epoch 158] recon_mse=0.01454
[epoch 159] recon_mse=0.01452
[epoch 160] recon_mse=0.01451 quick_test_acc=0.3481 ent=4.2897
[epoch 161] recon_mse=0.01450
[epoch 162] recon_mse=0.01448
[epoch 163] recon_mse=0.01447
[epoch 164] recon_mse=0.01445
[epoch 165] recon_mse=0.01444 quick_test_acc=0.3508 ent=4.2682
[epoch 166] recon_mse=0.01442
[epoch 167] recon_mse=0.01441
[epoch 168] recon_mse=0.01440
[epoch 169] recon_mse=0.01438
[epoch 170] recon_mse=0.01437 quick_test_acc=0.3528 ent=4.2439
[epoch 171] recon_mse=0.01436
[epoch 172] recon_mse=0.01435
[epoch 173] recon_mse=0.01433
[epoch 174] recon_mse=0.01432
[epoch 175] recon_mse=0.01431 quick_test_acc=0.3541 ent=4.2258
[epoch 176] recon_mse=0.01430
[epoch 177] recon_mse=0.01428
[epoch 178] recon_mse=0.01427
[epoch 179] recon_mse=0.01426
[epoch 180] recon_mse=0.01424 quick_test_acc=0.3562 ent=4.2053
[epoch 181] recon_mse=0.01423
[epoch 182] recon_mse=0.01422
[epoch 183] recon_mse=0.01421
[epoch 184] recon_mse=0.01420
[epoch 185] recon_mse=0.01418 quick_test_acc=0.3587 ent=4.1855
[epoch 186] recon_mse=0.01418
[epoch 187] recon_mse=0.01416
[epoch 188] recon_mse=0.01415
[epoch 189] recon_mse=0.01414
[epoch 190] recon_mse=0.01413 quick_test_acc=0.3599 ent=4.1665
[epoch 191] recon_mse=0.01412
[epoch 192] recon_mse=0.01410
[epoch 193] recon_mse=0.01409
[epoch 194] recon_mse=0.01408
[epoch 195] recon_mse=0.01408 quick_test_acc=0.3626 ent=4.1477
[epoch 196] recon_mse=0.01406
[epoch 197] recon_mse=0.01406
[epoch 198] recon_mse=0.01404
[epoch 199] recon_mse=0.01403
[epoch 200] recon_mse=0.01402 quick_test_acc=0.3658 ent=4.1236
[epoch 201] recon_mse=0.01401
[epoch 202] recon_mse=0.01400
[epoch 203] recon_mse=0.01399
[epoch 204] recon_mse=0.01398
[epoch 205] recon_mse=0.01397 quick_test_acc=0.3647 ent=4.1072
[epoch 206] recon_mse=0.01396
[epoch 207] recon_mse=0.01395
[epoch 208] recon_mse=0.01394
[epoch 209] recon_mse=0.01393
[epoch 210] recon_mse=0.01392 quick_test_acc=0.3683 ent=4.0915
[epoch 211] recon_mse=0.01391
[epoch 212] recon_mse=0.01390
[epoch 213] recon_mse=0.01389
[epoch 214] recon_mse=0.01389
[epoch 215] recon_mse=0.01388 quick_test_acc=0.3692 ent=4.0614
[epoch 216] recon_mse=0.01387
[epoch 217] recon_mse=0.01386
[epoch 218] recon_mse=0.01385
[epoch 219] recon_mse=0.01384
[epoch 220] recon_mse=0.01383 quick_test_acc=0.3710 ent=4.0537
[epoch 221] recon_mse=0.01382
[epoch 222] recon_mse=0.01381
[epoch 223] recon_mse=0.01380
[epoch 224] recon_mse=0.01380
[epoch 225] recon_mse=0.01379 quick_test_acc=0.3729 ent=4.0372
[epoch 226] recon_mse=0.01378
[epoch 227] recon_mse=0.01377
[epoch 228] recon_mse=0.01376
[epoch 229] recon_mse=0.01375
[epoch 230] recon_mse=0.01374 quick_test_acc=0.3747 ent=4.0204
[epoch 231] recon_mse=0.01374
[epoch 232] recon_mse=0.01372
[epoch 233] recon_mse=0.01372
[epoch 234] recon_mse=0.01371
[epoch 235] recon_mse=0.01370 quick_test_acc=0.3743 ent=3.9973
[epoch 236] recon_mse=0.01370
[epoch 237] recon_mse=0.01369
[epoch 238] recon_mse=0.01368
[epoch 239] recon_mse=0.01367
[epoch 240] recon_mse=0.01366 quick_test_acc=0.3768 ent=3.9857
[epoch 241] recon_mse=0.01366
[epoch 242] recon_mse=0.01365
[epoch 243] recon_mse=0.01364
[epoch 244] recon_mse=0.01363
[epoch 245] recon_mse=0.01363 quick_test_acc=0.3796 ent=3.9674
[epoch 246] recon_mse=0.01362
[epoch 247] recon_mse=0.01361
[epoch 248] recon_mse=0.01360
[epoch 249] recon_mse=0.01360
[epoch 250] recon_mse=0.01359 quick_test_acc=0.3797 ent=3.9501
[epoch 251] recon_mse=0.01358
[epoch 252] recon_mse=0.01357
[epoch 253] recon_mse=0.01357
[epoch 254] recon_mse=0.01356
[epoch 255] recon_mse=0.01355 quick_test_acc=0.3822 ent=3.9361
[epoch 256] recon_mse=0.01355
[epoch 257] recon_mse=0.01354
[epoch 258] recon_mse=0.01353
[epoch 259] recon_mse=0.01353
[epoch 260] recon_mse=0.01352 quick_test_acc=0.3835 ent=3.9254
[epoch 261] recon_mse=0.01351
[epoch 262] recon_mse=0.01350
[epoch 263] recon_mse=0.01350
[epoch 264] recon_mse=0.01349
[epoch 265] recon_mse=0.01349 quick_test_acc=0.3843 ent=3.9054
[epoch 266] recon_mse=0.01348
[epoch 267] recon_mse=0.01348
[epoch 268] recon_mse=0.01347
[epoch 269] recon_mse=0.01346
[epoch 270] recon_mse=0.01345 quick_test_acc=0.3867 ent=3.8913
[epoch 271] recon_mse=0.01345
[epoch 272] recon_mse=0.01345
[epoch 273] recon_mse=0.01344
[epoch 274] recon_mse=0.01343
[epoch 275] recon_mse=0.01342 quick_test_acc=0.3868 ent=3.8756
[epoch 276] recon_mse=0.01342
[epoch 277] recon_mse=0.01342
[epoch 278] recon_mse=0.01341
[epoch 279] recon_mse=0.01340
[epoch 280] recon_mse=0.01339 quick_test_acc=0.3888 ent=3.8624
[epoch 281] recon_mse=0.01339
[epoch 282] recon_mse=0.01338
[epoch 283] recon_mse=0.01338
[epoch 284] recon_mse=0.01337
[epoch 285] recon_mse=0.01337 quick_test_acc=0.3897 ent=3.8504
[epoch 286] recon_mse=0.01336
[epoch 287] recon_mse=0.01335
[epoch 288] recon_mse=0.01335
[epoch 289] recon_mse=0.01334
[epoch 290] recon_mse=0.01334 quick_test_acc=0.3910 ent=3.8348
[epoch 291] recon_mse=0.01333
[epoch 292] recon_mse=0.01333
[epoch 293] recon_mse=0.01332
[epoch 294] recon_mse=0.01331
[epoch 295] recon_mse=0.01331 quick_test_acc=0.3925 ent=3.8193
[epoch 296] recon_mse=0.01331
[epoch 297] recon_mse=0.01330
[epoch 298] recon_mse=0.01329
[epoch 299] recon_mse=0.01329
[epoch 300] recon_mse=0.01329 quick_test_acc=0.3934 ent=3.8036
[epoch 301] recon_mse=0.01328
[epoch 302] recon_mse=0.01327
[epoch 303] recon_mse=0.01327
[epoch 304] recon_mse=0.01326
[epoch 305] recon_mse=0.01326 quick_test_acc=0.3961 ent=3.7919
[epoch 306] recon_mse=0.01325
[epoch 307] recon_mse=0.01325
[epoch 308] recon_mse=0.01325
[epoch 309] recon_mse=0.01324
[epoch 310] recon_mse=0.01323 quick_test_acc=0.3941 ent=3.7818
[epoch 311] recon_mse=0.01323
[epoch 312] recon_mse=0.01322
[epoch 313] recon_mse=0.01322
[epoch 314] recon_mse=0.01321
[epoch 315] recon_mse=0.01321 quick_test_acc=0.3970 ent=3.7662
[epoch 316] recon_mse=0.01321
[epoch 317] recon_mse=0.01320
[epoch 318] recon_mse=0.01320
[epoch 319] recon_mse=0.01319
[epoch 320] recon_mse=0.01319 quick_test_acc=0.3972 ent=3.7575
[epoch 321] recon_mse=0.01318
[epoch 322] recon_mse=0.01318
[epoch 323] recon_mse=0.01318
[epoch 324] recon_mse=0.01317
[epoch 325] recon_mse=0.01316 quick_test_acc=0.3973 ent=3.7490
[epoch 326] recon_mse=0.01316
[epoch 327] recon_mse=0.01316
[epoch 328] recon_mse=0.01315
[epoch 329] recon_mse=0.01314
[epoch 330] recon_mse=0.01314 quick_test_acc=0.3992 ent=3.7372
[epoch 331] recon_mse=0.01314
[epoch 332] recon_mse=0.01313
[epoch 333] recon_mse=0.01313
[epoch 334] recon_mse=0.01313
[epoch 335] recon_mse=0.01312 quick_test_acc=0.4011 ent=3.7259
[epoch 336] recon_mse=0.01312
[epoch 337] recon_mse=0.01311
[epoch 338] recon_mse=0.01311
[epoch 339] recon_mse=0.01311
[epoch 340] recon_mse=0.01310 quick_test_acc=0.4017 ent=3.7176
[epoch 341] recon_mse=0.01310
[epoch 342] recon_mse=0.01309
[epoch 343] recon_mse=0.01309
[epoch 344] recon_mse=0.01309
[epoch 345] recon_mse=0.01308 quick_test_acc=0.4016 ent=3.7005
[epoch 346] recon_mse=0.01308
[epoch 347] recon_mse=0.01307
[epoch 348] recon_mse=0.01307
[epoch 349] recon_mse=0.01306
[epoch 350] recon_mse=0.01306 quick_test_acc=0.4040 ent=3.6971
[epoch 351] recon_mse=0.01305
[epoch 352] recon_mse=0.01305
[epoch 353] recon_mse=0.01305
[epoch 354] recon_mse=0.01305
[epoch 355] recon_mse=0.01304 quick_test_acc=0.4051 ent=3.6756
[epoch 356] recon_mse=0.01304
[epoch 357] recon_mse=0.01303
[epoch 358] recon_mse=0.01303
[epoch 359] recon_mse=0.01303
[epoch 360] recon_mse=0.01302 quick_test_acc=0.4049 ent=3.6675
[full_eval_best] {
  "created_at": "2026-06-26 08:51:45",
  "ckpt": "/home/Hongjie_Zeng/high_order_BM/runs_vggsound_backbone_P2V001_video_efficientnet_b3_f16_s300_lstm4096_h8_e360/best.pt",
  "ckpt_epoch": 355,
  "ckpt_best_acc": 0.40505834039501987,
  "eval_steps": 3000,
  "eval_burn_in": 500,
  "eval_thin": 2,
  "test_label_gibbs_acc": 0.4045368620037807,
  "test_label_entropy": 3.663066183527311,
  "computed_dims": {
    "input_dim": 4096,
    "label_dim": 1545,
    "hidden_dim": 32768,
    "total_pbits": 38409,
    "num_classes": 309
  },
  "data_dims": {
    "feature_npz": "/home/Hongjie_Zeng/high_order_BM/data_vggsound_full/backbone_features/vggsound_P2V001_efficientnet_b3_16f_300s_direct_lstm4096_seed330.npz",
    "train_size": 182615,
    "test_size": 15341,
    "num_classes": 309,
    "class_names": [
      "air conditioning noise",
      "air horn",
      "airplane",
      "airplane flyby",
      "alarm clock ringing",
      "alligators, crocodiles hissing",
      "ambulance siren",
      "arc welding",
      "baby babbling",
      "baby crying",
      "baby laughter",
      "baltimore oriole calling",
      "barn swallow calling",
      "basketball bounce",
      "bathroom ventilation fan running",
      "beat boxing",
      "bee, wasp, etc. buzzing",
      "bird chirping, tweeting",
      "bird squawking",
      "bird wings flapping",
      "black capped chickadee calling",
      "blowtorch igniting",
      "bouncing on trampoline",
      "bowling impact",
      "bull bellowing",
      "canary calling",
      "cap gun shooting",
      "car engine idling",
      "car engine knocking",
      "car engine starting",
      "car passing by",
      "cat caterwauling",
      "cat growling",
      "cat hissing",
      "cat meowing",
      "cat purring",
      "cattle mooing",
      "cattle, bovinae cowbell",
      "cell phone buzzing",
      "chainsawing trees",
      "cheetah chirrup",
      "chicken clucking",
      "chicken crowing",
      "child singing",
      "child speech, kid speaking",
      "children shouting",
      "chimpanzee pant-hooting",
      "chinchilla barking",
      "chipmunk chirping",
      "chopping food",
      "chopping wood",
      "church bell ringing",
      "civil defense siren",
      "cow lowing",
      "coyote howling",
      "cricket chirping",
      "crow cawing",
      "cuckoo bird calling",
      "cupboard opening or closing",
      "cutting hair with electric trimmers",
      "dinosaurs bellowing",
      "disc scratching",
      "dog barking",
      "dog baying",
      "dog bow-wow",
      "dog growling",
      "dog howling",
      "dog whimpering",
      "donkey, ass braying",
      "door slamming",
      "driving buses",
      "driving motorcycle",
      "driving snowmobile",
      "duck quacking",
      "eagle screaming",
      "eating with cutlery",
      "electric grinder grinding",
      "electric shaver, electric razor shaving",
      "elephant trumpeting",
      "eletric blender running",
      "elk bugling",
      "engine accelerating, revving, vroom",
      "female singing",
      "female speech, woman speaking",
      "ferret dooking",
      "fire crackling",
      "fire truck siren",
      "fireworks banging",
      "firing cannon",
      "firing muskets",
      "fly, housefly buzzing",
      "foghorn",
      "footsteps on snow",
      "forging swords",
      "fox barking",
      "francolin calling",
      "frog croaking",
      "gibbon howling",
      "goat bleating",
      "golf driving",
      "goose honking",
      "hail",
      "hair dryer drying",
      "hammering nails",
      "heart sounds, heartbeat",
      "hedge trimmer running",
      "helicopter",
      "horse clip-clop",
      "horse neighing",
      "ice cracking",
      "ice cream truck, ice cream van",
      "lathe spinning",
      "lawn mowing",
      "lighting firecrackers",
      "lions growling",
      "lions roaring",
      "lip smacking",
      "machine gun shooting",
      "magpie calling",
      "male singing",
      "male speech, man speaking",
      "metronome",
      "missile launch",
      "mosquito buzzing",
      "motorboat, speedboat acceleration",
      "mouse clicking",
      "mouse pattering",
      "mouse squeaking",
      "mynah bird singing",
      "ocean burbling",
      "opening or closing car doors",
      "opening or closing car electric windows",
      "opening or closing drawers",
      "orchestra",
      "otter growling",
      "owl hooting",
      "parrot talking",
      "penguins braying",
      "people babbling",
      "people battle cry",
      "people belly laughing",
      "people booing",
      "people burping",
      "people cheering",
      "people clapping",
      "people coughing",
      "people crowd",
      "people eating",
      "people eating apple",
      "people eating crisps",
      "people eating noodle",
      "people farting",
      "people finger snapping",
      "people gargling",
      "people giggling",
      "people hiccup",
      "people humming",
      "people marching",
      "people nose blowing",
      "people running",
      "people screaming",
      "people shuffling",
      "people slapping",
      "people slurping",
      "people sneezing",
      "people sniggering",
      "people sobbing",
      "people whispering",
      "people whistling",
      "pheasant crowing",
      "pig oinking",
      "pigeon, dove cooing",
      "planing timber",
      "plastic bottle crushing",
      "playing accordion",
      "playing acoustic guitar",
      "playing badminton",
      "playing bagpipes",
      "playing banjo",
      "playing bass drum",
      "playing bass guitar",
      "playing bassoon",
      "playing bongo",
      "playing bugle",
      "playing castanets",
      "playing cello",
      "playing clarinet",
      "playing congas",
      "playing cornet",
      "playing cymbal",
      "playing darts",
      "playing didgeridoo",
      "playing djembe",
      "playing double bass",
      "playing drum kit",
      "playing electric guitar",
      "playing electronic organ",
      "playing erhu",
      "playing flute",
      "playing french horn",
      "playing glockenspiel",
      "playing gong",
      "playing guiro",
      "playing hammond organ",
      "playing harmonica",
      "playing harp",
      "playing harpsichord",
      "playing hockey",
      "playing lacrosse",
      "playing mandolin",
      "playing marimba, xylophone",
      "playing oboe",
      "playing piano",
      "playing saxophone",
      "playing shofar",
      "playing sitar",
      "playing snare drum",
      "playing squash",
      "playing steel guitar, slide guitar",
      "playing steelpan",
      "playing synthesizer",
      "playing tabla",
      "playing table tennis",
      "playing tambourine",
      "playing tennis",
      "playing theremin",
      "playing timbales",
      "playing timpani",
      "playing trombone",
      "playing trumpet",
      "playing tuning fork",
      "playing tympani",
      "playing ukulele",
      "playing vibraphone",
      "playing violin, fiddle",
      "playing volleyball",
      "playing washboard",
      "playing zither",
      "police car (siren)",
      "police radio chatter",
      "popping popcorn",
      "printer printing",
      "pumping water",
      "race car, auto racing",
      "railroad car, train wagon",
      "raining",
      "rapping",
      "reversing beeps",
      "ripping paper",
      "roller coaster running",
      "rope skipping",
      "rowboat, canoe, kayak rowing",
      "running electric fan",
      "sailing",
      "scuba diving",
      "sea lion barking",
      "sea waves",
      "sharpen knife",
      "sheep bleating",
      "shot football",
      "singing bowl",
      "singing choir",
      "skateboarding",
      "skidding",
      "skiing",
      "sliding door",
      "sloshing water",
      "slot machine",
      "smoke detector beeping",
      "snake hissing",
      "snake rattling",
      "splashing water",
      "spraying water",
      "squishing water",
      "stream burbling",
      "strike lighter",
      "striking bowling",
      "striking pool",
      "subway, metro, underground",
      "swimming",
      "tap dancing",
      "tapping guitar",
      "telephone bell ringing",
      "thunder",
      "toilet flushing",
      "tornado roaring",
      "tractor digging",
      "train horning",
      "train wheels squealing",
      "train whistling",
      "turkey gobbling",
      "typing on computer keyboard",
      "typing on typewriter",
      "underwater bubbling",
      "using sewing machines",
      "vacuum cleaner cleaning floors",
      "vehicle horn, car horn, honking",
      "volcano explosion",
      "warbler chirping",
      "waterfall burbling",
      "whale calling",
      "wind chime",
      "wind noise",
      "wind rustling leaves",
      "wood thrush calling",
      "woodpecker pecking tree",
      "writing on blackboard with chalk",
      "yodelling",
      "zebra braying"
    ],
    "video_dim": 4096,
    "motion_dim": 1,
    "audio_dim": 1
  }
}
{
  "experiment_id": "P2V001",
  "finished_at": "2026-06-26 08:51:45",
  "model_type": "standard",
  "best_epoch": 355,
  "best_acc_selection_metric": 0.40505834039501987,
  "final_epoch": 360,
  "final_test_label_gibbs_acc": 0.4048627859983052,
  "full_eval_best_acc": 0.4045368620037807,
  "computed_dims": {
    "input_dim": 4096,
    "label_dim": 1545,
    "hidden_dim": 32768,
    "total_pbits": 38409,
    "num_classes": 309
  },
  "data_dims": {
    "feature_npz": "/home/Hongjie_Zeng/high_order_BM/data_vggsound_full/backbone_features/vggsound_P2V001_efficientnet_b3_16f_300s_direct_lstm4096_seed330.npz",
    "train_size": 182615,
    "test_size": 15341,
    "num_classes": 309,
    "class_names": [
      "air conditioning noise",
      "air horn",
      "airplane",
      "airplane flyby",
      "alarm clock ringing",
      "alligators, crocodiles hissing",
      "ambulance siren",
      "arc welding",
      "baby babbling",
      "baby crying",
      "baby laughter",
      "baltimore oriole calling",
      "barn swallow calling",
      "basketball bounce",
      "bathroom ventilation fan running",
      "beat boxing",
      "bee, wasp, etc. buzzing",
      "bird chirping, tweeting",
      "bird squawking",
      "bird wings flapping",
      "black capped chickadee calling",
      "blowtorch igniting",
      "bouncing on trampoline",
      "bowling impact",
      "bull bellowing",
      "canary calling",
      "cap gun shooting",
      "car engine idling",
      "car engine knocking",
      "car engine starting",
      "car passing by",
      "cat caterwauling",
      "cat growling",
      "cat hissing",
      "cat meowing",
      "cat purring",
      "cattle mooing",
      "cattle, bovinae cowbell",
      "cell phone buzzing",
      "chainsawing trees",
      "cheetah chirrup",
      "chicken clucking",
      "chicken crowing",
      "child singing",
      "child speech, kid speaking",
      "children shouting",
      "chimpanzee pant-hooting",
      "chinchilla barking",
      "chipmunk chirping",
      "chopping food",
      "chopping wood",
      "church bell ringing",
      "civil defense siren",
      "cow lowing",
      "coyote howling",
      "cricket chirping",
      "crow cawing",
      "cuckoo bird calling",
      "cupboard opening or closing",
      "cutting hair with electric trimmers",
      "dinosaurs bellowing",
      "disc scratching",
      "dog barking",
      "dog baying",
      "dog bow-wow",
      "dog growling",
      "dog howling",
      "dog whimpering",
      "donkey, ass braying",
      "door slamming",
      "driving buses",
      "driving motorcycle",
      "driving snowmobile",
      "duck quacking",
      "eagle screaming",
      "eating with cutlery",
      "electric grinder grinding",
      "electric shaver, electric razor shaving",
      "elephant trumpeting",
      "eletric blender running",
      "elk bugling",
      "engine accelerating, revving, vroom",
      "female singing",
      "female speech, woman speaking",
      "ferret dooking",
      "fire crackling",
      "fire truck siren",
      "fireworks banging",
      "firing cannon",
      "firing muskets",
      "fly, housefly buzzing",
      "foghorn",
      "footsteps on snow",
      "forging swords",
      "fox barking",
      "francolin calling",
      "frog croaking",
      "gibbon howling",
      "goat bleating",
      "golf driving",
      "goose honking",
      "hail",
      "hair dryer drying",
      "hammering nails",
      "heart sounds, heartbeat",
      "hedge trimmer running",
      "helicopter",
      "horse clip-clop",
      "horse neighing",
      "ice cracking",
      "ice cream truck, ice cream van",
      "lathe spinning",
      "lawn mowing",
      "lighting firecrackers",
      "lions growling",
      "lions roaring",
      "lip smacking",
      "machine gun shooting",
      "magpie calling",
      "male singing",
      "male speech, man speaking",
      "metronome",
      "missile launch",
      "mosquito buzzing",
      "motorboat, speedboat acceleration",
      "mouse clicking",
      "mouse pattering",
      "mouse squeaking",
      "mynah bird singing",
      "ocean burbling",
      "opening or closing car doors",
      "opening or closing car electric windows",
      "opening or closing drawers",
      "orchestra",
      "otter growling",
      "owl hooting",
      "parrot talking",
      "penguins braying",
      "people babbling",
      "people battle cry",
      "people belly laughing",
      "people booing",
      "people burping",
      "people cheering",
      "people clapping",
      "people coughing",
      "people crowd",
      "people eating",
      "people eating apple",
      "people eating crisps",
      "people eating noodle",
      "people farting",
      "people finger snapping",
      "people gargling",
      "people giggling",
      "people hiccup",
      "people humming",
      "people marching",
      "people nose blowing",
      "people running",
      "people screaming",
      "people shuffling",
      "people slapping",
      "people slurping",
      "people sneezing",
      "people sniggering",
      "people sobbing",
      "people whispering",
      "people whistling",
      "pheasant crowing",
      "pig oinking",
      "pigeon, dove cooing",
      "planing timber",
      "plastic bottle crushing",
      "playing accordion",
      "playing acoustic guitar",
      "playing badminton",
      "playing bagpipes",
      "playing banjo",
      "playing bass drum",
      "playing bass guitar",
      "playing bassoon",
      "playing bongo",
      "playing bugle",
      "playing castanets",
      "playing cello",
      "playing clarinet",
      "playing congas",
      "playing cornet",
      "playing cymbal",
      "playing darts",
      "playing didgeridoo",
      "playing djembe",
      "playing double bass",
      "playing drum kit",
      "playing electric guitar",
      "playing electronic organ",
      "playing erhu",
      "playing flute",
      "playing french horn",
      "playing glockenspiel",
      "playing gong",
      "playing guiro",
      "playing hammond organ",
      "playing harmonica",
      "playing harp",
      "playing harpsichord",
      "playing hockey",
      "playing lacrosse",
      "playing mandolin",
      "playing marimba, xylophone",
      "playing oboe",
      "playing piano",
      "playing saxophone",
      "playing shofar",
      "playing sitar",
      "playing snare drum",
      "playing squash",
      "playing steel guitar, slide guitar",
      "playing steelpan",
      "playing synthesizer",
      "playing tabla",
      "playing table tennis",
      "playing tambourine",
      "playing tennis",
      "playing theremin",
      "playing timbales",
      "playing timpani",
      "playing trombone",
      "playing trumpet",
      "playing tuning fork",
      "playing tympani",
      "playing ukulele",
      "playing vibraphone",
      "playing violin, fiddle",
      "playing volleyball",
      "playing washboard",
      "playing zither",
      "police car (siren)",
      "police radio chatter",
      "popping popcorn",
      "printer printing",
      "pumping water",
      "race car, auto racing",
      "railroad car, train wagon",
      "raining",
      "rapping",
      "reversing beeps",
      "ripping paper",
      "roller coaster running",
      "rope skipping",
      "rowboat, canoe, kayak rowing",
      "running electric fan",
      "sailing",
      "scuba diving",
      "sea lion barking",
      "sea waves",
      "sharpen knife",
      "sheep bleating",
      "shot football",
      "singing bowl",
      "singing choir",
      "skateboarding",
      "skidding",
      "skiing",
      "sliding door",
      "sloshing water",
      "slot machine",
      "smoke detector beeping",
      "snake hissing",
      "snake rattling",
      "splashing water",
      "spraying water",
      "squishing water",
      "stream burbling",
      "strike lighter",
      "striking bowling",
      "striking pool",
      "subway, metro, underground",
      "swimming",
      "tap dancing",
      "tapping guitar",
      "telephone bell ringing",
      "thunder",
      "toilet flushing",
      "tornado roaring",
      "tractor digging",
      "train horning",
      "train wheels squealing",
      "train whistling",
      "turkey gobbling",
      "typing on computer keyboard",
      "typing on typewriter",
      "underwater bubbling",
      "using sewing machines",
      "vacuum cleaner cleaning floors",
      "vehicle horn, car horn, honking",
      "volcano explosion",
      "warbler chirping",
      "waterfall burbling",
      "whale calling",
      "wind chime",
      "wind noise",
      "wind rustling leaves",
      "wood thrush calling",
      "woodpecker pecking tree",
      "writing on blackboard with chalk",
      "yodelling",
      "zebra braying"
    ],
    "video_dim": 4096,
    "motion_dim": 1,
    "audio_dim": 1
  },
  "out_dir": "/home/Hongjie_Zeng/high_order_BM/runs_vggsound_backbone_P2V001_video_efficientnet_b3_f16_s300_lstm4096_h8_e360"
}
