Using device: cuda
audio_layout=time40_fold, image=20x20, gamma_h=1.15, gamma_l=1.15, total_pbits=1024
Epoch 001/100 | loss -3.7952 | CD -3.7952 | short-CD label retention 32.91%
Epoch 002/100 | loss -4.1574 | CD -4.1574 | short-CD label retention 91.51% | quick label-Gibbs acc 86.55% | full label-Gibbs acc 86.49% | saved best
Epoch 003/100 | loss -2.3546 | CD -2.3546 | short-CD label retention 99.49%
Epoch 004/100 | loss -1.4769 | CD -1.4769 | short-CD label retention 99.63% | quick label-Gibbs acc 86.30%
Epoch 005/100 | loss -1.0465 | CD -1.0465 | short-CD label retention 99.71%
Epoch 006/100 | loss -0.7787 | CD -0.7787 | short-CD label retention 99.67% | quick label-Gibbs acc 86.30%
Epoch 007/100 | loss -0.6595 | CD -0.6595 | short-CD label retention 99.69%
Epoch 008/100 | loss -0.5344 | CD -0.5344 | short-CD label retention 99.68% | quick label-Gibbs acc 86.30%
Epoch 009/100 | loss -0.5015 | CD -0.5015 | short-CD label retention 99.72%
Epoch 010/100 | loss -0.3766 | CD -0.3766 | short-CD label retention 99.71% | quick label-Gibbs acc 86.19%
Epoch 011/100 | loss -0.3569 | CD -0.3569 | short-CD label retention 99.69%
Epoch 012/100 | loss -0.3305 | CD -0.3305 | short-CD label retention 99.70% | quick label-Gibbs acc 86.20%
Epoch 013/100 | loss -0.2647 | CD -0.2647 | short-CD label retention 99.73%
Epoch 014/100 | loss -0.2827 | CD -0.2827 | short-CD label retention 99.70% | quick label-Gibbs acc 86.18%
Epoch 015/100 | loss -0.2542 | CD -0.2542 | short-CD label retention 99.71%
Epoch 016/100 | loss -0.2200 | CD -0.2200 | short-CD label retention 99.73% | quick label-Gibbs acc 86.29%
Epoch 017/100 | loss -0.2166 | CD -0.2166 | short-CD label retention 99.71%
Epoch 018/100 | loss -0.2301 | CD -0.2301 | short-CD label retention 99.70% | quick label-Gibbs acc 86.29%
Epoch 019/100 | loss -0.1946 | CD -0.1946 | short-CD label retention 99.70%
Epoch 020/100 | loss -0.2078 | CD -0.2078 | short-CD label retention 99.72% | quick label-Gibbs acc 86.29%
Epoch 021/100 | loss -0.1617 | CD -0.1617 | short-CD label retention 99.72%
Epoch 022/100 | loss -0.1853 | CD -0.1853 | short-CD label retention 99.73% | quick label-Gibbs acc 86.44%
Early stopping after 10 evals without improvement.
Done. {
  "experiment_id": "E009",
  "completed_at": "2026-06-06 03:25:21",
  "best_acc_selection_metric": 0.8649,
  "best_epoch": 2,
  "final_epoch": 22,
  "out_dir": "/home/Hongjie_Zeng/high_order_BM/runs_twoport1024_E009_audio_mlp_input",
  "best_checkpoint_epoch": 2,
  "final_full_test_label_gibbs_acc": 0.8654,
  "final_full_label_entropy": 1.16834309632748,
  "final_full_eval": {
    "steps": 3000,
    "burn_in": 500,
    "thin": 2
  }
}
