[data] train=182615 test=15341 classes=309 video=8192 motion=1 audio=1 device=cuda
[model] standard input=8192 label=1545 hidden=49152 total=58889 mode=video
[epoch 150] recon_mse=0.00979 quick_test_acc=0.4208 ent=2.5096
[epoch 151] recon_mse=0.00978
[epoch 152] recon_mse=0.00978
[epoch 153] recon_mse=0.00978
[epoch 154] recon_mse=0.00978
[epoch 155] recon_mse=0.00977 quick_test_acc=0.4217 ent=2.4887
[epoch 156] recon_mse=0.00977
[epoch 157] recon_mse=0.00977
[epoch 158] recon_mse=0.00976
[epoch 159] recon_mse=0.00975
[epoch 160] recon_mse=0.00975 quick_test_acc=0.4219 ent=2.4734
[epoch 161] recon_mse=0.00975
[epoch 162] recon_mse=0.00975
[epoch 163] recon_mse=0.00975
[epoch 164] recon_mse=0.00974
[epoch 165] recon_mse=0.00974 quick_test_acc=0.4225 ent=2.4485
[epoch 166] recon_mse=0.00974
[epoch 167] recon_mse=0.00973
[epoch 168] recon_mse=0.00973
[epoch 169] recon_mse=0.00973
[epoch 170] recon_mse=0.00972 quick_test_acc=0.4224 ent=2.4252
[epoch 171] recon_mse=0.00972
[epoch 172] recon_mse=0.00972
[epoch 173] recon_mse=0.00972
[epoch 174] recon_mse=0.00971
[epoch 175] recon_mse=0.00971 quick_test_acc=0.4234 ent=2.4123
[epoch 176] recon_mse=0.00971
[epoch 177] recon_mse=0.00970
[epoch 178] recon_mse=0.00970
[epoch 179] recon_mse=0.00970
[epoch 180] recon_mse=0.00969 quick_test_acc=0.4228 ent=2.3997
[epoch 181] recon_mse=0.00969
[epoch 182] recon_mse=0.00969
[epoch 183] recon_mse=0.00969
[epoch 184] recon_mse=0.00969
[epoch 185] recon_mse=0.00968 quick_test_acc=0.4242 ent=2.3837
[epoch 186] recon_mse=0.00968
[epoch 187] recon_mse=0.00968
[epoch 188] recon_mse=0.00967
[epoch 189] recon_mse=0.00967
[epoch 190] recon_mse=0.00967 quick_test_acc=0.4242 ent=2.3680
[epoch 191] recon_mse=0.00967
[epoch 192] recon_mse=0.00966
[epoch 193] recon_mse=0.00966
[epoch 194] recon_mse=0.00966
[epoch 195] recon_mse=0.00965 quick_test_acc=0.4240 ent=2.3576
[epoch 196] recon_mse=0.00965
[epoch 197] recon_mse=0.00965
[epoch 198] recon_mse=0.00965
[epoch 199] recon_mse=0.00965
[epoch 200] recon_mse=0.00965 quick_test_acc=0.4247 ent=2.3381
[epoch 201] recon_mse=0.00964
[epoch 202] recon_mse=0.00964
[epoch 203] recon_mse=0.00964
[epoch 204] recon_mse=0.00963
[epoch 205] recon_mse=0.00963 quick_test_acc=0.4242 ent=2.3239
[epoch 206] recon_mse=0.00963
[epoch 207] recon_mse=0.00963
[epoch 208] recon_mse=0.00963
[epoch 209] recon_mse=0.00962
[epoch 210] recon_mse=0.00962 quick_test_acc=0.4249 ent=2.3182
[epoch 211] recon_mse=0.00961
[epoch 212] recon_mse=0.00962
[epoch 213] recon_mse=0.00962
[epoch 214] recon_mse=0.00961
[epoch 215] recon_mse=0.00961 quick_test_acc=0.4264 ent=2.3060
[epoch 216] recon_mse=0.00960
[epoch 217] recon_mse=0.00960
[epoch 218] recon_mse=0.00960
[epoch 219] recon_mse=0.00960
[epoch 220] recon_mse=0.00960 quick_test_acc=0.4256 ent=2.2903
[epoch 221] recon_mse=0.00959
[epoch 222] recon_mse=0.00959
[epoch 223] recon_mse=0.00959
[epoch 224] recon_mse=0.00959
[epoch 225] recon_mse=0.00959 quick_test_acc=0.4255 ent=2.2767
[epoch 226] recon_mse=0.00958
[epoch 227] recon_mse=0.00958
[epoch 228] recon_mse=0.00958
[epoch 229] recon_mse=0.00958
[epoch 230] recon_mse=0.00957 quick_test_acc=0.4253 ent=2.2628
[epoch 231] recon_mse=0.00957
[epoch 232] recon_mse=0.00957
[epoch 233] recon_mse=0.00957
[epoch 234] recon_mse=0.00957
[epoch 235] recon_mse=0.00956 quick_test_acc=0.4268 ent=2.2543
[epoch 236] recon_mse=0.00956
[epoch 237] recon_mse=0.00956
[epoch 238] recon_mse=0.00956
[epoch 239] recon_mse=0.00955
[epoch 240] recon_mse=0.00955 quick_test_acc=0.4265 ent=2.2387
[epoch 241] recon_mse=0.00955
[epoch 242] recon_mse=0.00955
[epoch 243] recon_mse=0.00955
[epoch 244] recon_mse=0.00955
[epoch 245] recon_mse=0.00955 quick_test_acc=0.4275 ent=2.2276
[epoch 246] recon_mse=0.00954
[epoch 247] recon_mse=0.00954
[epoch 248] recon_mse=0.00954
[epoch 249] recon_mse=0.00954
[epoch 250] recon_mse=0.00954 quick_test_acc=0.4281 ent=2.2168
[epoch 251] recon_mse=0.00953
[epoch 252] recon_mse=0.00953
[epoch 253] recon_mse=0.00953
[epoch 254] recon_mse=0.00953
[epoch 255] recon_mse=0.00953 quick_test_acc=0.4274 ent=2.2123
[epoch 256] recon_mse=0.00953
[epoch 257] recon_mse=0.00952
[epoch 258] recon_mse=0.00952
[epoch 259] recon_mse=0.00952
[epoch 260] recon_mse=0.00952 quick_test_acc=0.4281 ent=2.1944
[full_eval_best] {
  "created_at": "2026-06-22 01:48:37",
  "ckpt": "/home/Hongjie_Zeng/high_order_BM/runs_vggsound_full_VF026_standard_video_lstm8192_h6_lc5_e260/best.pt",
  "ckpt_epoch": 250,
  "ckpt_best_acc": 0.428068574408448,
  "eval_steps": 3000,
  "eval_burn_in": 500,
  "eval_thin": 2,
  "test_label_gibbs_acc": 0.42839449840297245,
  "test_label_entropy": 2.216844036181768,
  "computed_dims": {
    "input_dim": 8192,
    "label_dim": 1545,
    "hidden_dim": 49152,
    "total_pbits": 58889,
    "num_classes": 309
  },
  "data_dims": {
    "feature_npz": "/home/Hongjie_Zeng/high_order_BM/data_vggsound_full/features/vggsound_full_video_lstm8192_resnet50_f16_h1024_p1024_seed123.npz",
    "train_size": 182615,
    "test_size": 15341,
    "num_classes": 309,
    "class_names": [
      "air conditioning noise",
      "air horn",
      "airplane",
      "airplane flyby",
      "alarm clock ringing",
      "alligators, crocodiles hissing",
      "ambulance siren",
      "arc welding",
      "baby babbling",
      "baby crying",
      "baby laughter",
      "baltimore oriole calling",
      "barn swallow calling",
      "basketball bounce",
      "bathroom ventilation fan running",
      "beat boxing",
      "bee, wasp, etc. buzzing",
      "bird chirping, tweeting",
      "bird squawking",
      "bird wings flapping",
      "black capped chickadee calling",
      "blowtorch igniting",
      "bouncing on trampoline",
      "bowling impact",
      "bull bellowing",
      "canary calling",
      "cap gun shooting",
      "car engine idling",
      "car engine knocking",
      "car engine starting",
      "car passing by",
      "cat caterwauling",
      "cat growling",
      "cat hissing",
      "cat meowing",
      "cat purring",
      "cattle mooing",
      "cattle, bovinae cowbell",
      "cell phone buzzing",
      "chainsawing trees",
      "cheetah chirrup",
      "chicken clucking",
      "chicken crowing",
      "child singing",
      "child speech, kid speaking",
      "children shouting",
      "chimpanzee pant-hooting",
      "chinchilla barking",
      "chipmunk chirping",
      "chopping food",
      "chopping wood",
      "church bell ringing",
      "civil defense siren",
      "cow lowing",
      "coyote howling",
      "cricket chirping",
      "crow cawing",
      "cuckoo bird calling",
      "cupboard opening or closing",
      "cutting hair with electric trimmers",
      "dinosaurs bellowing",
      "disc scratching",
      "dog barking",
      "dog baying",
      "dog bow-wow",
      "dog growling",
      "dog howling",
      "dog whimpering",
      "donkey, ass braying",
      "door slamming",
      "driving buses",
      "driving motorcycle",
      "driving snowmobile",
      "duck quacking",
      "eagle screaming",
      "eating with cutlery",
      "electric grinder grinding",
      "electric shaver, electric razor shaving",
      "elephant trumpeting",
      "eletric blender running",
      "elk bugling",
      "engine accelerating, revving, vroom",
      "female singing",
      "female speech, woman speaking",
      "ferret dooking",
      "fire crackling",
      "fire truck siren",
      "fireworks banging",
      "firing cannon",
      "firing muskets",
      "fly, housefly buzzing",
      "foghorn",
      "footsteps on snow",
      "forging swords",
      "fox barking",
      "francolin calling",
      "frog croaking",
      "gibbon howling",
      "goat bleating",
      "golf driving",
      "goose honking",
      "hail",
      "hair dryer drying",
      "hammering nails",
      "heart sounds, heartbeat",
      "hedge trimmer running",
      "helicopter",
      "horse clip-clop",
      "horse neighing",
      "ice cracking",
      "ice cream truck, ice cream van",
      "lathe spinning",
      "lawn mowing",
      "lighting firecrackers",
      "lions growling",
      "lions roaring",
      "lip smacking",
      "machine gun shooting",
      "magpie calling",
      "male singing",
      "male speech, man speaking",
      "metronome",
      "missile launch",
      "mosquito buzzing",
      "motorboat, speedboat acceleration",
      "mouse clicking",
      "mouse pattering",
      "mouse squeaking",
      "mynah bird singing",
      "ocean burbling",
      "opening or closing car doors",
      "opening or closing car electric windows",
      "opening or closing drawers",
      "orchestra",
      "otter growling",
      "owl hooting",
      "parrot talking",
      "penguins braying",
      "people babbling",
      "people battle cry",
      "people belly laughing",
      "people booing",
      "people burping",
      "people cheering",
      "people clapping",
      "people coughing",
      "people crowd",
      "people eating",
      "people eating apple",
      "people eating crisps",
      "people eating noodle",
      "people farting",
      "people finger snapping",
      "people gargling",
      "people giggling",
      "people hiccup",
      "people humming",
      "people marching",
      "people nose blowing",
      "people running",
      "people screaming",
      "people shuffling",
      "people slapping",
      "people slurping",
      "people sneezing",
      "people sniggering",
      "people sobbing",
      "people whispering",
      "people whistling",
      "pheasant crowing",
      "pig oinking",
      "pigeon, dove cooing",
      "planing timber",
      "plastic bottle crushing",
      "playing accordion",
      "playing acoustic guitar",
      "playing badminton",
      "playing bagpipes",
      "playing banjo",
      "playing bass drum",
      "playing bass guitar",
      "playing bassoon",
      "playing bongo",
      "playing bugle",
      "playing castanets",
      "playing cello",
      "playing clarinet",
      "playing congas",
      "playing cornet",
      "playing cymbal",
      "playing darts",
      "playing didgeridoo",
      "playing djembe",
      "playing double bass",
      "playing drum kit",
      "playing electric guitar",
      "playing electronic organ",
      "playing erhu",
      "playing flute",
      "playing french horn",
      "playing glockenspiel",
      "playing gong",
      "playing guiro",
      "playing hammond organ",
      "playing harmonica",
      "playing harp",
      "playing harpsichord",
      "playing hockey",
      "playing lacrosse",
      "playing mandolin",
      "playing marimba, xylophone",
      "playing oboe",
      "playing piano",
      "playing saxophone",
      "playing shofar",
      "playing sitar",
      "playing snare drum",
      "playing squash",
      "playing steel guitar, slide guitar",
      "playing steelpan",
      "playing synthesizer",
      "playing tabla",
      "playing table tennis",
      "playing tambourine",
      "playing tennis",
      "playing theremin",
      "playing timbales",
      "playing timpani",
      "playing trombone",
      "playing trumpet",
      "playing tuning fork",
      "playing tympani",
      "playing ukulele",
      "playing vibraphone",
      "playing violin, fiddle",
      "playing volleyball",
      "playing washboard",
      "playing zither",
      "police car (siren)",
      "police radio chatter",
      "popping popcorn",
      "printer printing",
      "pumping water",
      "race car, auto racing",
      "railroad car, train wagon",
      "raining",
      "rapping",
      "reversing beeps",
      "ripping paper",
      "roller coaster running",
      "rope skipping",
      "rowboat, canoe, kayak rowing",
      "running electric fan",
      "sailing",
      "scuba diving",
      "sea lion barking",
      "sea waves",
      "sharpen knife",
      "sheep bleating",
      "shot football",
      "singing bowl",
      "singing choir",
      "skateboarding",
      "skidding",
      "skiing",
      "sliding door",
      "sloshing water",
      "slot machine",
      "smoke detector beeping",
      "snake hissing",
      "snake rattling",
      "splashing water",
      "spraying water",
      "squishing water",
      "stream burbling",
      "strike lighter",
      "striking bowling",
      "striking pool",
      "subway, metro, underground",
      "swimming",
      "tap dancing",
      "tapping guitar",
      "telephone bell ringing",
      "thunder",
      "toilet flushing",
      "tornado roaring",
      "tractor digging",
      "train horning",
      "train wheels squealing",
      "train whistling",
      "turkey gobbling",
      "typing on computer keyboard",
      "typing on typewriter",
      "underwater bubbling",
      "using sewing machines",
      "vacuum cleaner cleaning floors",
      "vehicle horn, car horn, honking",
      "volcano explosion",
      "warbler chirping",
      "waterfall burbling",
      "whale calling",
      "wind chime",
      "wind noise",
      "wind rustling leaves",
      "wood thrush calling",
      "woodpecker pecking tree",
      "writing on blackboard with chalk",
      "yodelling",
      "zebra braying"
    ],
    "video_dim": 8192,
    "motion_dim": 1,
    "audio_dim": 1
  }
}
{
  "experiment_id": "VF026_standard_video_lstm8192_h6_lc5_e260_continue_to260",
  "finished_at": "2026-06-22 01:48:37",
  "model_type": "standard",
  "best_epoch": 250,
  "best_acc_selection_metric": 0.428068574408448,
  "final_epoch": 260,
  "final_test_label_gibbs_acc": 0.428068574408448,
  "full_eval_best_acc": 0.42839449840297245,
  "computed_dims": {
    "input_dim": 8192,
    "label_dim": 1545,
    "hidden_dim": 49152,
    "total_pbits": 58889,
    "num_classes": 309
  },
  "data_dims": {
    "feature_npz": "/home/Hongjie_Zeng/high_order_BM/data_vggsound_full/features/vggsound_full_video_lstm8192_resnet50_f16_h1024_p1024_seed123.npz",
    "train_size": 182615,
    "test_size": 15341,
    "num_classes": 309,
    "class_names": [
      "air conditioning noise",
      "air horn",
      "airplane",
      "airplane flyby",
      "alarm clock ringing",
      "alligators, crocodiles hissing",
      "ambulance siren",
      "arc welding",
      "baby babbling",
      "baby crying",
      "baby laughter",
      "baltimore oriole calling",
      "barn swallow calling",
      "basketball bounce",
      "bathroom ventilation fan running",
      "beat boxing",
      "bee, wasp, etc. buzzing",
      "bird chirping, tweeting",
      "bird squawking",
      "bird wings flapping",
      "black capped chickadee calling",
      "blowtorch igniting",
      "bouncing on trampoline",
      "bowling impact",
      "bull bellowing",
      "canary calling",
      "cap gun shooting",
      "car engine idling",
      "car engine knocking",
      "car engine starting",
      "car passing by",
      "cat caterwauling",
      "cat growling",
      "cat hissing",
      "cat meowing",
      "cat purring",
      "cattle mooing",
      "cattle, bovinae cowbell",
      "cell phone buzzing",
      "chainsawing trees",
      "cheetah chirrup",
      "chicken clucking",
      "chicken crowing",
      "child singing",
      "child speech, kid speaking",
      "children shouting",
      "chimpanzee pant-hooting",
      "chinchilla barking",
      "chipmunk chirping",
      "chopping food",
      "chopping wood",
      "church bell ringing",
      "civil defense siren",
      "cow lowing",
      "coyote howling",
      "cricket chirping",
      "crow cawing",
      "cuckoo bird calling",
      "cupboard opening or closing",
      "cutting hair with electric trimmers",
      "dinosaurs bellowing",
      "disc scratching",
      "dog barking",
      "dog baying",
      "dog bow-wow",
      "dog growling",
      "dog howling",
      "dog whimpering",
      "donkey, ass braying",
      "door slamming",
      "driving buses",
      "driving motorcycle",
      "driving snowmobile",
      "duck quacking",
      "eagle screaming",
      "eating with cutlery",
      "electric grinder grinding",
      "electric shaver, electric razor shaving",
      "elephant trumpeting",
      "eletric blender running",
      "elk bugling",
      "engine accelerating, revving, vroom",
      "female singing",
      "female speech, woman speaking",
      "ferret dooking",
      "fire crackling",
      "fire truck siren",
      "fireworks banging",
      "firing cannon",
      "firing muskets",
      "fly, housefly buzzing",
      "foghorn",
      "footsteps on snow",
      "forging swords",
      "fox barking",
      "francolin calling",
      "frog croaking",
      "gibbon howling",
      "goat bleating",
      "golf driving",
      "goose honking",
      "hail",
      "hair dryer drying",
      "hammering nails",
      "heart sounds, heartbeat",
      "hedge trimmer running",
      "helicopter",
      "horse clip-clop",
      "horse neighing",
      "ice cracking",
      "ice cream truck, ice cream van",
      "lathe spinning",
      "lawn mowing",
      "lighting firecrackers",
      "lions growling",
      "lions roaring",
      "lip smacking",
      "machine gun shooting",
      "magpie calling",
      "male singing",
      "male speech, man speaking",
      "metronome",
      "missile launch",
      "mosquito buzzing",
      "motorboat, speedboat acceleration",
      "mouse clicking",
      "mouse pattering",
      "mouse squeaking",
      "mynah bird singing",
      "ocean burbling",
      "opening or closing car doors",
      "opening or closing car electric windows",
      "opening or closing drawers",
      "orchestra",
      "otter growling",
      "owl hooting",
      "parrot talking",
      "penguins braying",
      "people babbling",
      "people battle cry",
      "people belly laughing",
      "people booing",
      "people burping",
      "people cheering",
      "people clapping",
      "people coughing",
      "people crowd",
      "people eating",
      "people eating apple",
      "people eating crisps",
      "people eating noodle",
      "people farting",
      "people finger snapping",
      "people gargling",
      "people giggling",
      "people hiccup",
      "people humming",
      "people marching",
      "people nose blowing",
      "people running",
      "people screaming",
      "people shuffling",
      "people slapping",
      "people slurping",
      "people sneezing",
      "people sniggering",
      "people sobbing",
      "people whispering",
      "people whistling",
      "pheasant crowing",
      "pig oinking",
      "pigeon, dove cooing",
      "planing timber",
      "plastic bottle crushing",
      "playing accordion",
      "playing acoustic guitar",
      "playing badminton",
      "playing bagpipes",
      "playing banjo",
      "playing bass drum",
      "playing bass guitar",
      "playing bassoon",
      "playing bongo",
      "playing bugle",
      "playing castanets",
      "playing cello",
      "playing clarinet",
      "playing congas",
      "playing cornet",
      "playing cymbal",
      "playing darts",
      "playing didgeridoo",
      "playing djembe",
      "playing double bass",
      "playing drum kit",
      "playing electric guitar",
      "playing electronic organ",
      "playing erhu",
      "playing flute",
      "playing french horn",
      "playing glockenspiel",
      "playing gong",
      "playing guiro",
      "playing hammond organ",
      "playing harmonica",
      "playing harp",
      "playing harpsichord",
      "playing hockey",
      "playing lacrosse",
      "playing mandolin",
      "playing marimba, xylophone",
      "playing oboe",
      "playing piano",
      "playing saxophone",
      "playing shofar",
      "playing sitar",
      "playing snare drum",
      "playing squash",
      "playing steel guitar, slide guitar",
      "playing steelpan",
      "playing synthesizer",
      "playing tabla",
      "playing table tennis",
      "playing tambourine",
      "playing tennis",
      "playing theremin",
      "playing timbales",
      "playing timpani",
      "playing trombone",
      "playing trumpet",
      "playing tuning fork",
      "playing tympani",
      "playing ukulele",
      "playing vibraphone",
      "playing violin, fiddle",
      "playing volleyball",
      "playing washboard",
      "playing zither",
      "police car (siren)",
      "police radio chatter",
      "popping popcorn",
      "printer printing",
      "pumping water",
      "race car, auto racing",
      "railroad car, train wagon",
      "raining",
      "rapping",
      "reversing beeps",
      "ripping paper",
      "roller coaster running",
      "rope skipping",
      "rowboat, canoe, kayak rowing",
      "running electric fan",
      "sailing",
      "scuba diving",
      "sea lion barking",
      "sea waves",
      "sharpen knife",
      "sheep bleating",
      "shot football",
      "singing bowl",
      "singing choir",
      "skateboarding",
      "skidding",
      "skiing",
      "sliding door",
      "sloshing water",
      "slot machine",
      "smoke detector beeping",
      "snake hissing",
      "snake rattling",
      "splashing water",
      "spraying water",
      "squishing water",
      "stream burbling",
      "strike lighter",
      "striking bowling",
      "striking pool",
      "subway, metro, underground",
      "swimming",
      "tap dancing",
      "tapping guitar",
      "telephone bell ringing",
      "thunder",
      "toilet flushing",
      "tornado roaring",
      "tractor digging",
      "train horning",
      "train wheels squealing",
      "train whistling",
      "turkey gobbling",
      "typing on computer keyboard",
      "typing on typewriter",
      "underwater bubbling",
      "using sewing machines",
      "vacuum cleaner cleaning floors",
      "vehicle horn, car horn, honking",
      "volcano explosion",
      "warbler chirping",
      "waterfall burbling",
      "whale calling",
      "wind chime",
      "wind noise",
      "wind rustling leaves",
      "wood thrush calling",
      "woodpecker pecking tree",
      "writing on blackboard with chalk",
      "yodelling",
      "zebra braying"
    ],
    "video_dim": 8192,
    "motion_dim": 1,
    "audio_dim": 1
  },
  "out_dir": "/home/Hongjie_Zeng/high_order_BM/runs_vggsound_full_VF026_standard_video_lstm8192_h6_lc5_e260"
}
