[2026-06-18 22:04:11] audio STFT4096 rows=98978 classes=309 shard=1/2 source_rows=197957 ffmpeg=/home/Hongjie_Zeng/.conda/envs/hongjie_env/lib/python3.13/site-packages/imageio_ffmpeg/binaries/ffmpeg-linux-x86_64-v7.0.2
[2026-06-18 22:04:11] processed 1/98978 ok=1 failures=0
[2026-06-18 22:04:29] processed 500/98978 ok=500 failures=0
[2026-06-18 22:04:50] processed 1000/98978 ok=1000 failures=0
[2026-06-18 22:05:13] processed 1500/98978 ok=1500 failures=0
[2026-06-18 22:05:34] processed 2000/98978 ok=2000 failures=0
[2026-06-18 22:05:55] processed 2500/98978 ok=2500 failures=0
[2026-06-18 22:06:17] processed 3000/98978 ok=3000 failures=0
[2026-06-18 22:06:39] processed 3500/98978 ok=3500 failures=0
[2026-06-18 22:07:00] processed 4000/98978 ok=4000 failures=0
[2026-06-18 22:07:21] processed 4500/98978 ok=4500 failures=0
[2026-06-18 22:07:42] processed 5000/98978 ok=5000 failures=0
[2026-06-18 22:08:03] processed 5500/98978 ok=5500 failures=0
[2026-06-18 22:08:24] processed 6000/98978 ok=6000 failures=0
[2026-06-18 22:08:47] processed 6500/98978 ok=6500 failures=0
[2026-06-18 22:09:10] processed 7000/98978 ok=7000 failures=0
[2026-06-18 22:09:32] processed 7500/98978 ok=7500 failures=0
[2026-06-18 22:09:55] processed 8000/98978 ok=8000 failures=0
[2026-06-18 22:10:18] processed 8500/98978 ok=8500 failures=0
[2026-06-18 22:10:42] processed 9000/98978 ok=9000 failures=0
[2026-06-18 22:11:04] processed 9500/98978 ok=9500 failures=0
[2026-06-18 22:11:28] processed 10000/98978 ok=10000 failures=0
[2026-06-18 22:11:48] processed 10500/98978 ok=10500 failures=0
[2026-06-18 22:12:13] processed 11000/98978 ok=11000 failures=0
[2026-06-18 22:12:36] processed 11500/98978 ok=11500 failures=0
[2026-06-18 22:12:59] processed 12000/98978 ok=12000 failures=0
[2026-06-18 22:13:21] processed 12500/98978 ok=12500 failures=0
[2026-06-18 22:13:43] processed 13000/98978 ok=13000 failures=0
[2026-06-18 22:14:09] processed 13500/98978 ok=13500 failures=0
[2026-06-18 22:14:34] processed 14000/98978 ok=14000 failures=0
[2026-06-18 22:14:58] processed 14500/98978 ok=14500 failures=0
[2026-06-18 22:15:22] processed 15000/98978 ok=15000 failures=0
[2026-06-18 22:15:44] processed 15500/98978 ok=15500 failures=0
[2026-06-18 22:16:06] processed 16000/98978 ok=16000 failures=0
[2026-06-18 22:16:28] processed 16500/98978 ok=16500 failures=0
[2026-06-18 22:16:50] processed 17000/98978 ok=17000 failures=0
[2026-06-18 22:17:13] processed 17500/98978 ok=17500 failures=0
[2026-06-18 22:17:37] processed 18000/98978 ok=18000 failures=0
[2026-06-18 22:18:01] processed 18500/98978 ok=18500 failures=0
[2026-06-18 22:18:22] processed 19000/98978 ok=19000 failures=0
[2026-06-18 22:18:43] processed 19500/98978 ok=19500 failures=0
[2026-06-18 22:19:03] processed 20000/98978 ok=20000 failures=0
[2026-06-18 22:19:24] processed 20500/98978 ok=20500 failures=0
[2026-06-18 22:19:49] processed 21000/98978 ok=21000 failures=0
[2026-06-18 22:20:12] processed 21500/98978 ok=21500 failures=0
[2026-06-18 22:20:37] processed 22000/98978 ok=22000 failures=0
[2026-06-18 22:21:01] processed 22500/98978 ok=22500 failures=0
[2026-06-18 22:21:25] processed 23000/98978 ok=23000 failures=0
[2026-06-18 22:21:49] processed 23500/98978 ok=23500 failures=0
[2026-06-18 22:22:09] processed 24000/98978 ok=24000 failures=0
[2026-06-18 22:22:29] processed 24500/98978 ok=24500 failures=0
[2026-06-18 22:22:53] processed 25000/98978 ok=25000 failures=0
[2026-06-18 22:23:15] processed 25500/98978 ok=25500 failures=0
[2026-06-18 22:23:35] processed 26000/98978 ok=26000 failures=0
[2026-06-18 22:23:55] processed 26500/98978 ok=26500 failures=0
[2026-06-18 22:24:19] processed 27000/98978 ok=27000 failures=0
[2026-06-18 22:24:40] processed 27500/98978 ok=27500 failures=0
[2026-06-18 22:25:05] processed 28000/98978 ok=28000 failures=0
[2026-06-18 22:25:32] processed 28500/98978 ok=28500 failures=0
[2026-06-18 22:25:53] processed 29000/98978 ok=29000 failures=0
[2026-06-18 22:26:11] processed 29500/98978 ok=29500 failures=0
[2026-06-18 22:26:31] processed 30000/98978 ok=30000 failures=0
[2026-06-18 22:26:55] processed 30500/98978 ok=30500 failures=0
[2026-06-18 22:27:18] processed 31000/98978 ok=31000 failures=0
[2026-06-18 22:27:39] processed 31500/98978 ok=31500 failures=0
[2026-06-18 22:28:03] processed 32000/98978 ok=32000 failures=0
[2026-06-18 22:28:28] processed 32500/98978 ok=32500 failures=0
[2026-06-18 22:28:53] processed 33000/98978 ok=33000 failures=0
[2026-06-18 22:29:19] processed 33500/98978 ok=33500 failures=0
[2026-06-18 22:29:42] processed 34000/98978 ok=34000 failures=0
[2026-06-18 22:30:06] processed 34500/98978 ok=34500 failures=0
[2026-06-18 22:30:29] processed 35000/98978 ok=35000 failures=0
[2026-06-18 22:30:50] processed 35500/98978 ok=35500 failures=0
[2026-06-18 22:31:10] processed 36000/98978 ok=36000 failures=0
[2026-06-18 22:31:33] processed 36500/98978 ok=36500 failures=0
[2026-06-18 22:31:57] processed 37000/98978 ok=37000 failures=0
[2026-06-18 22:32:19] processed 37500/98978 ok=37500 failures=0
[2026-06-18 22:32:43] processed 38000/98978 ok=38000 failures=0
[2026-06-18 22:33:08] processed 38500/98978 ok=38500 failures=0
[2026-06-18 22:33:32] processed 39000/98978 ok=39000 failures=0
[2026-06-18 22:33:56] processed 39500/98978 ok=39500 failures=0
[2026-06-18 22:34:15] processed 40000/98978 ok=40000 failures=0
[2026-06-18 22:34:35] processed 40500/98978 ok=40500 failures=0
[2026-06-18 22:34:58] processed 41000/98978 ok=41000 failures=0
[2026-06-18 22:35:19] processed 41500/98978 ok=41500 failures=0
[2026-06-18 22:35:42] processed 42000/98978 ok=42000 failures=0
[2026-06-18 22:36:05] processed 42500/98978 ok=42500 failures=0
[2026-06-18 22:36:27] processed 43000/98978 ok=43000 failures=0
[2026-06-18 22:36:50] processed 43500/98978 ok=43500 failures=0
[2026-06-18 22:37:10] processed 44000/98978 ok=44000 failures=0
[2026-06-18 22:37:33] processed 44500/98978 ok=44500 failures=0
[2026-06-18 22:37:56] processed 45000/98978 ok=45000 failures=0
[2026-06-18 22:38:16] processed 45500/98978 ok=45500 failures=0
[2026-06-18 22:38:39] processed 46000/98978 ok=46000 failures=0
[2026-06-18 22:39:01] processed 46500/98978 ok=46500 failures=0
[2026-06-18 22:39:23] processed 47000/98978 ok=47000 failures=0
[2026-06-18 22:39:41] processed 47500/98978 ok=47500 failures=0
[2026-06-18 22:40:01] processed 48000/98978 ok=48000 failures=0
[2026-06-18 22:40:24] processed 48500/98978 ok=48500 failures=0
[2026-06-18 22:40:47] processed 49000/98978 ok=49000 failures=0
[2026-06-18 22:41:08] processed 49500/98978 ok=49500 failures=0
[2026-06-18 22:41:32] processed 50000/98978 ok=50000 failures=0
[2026-06-18 22:41:52] processed 50500/98978 ok=50500 failures=0
[2026-06-18 22:42:12] processed 51000/98978 ok=51000 failures=0
[2026-06-18 22:42:36] processed 51500/98978 ok=51500 failures=0
[2026-06-18 22:42:55] processed 52000/98978 ok=52000 failures=0
[2026-06-18 22:43:15] processed 52500/98978 ok=52500 failures=0
[2026-06-18 22:43:35] processed 53000/98978 ok=53000 failures=0
[2026-06-18 22:44:00] processed 53500/98978 ok=53500 failures=0
[2026-06-18 22:44:20] processed 54000/98978 ok=54000 failures=0
[2026-06-18 22:44:43] processed 54500/98978 ok=54500 failures=0
[2026-06-18 22:45:04] processed 55000/98978 ok=55000 failures=0
[2026-06-18 22:45:23] processed 55500/98978 ok=55500 failures=0
[2026-06-18 22:45:48] processed 56000/98978 ok=56000 failures=0
[2026-06-18 22:46:09] processed 56500/98978 ok=56500 failures=0
[2026-06-18 22:46:28] processed 57000/98978 ok=57000 failures=0
[2026-06-18 22:46:50] processed 57500/98978 ok=57500 failures=0
[2026-06-18 22:47:10] processed 58000/98978 ok=58000 failures=0
[2026-06-18 22:47:31] processed 58500/98978 ok=58500 failures=0
[2026-06-18 22:47:55] processed 59000/98978 ok=59000 failures=0
[2026-06-18 22:48:15] processed 59500/98978 ok=59500 failures=0
[2026-06-18 22:48:35] processed 60000/98978 ok=60000 failures=0
[2026-06-18 22:48:56] processed 60500/98978 ok=60500 failures=0
[2026-06-18 22:49:19] processed 61000/98978 ok=61000 failures=0
[2026-06-18 22:49:42] processed 61500/98978 ok=61500 failures=0
[2026-06-18 22:50:06] processed 62000/98978 ok=62000 failures=0
[2026-06-18 22:50:27] processed 62500/98978 ok=62500 failures=0
[2026-06-18 22:50:47] processed 63000/98978 ok=63000 failures=0
[2026-06-18 22:51:07] processed 63500/98978 ok=63500 failures=0
[2026-06-18 22:51:27] processed 64000/98978 ok=64000 failures=0
[2026-06-18 22:51:49] processed 64500/98978 ok=64500 failures=0
[2026-06-18 22:52:09] processed 65000/98978 ok=65000 failures=0
[2026-06-18 22:52:31] processed 65500/98978 ok=65500 failures=0
[2026-06-18 22:52:56] processed 66000/98978 ok=66000 failures=0
[2026-06-18 22:53:17] processed 66500/98978 ok=66500 failures=0
[2026-06-18 22:53:37] processed 67000/98978 ok=67000 failures=0
[2026-06-18 22:53:57] processed 67500/98978 ok=67500 failures=0
[2026-06-18 22:54:17] processed 68000/98978 ok=68000 failures=0
[2026-06-18 22:54:40] processed 68500/98978 ok=68500 failures=0
[2026-06-18 22:55:01] processed 69000/98978 ok=69000 failures=0
[2026-06-18 22:55:22] processed 69500/98978 ok=69500 failures=0
[2026-06-18 22:55:41] processed 70000/98978 ok=70000 failures=0
[2026-06-18 22:56:01] processed 70500/98978 ok=70500 failures=0
[2026-06-18 22:56:22] processed 71000/98978 ok=71000 failures=0
[2026-06-18 22:56:44] processed 71500/98978 ok=71500 failures=0
[2026-06-18 22:57:06] processed 72000/98978 ok=72000 failures=0
[2026-06-18 22:57:29] processed 72500/98978 ok=72500 failures=0
[2026-06-18 22:57:51] processed 73000/98978 ok=73000 failures=0
[2026-06-18 22:58:13] processed 73500/98978 ok=73500 failures=0
[2026-06-18 22:58:36] processed 74000/98978 ok=74000 failures=0
[2026-06-18 22:59:00] processed 74500/98978 ok=74500 failures=0
[2026-06-18 22:59:21] processed 75000/98978 ok=75000 failures=0
[2026-06-18 22:59:43] processed 75500/98978 ok=75500 failures=0
[2026-06-18 23:00:03] processed 76000/98978 ok=76000 failures=0
[2026-06-18 23:00:23] processed 76500/98978 ok=76500 failures=0
[2026-06-18 23:00:45] processed 77000/98978 ok=77000 failures=0
[2026-06-18 23:01:06] processed 77500/98978 ok=77500 failures=0
[2026-06-18 23:01:25] processed 78000/98978 ok=78000 failures=0
[2026-06-18 23:01:49] processed 78500/98978 ok=78500 failures=0
[2026-06-18 23:02:12] processed 79000/98978 ok=79000 failures=0
[2026-06-18 23:02:33] processed 79500/98978 ok=79500 failures=0
[2026-06-18 23:02:56] processed 80000/98978 ok=80000 failures=0
[2026-06-18 23:03:17] processed 80500/98978 ok=80500 failures=0
[2026-06-18 23:03:37] processed 81000/98978 ok=81000 failures=0
[2026-06-18 23:03:59] processed 81500/98978 ok=81500 failures=0
[2026-06-18 23:04:21] processed 82000/98978 ok=82000 failures=0
[2026-06-18 23:04:46] processed 82500/98978 ok=82500 failures=0
[2026-06-18 23:05:10] processed 83000/98978 ok=83000 failures=0
[2026-06-18 23:05:32] processed 83500/98978 ok=83500 failures=0
[2026-06-18 23:05:53] processed 84000/98978 ok=84000 failures=0
[2026-06-18 23:06:18] processed 84500/98978 ok=84500 failures=0
[2026-06-18 23:06:44] processed 85000/98978 ok=85000 failures=0
[2026-06-18 23:07:07] processed 85500/98978 ok=85500 failures=0
[2026-06-18 23:07:31] processed 86000/98978 ok=86000 failures=0
[2026-06-18 23:07:52] processed 86500/98978 ok=86500 failures=0
[2026-06-18 23:08:12] processed 87000/98978 ok=87000 failures=0
[2026-06-18 23:08:36] processed 87500/98978 ok=87500 failures=0
[2026-06-18 23:08:58] processed 88000/98978 ok=88000 failures=0
[2026-06-18 23:09:25] processed 88500/98978 ok=88500 failures=0
[2026-06-18 23:09:46] processed 89000/98978 ok=89000 failures=0
[2026-06-18 23:10:10] processed 89500/98978 ok=89500 failures=0
[2026-06-18 23:10:35] processed 90000/98978 ok=90000 failures=0
[2026-06-18 23:10:57] processed 90500/98978 ok=90500 failures=0
[2026-06-18 23:11:19] processed 91000/98978 ok=91000 failures=0
[2026-06-18 23:11:42] processed 91500/98978 ok=91500 failures=0
[2026-06-18 23:12:03] processed 92000/98978 ok=92000 failures=0
[2026-06-18 23:12:25] processed 92500/98978 ok=92500 failures=0
[2026-06-18 23:12:51] processed 93000/98978 ok=93000 failures=0
[2026-06-18 23:13:16] processed 93500/98978 ok=93500 failures=0
[2026-06-18 23:13:41] processed 94000/98978 ok=94000 failures=0
[2026-06-18 23:14:05] processed 94500/98978 ok=94500 failures=0
[2026-06-18 23:14:27] processed 95000/98978 ok=95000 failures=0
[2026-06-18 23:14:52] processed 95500/98978 ok=95500 failures=0
[2026-06-18 23:15:12] processed 96000/98978 ok=96000 failures=0
[2026-06-18 23:15:36] processed 96500/98978 ok=96500 failures=0
[2026-06-18 23:15:59] processed 97000/98978 ok=97000 failures=0
[2026-06-18 23:16:18] processed 97500/98978 ok=97500 failures=0
[2026-06-18 23:16:44] processed 98000/98978 ok=98000 failures=0
[2026-06-18 23:17:10] processed 98500/98978 ok=98500 failures=0
[2026-06-18 23:17:31] processed 98978/98978 ok=98978 failures=0
{
  "train_size": 91308,
  "test_size": 7670,
  "num_classes": 309,
  "num_failures": 0,
  "audio_dim": 12288
}
[2026-06-18 23:18:20] wrote /home/Hongjie_Zeng/high_order_BM/data_vggsound_full/features/vggsound_full_audio_stft128x96_official5s_allclasses_sr16000_n512_o353_shard1of2.npz
