[data] train=1780 test=325 classes=20 video=8192 motion=8192 audio=2048 device=cuda
[model] standard input=8192 label=100 hidden=8192 total=16484 mode=video
[init] estimating visible bias from training set
[epoch 001] recon_mse=0.07755
[epoch 002] recon_mse=0.06965
[epoch 003] recon_mse=0.06094
[epoch 004] recon_mse=0.05685
[epoch 005] recon_mse=0.05552 quick_test_acc=0.0738 ent=2.9773
[epoch 006] recon_mse=0.05468
[epoch 007] recon_mse=0.05312
[epoch 008] recon_mse=0.05167
[epoch 009] recon_mse=0.05076
[epoch 010] recon_mse=0.05042 quick_test_acc=0.0800 ent=2.9603
[epoch 011] recon_mse=0.04996
[epoch 012] recon_mse=0.04954
[epoch 013] recon_mse=0.04902
[epoch 014] recon_mse=0.04824
[epoch 015] recon_mse=0.04734 quick_test_acc=0.0677 ent=2.9505
[epoch 016] recon_mse=0.04661
[epoch 017] recon_mse=0.04580
[epoch 018] recon_mse=0.04521
[epoch 019] recon_mse=0.04451
[epoch 020] recon_mse=0.04413 quick_test_acc=0.0800 ent=2.9384
[epoch 021] recon_mse=0.04383
[epoch 022] recon_mse=0.04364
[epoch 023] recon_mse=0.04330
[epoch 024] recon_mse=0.04306
[epoch 025] recon_mse=0.04298 quick_test_acc=0.0738 ent=2.9293
[epoch 026] recon_mse=0.04314
[epoch 027] recon_mse=0.04294
[epoch 028] recon_mse=0.04276
[epoch 029] recon_mse=0.04267
[epoch 030] recon_mse=0.04260 quick_test_acc=0.0862 ent=2.9218
[epoch 031] recon_mse=0.04252
[epoch 032] recon_mse=0.04235
[epoch 033] recon_mse=0.04234
[epoch 034] recon_mse=0.04222
[epoch 035] recon_mse=0.04244 quick_test_acc=0.0862 ent=2.9155
[epoch 036] recon_mse=0.04227
[epoch 037] recon_mse=0.04206
[epoch 038] recon_mse=0.04209
[epoch 039] recon_mse=0.04219
[epoch 040] recon_mse=0.04221 quick_test_acc=0.0954 ent=2.9054
[epoch 041] recon_mse=0.04196
[epoch 042] recon_mse=0.04183
[epoch 043] recon_mse=0.04192
[epoch 044] recon_mse=0.04189
[epoch 045] recon_mse=0.04186 quick_test_acc=0.0985 ent=2.9000
[epoch 046] recon_mse=0.04197
[epoch 047] recon_mse=0.04165
[epoch 048] recon_mse=0.04174
[epoch 049] recon_mse=0.04150
[epoch 050] recon_mse=0.04168 quick_test_acc=0.0923 ent=2.8938
[epoch 051] recon_mse=0.04156
[epoch 052] recon_mse=0.04139
[epoch 053] recon_mse=0.04125
[epoch 054] recon_mse=0.04116
[epoch 055] recon_mse=0.04120 quick_test_acc=0.0954 ent=2.8892
[epoch 056] recon_mse=0.04111
[epoch 057] recon_mse=0.04103
[epoch 058] recon_mse=0.04074
[epoch 059] recon_mse=0.04063
[epoch 060] recon_mse=0.04050 quick_test_acc=0.0892 ent=2.8828
[epoch 061] recon_mse=0.04044
[epoch 062] recon_mse=0.04033
[epoch 063] recon_mse=0.04002
[epoch 064] recon_mse=0.03997
[epoch 065] recon_mse=0.03975 quick_test_acc=0.0954 ent=2.8780
[epoch 066] recon_mse=0.03970
[epoch 067] recon_mse=0.03948
[epoch 068] recon_mse=0.03917
[epoch 069] recon_mse=0.03909
[epoch 070] recon_mse=0.03887 quick_test_acc=0.1046 ent=2.8689
[epoch 071] recon_mse=0.03894
[epoch 072] recon_mse=0.03875
[epoch 073] recon_mse=0.03873
[epoch 074] recon_mse=0.03843
[epoch 075] recon_mse=0.03826 quick_test_acc=0.1015 ent=2.8634
[epoch 076] recon_mse=0.03845
[epoch 077] recon_mse=0.03817
[epoch 078] recon_mse=0.03791
[epoch 079] recon_mse=0.03787
[epoch 080] recon_mse=0.03768 quick_test_acc=0.1046 ent=2.8575
[epoch 081] recon_mse=0.03773
[epoch 082] recon_mse=0.03779
[epoch 083] recon_mse=0.03757
[epoch 084] recon_mse=0.03748
[epoch 085] recon_mse=0.03733 quick_test_acc=0.1046 ent=2.8531
[epoch 086] recon_mse=0.03726
[epoch 087] recon_mse=0.03739
[epoch 088] recon_mse=0.03713
[epoch 089] recon_mse=0.03717
[epoch 090] recon_mse=0.03714 quick_test_acc=0.1077 ent=2.8526
[epoch 091] recon_mse=0.03704
[epoch 092] recon_mse=0.03699
[epoch 093] recon_mse=0.03677
[epoch 094] recon_mse=0.03697
[epoch 095] recon_mse=0.03705 quick_test_acc=0.0923 ent=2.8429
[epoch 096] recon_mse=0.03686
[epoch 097] recon_mse=0.03667
[epoch 098] recon_mse=0.03673
[epoch 099] recon_mse=0.03665
[epoch 100] recon_mse=0.03658 quick_test_acc=0.0954 ent=2.8427
[epoch 101] recon_mse=0.03658
[epoch 102] recon_mse=0.03664
[epoch 103] recon_mse=0.03645
[epoch 104] recon_mse=0.03649
[epoch 105] recon_mse=0.03652 quick_test_acc=0.1138 ent=2.8351
[epoch 106] recon_mse=0.03644
[epoch 107] recon_mse=0.03626
[epoch 108] recon_mse=0.03630
[epoch 109] recon_mse=0.03632
[epoch 110] recon_mse=0.03639 quick_test_acc=0.1108 ent=2.8330
[epoch 111] recon_mse=0.03623
[epoch 112] recon_mse=0.03623
[epoch 113] recon_mse=0.03620
[epoch 114] recon_mse=0.03613
[epoch 115] recon_mse=0.03611 quick_test_acc=0.1077 ent=2.8279
[epoch 116] recon_mse=0.03608
[epoch 117] recon_mse=0.03606
[epoch 118] recon_mse=0.03609
[epoch 119] recon_mse=0.03590
[epoch 120] recon_mse=0.03616 quick_test_acc=0.1077 ent=2.8273
[epoch 121] recon_mse=0.03591
[epoch 122] recon_mse=0.03594
[epoch 123] recon_mse=0.03578
[epoch 124] recon_mse=0.03583
[epoch 125] recon_mse=0.03578 quick_test_acc=0.1138 ent=2.8226
[epoch 126] recon_mse=0.03565
[epoch 127] recon_mse=0.03575
[epoch 128] recon_mse=0.03560
[epoch 129] recon_mse=0.03559
[epoch 130] recon_mse=0.03574 quick_test_acc=0.1108 ent=2.8183
[epoch 131] recon_mse=0.03549
[epoch 132] recon_mse=0.03554
[epoch 133] recon_mse=0.03552
[epoch 134] recon_mse=0.03547
[epoch 135] recon_mse=0.03533 quick_test_acc=0.1046 ent=2.8160
[epoch 136] recon_mse=0.03541
[epoch 137] recon_mse=0.03550
[epoch 138] recon_mse=0.03543
[epoch 139] recon_mse=0.03530
[epoch 140] recon_mse=0.03530 quick_test_acc=0.1108 ent=2.8103
[epoch 141] recon_mse=0.03594
[epoch 142] recon_mse=0.03546
[epoch 143] recon_mse=0.03519
[epoch 144] recon_mse=0.03518
[epoch 145] recon_mse=0.03516 quick_test_acc=0.1108 ent=2.8066
[epoch 146] recon_mse=0.03538
[epoch 147] recon_mse=0.03515
[epoch 148] recon_mse=0.03530
[epoch 149] recon_mse=0.03508
[epoch 150] recon_mse=0.03498 quick_test_acc=0.1138 ent=2.8072
[epoch 151] recon_mse=0.03510
[epoch 152] recon_mse=0.03497
[epoch 153] recon_mse=0.03506
[epoch 154] recon_mse=0.03504
[epoch 155] recon_mse=0.03496 quick_test_acc=0.1046 ent=2.8046
[epoch 156] recon_mse=0.03482
[epoch 157] recon_mse=0.03489
[epoch 158] recon_mse=0.03495
[epoch 159] recon_mse=0.03490
[epoch 160] recon_mse=0.03494 quick_test_acc=0.1108 ent=2.7964
[epoch 161] recon_mse=0.03458
[epoch 162] recon_mse=0.03474
[epoch 163] recon_mse=0.03471
[epoch 164] recon_mse=0.03466
[epoch 165] recon_mse=0.03475 quick_test_acc=0.1138 ent=2.7973
[epoch 166] recon_mse=0.03457
[epoch 167] recon_mse=0.03462
[epoch 168] recon_mse=0.03458
[epoch 169] recon_mse=0.03462
[epoch 170] recon_mse=0.03439 quick_test_acc=0.1046 ent=2.7931
[epoch 171] recon_mse=0.03448
[epoch 172] recon_mse=0.03439
[epoch 173] recon_mse=0.03437
[epoch 174] recon_mse=0.03432
[epoch 175] recon_mse=0.03429 quick_test_acc=0.1046 ent=2.7911
[epoch 176] recon_mse=0.03426
[epoch 177] recon_mse=0.03430
[epoch 178] recon_mse=0.03428
[epoch 179] recon_mse=0.03411
[epoch 180] recon_mse=0.03407 quick_test_acc=0.1138 ent=2.7861
[full_eval_best] {
  "created_at": "2026-06-15 22:29:34",
  "ckpt": "/home/Hongjie_Zeng/high_order_BM/runs_vggsound_mini20_V007_standard_video_gray32/best.pt",
  "ckpt_epoch": 105,
  "ckpt_best_acc": 0.11384615384615385,
  "eval_steps": 3000,
  "eval_burn_in": 500,
  "eval_thin": 2,
  "test_label_gibbs_acc": 0.11384615384615385,
  "test_label_entropy": 2.835055947303772,
  "computed_dims": {
    "input_dim": 8192,
    "label_dim": 100,
    "hidden_dim": 8192,
    "total_pbits": 16484,
    "num_classes": 20
  },
  "data_dims": {
    "feature_npz": "/home/Hongjie_Zeng/high_order_BM/data_vggsound_mini/features/vggsound_mini20_video_f8_s32_gray_audio2048.npz",
    "train_size": 1780,
    "test_size": 325,
    "num_classes": 20,
    "class_names": [
      "playing cello",
      "playing cymbal",
      "playing didgeridoo",
      "playing drum kit",
      "playing electric guitar",
      "playing flute",
      "playing harp",
      "playing marimba, xylophone",
      "playing piano",
      "playing saxophone",
      "playing trombone",
      "playing violin, fiddle",
      "police car (siren)",
      "race car, auto racing",
      "railroad car, train wagon",
      "rowboat, canoe, kayak rowing",
      "singing bowl",
      "tap dancing",
      "toilet flushing",
      "vehicle horn, car horn, honking"
    ],
    "video_dim": 8192,
    "motion_dim": 8192,
    "audio_dim": 2048
  }
}
{
  "experiment_id": "V007_standard_video_gray32",
  "finished_at": "2026-06-15 22:29:34",
  "model_type": "standard",
  "best_epoch": 105,
  "best_acc_selection_metric": 0.11384615384615385,
  "final_epoch": 180,
  "final_test_label_gibbs_acc": 0.11384615384615385,
  "full_eval_best_acc": 0.11384615384615385,
  "computed_dims": {
    "input_dim": 8192,
    "label_dim": 100,
    "hidden_dim": 8192,
    "total_pbits": 16484,
    "num_classes": 20
  },
  "data_dims": {
    "feature_npz": "/home/Hongjie_Zeng/high_order_BM/data_vggsound_mini/features/vggsound_mini20_video_f8_s32_gray_audio2048.npz",
    "train_size": 1780,
    "test_size": 325,
    "num_classes": 20,
    "class_names": [
      "playing cello",
      "playing cymbal",
      "playing didgeridoo",
      "playing drum kit",
      "playing electric guitar",
      "playing flute",
      "playing harp",
      "playing marimba, xylophone",
      "playing piano",
      "playing saxophone",
      "playing trombone",
      "playing violin, fiddle",
      "police car (siren)",
      "race car, auto racing",
      "railroad car, train wagon",
      "rowboat, canoe, kayak rowing",
      "singing bowl",
      "tap dancing",
      "toilet flushing",
      "vehicle horn, car horn, honking"
    ],
    "video_dim": 8192,
    "motion_dim": 8192,
    "audio_dim": 2048
  },
  "out_dir": "/home/Hongjie_Zeng/high_order_BM/runs_vggsound_mini20_V007_standard_video_gray32"
}
