[data] train=182615 test=15341 classes=309 video=4096 motion=1 audio=1 device=cuda
[model] standard input=4096 label=1545 hidden=32768 total=38409 mode=video
[init] estimating visible bias from training set
[epoch 001] recon_mse=0.04750
[epoch 002] recon_mse=0.03490
[epoch 003] recon_mse=0.02878
[epoch 004] recon_mse=0.02548
[epoch 005] recon_mse=0.02325 quick_test_acc=0.1706 ent=5.5505
[epoch 006] recon_mse=0.02164
[epoch 007] recon_mse=0.02050
[epoch 008] recon_mse=0.01970
[epoch 009] recon_mse=0.01909
[epoch 010] recon_mse=0.01859 quick_test_acc=0.2060 ent=5.4390
[epoch 011] recon_mse=0.01819
[epoch 012] recon_mse=0.01784
[epoch 013] recon_mse=0.01754
[epoch 014] recon_mse=0.01727
[epoch 015] recon_mse=0.01703 quick_test_acc=0.2292 ent=5.2367
[epoch 016] recon_mse=0.01680
[epoch 017] recon_mse=0.01661
[epoch 018] recon_mse=0.01642
[epoch 019] recon_mse=0.01625
[epoch 020] recon_mse=0.01608 quick_test_acc=0.2536 ent=5.0185
[epoch 021] recon_mse=0.01594
[epoch 022] recon_mse=0.01580
[epoch 023] recon_mse=0.01567
[epoch 024] recon_mse=0.01556
[epoch 025] recon_mse=0.01544 quick_test_acc=0.2684 ent=4.8161
[epoch 026] recon_mse=0.01534
[epoch 027] recon_mse=0.01524
[epoch 028] recon_mse=0.01515
[epoch 029] recon_mse=0.01505
[epoch 030] recon_mse=0.01496 quick_test_acc=0.2837 ent=4.6457
[epoch 031] recon_mse=0.01487
[epoch 032] recon_mse=0.01481
[epoch 033] recon_mse=0.01473
[epoch 034] recon_mse=0.01465
[epoch 035] recon_mse=0.01458 quick_test_acc=0.2959 ent=4.4975
[epoch 036] recon_mse=0.01451
[epoch 037] recon_mse=0.01444
[epoch 038] recon_mse=0.01439
[epoch 039] recon_mse=0.01433
[epoch 040] recon_mse=0.01428 quick_test_acc=0.3101 ent=4.3749
[epoch 041] recon_mse=0.01422
[epoch 042] recon_mse=0.01416
[epoch 043] recon_mse=0.01410
[epoch 044] recon_mse=0.01406
[epoch 045] recon_mse=0.01400 quick_test_acc=0.3197 ent=4.2696
[epoch 046] recon_mse=0.01396
[epoch 047] recon_mse=0.01391
[epoch 048] recon_mse=0.01386
[epoch 049] recon_mse=0.01381
[epoch 050] recon_mse=0.01377 quick_test_acc=0.3278 ent=4.1815
[epoch 051] recon_mse=0.01373
[epoch 052] recon_mse=0.01369
[epoch 053] recon_mse=0.01365
[epoch 054] recon_mse=0.01361
[epoch 055] recon_mse=0.01358 quick_test_acc=0.3348 ent=4.0999
[epoch 056] recon_mse=0.01353
[epoch 057] recon_mse=0.01350
[epoch 058] recon_mse=0.01346
[epoch 059] recon_mse=0.01343
[epoch 060] recon_mse=0.01339 quick_test_acc=0.3393 ent=4.0317
[epoch 061] recon_mse=0.01336
[epoch 062] recon_mse=0.01333
[epoch 063] recon_mse=0.01329
[epoch 064] recon_mse=0.01326
[epoch 065] recon_mse=0.01323 quick_test_acc=0.3452 ent=3.9641
[epoch 066] recon_mse=0.01320
[epoch 067] recon_mse=0.01317
[epoch 068] recon_mse=0.01314
[epoch 069] recon_mse=0.01311
[epoch 070] recon_mse=0.01309 quick_test_acc=0.3484 ent=3.9067
[epoch 071] recon_mse=0.01305
[epoch 072] recon_mse=0.01303
[epoch 073] recon_mse=0.01300
[epoch 074] recon_mse=0.01297
[epoch 075] recon_mse=0.01294 quick_test_acc=0.3533 ent=3.8512
[epoch 076] recon_mse=0.01292
[epoch 077] recon_mse=0.01289
[epoch 078] recon_mse=0.01286
[epoch 079] recon_mse=0.01284
[epoch 080] recon_mse=0.01282 quick_test_acc=0.3584 ent=3.8088
[epoch 081] recon_mse=0.01279
[epoch 082] recon_mse=0.01278
[epoch 083] recon_mse=0.01274
[epoch 084] recon_mse=0.01273
[epoch 085] recon_mse=0.01270 quick_test_acc=0.3622 ent=3.7603
[epoch 086] recon_mse=0.01268
[epoch 087] recon_mse=0.01266
[epoch 088] recon_mse=0.01264
[epoch 089] recon_mse=0.01262
[epoch 090] recon_mse=0.01260 quick_test_acc=0.3661 ent=3.7199
[epoch 091] recon_mse=0.01257
[epoch 092] recon_mse=0.01256
[epoch 093] recon_mse=0.01253
[epoch 094] recon_mse=0.01252
[epoch 095] recon_mse=0.01250 quick_test_acc=0.3685 ent=3.6782
[epoch 096] recon_mse=0.01248
[epoch 097] recon_mse=0.01246
[epoch 098] recon_mse=0.01244
[epoch 099] recon_mse=0.01242
[epoch 100] recon_mse=0.01240 quick_test_acc=0.3722 ent=3.6436
[epoch 101] recon_mse=0.01239
[epoch 102] recon_mse=0.01237
[epoch 103] recon_mse=0.01235
[epoch 104] recon_mse=0.01233
[epoch 105] recon_mse=0.01231 quick_test_acc=0.3755 ent=3.6074
[epoch 106] recon_mse=0.01230
[epoch 107] recon_mse=0.01228
[epoch 108] recon_mse=0.01226
[epoch 109] recon_mse=0.01225
[epoch 110] recon_mse=0.01223 quick_test_acc=0.3795 ent=3.5726
[epoch 111] recon_mse=0.01222
[epoch 112] recon_mse=0.01220
[epoch 113] recon_mse=0.01219
[epoch 114] recon_mse=0.01217
[epoch 115] recon_mse=0.01215 quick_test_acc=0.3830 ent=3.5389
[epoch 116] recon_mse=0.01214
[epoch 117] recon_mse=0.01213
[epoch 118] recon_mse=0.01211
[epoch 119] recon_mse=0.01210
[epoch 120] recon_mse=0.01208 quick_test_acc=0.3851 ent=3.5110
[epoch 121] recon_mse=0.01207
[epoch 122] recon_mse=0.01206
[epoch 123] recon_mse=0.01205
[epoch 124] recon_mse=0.01203
[epoch 125] recon_mse=0.01201 quick_test_acc=0.3871 ent=3.4793
[epoch 126] recon_mse=0.01200
[epoch 127] recon_mse=0.01199
[epoch 128] recon_mse=0.01198
[epoch 129] recon_mse=0.01197
[epoch 130] recon_mse=0.01196 quick_test_acc=0.3905 ent=3.4548
[epoch 131] recon_mse=0.01194
[epoch 132] recon_mse=0.01192
[epoch 133] recon_mse=0.01192
[epoch 134] recon_mse=0.01191
[epoch 135] recon_mse=0.01189 quick_test_acc=0.3926 ent=3.4277
[epoch 136] recon_mse=0.01188
[epoch 137] recon_mse=0.01187
[epoch 138] recon_mse=0.01186
[epoch 139] recon_mse=0.01184
[epoch 140] recon_mse=0.01184 quick_test_acc=0.3950 ent=3.4062
[epoch 141] recon_mse=0.01182
[epoch 142] recon_mse=0.01181
[epoch 143] recon_mse=0.01180
[epoch 144] recon_mse=0.01179
[epoch 145] recon_mse=0.01178 quick_test_acc=0.3968 ent=3.3793
[epoch 146] recon_mse=0.01177
[epoch 147] recon_mse=0.01175
[epoch 148] recon_mse=0.01174
[epoch 149] recon_mse=0.01173
[epoch 150] recon_mse=0.01172 quick_test_acc=0.3981 ent=3.3576
[epoch 151] recon_mse=0.01171
[epoch 152] recon_mse=0.01171
[epoch 153] recon_mse=0.01169
[epoch 154] recon_mse=0.01168
[epoch 155] recon_mse=0.01167 quick_test_acc=0.4001 ent=3.3380
[epoch 156] recon_mse=0.01166
[epoch 157] recon_mse=0.01165
[epoch 158] recon_mse=0.01164
[epoch 159] recon_mse=0.01163
[epoch 160] recon_mse=0.01163 quick_test_acc=0.4006 ent=3.3164
[epoch 161] recon_mse=0.01162
[epoch 162] recon_mse=0.01161
[epoch 163] recon_mse=0.01160
[epoch 164] recon_mse=0.01159
[epoch 165] recon_mse=0.01158 quick_test_acc=0.4026 ent=3.2965
[epoch 166] recon_mse=0.01157
[epoch 167] recon_mse=0.01156
[epoch 168] recon_mse=0.01155
[epoch 169] recon_mse=0.01154
[epoch 170] recon_mse=0.01154 quick_test_acc=0.4033 ent=3.2729
[epoch 171] recon_mse=0.01153
[epoch 172] recon_mse=0.01152
[epoch 173] recon_mse=0.01151
[epoch 174] recon_mse=0.01150
[epoch 175] recon_mse=0.01149 quick_test_acc=0.4036 ent=3.2536
[epoch 176] recon_mse=0.01148
[epoch 177] recon_mse=0.01147
[epoch 178] recon_mse=0.01147
[epoch 179] recon_mse=0.01145
[epoch 180] recon_mse=0.01145 quick_test_acc=0.4056 ent=3.2379
[epoch 181] recon_mse=0.01144
[epoch 182] recon_mse=0.01143
[epoch 183] recon_mse=0.01143
[epoch 184] recon_mse=0.01142
[epoch 185] recon_mse=0.01141 quick_test_acc=0.4062 ent=3.2192
[epoch 186] recon_mse=0.01140
[epoch 187] recon_mse=0.01139
[epoch 188] recon_mse=0.01139
[epoch 189] recon_mse=0.01139
[epoch 190] recon_mse=0.01137 quick_test_acc=0.4068 ent=3.1960
[epoch 191] recon_mse=0.01137
[epoch 192] recon_mse=0.01136
[epoch 193] recon_mse=0.01135
[epoch 194] recon_mse=0.01134
[epoch 195] recon_mse=0.01133 quick_test_acc=0.4077 ent=3.1808
[epoch 196] recon_mse=0.01133
[epoch 197] recon_mse=0.01132
[epoch 198] recon_mse=0.01131
[epoch 199] recon_mse=0.01131
[epoch 200] recon_mse=0.01130 quick_test_acc=0.4080 ent=3.1659
[epoch 201] recon_mse=0.01129
[epoch 202] recon_mse=0.01129
[epoch 203] recon_mse=0.01128
[epoch 204] recon_mse=0.01128
[epoch 205] recon_mse=0.01126 quick_test_acc=0.4094 ent=3.1465
[epoch 206] recon_mse=0.01126
[epoch 207] recon_mse=0.01125
[epoch 208] recon_mse=0.01125
[epoch 209] recon_mse=0.01124
[epoch 210] recon_mse=0.01123 quick_test_acc=0.4101 ent=3.1344
[epoch 211] recon_mse=0.01123
[epoch 212] recon_mse=0.01122
[epoch 213] recon_mse=0.01122
[epoch 214] recon_mse=0.01121
[epoch 215] recon_mse=0.01120 quick_test_acc=0.4094 ent=3.1140
[epoch 216] recon_mse=0.01120
[epoch 217] recon_mse=0.01119
[epoch 218] recon_mse=0.01119
[epoch 219] recon_mse=0.01118
[epoch 220] recon_mse=0.01117 quick_test_acc=0.4117 ent=3.0988
[epoch 221] recon_mse=0.01117
[epoch 222] recon_mse=0.01116
[epoch 223] recon_mse=0.01116
[epoch 224] recon_mse=0.01115
[epoch 225] recon_mse=0.01114 quick_test_acc=0.4128 ent=3.0838
[epoch 226] recon_mse=0.01114
[epoch 227] recon_mse=0.01113
[epoch 228] recon_mse=0.01113
[epoch 229] recon_mse=0.01113
[epoch 230] recon_mse=0.01111 quick_test_acc=0.4120 ent=3.0666
[epoch 231] recon_mse=0.01111
[epoch 232] recon_mse=0.01110
[epoch 233] recon_mse=0.01110
[epoch 234] recon_mse=0.01109
[epoch 235] recon_mse=0.01109 quick_test_acc=0.4137 ent=3.0569
[epoch 236] recon_mse=0.01108
[epoch 237] recon_mse=0.01108
[epoch 238] recon_mse=0.01107
[epoch 239] recon_mse=0.01107
[epoch 240] recon_mse=0.01106 quick_test_acc=0.4133 ent=3.0380
[epoch 241] recon_mse=0.01105
[epoch 242] recon_mse=0.01105
[epoch 243] recon_mse=0.01105
[epoch 244] recon_mse=0.01105
[epoch 245] recon_mse=0.01104 quick_test_acc=0.4150 ent=3.0259
[epoch 246] recon_mse=0.01103
[epoch 247] recon_mse=0.01103
[epoch 248] recon_mse=0.01102
[epoch 249] recon_mse=0.01102
[epoch 250] recon_mse=0.01101 quick_test_acc=0.4150 ent=3.0106
[epoch 251] recon_mse=0.01101
[epoch 252] recon_mse=0.01100
[epoch 253] recon_mse=0.01100
[epoch 254] recon_mse=0.01099
[epoch 255] recon_mse=0.01099 quick_test_acc=0.4169 ent=2.9999
[epoch 256] recon_mse=0.01098
[epoch 257] recon_mse=0.01098
[epoch 258] recon_mse=0.01097
[epoch 259] recon_mse=0.01096
[epoch 260] recon_mse=0.01096 quick_test_acc=0.4171 ent=2.9874
[epoch 261] recon_mse=0.01096
[epoch 262] recon_mse=0.01095
[epoch 263] recon_mse=0.01094
[epoch 264] recon_mse=0.01094
[epoch 265] recon_mse=0.01094 quick_test_acc=0.4175 ent=2.9718
[epoch 266] recon_mse=0.01093
[epoch 267] recon_mse=0.01093
[epoch 268] recon_mse=0.01092
[epoch 269] recon_mse=0.01092
[epoch 270] recon_mse=0.01092 quick_test_acc=0.4191 ent=2.9558
[epoch 271] recon_mse=0.01091
[epoch 272] recon_mse=0.01090
[epoch 273] recon_mse=0.01090
[epoch 274] recon_mse=0.01090
[epoch 275] recon_mse=0.01089 quick_test_acc=0.4194 ent=2.9458
[epoch 276] recon_mse=0.01089
[epoch 277] recon_mse=0.01088
[epoch 278] recon_mse=0.01088
[epoch 279] recon_mse=0.01088
[epoch 280] recon_mse=0.01087 quick_test_acc=0.4195 ent=2.9326
[epoch 281] recon_mse=0.01087
[epoch 282] recon_mse=0.01087
[epoch 283] recon_mse=0.01086
[epoch 284] recon_mse=0.01085
[epoch 285] recon_mse=0.01085 quick_test_acc=0.4197 ent=2.9175
[epoch 286] recon_mse=0.01084
[epoch 287] recon_mse=0.01084
[epoch 288] recon_mse=0.01084
[epoch 289] recon_mse=0.01084
[epoch 290] recon_mse=0.01083 quick_test_acc=0.4208 ent=2.9108
[epoch 291] recon_mse=0.01082
[epoch 292] recon_mse=0.01082
[epoch 293] recon_mse=0.01082
[epoch 294] recon_mse=0.01082
[epoch 295] recon_mse=0.01080 quick_test_acc=0.4214 ent=2.9035
[epoch 296] recon_mse=0.01080
[epoch 297] recon_mse=0.01080
[epoch 298] recon_mse=0.01080
[epoch 299] recon_mse=0.01079
[epoch 300] recon_mse=0.01079 quick_test_acc=0.4211 ent=2.8903
[epoch 301] recon_mse=0.01079
[epoch 302] recon_mse=0.01078
[epoch 303] recon_mse=0.01078
[epoch 304] recon_mse=0.01077
[epoch 305] recon_mse=0.01077 quick_test_acc=0.4212 ent=2.8823
[epoch 306] recon_mse=0.01076
[epoch 307] recon_mse=0.01076
[epoch 308] recon_mse=0.01076
[epoch 309] recon_mse=0.01076
[epoch 310] recon_mse=0.01075 quick_test_acc=0.4226 ent=2.8673
[epoch 311] recon_mse=0.01075
[epoch 312] recon_mse=0.01075
[epoch 313] recon_mse=0.01074
[epoch 314] recon_mse=0.01073
[epoch 315] recon_mse=0.01073 quick_test_acc=0.4230 ent=2.8559
[epoch 316] recon_mse=0.01073
[epoch 317] recon_mse=0.01073
[epoch 318] recon_mse=0.01073
[epoch 319] recon_mse=0.01072
[epoch 320] recon_mse=0.01071 quick_test_acc=0.4238 ent=2.8428
[epoch 321] recon_mse=0.01071
[epoch 322] recon_mse=0.01071
[epoch 323] recon_mse=0.01070
[epoch 324] recon_mse=0.01070
[epoch 325] recon_mse=0.01070 quick_test_acc=0.4231 ent=2.8348
[epoch 326] recon_mse=0.01069
[epoch 327] recon_mse=0.01069
[epoch 328] recon_mse=0.01069
[epoch 329] recon_mse=0.01068
[epoch 330] recon_mse=0.01068 quick_test_acc=0.4243 ent=2.8247
[epoch 331] recon_mse=0.01068
[epoch 332] recon_mse=0.01067
[epoch 333] recon_mse=0.01067
[epoch 334] recon_mse=0.01067
[epoch 335] recon_mse=0.01066 quick_test_acc=0.4249 ent=2.8150
[epoch 336] recon_mse=0.01066
[epoch 337] recon_mse=0.01065
[epoch 338] recon_mse=0.01065
[epoch 339] recon_mse=0.01065
[epoch 340] recon_mse=0.01064 quick_test_acc=0.4244 ent=2.8045
[epoch 341] recon_mse=0.01064
[epoch 342] recon_mse=0.01064
[epoch 343] recon_mse=0.01063
[epoch 344] recon_mse=0.01063
[epoch 345] recon_mse=0.01063 quick_test_acc=0.4249 ent=2.7960
[epoch 346] recon_mse=0.01062
[epoch 347] recon_mse=0.01062
[epoch 348] recon_mse=0.01062
[epoch 349] recon_mse=0.01062
[epoch 350] recon_mse=0.01061 quick_test_acc=0.4252 ent=2.7830
[epoch 351] recon_mse=0.01061
[epoch 352] recon_mse=0.01061
[epoch 353] recon_mse=0.01061
[epoch 354] recon_mse=0.01060
[epoch 355] recon_mse=0.01060 quick_test_acc=0.4251 ent=2.7768
[epoch 356] recon_mse=0.01060
[epoch 357] recon_mse=0.01059
[epoch 358] recon_mse=0.01059
[epoch 359] recon_mse=0.01059
[epoch 360] recon_mse=0.01058 quick_test_acc=0.4255 ent=2.7639
[full_eval_best] {
  "created_at": "2026-06-24 13:34:42",
  "ckpt": "/home/Hongjie_Zeng/high_order_BM/runs_vggsound_phase1_P1V001_video_f24_s320_centercrop_lstm4096_h8_e360/best.pt",
  "ckpt_epoch": 360,
  "ckpt_best_acc": 0.42552636725115706,
  "eval_steps": 3000,
  "eval_burn_in": 500,
  "eval_thin": 2,
  "test_label_gibbs_acc": 0.42559155205006194,
  "test_label_entropy": 2.7635478099187214,
  "computed_dims": {
    "input_dim": 4096,
    "label_dim": 1545,
    "hidden_dim": 32768,
    "total_pbits": 38409,
    "num_classes": 309
  },
  "data_dims": {
    "feature_npz": "/home/Hongjie_Zeng/high_order_BM/data_vggsound_full/phase1_features/vggsound_phase1_P1V001_24f_320s_center_crop_video_lstm4096_seed123.npz",
    "train_size": 182615,
    "test_size": 15341,
    "num_classes": 309,
    "class_names": [
      "air conditioning noise",
      "air horn",
      "airplane",
      "airplane flyby",
      "alarm clock ringing",
      "alligators, crocodiles hissing",
      "ambulance siren",
      "arc welding",
      "baby babbling",
      "baby crying",
      "baby laughter",
      "baltimore oriole calling",
      "barn swallow calling",
      "basketball bounce",
      "bathroom ventilation fan running",
      "beat boxing",
      "bee, wasp, etc. buzzing",
      "bird chirping, tweeting",
      "bird squawking",
      "bird wings flapping",
      "black capped chickadee calling",
      "blowtorch igniting",
      "bouncing on trampoline",
      "bowling impact",
      "bull bellowing",
      "canary calling",
      "cap gun shooting",
      "car engine idling",
      "car engine knocking",
      "car engine starting",
      "car passing by",
      "cat caterwauling",
      "cat growling",
      "cat hissing",
      "cat meowing",
      "cat purring",
      "cattle mooing",
      "cattle, bovinae cowbell",
      "cell phone buzzing",
      "chainsawing trees",
      "cheetah chirrup",
      "chicken clucking",
      "chicken crowing",
      "child singing",
      "child speech, kid speaking",
      "children shouting",
      "chimpanzee pant-hooting",
      "chinchilla barking",
      "chipmunk chirping",
      "chopping food",
      "chopping wood",
      "church bell ringing",
      "civil defense siren",
      "cow lowing",
      "coyote howling",
      "cricket chirping",
      "crow cawing",
      "cuckoo bird calling",
      "cupboard opening or closing",
      "cutting hair with electric trimmers",
      "dinosaurs bellowing",
      "disc scratching",
      "dog barking",
      "dog baying",
      "dog bow-wow",
      "dog growling",
      "dog howling",
      "dog whimpering",
      "donkey, ass braying",
      "door slamming",
      "driving buses",
      "driving motorcycle",
      "driving snowmobile",
      "duck quacking",
      "eagle screaming",
      "eating with cutlery",
      "electric grinder grinding",
      "electric shaver, electric razor shaving",
      "elephant trumpeting",
      "eletric blender running",
      "elk bugling",
      "engine accelerating, revving, vroom",
      "female singing",
      "female speech, woman speaking",
      "ferret dooking",
      "fire crackling",
      "fire truck siren",
      "fireworks banging",
      "firing cannon",
      "firing muskets",
      "fly, housefly buzzing",
      "foghorn",
      "footsteps on snow",
      "forging swords",
      "fox barking",
      "francolin calling",
      "frog croaking",
      "gibbon howling",
      "goat bleating",
      "golf driving",
      "goose honking",
      "hail",
      "hair dryer drying",
      "hammering nails",
      "heart sounds, heartbeat",
      "hedge trimmer running",
      "helicopter",
      "horse clip-clop",
      "horse neighing",
      "ice cracking",
      "ice cream truck, ice cream van",
      "lathe spinning",
      "lawn mowing",
      "lighting firecrackers",
      "lions growling",
      "lions roaring",
      "lip smacking",
      "machine gun shooting",
      "magpie calling",
      "male singing",
      "male speech, man speaking",
      "metronome",
      "missile launch",
      "mosquito buzzing",
      "motorboat, speedboat acceleration",
      "mouse clicking",
      "mouse pattering",
      "mouse squeaking",
      "mynah bird singing",
      "ocean burbling",
      "opening or closing car doors",
      "opening or closing car electric windows",
      "opening or closing drawers",
      "orchestra",
      "otter growling",
      "owl hooting",
      "parrot talking",
      "penguins braying",
      "people babbling",
      "people battle cry",
      "people belly laughing",
      "people booing",
      "people burping",
      "people cheering",
      "people clapping",
      "people coughing",
      "people crowd",
      "people eating",
      "people eating apple",
      "people eating crisps",
      "people eating noodle",
      "people farting",
      "people finger snapping",
      "people gargling",
      "people giggling",
      "people hiccup",
      "people humming",
      "people marching",
      "people nose blowing",
      "people running",
      "people screaming",
      "people shuffling",
      "people slapping",
      "people slurping",
      "people sneezing",
      "people sniggering",
      "people sobbing",
      "people whispering",
      "people whistling",
      "pheasant crowing",
      "pig oinking",
      "pigeon, dove cooing",
      "planing timber",
      "plastic bottle crushing",
      "playing accordion",
      "playing acoustic guitar",
      "playing badminton",
      "playing bagpipes",
      "playing banjo",
      "playing bass drum",
      "playing bass guitar",
      "playing bassoon",
      "playing bongo",
      "playing bugle",
      "playing castanets",
      "playing cello",
      "playing clarinet",
      "playing congas",
      "playing cornet",
      "playing cymbal",
      "playing darts",
      "playing didgeridoo",
      "playing djembe",
      "playing double bass",
      "playing drum kit",
      "playing electric guitar",
      "playing electronic organ",
      "playing erhu",
      "playing flute",
      "playing french horn",
      "playing glockenspiel",
      "playing gong",
      "playing guiro",
      "playing hammond organ",
      "playing harmonica",
      "playing harp",
      "playing harpsichord",
      "playing hockey",
      "playing lacrosse",
      "playing mandolin",
      "playing marimba, xylophone",
      "playing oboe",
      "playing piano",
      "playing saxophone",
      "playing shofar",
      "playing sitar",
      "playing snare drum",
      "playing squash",
      "playing steel guitar, slide guitar",
      "playing steelpan",
      "playing synthesizer",
      "playing tabla",
      "playing table tennis",
      "playing tambourine",
      "playing tennis",
      "playing theremin",
      "playing timbales",
      "playing timpani",
      "playing trombone",
      "playing trumpet",
      "playing tuning fork",
      "playing tympani",
      "playing ukulele",
      "playing vibraphone",
      "playing violin, fiddle",
      "playing volleyball",
      "playing washboard",
      "playing zither",
      "police car (siren)",
      "police radio chatter",
      "popping popcorn",
      "printer printing",
      "pumping water",
      "race car, auto racing",
      "railroad car, train wagon",
      "raining",
      "rapping",
      "reversing beeps",
      "ripping paper",
      "roller coaster running",
      "rope skipping",
      "rowboat, canoe, kayak rowing",
      "running electric fan",
      "sailing",
      "scuba diving",
      "sea lion barking",
      "sea waves",
      "sharpen knife",
      "sheep bleating",
      "shot football",
      "singing bowl",
      "singing choir",
      "skateboarding",
      "skidding",
      "skiing",
      "sliding door",
      "sloshing water",
      "slot machine",
      "smoke detector beeping",
      "snake hissing",
      "snake rattling",
      "splashing water",
      "spraying water",
      "squishing water",
      "stream burbling",
      "strike lighter",
      "striking bowling",
      "striking pool",
      "subway, metro, underground",
      "swimming",
      "tap dancing",
      "tapping guitar",
      "telephone bell ringing",
      "thunder",
      "toilet flushing",
      "tornado roaring",
      "tractor digging",
      "train horning",
      "train wheels squealing",
      "train whistling",
      "turkey gobbling",
      "typing on computer keyboard",
      "typing on typewriter",
      "underwater bubbling",
      "using sewing machines",
      "vacuum cleaner cleaning floors",
      "vehicle horn, car horn, honking",
      "volcano explosion",
      "warbler chirping",
      "waterfall burbling",
      "whale calling",
      "wind chime",
      "wind noise",
      "wind rustling leaves",
      "wood thrush calling",
      "woodpecker pecking tree",
      "writing on blackboard with chalk",
      "yodelling",
      "zebra braying"
    ],
    "video_dim": 4096,
    "motion_dim": 1,
    "audio_dim": 1
  }
}
{
  "experiment_id": "P1V001",
  "finished_at": "2026-06-24 13:34:42",
  "model_type": "standard",
  "best_epoch": 360,
  "best_acc_selection_metric": 0.42552636725115706,
  "final_epoch": 360,
  "final_test_label_gibbs_acc": 0.42552636725115706,
  "full_eval_best_acc": 0.42559155205006194,
  "computed_dims": {
    "input_dim": 4096,
    "label_dim": 1545,
    "hidden_dim": 32768,
    "total_pbits": 38409,
    "num_classes": 309
  },
  "data_dims": {
    "feature_npz": "/home/Hongjie_Zeng/high_order_BM/data_vggsound_full/phase1_features/vggsound_phase1_P1V001_24f_320s_center_crop_video_lstm4096_seed123.npz",
    "train_size": 182615,
    "test_size": 15341,
    "num_classes": 309,
    "class_names": [
      "air conditioning noise",
      "air horn",
      "airplane",
      "airplane flyby",
      "alarm clock ringing",
      "alligators, crocodiles hissing",
      "ambulance siren",
      "arc welding",
      "baby babbling",
      "baby crying",
      "baby laughter",
      "baltimore oriole calling",
      "barn swallow calling",
      "basketball bounce",
      "bathroom ventilation fan running",
      "beat boxing",
      "bee, wasp, etc. buzzing",
      "bird chirping, tweeting",
      "bird squawking",
      "bird wings flapping",
      "black capped chickadee calling",
      "blowtorch igniting",
      "bouncing on trampoline",
      "bowling impact",
      "bull bellowing",
      "canary calling",
      "cap gun shooting",
      "car engine idling",
      "car engine knocking",
      "car engine starting",
      "car passing by",
      "cat caterwauling",
      "cat growling",
      "cat hissing",
      "cat meowing",
      "cat purring",
      "cattle mooing",
      "cattle, bovinae cowbell",
      "cell phone buzzing",
      "chainsawing trees",
      "cheetah chirrup",
      "chicken clucking",
      "chicken crowing",
      "child singing",
      "child speech, kid speaking",
      "children shouting",
      "chimpanzee pant-hooting",
      "chinchilla barking",
      "chipmunk chirping",
      "chopping food",
      "chopping wood",
      "church bell ringing",
      "civil defense siren",
      "cow lowing",
      "coyote howling",
      "cricket chirping",
      "crow cawing",
      "cuckoo bird calling",
      "cupboard opening or closing",
      "cutting hair with electric trimmers",
      "dinosaurs bellowing",
      "disc scratching",
      "dog barking",
      "dog baying",
      "dog bow-wow",
      "dog growling",
      "dog howling",
      "dog whimpering",
      "donkey, ass braying",
      "door slamming",
      "driving buses",
      "driving motorcycle",
      "driving snowmobile",
      "duck quacking",
      "eagle screaming",
      "eating with cutlery",
      "electric grinder grinding",
      "electric shaver, electric razor shaving",
      "elephant trumpeting",
      "eletric blender running",
      "elk bugling",
      "engine accelerating, revving, vroom",
      "female singing",
      "female speech, woman speaking",
      "ferret dooking",
      "fire crackling",
      "fire truck siren",
      "fireworks banging",
      "firing cannon",
      "firing muskets",
      "fly, housefly buzzing",
      "foghorn",
      "footsteps on snow",
      "forging swords",
      "fox barking",
      "francolin calling",
      "frog croaking",
      "gibbon howling",
      "goat bleating",
      "golf driving",
      "goose honking",
      "hail",
      "hair dryer drying",
      "hammering nails",
      "heart sounds, heartbeat",
      "hedge trimmer running",
      "helicopter",
      "horse clip-clop",
      "horse neighing",
      "ice cracking",
      "ice cream truck, ice cream van",
      "lathe spinning",
      "lawn mowing",
      "lighting firecrackers",
      "lions growling",
      "lions roaring",
      "lip smacking",
      "machine gun shooting",
      "magpie calling",
      "male singing",
      "male speech, man speaking",
      "metronome",
      "missile launch",
      "mosquito buzzing",
      "motorboat, speedboat acceleration",
      "mouse clicking",
      "mouse pattering",
      "mouse squeaking",
      "mynah bird singing",
      "ocean burbling",
      "opening or closing car doors",
      "opening or closing car electric windows",
      "opening or closing drawers",
      "orchestra",
      "otter growling",
      "owl hooting",
      "parrot talking",
      "penguins braying",
      "people babbling",
      "people battle cry",
      "people belly laughing",
      "people booing",
      "people burping",
      "people cheering",
      "people clapping",
      "people coughing",
      "people crowd",
      "people eating",
      "people eating apple",
      "people eating crisps",
      "people eating noodle",
      "people farting",
      "people finger snapping",
      "people gargling",
      "people giggling",
      "people hiccup",
      "people humming",
      "people marching",
      "people nose blowing",
      "people running",
      "people screaming",
      "people shuffling",
      "people slapping",
      "people slurping",
      "people sneezing",
      "people sniggering",
      "people sobbing",
      "people whispering",
      "people whistling",
      "pheasant crowing",
      "pig oinking",
      "pigeon, dove cooing",
      "planing timber",
      "plastic bottle crushing",
      "playing accordion",
      "playing acoustic guitar",
      "playing badminton",
      "playing bagpipes",
      "playing banjo",
      "playing bass drum",
      "playing bass guitar",
      "playing bassoon",
      "playing bongo",
      "playing bugle",
      "playing castanets",
      "playing cello",
      "playing clarinet",
      "playing congas",
      "playing cornet",
      "playing cymbal",
      "playing darts",
      "playing didgeridoo",
      "playing djembe",
      "playing double bass",
      "playing drum kit",
      "playing electric guitar",
      "playing electronic organ",
      "playing erhu",
      "playing flute",
      "playing french horn",
      "playing glockenspiel",
      "playing gong",
      "playing guiro",
      "playing hammond organ",
      "playing harmonica",
      "playing harp",
      "playing harpsichord",
      "playing hockey",
      "playing lacrosse",
      "playing mandolin",
      "playing marimba, xylophone",
      "playing oboe",
      "playing piano",
      "playing saxophone",
      "playing shofar",
      "playing sitar",
      "playing snare drum",
      "playing squash",
      "playing steel guitar, slide guitar",
      "playing steelpan",
      "playing synthesizer",
      "playing tabla",
      "playing table tennis",
      "playing tambourine",
      "playing tennis",
      "playing theremin",
      "playing timbales",
      "playing timpani",
      "playing trombone",
      "playing trumpet",
      "playing tuning fork",
      "playing tympani",
      "playing ukulele",
      "playing vibraphone",
      "playing violin, fiddle",
      "playing volleyball",
      "playing washboard",
      "playing zither",
      "police car (siren)",
      "police radio chatter",
      "popping popcorn",
      "printer printing",
      "pumping water",
      "race car, auto racing",
      "railroad car, train wagon",
      "raining",
      "rapping",
      "reversing beeps",
      "ripping paper",
      "roller coaster running",
      "rope skipping",
      "rowboat, canoe, kayak rowing",
      "running electric fan",
      "sailing",
      "scuba diving",
      "sea lion barking",
      "sea waves",
      "sharpen knife",
      "sheep bleating",
      "shot football",
      "singing bowl",
      "singing choir",
      "skateboarding",
      "skidding",
      "skiing",
      "sliding door",
      "sloshing water",
      "slot machine",
      "smoke detector beeping",
      "snake hissing",
      "snake rattling",
      "splashing water",
      "spraying water",
      "squishing water",
      "stream burbling",
      "strike lighter",
      "striking bowling",
      "striking pool",
      "subway, metro, underground",
      "swimming",
      "tap dancing",
      "tapping guitar",
      "telephone bell ringing",
      "thunder",
      "toilet flushing",
      "tornado roaring",
      "tractor digging",
      "train horning",
      "train wheels squealing",
      "train whistling",
      "turkey gobbling",
      "typing on computer keyboard",
      "typing on typewriter",
      "underwater bubbling",
      "using sewing machines",
      "vacuum cleaner cleaning floors",
      "vehicle horn, car horn, honking",
      "volcano explosion",
      "warbler chirping",
      "waterfall burbling",
      "whale calling",
      "wind chime",
      "wind noise",
      "wind rustling leaves",
      "wood thrush calling",
      "woodpecker pecking tree",
      "writing on blackboard with chalk",
      "yodelling",
      "zebra braying"
    ],
    "video_dim": 4096,
    "motion_dim": 1,
    "audio_dim": 1
  },
  "out_dir": "/home/Hongjie_Zeng/high_order_BM/runs_vggsound_phase1_P1V001_video_f24_s320_centercrop_lstm4096_h8_e360"
}
