[data] train=182615 test=15341 classes=309 video=4096 motion=1 audio=4096 device=cuda
[model] standard input=4096 label=1545 hidden=40960 total=46601 mode=avg_video_audio
[init] estimating visible bias from training set
[epoch 001] recon_mse=0.04102
[epoch 002] recon_mse=0.02950
[epoch 003] recon_mse=0.02409
[epoch 004] recon_mse=0.02064
[epoch 005] recon_mse=0.01803 quick_test_acc=0.0465 ent=5.5852
[epoch 006] recon_mse=0.01608
[epoch 007] recon_mse=0.01472
[epoch 008] recon_mse=0.01381
[epoch 009] recon_mse=0.01324
[epoch 010] recon_mse=0.01285 quick_test_acc=0.0712 ent=5.5822
[epoch 011] recon_mse=0.01259
[epoch 012] recon_mse=0.01240
[epoch 013] recon_mse=0.01226
[epoch 014] recon_mse=0.01215
[epoch 015] recon_mse=0.01207 quick_test_acc=0.1079 ent=5.5750
[epoch 016] recon_mse=0.01200
[epoch 017] recon_mse=0.01195
[epoch 018] recon_mse=0.01190
[epoch 019] recon_mse=0.01187
[epoch 020] recon_mse=0.01183 quick_test_acc=0.1396 ent=5.5535
[epoch 021] recon_mse=0.01180
[epoch 022] recon_mse=0.01178
[epoch 023] recon_mse=0.01175
[epoch 024] recon_mse=0.01173
[epoch 025] recon_mse=0.01171 quick_test_acc=0.1591 ent=5.5179
[epoch 026] recon_mse=0.01169
[epoch 027] recon_mse=0.01167
[epoch 028] recon_mse=0.01165
[epoch 029] recon_mse=0.01163
[epoch 030] recon_mse=0.01161 quick_test_acc=0.1704 ent=5.4710
[epoch 031] recon_mse=0.01159
[epoch 032] recon_mse=0.01157
[epoch 033] recon_mse=0.01155
[epoch 034] recon_mse=0.01153
[epoch 035] recon_mse=0.01151 quick_test_acc=0.1856 ent=5.4174
[epoch 036] recon_mse=0.01149
[epoch 037] recon_mse=0.01147
[epoch 038] recon_mse=0.01145
[epoch 039] recon_mse=0.01143
[epoch 040] recon_mse=0.01140 quick_test_acc=0.2016 ent=5.3556
[epoch 041] recon_mse=0.01138
[epoch 042] recon_mse=0.01136
[epoch 043] recon_mse=0.01134
[epoch 044] recon_mse=0.01132
[epoch 045] recon_mse=0.01130 quick_test_acc=0.2120 ent=5.2938
[epoch 046] recon_mse=0.01127
[epoch 047] recon_mse=0.01125
[epoch 048] recon_mse=0.01122
[epoch 049] recon_mse=0.01120
[epoch 050] recon_mse=0.01118 quick_test_acc=0.2258 ent=5.2292
[epoch 051] recon_mse=0.01116
[epoch 052] recon_mse=0.01113
[epoch 053] recon_mse=0.01111
[epoch 054] recon_mse=0.01109
[epoch 055] recon_mse=0.01107 quick_test_acc=0.2384 ent=5.1744
[epoch 056] recon_mse=0.01105
[epoch 057] recon_mse=0.01102
[epoch 058] recon_mse=0.01099
[epoch 059] recon_mse=0.01097
[epoch 060] recon_mse=0.01095 quick_test_acc=0.2445 ent=5.1160
[epoch 061] recon_mse=0.01092
[epoch 062] recon_mse=0.01091
[epoch 063] recon_mse=0.01088
[epoch 064] recon_mse=0.01086
[epoch 065] recon_mse=0.01084 quick_test_acc=0.2555 ent=5.0659
[epoch 066] recon_mse=0.01081
[epoch 067] recon_mse=0.01079
[epoch 068] recon_mse=0.01077
[epoch 069] recon_mse=0.01075
[epoch 070] recon_mse=0.01073 quick_test_acc=0.2625 ent=5.0185
[epoch 071] recon_mse=0.01071
[epoch 072] recon_mse=0.01069
[epoch 073] recon_mse=0.01067
[epoch 074] recon_mse=0.01064
[epoch 075] recon_mse=0.01063 quick_test_acc=0.2690 ent=4.9666
[epoch 076] recon_mse=0.01060
[epoch 077] recon_mse=0.01058
[epoch 078] recon_mse=0.01056
[epoch 079] recon_mse=0.01054
[epoch 080] recon_mse=0.01052 quick_test_acc=0.2766 ent=4.9288
[epoch 081] recon_mse=0.01050
[epoch 082] recon_mse=0.01048
[epoch 083] recon_mse=0.01046
[epoch 084] recon_mse=0.01044
[epoch 085] recon_mse=0.01042 quick_test_acc=0.2812 ent=4.8817
[epoch 086] recon_mse=0.01040
[epoch 087] recon_mse=0.01038
[epoch 088] recon_mse=0.01035
[epoch 089] recon_mse=0.01034
[epoch 090] recon_mse=0.01032 quick_test_acc=0.2858 ent=4.8444
[epoch 091] recon_mse=0.01030
[epoch 092] recon_mse=0.01028
[epoch 093] recon_mse=0.01026
[epoch 094] recon_mse=0.01025
[epoch 095] recon_mse=0.01023 quick_test_acc=0.2937 ent=4.8086
[epoch 096] recon_mse=0.01021
[epoch 097] recon_mse=0.01019
[epoch 098] recon_mse=0.01017
[epoch 099] recon_mse=0.01016
[epoch 100] recon_mse=0.01014 quick_test_acc=0.2959 ent=4.7678
[epoch 101] recon_mse=0.01013
[epoch 102] recon_mse=0.01011
[epoch 103] recon_mse=0.01009
[epoch 104] recon_mse=0.01007
[epoch 105] recon_mse=0.01006 quick_test_acc=0.3031 ent=4.7319
[epoch 106] recon_mse=0.01004
[epoch 107] recon_mse=0.01002
[epoch 108] recon_mse=0.01000
[epoch 109] recon_mse=0.00998
[epoch 110] recon_mse=0.00997 quick_test_acc=0.3093 ent=4.7003
[epoch 111] recon_mse=0.00995
[epoch 112] recon_mse=0.00994
[epoch 113] recon_mse=0.00992
[epoch 114] recon_mse=0.00991
[epoch 115] recon_mse=0.00989 quick_test_acc=0.3137 ent=4.6745
[epoch 116] recon_mse=0.00988
[epoch 117] recon_mse=0.00986
[epoch 118] recon_mse=0.00984
[epoch 119] recon_mse=0.00983
[epoch 120] recon_mse=0.00981 quick_test_acc=0.3166 ent=4.6362
[epoch 121] recon_mse=0.00980
[epoch 122] recon_mse=0.00978
[epoch 123] recon_mse=0.00977
[epoch 124] recon_mse=0.00976
[epoch 125] recon_mse=0.00974 quick_test_acc=0.3221 ent=4.6077
[epoch 126] recon_mse=0.00973
[epoch 127] recon_mse=0.00971
[epoch 128] recon_mse=0.00970
[epoch 129] recon_mse=0.00969
[epoch 130] recon_mse=0.00967 quick_test_acc=0.3256 ent=4.5802
[epoch 131] recon_mse=0.00966
[epoch 132] recon_mse=0.00964
[epoch 133] recon_mse=0.00963
[epoch 134] recon_mse=0.00962
[epoch 135] recon_mse=0.00960 quick_test_acc=0.3292 ent=4.5488
[epoch 136] recon_mse=0.00959
[epoch 137] recon_mse=0.00958
[epoch 138] recon_mse=0.00957
[epoch 139] recon_mse=0.00955
[epoch 140] recon_mse=0.00954 quick_test_acc=0.3311 ent=4.5255
[epoch 141] recon_mse=0.00953
[epoch 142] recon_mse=0.00952
[epoch 143] recon_mse=0.00951
[epoch 144] recon_mse=0.00949
[epoch 145] recon_mse=0.00948 quick_test_acc=0.3361 ent=4.4893
[epoch 146] recon_mse=0.00947
[epoch 147] recon_mse=0.00946
[epoch 148] recon_mse=0.00945
[epoch 149] recon_mse=0.00943
[epoch 150] recon_mse=0.00942 quick_test_acc=0.3410 ent=4.4749
[epoch 151] recon_mse=0.00941
[epoch 152] recon_mse=0.00940
[epoch 153] recon_mse=0.00939
[epoch 154] recon_mse=0.00938
[epoch 155] recon_mse=0.00937 quick_test_acc=0.3415 ent=4.4445
[epoch 156] recon_mse=0.00936
[epoch 157] recon_mse=0.00935
[epoch 158] recon_mse=0.00933
[epoch 159] recon_mse=0.00933
[epoch 160] recon_mse=0.00932 quick_test_acc=0.3455 ent=4.4271
[epoch 161] recon_mse=0.00930
[epoch 162] recon_mse=0.00929
[epoch 163] recon_mse=0.00928
[epoch 164] recon_mse=0.00927
[epoch 165] recon_mse=0.00926 quick_test_acc=0.3489 ent=4.3988
[epoch 166] recon_mse=0.00925
[epoch 167] recon_mse=0.00924
[epoch 168] recon_mse=0.00923
[epoch 169] recon_mse=0.00922
[epoch 170] recon_mse=0.00921 quick_test_acc=0.3525 ent=4.3769
[epoch 171] recon_mse=0.00921
[epoch 172] recon_mse=0.00920
[epoch 173] recon_mse=0.00919
[epoch 174] recon_mse=0.00918
[epoch 175] recon_mse=0.00917 quick_test_acc=0.3566 ent=4.3674
[epoch 176] recon_mse=0.00916
[epoch 177] recon_mse=0.00915
[epoch 178] recon_mse=0.00914
[epoch 179] recon_mse=0.00913
[epoch 180] recon_mse=0.00913 quick_test_acc=0.3571 ent=4.3426
[epoch 181] recon_mse=0.00912
[epoch 182] recon_mse=0.00911
[epoch 183] recon_mse=0.00910
[epoch 184] recon_mse=0.00909
[epoch 185] recon_mse=0.00908 quick_test_acc=0.3622 ent=4.3207
[epoch 186] recon_mse=0.00908
[epoch 187] recon_mse=0.00907
[epoch 188] recon_mse=0.00906
[epoch 189] recon_mse=0.00905
[epoch 190] recon_mse=0.00904 quick_test_acc=0.3649 ent=4.3044
[epoch 191] recon_mse=0.00904
[epoch 192] recon_mse=0.00903
[epoch 193] recon_mse=0.00902
[epoch 194] recon_mse=0.00901
[epoch 195] recon_mse=0.00900 quick_test_acc=0.3665 ent=4.2878
[epoch 196] recon_mse=0.00900
[epoch 197] recon_mse=0.00899
[epoch 198] recon_mse=0.00898
[epoch 199] recon_mse=0.00897
[epoch 200] recon_mse=0.00897 quick_test_acc=0.3710 ent=4.2738
[epoch 201] recon_mse=0.00896
[epoch 202] recon_mse=0.00896
[epoch 203] recon_mse=0.00895
[epoch 204] recon_mse=0.00894
[epoch 205] recon_mse=0.00893 quick_test_acc=0.3720 ent=4.2549
[epoch 206] recon_mse=0.00893
[epoch 207] recon_mse=0.00892
[epoch 208] recon_mse=0.00891
[epoch 209] recon_mse=0.00890
[epoch 210] recon_mse=0.00890 quick_test_acc=0.3729 ent=4.2326
[epoch 211] recon_mse=0.00889
[epoch 212] recon_mse=0.00889
[epoch 213] recon_mse=0.00888
[epoch 214] recon_mse=0.00887
[epoch 215] recon_mse=0.00887 quick_test_acc=0.3772 ent=4.2173
[epoch 216] recon_mse=0.00886
[epoch 217] recon_mse=0.00885
[epoch 218] recon_mse=0.00885
[epoch 219] recon_mse=0.00884
[epoch 220] recon_mse=0.00883 quick_test_acc=0.3794 ent=4.2014
[epoch 221] recon_mse=0.00883
[epoch 222] recon_mse=0.00882
[epoch 223] recon_mse=0.00882
[epoch 224] recon_mse=0.00881
[epoch 225] recon_mse=0.00881 quick_test_acc=0.3809 ent=4.1812
[epoch 226] recon_mse=0.00880
[epoch 227] recon_mse=0.00879
[epoch 228] recon_mse=0.00879
[epoch 229] recon_mse=0.00878
[epoch 230] recon_mse=0.00877 quick_test_acc=0.3822 ent=4.1756
[epoch 231] recon_mse=0.00877
[epoch 232] recon_mse=0.00876
[epoch 233] recon_mse=0.00876
[epoch 234] recon_mse=0.00875
[epoch 235] recon_mse=0.00875 quick_test_acc=0.3856 ent=4.1575
