[data] train=182615 test=15341 classes=309 video=1 motion=1 audio=4096 device=cuda
[model] standard input=4096 label=1545 hidden=24576 total=30217 mode=audio
[init] estimating visible bias from training set
[epoch 001] recon_mse=0.03938
[epoch 002] recon_mse=0.03343
[epoch 003] recon_mse=0.02938
[epoch 004] recon_mse=0.02668
[epoch 005] recon_mse=0.02468 quick_test_acc=0.0712 ent=5.5900
[epoch 006] recon_mse=0.02327
[epoch 007] recon_mse=0.02222
[epoch 008] recon_mse=0.02142
[epoch 009] recon_mse=0.02081
[epoch 010] recon_mse=0.02036 quick_test_acc=0.1188 ent=5.5869
[epoch 011] recon_mse=0.02001
[epoch 012] recon_mse=0.01971
[epoch 013] recon_mse=0.01946
[epoch 014] recon_mse=0.01927
[epoch 015] recon_mse=0.01910 quick_test_acc=0.1455 ent=5.5747
[epoch 016] recon_mse=0.01895
[epoch 017] recon_mse=0.01884
[epoch 018] recon_mse=0.01874
[epoch 019] recon_mse=0.01864
[epoch 020] recon_mse=0.01857 quick_test_acc=0.1621 ent=5.5551
[epoch 021] recon_mse=0.01850
[epoch 022] recon_mse=0.01842
[epoch 023] recon_mse=0.01836
[epoch 024] recon_mse=0.01830
[epoch 025] recon_mse=0.01825 quick_test_acc=0.1694 ent=5.5239
[epoch 026] recon_mse=0.01820
[epoch 027] recon_mse=0.01815
[epoch 028] recon_mse=0.01810
[epoch 029] recon_mse=0.01806
[epoch 030] recon_mse=0.01801 quick_test_acc=0.1752 ent=5.4817
[epoch 031] recon_mse=0.01797
[epoch 032] recon_mse=0.01793
[epoch 033] recon_mse=0.01789
[epoch 034] recon_mse=0.01784
[epoch 035] recon_mse=0.01781 quick_test_acc=0.1816 ent=5.4270
[epoch 036] recon_mse=0.01777
[epoch 037] recon_mse=0.01773
[epoch 038] recon_mse=0.01769
[epoch 039] recon_mse=0.01766
[epoch 040] recon_mse=0.01762 quick_test_acc=0.1869 ent=5.3587
[epoch 041] recon_mse=0.01757
[epoch 042] recon_mse=0.01754
[epoch 043] recon_mse=0.01750
[epoch 044] recon_mse=0.01746
[epoch 045] recon_mse=0.01743 quick_test_acc=0.1933 ent=5.2862
[epoch 046] recon_mse=0.01738
[epoch 047] recon_mse=0.01734
[epoch 048] recon_mse=0.01731
[epoch 049] recon_mse=0.01728
[epoch 050] recon_mse=0.01724 quick_test_acc=0.1998 ent=5.2095
[epoch 051] recon_mse=0.01721
[epoch 052] recon_mse=0.01717
[epoch 053] recon_mse=0.01714
[epoch 054] recon_mse=0.01711
[epoch 055] recon_mse=0.01707 quick_test_acc=0.2068 ent=5.1350
[epoch 056] recon_mse=0.01704
[epoch 057] recon_mse=0.01701
[epoch 058] recon_mse=0.01698
[epoch 059] recon_mse=0.01695
[epoch 060] recon_mse=0.01692 quick_test_acc=0.2139 ent=5.0605
[epoch 061] recon_mse=0.01688
[epoch 062] recon_mse=0.01686
[epoch 063] recon_mse=0.01683
[epoch 064] recon_mse=0.01680
[epoch 065] recon_mse=0.01677 quick_test_acc=0.2182 ent=4.9929
[epoch 066] recon_mse=0.01675
[epoch 067] recon_mse=0.01672
[epoch 068] recon_mse=0.01669
[epoch 069] recon_mse=0.01667
[epoch 070] recon_mse=0.01665 quick_test_acc=0.2218 ent=4.9291
[epoch 071] recon_mse=0.01661
[epoch 072] recon_mse=0.01660
[epoch 073] recon_mse=0.01656
[epoch 074] recon_mse=0.01654
[epoch 075] recon_mse=0.01652 quick_test_acc=0.2255 ent=4.8684
[epoch 076] recon_mse=0.01650
[epoch 077] recon_mse=0.01648
[epoch 078] recon_mse=0.01645
[epoch 079] recon_mse=0.01643
[epoch 080] recon_mse=0.01641 quick_test_acc=0.2285 ent=4.8139
[epoch 081] recon_mse=0.01639
[epoch 082] recon_mse=0.01637
[epoch 083] recon_mse=0.01635
[epoch 084] recon_mse=0.01633
[epoch 085] recon_mse=0.01631 quick_test_acc=0.2317 ent=4.7556
[epoch 086] recon_mse=0.01628
[epoch 087] recon_mse=0.01627
[epoch 088] recon_mse=0.01625
[epoch 089] recon_mse=0.01622
[epoch 090] recon_mse=0.01621 quick_test_acc=0.2344 ent=4.7102
[epoch 091] recon_mse=0.01619
[epoch 092] recon_mse=0.01617
[epoch 093] recon_mse=0.01615
[epoch 094] recon_mse=0.01613
[epoch 095] recon_mse=0.01612 quick_test_acc=0.2377 ent=4.6628
[epoch 096] recon_mse=0.01609
[epoch 097] recon_mse=0.01608
[epoch 098] recon_mse=0.01606
[epoch 099] recon_mse=0.01604
[epoch 100] recon_mse=0.01602 quick_test_acc=0.2399 ent=4.6205
[epoch 101] recon_mse=0.01601
[epoch 102] recon_mse=0.01599
[epoch 103] recon_mse=0.01598
[epoch 104] recon_mse=0.01596
[epoch 105] recon_mse=0.01595 quick_test_acc=0.2419 ent=4.5803
[epoch 106] recon_mse=0.01593
[epoch 107] recon_mse=0.01591
[epoch 108] recon_mse=0.01590
[epoch 109] recon_mse=0.01589
[epoch 110] recon_mse=0.01587 quick_test_acc=0.2446 ent=4.5394
[epoch 111] recon_mse=0.01585
[epoch 112] recon_mse=0.01584
[epoch 113] recon_mse=0.01582
[epoch 114] recon_mse=0.01581
[epoch 115] recon_mse=0.01580 quick_test_acc=0.2467 ent=4.5016
[epoch 116] recon_mse=0.01578
[epoch 117] recon_mse=0.01577
[epoch 118] recon_mse=0.01575
[epoch 119] recon_mse=0.01574
[epoch 120] recon_mse=0.01572 quick_test_acc=0.2479 ent=4.4656
[epoch 121] recon_mse=0.01571
[epoch 122] recon_mse=0.01570
[epoch 123] recon_mse=0.01568
[epoch 124] recon_mse=0.01567
[epoch 125] recon_mse=0.01565 quick_test_acc=0.2493 ent=4.4312
[epoch 126] recon_mse=0.01564
[epoch 127] recon_mse=0.01563
[epoch 128] recon_mse=0.01562
[epoch 129] recon_mse=0.01560
[epoch 130] recon_mse=0.01559 quick_test_acc=0.2508 ent=4.4022
[epoch 131] recon_mse=0.01558
[epoch 132] recon_mse=0.01557
[epoch 133] recon_mse=0.01555
[epoch 134] recon_mse=0.01555
[epoch 135] recon_mse=0.01553 quick_test_acc=0.2540 ent=4.3707
[epoch 136] recon_mse=0.01552
[epoch 137] recon_mse=0.01550
[epoch 138] recon_mse=0.01550
[epoch 139] recon_mse=0.01548
[epoch 140] recon_mse=0.01548 quick_test_acc=0.2548 ent=4.3379
[epoch 141] recon_mse=0.01546
[epoch 142] recon_mse=0.01545
[epoch 143] recon_mse=0.01543
[epoch 144] recon_mse=0.01543
[epoch 145] recon_mse=0.01541 quick_test_acc=0.2566 ent=4.3133
[epoch 146] recon_mse=0.01540
[epoch 147] recon_mse=0.01539
[epoch 148] recon_mse=0.01539
[epoch 149] recon_mse=0.01537
[epoch 150] recon_mse=0.01536 quick_test_acc=0.2577 ent=4.2843
[epoch 151] recon_mse=0.01535
[epoch 152] recon_mse=0.01534
[epoch 153] recon_mse=0.01533
[epoch 154] recon_mse=0.01532
[epoch 155] recon_mse=0.01531 quick_test_acc=0.2597 ent=4.2580
[epoch 156] recon_mse=0.01530
[epoch 157] recon_mse=0.01529
[epoch 158] recon_mse=0.01528
[epoch 159] recon_mse=0.01527
[epoch 160] recon_mse=0.01526 quick_test_acc=0.2607 ent=4.2338
[epoch 161] recon_mse=0.01525
[epoch 162] recon_mse=0.01524
[epoch 163] recon_mse=0.01522
[epoch 164] recon_mse=0.01522
[epoch 165] recon_mse=0.01521 quick_test_acc=0.2622 ent=4.2113
[epoch 166] recon_mse=0.01520
[epoch 167] recon_mse=0.01519
[epoch 168] recon_mse=0.01519
[epoch 169] recon_mse=0.01518
[epoch 170] recon_mse=0.01516 quick_test_acc=0.2641 ent=4.1853
[epoch 171] recon_mse=0.01516
[epoch 172] recon_mse=0.01515
[epoch 173] recon_mse=0.01514
[epoch 174] recon_mse=0.01513
[epoch 175] recon_mse=0.01512 quick_test_acc=0.2660 ent=4.1639
[epoch 176] recon_mse=0.01511
[epoch 177] recon_mse=0.01510
[epoch 178] recon_mse=0.01509
[epoch 179] recon_mse=0.01508
[epoch 180] recon_mse=0.01508 quick_test_acc=0.2671 ent=4.1417
[epoch 181] recon_mse=0.01507
[epoch 182] recon_mse=0.01506
[epoch 183] recon_mse=0.01505
[epoch 184] recon_mse=0.01505
[epoch 185] recon_mse=0.01503 quick_test_acc=0.2681 ent=4.1235
[epoch 186] recon_mse=0.01503
[epoch 187] recon_mse=0.01501
[epoch 188] recon_mse=0.01501
[epoch 189] recon_mse=0.01500
[epoch 190] recon_mse=0.01499 quick_test_acc=0.2682 ent=4.0995
[epoch 191] recon_mse=0.01498
[epoch 192] recon_mse=0.01498
[epoch 193] recon_mse=0.01497
[epoch 194] recon_mse=0.01496
[epoch 195] recon_mse=0.01496 quick_test_acc=0.2699 ent=4.0837
[epoch 196] recon_mse=0.01495
[epoch 197] recon_mse=0.01494
[epoch 198] recon_mse=0.01494
[epoch 199] recon_mse=0.01492
[epoch 200] recon_mse=0.01492 quick_test_acc=0.2705 ent=4.0636
[epoch 201] recon_mse=0.01491
[epoch 202] recon_mse=0.01490
[epoch 203] recon_mse=0.01489
[epoch 204] recon_mse=0.01489
[epoch 205] recon_mse=0.01488 quick_test_acc=0.2718 ent=4.0479
[epoch 206] recon_mse=0.01488
[epoch 207] recon_mse=0.01487
[epoch 208] recon_mse=0.01486
[epoch 209] recon_mse=0.01486
[epoch 210] recon_mse=0.01485 quick_test_acc=0.2706 ent=4.0286
[epoch 211] recon_mse=0.01484
[epoch 212] recon_mse=0.01484
[epoch 213] recon_mse=0.01483
[epoch 214] recon_mse=0.01482
[epoch 215] recon_mse=0.01481 quick_test_acc=0.2737 ent=4.0097
[epoch 216] recon_mse=0.01481
[epoch 217] recon_mse=0.01480
[epoch 218] recon_mse=0.01480
[epoch 219] recon_mse=0.01479
[epoch 220] recon_mse=0.01478 quick_test_acc=0.2736 ent=3.9912
[epoch 221] recon_mse=0.01478
[epoch 222] recon_mse=0.01477
[epoch 223] recon_mse=0.01476
[epoch 224] recon_mse=0.01476
[epoch 225] recon_mse=0.01475 quick_test_acc=0.2748 ent=3.9726
[epoch 226] recon_mse=0.01474
[epoch 227] recon_mse=0.01473
[epoch 228] recon_mse=0.01473
[epoch 229] recon_mse=0.01472
[epoch 230] recon_mse=0.01472 quick_test_acc=0.2776 ent=3.9567
[epoch 231] recon_mse=0.01471
[epoch 232] recon_mse=0.01471
[epoch 233] recon_mse=0.01470
[epoch 234] recon_mse=0.01470
[epoch 235] recon_mse=0.01469 quick_test_acc=0.2793 ent=3.9447
[epoch 236] recon_mse=0.01468
[epoch 237] recon_mse=0.01468
[epoch 238] recon_mse=0.01468
[epoch 239] recon_mse=0.01467
[epoch 240] recon_mse=0.01466 quick_test_acc=0.2808 ent=3.9264
[epoch 241] recon_mse=0.01465
[epoch 242] recon_mse=0.01465
[epoch 243] recon_mse=0.01464
[epoch 244] recon_mse=0.01464
[epoch 245] recon_mse=0.01463 quick_test_acc=0.2813 ent=3.9121
[epoch 246] recon_mse=0.01463
[epoch 247] recon_mse=0.01462
[epoch 248] recon_mse=0.01461
[epoch 249] recon_mse=0.01461
[epoch 250] recon_mse=0.01461 quick_test_acc=0.2818 ent=3.9034
[epoch 251] recon_mse=0.01460
[epoch 252] recon_mse=0.01459
[epoch 253] recon_mse=0.01459
[epoch 254] recon_mse=0.01458
[epoch 255] recon_mse=0.01458 quick_test_acc=0.2826 ent=3.8881
[epoch 256] recon_mse=0.01457
[epoch 257] recon_mse=0.01457
[epoch 258] recon_mse=0.01457
[epoch 259] recon_mse=0.01455
[epoch 260] recon_mse=0.01455 quick_test_acc=0.2832 ent=3.8736
[epoch 261] recon_mse=0.01455
[epoch 262] recon_mse=0.01454
[epoch 263] recon_mse=0.01454
[epoch 264] recon_mse=0.01453
[epoch 265] recon_mse=0.01452 quick_test_acc=0.2841 ent=3.8615
[epoch 266] recon_mse=0.01452
[epoch 267] recon_mse=0.01452
[epoch 268] recon_mse=0.01451
[epoch 269] recon_mse=0.01451
[epoch 270] recon_mse=0.01450 quick_test_acc=0.2855 ent=3.8493
[epoch 271] recon_mse=0.01450
[epoch 272] recon_mse=0.01449
[epoch 273] recon_mse=0.01449
[epoch 274] recon_mse=0.01448
[epoch 275] recon_mse=0.01448 quick_test_acc=0.2850 ent=3.8320
[epoch 276] recon_mse=0.01447
[epoch 277] recon_mse=0.01447
[epoch 278] recon_mse=0.01447
[epoch 279] recon_mse=0.01446
[epoch 280] recon_mse=0.01446 quick_test_acc=0.2858 ent=3.8183
[epoch 281] recon_mse=0.01445
[epoch 282] recon_mse=0.01445
[epoch 283] recon_mse=0.01445
[epoch 284] recon_mse=0.01444
[epoch 285] recon_mse=0.01444 quick_test_acc=0.2868 ent=3.8088
[epoch 286] recon_mse=0.01443
[epoch 287] recon_mse=0.01443
[epoch 288] recon_mse=0.01442
[epoch 289] recon_mse=0.01442
[epoch 290] recon_mse=0.01441 quick_test_acc=0.2869 ent=3.8001
[epoch 291] recon_mse=0.01441
[epoch 292] recon_mse=0.01440
[epoch 293] recon_mse=0.01440
[epoch 294] recon_mse=0.01440
[epoch 295] recon_mse=0.01439 quick_test_acc=0.2878 ent=3.7902
[epoch 296] recon_mse=0.01439
[epoch 297] recon_mse=0.01438
[epoch 298] recon_mse=0.01438
[epoch 299] recon_mse=0.01437
[epoch 300] recon_mse=0.01437 quick_test_acc=0.2879 ent=3.7738
[epoch 301] recon_mse=0.01436
[epoch 302] recon_mse=0.01436
[epoch 303] recon_mse=0.01436
[epoch 304] recon_mse=0.01436
[epoch 305] recon_mse=0.01435 quick_test_acc=0.2892 ent=3.7635
[epoch 306] recon_mse=0.01434
[epoch 307] recon_mse=0.01434
[epoch 308] recon_mse=0.01434
[epoch 309] recon_mse=0.01433
[epoch 310] recon_mse=0.01433 quick_test_acc=0.2881 ent=3.7519
[epoch 311] recon_mse=0.01433
[epoch 312] recon_mse=0.01432
[epoch 313] recon_mse=0.01431
[epoch 314] recon_mse=0.01432
[epoch 315] recon_mse=0.01431 quick_test_acc=0.2898 ent=3.7470
[epoch 316] recon_mse=0.01431
[epoch 317] recon_mse=0.01430
[epoch 318] recon_mse=0.01430
[epoch 319] recon_mse=0.01429
[epoch 320] recon_mse=0.01429 quick_test_acc=0.2906 ent=3.7325
[full_eval_best] {
  "created_at": "2026-06-21 11:42:04",
  "ckpt": "/home/Hongjie_Zeng/high_order_BM/runs_vggsound_full_AF026_standard_audio_resnet50seq_lstm4096_h6_lc5_e320/best.pt",
  "ckpt_epoch": 320,
  "ckpt_best_acc": 0.2905938335180236,
  "eval_steps": 3000,
  "eval_burn_in": 500,
  "eval_thin": 2,
  "test_label_gibbs_acc": 0.28968124633335507,
  "test_label_entropy": 3.7328355918327967,
  "computed_dims": {
    "input_dim": 4096,
    "label_dim": 1545,
    "hidden_dim": 24576,
    "total_pbits": 30217,
    "num_classes": 309
  },
  "data_dims": {
    "feature_npz": "/home/Hongjie_Zeng/high_order_BM/data_vggsound_full/features/vggsound_full_audio_resnet50_lstm4096_chunks8_w32_h1024_seed123.npz",
    "train_size": 182615,
    "test_size": 15341,
    "num_classes": 309,
    "class_names": [
      "air conditioning noise",
      "air horn",
      "airplane",
      "airplane flyby",
      "alarm clock ringing",
      "alligators, crocodiles hissing",
      "ambulance siren",
      "arc welding",
      "baby babbling",
      "baby crying",
      "baby laughter",
      "baltimore oriole calling",
      "barn swallow calling",
      "basketball bounce",
      "bathroom ventilation fan running",
      "beat boxing",
      "bee, wasp, etc. buzzing",
      "bird chirping, tweeting",
      "bird squawking",
      "bird wings flapping",
      "black capped chickadee calling",
      "blowtorch igniting",
      "bouncing on trampoline",
      "bowling impact",
      "bull bellowing",
      "canary calling",
      "cap gun shooting",
      "car engine idling",
      "car engine knocking",
      "car engine starting",
      "car passing by",
      "cat caterwauling",
      "cat growling",
      "cat hissing",
      "cat meowing",
      "cat purring",
      "cattle mooing",
      "cattle, bovinae cowbell",
      "cell phone buzzing",
      "chainsawing trees",
      "cheetah chirrup",
      "chicken clucking",
      "chicken crowing",
      "child singing",
      "child speech, kid speaking",
      "children shouting",
      "chimpanzee pant-hooting",
      "chinchilla barking",
      "chipmunk chirping",
      "chopping food",
      "chopping wood",
      "church bell ringing",
      "civil defense siren",
      "cow lowing",
      "coyote howling",
      "cricket chirping",
      "crow cawing",
      "cuckoo bird calling",
      "cupboard opening or closing",
      "cutting hair with electric trimmers",
      "dinosaurs bellowing",
      "disc scratching",
      "dog barking",
      "dog baying",
      "dog bow-wow",
      "dog growling",
      "dog howling",
      "dog whimpering",
      "donkey, ass braying",
      "door slamming",
      "driving buses",
      "driving motorcycle",
      "driving snowmobile",
      "duck quacking",
      "eagle screaming",
      "eating with cutlery",
      "electric grinder grinding",
      "electric shaver, electric razor shaving",
      "elephant trumpeting",
      "eletric blender running",
      "elk bugling",
      "engine accelerating, revving, vroom",
      "female singing",
      "female speech, woman speaking",
      "ferret dooking",
      "fire crackling",
      "fire truck siren",
      "fireworks banging",
      "firing cannon",
      "firing muskets",
      "fly, housefly buzzing",
      "foghorn",
      "footsteps on snow",
      "forging swords",
      "fox barking",
      "francolin calling",
      "frog croaking",
      "gibbon howling",
      "goat bleating",
      "golf driving",
      "goose honking",
      "hail",
      "hair dryer drying",
      "hammering nails",
      "heart sounds, heartbeat",
      "hedge trimmer running",
      "helicopter",
      "horse clip-clop",
      "horse neighing",
      "ice cracking",
      "ice cream truck, ice cream van",
      "lathe spinning",
      "lawn mowing",
      "lighting firecrackers",
      "lions growling",
      "lions roaring",
      "lip smacking",
      "machine gun shooting",
      "magpie calling",
      "male singing",
      "male speech, man speaking",
      "metronome",
      "missile launch",
      "mosquito buzzing",
      "motorboat, speedboat acceleration",
      "mouse clicking",
      "mouse pattering",
      "mouse squeaking",
      "mynah bird singing",
      "ocean burbling",
      "opening or closing car doors",
      "opening or closing car electric windows",
      "opening or closing drawers",
      "orchestra",
      "otter growling",
      "owl hooting",
      "parrot talking",
      "penguins braying",
      "people babbling",
      "people battle cry",
      "people belly laughing",
      "people booing",
      "people burping",
      "people cheering",
      "people clapping",
      "people coughing",
      "people crowd",
      "people eating",
      "people eating apple",
      "people eating crisps",
      "people eating noodle",
      "people farting",
      "people finger snapping",
      "people gargling",
      "people giggling",
      "people hiccup",
      "people humming",
      "people marching",
      "people nose blowing",
      "people running",
      "people screaming",
      "people shuffling",
      "people slapping",
      "people slurping",
      "people sneezing",
      "people sniggering",
      "people sobbing",
      "people whispering",
      "people whistling",
      "pheasant crowing",
      "pig oinking",
      "pigeon, dove cooing",
      "planing timber",
      "plastic bottle crushing",
      "playing accordion",
      "playing acoustic guitar",
      "playing badminton",
      "playing bagpipes",
      "playing banjo",
      "playing bass drum",
      "playing bass guitar",
      "playing bassoon",
      "playing bongo",
      "playing bugle",
      "playing castanets",
      "playing cello",
      "playing clarinet",
      "playing congas",
      "playing cornet",
      "playing cymbal",
      "playing darts",
      "playing didgeridoo",
      "playing djembe",
      "playing double bass",
      "playing drum kit",
      "playing electric guitar",
      "playing electronic organ",
      "playing erhu",
      "playing flute",
      "playing french horn",
      "playing glockenspiel",
      "playing gong",
      "playing guiro",
      "playing hammond organ",
      "playing harmonica",
      "playing harp",
      "playing harpsichord",
      "playing hockey",
      "playing lacrosse",
      "playing mandolin",
      "playing marimba, xylophone",
      "playing oboe",
      "playing piano",
      "playing saxophone",
      "playing shofar",
      "playing sitar",
      "playing snare drum",
      "playing squash",
      "playing steel guitar, slide guitar",
      "playing steelpan",
      "playing synthesizer",
      "playing tabla",
      "playing table tennis",
      "playing tambourine",
      "playing tennis",
      "playing theremin",
      "playing timbales",
      "playing timpani",
      "playing trombone",
      "playing trumpet",
      "playing tuning fork",
      "playing tympani",
      "playing ukulele",
      "playing vibraphone",
      "playing violin, fiddle",
      "playing volleyball",
      "playing washboard",
      "playing zither",
      "police car (siren)",
      "police radio chatter",
      "popping popcorn",
      "printer printing",
      "pumping water",
      "race car, auto racing",
      "railroad car, train wagon",
      "raining",
      "rapping",
      "reversing beeps",
      "ripping paper",
      "roller coaster running",
      "rope skipping",
      "rowboat, canoe, kayak rowing",
      "running electric fan",
      "sailing",
      "scuba diving",
      "sea lion barking",
      "sea waves",
      "sharpen knife",
      "sheep bleating",
      "shot football",
      "singing bowl",
      "singing choir",
      "skateboarding",
      "skidding",
      "skiing",
      "sliding door",
      "sloshing water",
      "slot machine",
      "smoke detector beeping",
      "snake hissing",
      "snake rattling",
      "splashing water",
      "spraying water",
      "squishing water",
      "stream burbling",
      "strike lighter",
      "striking bowling",
      "striking pool",
      "subway, metro, underground",
      "swimming",
      "tap dancing",
      "tapping guitar",
      "telephone bell ringing",
      "thunder",
      "toilet flushing",
      "tornado roaring",
      "tractor digging",
      "train horning",
      "train wheels squealing",
      "train whistling",
      "turkey gobbling",
      "typing on computer keyboard",
      "typing on typewriter",
      "underwater bubbling",
      "using sewing machines",
      "vacuum cleaner cleaning floors",
      "vehicle horn, car horn, honking",
      "volcano explosion",
      "warbler chirping",
      "waterfall burbling",
      "whale calling",
      "wind chime",
      "wind noise",
      "wind rustling leaves",
      "wood thrush calling",
      "woodpecker pecking tree",
      "writing on blackboard with chalk",
      "yodelling",
      "zebra braying"
    ],
    "video_dim": 1,
    "motion_dim": 1,
    "audio_dim": 4096
  }
}
{
  "experiment_id": "AF026_standard_audio_resnet50seq_lstm4096_h6_lc5_e320",
  "finished_at": "2026-06-21 11:42:04",
  "model_type": "standard",
  "best_epoch": 320,
  "best_acc_selection_metric": 0.2905938335180236,
  "final_epoch": 320,
  "final_test_label_gibbs_acc": 0.2905938335180236,
  "full_eval_best_acc": 0.28968124633335507,
  "computed_dims": {
    "input_dim": 4096,
    "label_dim": 1545,
    "hidden_dim": 24576,
    "total_pbits": 30217,
    "num_classes": 309
  },
  "data_dims": {
    "feature_npz": "/home/Hongjie_Zeng/high_order_BM/data_vggsound_full/features/vggsound_full_audio_resnet50_lstm4096_chunks8_w32_h1024_seed123.npz",
    "train_size": 182615,
    "test_size": 15341,
    "num_classes": 309,
    "class_names": [
      "air conditioning noise",
      "air horn",
      "airplane",
      "airplane flyby",
      "alarm clock ringing",
      "alligators, crocodiles hissing",
      "ambulance siren",
      "arc welding",
      "baby babbling",
      "baby crying",
      "baby laughter",
      "baltimore oriole calling",
      "barn swallow calling",
      "basketball bounce",
      "bathroom ventilation fan running",
      "beat boxing",
      "bee, wasp, etc. buzzing",
      "bird chirping, tweeting",
      "bird squawking",
      "bird wings flapping",
      "black capped chickadee calling",
      "blowtorch igniting",
      "bouncing on trampoline",
      "bowling impact",
      "bull bellowing",
      "canary calling",
      "cap gun shooting",
      "car engine idling",
      "car engine knocking",
      "car engine starting",
      "car passing by",
      "cat caterwauling",
      "cat growling",
      "cat hissing",
      "cat meowing",
      "cat purring",
      "cattle mooing",
      "cattle, bovinae cowbell",
      "cell phone buzzing",
      "chainsawing trees",
      "cheetah chirrup",
      "chicken clucking",
      "chicken crowing",
      "child singing",
      "child speech, kid speaking",
      "children shouting",
      "chimpanzee pant-hooting",
      "chinchilla barking",
      "chipmunk chirping",
      "chopping food",
      "chopping wood",
      "church bell ringing",
      "civil defense siren",
      "cow lowing",
      "coyote howling",
      "cricket chirping",
      "crow cawing",
      "cuckoo bird calling",
      "cupboard opening or closing",
      "cutting hair with electric trimmers",
      "dinosaurs bellowing",
      "disc scratching",
      "dog barking",
      "dog baying",
      "dog bow-wow",
      "dog growling",
      "dog howling",
      "dog whimpering",
      "donkey, ass braying",
      "door slamming",
      "driving buses",
      "driving motorcycle",
      "driving snowmobile",
      "duck quacking",
      "eagle screaming",
      "eating with cutlery",
      "electric grinder grinding",
      "electric shaver, electric razor shaving",
      "elephant trumpeting",
      "eletric blender running",
      "elk bugling",
      "engine accelerating, revving, vroom",
      "female singing",
      "female speech, woman speaking",
      "ferret dooking",
      "fire crackling",
      "fire truck siren",
      "fireworks banging",
      "firing cannon",
      "firing muskets",
      "fly, housefly buzzing",
      "foghorn",
      "footsteps on snow",
      "forging swords",
      "fox barking",
      "francolin calling",
      "frog croaking",
      "gibbon howling",
      "goat bleating",
      "golf driving",
      "goose honking",
      "hail",
      "hair dryer drying",
      "hammering nails",
      "heart sounds, heartbeat",
      "hedge trimmer running",
      "helicopter",
      "horse clip-clop",
      "horse neighing",
      "ice cracking",
      "ice cream truck, ice cream van",
      "lathe spinning",
      "lawn mowing",
      "lighting firecrackers",
      "lions growling",
      "lions roaring",
      "lip smacking",
      "machine gun shooting",
      "magpie calling",
      "male singing",
      "male speech, man speaking",
      "metronome",
      "missile launch",
      "mosquito buzzing",
      "motorboat, speedboat acceleration",
      "mouse clicking",
      "mouse pattering",
      "mouse squeaking",
      "mynah bird singing",
      "ocean burbling",
      "opening or closing car doors",
      "opening or closing car electric windows",
      "opening or closing drawers",
      "orchestra",
      "otter growling",
      "owl hooting",
      "parrot talking",
      "penguins braying",
      "people babbling",
      "people battle cry",
      "people belly laughing",
      "people booing",
      "people burping",
      "people cheering",
      "people clapping",
      "people coughing",
      "people crowd",
      "people eating",
      "people eating apple",
      "people eating crisps",
      "people eating noodle",
      "people farting",
      "people finger snapping",
      "people gargling",
      "people giggling",
      "people hiccup",
      "people humming",
      "people marching",
      "people nose blowing",
      "people running",
      "people screaming",
      "people shuffling",
      "people slapping",
      "people slurping",
      "people sneezing",
      "people sniggering",
      "people sobbing",
      "people whispering",
      "people whistling",
      "pheasant crowing",
      "pig oinking",
      "pigeon, dove cooing",
      "planing timber",
      "plastic bottle crushing",
      "playing accordion",
      "playing acoustic guitar",
      "playing badminton",
      "playing bagpipes",
      "playing banjo",
      "playing bass drum",
      "playing bass guitar",
      "playing bassoon",
      "playing bongo",
      "playing bugle",
      "playing castanets",
      "playing cello",
      "playing clarinet",
      "playing congas",
      "playing cornet",
      "playing cymbal",
      "playing darts",
      "playing didgeridoo",
      "playing djembe",
      "playing double bass",
      "playing drum kit",
      "playing electric guitar",
      "playing electronic organ",
      "playing erhu",
      "playing flute",
      "playing french horn",
      "playing glockenspiel",
      "playing gong",
      "playing guiro",
      "playing hammond organ",
      "playing harmonica",
      "playing harp",
      "playing harpsichord",
      "playing hockey",
      "playing lacrosse",
      "playing mandolin",
      "playing marimba, xylophone",
      "playing oboe",
      "playing piano",
      "playing saxophone",
      "playing shofar",
      "playing sitar",
      "playing snare drum",
      "playing squash",
      "playing steel guitar, slide guitar",
      "playing steelpan",
      "playing synthesizer",
      "playing tabla",
      "playing table tennis",
      "playing tambourine",
      "playing tennis",
      "playing theremin",
      "playing timbales",
      "playing timpani",
      "playing trombone",
      "playing trumpet",
      "playing tuning fork",
      "playing tympani",
      "playing ukulele",
      "playing vibraphone",
      "playing violin, fiddle",
      "playing volleyball",
      "playing washboard",
      "playing zither",
      "police car (siren)",
      "police radio chatter",
      "popping popcorn",
      "printer printing",
      "pumping water",
      "race car, auto racing",
      "railroad car, train wagon",
      "raining",
      "rapping",
      "reversing beeps",
      "ripping paper",
      "roller coaster running",
      "rope skipping",
      "rowboat, canoe, kayak rowing",
      "running electric fan",
      "sailing",
      "scuba diving",
      "sea lion barking",
      "sea waves",
      "sharpen knife",
      "sheep bleating",
      "shot football",
      "singing bowl",
      "singing choir",
      "skateboarding",
      "skidding",
      "skiing",
      "sliding door",
      "sloshing water",
      "slot machine",
      "smoke detector beeping",
      "snake hissing",
      "snake rattling",
      "splashing water",
      "spraying water",
      "squishing water",
      "stream burbling",
      "strike lighter",
      "striking bowling",
      "striking pool",
      "subway, metro, underground",
      "swimming",
      "tap dancing",
      "tapping guitar",
      "telephone bell ringing",
      "thunder",
      "toilet flushing",
      "tornado roaring",
      "tractor digging",
      "train horning",
      "train wheels squealing",
      "train whistling",
      "turkey gobbling",
      "typing on computer keyboard",
      "typing on typewriter",
      "underwater bubbling",
      "using sewing machines",
      "vacuum cleaner cleaning floors",
      "vehicle horn, car horn, honking",
      "volcano explosion",
      "warbler chirping",
      "waterfall burbling",
      "whale calling",
      "wind chime",
      "wind noise",
      "wind rustling leaves",
      "wood thrush calling",
      "woodpecker pecking tree",
      "writing on blackboard with chalk",
      "yodelling",
      "zebra braying"
    ],
    "video_dim": 1,
    "motion_dim": 1,
    "audio_dim": 4096
  },
  "out_dir": "/home/Hongjie_Zeng/high_order_BM/runs_vggsound_full_AF026_standard_audio_resnet50seq_lstm4096_h6_lc5_e320"
}
