[data] train=182615 test=15341 classes=309 video=4096 motion=1 audio=1 device=cuda
[model] standard input=4096 label=1545 hidden=32768 total=38409 mode=video
[init] estimating visible bias from training set
[epoch 001] recon_mse=0.04377
[epoch 002] recon_mse=0.03340
[epoch 003] recon_mse=0.02710
[epoch 004] recon_mse=0.02363
[epoch 005] recon_mse=0.02130 quick_test_acc=0.1527 ent=5.5768
[epoch 006] recon_mse=0.01975
[epoch 007] recon_mse=0.01877
[epoch 008] recon_mse=0.01814
[epoch 009] recon_mse=0.01768
[epoch 010] recon_mse=0.01734 quick_test_acc=0.1868 ent=5.5563
[epoch 011] recon_mse=0.01707
[epoch 012] recon_mse=0.01683
[epoch 013] recon_mse=0.01663
[epoch 014] recon_mse=0.01646
[epoch 015] recon_mse=0.01629 quick_test_acc=0.2081 ent=5.4996
[epoch 016] recon_mse=0.01615
[epoch 017] recon_mse=0.01601
[epoch 018] recon_mse=0.01589
[epoch 019] recon_mse=0.01576
[epoch 020] recon_mse=0.01565 quick_test_acc=0.2242 ent=5.4061
[epoch 021] recon_mse=0.01554
[epoch 022] recon_mse=0.01544
[epoch 023] recon_mse=0.01533
[epoch 024] recon_mse=0.01523
[epoch 025] recon_mse=0.01514 quick_test_acc=0.2361 ent=5.2827
[epoch 026] recon_mse=0.01504
[epoch 027] recon_mse=0.01495
[epoch 028] recon_mse=0.01486
[epoch 029] recon_mse=0.01477
[epoch 030] recon_mse=0.01469 quick_test_acc=0.2521 ent=5.1557
[epoch 031] recon_mse=0.01461
[epoch 032] recon_mse=0.01453
[epoch 033] recon_mse=0.01445
[epoch 034] recon_mse=0.01437
[epoch 035] recon_mse=0.01430 quick_test_acc=0.2625 ent=5.0288
[epoch 036] recon_mse=0.01423
[epoch 037] recon_mse=0.01416
[epoch 038] recon_mse=0.01409
[epoch 039] recon_mse=0.01403
[epoch 040] recon_mse=0.01396 quick_test_acc=0.2732 ent=4.9102
[epoch 041] recon_mse=0.01390
[epoch 042] recon_mse=0.01384
[epoch 043] recon_mse=0.01379
[epoch 044] recon_mse=0.01373
[epoch 045] recon_mse=0.01367 quick_test_acc=0.2839 ent=4.8077
[epoch 046] recon_mse=0.01362
[epoch 047] recon_mse=0.01357
[epoch 048] recon_mse=0.01351
[epoch 049] recon_mse=0.01347
[epoch 050] recon_mse=0.01341 quick_test_acc=0.2925 ent=4.7135
[epoch 051] recon_mse=0.01337
[epoch 052] recon_mse=0.01332
[epoch 053] recon_mse=0.01327
[epoch 054] recon_mse=0.01323
[epoch 055] recon_mse=0.01318 quick_test_acc=0.3019 ent=4.6318
[epoch 056] recon_mse=0.01313
[epoch 057] recon_mse=0.01310
[epoch 058] recon_mse=0.01305
[epoch 059] recon_mse=0.01301
[epoch 060] recon_mse=0.01297 quick_test_acc=0.3098 ent=4.5517
[epoch 061] recon_mse=0.01293
[epoch 062] recon_mse=0.01289
[epoch 063] recon_mse=0.01286
[epoch 064] recon_mse=0.01281
[epoch 065] recon_mse=0.01277 quick_test_acc=0.3182 ent=4.4770
[epoch 066] recon_mse=0.01274
[epoch 067] recon_mse=0.01271
[epoch 068] recon_mse=0.01267
[epoch 069] recon_mse=0.01264
[epoch 070] recon_mse=0.01260 quick_test_acc=0.3222 ent=4.4146
[epoch 071] recon_mse=0.01257
[epoch 072] recon_mse=0.01254
[epoch 073] recon_mse=0.01250
[epoch 074] recon_mse=0.01248
[epoch 075] recon_mse=0.01244 quick_test_acc=0.3285 ent=4.3538
[epoch 076] recon_mse=0.01240
[epoch 077] recon_mse=0.01237
[epoch 078] recon_mse=0.01234
[epoch 079] recon_mse=0.01231
[epoch 080] recon_mse=0.01229 quick_test_acc=0.3334 ent=4.2975
[epoch 081] recon_mse=0.01226
[epoch 082] recon_mse=0.01223
[epoch 083] recon_mse=0.01220
[epoch 084] recon_mse=0.01218
[epoch 085] recon_mse=0.01214 quick_test_acc=0.3377 ent=4.2420
[epoch 086] recon_mse=0.01212
[epoch 087] recon_mse=0.01209
[epoch 088] recon_mse=0.01206
[epoch 089] recon_mse=0.01204
[epoch 090] recon_mse=0.01201 quick_test_acc=0.3420 ent=4.2008
[epoch 091] recon_mse=0.01199
[epoch 092] recon_mse=0.01196
[epoch 093] recon_mse=0.01194
[epoch 094] recon_mse=0.01192
[epoch 095] recon_mse=0.01189 quick_test_acc=0.3450 ent=4.1470
[epoch 096] recon_mse=0.01187
[epoch 097] recon_mse=0.01185
[epoch 098] recon_mse=0.01183
[epoch 099] recon_mse=0.01180
[epoch 100] recon_mse=0.01178 quick_test_acc=0.3484 ent=4.1036
[epoch 101] recon_mse=0.01176
[epoch 102] recon_mse=0.01174
[epoch 103] recon_mse=0.01172
[epoch 104] recon_mse=0.01169
[epoch 105] recon_mse=0.01168 quick_test_acc=0.3520 ent=4.0593
[epoch 106] recon_mse=0.01166
[epoch 107] recon_mse=0.01164
[epoch 108] recon_mse=0.01161
[epoch 109] recon_mse=0.01160
[epoch 110] recon_mse=0.01158 quick_test_acc=0.3552 ent=4.0205
[epoch 111] recon_mse=0.01156
[epoch 112] recon_mse=0.01154
[epoch 113] recon_mse=0.01152
[epoch 114] recon_mse=0.01151
[epoch 115] recon_mse=0.01148 quick_test_acc=0.3588 ent=3.9792
[epoch 116] recon_mse=0.01147
[epoch 117] recon_mse=0.01145
[epoch 118] recon_mse=0.01143
[epoch 119] recon_mse=0.01142
[epoch 120] recon_mse=0.01140 quick_test_acc=0.3631 ent=3.9456
[epoch 121] recon_mse=0.01138
[epoch 122] recon_mse=0.01137
[epoch 123] recon_mse=0.01135
[epoch 124] recon_mse=0.01134
[epoch 125] recon_mse=0.01132 quick_test_acc=0.3655 ent=3.9010
[epoch 126] recon_mse=0.01130
[epoch 127] recon_mse=0.01129
[epoch 128] recon_mse=0.01127
[epoch 129] recon_mse=0.01126
[epoch 130] recon_mse=0.01124 quick_test_acc=0.3697 ent=3.8708
[epoch 131] recon_mse=0.01123
[epoch 132] recon_mse=0.01121
[epoch 133] recon_mse=0.01120
[epoch 134] recon_mse=0.01119
[epoch 135] recon_mse=0.01117 quick_test_acc=0.3729 ent=3.8428
[epoch 136] recon_mse=0.01116
[epoch 137] recon_mse=0.01114
[epoch 138] recon_mse=0.01113
[epoch 139] recon_mse=0.01112
[epoch 140] recon_mse=0.01110 quick_test_acc=0.3761 ent=3.8037
[epoch 141] recon_mse=0.01109
[epoch 142] recon_mse=0.01108
[epoch 143] recon_mse=0.01106
[epoch 144] recon_mse=0.01105
[epoch 145] recon_mse=0.01104 quick_test_acc=0.3784 ent=3.7709
[epoch 146] recon_mse=0.01102
[epoch 147] recon_mse=0.01101
[epoch 148] recon_mse=0.01100
[epoch 149] recon_mse=0.01099
[epoch 150] recon_mse=0.01098 quick_test_acc=0.3812 ent=3.7437
[epoch 151] recon_mse=0.01096
[epoch 152] recon_mse=0.01096
[epoch 153] recon_mse=0.01094
[epoch 154] recon_mse=0.01093
[epoch 155] recon_mse=0.01092 quick_test_acc=0.3829 ent=3.7145
[epoch 156] recon_mse=0.01091
[epoch 157] recon_mse=0.01090
[epoch 158] recon_mse=0.01089
[epoch 159] recon_mse=0.01088
[epoch 160] recon_mse=0.01087 quick_test_acc=0.3838 ent=3.6893
[epoch 161] recon_mse=0.01086
[epoch 162] recon_mse=0.01085
[epoch 163] recon_mse=0.01083
[epoch 164] recon_mse=0.01083
[epoch 165] recon_mse=0.01082 quick_test_acc=0.3861 ent=3.6645
[epoch 166] recon_mse=0.01081
[epoch 167] recon_mse=0.01079
[epoch 168] recon_mse=0.01079
[epoch 169] recon_mse=0.01078
[epoch 170] recon_mse=0.01077 quick_test_acc=0.3871 ent=3.6345
[epoch 171] recon_mse=0.01076
[epoch 172] recon_mse=0.01075
[epoch 173] recon_mse=0.01074
[epoch 174] recon_mse=0.01073
[epoch 175] recon_mse=0.01072 quick_test_acc=0.3884 ent=3.6093
[epoch 176] recon_mse=0.01071
[epoch 177] recon_mse=0.01070
[epoch 178] recon_mse=0.01070
[epoch 179] recon_mse=0.01069
[epoch 180] recon_mse=0.01068 quick_test_acc=0.3905 ent=3.5903
[epoch 181] recon_mse=0.01067
[epoch 182] recon_mse=0.01066
[epoch 183] recon_mse=0.01065
[epoch 184] recon_mse=0.01064
[epoch 185] recon_mse=0.01064 quick_test_acc=0.3928 ent=3.5683
[epoch 186] recon_mse=0.01063
[epoch 187] recon_mse=0.01062
[epoch 188] recon_mse=0.01061
[epoch 189] recon_mse=0.01060
[epoch 190] recon_mse=0.01060 quick_test_acc=0.3932 ent=3.5401
[epoch 191] recon_mse=0.01059
[epoch 192] recon_mse=0.01058
[epoch 193] recon_mse=0.01057
[epoch 194] recon_mse=0.01056
[epoch 195] recon_mse=0.01055 quick_test_acc=0.3938 ent=3.5220
[epoch 196] recon_mse=0.01055
[epoch 197] recon_mse=0.01054
[epoch 198] recon_mse=0.01054
[epoch 199] recon_mse=0.01053
[epoch 200] recon_mse=0.01052 quick_test_acc=0.3959 ent=3.4979
[epoch 201] recon_mse=0.01051
[epoch 202] recon_mse=0.01051
[epoch 203] recon_mse=0.01051
[epoch 204] recon_mse=0.01049
[epoch 205] recon_mse=0.01049 quick_test_acc=0.3980 ent=3.4819
[epoch 206] recon_mse=0.01048
[epoch 207] recon_mse=0.01048
[epoch 208] recon_mse=0.01047
[epoch 209] recon_mse=0.01046
[epoch 210] recon_mse=0.01045 quick_test_acc=0.3991 ent=3.4608
[epoch 211] recon_mse=0.01045
[epoch 212] recon_mse=0.01044
[epoch 213] recon_mse=0.01044
[epoch 214] recon_mse=0.01043
[epoch 215] recon_mse=0.01042 quick_test_acc=0.3996 ent=3.4359
[epoch 216] recon_mse=0.01042
[epoch 217] recon_mse=0.01041
[epoch 218] recon_mse=0.01040
[epoch 219] recon_mse=0.01040
[epoch 220] recon_mse=0.01039 quick_test_acc=0.4004 ent=3.4240
[epoch 221] recon_mse=0.01039
[epoch 222] recon_mse=0.01038
[epoch 223] recon_mse=0.01037
[epoch 224] recon_mse=0.01037
[epoch 225] recon_mse=0.01036 quick_test_acc=0.4024 ent=3.4058
[epoch 226] recon_mse=0.01036
[epoch 227] recon_mse=0.01034
[epoch 228] recon_mse=0.01034
[epoch 229] recon_mse=0.01033
[epoch 230] recon_mse=0.01033 quick_test_acc=0.4021 ent=3.3828
[epoch 231] recon_mse=0.01033
[epoch 232] recon_mse=0.01032
[epoch 233] recon_mse=0.01031
[epoch 234] recon_mse=0.01031
[epoch 235] recon_mse=0.01031 quick_test_acc=0.4031 ent=3.3710
[epoch 236] recon_mse=0.01030
[epoch 237] recon_mse=0.01029
[epoch 238] recon_mse=0.01029
[epoch 239] recon_mse=0.01028
[epoch 240] recon_mse=0.01028 quick_test_acc=0.4052 ent=3.3521
[epoch 241] recon_mse=0.01027
[epoch 242] recon_mse=0.01027
[epoch 243] recon_mse=0.01026
[epoch 244] recon_mse=0.01026
[epoch 245] recon_mse=0.01025 quick_test_acc=0.4046 ent=3.3381
[epoch 246] recon_mse=0.01025
[epoch 247] recon_mse=0.01024
[epoch 248] recon_mse=0.01024
[epoch 249] recon_mse=0.01024
[epoch 250] recon_mse=0.01023 quick_test_acc=0.4057 ent=3.3186
[epoch 251] recon_mse=0.01022
[epoch 252] recon_mse=0.01022
[epoch 253] recon_mse=0.01021
[epoch 254] recon_mse=0.01021
[epoch 255] recon_mse=0.01020 quick_test_acc=0.4061 ent=3.2997
[epoch 256] recon_mse=0.01020
[epoch 257] recon_mse=0.01019
[epoch 258] recon_mse=0.01019
[epoch 259] recon_mse=0.01018
[epoch 260] recon_mse=0.01018 quick_test_acc=0.4069 ent=3.2843
[epoch 261] recon_mse=0.01018
[epoch 262] recon_mse=0.01017
[epoch 263] recon_mse=0.01016
[epoch 264] recon_mse=0.01016
[epoch 265] recon_mse=0.01016 quick_test_acc=0.4079 ent=3.2755
[epoch 266] recon_mse=0.01015
[epoch 267] recon_mse=0.01015
[epoch 268] recon_mse=0.01014
[epoch 269] recon_mse=0.01014
[epoch 270] recon_mse=0.01014 quick_test_acc=0.4086 ent=3.2593
[epoch 271] recon_mse=0.01013
[epoch 272] recon_mse=0.01012
[epoch 273] recon_mse=0.01012
[epoch 274] recon_mse=0.01012
[epoch 275] recon_mse=0.01011 quick_test_acc=0.4093 ent=3.2413
[epoch 276] recon_mse=0.01011
[epoch 277] recon_mse=0.01011
[epoch 278] recon_mse=0.01010
[epoch 279] recon_mse=0.01010
[epoch 280] recon_mse=0.01009 quick_test_acc=0.4097 ent=3.2328
[epoch 281] recon_mse=0.01009
[epoch 282] recon_mse=0.01008
[epoch 283] recon_mse=0.01008
[epoch 284] recon_mse=0.01008
[epoch 285] recon_mse=0.01007 quick_test_acc=0.4094 ent=3.2213
[epoch 286] recon_mse=0.01007
[epoch 287] recon_mse=0.01007
[epoch 288] recon_mse=0.01006
[epoch 289] recon_mse=0.01006
[epoch 290] recon_mse=0.01006 quick_test_acc=0.4092 ent=3.2081
[epoch 291] recon_mse=0.01005
[epoch 292] recon_mse=0.01005
[epoch 293] recon_mse=0.01004
[epoch 294] recon_mse=0.01004
[epoch 295] recon_mse=0.01004 quick_test_acc=0.4103 ent=3.1975
[epoch 296] recon_mse=0.01003
[epoch 297] recon_mse=0.01003
[epoch 298] recon_mse=0.01003
[epoch 299] recon_mse=0.01002
[epoch 300] recon_mse=0.01002 quick_test_acc=0.4118 ent=3.1779
[epoch 301] recon_mse=0.01001
[epoch 302] recon_mse=0.01001
[epoch 303] recon_mse=0.01001
[epoch 304] recon_mse=0.01000
[epoch 305] recon_mse=0.01000 quick_test_acc=0.4109 ent=3.1653
[epoch 306] recon_mse=0.01000
[epoch 307] recon_mse=0.00999
[epoch 308] recon_mse=0.00999
[epoch 309] recon_mse=0.00998
[epoch 310] recon_mse=0.00998 quick_test_acc=0.4111 ent=3.1561
[epoch 311] recon_mse=0.00998
[epoch 312] recon_mse=0.00997
[epoch 313] recon_mse=0.00997
[epoch 314] recon_mse=0.00997
[epoch 315] recon_mse=0.00996 quick_test_acc=0.4115 ent=3.1429
[epoch 316] recon_mse=0.00996
[epoch 317] recon_mse=0.00996
[epoch 318] recon_mse=0.00995
[epoch 319] recon_mse=0.00995
[epoch 320] recon_mse=0.00995 quick_test_acc=0.4131 ent=3.1293
[epoch 321] recon_mse=0.00994
[epoch 322] recon_mse=0.00994
[epoch 323] recon_mse=0.00994
[epoch 324] recon_mse=0.00993
[epoch 325] recon_mse=0.00993 quick_test_acc=0.4133 ent=3.1223
[epoch 326] recon_mse=0.00993
[epoch 327] recon_mse=0.00992
[epoch 328] recon_mse=0.00992
[epoch 329] recon_mse=0.00992
[epoch 330] recon_mse=0.00991 quick_test_acc=0.4138 ent=3.1049
[epoch 331] recon_mse=0.00991
[epoch 332] recon_mse=0.00991
[epoch 333] recon_mse=0.00990
[epoch 334] recon_mse=0.00990
[epoch 335] recon_mse=0.00990 quick_test_acc=0.4136 ent=3.0896
[epoch 336] recon_mse=0.00990
[epoch 337] recon_mse=0.00989
[epoch 338] recon_mse=0.00989
[epoch 339] recon_mse=0.00989
[epoch 340] recon_mse=0.00988 quick_test_acc=0.4143 ent=3.0847
[epoch 341] recon_mse=0.00988
[epoch 342] recon_mse=0.00988
[epoch 343] recon_mse=0.00988
[epoch 344] recon_mse=0.00988
[epoch 345] recon_mse=0.00987 quick_test_acc=0.4150 ent=3.0766
[epoch 346] recon_mse=0.00987
[epoch 347] recon_mse=0.00986
[epoch 348] recon_mse=0.00986
[epoch 349] recon_mse=0.00986
[epoch 350] recon_mse=0.00985 quick_test_acc=0.4147 ent=3.0639
[epoch 351] recon_mse=0.00985
[epoch 352] recon_mse=0.00985
[epoch 353] recon_mse=0.00985
[epoch 354] recon_mse=0.00985
[epoch 355] recon_mse=0.00984 quick_test_acc=0.4150 ent=3.0545
[epoch 356] recon_mse=0.00983
[epoch 357] recon_mse=0.00984
[epoch 358] recon_mse=0.00983
[epoch 359] recon_mse=0.00983
[epoch 360] recon_mse=0.00983 quick_test_acc=0.4159 ent=3.0450
[full_eval_best] {
  "created_at": "2026-06-28 08:50:37",
  "ckpt": "/home/Hongjie_Zeng/high_order_BM/runs_vggsound_full_P3V001_standard_rgbmotion_fused_video4096_h8_e360/best.pt",
  "ckpt_epoch": 360,
  "ckpt_best_acc": 0.4158790170132325,
  "eval_steps": 3000,
  "eval_burn_in": 500,
  "eval_thin": 2,
  "test_label_gibbs_acc": 0.41548790821980314,
  "test_label_entropy": 3.0444552794098856,
  "computed_dims": {
    "input_dim": 4096,
    "label_dim": 1545,
    "hidden_dim": 32768,
    "total_pbits": 38409,
    "num_classes": 309
  },
  "data_dims": {
    "feature_npz": "/home/Hongjie_Zeng/high_order_BM/data_vggsound_full/rgb_motion_fused/vggsound_full_rgbmotion_fused_video4096_resnet50_f16_s224_seed351.npz",
    "train_size": 182615,
    "test_size": 15341,
    "num_classes": 309,
    "class_names": [
      "air conditioning noise",
      "air horn",
      "airplane",
      "airplane flyby",
      "alarm clock ringing",
      "alligators, crocodiles hissing",
      "ambulance siren",
      "arc welding",
      "baby babbling",
      "baby crying",
      "baby laughter",
      "baltimore oriole calling",
      "barn swallow calling",
      "basketball bounce",
      "bathroom ventilation fan running",
      "beat boxing",
      "bee, wasp, etc. buzzing",
      "bird chirping, tweeting",
      "bird squawking",
      "bird wings flapping",
      "black capped chickadee calling",
      "blowtorch igniting",
      "bouncing on trampoline",
      "bowling impact",
      "bull bellowing",
      "canary calling",
      "cap gun shooting",
      "car engine idling",
      "car engine knocking",
      "car engine starting",
      "car passing by",
      "cat caterwauling",
      "cat growling",
      "cat hissing",
      "cat meowing",
      "cat purring",
      "cattle mooing",
      "cattle, bovinae cowbell",
      "cell phone buzzing",
      "chainsawing trees",
      "cheetah chirrup",
      "chicken clucking",
      "chicken crowing",
      "child singing",
      "child speech, kid speaking",
      "children shouting",
      "chimpanzee pant-hooting",
      "chinchilla barking",
      "chipmunk chirping",
      "chopping food",
      "chopping wood",
      "church bell ringing",
      "civil defense siren",
      "cow lowing",
      "coyote howling",
      "cricket chirping",
      "crow cawing",
      "cuckoo bird calling",
      "cupboard opening or closing",
      "cutting hair with electric trimmers",
      "dinosaurs bellowing",
      "disc scratching",
      "dog barking",
      "dog baying",
      "dog bow-wow",
      "dog growling",
      "dog howling",
      "dog whimpering",
      "donkey, ass braying",
      "door slamming",
      "driving buses",
      "driving motorcycle",
      "driving snowmobile",
      "duck quacking",
      "eagle screaming",
      "eating with cutlery",
      "electric grinder grinding",
      "electric shaver, electric razor shaving",
      "elephant trumpeting",
      "eletric blender running",
      "elk bugling",
      "engine accelerating, revving, vroom",
      "female singing",
      "female speech, woman speaking",
      "ferret dooking",
      "fire crackling",
      "fire truck siren",
      "fireworks banging",
      "firing cannon",
      "firing muskets",
      "fly, housefly buzzing",
      "foghorn",
      "footsteps on snow",
      "forging swords",
      "fox barking",
      "francolin calling",
      "frog croaking",
      "gibbon howling",
      "goat bleating",
      "golf driving",
      "goose honking",
      "hail",
      "hair dryer drying",
      "hammering nails",
      "heart sounds, heartbeat",
      "hedge trimmer running",
      "helicopter",
      "horse clip-clop",
      "horse neighing",
      "ice cracking",
      "ice cream truck, ice cream van",
      "lathe spinning",
      "lawn mowing",
      "lighting firecrackers",
      "lions growling",
      "lions roaring",
      "lip smacking",
      "machine gun shooting",
      "magpie calling",
      "male singing",
      "male speech, man speaking",
      "metronome",
      "missile launch",
      "mosquito buzzing",
      "motorboat, speedboat acceleration",
      "mouse clicking",
      "mouse pattering",
      "mouse squeaking",
      "mynah bird singing",
      "ocean burbling",
      "opening or closing car doors",
      "opening or closing car electric windows",
      "opening or closing drawers",
      "orchestra",
      "otter growling",
      "owl hooting",
      "parrot talking",
      "penguins braying",
      "people babbling",
      "people battle cry",
      "people belly laughing",
      "people booing",
      "people burping",
      "people cheering",
      "people clapping",
      "people coughing",
      "people crowd",
      "people eating",
      "people eating apple",
      "people eating crisps",
      "people eating noodle",
      "people farting",
      "people finger snapping",
      "people gargling",
      "people giggling",
      "people hiccup",
      "people humming",
      "people marching",
      "people nose blowing",
      "people running",
      "people screaming",
      "people shuffling",
      "people slapping",
      "people slurping",
      "people sneezing",
      "people sniggering",
      "people sobbing",
      "people whispering",
      "people whistling",
      "pheasant crowing",
      "pig oinking",
      "pigeon, dove cooing",
      "planing timber",
      "plastic bottle crushing",
      "playing accordion",
      "playing acoustic guitar",
      "playing badminton",
      "playing bagpipes",
      "playing banjo",
      "playing bass drum",
      "playing bass guitar",
      "playing bassoon",
      "playing bongo",
      "playing bugle",
      "playing castanets",
      "playing cello",
      "playing clarinet",
      "playing congas",
      "playing cornet",
      "playing cymbal",
      "playing darts",
      "playing didgeridoo",
      "playing djembe",
      "playing double bass",
      "playing drum kit",
      "playing electric guitar",
      "playing electronic organ",
      "playing erhu",
      "playing flute",
      "playing french horn",
      "playing glockenspiel",
      "playing gong",
      "playing guiro",
      "playing hammond organ",
      "playing harmonica",
      "playing harp",
      "playing harpsichord",
      "playing hockey",
      "playing lacrosse",
      "playing mandolin",
      "playing marimba, xylophone",
      "playing oboe",
      "playing piano",
      "playing saxophone",
      "playing shofar",
      "playing sitar",
      "playing snare drum",
      "playing squash",
      "playing steel guitar, slide guitar",
      "playing steelpan",
      "playing synthesizer",
      "playing tabla",
      "playing table tennis",
      "playing tambourine",
      "playing tennis",
      "playing theremin",
      "playing timbales",
      "playing timpani",
      "playing trombone",
      "playing trumpet",
      "playing tuning fork",
      "playing tympani",
      "playing ukulele",
      "playing vibraphone",
      "playing violin, fiddle",
      "playing volleyball",
      "playing washboard",
      "playing zither",
      "police car (siren)",
      "police radio chatter",
      "popping popcorn",
      "printer printing",
      "pumping water",
      "race car, auto racing",
      "railroad car, train wagon",
      "raining",
      "rapping",
      "reversing beeps",
      "ripping paper",
      "roller coaster running",
      "rope skipping",
      "rowboat, canoe, kayak rowing",
      "running electric fan",
      "sailing",
      "scuba diving",
      "sea lion barking",
      "sea waves",
      "sharpen knife",
      "sheep bleating",
      "shot football",
      "singing bowl",
      "singing choir",
      "skateboarding",
      "skidding",
      "skiing",
      "sliding door",
      "sloshing water",
      "slot machine",
      "smoke detector beeping",
      "snake hissing",
      "snake rattling",
      "splashing water",
      "spraying water",
      "squishing water",
      "stream burbling",
      "strike lighter",
      "striking bowling",
      "striking pool",
      "subway, metro, underground",
      "swimming",
      "tap dancing",
      "tapping guitar",
      "telephone bell ringing",
      "thunder",
      "toilet flushing",
      "tornado roaring",
      "tractor digging",
      "train horning",
      "train wheels squealing",
      "train whistling",
      "turkey gobbling",
      "typing on computer keyboard",
      "typing on typewriter",
      "underwater bubbling",
      "using sewing machines",
      "vacuum cleaner cleaning floors",
      "vehicle horn, car horn, honking",
      "volcano explosion",
      "warbler chirping",
      "waterfall burbling",
      "whale calling",
      "wind chime",
      "wind noise",
      "wind rustling leaves",
      "wood thrush calling",
      "woodpecker pecking tree",
      "writing on blackboard with chalk",
      "yodelling",
      "zebra braying"
    ],
    "video_dim": 4096,
    "motion_dim": 1,
    "audio_dim": 1
  }
}
{
  "experiment_id": "P3V001",
  "finished_at": "2026-06-28 08:50:37",
  "model_type": "standard",
  "best_epoch": 360,
  "best_acc_selection_metric": 0.4158790170132325,
  "final_epoch": 360,
  "final_test_label_gibbs_acc": 0.4158790170132325,
  "full_eval_best_acc": 0.41548790821980314,
  "computed_dims": {
    "input_dim": 4096,
    "label_dim": 1545,
    "hidden_dim": 32768,
    "total_pbits": 38409,
    "num_classes": 309
  },
  "data_dims": {
    "feature_npz": "/home/Hongjie_Zeng/high_order_BM/data_vggsound_full/rgb_motion_fused/vggsound_full_rgbmotion_fused_video4096_resnet50_f16_s224_seed351.npz",
    "train_size": 182615,
    "test_size": 15341,
    "num_classes": 309,
    "class_names": [
      "air conditioning noise",
      "air horn",
      "airplane",
      "airplane flyby",
      "alarm clock ringing",
      "alligators, crocodiles hissing",
      "ambulance siren",
      "arc welding",
      "baby babbling",
      "baby crying",
      "baby laughter",
      "baltimore oriole calling",
      "barn swallow calling",
      "basketball bounce",
      "bathroom ventilation fan running",
      "beat boxing",
      "bee, wasp, etc. buzzing",
      "bird chirping, tweeting",
      "bird squawking",
      "bird wings flapping",
      "black capped chickadee calling",
      "blowtorch igniting",
      "bouncing on trampoline",
      "bowling impact",
      "bull bellowing",
      "canary calling",
      "cap gun shooting",
      "car engine idling",
      "car engine knocking",
      "car engine starting",
      "car passing by",
      "cat caterwauling",
      "cat growling",
      "cat hissing",
      "cat meowing",
      "cat purring",
      "cattle mooing",
      "cattle, bovinae cowbell",
      "cell phone buzzing",
      "chainsawing trees",
      "cheetah chirrup",
      "chicken clucking",
      "chicken crowing",
      "child singing",
      "child speech, kid speaking",
      "children shouting",
      "chimpanzee pant-hooting",
      "chinchilla barking",
      "chipmunk chirping",
      "chopping food",
      "chopping wood",
      "church bell ringing",
      "civil defense siren",
      "cow lowing",
      "coyote howling",
      "cricket chirping",
      "crow cawing",
      "cuckoo bird calling",
      "cupboard opening or closing",
      "cutting hair with electric trimmers",
      "dinosaurs bellowing",
      "disc scratching",
      "dog barking",
      "dog baying",
      "dog bow-wow",
      "dog growling",
      "dog howling",
      "dog whimpering",
      "donkey, ass braying",
      "door slamming",
      "driving buses",
      "driving motorcycle",
      "driving snowmobile",
      "duck quacking",
      "eagle screaming",
      "eating with cutlery",
      "electric grinder grinding",
      "electric shaver, electric razor shaving",
      "elephant trumpeting",
      "eletric blender running",
      "elk bugling",
      "engine accelerating, revving, vroom",
      "female singing",
      "female speech, woman speaking",
      "ferret dooking",
      "fire crackling",
      "fire truck siren",
      "fireworks banging",
      "firing cannon",
      "firing muskets",
      "fly, housefly buzzing",
      "foghorn",
      "footsteps on snow",
      "forging swords",
      "fox barking",
      "francolin calling",
      "frog croaking",
      "gibbon howling",
      "goat bleating",
      "golf driving",
      "goose honking",
      "hail",
      "hair dryer drying",
      "hammering nails",
      "heart sounds, heartbeat",
      "hedge trimmer running",
      "helicopter",
      "horse clip-clop",
      "horse neighing",
      "ice cracking",
      "ice cream truck, ice cream van",
      "lathe spinning",
      "lawn mowing",
      "lighting firecrackers",
      "lions growling",
      "lions roaring",
      "lip smacking",
      "machine gun shooting",
      "magpie calling",
      "male singing",
      "male speech, man speaking",
      "metronome",
      "missile launch",
      "mosquito buzzing",
      "motorboat, speedboat acceleration",
      "mouse clicking",
      "mouse pattering",
      "mouse squeaking",
      "mynah bird singing",
      "ocean burbling",
      "opening or closing car doors",
      "opening or closing car electric windows",
      "opening or closing drawers",
      "orchestra",
      "otter growling",
      "owl hooting",
      "parrot talking",
      "penguins braying",
      "people babbling",
      "people battle cry",
      "people belly laughing",
      "people booing",
      "people burping",
      "people cheering",
      "people clapping",
      "people coughing",
      "people crowd",
      "people eating",
      "people eating apple",
      "people eating crisps",
      "people eating noodle",
      "people farting",
      "people finger snapping",
      "people gargling",
      "people giggling",
      "people hiccup",
      "people humming",
      "people marching",
      "people nose blowing",
      "people running",
      "people screaming",
      "people shuffling",
      "people slapping",
      "people slurping",
      "people sneezing",
      "people sniggering",
      "people sobbing",
      "people whispering",
      "people whistling",
      "pheasant crowing",
      "pig oinking",
      "pigeon, dove cooing",
      "planing timber",
      "plastic bottle crushing",
      "playing accordion",
      "playing acoustic guitar",
      "playing badminton",
      "playing bagpipes",
      "playing banjo",
      "playing bass drum",
      "playing bass guitar",
      "playing bassoon",
      "playing bongo",
      "playing bugle",
      "playing castanets",
      "playing cello",
      "playing clarinet",
      "playing congas",
      "playing cornet",
      "playing cymbal",
      "playing darts",
      "playing didgeridoo",
      "playing djembe",
      "playing double bass",
      "playing drum kit",
      "playing electric guitar",
      "playing electronic organ",
      "playing erhu",
      "playing flute",
      "playing french horn",
      "playing glockenspiel",
      "playing gong",
      "playing guiro",
      "playing hammond organ",
      "playing harmonica",
      "playing harp",
      "playing harpsichord",
      "playing hockey",
      "playing lacrosse",
      "playing mandolin",
      "playing marimba, xylophone",
      "playing oboe",
      "playing piano",
      "playing saxophone",
      "playing shofar",
      "playing sitar",
      "playing snare drum",
      "playing squash",
      "playing steel guitar, slide guitar",
      "playing steelpan",
      "playing synthesizer",
      "playing tabla",
      "playing table tennis",
      "playing tambourine",
      "playing tennis",
      "playing theremin",
      "playing timbales",
      "playing timpani",
      "playing trombone",
      "playing trumpet",
      "playing tuning fork",
      "playing tympani",
      "playing ukulele",
      "playing vibraphone",
      "playing violin, fiddle",
      "playing volleyball",
      "playing washboard",
      "playing zither",
      "police car (siren)",
      "police radio chatter",
      "popping popcorn",
      "printer printing",
      "pumping water",
      "race car, auto racing",
      "railroad car, train wagon",
      "raining",
      "rapping",
      "reversing beeps",
      "ripping paper",
      "roller coaster running",
      "rope skipping",
      "rowboat, canoe, kayak rowing",
      "running electric fan",
      "sailing",
      "scuba diving",
      "sea lion barking",
      "sea waves",
      "sharpen knife",
      "sheep bleating",
      "shot football",
      "singing bowl",
      "singing choir",
      "skateboarding",
      "skidding",
      "skiing",
      "sliding door",
      "sloshing water",
      "slot machine",
      "smoke detector beeping",
      "snake hissing",
      "snake rattling",
      "splashing water",
      "spraying water",
      "squishing water",
      "stream burbling",
      "strike lighter",
      "striking bowling",
      "striking pool",
      "subway, metro, underground",
      "swimming",
      "tap dancing",
      "tapping guitar",
      "telephone bell ringing",
      "thunder",
      "toilet flushing",
      "tornado roaring",
      "tractor digging",
      "train horning",
      "train wheels squealing",
      "train whistling",
      "turkey gobbling",
      "typing on computer keyboard",
      "typing on typewriter",
      "underwater bubbling",
      "using sewing machines",
      "vacuum cleaner cleaning floors",
      "vehicle horn, car horn, honking",
      "volcano explosion",
      "warbler chirping",
      "waterfall burbling",
      "whale calling",
      "wind chime",
      "wind noise",
      "wind rustling leaves",
      "wood thrush calling",
      "woodpecker pecking tree",
      "writing on blackboard with chalk",
      "yodelling",
      "zebra braying"
    ],
    "video_dim": 4096,
    "motion_dim": 1,
    "audio_dim": 1
  },
  "out_dir": "/home/Hongjie_Zeng/high_order_BM/runs_vggsound_full_P3V001_standard_rgbmotion_fused_video4096_h8_e360"
}
