[data] train=182615 test=15341 classes=309 video=4096 motion=1 audio=4096 device=cuda
[model] twoport A=audio:4096 O=video:4096 label=1545 hidden=32768 total=38409
[epoch 183] loss=-15.6283 short_acc=0.9293
[epoch 184] loss=-15.5037 short_acc=0.9308
[epoch 185] loss=-15.3130 short_acc=0.9319 quick_test_acc=0.5522 ent=2.3414
[epoch 186] loss=-15.1505 short_acc=0.9322
[epoch 187] loss=-14.9060 short_acc=0.9334
[epoch 188] loss=-15.0408 short_acc=0.9333
[epoch 189] loss=-15.0922 short_acc=0.9341
[epoch 190] loss=-14.9910 short_acc=0.9347 quick_test_acc=0.5534 ent=2.2940
[epoch 191] loss=-15.1217 short_acc=0.9355
[epoch 192] loss=-14.6212 short_acc=0.9367
[epoch 193] loss=-14.6052 short_acc=0.9369
[epoch 194] loss=-14.5236 short_acc=0.9368
[epoch 195] loss=-14.6417 short_acc=0.9379 quick_test_acc=0.5534 ent=2.2555
[epoch 196] loss=-14.3910 short_acc=0.9381
[epoch 197] loss=-14.3754 short_acc=0.9396
[epoch 198] loss=-14.2345 short_acc=0.9400
[epoch 199] loss=-14.2381 short_acc=0.9396
[epoch 200] loss=-14.3274 short_acc=0.9402 quick_test_acc=0.5585 ent=2.2203
[epoch 201] loss=-14.2910 short_acc=0.9408
[epoch 202] loss=-14.3614 short_acc=0.9413
[epoch 203] loss=-14.0954 short_acc=0.9422
[epoch 204] loss=-14.0586 short_acc=0.9420
[epoch 205] loss=-13.8974 short_acc=0.9430 quick_test_acc=0.5598 ent=2.1751
[epoch 206] loss=-13.9519 short_acc=0.9433
[epoch 207] loss=-13.6296 short_acc=0.9441
[epoch 208] loss=-13.5230 short_acc=0.9451
[epoch 209] loss=-13.5654 short_acc=0.9455
[epoch 210] loss=-13.5778 short_acc=0.9455 quick_test_acc=0.5605 ent=2.1391
[epoch 211] loss=-13.5391 short_acc=0.9466
[epoch 212] loss=-13.4162 short_acc=0.9463
[epoch 213] loss=-13.6340 short_acc=0.9472
[epoch 214] loss=-13.3974 short_acc=0.9474
[epoch 215] loss=-13.4161 short_acc=0.9479 quick_test_acc=0.5603 ent=2.1031
[epoch 216] loss=-13.1624 short_acc=0.9481
[epoch 217] loss=-13.3197 short_acc=0.9491
[epoch 218] loss=-13.1520 short_acc=0.9493
[epoch 219] loss=-13.0852 short_acc=0.9499
[epoch 220] loss=-13.2776 short_acc=0.9497 quick_test_acc=0.5639 ent=2.0649
[epoch 221] loss=-12.8219 short_acc=0.9511
[epoch 222] loss=-13.2147 short_acc=0.9511
[epoch 223] loss=-12.7981 short_acc=0.9515
[epoch 224] loss=-12.9018 short_acc=0.9518
[epoch 225] loss=-13.0603 short_acc=0.9520 quick_test_acc=0.5636 ent=2.0311
[epoch 226] loss=-12.8475 short_acc=0.9527
[epoch 227] loss=-12.7072 short_acc=0.9533
[epoch 228] loss=-12.8319 short_acc=0.9542
[epoch 229] loss=-12.8428 short_acc=0.9537
[epoch 230] loss=-12.7755 short_acc=0.9548 quick_test_acc=0.5664 ent=1.9908
[epoch 231] loss=-12.6897 short_acc=0.9544
[epoch 232] loss=-12.7265 short_acc=0.9547
[epoch 233] loss=-12.6202 short_acc=0.9552
[epoch 234] loss=-12.4824 short_acc=0.9555
[epoch 235] loss=-12.4626 short_acc=0.9560 quick_test_acc=0.5663 ent=1.9720
[epoch 236] loss=-12.3663 short_acc=0.9564
[epoch 237] loss=-12.2703 short_acc=0.9568
[epoch 238] loss=-12.5645 short_acc=0.9571
[epoch 239] loss=-12.0967 short_acc=0.9570
[epoch 240] loss=-12.0290 short_acc=0.9580 quick_test_acc=0.5683 ent=1.9371
[epoch 241] loss=-12.0468 short_acc=0.9580
[epoch 242] loss=-11.9362 short_acc=0.9584
[epoch 243] loss=-12.1293 short_acc=0.9590
[epoch 244] loss=-11.8887 short_acc=0.9589
[epoch 245] loss=-11.7692 short_acc=0.9592 quick_test_acc=0.5678 ent=1.9017
[epoch 246] loss=-11.7263 short_acc=0.9601
[epoch 247] loss=-11.8977 short_acc=0.9601
[epoch 248] loss=-11.8872 short_acc=0.9602
[epoch 249] loss=-11.6547 short_acc=0.9602
[epoch 250] loss=-11.7106 short_acc=0.9609 quick_test_acc=0.5699 ent=1.8720
[epoch 251] loss=-11.7021 short_acc=0.9608
[epoch 252] loss=-11.7977 short_acc=0.9613
[epoch 253] loss=-11.7182 short_acc=0.9617
[epoch 254] loss=-11.6738 short_acc=0.9619
[epoch 255] loss=-11.8591 short_acc=0.9625 quick_test_acc=0.5711 ent=1.8535
[epoch 256] loss=-11.6869 short_acc=0.9621
[epoch 257] loss=-11.4670 short_acc=0.9633
[epoch 258] loss=-11.5893 short_acc=0.9628
[epoch 259] loss=-11.6013 short_acc=0.9627
[epoch 260] loss=-11.6413 short_acc=0.9631 quick_test_acc=0.5712 ent=1.8339
[epoch 261] loss=-11.5069 short_acc=0.9635
[epoch 262] loss=-11.5593 short_acc=0.9640
[epoch 263] loss=-11.4950 short_acc=0.9638
[epoch 264] loss=-11.5724 short_acc=0.9643
[epoch 265] loss=-11.4622 short_acc=0.9648 quick_test_acc=0.5704 ent=1.8157
[epoch 266] loss=-11.6119 short_acc=0.9645
[epoch 267] loss=-11.4436 short_acc=0.9646
[epoch 268] loss=-11.4964 short_acc=0.9652
[epoch 269] loss=-11.4235 short_acc=0.9656
[epoch 270] loss=-11.2154 short_acc=0.9658 quick_test_acc=0.5736 ent=1.7921
[epoch 271] loss=-11.2988 short_acc=0.9662
[epoch 272] loss=-11.1995 short_acc=0.9665
[epoch 273] loss=-11.0709 short_acc=0.9670
[epoch 274] loss=-11.4192 short_acc=0.9667
[epoch 275] loss=-11.0821 short_acc=0.9668 quick_test_acc=0.5716 ent=1.7715
[epoch 276] loss=-10.9830 short_acc=0.9674
[epoch 277] loss=-10.9661 short_acc=0.9670
[epoch 278] loss=-10.8914 short_acc=0.9674
[epoch 279] loss=-10.8718 short_acc=0.9679
[epoch 280] loss=-11.0490 short_acc=0.9684 quick_test_acc=0.5725 ent=1.7504
[epoch 281] loss=-10.8006 short_acc=0.9682
[epoch 282] loss=-10.6641 short_acc=0.9689
[epoch 283] loss=-10.6594 short_acc=0.9688
[epoch 284] loss=-10.6024 short_acc=0.9692
[epoch 285] loss=-10.6255 short_acc=0.9690 quick_test_acc=0.5742 ent=1.7249
[epoch 286] loss=-10.6547 short_acc=0.9705
[epoch 287] loss=-10.6149 short_acc=0.9695
[epoch 288] loss=-10.7331 short_acc=0.9698
[epoch 289] loss=-10.6348 short_acc=0.9707
[epoch 290] loss=-10.4583 short_acc=0.9700 quick_test_acc=0.5760 ent=1.7019
[epoch 291] loss=-10.4410 short_acc=0.9703
[epoch 292] loss=-10.1881 short_acc=0.9703
[epoch 293] loss=-10.4320 short_acc=0.9706
[epoch 294] loss=-10.2951 short_acc=0.9710
[epoch 295] loss=-10.5154 short_acc=0.9710 quick_test_acc=0.5772 ent=1.6837
[epoch 296] loss=-10.4445 short_acc=0.9714
[epoch 297] loss=-10.2365 short_acc=0.9710
[epoch 298] loss=-10.4050 short_acc=0.9719
[epoch 299] loss=-10.4030 short_acc=0.9715
[epoch 300] loss=-10.3692 short_acc=0.9721 quick_test_acc=0.5747 ent=1.6746
[epoch 301] loss=-10.0631 short_acc=0.9723
[epoch 302] loss=-10.1984 short_acc=0.9730
[epoch 303] loss=-9.9041 short_acc=0.9718
[epoch 304] loss=-9.9320 short_acc=0.9728
[epoch 305] loss=-9.9119 short_acc=0.9731 quick_test_acc=0.5770 ent=1.6562
[epoch 306] loss=-9.9740 short_acc=0.9733
[epoch 307] loss=-9.9206 short_acc=0.9732
[epoch 308] loss=-9.9917 short_acc=0.9734
[epoch 309] loss=-10.1086 short_acc=0.9739
[epoch 310] loss=-9.5675 short_acc=0.9739 quick_test_acc=0.5783 ent=1.6369
[epoch 311] loss=-9.7455 short_acc=0.9749
[epoch 312] loss=-9.8103 short_acc=0.9743
[epoch 313] loss=-9.8236 short_acc=0.9745
[epoch 314] loss=-9.6205 short_acc=0.9747
[epoch 315] loss=-9.6203 short_acc=0.9748 quick_test_acc=0.5757 ent=1.6189
[epoch 316] loss=-9.8363 short_acc=0.9746
[epoch 317] loss=-9.7526 short_acc=0.9750
[epoch 318] loss=-9.8233 short_acc=0.9751
[epoch 319] loss=-9.6662 short_acc=0.9751
[epoch 320] loss=-9.4501 short_acc=0.9751 quick_test_acc=0.5777 ent=1.6107
[full_eval_best] {
  "created_at": "2026-06-24 07:33:41",
  "ckpt": "/home/Hongjie_Zeng/high_order_BM/runs_vggsound_full_AV016_av012_resume_twoport_videolstm4096_audioaf031_lstm4096_h8_g115_lc5_e320_b16/best.pt",
  "ckpt_epoch": 310,
  "ckpt_best_acc": 0.5782543510853269,
  "eval_steps": 3000,
  "eval_burn_in": 500,
  "eval_thin": 2,
  "test_label_gibbs_acc": 0.5786454598787563,
  "test_label_entropy": 1.652724981556595,
  "computed_dims": {
    "image_dim": 4096,
    "audio_dim": 4096,
    "label_dim": 1545,
    "hidden_dim": 32768,
    "total_pbits": 38409,
    "num_classes": 309
  },
  "data_dims": {
    "feature_npz": "/home/Hongjie_Zeng/high_order_BM/data_vggsound_full/features/vggsound_full_aligned_videolstm4096_audioaf031_lstm4096_seed123.npz",
    "train_size": 182615,
    "test_size": 15341,
    "num_classes": 309,
    "class_names": [
      "air conditioning noise",
      "air horn",
      "airplane",
      "airplane flyby",
      "alarm clock ringing",
      "alligators, crocodiles hissing",
      "ambulance siren",
      "arc welding",
      "baby babbling",
      "baby crying",
      "baby laughter",
      "baltimore oriole calling",
      "barn swallow calling",
      "basketball bounce",
      "bathroom ventilation fan running",
      "beat boxing",
      "bee, wasp, etc. buzzing",
      "bird chirping, tweeting",
      "bird squawking",
      "bird wings flapping",
      "black capped chickadee calling",
      "blowtorch igniting",
      "bouncing on trampoline",
      "bowling impact",
      "bull bellowing",
      "canary calling",
      "cap gun shooting",
      "car engine idling",
      "car engine knocking",
      "car engine starting",
      "car passing by",
      "cat caterwauling",
      "cat growling",
      "cat hissing",
      "cat meowing",
      "cat purring",
      "cattle mooing",
      "cattle, bovinae cowbell",
      "cell phone buzzing",
      "chainsawing trees",
      "cheetah chirrup",
      "chicken clucking",
      "chicken crowing",
      "child singing",
      "child speech, kid speaking",
      "children shouting",
      "chimpanzee pant-hooting",
      "chinchilla barking",
      "chipmunk chirping",
      "chopping food",
      "chopping wood",
      "church bell ringing",
      "civil defense siren",
      "cow lowing",
      "coyote howling",
      "cricket chirping",
      "crow cawing",
      "cuckoo bird calling",
      "cupboard opening or closing",
      "cutting hair with electric trimmers",
      "dinosaurs bellowing",
      "disc scratching",
      "dog barking",
      "dog baying",
      "dog bow-wow",
      "dog growling",
      "dog howling",
      "dog whimpering",
      "donkey, ass braying",
      "door slamming",
      "driving buses",
      "driving motorcycle",
      "driving snowmobile",
      "duck quacking",
      "eagle screaming",
      "eating with cutlery",
      "electric grinder grinding",
      "electric shaver, electric razor shaving",
      "elephant trumpeting",
      "eletric blender running",
      "elk bugling",
      "engine accelerating, revving, vroom",
      "female singing",
      "female speech, woman speaking",
      "ferret dooking",
      "fire crackling",
      "fire truck siren",
      "fireworks banging",
      "firing cannon",
      "firing muskets",
      "fly, housefly buzzing",
      "foghorn",
      "footsteps on snow",
      "forging swords",
      "fox barking",
      "francolin calling",
      "frog croaking",
      "gibbon howling",
      "goat bleating",
      "golf driving",
      "goose honking",
      "hail",
      "hair dryer drying",
      "hammering nails",
      "heart sounds, heartbeat",
      "hedge trimmer running",
      "helicopter",
      "horse clip-clop",
      "horse neighing",
      "ice cracking",
      "ice cream truck, ice cream van",
      "lathe spinning",
      "lawn mowing",
      "lighting firecrackers",
      "lions growling",
      "lions roaring",
      "lip smacking",
      "machine gun shooting",
      "magpie calling",
      "male singing",
      "male speech, man speaking",
      "metronome",
      "missile launch",
      "mosquito buzzing",
      "motorboat, speedboat acceleration",
      "mouse clicking",
      "mouse pattering",
      "mouse squeaking",
      "mynah bird singing",
      "ocean burbling",
      "opening or closing car doors",
      "opening or closing car electric windows",
      "opening or closing drawers",
      "orchestra",
      "otter growling",
      "owl hooting",
      "parrot talking",
      "penguins braying",
      "people babbling",
      "people battle cry",
      "people belly laughing",
      "people booing",
      "people burping",
      "people cheering",
      "people clapping",
      "people coughing",
      "people crowd",
      "people eating",
      "people eating apple",
      "people eating crisps",
      "people eating noodle",
      "people farting",
      "people finger snapping",
      "people gargling",
      "people giggling",
      "people hiccup",
      "people humming",
      "people marching",
      "people nose blowing",
      "people running",
      "people screaming",
      "people shuffling",
      "people slapping",
      "people slurping",
      "people sneezing",
      "people sniggering",
      "people sobbing",
      "people whispering",
      "people whistling",
      "pheasant crowing",
      "pig oinking",
      "pigeon, dove cooing",
      "planing timber",
      "plastic bottle crushing",
      "playing accordion",
      "playing acoustic guitar",
      "playing badminton",
      "playing bagpipes",
      "playing banjo",
      "playing bass drum",
      "playing bass guitar",
      "playing bassoon",
      "playing bongo",
      "playing bugle",
      "playing castanets",
      "playing cello",
      "playing clarinet",
      "playing congas",
      "playing cornet",
      "playing cymbal",
      "playing darts",
      "playing didgeridoo",
      "playing djembe",
      "playing double bass",
      "playing drum kit",
      "playing electric guitar",
      "playing electronic organ",
      "playing erhu",
      "playing flute",
      "playing french horn",
      "playing glockenspiel",
      "playing gong",
      "playing guiro",
      "playing hammond organ",
      "playing harmonica",
      "playing harp",
      "playing harpsichord",
      "playing hockey",
      "playing lacrosse",
      "playing mandolin",
      "playing marimba, xylophone",
      "playing oboe",
      "playing piano",
      "playing saxophone",
      "playing shofar",
      "playing sitar",
      "playing snare drum",
      "playing squash",
      "playing steel guitar, slide guitar",
      "playing steelpan",
      "playing synthesizer",
      "playing tabla",
      "playing table tennis",
      "playing tambourine",
      "playing tennis",
      "playing theremin",
      "playing timbales",
      "playing timpani",
      "playing trombone",
      "playing trumpet",
      "playing tuning fork",
      "playing tympani",
      "playing ukulele",
      "playing vibraphone",
      "playing violin, fiddle",
      "playing volleyball",
      "playing washboard",
      "playing zither",
      "police car (siren)",
      "police radio chatter",
      "popping popcorn",
      "printer printing",
      "pumping water",
      "race car, auto racing",
      "railroad car, train wagon",
      "raining",
      "rapping",
      "reversing beeps",
      "ripping paper",
      "roller coaster running",
      "rope skipping",
      "rowboat, canoe, kayak rowing",
      "running electric fan",
      "sailing",
      "scuba diving",
      "sea lion barking",
      "sea waves",
      "sharpen knife",
      "sheep bleating",
      "shot football",
      "singing bowl",
      "singing choir",
      "skateboarding",
      "skidding",
      "skiing",
      "sliding door",
      "sloshing water",
      "slot machine",
      "smoke detector beeping",
      "snake hissing",
      "snake rattling",
      "splashing water",
      "spraying water",
      "squishing water",
      "stream burbling",
      "strike lighter",
      "striking bowling",
      "striking pool",
      "subway, metro, underground",
      "swimming",
      "tap dancing",
      "tapping guitar",
      "telephone bell ringing",
      "thunder",
      "toilet flushing",
      "tornado roaring",
      "tractor digging",
      "train horning",
      "train wheels squealing",
      "train whistling",
      "turkey gobbling",
      "typing on computer keyboard",
      "typing on typewriter",
      "underwater bubbling",
      "using sewing machines",
      "vacuum cleaner cleaning floors",
      "vehicle horn, car horn, honking",
      "volcano explosion",
      "warbler chirping",
      "waterfall burbling",
      "whale calling",
      "wind chime",
      "wind noise",
      "wind rustling leaves",
      "wood thrush calling",
      "woodpecker pecking tree",
      "writing on blackboard with chalk",
      "yodelling",
      "zebra braying"
    ],
    "video_dim": 4096,
    "motion_dim": 1,
    "audio_dim": 4096
  }
}
{
  "experiment_id": "AV016",
  "finished_at": "2026-06-24 07:33:41",
  "model_type": "twoport",
  "best_epoch": 310,
  "best_acc_selection_metric": 0.5782543510853269,
  "final_epoch": 320,
  "final_test_label_gibbs_acc": 0.5776676878951829,
  "full_eval_best_acc": 0.5786454598787563,
  "computed_dims": {
    "image_dim": 4096,
    "audio_dim": 4096,
    "label_dim": 1545,
    "hidden_dim": 32768,
    "total_pbits": 38409,
    "num_classes": 309
  },
  "data_dims": {
    "feature_npz": "/home/Hongjie_Zeng/high_order_BM/data_vggsound_full/features/vggsound_full_aligned_videolstm4096_audioaf031_lstm4096_seed123.npz",
    "train_size": 182615,
    "test_size": 15341,
    "num_classes": 309,
    "class_names": [
      "air conditioning noise",
      "air horn",
      "airplane",
      "airplane flyby",
      "alarm clock ringing",
      "alligators, crocodiles hissing",
      "ambulance siren",
      "arc welding",
      "baby babbling",
      "baby crying",
      "baby laughter",
      "baltimore oriole calling",
      "barn swallow calling",
      "basketball bounce",
      "bathroom ventilation fan running",
      "beat boxing",
      "bee, wasp, etc. buzzing",
      "bird chirping, tweeting",
      "bird squawking",
      "bird wings flapping",
      "black capped chickadee calling",
      "blowtorch igniting",
      "bouncing on trampoline",
      "bowling impact",
      "bull bellowing",
      "canary calling",
      "cap gun shooting",
      "car engine idling",
      "car engine knocking",
      "car engine starting",
      "car passing by",
      "cat caterwauling",
      "cat growling",
      "cat hissing",
      "cat meowing",
      "cat purring",
      "cattle mooing",
      "cattle, bovinae cowbell",
      "cell phone buzzing",
      "chainsawing trees",
      "cheetah chirrup",
      "chicken clucking",
      "chicken crowing",
      "child singing",
      "child speech, kid speaking",
      "children shouting",
      "chimpanzee pant-hooting",
      "chinchilla barking",
      "chipmunk chirping",
      "chopping food",
      "chopping wood",
      "church bell ringing",
      "civil defense siren",
      "cow lowing",
      "coyote howling",
      "cricket chirping",
      "crow cawing",
      "cuckoo bird calling",
      "cupboard opening or closing",
      "cutting hair with electric trimmers",
      "dinosaurs bellowing",
      "disc scratching",
      "dog barking",
      "dog baying",
      "dog bow-wow",
      "dog growling",
      "dog howling",
      "dog whimpering",
      "donkey, ass braying",
      "door slamming",
      "driving buses",
      "driving motorcycle",
      "driving snowmobile",
      "duck quacking",
      "eagle screaming",
      "eating with cutlery",
      "electric grinder grinding",
      "electric shaver, electric razor shaving",
      "elephant trumpeting",
      "eletric blender running",
      "elk bugling",
      "engine accelerating, revving, vroom",
      "female singing",
      "female speech, woman speaking",
      "ferret dooking",
      "fire crackling",
      "fire truck siren",
      "fireworks banging",
      "firing cannon",
      "firing muskets",
      "fly, housefly buzzing",
      "foghorn",
      "footsteps on snow",
      "forging swords",
      "fox barking",
      "francolin calling",
      "frog croaking",
      "gibbon howling",
      "goat bleating",
      "golf driving",
      "goose honking",
      "hail",
      "hair dryer drying",
      "hammering nails",
      "heart sounds, heartbeat",
      "hedge trimmer running",
      "helicopter",
      "horse clip-clop",
      "horse neighing",
      "ice cracking",
      "ice cream truck, ice cream van",
      "lathe spinning",
      "lawn mowing",
      "lighting firecrackers",
      "lions growling",
      "lions roaring",
      "lip smacking",
      "machine gun shooting",
      "magpie calling",
      "male singing",
      "male speech, man speaking",
      "metronome",
      "missile launch",
      "mosquito buzzing",
      "motorboat, speedboat acceleration",
      "mouse clicking",
      "mouse pattering",
      "mouse squeaking",
      "mynah bird singing",
      "ocean burbling",
      "opening or closing car doors",
      "opening or closing car electric windows",
      "opening or closing drawers",
      "orchestra",
      "otter growling",
      "owl hooting",
      "parrot talking",
      "penguins braying",
      "people babbling",
      "people battle cry",
      "people belly laughing",
      "people booing",
      "people burping",
      "people cheering",
      "people clapping",
      "people coughing",
      "people crowd",
      "people eating",
      "people eating apple",
      "people eating crisps",
      "people eating noodle",
      "people farting",
      "people finger snapping",
      "people gargling",
      "people giggling",
      "people hiccup",
      "people humming",
      "people marching",
      "people nose blowing",
      "people running",
      "people screaming",
      "people shuffling",
      "people slapping",
      "people slurping",
      "people sneezing",
      "people sniggering",
      "people sobbing",
      "people whispering",
      "people whistling",
      "pheasant crowing",
      "pig oinking",
      "pigeon, dove cooing",
      "planing timber",
      "plastic bottle crushing",
      "playing accordion",
      "playing acoustic guitar",
      "playing badminton",
      "playing bagpipes",
      "playing banjo",
      "playing bass drum",
      "playing bass guitar",
      "playing bassoon",
      "playing bongo",
      "playing bugle",
      "playing castanets",
      "playing cello",
      "playing clarinet",
      "playing congas",
      "playing cornet",
      "playing cymbal",
      "playing darts",
      "playing didgeridoo",
      "playing djembe",
      "playing double bass",
      "playing drum kit",
      "playing electric guitar",
      "playing electronic organ",
      "playing erhu",
      "playing flute",
      "playing french horn",
      "playing glockenspiel",
      "playing gong",
      "playing guiro",
      "playing hammond organ",
      "playing harmonica",
      "playing harp",
      "playing harpsichord",
      "playing hockey",
      "playing lacrosse",
      "playing mandolin",
      "playing marimba, xylophone",
      "playing oboe",
      "playing piano",
      "playing saxophone",
      "playing shofar",
      "playing sitar",
      "playing snare drum",
      "playing squash",
      "playing steel guitar, slide guitar",
      "playing steelpan",
      "playing synthesizer",
      "playing tabla",
      "playing table tennis",
      "playing tambourine",
      "playing tennis",
      "playing theremin",
      "playing timbales",
      "playing timpani",
      "playing trombone",
      "playing trumpet",
      "playing tuning fork",
      "playing tympani",
      "playing ukulele",
      "playing vibraphone",
      "playing violin, fiddle",
      "playing volleyball",
      "playing washboard",
      "playing zither",
      "police car (siren)",
      "police radio chatter",
      "popping popcorn",
      "printer printing",
      "pumping water",
      "race car, auto racing",
      "railroad car, train wagon",
      "raining",
      "rapping",
      "reversing beeps",
      "ripping paper",
      "roller coaster running",
      "rope skipping",
      "rowboat, canoe, kayak rowing",
      "running electric fan",
      "sailing",
      "scuba diving",
      "sea lion barking",
      "sea waves",
      "sharpen knife",
      "sheep bleating",
      "shot football",
      "singing bowl",
      "singing choir",
      "skateboarding",
      "skidding",
      "skiing",
      "sliding door",
      "sloshing water",
      "slot machine",
      "smoke detector beeping",
      "snake hissing",
      "snake rattling",
      "splashing water",
      "spraying water",
      "squishing water",
      "stream burbling",
      "strike lighter",
      "striking bowling",
      "striking pool",
      "subway, metro, underground",
      "swimming",
      "tap dancing",
      "tapping guitar",
      "telephone bell ringing",
      "thunder",
      "toilet flushing",
      "tornado roaring",
      "tractor digging",
      "train horning",
      "train wheels squealing",
      "train whistling",
      "turkey gobbling",
      "typing on computer keyboard",
      "typing on typewriter",
      "underwater bubbling",
      "using sewing machines",
      "vacuum cleaner cleaning floors",
      "vehicle horn, car horn, honking",
      "volcano explosion",
      "warbler chirping",
      "waterfall burbling",
      "whale calling",
      "wind chime",
      "wind noise",
      "wind rustling leaves",
      "wood thrush calling",
      "woodpecker pecking tree",
      "writing on blackboard with chalk",
      "yodelling",
      "zebra braying"
    ],
    "video_dim": 4096,
    "motion_dim": 1,
    "audio_dim": 4096
  },
  "out_dir": "/home/Hongjie_Zeng/high_order_BM/runs_vggsound_full_AV016_av012_resume_twoport_videolstm4096_audioaf031_lstm4096_h8_g115_lc5_e320_b16"
}
