[2026-06-19 13:37:33] train full audio CNN encoder device=cuda audio_npz=/home/Hongjie_Zeng/high_order_BM/data_vggsound_full/features/vggsound_full_audio_stft128x96_official5s_allclasses_sr16000_n512_o353.npz
[epoch 001] ce=3.1168
[epoch 002] ce=2.2856
[epoch 003] ce=1.9463
[epoch 004] ce=1.6912
[epoch 005] ce=1.4601 train_top1=0.6223 train_top5=0.8824 test_top1=0.2998 test_top5=0.5591
[epoch 006] ce=1.2229
[epoch 007] ce=0.9871
[epoch 008] ce=0.7563
[epoch 009] ce=0.5551
[epoch 010] ce=0.4109 train_top1=0.8458 train_top5=0.9818 test_top1=0.2808 test_top5=0.5281
[epoch 011] ce=0.3112
[epoch 012] ce=0.2584
[epoch 013] ce=0.2156
[epoch 014] ce=0.1962
[epoch 015] ce=0.1760 train_top1=0.9060 train_top5=0.9894 test_top1=0.2802 test_top5=0.5428
[epoch 016] ce=0.1603
[epoch 017] ce=0.1449
[epoch 018] ce=0.1383
[epoch 019] ce=0.1305
[epoch 020] ce=0.1236 train_top1=0.9756 train_top5=0.9983 test_top1=0.3008 test_top5=0.5590
[epoch 021] ce=0.1158
[epoch 022] ce=0.1111
[epoch 023] ce=0.1046
[epoch 024] ce=0.0973
[epoch 025] ce=0.0949 train_top1=0.9856 train_top5=0.9987 test_top1=0.3083 test_top5=0.5586
[epoch 026] ce=0.0947
[epoch 027] ce=0.0895
[epoch 028] ce=0.0884
[epoch 029] ce=0.0819
[epoch 030] ce=0.0832 train_top1=0.9878 train_top5=0.9987 test_top1=0.3019 test_top5=0.5495
[epoch 031] ce=0.0781
[epoch 032] ce=0.0759
[epoch 033] ce=0.0752
[epoch 034] ce=0.0727
[epoch 035] ce=0.0683 train_top1=0.9846 train_top5=0.9979 test_top1=0.3013 test_top5=0.5458
[epoch 036] ce=0.0705
[epoch 037] ce=0.0673
[epoch 038] ce=0.0678
[epoch 039] ce=0.0651
[epoch 040] ce=0.0637 train_top1=0.9893 train_top5=0.9987 test_top1=0.3000 test_top5=0.5510
[epoch 041] ce=0.0622
[epoch 042] ce=0.0605
[epoch 043] ce=0.0634
[epoch 044] ce=0.0580
[epoch 045] ce=0.0587 train_top1=0.9899 train_top5=0.9987 test_top1=0.3013 test_top5=0.5500
[epoch 046] ce=0.0568
[epoch 047] ce=0.0565
[epoch 048] ce=0.0554
[epoch 049] ce=0.0564
[epoch 050] ce=0.0554 train_top1=0.9946 train_top5=0.9984 test_top1=0.3092 test_top5=0.5564
[epoch 051] ce=0.0485
[epoch 052] ce=0.0533
[epoch 053] ce=0.0549
[epoch 054] ce=0.0521
[epoch 055] ce=0.0489 train_top1=0.9895 train_top5=0.9984 test_top1=0.2970 test_top5=0.5459
[epoch 056] ce=0.0500
[epoch 057] ce=0.0484
[epoch 058] ce=0.0469
[epoch 059] ce=0.0458
[epoch 060] ce=0.0459 train_top1=0.9927 train_top5=0.9987 test_top1=0.2994 test_top5=0.5421
{
  "experiment_id": "ACF001",
  "created_at": "2026-06-19 14:05:52",
  "audio_npz": "/home/Hongjie_Zeng/high_order_BM/data_vggsound_full/features/vggsound_full_audio_stft128x96_official5s_allclasses_sr16000_n512_o353.npz",
  "out_npz": "/home/Hongjie_Zeng/high_order_BM/data_vggsound_full/features/vggsound_full_audio_cnn2048_stft128x96_per_dim_zscore_sigmoid_seed123.npz",
  "out_history": "/home/Hongjie_Zeng/high_order_BM/data_vggsound_full/features/vggsound_full_audio_cnn2048_stft128x96_per_dim_zscore_sigmoid_seed123_history.json",
  "out_ckpt_last": "/home/Hongjie_Zeng/high_order_BM/data_vggsound_full/features/vggsound_full_audio_cnn2048_stft128x96_per_dim_zscore_sigmoid_seed123_teacher.pt",
  "out_ckpt_best": "/home/Hongjie_Zeng/high_order_BM/data_vggsound_full/features/vggsound_full_audio_cnn2048_stft128x96_per_dim_zscore_sigmoid_seed123_teacher_best.pt",
  "teacher_best_epoch": 50,
  "teacher_best_test_top1": 0.3091715012059188,
  "teacher_best_test_acc": 0.3091715012059188,
  "embedding_dim": 2048,
  "cnn_width": 32,
  "normalize": "per_dim_zscore_sigmoid",
  "normalization_params_summary": {
    "mode": "per_dim_zscore_sigmoid",
    "mu_mean": 0.1927124261856079,
    "sd_mean": 0.44858497381210327
  },
  "train_size": 182615,
  "test_size": 15341,
  "num_classes": 309,
  "class_names": [
    "air conditioning noise",
    "air horn",
    "airplane",
    "airplane flyby",
    "alarm clock ringing",
    "alligators, crocodiles hissing",
    "ambulance siren",
    "arc welding",
    "baby babbling",
    "baby crying",
    "baby laughter",
    "baltimore oriole calling",
    "barn swallow calling",
    "basketball bounce",
    "bathroom ventilation fan running",
    "beat boxing",
    "bee, wasp, etc. buzzing",
    "bird chirping, tweeting",
    "bird squawking",
    "bird wings flapping",
    "black capped chickadee calling",
    "blowtorch igniting",
    "bouncing on trampoline",
    "bowling impact",
    "bull bellowing",
    "canary calling",
    "cap gun shooting",
    "car engine idling",
    "car engine knocking",
    "car engine starting",
    "car passing by",
    "cat caterwauling",
    "cat growling",
    "cat hissing",
    "cat meowing",
    "cat purring",
    "cattle mooing",
    "cattle, bovinae cowbell",
    "cell phone buzzing",
    "chainsawing trees",
    "cheetah chirrup",
    "chicken clucking",
    "chicken crowing",
    "child singing",
    "child speech, kid speaking",
    "children shouting",
    "chimpanzee pant-hooting",
    "chinchilla barking",
    "chipmunk chirping",
    "chopping food",
    "chopping wood",
    "church bell ringing",
    "civil defense siren",
    "cow lowing",
    "coyote howling",
    "cricket chirping",
    "crow cawing",
    "cuckoo bird calling",
    "cupboard opening or closing",
    "cutting hair with electric trimmers",
    "dinosaurs bellowing",
    "disc scratching",
    "dog barking",
    "dog baying",
    "dog bow-wow",
    "dog growling",
    "dog howling",
    "dog whimpering",
    "donkey, ass braying",
    "door slamming",
    "driving buses",
    "driving motorcycle",
    "driving snowmobile",
    "duck quacking",
    "eagle screaming",
    "eating with cutlery",
    "electric grinder grinding",
    "electric shaver, electric razor shaving",
    "elephant trumpeting",
    "eletric blender running",
    "elk bugling",
    "engine accelerating, revving, vroom",
    "female singing",
    "female speech, woman speaking",
    "ferret dooking",
    "fire crackling",
    "fire truck siren",
    "fireworks banging",
    "firing cannon",
    "firing muskets",
    "fly, housefly buzzing",
    "foghorn",
    "footsteps on snow",
    "forging swords",
    "fox barking",
    "francolin calling",
    "frog croaking",
    "gibbon howling",
    "goat bleating",
    "golf driving",
    "goose honking",
    "hail",
    "hair dryer drying",
    "hammering nails",
    "heart sounds, heartbeat",
    "hedge trimmer running",
    "helicopter",
    "horse clip-clop",
    "horse neighing",
    "ice cracking",
    "ice cream truck, ice cream van",
    "lathe spinning",
    "lawn mowing",
    "lighting firecrackers",
    "lions growling",
    "lions roaring",
    "lip smacking",
    "machine gun shooting",
    "magpie calling",
    "male singing",
    "male speech, man speaking",
    "metronome",
    "missile launch",
    "mosquito buzzing",
    "motorboat, speedboat acceleration",
    "mouse clicking",
    "mouse pattering",
    "mouse squeaking",
    "mynah bird singing",
    "ocean burbling",
    "opening or closing car doors",
    "opening or closing car electric windows",
    "opening or closing drawers",
    "orchestra",
    "otter growling",
    "owl hooting",
    "parrot talking",
    "penguins braying",
    "people babbling",
    "people battle cry",
    "people belly laughing",
    "people booing",
    "people burping",
    "people cheering",
    "people clapping",
    "people coughing",
    "people crowd",
    "people eating",
    "people eating apple",
    "people eating crisps",
    "people eating noodle",
    "people farting",
    "people finger snapping",
    "people gargling",
    "people giggling",
    "people hiccup",
    "people humming",
    "people marching",
    "people nose blowing",
    "people running",
    "people screaming",
    "people shuffling",
    "people slapping",
    "people slurping",
    "people sneezing",
    "people sniggering",
    "people sobbing",
    "people whispering",
    "people whistling",
    "pheasant crowing",
    "pig oinking",
    "pigeon, dove cooing",
    "planing timber",
    "plastic bottle crushing",
    "playing accordion",
    "playing acoustic guitar",
    "playing badminton",
    "playing bagpipes",
    "playing banjo",
    "playing bass drum",
    "playing bass guitar",
    "playing bassoon",
    "playing bongo",
    "playing bugle",
    "playing castanets",
    "playing cello",
    "playing clarinet",
    "playing congas",
    "playing cornet",
    "playing cymbal",
    "playing darts",
    "playing didgeridoo",
    "playing djembe",
    "playing double bass",
    "playing drum kit",
    "playing electric guitar",
    "playing electronic organ",
    "playing erhu",
    "playing flute",
    "playing french horn",
    "playing glockenspiel",
    "playing gong",
    "playing guiro",
    "playing hammond organ",
    "playing harmonica",
    "playing harp",
    "playing harpsichord",
    "playing hockey",
    "playing lacrosse",
    "playing mandolin",
    "playing marimba, xylophone",
    "playing oboe",
    "playing piano",
    "playing saxophone",
    "playing shofar",
    "playing sitar",
    "playing snare drum",
    "playing squash",
    "playing steel guitar, slide guitar",
    "playing steelpan",
    "playing synthesizer",
    "playing tabla",
    "playing table tennis",
    "playing tambourine",
    "playing tennis",
    "playing theremin",
    "playing timbales",
    "playing timpani",
    "playing trombone",
    "playing trumpet",
    "playing tuning fork",
    "playing tympani",
    "playing ukulele",
    "playing vibraphone",
    "playing violin, fiddle",
    "playing volleyball",
    "playing washboard",
    "playing zither",
    "police car (siren)",
    "police radio chatter",
    "popping popcorn",
    "printer printing",
    "pumping water",
    "race car, auto racing",
    "railroad car, train wagon",
    "raining",
    "rapping",
    "reversing beeps",
    "ripping paper",
    "roller coaster running",
    "rope skipping",
    "rowboat, canoe, kayak rowing",
    "running electric fan",
    "sailing",
    "scuba diving",
    "sea lion barking",
    "sea waves",
    "sharpen knife",
    "sheep bleating",
    "shot football",
    "singing bowl",
    "singing choir",
    "skateboarding",
    "skidding",
    "skiing",
    "sliding door",
    "sloshing water",
    "slot machine",
    "smoke detector beeping",
    "snake hissing",
    "snake rattling",
    "splashing water",
    "spraying water",
    "squishing water",
    "stream burbling",
    "strike lighter",
    "striking bowling",
    "striking pool",
    "subway, metro, underground",
    "swimming",
    "tap dancing",
    "tapping guitar",
    "telephone bell ringing",
    "thunder",
    "toilet flushing",
    "tornado roaring",
    "tractor digging",
    "train horning",
    "train wheels squealing",
    "train whistling",
    "turkey gobbling",
    "typing on computer keyboard",
    "typing on typewriter",
    "underwater bubbling",
    "using sewing machines",
    "vacuum cleaner cleaning floors",
    "vehicle horn, car horn, honking",
    "volcano explosion",
    "warbler chirping",
    "waterfall burbling",
    "whale calling",
    "wind chime",
    "wind noise",
    "wind rustling leaves",
    "wood thrush calling",
    "woodpecker pecking tree",
    "writing on blackboard with chalk",
    "yodelling",
    "zebra braying"
  ],
  "note": "Embeddings are supervised audio CNN features from STFT inputs. Final BM eval uses train_vggsound_mini20_bm.py with input_mode=audio."
}
