[data] train=182615 test=15341 classes=309 video=4096 motion=1 audio=4096 device=cuda
[model] twoport A=audio:4096 O=video:4096 label=1545 hidden=32768 total=38409
[epoch 001] loss=-565.6801 short_acc=0.0032
[epoch 002] loss=-3.7058 short_acc=0.0035
[epoch 003] loss=-1.7576 short_acc=0.0041
[epoch 004] loss=-0.8455 short_acc=0.0042
[epoch 005] loss=-0.6871 short_acc=0.0046 quick_test_acc=0.0122 ent=5.5612
[epoch 006] loss=-0.6364 short_acc=0.0047
[epoch 007] loss=-0.7730 short_acc=0.0049
[epoch 008] loss=-1.0467 short_acc=0.0051
[epoch 009] loss=-0.8533 short_acc=0.0058
[epoch 010] loss=-1.0244 short_acc=0.0058 quick_test_acc=0.0316 ent=5.5464
[epoch 011] loss=-1.3757 short_acc=0.0058
[epoch 012] loss=-1.1958 short_acc=0.0057
[epoch 013] loss=-1.3521 short_acc=0.0061
[epoch 014] loss=-1.5481 short_acc=0.0063
[epoch 015] loss=-1.6919 short_acc=0.0068 quick_test_acc=0.0611 ent=5.5423
[epoch 016] loss=-1.6283 short_acc=0.0066
[epoch 017] loss=-2.0545 short_acc=0.0069
[epoch 018] loss=-1.8701 short_acc=0.0074
[epoch 019] loss=-2.1376 short_acc=0.0075
[epoch 020] loss=-2.4324 short_acc=0.0079 quick_test_acc=0.0941 ent=5.5386
[epoch 021] loss=-2.2818 short_acc=0.0080
[epoch 022] loss=-2.5306 short_acc=0.0088
[epoch 023] loss=-2.8640 short_acc=0.0088
[epoch 024] loss=-2.8102 short_acc=0.0093
[epoch 025] loss=-2.7998 short_acc=0.0099 quick_test_acc=0.1235 ent=5.5325
[epoch 026] loss=-3.1982 short_acc=0.0102
[epoch 027] loss=-3.2118 short_acc=0.0106
[epoch 028] loss=-3.2430 short_acc=0.0111
[epoch 029] loss=-3.5503 short_acc=0.0117
[epoch 030] loss=-3.4857 short_acc=0.0124 quick_test_acc=0.1479 ent=5.5249
[epoch 031] loss=-3.3397 short_acc=0.0135
[epoch 032] loss=-3.6076 short_acc=0.0139
[epoch 033] loss=-3.9338 short_acc=0.0145
[epoch 034] loss=-3.9079 short_acc=0.0156
[epoch 035] loss=-4.2299 short_acc=0.0166 quick_test_acc=0.1650 ent=5.5136
[epoch 036] loss=-4.3010 short_acc=0.0180
[epoch 037] loss=-4.4744 short_acc=0.0187
[epoch 038] loss=-4.3936 short_acc=0.0196
[epoch 039] loss=-4.5858 short_acc=0.0207
[epoch 040] loss=-4.7395 short_acc=0.0225 quick_test_acc=0.1825 ent=5.4968
[epoch 041] loss=-4.8809 short_acc=0.0241
[epoch 042] loss=-4.9330 short_acc=0.0245
[epoch 043] loss=-5.1155 short_acc=0.0260
[epoch 044] loss=-5.2806 short_acc=0.0279
[epoch 045] loss=-5.4717 short_acc=0.0297 quick_test_acc=0.1961 ent=5.4754
[epoch 046] loss=-5.7105 short_acc=0.0321
[epoch 047] loss=-5.6426 short_acc=0.0339
[epoch 048] loss=-5.6167 short_acc=0.0361
[epoch 049] loss=-5.7717 short_acc=0.0379
[epoch 050] loss=-5.8656 short_acc=0.0406 quick_test_acc=0.2089 ent=5.4470
[epoch 051] loss=-6.0903 short_acc=0.0432
[epoch 052] loss=-5.9653 short_acc=0.0456
[epoch 053] loss=-6.0498 short_acc=0.0486
[epoch 054] loss=-6.2353 short_acc=0.0507
[epoch 055] loss=-6.3835 short_acc=0.0532 quick_test_acc=0.2178 ent=5.4138
[epoch 056] loss=-6.4583 short_acc=0.0566
[epoch 057] loss=-6.7224 short_acc=0.0594
[epoch 058] loss=-6.6557 short_acc=0.0630
[epoch 059] loss=-6.7815 short_acc=0.0664
[epoch 060] loss=-7.2047 short_acc=0.0697 quick_test_acc=0.2272 ent=5.3695
[epoch 061] loss=-7.2177 short_acc=0.0733
[epoch 062] loss=-6.9691 short_acc=0.0771
[epoch 063] loss=-7.3582 short_acc=0.0816
[epoch 064] loss=-7.2387 short_acc=0.0839
[epoch 065] loss=-7.6401 short_acc=0.0878 quick_test_acc=0.2366 ent=5.3237
[epoch 066] loss=-7.4676 short_acc=0.0911
[epoch 067] loss=-7.7496 short_acc=0.0958
[epoch 068] loss=-7.5607 short_acc=0.0997
[epoch 069] loss=-7.7728 short_acc=0.1049
[epoch 070] loss=-7.7986 short_acc=0.1088 quick_test_acc=0.2448 ent=5.2665
[epoch 071] loss=-8.2485 short_acc=0.1113
[epoch 072] loss=-7.9223 short_acc=0.1159
[epoch 073] loss=-8.3531 short_acc=0.1216
[epoch 074] loss=-8.3293 short_acc=0.1245
[epoch 075] loss=-8.3512 short_acc=0.1298 quick_test_acc=0.2512 ent=5.2042
[epoch 076] loss=-8.4132 short_acc=0.1342
[epoch 077] loss=-8.4576 short_acc=0.1388
[epoch 078] loss=-8.5858 short_acc=0.1418
[epoch 079] loss=-8.5749 short_acc=0.1470
[epoch 080] loss=-8.6724 short_acc=0.1500 quick_test_acc=0.2584 ent=5.1372
[epoch 081] loss=-8.7685 short_acc=0.1560
[epoch 082] loss=-8.9667 short_acc=0.1603
[epoch 083] loss=-8.8943 short_acc=0.1655
[epoch 084] loss=-8.9776 short_acc=0.1677
[epoch 085] loss=-9.0778 short_acc=0.1734 quick_test_acc=0.2648 ent=5.0615
[epoch 086] loss=-9.1136 short_acc=0.1781
[epoch 087] loss=-8.9536 short_acc=0.1829
[epoch 088] loss=-9.2097 short_acc=0.1863
[epoch 089] loss=-9.1964 short_acc=0.1894
[epoch 090] loss=-9.2099 short_acc=0.1945 quick_test_acc=0.2710 ent=4.9884
[epoch 091] loss=-9.3392 short_acc=0.1994
[epoch 092] loss=-9.4540 short_acc=0.2026
[epoch 093] loss=-9.4125 short_acc=0.2071
[epoch 094] loss=-9.3548 short_acc=0.2118
[epoch 095] loss=-9.4403 short_acc=0.2142 quick_test_acc=0.2770 ent=4.9075
[epoch 096] loss=-9.4932 short_acc=0.2201
[epoch 097] loss=-9.5042 short_acc=0.2240
[epoch 098] loss=-9.7304 short_acc=0.2279
[epoch 099] loss=-9.6817 short_acc=0.2319
[epoch 100] loss=-9.7646 short_acc=0.2363 quick_test_acc=0.2793 ent=4.8270
[epoch 101] loss=-9.7020 short_acc=0.2394
[epoch 102] loss=-9.6966 short_acc=0.2426
[epoch 103] loss=-9.6674 short_acc=0.2475
[epoch 104] loss=-9.8314 short_acc=0.2517
[epoch 105] loss=-9.7427 short_acc=0.2552 quick_test_acc=0.2841 ent=4.7492
[epoch 106] loss=-9.9308 short_acc=0.2599
[epoch 107] loss=-10.0029 short_acc=0.2619
[epoch 108] loss=-10.1244 short_acc=0.2641
[epoch 109] loss=-10.3161 short_acc=0.2700
[epoch 110] loss=-10.2760 short_acc=0.2733 quick_test_acc=0.2899 ent=4.6629
[epoch 111] loss=-10.0330 short_acc=0.2758
[epoch 112] loss=-10.1701 short_acc=0.2799
[epoch 113] loss=-10.0347 short_acc=0.2823
[epoch 114] loss=-10.2449 short_acc=0.2879
[epoch 115] loss=-10.1254 short_acc=0.2895 quick_test_acc=0.2929 ent=4.5842
[epoch 116] loss=-10.6155 short_acc=0.2934
[epoch 117] loss=-10.5039 short_acc=0.2957
[epoch 118] loss=-10.4728 short_acc=0.3005
[epoch 119] loss=-10.6988 short_acc=0.3027
[epoch 120] loss=-10.3999 short_acc=0.3045 quick_test_acc=0.2947 ent=4.4963
[epoch 121] loss=-10.3348 short_acc=0.3092
[epoch 122] loss=-10.6717 short_acc=0.3121
[epoch 123] loss=-10.6944 short_acc=0.3157
[epoch 124] loss=-10.6714 short_acc=0.3187
[epoch 125] loss=-10.7068 short_acc=0.3195 quick_test_acc=0.2954 ent=4.4239
[epoch 126] loss=-10.7258 short_acc=0.3243
[epoch 127] loss=-10.8516 short_acc=0.3271
[epoch 128] loss=-10.7742 short_acc=0.3278
[epoch 129] loss=-10.7596 short_acc=0.3330
[epoch 130] loss=-10.8299 short_acc=0.3361 quick_test_acc=0.3009 ent=4.3428
[epoch 131] loss=-11.1114 short_acc=0.3383
[epoch 132] loss=-10.9214 short_acc=0.3407
[epoch 133] loss=-11.0135 short_acc=0.3431
[epoch 134] loss=-10.8668 short_acc=0.3469
[epoch 135] loss=-11.0702 short_acc=0.3489 quick_test_acc=0.3044 ent=4.2652
[epoch 136] loss=-11.2240 short_acc=0.3514
[epoch 137] loss=-11.1301 short_acc=0.3536
[epoch 138] loss=-11.3749 short_acc=0.3565
[epoch 139] loss=-11.3316 short_acc=0.3588
[epoch 140] loss=-11.4961 short_acc=0.3600 quick_test_acc=0.3051 ent=4.1808
[epoch 141] loss=-11.3124 short_acc=0.3636
[epoch 142] loss=-11.3616 short_acc=0.3647
[epoch 143] loss=-11.4447 short_acc=0.3685
[epoch 144] loss=-11.5686 short_acc=0.3698
[epoch 145] loss=-11.5124 short_acc=0.3730 quick_test_acc=0.3097 ent=4.1099
[epoch 146] loss=-11.5943 short_acc=0.3758
[epoch 147] loss=-11.7502 short_acc=0.3779
[epoch 148] loss=-11.5175 short_acc=0.3793
[epoch 149] loss=-11.8373 short_acc=0.3808
[epoch 150] loss=-11.9683 short_acc=0.3832 quick_test_acc=0.3087 ent=4.0258
[epoch 151] loss=-11.8831 short_acc=0.3847
[epoch 152] loss=-12.1364 short_acc=0.3865
[epoch 153] loss=-11.9838 short_acc=0.3903
[epoch 154] loss=-12.3196 short_acc=0.3913
[epoch 155] loss=-12.0348 short_acc=0.3940 quick_test_acc=0.3106 ent=3.9475
[epoch 156] loss=-12.1989 short_acc=0.3959
[epoch 157] loss=-12.1982 short_acc=0.3985
[epoch 158] loss=-12.2937 short_acc=0.3992
[epoch 159] loss=-12.4694 short_acc=0.4010
[epoch 160] loss=-12.5753 short_acc=0.4040 quick_test_acc=0.3120 ent=3.8752
[epoch 161] loss=-12.6527 short_acc=0.4058
[epoch 162] loss=-12.6963 short_acc=0.4064
[epoch 163] loss=-12.8499 short_acc=0.4085
[epoch 164] loss=-12.8962 short_acc=0.4089
[epoch 165] loss=-12.9074 short_acc=0.4116 quick_test_acc=0.3133 ent=3.8055
[epoch 166] loss=-13.0212 short_acc=0.4127
[epoch 167] loss=-13.0983 short_acc=0.4141
[epoch 168] loss=-13.1517 short_acc=0.4170
[epoch 169] loss=-13.0630 short_acc=0.4191
[epoch 170] loss=-13.0758 short_acc=0.4190 quick_test_acc=0.3139 ent=3.7309
[epoch 171] loss=-13.2997 short_acc=0.4225
[epoch 172] loss=-13.5175 short_acc=0.4215
[epoch 173] loss=-13.5225 short_acc=0.4254
[epoch 174] loss=-13.7973 short_acc=0.4251
[epoch 175] loss=-13.6847 short_acc=0.4259 quick_test_acc=0.3173 ent=3.6652
[epoch 176] loss=-13.9508 short_acc=0.4290
[epoch 177] loss=-13.9278 short_acc=0.4309
[epoch 178] loss=-14.1998 short_acc=0.4324
[epoch 179] loss=-14.1591 short_acc=0.4335
[epoch 180] loss=-14.3137 short_acc=0.4353 quick_test_acc=0.3161 ent=3.5902
[epoch 181] loss=-14.3272 short_acc=0.4359
[epoch 182] loss=-14.3576 short_acc=0.4360
[epoch 183] loss=-14.6624 short_acc=0.4387
[epoch 184] loss=-14.6036 short_acc=0.4380
[epoch 185] loss=-14.8263 short_acc=0.4413 quick_test_acc=0.3182 ent=3.5273
[epoch 186] loss=-14.7702 short_acc=0.4412
[epoch 187] loss=-15.1271 short_acc=0.4417
[epoch 188] loss=-15.1713 short_acc=0.4440
[epoch 189] loss=-15.4135 short_acc=0.4444
[epoch 190] loss=-15.1192 short_acc=0.4469 quick_test_acc=0.3193 ent=3.4685
[epoch 191] loss=-15.4066 short_acc=0.4459
[epoch 192] loss=-15.5139 short_acc=0.4483
[epoch 193] loss=-15.6642 short_acc=0.4504
[epoch 194] loss=-15.9174 short_acc=0.4520
[epoch 195] loss=-16.0633 short_acc=0.4535 quick_test_acc=0.3193 ent=3.4037
[epoch 196] loss=-16.0993 short_acc=0.4538
[epoch 197] loss=-16.4239 short_acc=0.4551
[epoch 198] loss=-16.3844 short_acc=0.4551
[epoch 199] loss=-16.4647 short_acc=0.4565
[epoch 200] loss=-16.3873 short_acc=0.4577 quick_test_acc=0.3198 ent=3.3393
[epoch 201] loss=-16.8642 short_acc=0.4571
[epoch 202] loss=-16.9787 short_acc=0.4596
[epoch 203] loss=-17.2664 short_acc=0.4590
[epoch 204] loss=-16.9352 short_acc=0.4633
[epoch 205] loss=-17.4625 short_acc=0.4620 quick_test_acc=0.3212 ent=3.2872
[epoch 206] loss=-17.4200 short_acc=0.4627
[epoch 207] loss=-17.6772 short_acc=0.4621
[epoch 208] loss=-17.7187 short_acc=0.4643
[epoch 209] loss=-17.9196 short_acc=0.4646
[epoch 210] loss=-18.0786 short_acc=0.4660 quick_test_acc=0.3208 ent=3.2334
[epoch 211] loss=-18.1260 short_acc=0.4669
[epoch 212] loss=-18.4411 short_acc=0.4672
[epoch 213] loss=-18.6280 short_acc=0.4689
[epoch 214] loss=-18.5666 short_acc=0.4702
[epoch 215] loss=-18.8535 short_acc=0.4684 quick_test_acc=0.3218 ent=3.1902
[epoch 216] loss=-19.1507 short_acc=0.4701
[epoch 217] loss=-19.2536 short_acc=0.4712
[epoch 218] loss=-19.2297 short_acc=0.4717
[epoch 219] loss=-19.6101 short_acc=0.4721
[epoch 220] loss=-19.7604 short_acc=0.4732 quick_test_acc=0.3231 ent=3.1540
[epoch 221] loss=-20.0067 short_acc=0.4734
[epoch 222] loss=-20.0369 short_acc=0.4756
[epoch 223] loss=-20.2219 short_acc=0.4750
[epoch 224] loss=-20.3692 short_acc=0.4732
[epoch 225] loss=-20.5981 short_acc=0.4764 quick_test_acc=0.3266 ent=3.1233
[epoch 226] loss=-20.7834 short_acc=0.4761
[epoch 227] loss=-21.0865 short_acc=0.4774
[epoch 228] loss=-21.0371 short_acc=0.4765
[epoch 229] loss=-21.1402 short_acc=0.4780
[epoch 230] loss=-21.4542 short_acc=0.4780 quick_test_acc=0.3279 ent=3.1004
[epoch 231] loss=-21.6210 short_acc=0.4778
[epoch 232] loss=-21.8616 short_acc=0.4795
[epoch 233] loss=-21.8382 short_acc=0.4794
[epoch 234] loss=-22.1202 short_acc=0.4794
[epoch 235] loss=-22.1406 short_acc=0.4808 quick_test_acc=0.3315 ent=3.0799
[epoch 236] loss=-22.5306 short_acc=0.4810
[epoch 237] loss=-22.6673 short_acc=0.4821
[epoch 238] loss=-22.9065 short_acc=0.4815
[epoch 239] loss=-22.9321 short_acc=0.4835
[epoch 240] loss=-23.0923 short_acc=0.4823 quick_test_acc=0.3348 ent=3.0743
[epoch 241] loss=-23.1888 short_acc=0.4835
[epoch 242] loss=-23.5555 short_acc=0.4833
[epoch 243] loss=-23.5975 short_acc=0.4846
[epoch 244] loss=-23.5222 short_acc=0.4857
[epoch 245] loss=-23.9134 short_acc=0.4861 quick_test_acc=0.3371 ent=3.0533
[epoch 246] loss=-24.1323 short_acc=0.4885
[epoch 247] loss=-24.2068 short_acc=0.4873
[epoch 248] loss=-24.5090 short_acc=0.4880
[epoch 249] loss=-24.5444 short_acc=0.4891
[epoch 250] loss=-24.8131 short_acc=0.4892 quick_test_acc=0.3420 ent=3.0325
[epoch 251] loss=-24.7984 short_acc=0.4909
[epoch 252] loss=-25.0258 short_acc=0.4899
[epoch 253] loss=-25.0716 short_acc=0.4913
[epoch 254] loss=-25.1834 short_acc=0.4933
[epoch 255] loss=-25.3137 short_acc=0.4931 quick_test_acc=0.3452 ent=3.0211
[epoch 256] loss=-25.4578 short_acc=0.4954
[epoch 257] loss=-25.8033 short_acc=0.4942
[epoch 258] loss=-26.0113 short_acc=0.4947
[epoch 259] loss=-26.0960 short_acc=0.4961
[epoch 260] loss=-26.3977 short_acc=0.4953 quick_test_acc=0.3463 ent=2.9931
[epoch 261] loss=-26.5801 short_acc=0.4970
[epoch 262] loss=-26.6880 short_acc=0.4976
[epoch 263] loss=-26.7382 short_acc=0.4982
[epoch 264] loss=-27.0443 short_acc=0.4983
[epoch 265] loss=-26.9540 short_acc=0.4985 quick_test_acc=0.3492 ent=2.9863
[epoch 266] loss=-27.0976 short_acc=0.5022
[epoch 267] loss=-27.3143 short_acc=0.5003
[epoch 268] loss=-27.3792 short_acc=0.5019
[epoch 269] loss=-27.5422 short_acc=0.5023
[epoch 270] loss=-27.8234 short_acc=0.5012 quick_test_acc=0.3510 ent=2.9684
[epoch 271] loss=-27.9063 short_acc=0.5025
[epoch 272] loss=-27.9760 short_acc=0.5025
[epoch 273] loss=-28.2142 short_acc=0.5033
[epoch 274] loss=-28.1911 short_acc=0.5047
[epoch 275] loss=-28.4388 short_acc=0.5064 quick_test_acc=0.3556 ent=2.9526
[epoch 276] loss=-28.4805 short_acc=0.5062
[epoch 277] loss=-28.6090 short_acc=0.5068
[epoch 278] loss=-28.8974 short_acc=0.5077
[epoch 279] loss=-28.9327 short_acc=0.5075
[epoch 280] loss=-28.7839 short_acc=0.5081 quick_test_acc=0.3578 ent=2.9375
[epoch 281] loss=-29.1311 short_acc=0.5110
[epoch 282] loss=-29.1853 short_acc=0.5115
[epoch 283] loss=-29.4417 short_acc=0.5101
[epoch 284] loss=-29.6412 short_acc=0.5135
[epoch 285] loss=-29.6034 short_acc=0.5132 quick_test_acc=0.3604 ent=2.9148
[epoch 286] loss=-29.7057 short_acc=0.5127
[epoch 287] loss=-29.8370 short_acc=0.5152
[epoch 288] loss=-30.0815 short_acc=0.5163
[epoch 289] loss=-30.1915 short_acc=0.5155
[epoch 290] loss=-30.3214 short_acc=0.5151 quick_test_acc=0.3611 ent=2.8833
[epoch 291] loss=-30.3173 short_acc=0.5177
[epoch 292] loss=-30.3978 short_acc=0.5158
[epoch 293] loss=-30.5003 short_acc=0.5174
[epoch 294] loss=-30.6172 short_acc=0.5200
[epoch 295] loss=-30.5594 short_acc=0.5187 quick_test_acc=0.3650 ent=2.8662
[epoch 296] loss=-30.8300 short_acc=0.5185
[epoch 297] loss=-30.9207 short_acc=0.5203
[epoch 298] loss=-30.9135 short_acc=0.5218
[epoch 299] loss=-31.0882 short_acc=0.5230
[epoch 300] loss=-31.1903 short_acc=0.5237 quick_test_acc=0.3653 ent=2.8433
[epoch 301] loss=-31.3303 short_acc=0.5230
[epoch 302] loss=-31.3165 short_acc=0.5243
[epoch 303] loss=-31.4299 short_acc=0.5242
[epoch 304] loss=-31.5972 short_acc=0.5260
[epoch 305] loss=-31.5314 short_acc=0.5265 quick_test_acc=0.3648 ent=2.8211
[epoch 306] loss=-31.7821 short_acc=0.5272
[epoch 307] loss=-31.5774 short_acc=0.5280
[epoch 308] loss=-31.8402 short_acc=0.5278
[epoch 309] loss=-31.9448 short_acc=0.5295
[epoch 310] loss=-31.9494 short_acc=0.5297 quick_test_acc=0.3657 ent=2.7861
[epoch 311] loss=-32.2688 short_acc=0.5300
[epoch 312] loss=-32.4790 short_acc=0.5304
[epoch 313] loss=-32.4112 short_acc=0.5330
[epoch 314] loss=-32.4868 short_acc=0.5314
[epoch 315] loss=-32.3163 short_acc=0.5349 quick_test_acc=0.3696 ent=2.7684
[epoch 316] loss=-32.3964 short_acc=0.5343
[epoch 317] loss=-32.6111 short_acc=0.5349
[epoch 318] loss=-32.7578 short_acc=0.5348
[epoch 319] loss=-32.6988 short_acc=0.5342
[epoch 320] loss=-32.7138 short_acc=0.5359 quick_test_acc=0.3704 ent=2.7450
[full_eval_best] {
  "created_at": "2026-06-22 16:50:12",
  "ckpt": "/home/Hongjie_Zeng/high_order_BM/runs_vggsound_full_AV003_twoport_videolstm4096_audiocnnlstm4096_h8_g050_lc5_e320/best.pt",
  "ckpt_epoch": 320,
  "ckpt_best_acc": 0.37044521217652043,
  "eval_steps": 3000,
  "eval_burn_in": 500,
  "eval_thin": 2,
  "test_label_gibbs_acc": 0.3712926145622841,
  "test_label_entropy": 2.7740073084831236,
  "computed_dims": {
    "image_dim": 4096,
    "audio_dim": 4096,
    "label_dim": 1545,
    "hidden_dim": 32768,
    "total_pbits": 38409,
    "num_classes": 309
  },
  "data_dims": {
    "feature_npz": "/home/Hongjie_Zeng/high_order_BM/data_vggsound_full/features/vggsound_full_aligned_videolstm4096_audiocnnlstm4096_seed123.npz",
    "train_size": 182615,
    "test_size": 15341,
    "num_classes": 309,
    "class_names": [
      "air conditioning noise",
      "air horn",
      "airplane",
      "airplane flyby",
      "alarm clock ringing",
      "alligators, crocodiles hissing",
      "ambulance siren",
      "arc welding",
      "baby babbling",
      "baby crying",
      "baby laughter",
      "baltimore oriole calling",
      "barn swallow calling",
      "basketball bounce",
      "bathroom ventilation fan running",
      "beat boxing",
      "bee, wasp, etc. buzzing",
      "bird chirping, tweeting",
      "bird squawking",
      "bird wings flapping",
      "black capped chickadee calling",
      "blowtorch igniting",
      "bouncing on trampoline",
      "bowling impact",
      "bull bellowing",
      "canary calling",
      "cap gun shooting",
      "car engine idling",
      "car engine knocking",
      "car engine starting",
      "car passing by",
      "cat caterwauling",
      "cat growling",
      "cat hissing",
      "cat meowing",
      "cat purring",
      "cattle mooing",
      "cattle, bovinae cowbell",
      "cell phone buzzing",
      "chainsawing trees",
      "cheetah chirrup",
      "chicken clucking",
      "chicken crowing",
      "child singing",
      "child speech, kid speaking",
      "children shouting",
      "chimpanzee pant-hooting",
      "chinchilla barking",
      "chipmunk chirping",
      "chopping food",
      "chopping wood",
      "church bell ringing",
      "civil defense siren",
      "cow lowing",
      "coyote howling",
      "cricket chirping",
      "crow cawing",
      "cuckoo bird calling",
      "cupboard opening or closing",
      "cutting hair with electric trimmers",
      "dinosaurs bellowing",
      "disc scratching",
      "dog barking",
      "dog baying",
      "dog bow-wow",
      "dog growling",
      "dog howling",
      "dog whimpering",
      "donkey, ass braying",
      "door slamming",
      "driving buses",
      "driving motorcycle",
      "driving snowmobile",
      "duck quacking",
      "eagle screaming",
      "eating with cutlery",
      "electric grinder grinding",
      "electric shaver, electric razor shaving",
      "elephant trumpeting",
      "eletric blender running",
      "elk bugling",
      "engine accelerating, revving, vroom",
      "female singing",
      "female speech, woman speaking",
      "ferret dooking",
      "fire crackling",
      "fire truck siren",
      "fireworks banging",
      "firing cannon",
      "firing muskets",
      "fly, housefly buzzing",
      "foghorn",
      "footsteps on snow",
      "forging swords",
      "fox barking",
      "francolin calling",
      "frog croaking",
      "gibbon howling",
      "goat bleating",
      "golf driving",
      "goose honking",
      "hail",
      "hair dryer drying",
      "hammering nails",
      "heart sounds, heartbeat",
      "hedge trimmer running",
      "helicopter",
      "horse clip-clop",
      "horse neighing",
      "ice cracking",
      "ice cream truck, ice cream van",
      "lathe spinning",
      "lawn mowing",
      "lighting firecrackers",
      "lions growling",
      "lions roaring",
      "lip smacking",
      "machine gun shooting",
      "magpie calling",
      "male singing",
      "male speech, man speaking",
      "metronome",
      "missile launch",
      "mosquito buzzing",
      "motorboat, speedboat acceleration",
      "mouse clicking",
      "mouse pattering",
      "mouse squeaking",
      "mynah bird singing",
      "ocean burbling",
      "opening or closing car doors",
      "opening or closing car electric windows",
      "opening or closing drawers",
      "orchestra",
      "otter growling",
      "owl hooting",
      "parrot talking",
      "penguins braying",
      "people babbling",
      "people battle cry",
      "people belly laughing",
      "people booing",
      "people burping",
      "people cheering",
      "people clapping",
      "people coughing",
      "people crowd",
      "people eating",
      "people eating apple",
      "people eating crisps",
      "people eating noodle",
      "people farting",
      "people finger snapping",
      "people gargling",
      "people giggling",
      "people hiccup",
      "people humming",
      "people marching",
      "people nose blowing",
      "people running",
      "people screaming",
      "people shuffling",
      "people slapping",
      "people slurping",
      "people sneezing",
      "people sniggering",
      "people sobbing",
      "people whispering",
      "people whistling",
      "pheasant crowing",
      "pig oinking",
      "pigeon, dove cooing",
      "planing timber",
      "plastic bottle crushing",
      "playing accordion",
      "playing acoustic guitar",
      "playing badminton",
      "playing bagpipes",
      "playing banjo",
      "playing bass drum",
      "playing bass guitar",
      "playing bassoon",
      "playing bongo",
      "playing bugle",
      "playing castanets",
      "playing cello",
      "playing clarinet",
      "playing congas",
      "playing cornet",
      "playing cymbal",
      "playing darts",
      "playing didgeridoo",
      "playing djembe",
      "playing double bass",
      "playing drum kit",
      "playing electric guitar",
      "playing electronic organ",
      "playing erhu",
      "playing flute",
      "playing french horn",
      "playing glockenspiel",
      "playing gong",
      "playing guiro",
      "playing hammond organ",
      "playing harmonica",
      "playing harp",
      "playing harpsichord",
      "playing hockey",
      "playing lacrosse",
      "playing mandolin",
      "playing marimba, xylophone",
      "playing oboe",
      "playing piano",
      "playing saxophone",
      "playing shofar",
      "playing sitar",
      "playing snare drum",
      "playing squash",
      "playing steel guitar, slide guitar",
      "playing steelpan",
      "playing synthesizer",
      "playing tabla",
      "playing table tennis",
      "playing tambourine",
      "playing tennis",
      "playing theremin",
      "playing timbales",
      "playing timpani",
      "playing trombone",
      "playing trumpet",
      "playing tuning fork",
      "playing tympani",
      "playing ukulele",
      "playing vibraphone",
      "playing violin, fiddle",
      "playing volleyball",
      "playing washboard",
      "playing zither",
      "police car (siren)",
      "police radio chatter",
      "popping popcorn",
      "printer printing",
      "pumping water",
      "race car, auto racing",
      "railroad car, train wagon",
      "raining",
      "rapping",
      "reversing beeps",
      "ripping paper",
      "roller coaster running",
      "rope skipping",
      "rowboat, canoe, kayak rowing",
      "running electric fan",
      "sailing",
      "scuba diving",
      "sea lion barking",
      "sea waves",
      "sharpen knife",
      "sheep bleating",
      "shot football",
      "singing bowl",
      "singing choir",
      "skateboarding",
      "skidding",
      "skiing",
      "sliding door",
      "sloshing water",
      "slot machine",
      "smoke detector beeping",
      "snake hissing",
      "snake rattling",
      "splashing water",
      "spraying water",
      "squishing water",
      "stream burbling",
      "strike lighter",
      "striking bowling",
      "striking pool",
      "subway, metro, underground",
      "swimming",
      "tap dancing",
      "tapping guitar",
      "telephone bell ringing",
      "thunder",
      "toilet flushing",
      "tornado roaring",
      "tractor digging",
      "train horning",
      "train wheels squealing",
      "train whistling",
      "turkey gobbling",
      "typing on computer keyboard",
      "typing on typewriter",
      "underwater bubbling",
      "using sewing machines",
      "vacuum cleaner cleaning floors",
      "vehicle horn, car horn, honking",
      "volcano explosion",
      "warbler chirping",
      "waterfall burbling",
      "whale calling",
      "wind chime",
      "wind noise",
      "wind rustling leaves",
      "wood thrush calling",
      "woodpecker pecking tree",
      "writing on blackboard with chalk",
      "yodelling",
      "zebra braying"
    ],
    "video_dim": 4096,
    "motion_dim": 1,
    "audio_dim": 4096
  }
}
{
  "experiment_id": "AV003",
  "finished_at": "2026-06-22 16:50:12",
  "model_type": "twoport",
  "best_epoch": 320,
  "best_acc_selection_metric": 0.37044521217652043,
  "final_epoch": 320,
  "final_test_label_gibbs_acc": 0.37044521217652043,
  "full_eval_best_acc": 0.3712926145622841,
  "computed_dims": {
    "image_dim": 4096,
    "audio_dim": 4096,
    "label_dim": 1545,
    "hidden_dim": 32768,
    "total_pbits": 38409,
    "num_classes": 309
  },
  "data_dims": {
    "feature_npz": "/home/Hongjie_Zeng/high_order_BM/data_vggsound_full/features/vggsound_full_aligned_videolstm4096_audiocnnlstm4096_seed123.npz",
    "train_size": 182615,
    "test_size": 15341,
    "num_classes": 309,
    "class_names": [
      "air conditioning noise",
      "air horn",
      "airplane",
      "airplane flyby",
      "alarm clock ringing",
      "alligators, crocodiles hissing",
      "ambulance siren",
      "arc welding",
      "baby babbling",
      "baby crying",
      "baby laughter",
      "baltimore oriole calling",
      "barn swallow calling",
      "basketball bounce",
      "bathroom ventilation fan running",
      "beat boxing",
      "bee, wasp, etc. buzzing",
      "bird chirping, tweeting",
      "bird squawking",
      "bird wings flapping",
      "black capped chickadee calling",
      "blowtorch igniting",
      "bouncing on trampoline",
      "bowling impact",
      "bull bellowing",
      "canary calling",
      "cap gun shooting",
      "car engine idling",
      "car engine knocking",
      "car engine starting",
      "car passing by",
      "cat caterwauling",
      "cat growling",
      "cat hissing",
      "cat meowing",
      "cat purring",
      "cattle mooing",
      "cattle, bovinae cowbell",
      "cell phone buzzing",
      "chainsawing trees",
      "cheetah chirrup",
      "chicken clucking",
      "chicken crowing",
      "child singing",
      "child speech, kid speaking",
      "children shouting",
      "chimpanzee pant-hooting",
      "chinchilla barking",
      "chipmunk chirping",
      "chopping food",
      "chopping wood",
      "church bell ringing",
      "civil defense siren",
      "cow lowing",
      "coyote howling",
      "cricket chirping",
      "crow cawing",
      "cuckoo bird calling",
      "cupboard opening or closing",
      "cutting hair with electric trimmers",
      "dinosaurs bellowing",
      "disc scratching",
      "dog barking",
      "dog baying",
      "dog bow-wow",
      "dog growling",
      "dog howling",
      "dog whimpering",
      "donkey, ass braying",
      "door slamming",
      "driving buses",
      "driving motorcycle",
      "driving snowmobile",
      "duck quacking",
      "eagle screaming",
      "eating with cutlery",
      "electric grinder grinding",
      "electric shaver, electric razor shaving",
      "elephant trumpeting",
      "eletric blender running",
      "elk bugling",
      "engine accelerating, revving, vroom",
      "female singing",
      "female speech, woman speaking",
      "ferret dooking",
      "fire crackling",
      "fire truck siren",
      "fireworks banging",
      "firing cannon",
      "firing muskets",
      "fly, housefly buzzing",
      "foghorn",
      "footsteps on snow",
      "forging swords",
      "fox barking",
      "francolin calling",
      "frog croaking",
      "gibbon howling",
      "goat bleating",
      "golf driving",
      "goose honking",
      "hail",
      "hair dryer drying",
      "hammering nails",
      "heart sounds, heartbeat",
      "hedge trimmer running",
      "helicopter",
      "horse clip-clop",
      "horse neighing",
      "ice cracking",
      "ice cream truck, ice cream van",
      "lathe spinning",
      "lawn mowing",
      "lighting firecrackers",
      "lions growling",
      "lions roaring",
      "lip smacking",
      "machine gun shooting",
      "magpie calling",
      "male singing",
      "male speech, man speaking",
      "metronome",
      "missile launch",
      "mosquito buzzing",
      "motorboat, speedboat acceleration",
      "mouse clicking",
      "mouse pattering",
      "mouse squeaking",
      "mynah bird singing",
      "ocean burbling",
      "opening or closing car doors",
      "opening or closing car electric windows",
      "opening or closing drawers",
      "orchestra",
      "otter growling",
      "owl hooting",
      "parrot talking",
      "penguins braying",
      "people babbling",
      "people battle cry",
      "people belly laughing",
      "people booing",
      "people burping",
      "people cheering",
      "people clapping",
      "people coughing",
      "people crowd",
      "people eating",
      "people eating apple",
      "people eating crisps",
      "people eating noodle",
      "people farting",
      "people finger snapping",
      "people gargling",
      "people giggling",
      "people hiccup",
      "people humming",
      "people marching",
      "people nose blowing",
      "people running",
      "people screaming",
      "people shuffling",
      "people slapping",
      "people slurping",
      "people sneezing",
      "people sniggering",
      "people sobbing",
      "people whispering",
      "people whistling",
      "pheasant crowing",
      "pig oinking",
      "pigeon, dove cooing",
      "planing timber",
      "plastic bottle crushing",
      "playing accordion",
      "playing acoustic guitar",
      "playing badminton",
      "playing bagpipes",
      "playing banjo",
      "playing bass drum",
      "playing bass guitar",
      "playing bassoon",
      "playing bongo",
      "playing bugle",
      "playing castanets",
      "playing cello",
      "playing clarinet",
      "playing congas",
      "playing cornet",
      "playing cymbal",
      "playing darts",
      "playing didgeridoo",
      "playing djembe",
      "playing double bass",
      "playing drum kit",
      "playing electric guitar",
      "playing electronic organ",
      "playing erhu",
      "playing flute",
      "playing french horn",
      "playing glockenspiel",
      "playing gong",
      "playing guiro",
      "playing hammond organ",
      "playing harmonica",
      "playing harp",
      "playing harpsichord",
      "playing hockey",
      "playing lacrosse",
      "playing mandolin",
      "playing marimba, xylophone",
      "playing oboe",
      "playing piano",
      "playing saxophone",
      "playing shofar",
      "playing sitar",
      "playing snare drum",
      "playing squash",
      "playing steel guitar, slide guitar",
      "playing steelpan",
      "playing synthesizer",
      "playing tabla",
      "playing table tennis",
      "playing tambourine",
      "playing tennis",
      "playing theremin",
      "playing timbales",
      "playing timpani",
      "playing trombone",
      "playing trumpet",
      "playing tuning fork",
      "playing tympani",
      "playing ukulele",
      "playing vibraphone",
      "playing violin, fiddle",
      "playing volleyball",
      "playing washboard",
      "playing zither",
      "police car (siren)",
      "police radio chatter",
      "popping popcorn",
      "printer printing",
      "pumping water",
      "race car, auto racing",
      "railroad car, train wagon",
      "raining",
      "rapping",
      "reversing beeps",
      "ripping paper",
      "roller coaster running",
      "rope skipping",
      "rowboat, canoe, kayak rowing",
      "running electric fan",
      "sailing",
      "scuba diving",
      "sea lion barking",
      "sea waves",
      "sharpen knife",
      "sheep bleating",
      "shot football",
      "singing bowl",
      "singing choir",
      "skateboarding",
      "skidding",
      "skiing",
      "sliding door",
      "sloshing water",
      "slot machine",
      "smoke detector beeping",
      "snake hissing",
      "snake rattling",
      "splashing water",
      "spraying water",
      "squishing water",
      "stream burbling",
      "strike lighter",
      "striking bowling",
      "striking pool",
      "subway, metro, underground",
      "swimming",
      "tap dancing",
      "tapping guitar",
      "telephone bell ringing",
      "thunder",
      "toilet flushing",
      "tornado roaring",
      "tractor digging",
      "train horning",
      "train wheels squealing",
      "train whistling",
      "turkey gobbling",
      "typing on computer keyboard",
      "typing on typewriter",
      "underwater bubbling",
      "using sewing machines",
      "vacuum cleaner cleaning floors",
      "vehicle horn, car horn, honking",
      "volcano explosion",
      "warbler chirping",
      "waterfall burbling",
      "whale calling",
      "wind chime",
      "wind noise",
      "wind rustling leaves",
      "wood thrush calling",
      "woodpecker pecking tree",
      "writing on blackboard with chalk",
      "yodelling",
      "zebra braying"
    ],
    "video_dim": 4096,
    "motion_dim": 1,
    "audio_dim": 4096
  },
  "out_dir": "/home/Hongjie_Zeng/high_order_BM/runs_vggsound_full_AV003_twoport_videolstm4096_audiocnnlstm4096_h8_g050_lc5_e320"
}
