[data] train=182615 test=15341 classes=309 video=1 motion=1 audio=4096 device=cuda
[model] standard input=4096 label=1545 hidden=16384 total=22025 mode=audio
[init] estimating visible bias from training set
[epoch 001] recon_mse=0.03593
[epoch 002] recon_mse=0.02920
[epoch 003] recon_mse=0.02575
[epoch 004] recon_mse=0.02338
[epoch 005] recon_mse=0.02180 quick_test_acc=0.0494 ent=5.5864
[epoch 006] recon_mse=0.02079
[epoch 007] recon_mse=0.02008
[epoch 008] recon_mse=0.01958
[epoch 009] recon_mse=0.01919
[epoch 010] recon_mse=0.01887 quick_test_acc=0.0693 ent=5.5777
[epoch 011] recon_mse=0.01858
[epoch 012] recon_mse=0.01835
[epoch 013] recon_mse=0.01815
[epoch 014] recon_mse=0.01798
[epoch 015] recon_mse=0.01782 quick_test_acc=0.0851 ent=5.5575
[epoch 016] recon_mse=0.01767
[epoch 017] recon_mse=0.01754
[epoch 018] recon_mse=0.01741
[epoch 019] recon_mse=0.01730
[epoch 020] recon_mse=0.01720 quick_test_acc=0.0930 ent=5.5313
[epoch 021] recon_mse=0.01711
[epoch 022] recon_mse=0.01703
[epoch 023] recon_mse=0.01695
[epoch 024] recon_mse=0.01688
[epoch 025] recon_mse=0.01681 quick_test_acc=0.1007 ent=5.4985
[epoch 026] recon_mse=0.01675
[epoch 027] recon_mse=0.01669
[epoch 028] recon_mse=0.01664
[epoch 029] recon_mse=0.01658
[epoch 030] recon_mse=0.01653 quick_test_acc=0.1087 ent=5.4632
[epoch 031] recon_mse=0.01649
[epoch 032] recon_mse=0.01643
[epoch 033] recon_mse=0.01639
[epoch 034] recon_mse=0.01635
[epoch 035] recon_mse=0.01631 quick_test_acc=0.1146 ent=5.4255
[epoch 036] recon_mse=0.01627
[epoch 037] recon_mse=0.01623
[epoch 038] recon_mse=0.01619
[epoch 039] recon_mse=0.01616
[epoch 040] recon_mse=0.01612 quick_test_acc=0.1205 ent=5.3858
[epoch 041] recon_mse=0.01609
[epoch 042] recon_mse=0.01606
[epoch 043] recon_mse=0.01603
[epoch 044] recon_mse=0.01600
[epoch 045] recon_mse=0.01597 quick_test_acc=0.1282 ent=5.3462
[epoch 046] recon_mse=0.01595
[epoch 047] recon_mse=0.01592
[epoch 048] recon_mse=0.01589
[epoch 049] recon_mse=0.01587
[epoch 050] recon_mse=0.01584 quick_test_acc=0.1340 ent=5.3062
[epoch 051] recon_mse=0.01582
[epoch 052] recon_mse=0.01580
[epoch 053] recon_mse=0.01577
[epoch 054] recon_mse=0.01575
[epoch 055] recon_mse=0.01573 quick_test_acc=0.1397 ent=5.2702
[epoch 056] recon_mse=0.01571
[epoch 057] recon_mse=0.01570
[epoch 058] recon_mse=0.01568
[epoch 059] recon_mse=0.01566
[epoch 060] recon_mse=0.01564 quick_test_acc=0.1437 ent=5.2339
[epoch 061] recon_mse=0.01562
[epoch 062] recon_mse=0.01561
[epoch 063] recon_mse=0.01559
[epoch 064] recon_mse=0.01557
[epoch 065] recon_mse=0.01556 quick_test_acc=0.1469 ent=5.1970
[epoch 066] recon_mse=0.01554
[epoch 067] recon_mse=0.01553
[epoch 068] recon_mse=0.01551
[epoch 069] recon_mse=0.01550
[epoch 070] recon_mse=0.01548 quick_test_acc=0.1510 ent=5.1638
[epoch 071] recon_mse=0.01547
[epoch 072] recon_mse=0.01545
[epoch 073] recon_mse=0.01544
[epoch 074] recon_mse=0.01543
[epoch 075] recon_mse=0.01542 quick_test_acc=0.1523 ent=5.1291
[epoch 076] recon_mse=0.01540
[epoch 077] recon_mse=0.01540
[epoch 078] recon_mse=0.01538
[epoch 079] recon_mse=0.01537
[epoch 080] recon_mse=0.01536 quick_test_acc=0.1567 ent=5.0977
[epoch 081] recon_mse=0.01535
[epoch 082] recon_mse=0.01534
[epoch 083] recon_mse=0.01532
[epoch 084] recon_mse=0.01531
[epoch 085] recon_mse=0.01530 quick_test_acc=0.1592 ent=5.0684
[epoch 086] recon_mse=0.01529
[epoch 087] recon_mse=0.01528
[epoch 088] recon_mse=0.01526
[epoch 089] recon_mse=0.01526
[epoch 090] recon_mse=0.01525 quick_test_acc=0.1624 ent=5.0390
[epoch 091] recon_mse=0.01524
[epoch 092] recon_mse=0.01523
[epoch 093] recon_mse=0.01522
[epoch 094] recon_mse=0.01521
[epoch 095] recon_mse=0.01520 quick_test_acc=0.1637 ent=5.0119
[epoch 096] recon_mse=0.01519
[epoch 097] recon_mse=0.01518
[epoch 098] recon_mse=0.01517
[epoch 099] recon_mse=0.01516
[epoch 100] recon_mse=0.01516 quick_test_acc=0.1667 ent=4.9845
[epoch 101] recon_mse=0.01514
[epoch 102] recon_mse=0.01513
[epoch 103] recon_mse=0.01512
[epoch 104] recon_mse=0.01512
[epoch 105] recon_mse=0.01511 quick_test_acc=0.1688 ent=4.9595
[epoch 106] recon_mse=0.01510
[epoch 107] recon_mse=0.01510
[epoch 108] recon_mse=0.01509
[epoch 109] recon_mse=0.01508
[epoch 110] recon_mse=0.01507 quick_test_acc=0.1705 ent=4.9345
[epoch 111] recon_mse=0.01506
[epoch 112] recon_mse=0.01505
[epoch 113] recon_mse=0.01504
[epoch 114] recon_mse=0.01504
[epoch 115] recon_mse=0.01503 quick_test_acc=0.1720 ent=4.9116
[epoch 116] recon_mse=0.01503
[epoch 117] recon_mse=0.01502
[epoch 118] recon_mse=0.01501
[epoch 119] recon_mse=0.01500
[epoch 120] recon_mse=0.01499 quick_test_acc=0.1737 ent=4.8910
[epoch 121] recon_mse=0.01499
[epoch 122] recon_mse=0.01498
[epoch 123] recon_mse=0.01497
[epoch 124] recon_mse=0.01497
[epoch 125] recon_mse=0.01496 quick_test_acc=0.1767 ent=4.8664
[epoch 126] recon_mse=0.01495
[epoch 127] recon_mse=0.01495
[epoch 128] recon_mse=0.01494
[epoch 129] recon_mse=0.01494
[epoch 130] recon_mse=0.01493 quick_test_acc=0.1804 ent=4.8479
[epoch 131] recon_mse=0.01492
[epoch 132] recon_mse=0.01492
[epoch 133] recon_mse=0.01491
[epoch 134] recon_mse=0.01490
[epoch 135] recon_mse=0.01490 quick_test_acc=0.1823 ent=4.8245
[epoch 136] recon_mse=0.01490
[epoch 137] recon_mse=0.01488
[epoch 138] recon_mse=0.01488
[epoch 139] recon_mse=0.01487
[epoch 140] recon_mse=0.01487 quick_test_acc=0.1845 ent=4.8067
[epoch 141] recon_mse=0.01486
[epoch 142] recon_mse=0.01486
[epoch 143] recon_mse=0.01485
[epoch 144] recon_mse=0.01484
[epoch 145] recon_mse=0.01484 quick_test_acc=0.1855 ent=4.7885
[epoch 146] recon_mse=0.01483
[epoch 147] recon_mse=0.01483
[epoch 148] recon_mse=0.01482
[epoch 149] recon_mse=0.01481
[epoch 150] recon_mse=0.01481 quick_test_acc=0.1876 ent=4.7683
[epoch 151] recon_mse=0.01481
[epoch 152] recon_mse=0.01480
[epoch 153] recon_mse=0.01479
[epoch 154] recon_mse=0.01479
[epoch 155] recon_mse=0.01478 quick_test_acc=0.1880 ent=4.7511
[epoch 156] recon_mse=0.01478
[epoch 157] recon_mse=0.01478
[epoch 158] recon_mse=0.01476
[epoch 159] recon_mse=0.01476
[epoch 160] recon_mse=0.01476 quick_test_acc=0.1899 ent=4.7296
[epoch 161] recon_mse=0.01475
[epoch 162] recon_mse=0.01474
[epoch 163] recon_mse=0.01474
[epoch 164] recon_mse=0.01473
[epoch 165] recon_mse=0.01474 quick_test_acc=0.1911 ent=4.7112
[epoch 166] recon_mse=0.01473
[epoch 167] recon_mse=0.01472
[epoch 168] recon_mse=0.01472
[epoch 169] recon_mse=0.01471
[epoch 170] recon_mse=0.01471 quick_test_acc=0.1931 ent=4.6984
[epoch 171] recon_mse=0.01471
[epoch 172] recon_mse=0.01470
[epoch 173] recon_mse=0.01469
[epoch 174] recon_mse=0.01469
[epoch 175] recon_mse=0.01468 quick_test_acc=0.1941 ent=4.6808
[epoch 176] recon_mse=0.01468
[epoch 177] recon_mse=0.01467
[epoch 178] recon_mse=0.01467
[epoch 179] recon_mse=0.01467
[epoch 180] recon_mse=0.01466 quick_test_acc=0.1941 ent=4.6673
[full_eval_best] {
  "created_at": "2026-06-19 17:26:42",
  "ckpt": "/home/Hongjie_Zeng/high_order_BM/runs_vggsound_full_AF007_standard_audio_cnn4096_h4_lc5_e180/best.pt",
  "ckpt_epoch": 175,
  "ckpt_best_acc": 0.19412033113877844,
  "eval_steps": 3000,
  "eval_burn_in": 500,
  "eval_thin": 2,
  "test_label_gibbs_acc": 0.19366403754644418,
  "test_label_entropy": 4.68083875576655,
  "computed_dims": {
    "input_dim": 4096,
    "label_dim": 1545,
    "hidden_dim": 16384,
    "total_pbits": 22025,
    "num_classes": 309
  },
  "data_dims": {
    "feature_npz": "/home/Hongjie_Zeng/high_order_BM/data_vggsound_full/features/vggsound_full_audio_cnn4096_stft128x96_per_dim_zscore_sigmoid_seed123.npz",
    "train_size": 182615,
    "test_size": 15341,
    "num_classes": 309,
    "class_names": [
      "air conditioning noise",
      "air horn",
      "airplane",
      "airplane flyby",
      "alarm clock ringing",
      "alligators, crocodiles hissing",
      "ambulance siren",
      "arc welding",
      "baby babbling",
      "baby crying",
      "baby laughter",
      "baltimore oriole calling",
      "barn swallow calling",
      "basketball bounce",
      "bathroom ventilation fan running",
      "beat boxing",
      "bee, wasp, etc. buzzing",
      "bird chirping, tweeting",
      "bird squawking",
      "bird wings flapping",
      "black capped chickadee calling",
      "blowtorch igniting",
      "bouncing on trampoline",
      "bowling impact",
      "bull bellowing",
      "canary calling",
      "cap gun shooting",
      "car engine idling",
      "car engine knocking",
      "car engine starting",
      "car passing by",
      "cat caterwauling",
      "cat growling",
      "cat hissing",
      "cat meowing",
      "cat purring",
      "cattle mooing",
      "cattle, bovinae cowbell",
      "cell phone buzzing",
      "chainsawing trees",
      "cheetah chirrup",
      "chicken clucking",
      "chicken crowing",
      "child singing",
      "child speech, kid speaking",
      "children shouting",
      "chimpanzee pant-hooting",
      "chinchilla barking",
      "chipmunk chirping",
      "chopping food",
      "chopping wood",
      "church bell ringing",
      "civil defense siren",
      "cow lowing",
      "coyote howling",
      "cricket chirping",
      "crow cawing",
      "cuckoo bird calling",
      "cupboard opening or closing",
      "cutting hair with electric trimmers",
      "dinosaurs bellowing",
      "disc scratching",
      "dog barking",
      "dog baying",
      "dog bow-wow",
      "dog growling",
      "dog howling",
      "dog whimpering",
      "donkey, ass braying",
      "door slamming",
      "driving buses",
      "driving motorcycle",
      "driving snowmobile",
      "duck quacking",
      "eagle screaming",
      "eating with cutlery",
      "electric grinder grinding",
      "electric shaver, electric razor shaving",
      "elephant trumpeting",
      "eletric blender running",
      "elk bugling",
      "engine accelerating, revving, vroom",
      "female singing",
      "female speech, woman speaking",
      "ferret dooking",
      "fire crackling",
      "fire truck siren",
      "fireworks banging",
      "firing cannon",
      "firing muskets",
      "fly, housefly buzzing",
      "foghorn",
      "footsteps on snow",
      "forging swords",
      "fox barking",
      "francolin calling",
      "frog croaking",
      "gibbon howling",
      "goat bleating",
      "golf driving",
      "goose honking",
      "hail",
      "hair dryer drying",
      "hammering nails",
      "heart sounds, heartbeat",
      "hedge trimmer running",
      "helicopter",
      "horse clip-clop",
      "horse neighing",
      "ice cracking",
      "ice cream truck, ice cream van",
      "lathe spinning",
      "lawn mowing",
      "lighting firecrackers",
      "lions growling",
      "lions roaring",
      "lip smacking",
      "machine gun shooting",
      "magpie calling",
      "male singing",
      "male speech, man speaking",
      "metronome",
      "missile launch",
      "mosquito buzzing",
      "motorboat, speedboat acceleration",
      "mouse clicking",
      "mouse pattering",
      "mouse squeaking",
      "mynah bird singing",
      "ocean burbling",
      "opening or closing car doors",
      "opening or closing car electric windows",
      "opening or closing drawers",
      "orchestra",
      "otter growling",
      "owl hooting",
      "parrot talking",
      "penguins braying",
      "people babbling",
      "people battle cry",
      "people belly laughing",
      "people booing",
      "people burping",
      "people cheering",
      "people clapping",
      "people coughing",
      "people crowd",
      "people eating",
      "people eating apple",
      "people eating crisps",
      "people eating noodle",
      "people farting",
      "people finger snapping",
      "people gargling",
      "people giggling",
      "people hiccup",
      "people humming",
      "people marching",
      "people nose blowing",
      "people running",
      "people screaming",
      "people shuffling",
      "people slapping",
      "people slurping",
      "people sneezing",
      "people sniggering",
      "people sobbing",
      "people whispering",
      "people whistling",
      "pheasant crowing",
      "pig oinking",
      "pigeon, dove cooing",
      "planing timber",
      "plastic bottle crushing",
      "playing accordion",
      "playing acoustic guitar",
      "playing badminton",
      "playing bagpipes",
      "playing banjo",
      "playing bass drum",
      "playing bass guitar",
      "playing bassoon",
      "playing bongo",
      "playing bugle",
      "playing castanets",
      "playing cello",
      "playing clarinet",
      "playing congas",
      "playing cornet",
      "playing cymbal",
      "playing darts",
      "playing didgeridoo",
      "playing djembe",
      "playing double bass",
      "playing drum kit",
      "playing electric guitar",
      "playing electronic organ",
      "playing erhu",
      "playing flute",
      "playing french horn",
      "playing glockenspiel",
      "playing gong",
      "playing guiro",
      "playing hammond organ",
      "playing harmonica",
      "playing harp",
      "playing harpsichord",
      "playing hockey",
      "playing lacrosse",
      "playing mandolin",
      "playing marimba, xylophone",
      "playing oboe",
      "playing piano",
      "playing saxophone",
      "playing shofar",
      "playing sitar",
      "playing snare drum",
      "playing squash",
      "playing steel guitar, slide guitar",
      "playing steelpan",
      "playing synthesizer",
      "playing tabla",
      "playing table tennis",
      "playing tambourine",
      "playing tennis",
      "playing theremin",
      "playing timbales",
      "playing timpani",
      "playing trombone",
      "playing trumpet",
      "playing tuning fork",
      "playing tympani",
      "playing ukulele",
      "playing vibraphone",
      "playing violin, fiddle",
      "playing volleyball",
      "playing washboard",
      "playing zither",
      "police car (siren)",
      "police radio chatter",
      "popping popcorn",
      "printer printing",
      "pumping water",
      "race car, auto racing",
      "railroad car, train wagon",
      "raining",
      "rapping",
      "reversing beeps",
      "ripping paper",
      "roller coaster running",
      "rope skipping",
      "rowboat, canoe, kayak rowing",
      "running electric fan",
      "sailing",
      "scuba diving",
      "sea lion barking",
      "sea waves",
      "sharpen knife",
      "sheep bleating",
      "shot football",
      "singing bowl",
      "singing choir",
      "skateboarding",
      "skidding",
      "skiing",
      "sliding door",
      "sloshing water",
      "slot machine",
      "smoke detector beeping",
      "snake hissing",
      "snake rattling",
      "splashing water",
      "spraying water",
      "squishing water",
      "stream burbling",
      "strike lighter",
      "striking bowling",
      "striking pool",
      "subway, metro, underground",
      "swimming",
      "tap dancing",
      "tapping guitar",
      "telephone bell ringing",
      "thunder",
      "toilet flushing",
      "tornado roaring",
      "tractor digging",
      "train horning",
      "train wheels squealing",
      "train whistling",
      "turkey gobbling",
      "typing on computer keyboard",
      "typing on typewriter",
      "underwater bubbling",
      "using sewing machines",
      "vacuum cleaner cleaning floors",
      "vehicle horn, car horn, honking",
      "volcano explosion",
      "warbler chirping",
      "waterfall burbling",
      "whale calling",
      "wind chime",
      "wind noise",
      "wind rustling leaves",
      "wood thrush calling",
      "woodpecker pecking tree",
      "writing on blackboard with chalk",
      "yodelling",
      "zebra braying"
    ],
    "video_dim": 1,
    "motion_dim": 1,
    "audio_dim": 4096
  }
}
{
  "experiment_id": "AF007_standard_audio_cnn4096_h4_lc5_e180",
  "finished_at": "2026-06-19 17:26:42",
  "model_type": "standard",
  "best_epoch": 175,
  "best_acc_selection_metric": 0.19412033113877844,
  "final_epoch": 180,
  "final_test_label_gibbs_acc": 0.19412033113877844,
  "full_eval_best_acc": 0.19366403754644418,
  "computed_dims": {
    "input_dim": 4096,
    "label_dim": 1545,
    "hidden_dim": 16384,
    "total_pbits": 22025,
    "num_classes": 309
  },
  "data_dims": {
    "feature_npz": "/home/Hongjie_Zeng/high_order_BM/data_vggsound_full/features/vggsound_full_audio_cnn4096_stft128x96_per_dim_zscore_sigmoid_seed123.npz",
    "train_size": 182615,
    "test_size": 15341,
    "num_classes": 309,
    "class_names": [
      "air conditioning noise",
      "air horn",
      "airplane",
      "airplane flyby",
      "alarm clock ringing",
      "alligators, crocodiles hissing",
      "ambulance siren",
      "arc welding",
      "baby babbling",
      "baby crying",
      "baby laughter",
      "baltimore oriole calling",
      "barn swallow calling",
      "basketball bounce",
      "bathroom ventilation fan running",
      "beat boxing",
      "bee, wasp, etc. buzzing",
      "bird chirping, tweeting",
      "bird squawking",
      "bird wings flapping",
      "black capped chickadee calling",
      "blowtorch igniting",
      "bouncing on trampoline",
      "bowling impact",
      "bull bellowing",
      "canary calling",
      "cap gun shooting",
      "car engine idling",
      "car engine knocking",
      "car engine starting",
      "car passing by",
      "cat caterwauling",
      "cat growling",
      "cat hissing",
      "cat meowing",
      "cat purring",
      "cattle mooing",
      "cattle, bovinae cowbell",
      "cell phone buzzing",
      "chainsawing trees",
      "cheetah chirrup",
      "chicken clucking",
      "chicken crowing",
      "child singing",
      "child speech, kid speaking",
      "children shouting",
      "chimpanzee pant-hooting",
      "chinchilla barking",
      "chipmunk chirping",
      "chopping food",
      "chopping wood",
      "church bell ringing",
      "civil defense siren",
      "cow lowing",
      "coyote howling",
      "cricket chirping",
      "crow cawing",
      "cuckoo bird calling",
      "cupboard opening or closing",
      "cutting hair with electric trimmers",
      "dinosaurs bellowing",
      "disc scratching",
      "dog barking",
      "dog baying",
      "dog bow-wow",
      "dog growling",
      "dog howling",
      "dog whimpering",
      "donkey, ass braying",
      "door slamming",
      "driving buses",
      "driving motorcycle",
      "driving snowmobile",
      "duck quacking",
      "eagle screaming",
      "eating with cutlery",
      "electric grinder grinding",
      "electric shaver, electric razor shaving",
      "elephant trumpeting",
      "eletric blender running",
      "elk bugling",
      "engine accelerating, revving, vroom",
      "female singing",
      "female speech, woman speaking",
      "ferret dooking",
      "fire crackling",
      "fire truck siren",
      "fireworks banging",
      "firing cannon",
      "firing muskets",
      "fly, housefly buzzing",
      "foghorn",
      "footsteps on snow",
      "forging swords",
      "fox barking",
      "francolin calling",
      "frog croaking",
      "gibbon howling",
      "goat bleating",
      "golf driving",
      "goose honking",
      "hail",
      "hair dryer drying",
      "hammering nails",
      "heart sounds, heartbeat",
      "hedge trimmer running",
      "helicopter",
      "horse clip-clop",
      "horse neighing",
      "ice cracking",
      "ice cream truck, ice cream van",
      "lathe spinning",
      "lawn mowing",
      "lighting firecrackers",
      "lions growling",
      "lions roaring",
      "lip smacking",
      "machine gun shooting",
      "magpie calling",
      "male singing",
      "male speech, man speaking",
      "metronome",
      "missile launch",
      "mosquito buzzing",
      "motorboat, speedboat acceleration",
      "mouse clicking",
      "mouse pattering",
      "mouse squeaking",
      "mynah bird singing",
      "ocean burbling",
      "opening or closing car doors",
      "opening or closing car electric windows",
      "opening or closing drawers",
      "orchestra",
      "otter growling",
      "owl hooting",
      "parrot talking",
      "penguins braying",
      "people babbling",
      "people battle cry",
      "people belly laughing",
      "people booing",
      "people burping",
      "people cheering",
      "people clapping",
      "people coughing",
      "people crowd",
      "people eating",
      "people eating apple",
      "people eating crisps",
      "people eating noodle",
      "people farting",
      "people finger snapping",
      "people gargling",
      "people giggling",
      "people hiccup",
      "people humming",
      "people marching",
      "people nose blowing",
      "people running",
      "people screaming",
      "people shuffling",
      "people slapping",
      "people slurping",
      "people sneezing",
      "people sniggering",
      "people sobbing",
      "people whispering",
      "people whistling",
      "pheasant crowing",
      "pig oinking",
      "pigeon, dove cooing",
      "planing timber",
      "plastic bottle crushing",
      "playing accordion",
      "playing acoustic guitar",
      "playing badminton",
      "playing bagpipes",
      "playing banjo",
      "playing bass drum",
      "playing bass guitar",
      "playing bassoon",
      "playing bongo",
      "playing bugle",
      "playing castanets",
      "playing cello",
      "playing clarinet",
      "playing congas",
      "playing cornet",
      "playing cymbal",
      "playing darts",
      "playing didgeridoo",
      "playing djembe",
      "playing double bass",
      "playing drum kit",
      "playing electric guitar",
      "playing electronic organ",
      "playing erhu",
      "playing flute",
      "playing french horn",
      "playing glockenspiel",
      "playing gong",
      "playing guiro",
      "playing hammond organ",
      "playing harmonica",
      "playing harp",
      "playing harpsichord",
      "playing hockey",
      "playing lacrosse",
      "playing mandolin",
      "playing marimba, xylophone",
      "playing oboe",
      "playing piano",
      "playing saxophone",
      "playing shofar",
      "playing sitar",
      "playing snare drum",
      "playing squash",
      "playing steel guitar, slide guitar",
      "playing steelpan",
      "playing synthesizer",
      "playing tabla",
      "playing table tennis",
      "playing tambourine",
      "playing tennis",
      "playing theremin",
      "playing timbales",
      "playing timpani",
      "playing trombone",
      "playing trumpet",
      "playing tuning fork",
      "playing tympani",
      "playing ukulele",
      "playing vibraphone",
      "playing violin, fiddle",
      "playing volleyball",
      "playing washboard",
      "playing zither",
      "police car (siren)",
      "police radio chatter",
      "popping popcorn",
      "printer printing",
      "pumping water",
      "race car, auto racing",
      "railroad car, train wagon",
      "raining",
      "rapping",
      "reversing beeps",
      "ripping paper",
      "roller coaster running",
      "rope skipping",
      "rowboat, canoe, kayak rowing",
      "running electric fan",
      "sailing",
      "scuba diving",
      "sea lion barking",
      "sea waves",
      "sharpen knife",
      "sheep bleating",
      "shot football",
      "singing bowl",
      "singing choir",
      "skateboarding",
      "skidding",
      "skiing",
      "sliding door",
      "sloshing water",
      "slot machine",
      "smoke detector beeping",
      "snake hissing",
      "snake rattling",
      "splashing water",
      "spraying water",
      "squishing water",
      "stream burbling",
      "strike lighter",
      "striking bowling",
      "striking pool",
      "subway, metro, underground",
      "swimming",
      "tap dancing",
      "tapping guitar",
      "telephone bell ringing",
      "thunder",
      "toilet flushing",
      "tornado roaring",
      "tractor digging",
      "train horning",
      "train wheels squealing",
      "train whistling",
      "turkey gobbling",
      "typing on computer keyboard",
      "typing on typewriter",
      "underwater bubbling",
      "using sewing machines",
      "vacuum cleaner cleaning floors",
      "vehicle horn, car horn, honking",
      "volcano explosion",
      "warbler chirping",
      "waterfall burbling",
      "whale calling",
      "wind chime",
      "wind noise",
      "wind rustling leaves",
      "wood thrush calling",
      "woodpecker pecking tree",
      "writing on blackboard with chalk",
      "yodelling",
      "zebra braying"
    ],
    "video_dim": 1,
    "motion_dim": 1,
    "audio_dim": 4096
  },
  "out_dir": "/home/Hongjie_Zeng/high_order_BM/runs_vggsound_full_AF007_standard_audio_cnn4096_h4_lc5_e180"
}
