[data] train=182615 test=15341 classes=309 video=1 motion=1 audio=2048 device=cuda
[model] standard input=2048 label=1545 hidden=12288 total=15881 mode=audio
[init] estimating visible bias from training set
[epoch 001] recon_mse=0.02573
[epoch 002] recon_mse=0.02427
[epoch 003] recon_mse=0.02314
[epoch 004] recon_mse=0.02259
[epoch 005] recon_mse=0.02178 quick_test_acc=0.0209 ent=5.5893
[epoch 006] recon_mse=0.02103
[epoch 007] recon_mse=0.02040
[epoch 008] recon_mse=0.01983
[epoch 009] recon_mse=0.01933
[epoch 010] recon_mse=0.01890 quick_test_acc=0.0536 ent=5.5881
[epoch 011] recon_mse=0.01853
[epoch 012] recon_mse=0.01820
[epoch 013] recon_mse=0.01790
[epoch 014] recon_mse=0.01765
[epoch 015] recon_mse=0.01741 quick_test_acc=0.0780 ent=5.5829
[epoch 016] recon_mse=0.01721
[epoch 017] recon_mse=0.01703
[epoch 018] recon_mse=0.01688
[epoch 019] recon_mse=0.01674
[epoch 020] recon_mse=0.01662 quick_test_acc=0.1038 ent=5.5753
[epoch 021] recon_mse=0.01650
[epoch 022] recon_mse=0.01640
[epoch 023] recon_mse=0.01631
[epoch 024] recon_mse=0.01623
[epoch 025] recon_mse=0.01615 quick_test_acc=0.1095 ent=5.5648
[epoch 026] recon_mse=0.01608
[epoch 027] recon_mse=0.01602
[epoch 028] recon_mse=0.01596
[epoch 029] recon_mse=0.01592
[epoch 030] recon_mse=0.01586 quick_test_acc=0.1252 ent=5.5524
[epoch 031] recon_mse=0.01582
[epoch 032] recon_mse=0.01578
[epoch 033] recon_mse=0.01574
[epoch 034] recon_mse=0.01571
[epoch 035] recon_mse=0.01568 quick_test_acc=0.1347 ent=5.5349
[epoch 036] recon_mse=0.01565
[epoch 037] recon_mse=0.01562
[epoch 038] recon_mse=0.01560
[epoch 039] recon_mse=0.01557
[epoch 040] recon_mse=0.01555 quick_test_acc=0.1362 ent=5.5144
[epoch 041] recon_mse=0.01554
[epoch 042] recon_mse=0.01551
[epoch 043] recon_mse=0.01549
[epoch 044] recon_mse=0.01547
[epoch 045] recon_mse=0.01546 quick_test_acc=0.1446 ent=5.4910
[epoch 046] recon_mse=0.01545
[epoch 047] recon_mse=0.01543
[epoch 048] recon_mse=0.01542
[epoch 049] recon_mse=0.01541
[epoch 050] recon_mse=0.01540 quick_test_acc=0.1480 ent=5.4642
[epoch 051] recon_mse=0.01538
[epoch 052] recon_mse=0.01537
[epoch 053] recon_mse=0.01535
[epoch 054] recon_mse=0.01534
[epoch 055] recon_mse=0.01533 quick_test_acc=0.1514 ent=5.4348
[epoch 056] recon_mse=0.01532
[epoch 057] recon_mse=0.01531
[epoch 058] recon_mse=0.01531
[epoch 059] recon_mse=0.01529
[epoch 060] recon_mse=0.01529 quick_test_acc=0.1596 ent=5.4018
[epoch 061] recon_mse=0.01527
[epoch 062] recon_mse=0.01526
[epoch 063] recon_mse=0.01525
[epoch 064] recon_mse=0.01525
[epoch 065] recon_mse=0.01523 quick_test_acc=0.1624 ent=5.3614
[epoch 066] recon_mse=0.01522
[epoch 067] recon_mse=0.01521
[epoch 068] recon_mse=0.01520
[epoch 069] recon_mse=0.01519
[epoch 070] recon_mse=0.01518 quick_test_acc=0.1646 ent=5.3215
[epoch 071] recon_mse=0.01518
[epoch 072] recon_mse=0.01516
[epoch 073] recon_mse=0.01516
[epoch 074] recon_mse=0.01514
[epoch 075] recon_mse=0.01514 quick_test_acc=0.1690 ent=5.2801
[epoch 076] recon_mse=0.01513
[epoch 077] recon_mse=0.01512
[epoch 078] recon_mse=0.01511
[epoch 079] recon_mse=0.01510
[epoch 080] recon_mse=0.01509 quick_test_acc=0.1722 ent=5.2330
[epoch 081] recon_mse=0.01508
[epoch 082] recon_mse=0.01506
[epoch 083] recon_mse=0.01506
[epoch 084] recon_mse=0.01505
[epoch 085] recon_mse=0.01504 quick_test_acc=0.1746 ent=5.1901
[epoch 086] recon_mse=0.01502
[epoch 087] recon_mse=0.01501
[epoch 088] recon_mse=0.01501
[epoch 089] recon_mse=0.01499
[epoch 090] recon_mse=0.01499 quick_test_acc=0.1782 ent=5.1428
[epoch 091] recon_mse=0.01498
[epoch 092] recon_mse=0.01496
[epoch 093] recon_mse=0.01496
[epoch 094] recon_mse=0.01494
[epoch 095] recon_mse=0.01494 quick_test_acc=0.1796 ent=5.0931
[epoch 096] recon_mse=0.01492
[epoch 097] recon_mse=0.01491
[epoch 098] recon_mse=0.01490
[epoch 099] recon_mse=0.01489
[epoch 100] recon_mse=0.01488 quick_test_acc=0.1825 ent=5.0454
[epoch 101] recon_mse=0.01488
[epoch 102] recon_mse=0.01486
[epoch 103] recon_mse=0.01485
[epoch 104] recon_mse=0.01484
[epoch 105] recon_mse=0.01483 quick_test_acc=0.1838 ent=5.0002
[epoch 106] recon_mse=0.01482
[epoch 107] recon_mse=0.01481
[epoch 108] recon_mse=0.01480
[epoch 109] recon_mse=0.01479
[epoch 110] recon_mse=0.01479 quick_test_acc=0.1861 ent=4.9527
[epoch 111] recon_mse=0.01477
[epoch 112] recon_mse=0.01477
[epoch 113] recon_mse=0.01475
[epoch 114] recon_mse=0.01474
[epoch 115] recon_mse=0.01473 quick_test_acc=0.1877 ent=4.9135
[epoch 116] recon_mse=0.01472
[epoch 117] recon_mse=0.01471
[epoch 118] recon_mse=0.01470
[epoch 119] recon_mse=0.01469
[epoch 120] recon_mse=0.01468 quick_test_acc=0.1901 ent=4.8693
[epoch 121] recon_mse=0.01467
[epoch 122] recon_mse=0.01466
[epoch 123] recon_mse=0.01465
[epoch 124] recon_mse=0.01464
[epoch 125] recon_mse=0.01462 quick_test_acc=0.1925 ent=4.8326
[epoch 126] recon_mse=0.01462
[epoch 127] recon_mse=0.01461
[epoch 128] recon_mse=0.01459
[epoch 129] recon_mse=0.01458
[epoch 130] recon_mse=0.01457 quick_test_acc=0.1931 ent=4.7978
[epoch 131] recon_mse=0.01457
[epoch 132] recon_mse=0.01456
[epoch 133] recon_mse=0.01455
[epoch 134] recon_mse=0.01453
[epoch 135] recon_mse=0.01454 quick_test_acc=0.1972 ent=4.7661
[epoch 136] recon_mse=0.01452
[epoch 137] recon_mse=0.01451
[epoch 138] recon_mse=0.01450
[epoch 139] recon_mse=0.01449
[epoch 140] recon_mse=0.01448 quick_test_acc=0.1986 ent=4.7382
[epoch 141] recon_mse=0.01447
[epoch 142] recon_mse=0.01445
[epoch 143] recon_mse=0.01445
[epoch 144] recon_mse=0.01443
[epoch 145] recon_mse=0.01443 quick_test_acc=0.2012 ent=4.7071
[epoch 146] recon_mse=0.01442
[epoch 147] recon_mse=0.01441
[epoch 148] recon_mse=0.01440
[epoch 149] recon_mse=0.01438
[epoch 150] recon_mse=0.01438 quick_test_acc=0.2011 ent=4.6818
[epoch 151] recon_mse=0.01437
[epoch 152] recon_mse=0.01436
[epoch 153] recon_mse=0.01435
[epoch 154] recon_mse=0.01434
[epoch 155] recon_mse=0.01433 quick_test_acc=0.2036 ent=4.6568
[epoch 156] recon_mse=0.01431
[epoch 157] recon_mse=0.01430
[epoch 158] recon_mse=0.01430
[epoch 159] recon_mse=0.01429
[epoch 160] recon_mse=0.01428 quick_test_acc=0.2041 ent=4.6334
[epoch 161] recon_mse=0.01426
[epoch 162] recon_mse=0.01426
[epoch 163] recon_mse=0.01425
[epoch 164] recon_mse=0.01424
[epoch 165] recon_mse=0.01423 quick_test_acc=0.2077 ent=4.6141
[epoch 166] recon_mse=0.01422
[epoch 167] recon_mse=0.01420
[epoch 168] recon_mse=0.01419
[epoch 169] recon_mse=0.01419
[epoch 170] recon_mse=0.01418 quick_test_acc=0.2100 ent=4.5944
[epoch 171] recon_mse=0.01417
[epoch 172] recon_mse=0.01416
[epoch 173] recon_mse=0.01415
[epoch 174] recon_mse=0.01414
[epoch 175] recon_mse=0.01412 quick_test_acc=0.2096 ent=4.5715
[epoch 176] recon_mse=0.01412
[epoch 177] recon_mse=0.01411
[epoch 178] recon_mse=0.01410
[epoch 179] recon_mse=0.01410
[epoch 180] recon_mse=0.01408 quick_test_acc=0.2132 ent=4.5583
[epoch 181] recon_mse=0.01407
[epoch 182] recon_mse=0.01406
[epoch 183] recon_mse=0.01405
[epoch 184] recon_mse=0.01404
[epoch 185] recon_mse=0.01403 quick_test_acc=0.2133 ent=4.5430
[epoch 186] recon_mse=0.01402
[epoch 187] recon_mse=0.01401
[epoch 188] recon_mse=0.01400
[epoch 189] recon_mse=0.01399
[epoch 190] recon_mse=0.01398 quick_test_acc=0.2145 ent=4.5285
[epoch 191] recon_mse=0.01397
[epoch 192] recon_mse=0.01396
[epoch 193] recon_mse=0.01396
[epoch 194] recon_mse=0.01394
[epoch 195] recon_mse=0.01393 quick_test_acc=0.2165 ent=4.5161
[epoch 196] recon_mse=0.01393
[epoch 197] recon_mse=0.01392
[epoch 198] recon_mse=0.01390
[epoch 199] recon_mse=0.01390
[epoch 200] recon_mse=0.01388 quick_test_acc=0.2170 ent=4.5047
[epoch 201] recon_mse=0.01388
[epoch 202] recon_mse=0.01387
[epoch 203] recon_mse=0.01386
[epoch 204] recon_mse=0.01384
[epoch 205] recon_mse=0.01384 quick_test_acc=0.2197 ent=4.4927
[epoch 206] recon_mse=0.01384
[epoch 207] recon_mse=0.01382
[epoch 208] recon_mse=0.01381
[epoch 209] recon_mse=0.01380
[epoch 210] recon_mse=0.01379 quick_test_acc=0.2221 ent=4.4762
[epoch 211] recon_mse=0.01378
[epoch 212] recon_mse=0.01378
[epoch 213] recon_mse=0.01376
[epoch 214] recon_mse=0.01375
[epoch 215] recon_mse=0.01374 quick_test_acc=0.2208 ent=4.4738
[epoch 216] recon_mse=0.01374
[epoch 217] recon_mse=0.01372
[epoch 218] recon_mse=0.01372
[epoch 219] recon_mse=0.01371
[epoch 220] recon_mse=0.01370 quick_test_acc=0.2201 ent=4.4636
[full_eval_best] {
  "created_at": "2026-06-19 23:59:13",
  "ckpt": "/home/Hongjie_Zeng/high_order_BM/runs_vggsound_full_AF014_standard_audio_resnet50_2048_h6_lc5_e220/best.pt",
  "ckpt_epoch": 210,
  "ckpt_best_acc": 0.22214979466788345,
  "eval_steps": 3000,
  "eval_burn_in": 500,
  "eval_thin": 2,
  "test_label_gibbs_acc": 0.20976468287595332,
  "test_label_entropy": 4.464214734236399,
  "computed_dims": {
    "input_dim": 2048,
    "label_dim": 1545,
    "hidden_dim": 12288,
    "total_pbits": 15881,
    "num_classes": 309
  },
  "data_dims": {
    "feature_npz": "/home/Hongjie_Zeng/high_order_BM/data_vggsound_full/features/vggsound_full_audio_resnet50_stft128x96_per_dim_zscore_sigmoid_seed123.npz",
    "train_size": 182615,
    "test_size": 15341,
    "num_classes": 309,
    "class_names": [
      "air conditioning noise",
      "air horn",
      "airplane",
      "airplane flyby",
      "alarm clock ringing",
      "alligators, crocodiles hissing",
      "ambulance siren",
      "arc welding",
      "baby babbling",
      "baby crying",
      "baby laughter",
      "baltimore oriole calling",
      "barn swallow calling",
      "basketball bounce",
      "bathroom ventilation fan running",
      "beat boxing",
      "bee, wasp, etc. buzzing",
      "bird chirping, tweeting",
      "bird squawking",
      "bird wings flapping",
      "black capped chickadee calling",
      "blowtorch igniting",
      "bouncing on trampoline",
      "bowling impact",
      "bull bellowing",
      "canary calling",
      "cap gun shooting",
      "car engine idling",
      "car engine knocking",
      "car engine starting",
      "car passing by",
      "cat caterwauling",
      "cat growling",
      "cat hissing",
      "cat meowing",
      "cat purring",
      "cattle mooing",
      "cattle, bovinae cowbell",
      "cell phone buzzing",
      "chainsawing trees",
      "cheetah chirrup",
      "chicken clucking",
      "chicken crowing",
      "child singing",
      "child speech, kid speaking",
      "children shouting",
      "chimpanzee pant-hooting",
      "chinchilla barking",
      "chipmunk chirping",
      "chopping food",
      "chopping wood",
      "church bell ringing",
      "civil defense siren",
      "cow lowing",
      "coyote howling",
      "cricket chirping",
      "crow cawing",
      "cuckoo bird calling",
      "cupboard opening or closing",
      "cutting hair with electric trimmers",
      "dinosaurs bellowing",
      "disc scratching",
      "dog barking",
      "dog baying",
      "dog bow-wow",
      "dog growling",
      "dog howling",
      "dog whimpering",
      "donkey, ass braying",
      "door slamming",
      "driving buses",
      "driving motorcycle",
      "driving snowmobile",
      "duck quacking",
      "eagle screaming",
      "eating with cutlery",
      "electric grinder grinding",
      "electric shaver, electric razor shaving",
      "elephant trumpeting",
      "eletric blender running",
      "elk bugling",
      "engine accelerating, revving, vroom",
      "female singing",
      "female speech, woman speaking",
      "ferret dooking",
      "fire crackling",
      "fire truck siren",
      "fireworks banging",
      "firing cannon",
      "firing muskets",
      "fly, housefly buzzing",
      "foghorn",
      "footsteps on snow",
      "forging swords",
      "fox barking",
      "francolin calling",
      "frog croaking",
      "gibbon howling",
      "goat bleating",
      "golf driving",
      "goose honking",
      "hail",
      "hair dryer drying",
      "hammering nails",
      "heart sounds, heartbeat",
      "hedge trimmer running",
      "helicopter",
      "horse clip-clop",
      "horse neighing",
      "ice cracking",
      "ice cream truck, ice cream van",
      "lathe spinning",
      "lawn mowing",
      "lighting firecrackers",
      "lions growling",
      "lions roaring",
      "lip smacking",
      "machine gun shooting",
      "magpie calling",
      "male singing",
      "male speech, man speaking",
      "metronome",
      "missile launch",
      "mosquito buzzing",
      "motorboat, speedboat acceleration",
      "mouse clicking",
      "mouse pattering",
      "mouse squeaking",
      "mynah bird singing",
      "ocean burbling",
      "opening or closing car doors",
      "opening or closing car electric windows",
      "opening or closing drawers",
      "orchestra",
      "otter growling",
      "owl hooting",
      "parrot talking",
      "penguins braying",
      "people babbling",
      "people battle cry",
      "people belly laughing",
      "people booing",
      "people burping",
      "people cheering",
      "people clapping",
      "people coughing",
      "people crowd",
      "people eating",
      "people eating apple",
      "people eating crisps",
      "people eating noodle",
      "people farting",
      "people finger snapping",
      "people gargling",
      "people giggling",
      "people hiccup",
      "people humming",
      "people marching",
      "people nose blowing",
      "people running",
      "people screaming",
      "people shuffling",
      "people slapping",
      "people slurping",
      "people sneezing",
      "people sniggering",
      "people sobbing",
      "people whispering",
      "people whistling",
      "pheasant crowing",
      "pig oinking",
      "pigeon, dove cooing",
      "planing timber",
      "plastic bottle crushing",
      "playing accordion",
      "playing acoustic guitar",
      "playing badminton",
      "playing bagpipes",
      "playing banjo",
      "playing bass drum",
      "playing bass guitar",
      "playing bassoon",
      "playing bongo",
      "playing bugle",
      "playing castanets",
      "playing cello",
      "playing clarinet",
      "playing congas",
      "playing cornet",
      "playing cymbal",
      "playing darts",
      "playing didgeridoo",
      "playing djembe",
      "playing double bass",
      "playing drum kit",
      "playing electric guitar",
      "playing electronic organ",
      "playing erhu",
      "playing flute",
      "playing french horn",
      "playing glockenspiel",
      "playing gong",
      "playing guiro",
      "playing hammond organ",
      "playing harmonica",
      "playing harp",
      "playing harpsichord",
      "playing hockey",
      "playing lacrosse",
      "playing mandolin",
      "playing marimba, xylophone",
      "playing oboe",
      "playing piano",
      "playing saxophone",
      "playing shofar",
      "playing sitar",
      "playing snare drum",
      "playing squash",
      "playing steel guitar, slide guitar",
      "playing steelpan",
      "playing synthesizer",
      "playing tabla",
      "playing table tennis",
      "playing tambourine",
      "playing tennis",
      "playing theremin",
      "playing timbales",
      "playing timpani",
      "playing trombone",
      "playing trumpet",
      "playing tuning fork",
      "playing tympani",
      "playing ukulele",
      "playing vibraphone",
      "playing violin, fiddle",
      "playing volleyball",
      "playing washboard",
      "playing zither",
      "police car (siren)",
      "police radio chatter",
      "popping popcorn",
      "printer printing",
      "pumping water",
      "race car, auto racing",
      "railroad car, train wagon",
      "raining",
      "rapping",
      "reversing beeps",
      "ripping paper",
      "roller coaster running",
      "rope skipping",
      "rowboat, canoe, kayak rowing",
      "running electric fan",
      "sailing",
      "scuba diving",
      "sea lion barking",
      "sea waves",
      "sharpen knife",
      "sheep bleating",
      "shot football",
      "singing bowl",
      "singing choir",
      "skateboarding",
      "skidding",
      "skiing",
      "sliding door",
      "sloshing water",
      "slot machine",
      "smoke detector beeping",
      "snake hissing",
      "snake rattling",
      "splashing water",
      "spraying water",
      "squishing water",
      "stream burbling",
      "strike lighter",
      "striking bowling",
      "striking pool",
      "subway, metro, underground",
      "swimming",
      "tap dancing",
      "tapping guitar",
      "telephone bell ringing",
      "thunder",
      "toilet flushing",
      "tornado roaring",
      "tractor digging",
      "train horning",
      "train wheels squealing",
      "train whistling",
      "turkey gobbling",
      "typing on computer keyboard",
      "typing on typewriter",
      "underwater bubbling",
      "using sewing machines",
      "vacuum cleaner cleaning floors",
      "vehicle horn, car horn, honking",
      "volcano explosion",
      "warbler chirping",
      "waterfall burbling",
      "whale calling",
      "wind chime",
      "wind noise",
      "wind rustling leaves",
      "wood thrush calling",
      "woodpecker pecking tree",
      "writing on blackboard with chalk",
      "yodelling",
      "zebra braying"
    ],
    "video_dim": 1,
    "motion_dim": 1,
    "audio_dim": 2048
  }
}
{
  "experiment_id": "AF014_standard_audio_resnet50_2048_h6_lc5_e220",
  "finished_at": "2026-06-19 23:59:13",
  "model_type": "standard",
  "best_epoch": 210,
  "best_acc_selection_metric": 0.22214979466788345,
  "final_epoch": 220,
  "final_test_label_gibbs_acc": 0.2200638811029268,
  "full_eval_best_acc": 0.20976468287595332,
  "computed_dims": {
    "input_dim": 2048,
    "label_dim": 1545,
    "hidden_dim": 12288,
    "total_pbits": 15881,
    "num_classes": 309
  },
  "data_dims": {
    "feature_npz": "/home/Hongjie_Zeng/high_order_BM/data_vggsound_full/features/vggsound_full_audio_resnet50_stft128x96_per_dim_zscore_sigmoid_seed123.npz",
    "train_size": 182615,
    "test_size": 15341,
    "num_classes": 309,
    "class_names": [
      "air conditioning noise",
      "air horn",
      "airplane",
      "airplane flyby",
      "alarm clock ringing",
      "alligators, crocodiles hissing",
      "ambulance siren",
      "arc welding",
      "baby babbling",
      "baby crying",
      "baby laughter",
      "baltimore oriole calling",
      "barn swallow calling",
      "basketball bounce",
      "bathroom ventilation fan running",
      "beat boxing",
      "bee, wasp, etc. buzzing",
      "bird chirping, tweeting",
      "bird squawking",
      "bird wings flapping",
      "black capped chickadee calling",
      "blowtorch igniting",
      "bouncing on trampoline",
      "bowling impact",
      "bull bellowing",
      "canary calling",
      "cap gun shooting",
      "car engine idling",
      "car engine knocking",
      "car engine starting",
      "car passing by",
      "cat caterwauling",
      "cat growling",
      "cat hissing",
      "cat meowing",
      "cat purring",
      "cattle mooing",
      "cattle, bovinae cowbell",
      "cell phone buzzing",
      "chainsawing trees",
      "cheetah chirrup",
      "chicken clucking",
      "chicken crowing",
      "child singing",
      "child speech, kid speaking",
      "children shouting",
      "chimpanzee pant-hooting",
      "chinchilla barking",
      "chipmunk chirping",
      "chopping food",
      "chopping wood",
      "church bell ringing",
      "civil defense siren",
      "cow lowing",
      "coyote howling",
      "cricket chirping",
      "crow cawing",
      "cuckoo bird calling",
      "cupboard opening or closing",
      "cutting hair with electric trimmers",
      "dinosaurs bellowing",
      "disc scratching",
      "dog barking",
      "dog baying",
      "dog bow-wow",
      "dog growling",
      "dog howling",
      "dog whimpering",
      "donkey, ass braying",
      "door slamming",
      "driving buses",
      "driving motorcycle",
      "driving snowmobile",
      "duck quacking",
      "eagle screaming",
      "eating with cutlery",
      "electric grinder grinding",
      "electric shaver, electric razor shaving",
      "elephant trumpeting",
      "eletric blender running",
      "elk bugling",
      "engine accelerating, revving, vroom",
      "female singing",
      "female speech, woman speaking",
      "ferret dooking",
      "fire crackling",
      "fire truck siren",
      "fireworks banging",
      "firing cannon",
      "firing muskets",
      "fly, housefly buzzing",
      "foghorn",
      "footsteps on snow",
      "forging swords",
      "fox barking",
      "francolin calling",
      "frog croaking",
      "gibbon howling",
      "goat bleating",
      "golf driving",
      "goose honking",
      "hail",
      "hair dryer drying",
      "hammering nails",
      "heart sounds, heartbeat",
      "hedge trimmer running",
      "helicopter",
      "horse clip-clop",
      "horse neighing",
      "ice cracking",
      "ice cream truck, ice cream van",
      "lathe spinning",
      "lawn mowing",
      "lighting firecrackers",
      "lions growling",
      "lions roaring",
      "lip smacking",
      "machine gun shooting",
      "magpie calling",
      "male singing",
      "male speech, man speaking",
      "metronome",
      "missile launch",
      "mosquito buzzing",
      "motorboat, speedboat acceleration",
      "mouse clicking",
      "mouse pattering",
      "mouse squeaking",
      "mynah bird singing",
      "ocean burbling",
      "opening or closing car doors",
      "opening or closing car electric windows",
      "opening or closing drawers",
      "orchestra",
      "otter growling",
      "owl hooting",
      "parrot talking",
      "penguins braying",
      "people babbling",
      "people battle cry",
      "people belly laughing",
      "people booing",
      "people burping",
      "people cheering",
      "people clapping",
      "people coughing",
      "people crowd",
      "people eating",
      "people eating apple",
      "people eating crisps",
      "people eating noodle",
      "people farting",
      "people finger snapping",
      "people gargling",
      "people giggling",
      "people hiccup",
      "people humming",
      "people marching",
      "people nose blowing",
      "people running",
      "people screaming",
      "people shuffling",
      "people slapping",
      "people slurping",
      "people sneezing",
      "people sniggering",
      "people sobbing",
      "people whispering",
      "people whistling",
      "pheasant crowing",
      "pig oinking",
      "pigeon, dove cooing",
      "planing timber",
      "plastic bottle crushing",
      "playing accordion",
      "playing acoustic guitar",
      "playing badminton",
      "playing bagpipes",
      "playing banjo",
      "playing bass drum",
      "playing bass guitar",
      "playing bassoon",
      "playing bongo",
      "playing bugle",
      "playing castanets",
      "playing cello",
      "playing clarinet",
      "playing congas",
      "playing cornet",
      "playing cymbal",
      "playing darts",
      "playing didgeridoo",
      "playing djembe",
      "playing double bass",
      "playing drum kit",
      "playing electric guitar",
      "playing electronic organ",
      "playing erhu",
      "playing flute",
      "playing french horn",
      "playing glockenspiel",
      "playing gong",
      "playing guiro",
      "playing hammond organ",
      "playing harmonica",
      "playing harp",
      "playing harpsichord",
      "playing hockey",
      "playing lacrosse",
      "playing mandolin",
      "playing marimba, xylophone",
      "playing oboe",
      "playing piano",
      "playing saxophone",
      "playing shofar",
      "playing sitar",
      "playing snare drum",
      "playing squash",
      "playing steel guitar, slide guitar",
      "playing steelpan",
      "playing synthesizer",
      "playing tabla",
      "playing table tennis",
      "playing tambourine",
      "playing tennis",
      "playing theremin",
      "playing timbales",
      "playing timpani",
      "playing trombone",
      "playing trumpet",
      "playing tuning fork",
      "playing tympani",
      "playing ukulele",
      "playing vibraphone",
      "playing violin, fiddle",
      "playing volleyball",
      "playing washboard",
      "playing zither",
      "police car (siren)",
      "police radio chatter",
      "popping popcorn",
      "printer printing",
      "pumping water",
      "race car, auto racing",
      "railroad car, train wagon",
      "raining",
      "rapping",
      "reversing beeps",
      "ripping paper",
      "roller coaster running",
      "rope skipping",
      "rowboat, canoe, kayak rowing",
      "running electric fan",
      "sailing",
      "scuba diving",
      "sea lion barking",
      "sea waves",
      "sharpen knife",
      "sheep bleating",
      "shot football",
      "singing bowl",
      "singing choir",
      "skateboarding",
      "skidding",
      "skiing",
      "sliding door",
      "sloshing water",
      "slot machine",
      "smoke detector beeping",
      "snake hissing",
      "snake rattling",
      "splashing water",
      "spraying water",
      "squishing water",
      "stream burbling",
      "strike lighter",
      "striking bowling",
      "striking pool",
      "subway, metro, underground",
      "swimming",
      "tap dancing",
      "tapping guitar",
      "telephone bell ringing",
      "thunder",
      "toilet flushing",
      "tornado roaring",
      "tractor digging",
      "train horning",
      "train wheels squealing",
      "train whistling",
      "turkey gobbling",
      "typing on computer keyboard",
      "typing on typewriter",
      "underwater bubbling",
      "using sewing machines",
      "vacuum cleaner cleaning floors",
      "vehicle horn, car horn, honking",
      "volcano explosion",
      "warbler chirping",
      "waterfall burbling",
      "whale calling",
      "wind chime",
      "wind noise",
      "wind rustling leaves",
      "wood thrush calling",
      "woodpecker pecking tree",
      "writing on blackboard with chalk",
      "yodelling",
      "zebra braying"
    ],
    "video_dim": 1,
    "motion_dim": 1,
    "audio_dim": 2048
  },
  "out_dir": "/home/Hongjie_Zeng/high_order_BM/runs_vggsound_full_AF014_standard_audio_resnet50_2048_h6_lc5_e220"
}
