[2026-06-20 21:14:12] train full video LSTM encoder device=cuda seq_npz=/home/Hongjie_Zeng/high_order_BM/data_vggsound_full/features/vggsound_full_video_resnet50_seq_f16_s224_allclasses.npz
[epoch 001] ce=2.2113
[epoch 002] ce=1.5872
[epoch 003] ce=1.3606
[epoch 004] ce=1.1675
[epoch 005] ce=0.9852 train_top1=0.7800 train_top5=0.9602 test_top1=0.4240 test_top5=0.6616
[epoch 006] ce=0.8119
[epoch 007] ce=0.6535
[epoch 008] ce=0.5184
[epoch 009] ce=0.4110
[epoch 010] ce=0.3264 train_top1=0.9355 train_top5=0.9978 test_top1=0.4109 test_top5=0.6362
[epoch 011] ce=0.2700
[epoch 012] ce=0.2232
[epoch 013] ce=0.1939
[epoch 014] ce=0.1676
[epoch 015] ce=0.1511 train_top1=0.9653 train_top5=0.9994 test_top1=0.4062 test_top5=0.6333
[epoch 016] ce=0.1364
[epoch 017] ce=0.1288
[epoch 018] ce=0.1185
[epoch 019] ce=0.1083
[epoch 020] ce=0.1030 train_top1=0.9814 train_top5=0.9995 test_top1=0.4163 test_top5=0.6370
[epoch 021] ce=0.0979
[epoch 022] ce=0.0922
[epoch 023] ce=0.0887
[epoch 024] ce=0.0810
[epoch 025] ce=0.0801 train_top1=0.9844 train_top5=0.9995 test_top1=0.4205 test_top5=0.6260
[epoch 026] ce=0.0778
[epoch 027] ce=0.0720
[epoch 028] ce=0.0716
[epoch 029] ce=0.0667
[epoch 030] ce=0.0669 train_top1=0.9897 train_top5=0.9996 test_top1=0.4165 test_top5=0.6314
[epoch 031] ce=0.0630
[epoch 032] ce=0.0628
[epoch 033] ce=0.0593
[epoch 034] ce=0.0585
[epoch 035] ce=0.0551 train_top1=0.9905 train_top5=0.9997 test_top1=0.4199 test_top5=0.6307
[epoch 036] ce=0.0533
[epoch 037] ce=0.0553
[epoch 038] ce=0.0515
[epoch 039] ce=0.0499
[epoch 040] ce=0.0511 train_top1=0.9914 train_top5=0.9997 test_top1=0.4117 test_top5=0.6258
[epoch 041] ce=0.0470
[epoch 042] ce=0.0472
[epoch 043] ce=0.0444
[epoch 044] ce=0.0450
[epoch 045] ce=0.0471 train_top1=0.9937 train_top5=0.9997 test_top1=0.4181 test_top5=0.6236
[epoch 046] ce=0.0416
[epoch 047] ce=0.0428
[epoch 048] ce=0.0424
[epoch 049] ce=0.0418
[epoch 050] ce=0.0406 train_top1=0.9943 train_top5=0.9997 test_top1=0.4206 test_top5=0.6228
{
  "experiment_id": "VLF003",
  "created_at": "2026-06-20 21:34:42",
  "seq_npz": "/home/Hongjie_Zeng/high_order_BM/data_vggsound_full/features/vggsound_full_video_resnet50_seq_f16_s224_allclasses.npz",
  "out_npz": "/home/Hongjie_Zeng/high_order_BM/data_vggsound_full/features/vggsound_full_video_lstm8192_resnet50_f16_h1024_p1024_seed123.npz",
  "out_history": "/home/Hongjie_Zeng/high_order_BM/data_vggsound_full/features/vggsound_full_video_lstm8192_resnet50_f16_h1024_p1024_seed123_history.json",
  "out_ckpt_last": "/home/Hongjie_Zeng/high_order_BM/data_vggsound_full/features/vggsound_full_video_lstm8192_resnet50_f16_h1024_p1024_seed123_teacher.pt",
  "out_ckpt_best": "/home/Hongjie_Zeng/high_order_BM/data_vggsound_full/features/vggsound_full_video_lstm8192_resnet50_f16_h1024_p1024_seed123_teacher_best.pt",
  "teacher_best_epoch": 5,
  "teacher_best_test_top1": 0.42396193207743954,
  "teacher_best_test_acc": 0.42396193207743954,
  "embedding_dim": 8192,
  "proj_dim": 1024,
  "lstm_hidden": 1024,
  "lstm_layers": 1,
  "normalize": "per_dim_zscore_sigmoid",
  "normalization_params_summary": {
    "mode": "per_dim_zscore_sigmoid",
    "mu_mean": 0.0561860129237175,
    "sd_mean": 0.10962676256895065
  },
  "train_size": 182615,
  "test_size": 15341,
  "num_classes": 309,
  "class_names": [
    "air conditioning noise",
    "air horn",
    "airplane",
    "airplane flyby",
    "alarm clock ringing",
    "alligators, crocodiles hissing",
    "ambulance siren",
    "arc welding",
    "baby babbling",
    "baby crying",
    "baby laughter",
    "baltimore oriole calling",
    "barn swallow calling",
    "basketball bounce",
    "bathroom ventilation fan running",
    "beat boxing",
    "bee, wasp, etc. buzzing",
    "bird chirping, tweeting",
    "bird squawking",
    "bird wings flapping",
    "black capped chickadee calling",
    "blowtorch igniting",
    "bouncing on trampoline",
    "bowling impact",
    "bull bellowing",
    "canary calling",
    "cap gun shooting",
    "car engine idling",
    "car engine knocking",
    "car engine starting",
    "car passing by",
    "cat caterwauling",
    "cat growling",
    "cat hissing",
    "cat meowing",
    "cat purring",
    "cattle mooing",
    "cattle, bovinae cowbell",
    "cell phone buzzing",
    "chainsawing trees",
    "cheetah chirrup",
    "chicken clucking",
    "chicken crowing",
    "child singing",
    "child speech, kid speaking",
    "children shouting",
    "chimpanzee pant-hooting",
    "chinchilla barking",
    "chipmunk chirping",
    "chopping food",
    "chopping wood",
    "church bell ringing",
    "civil defense siren",
    "cow lowing",
    "coyote howling",
    "cricket chirping",
    "crow cawing",
    "cuckoo bird calling",
    "cupboard opening or closing",
    "cutting hair with electric trimmers",
    "dinosaurs bellowing",
    "disc scratching",
    "dog barking",
    "dog baying",
    "dog bow-wow",
    "dog growling",
    "dog howling",
    "dog whimpering",
    "donkey, ass braying",
    "door slamming",
    "driving buses",
    "driving motorcycle",
    "driving snowmobile",
    "duck quacking",
    "eagle screaming",
    "eating with cutlery",
    "electric grinder grinding",
    "electric shaver, electric razor shaving",
    "elephant trumpeting",
    "eletric blender running",
    "elk bugling",
    "engine accelerating, revving, vroom",
    "female singing",
    "female speech, woman speaking",
    "ferret dooking",
    "fire crackling",
    "fire truck siren",
    "fireworks banging",
    "firing cannon",
    "firing muskets",
    "fly, housefly buzzing",
    "foghorn",
    "footsteps on snow",
    "forging swords",
    "fox barking",
    "francolin calling",
    "frog croaking",
    "gibbon howling",
    "goat bleating",
    "golf driving",
    "goose honking",
    "hail",
    "hair dryer drying",
    "hammering nails",
    "heart sounds, heartbeat",
    "hedge trimmer running",
    "helicopter",
    "horse clip-clop",
    "horse neighing",
    "ice cracking",
    "ice cream truck, ice cream van",
    "lathe spinning",
    "lawn mowing",
    "lighting firecrackers",
    "lions growling",
    "lions roaring",
    "lip smacking",
    "machine gun shooting",
    "magpie calling",
    "male singing",
    "male speech, man speaking",
    "metronome",
    "missile launch",
    "mosquito buzzing",
    "motorboat, speedboat acceleration",
    "mouse clicking",
    "mouse pattering",
    "mouse squeaking",
    "mynah bird singing",
    "ocean burbling",
    "opening or closing car doors",
    "opening or closing car electric windows",
    "opening or closing drawers",
    "orchestra",
    "otter growling",
    "owl hooting",
    "parrot talking",
    "penguins braying",
    "people babbling",
    "people battle cry",
    "people belly laughing",
    "people booing",
    "people burping",
    "people cheering",
    "people clapping",
    "people coughing",
    "people crowd",
    "people eating",
    "people eating apple",
    "people eating crisps",
    "people eating noodle",
    "people farting",
    "people finger snapping",
    "people gargling",
    "people giggling",
    "people hiccup",
    "people humming",
    "people marching",
    "people nose blowing",
    "people running",
    "people screaming",
    "people shuffling",
    "people slapping",
    "people slurping",
    "people sneezing",
    "people sniggering",
    "people sobbing",
    "people whispering",
    "people whistling",
    "pheasant crowing",
    "pig oinking",
    "pigeon, dove cooing",
    "planing timber",
    "plastic bottle crushing",
    "playing accordion",
    "playing acoustic guitar",
    "playing badminton",
    "playing bagpipes",
    "playing banjo",
    "playing bass drum",
    "playing bass guitar",
    "playing bassoon",
    "playing bongo",
    "playing bugle",
    "playing castanets",
    "playing cello",
    "playing clarinet",
    "playing congas",
    "playing cornet",
    "playing cymbal",
    "playing darts",
    "playing didgeridoo",
    "playing djembe",
    "playing double bass",
    "playing drum kit",
    "playing electric guitar",
    "playing electronic organ",
    "playing erhu",
    "playing flute",
    "playing french horn",
    "playing glockenspiel",
    "playing gong",
    "playing guiro",
    "playing hammond organ",
    "playing harmonica",
    "playing harp",
    "playing harpsichord",
    "playing hockey",
    "playing lacrosse",
    "playing mandolin",
    "playing marimba, xylophone",
    "playing oboe",
    "playing piano",
    "playing saxophone",
    "playing shofar",
    "playing sitar",
    "playing snare drum",
    "playing squash",
    "playing steel guitar, slide guitar",
    "playing steelpan",
    "playing synthesizer",
    "playing tabla",
    "playing table tennis",
    "playing tambourine",
    "playing tennis",
    "playing theremin",
    "playing timbales",
    "playing timpani",
    "playing trombone",
    "playing trumpet",
    "playing tuning fork",
    "playing tympani",
    "playing ukulele",
    "playing vibraphone",
    "playing violin, fiddle",
    "playing volleyball",
    "playing washboard",
    "playing zither",
    "police car (siren)",
    "police radio chatter",
    "popping popcorn",
    "printer printing",
    "pumping water",
    "race car, auto racing",
    "railroad car, train wagon",
    "raining",
    "rapping",
    "reversing beeps",
    "ripping paper",
    "roller coaster running",
    "rope skipping",
    "rowboat, canoe, kayak rowing",
    "running electric fan",
    "sailing",
    "scuba diving",
    "sea lion barking",
    "sea waves",
    "sharpen knife",
    "sheep bleating",
    "shot football",
    "singing bowl",
    "singing choir",
    "skateboarding",
    "skidding",
    "skiing",
    "sliding door",
    "sloshing water",
    "slot machine",
    "smoke detector beeping",
    "snake hissing",
    "snake rattling",
    "splashing water",
    "spraying water",
    "squishing water",
    "stream burbling",
    "strike lighter",
    "striking bowling",
    "striking pool",
    "subway, metro, underground",
    "swimming",
    "tap dancing",
    "tapping guitar",
    "telephone bell ringing",
    "thunder",
    "toilet flushing",
    "tornado roaring",
    "tractor digging",
    "train horning",
    "train wheels squealing",
    "train whistling",
    "turkey gobbling",
    "typing on computer keyboard",
    "typing on typewriter",
    "underwater bubbling",
    "using sewing machines",
    "vacuum cleaner cleaning floors",
    "vehicle horn, car horn, honking",
    "volcano explosion",
    "warbler chirping",
    "waterfall burbling",
    "whale calling",
    "wind chime",
    "wind noise",
    "wind rustling leaves",
    "wood thrush calling",
    "woodpecker pecking tree",
    "writing on blackboard with chalk",
    "yodelling",
    "zebra braying"
  ],
  "note": "Embeddings are supervised video BiLSTM features from per-frame ResNet50 sequence features. Final BM eval uses train_vggsound_mini20_bm.py with input_mode=video."
}
