{
  "created_at": "2026-06-05 21:50:09",
  "args": {
    "data_dir": ".",
    "out_npz": "/home/Hongjie_Zeng/high_order_BM/runs_twoport1024_teacher_latefusion_lam05/latefusion_teacher_lam05_train_test.npz",
    "log_path": "./twoport_1024_optimization_log.md",
    "experiment_id": "TEACHER_LF05",
    "image_ckpt": "./runs_rbm_wsd_lc5_p1000_20x20_mnist20crop_e100/best.pt",
    "audio_ckpt": "./runs_audioonly_mlp_raw507_zsig/best.pt",
    "lambda_audio": 0.5,
    "eval_batch_size": 128,
    "eval_steps": 3000,
    "eval_burn_in": 500,
    "eval_thin": 2,
    "label_init": "random_onehot",
    "seed": 123,
    "max_train": 0,
    "max_test": 0,
    "cpu": false
  },
  "image_args": {
    "model": "rbm",
    "dataset": "wsd",
    "data_dir": ".",
    "out_dir": "./runs_rbm_wsd_lc5_p1000_20x20_mnist20crop_e100",
    "seed": 123,
    "total_pbits": 1000,
    "image_size": 20,
    "image_downsample": "mnist20_com_crop",
    "label_copies": 5,
    "epochs": 100,
    "batch_size": 50,
    "eval_batch_size": 128,
    "num_workers": 2,
    "max_train": 0,
    "max_test": 0,
    "audio_scale": "zscore_sigmoid",
    "audio_layout": "time40_fold",
    "rbm_image_mode": "threshold",
    "cd_k": 1,
    "lr": 0.0015,
    "momentum": 0.6,
    "weight_decay": 0.0001,
    "init_std": 0.01,
    "beta_train": 1.0,
    "beta_eval": 1.0,
    "eval_every": 2,
    "eval_steps": 3000,
    "eval_burn_in": 500,
    "eval_thin": 2,
    "label_init": "random_onehot",
    "neg_init": "data",
    "label_update": "binary",
    "label_inhibit": 0.3,
    "fusion": "coupled",
    "gamma_h": 0.5,
    "gamma_l": 0.5,
    "label_condition": "both",
    "field_clip": 8.0,
    "weight_clip": 1.5,
    "grad_clip": 10.0,
    "pos_hidden_probs": false
  },
  "audio_args": {
    "model": "mlp",
    "dataset": "wsd",
    "data_dir": ".",
    "out_dir": "./runs_audioonly_mlp_raw507_zsig",
    "seed": 123,
    "max_train": 0,
    "max_test": 0,
    "num_workers": 2,
    "audio_repr": "raw507",
    "audio_scale": "zscore_sigmoid",
    "shuffle_train_labels": false,
    "epochs": 80,
    "batch_size": 64,
    "eval_batch_size": 256,
    "lr": 0.001,
    "weight_decay": 0.0001,
    "grad_clip": 0.0,
    "eval_every": 1,
    "label_copies": 5,
    "total_pbits": 1000,
    "cd_k": 1,
    "momentum": 0.6,
    "init_weight_std": 0.01,
    "init_visible_bias": true,
    "rbm_audio_mode": "prob",
    "eval_steps": 3000,
    "eval_burn_in": 500,
    "eval_thin": 2,
    "label_init": "random_onehot",
    "mlp_hidden1": 512,
    "mlp_hidden2": 256,
    "mlp_dropout": 0.1
  },
  "train_image_acc": 0.92905,
  "test_image_acc": 0.9302,
  "train_audio_acc": 0.99575,
  "test_audio_acc": 0.8338,
  "train_teacher_acc": 0.9963666666666666,
  "test_teacher_acc": 0.9861
}
