[2026-06-28 01:54:45] train RGB+motion fused encoder device=cuda seq_npz=/home/Hongjie_Zeng/high_order_BM/data_vggsound_full/rgb_motion_fused/vggsound_full_rgbmotion_seq_resnet50_f16_s224.npz
[data_parallel] using 2 GPUs for RGB+motion fused encoder
[epoch 001] ce=2.3254
[epoch 002] ce=1.6356
[epoch 003] ce=1.4146
[epoch 004] ce=1.2332
[epoch 005] ce=1.0775 train_top1=0.7431 train_top5=0.9438 test_top1=0.4129 test_top5=0.6556
[epoch 006] ce=0.9298
[epoch 007] ce=0.7921
[epoch 008] ce=0.6699
[epoch 009] ce=0.5617
[epoch 010] ce=0.4651 train_top1=0.9051 train_top5=0.9926 test_top1=0.4212 test_top5=0.6457
[epoch 011] ce=0.3874
[epoch 012] ce=0.3227
[epoch 013] ce=0.2760
[epoch 014] ce=0.2343
[epoch 015] ce=0.2008 train_top1=0.9647 train_top5=0.9991 test_top1=0.4152 test_top5=0.6333
[epoch 016] ce=0.1769
[epoch 017] ce=0.1574
[epoch 018] ce=0.1394
[epoch 019] ce=0.1290
[epoch 020] ce=0.1220 train_top1=0.9798 train_top5=0.9996 test_top1=0.4151 test_top5=0.6279
[epoch 021] ce=0.1130
[epoch 022] ce=0.1041
[epoch 023] ce=0.0979
[epoch 024] ce=0.0957
[epoch 025] ce=0.0899 train_top1=0.9845 train_top5=0.9996 test_top1=0.4081 test_top5=0.6252
[epoch 026] ce=0.0847
[epoch 027] ce=0.0826
[epoch 028] ce=0.0780
[epoch 029] ce=0.0752
[epoch 030] ce=0.0738 train_top1=0.9893 train_top5=0.9997 test_top1=0.4142 test_top5=0.6230
[epoch 031] ce=0.0727
[epoch 032] ce=0.0684
[epoch 033] ce=0.0672
[epoch 034] ce=0.0638
[epoch 035] ce=0.0595 train_top1=0.9891 train_top5=0.9997 test_top1=0.4161 test_top5=0.6218
[epoch 036] ce=0.0596
[epoch 037] ce=0.0602
[epoch 038] ce=0.0559
[epoch 039] ce=0.0569
[epoch 040] ce=0.0532 train_top1=0.9918 train_top5=0.9998 test_top1=0.4135 test_top5=0.6221
[epoch 041] ce=0.0520
[epoch 042] ce=0.0506
[epoch 043] ce=0.0468
[epoch 044] ce=0.0512
[epoch 045] ce=0.0484 train_top1=0.9937 train_top5=0.9997 test_top1=0.4138 test_top5=0.6256
[epoch 046] ce=0.0465
[epoch 047] ce=0.0442
[epoch 048] ce=0.0458
[epoch 049] ce=0.0440
[epoch 050] ce=0.0408 train_top1=0.9932 train_top5=0.9998 test_top1=0.4143 test_top5=0.6235
[epoch 051] ce=0.0422
[epoch 052] ce=0.0438
[epoch 053] ce=0.0393
[epoch 054] ce=0.0402
[epoch 055] ce=0.0394 train_top1=0.9943 train_top5=0.9998 test_top1=0.4236 test_top5=0.6260
[epoch 056] ce=0.0398
[epoch 057] ce=0.0401
[epoch 058] ce=0.0352
[epoch 059] ce=0.0369
[epoch 060] ce=0.0357 train_top1=0.9952 train_top5=0.9998 test_top1=0.4196 test_top5=0.6294
{
  "experiment_id": "P3V001_rgbmotion_fused_video4096",
  "created_at": "2026-06-28 02:31:52",
  "seq_npz": "/home/Hongjie_Zeng/high_order_BM/data_vggsound_full/rgb_motion_fused/vggsound_full_rgbmotion_seq_resnet50_f16_s224.npz",
  "out_npz": "/home/Hongjie_Zeng/high_order_BM/data_vggsound_full/rgb_motion_fused/vggsound_full_rgbmotion_fused_video4096_resnet50_f16_s224_seed351.npz",
  "out_history": "/home/Hongjie_Zeng/high_order_BM/data_vggsound_full/rgb_motion_fused/vggsound_full_rgbmotion_fused_video4096_resnet50_f16_s224_seed351_history.json",
  "out_ckpt_last": "/home/Hongjie_Zeng/high_order_BM/data_vggsound_full/rgb_motion_fused/vggsound_full_rgbmotion_fused_video4096_resnet50_f16_s224_seed351_teacher.pt",
  "out_ckpt_best": "/home/Hongjie_Zeng/high_order_BM/data_vggsound_full/rgb_motion_fused/vggsound_full_rgbmotion_fused_video4096_resnet50_f16_s224_seed351_teacher_best.pt",
  "teacher_best_epoch": 55,
  "teacher_best_test_top1": 0.4235708232840102,
  "embedding_dim": 4096,
  "proj_dim": 768,
  "lstm_hidden": 768,
  "lstm_layers": 1,
  "normalize": "per_dim_zscore_sigmoid",
  "normalization_params_summary": {
    "mode": "per_dim_zscore_sigmoid",
    "mu_mean": 0.06797539442777634,
    "sd_mean": 0.1587938815355301
  },
  "train_size": 182615,
  "test_size": 15341,
  "num_classes": 309,
  "class_names": [
    "air conditioning noise",
    "air horn",
    "airplane",
    "airplane flyby",
    "alarm clock ringing",
    "alligators, crocodiles hissing",
    "ambulance siren",
    "arc welding",
    "baby babbling",
    "baby crying",
    "baby laughter",
    "baltimore oriole calling",
    "barn swallow calling",
    "basketball bounce",
    "bathroom ventilation fan running",
    "beat boxing",
    "bee, wasp, etc. buzzing",
    "bird chirping, tweeting",
    "bird squawking",
    "bird wings flapping",
    "black capped chickadee calling",
    "blowtorch igniting",
    "bouncing on trampoline",
    "bowling impact",
    "bull bellowing",
    "canary calling",
    "cap gun shooting",
    "car engine idling",
    "car engine knocking",
    "car engine starting",
    "car passing by",
    "cat caterwauling",
    "cat growling",
    "cat hissing",
    "cat meowing",
    "cat purring",
    "cattle mooing",
    "cattle, bovinae cowbell",
    "cell phone buzzing",
    "chainsawing trees",
    "cheetah chirrup",
    "chicken clucking",
    "chicken crowing",
    "child singing",
    "child speech, kid speaking",
    "children shouting",
    "chimpanzee pant-hooting",
    "chinchilla barking",
    "chipmunk chirping",
    "chopping food",
    "chopping wood",
    "church bell ringing",
    "civil defense siren",
    "cow lowing",
    "coyote howling",
    "cricket chirping",
    "crow cawing",
    "cuckoo bird calling",
    "cupboard opening or closing",
    "cutting hair with electric trimmers",
    "dinosaurs bellowing",
    "disc scratching",
    "dog barking",
    "dog baying",
    "dog bow-wow",
    "dog growling",
    "dog howling",
    "dog whimpering",
    "donkey, ass braying",
    "door slamming",
    "driving buses",
    "driving motorcycle",
    "driving snowmobile",
    "duck quacking",
    "eagle screaming",
    "eating with cutlery",
    "electric grinder grinding",
    "electric shaver, electric razor shaving",
    "elephant trumpeting",
    "eletric blender running",
    "elk bugling",
    "engine accelerating, revving, vroom",
    "female singing",
    "female speech, woman speaking",
    "ferret dooking",
    "fire crackling",
    "fire truck siren",
    "fireworks banging",
    "firing cannon",
    "firing muskets",
    "fly, housefly buzzing",
    "foghorn",
    "footsteps on snow",
    "forging swords",
    "fox barking",
    "francolin calling",
    "frog croaking",
    "gibbon howling",
    "goat bleating",
    "golf driving",
    "goose honking",
    "hail",
    "hair dryer drying",
    "hammering nails",
    "heart sounds, heartbeat",
    "hedge trimmer running",
    "helicopter",
    "horse clip-clop",
    "horse neighing",
    "ice cracking",
    "ice cream truck, ice cream van",
    "lathe spinning",
    "lawn mowing",
    "lighting firecrackers",
    "lions growling",
    "lions roaring",
    "lip smacking",
    "machine gun shooting",
    "magpie calling",
    "male singing",
    "male speech, man speaking",
    "metronome",
    "missile launch",
    "mosquito buzzing",
    "motorboat, speedboat acceleration",
    "mouse clicking",
    "mouse pattering",
    "mouse squeaking",
    "mynah bird singing",
    "ocean burbling",
    "opening or closing car doors",
    "opening or closing car electric windows",
    "opening or closing drawers",
    "orchestra",
    "otter growling",
    "owl hooting",
    "parrot talking",
    "penguins braying",
    "people babbling",
    "people battle cry",
    "people belly laughing",
    "people booing",
    "people burping",
    "people cheering",
    "people clapping",
    "people coughing",
    "people crowd",
    "people eating",
    "people eating apple",
    "people eating crisps",
    "people eating noodle",
    "people farting",
    "people finger snapping",
    "people gargling",
    "people giggling",
    "people hiccup",
    "people humming",
    "people marching",
    "people nose blowing",
    "people running",
    "people screaming",
    "people shuffling",
    "people slapping",
    "people slurping",
    "people sneezing",
    "people sniggering",
    "people sobbing",
    "people whispering",
    "people whistling",
    "pheasant crowing",
    "pig oinking",
    "pigeon, dove cooing",
    "planing timber",
    "plastic bottle crushing",
    "playing accordion",
    "playing acoustic guitar",
    "playing badminton",
    "playing bagpipes",
    "playing banjo",
    "playing bass drum",
    "playing bass guitar",
    "playing bassoon",
    "playing bongo",
    "playing bugle",
    "playing castanets",
    "playing cello",
    "playing clarinet",
    "playing congas",
    "playing cornet",
    "playing cymbal",
    "playing darts",
    "playing didgeridoo",
    "playing djembe",
    "playing double bass",
    "playing drum kit",
    "playing electric guitar",
    "playing electronic organ",
    "playing erhu",
    "playing flute",
    "playing french horn",
    "playing glockenspiel",
    "playing gong",
    "playing guiro",
    "playing hammond organ",
    "playing harmonica",
    "playing harp",
    "playing harpsichord",
    "playing hockey",
    "playing lacrosse",
    "playing mandolin",
    "playing marimba, xylophone",
    "playing oboe",
    "playing piano",
    "playing saxophone",
    "playing shofar",
    "playing sitar",
    "playing snare drum",
    "playing squash",
    "playing steel guitar, slide guitar",
    "playing steelpan",
    "playing synthesizer",
    "playing tabla",
    "playing table tennis",
    "playing tambourine",
    "playing tennis",
    "playing theremin",
    "playing timbales",
    "playing timpani",
    "playing trombone",
    "playing trumpet",
    "playing tuning fork",
    "playing tympani",
    "playing ukulele",
    "playing vibraphone",
    "playing violin, fiddle",
    "playing volleyball",
    "playing washboard",
    "playing zither",
    "police car (siren)",
    "police radio chatter",
    "popping popcorn",
    "printer printing",
    "pumping water",
    "race car, auto racing",
    "railroad car, train wagon",
    "raining",
    "rapping",
    "reversing beeps",
    "ripping paper",
    "roller coaster running",
    "rope skipping",
    "rowboat, canoe, kayak rowing",
    "running electric fan",
    "sailing",
    "scuba diving",
    "sea lion barking",
    "sea waves",
    "sharpen knife",
    "sheep bleating",
    "shot football",
    "singing bowl",
    "singing choir",
    "skateboarding",
    "skidding",
    "skiing",
    "sliding door",
    "sloshing water",
    "slot machine",
    "smoke detector beeping",
    "snake hissing",
    "snake rattling",
    "splashing water",
    "spraying water",
    "squishing water",
    "stream burbling",
    "strike lighter",
    "striking bowling",
    "striking pool",
    "subway, metro, underground",
    "swimming",
    "tap dancing",
    "tapping guitar",
    "telephone bell ringing",
    "thunder",
    "toilet flushing",
    "tornado roaring",
    "tractor digging",
    "train horning",
    "train wheels squealing",
    "train whistling",
    "turkey gobbling",
    "typing on computer keyboard",
    "typing on typewriter",
    "underwater bubbling",
    "using sewing machines",
    "vacuum cleaner cleaning floors",
    "vehicle horn, car horn, honking",
    "volcano explosion",
    "warbler chirping",
    "waterfall burbling",
    "whale calling",
    "wind chime",
    "wind noise",
    "wind rustling leaves",
    "wood thrush calling",
    "woodpecker pecking tree",
    "writing on blackboard with chalk",
    "yodelling",
    "zebra braying"
  ],
  "note": "video_train is a supervised fusion embedding from RGB sequence and frame-difference motion sequence."
}
