[2026-06-27 19:19:49] rgb+motion sequence rows=98979 classes=309 shard=0/2 source_rows=197957 encoder=resnet50 frames=16 size=224 device=cuda
[2026-06-27 19:19:49] processed 1/98979 ok=1 failures=0
[2026-06-27 19:20:43] processed 250/98979 ok=250 failures=0
[2026-06-27 19:21:38] processed 500/98979 ok=500 failures=0
[2026-06-27 19:22:40] processed 750/98979 ok=750 failures=0
[2026-06-27 19:23:30] processed 1000/98979 ok=1000 failures=0
[2026-06-27 19:24:29] processed 1250/98979 ok=1250 failures=0
[2026-06-27 19:25:29] processed 1500/98979 ok=1500 failures=0
[2026-06-27 19:26:20] processed 1750/98979 ok=1750 failures=0
[2026-06-27 19:27:22] processed 2000/98979 ok=2000 failures=0
[2026-06-27 19:28:15] processed 2250/98979 ok=2250 failures=0
[2026-06-27 19:29:15] processed 2500/98979 ok=2500 failures=0
[2026-06-27 19:30:13] processed 2750/98979 ok=2750 failures=0
[2026-06-27 19:31:08] processed 3000/98979 ok=3000 failures=0
[2026-06-27 19:32:02] processed 3250/98979 ok=3250 failures=0
[2026-06-27 19:32:55] processed 3500/98979 ok=3500 failures=0
[2026-06-27 19:33:48] processed 3750/98979 ok=3750 failures=0
[2026-06-27 19:34:39] processed 4000/98979 ok=4000 failures=0
[2026-06-27 19:35:31] processed 4250/98979 ok=4250 failures=0
[2026-06-27 19:36:16] processed 4500/98979 ok=4500 failures=0
[2026-06-27 19:36:57] processed 4750/98979 ok=4750 failures=0
[2026-06-27 19:37:36] processed 5000/98979 ok=5000 failures=0
[2026-06-27 19:38:18] processed 5250/98979 ok=5250 failures=0
[2026-06-27 19:38:57] processed 5500/98979 ok=5500 failures=0
[2026-06-27 19:39:39] processed 5750/98979 ok=5750 failures=0
[2026-06-27 19:40:23] processed 6000/98979 ok=6000 failures=0
[2026-06-27 19:41:13] processed 6250/98979 ok=6250 failures=0
[2026-06-27 19:42:09] processed 6500/98979 ok=6500 failures=0
[2026-06-27 19:43:02] processed 6750/98979 ok=6750 failures=0
[2026-06-27 19:43:53] processed 7000/98979 ok=7000 failures=0
[2026-06-27 19:44:44] processed 7250/98979 ok=7250 failures=0
[2026-06-27 19:45:34] processed 7500/98979 ok=7500 failures=0
[2026-06-27 19:46:24] processed 7750/98979 ok=7750 failures=0
[2026-06-27 19:47:19] processed 8000/98979 ok=8000 failures=0
[2026-06-27 19:48:12] processed 8250/98979 ok=8250 failures=0
[2026-06-27 19:49:11] processed 8500/98979 ok=8500 failures=0
[2026-06-27 19:50:28] processed 8750/98979 ok=8750 failures=0
[2026-06-27 19:51:51] processed 9000/98979 ok=9000 failures=0
[2026-06-27 19:52:41] processed 9250/98979 ok=9250 failures=0
[2026-06-27 19:53:41] processed 9500/98979 ok=9500 failures=0
[2026-06-27 19:54:46] processed 9750/98979 ok=9750 failures=0
[2026-06-27 19:55:39] processed 10000/98979 ok=10000 failures=0
[2026-06-27 19:56:21] processed 10250/98979 ok=10250 failures=0
[2026-06-27 19:57:12] processed 10500/98979 ok=10500 failures=0
[2026-06-27 19:58:07] processed 10750/98979 ok=10750 failures=0
[2026-06-27 19:59:13] processed 11000/98979 ok=11000 failures=0
[2026-06-27 20:00:20] processed 11250/98979 ok=11250 failures=0
[2026-06-27 20:01:25] processed 11500/98979 ok=11500 failures=0
[2026-06-27 20:02:20] processed 11750/98979 ok=11750 failures=0
[2026-06-27 20:03:16] processed 12000/98979 ok=12000 failures=0
[2026-06-27 20:04:12] processed 12250/98979 ok=12250 failures=0
[2026-06-27 20:05:06] processed 12500/98979 ok=12500 failures=0
[2026-06-27 20:05:56] processed 12750/98979 ok=12750 failures=0
[2026-06-27 20:06:54] processed 13000/98979 ok=13000 failures=0
[2026-06-27 20:07:58] processed 13250/98979 ok=13250 failures=0
[2026-06-27 20:09:08] processed 13500/98979 ok=13500 failures=0
[2026-06-27 20:10:16] processed 13750/98979 ok=13750 failures=0
[2026-06-27 20:11:23] processed 14000/98979 ok=14000 failures=0
[2026-06-27 20:12:27] processed 14250/98979 ok=14250 failures=0
[2026-06-27 20:13:22] processed 14500/98979 ok=14500 failures=0
[2026-06-27 20:14:24] processed 14750/98979 ok=14750 failures=0
[2026-06-27 20:15:29] processed 15000/98979 ok=15000 failures=0
[2026-06-27 20:16:26] processed 15250/98979 ok=15250 failures=0
[2026-06-27 20:17:21] processed 15500/98979 ok=15500 failures=0
[2026-06-27 20:18:17] processed 15750/98979 ok=15750 failures=0
[2026-06-27 20:19:08] processed 16000/98979 ok=16000 failures=0
[2026-06-27 20:20:01] processed 16250/98979 ok=16250 failures=0
[2026-06-27 20:20:55] processed 16500/98979 ok=16500 failures=0
[2026-06-27 20:21:43] processed 16750/98979 ok=16750 failures=0
[2026-06-27 20:22:43] processed 17000/98979 ok=17000 failures=0
[2026-06-27 20:23:40] processed 17250/98979 ok=17250 failures=0
[2026-06-27 20:24:37] processed 17500/98979 ok=17500 failures=0
[2026-06-27 20:25:43] processed 17750/98979 ok=17750 failures=0
[2026-06-27 20:26:42] processed 18000/98979 ok=18000 failures=0
[2026-06-27 20:27:40] processed 18250/98979 ok=18250 failures=0
[2026-06-27 20:28:40] processed 18500/98979 ok=18500 failures=0
[2026-06-27 20:29:33] processed 18750/98979 ok=18750 failures=0
[2026-06-27 20:30:33] processed 19000/98979 ok=19000 failures=0
[2026-06-27 20:31:27] processed 19250/98979 ok=19250 failures=0
[2026-06-27 20:32:01] processed 19500/98979 ok=19500 failures=0
[2026-06-27 20:32:36] processed 19750/98979 ok=19750 failures=0
[2026-06-27 20:33:15] processed 20000/98979 ok=20000 failures=0
[2026-06-27 20:33:55] processed 20250/98979 ok=20250 failures=0
[2026-06-27 20:34:47] processed 20500/98979 ok=20500 failures=0
[2026-06-27 20:35:42] processed 20750/98979 ok=20750 failures=0
[2026-06-27 20:36:37] processed 21000/98979 ok=21000 failures=0
[2026-06-27 20:37:18] processed 21250/98979 ok=21250 failures=0
[2026-06-27 20:38:09] processed 21500/98979 ok=21500 failures=0
[2026-06-27 20:39:06] processed 21750/98979 ok=21750 failures=0
[2026-06-27 20:39:57] processed 22000/98979 ok=22000 failures=0
[2026-06-27 20:40:52] processed 22250/98979 ok=22250 failures=0
[2026-06-27 20:41:43] processed 22500/98979 ok=22500 failures=0
[2026-06-27 20:42:39] processed 22750/98979 ok=22750 failures=0
[2026-06-27 20:43:29] processed 23000/98979 ok=23000 failures=0
[2026-06-27 20:44:28] processed 23250/98979 ok=23250 failures=0
[2026-06-27 20:45:32] processed 23500/98979 ok=23500 failures=0
[2026-06-27 20:46:18] processed 23750/98979 ok=23750 failures=0
[2026-06-27 20:47:08] processed 24000/98979 ok=24000 failures=0
[2026-06-27 20:47:53] processed 24250/98979 ok=24250 failures=0
[2026-06-27 20:48:44] processed 24500/98979 ok=24500 failures=0
[2026-06-27 20:49:39] processed 24750/98979 ok=24750 failures=0
[2026-06-27 20:50:31] processed 25000/98979 ok=25000 failures=0
[2026-06-27 20:51:26] processed 25250/98979 ok=25250 failures=0
[2026-06-27 20:52:19] processed 25500/98979 ok=25500 failures=0
[2026-06-27 20:53:06] processed 25750/98979 ok=25750 failures=0
[2026-06-27 20:53:59] processed 26000/98979 ok=26000 failures=0
[2026-06-27 20:54:51] processed 26250/98979 ok=26250 failures=0
[2026-06-27 20:55:45] processed 26500/98979 ok=26500 failures=0
[2026-06-27 20:56:47] processed 26750/98979 ok=26750 failures=0
[2026-06-27 20:57:53] processed 27000/98979 ok=27000 failures=0
[2026-06-27 20:58:52] processed 27250/98979 ok=27250 failures=0
[2026-06-27 20:59:47] processed 27500/98979 ok=27500 failures=0
[2026-06-27 21:00:52] processed 27750/98979 ok=27750 failures=0
[2026-06-27 21:01:52] processed 28000/98979 ok=28000 failures=0
[2026-06-27 21:02:55] processed 28250/98979 ok=28250 failures=0
[2026-06-27 21:04:04] processed 28500/98979 ok=28500 failures=0
[2026-06-27 21:04:58] processed 28750/98979 ok=28750 failures=0
[2026-06-27 21:05:48] processed 29000/98979 ok=29000 failures=0
[2026-06-27 21:06:29] processed 29250/98979 ok=29250 failures=0
[2026-06-27 21:07:06] processed 29500/98979 ok=29500 failures=0
[2026-06-27 21:07:46] processed 29750/98979 ok=29750 failures=0
[2026-06-27 21:08:28] processed 30000/98979 ok=30000 failures=0
[2026-06-27 21:09:26] processed 30250/98979 ok=30250 failures=0
[2026-06-27 21:10:35] processed 30500/98979 ok=30500 failures=0
[2026-06-27 21:11:47] processed 30750/98979 ok=30750 failures=0
[2026-06-27 21:12:43] processed 31000/98979 ok=31000 failures=0
[2026-06-27 21:13:28] processed 31250/98979 ok=31250 failures=0
[2026-06-27 21:14:25] processed 31500/98979 ok=31500 failures=0
[2026-06-27 21:15:31] processed 31750/98979 ok=31750 failures=0
[2026-06-27 21:16:30] processed 32000/98979 ok=32000 failures=0
[2026-06-27 21:17:33] processed 32250/98979 ok=32250 failures=0
[2026-06-27 21:18:33] processed 32500/98979 ok=32500 failures=0
[2026-06-27 21:19:33] processed 32750/98979 ok=32750 failures=0
[2026-06-27 21:20:37] processed 33000/98979 ok=33000 failures=0
[2026-06-27 21:21:43] processed 33250/98979 ok=33250 failures=0
[2026-06-27 21:22:46] processed 33500/98979 ok=33500 failures=0
[2026-06-27 21:23:44] processed 33750/98979 ok=33750 failures=0
[2026-06-27 21:24:44] processed 34000/98979 ok=34000 failures=0
[2026-06-27 21:25:47] processed 34250/98979 ok=34250 failures=0
[2026-06-27 21:26:51] processed 34500/98979 ok=34500 failures=0
[2026-06-27 21:27:41] processed 34750/98979 ok=34750 failures=0
[2026-06-27 21:28:27] processed 35000/98979 ok=35000 failures=0
[2026-06-27 21:29:18] processed 35250/98979 ok=35250 failures=0
[2026-06-27 21:30:01] processed 35500/98979 ok=35500 failures=0
[2026-06-27 21:30:42] processed 35750/98979 ok=35750 failures=0
[2026-06-27 21:31:23] processed 36000/98979 ok=36000 failures=0
[2026-06-27 21:32:09] processed 36250/98979 ok=36250 failures=0
[2026-06-27 21:33:09] processed 36500/98979 ok=36500 failures=0
[2026-06-27 21:34:04] processed 36750/98979 ok=36750 failures=0
[2026-06-27 21:34:56] processed 37000/98979 ok=37000 failures=0
[2026-06-27 21:35:46] processed 37250/98979 ok=37250 failures=0
[2026-06-27 21:36:32] processed 37500/98979 ok=37500 failures=0
[2026-06-27 21:37:29] processed 37750/98979 ok=37750 failures=0
[2026-06-27 21:38:26] processed 38000/98979 ok=38000 failures=0
[2026-06-27 21:39:17] processed 38250/98979 ok=38250 failures=0
[2026-06-27 21:40:19] processed 38500/98979 ok=38500 failures=0
[2026-06-27 21:41:22] processed 38750/98979 ok=38750 failures=0
[2026-06-27 21:42:27] processed 39000/98979 ok=39000 failures=0
[2026-06-27 21:43:28] processed 39250/98979 ok=39250 failures=0
[2026-06-27 21:44:27] processed 39500/98979 ok=39500 failures=0
[2026-06-27 21:45:08] processed 39750/98979 ok=39750 failures=0
[2026-06-27 21:45:44] processed 40000/98979 ok=40000 failures=0
[2026-06-27 21:46:25] processed 40250/98979 ok=40250 failures=0
[2026-06-27 21:47:12] processed 40500/98979 ok=40500 failures=0
[2026-06-27 21:48:13] processed 40750/98979 ok=40750 failures=0
[2026-06-27 21:49:14] processed 41000/98979 ok=41000 failures=0
[2026-06-27 21:50:13] processed 41250/98979 ok=41250 failures=0
[2026-06-27 21:51:02] processed 41500/98979 ok=41500 failures=0
[2026-06-27 21:51:57] processed 41750/98979 ok=41750 failures=0
[2026-06-27 21:53:01] processed 42000/98979 ok=42000 failures=0
[2026-06-27 21:53:54] processed 42250/98979 ok=42250 failures=0
[2026-06-27 21:54:51] processed 42500/98979 ok=42500 failures=0
[2026-06-27 21:55:50] processed 42750/98979 ok=42750 failures=0
[2026-06-27 21:56:48] processed 43000/98979 ok=43000 failures=0
[2026-06-27 21:57:49] processed 43250/98979 ok=43250 failures=0
[2026-06-27 21:58:54] processed 43500/98979 ok=43500 failures=0
[2026-06-27 21:59:41] processed 43750/98979 ok=43750 failures=0
[2026-06-27 22:00:19] processed 44000/98979 ok=44000 failures=0
[2026-06-27 22:01:10] processed 44250/98979 ok=44250 failures=0
[2026-06-27 22:02:12] processed 44500/98979 ok=44500 failures=0
[2026-06-27 22:03:08] processed 44750/98979 ok=44750 failures=0
[2026-06-27 22:04:09] processed 45000/98979 ok=45000 failures=0
[2026-06-27 22:04:54] processed 45250/98979 ok=45250 failures=0
[2026-06-27 22:05:45] processed 45500/98979 ok=45500 failures=0
[2026-06-27 22:06:40] processed 45750/98979 ok=45750 failures=0
[2026-06-27 22:07:43] processed 46000/98979 ok=46000 failures=0
[2026-06-27 22:08:42] processed 46250/98979 ok=46250 failures=0
[2026-06-27 22:09:34] processed 46500/98979 ok=46500 failures=0
[2026-06-27 22:10:26] processed 46750/98979 ok=46750 failures=0
[2026-06-27 22:11:24] processed 47000/98979 ok=47000 failures=0
[2026-06-27 22:12:05] processed 47250/98979 ok=47250 failures=0
[2026-06-27 22:12:47] processed 47500/98979 ok=47500 failures=0
[2026-06-27 22:13:35] processed 47750/98979 ok=47750 failures=0
[2026-06-27 22:14:23] processed 48000/98979 ok=48000 failures=0
[2026-06-27 22:15:20] processed 48250/98979 ok=48250 failures=0
[2026-06-27 22:16:25] processed 48500/98979 ok=48500 failures=0
[2026-06-27 22:17:32] processed 48750/98979 ok=48750 failures=0
[2026-06-27 22:18:18] processed 49000/98979 ok=49000 failures=0
[2026-06-27 22:19:12] processed 49250/98979 ok=49250 failures=0
[2026-06-27 22:19:54] processed 49500/98979 ok=49500 failures=0
[2026-06-27 22:20:46] processed 49750/98979 ok=49750 failures=0
[2026-06-27 22:21:50] processed 50000/98979 ok=50000 failures=0
[2026-06-27 22:22:45] processed 50250/98979 ok=50250 failures=0
[2026-06-27 22:23:25] processed 50500/98979 ok=50500 failures=0
[2026-06-27 22:24:05] processed 50750/98979 ok=50750 failures=0
[2026-06-27 22:25:07] processed 51000/98979 ok=51000 failures=0
[2026-06-27 22:26:37] processed 51250/98979 ok=51250 failures=0
[2026-06-27 22:27:45] processed 51500/98979 ok=51500 failures=0
[2026-06-27 22:28:38] processed 51750/98979 ok=51750 failures=0
[2026-06-27 22:29:27] processed 52000/98979 ok=52000 failures=0
[2026-06-27 22:30:18] processed 52250/98979 ok=52250 failures=0
[2026-06-27 22:31:28] processed 52500/98979 ok=52500 failures=0
[2026-06-27 22:32:24] processed 52750/98979 ok=52750 failures=0
[2026-06-27 22:33:14] processed 53000/98979 ok=53000 failures=0
[2026-06-27 22:34:41] processed 53250/98979 ok=53250 failures=0
[2026-06-27 22:35:59] processed 53500/98979 ok=53500 failures=0
[2026-06-27 22:37:05] processed 53750/98979 ok=53750 failures=0
[2026-06-27 22:38:06] processed 54000/98979 ok=54000 failures=0
[2026-06-27 22:39:17] processed 54250/98979 ok=54250 failures=0
[2026-06-27 22:40:42] processed 54500/98979 ok=54500 failures=0
[2026-06-27 22:41:46] processed 54750/98979 ok=54750 failures=0
[2026-06-27 22:42:35] processed 55000/98979 ok=55000 failures=0
[2026-06-27 22:43:27] processed 55250/98979 ok=55250 failures=0
[2026-06-27 22:44:15] processed 55500/98979 ok=55500 failures=0
[2026-06-27 22:45:22] processed 55750/98979 ok=55750 failures=0
[2026-06-27 22:46:42] processed 56000/98979 ok=56000 failures=0
[2026-06-27 22:47:47] processed 56250/98979 ok=56250 failures=0
[2026-06-27 22:48:44] processed 56500/98979 ok=56500 failures=0
[2026-06-27 22:49:35] processed 56750/98979 ok=56750 failures=0
[2026-06-27 22:50:23] processed 57000/98979 ok=57000 failures=0
[2026-06-27 22:51:19] processed 57250/98979 ok=57250 failures=0
[2026-06-27 22:52:18] processed 57500/98979 ok=57500 failures=0
[2026-06-27 22:53:09] processed 57750/98979 ok=57750 failures=0
[2026-06-27 22:53:58] processed 58000/98979 ok=58000 failures=0
[2026-06-27 22:54:44] processed 58250/98979 ok=58250 failures=0
[2026-06-27 22:55:31] processed 58500/98979 ok=58500 failures=0
[2026-06-27 22:56:30] processed 58750/98979 ok=58750 failures=0
[2026-06-27 22:57:29] processed 59000/98979 ok=59000 failures=0
[2026-06-27 22:58:21] processed 59250/98979 ok=59250 failures=0
[2026-06-27 22:59:05] processed 59500/98979 ok=59500 failures=0
[2026-06-27 22:59:49] processed 59750/98979 ok=59750 failures=0
[2026-06-27 23:00:38] processed 60000/98979 ok=60000 failures=0
[2026-06-27 23:01:30] processed 60250/98979 ok=60250 failures=0
[2026-06-27 23:02:26] processed 60500/98979 ok=60500 failures=0
[2026-06-27 23:03:23] processed 60750/98979 ok=60750 failures=0
[2026-06-27 23:04:31] processed 61000/98979 ok=61000 failures=0
[2026-06-27 23:05:35] processed 61250/98979 ok=61250 failures=0
[2026-06-27 23:06:50] processed 61500/98979 ok=61500 failures=0
[2026-06-27 23:07:49] processed 61750/98979 ok=61750 failures=0
[2026-06-27 23:08:46] processed 62000/98979 ok=62000 failures=0
[2026-06-27 23:09:45] processed 62250/98979 ok=62250 failures=0
[2026-06-27 23:10:36] processed 62500/98979 ok=62500 failures=0
[2026-06-27 23:11:28] processed 62750/98979 ok=62750 failures=0
[2026-06-27 23:12:15] processed 63000/98979 ok=63000 failures=0
[2026-06-27 23:13:09] processed 63250/98979 ok=63250 failures=0
[2026-06-27 23:14:02] processed 63500/98979 ok=63500 failures=0
[2026-06-27 23:14:53] processed 63750/98979 ok=63750 failures=0
[2026-06-27 23:15:41] processed 64000/98979 ok=64000 failures=0
[2026-06-27 23:16:27] processed 64250/98979 ok=64250 failures=0
[2026-06-27 23:17:13] processed 64500/98979 ok=64500 failures=0
[2026-06-27 23:18:00] processed 64750/98979 ok=64750 failures=0
[2026-06-27 23:18:47] processed 65000/98979 ok=65000 failures=0
[2026-06-27 23:19:37] processed 65250/98979 ok=65250 failures=0
[2026-06-27 23:20:45] processed 65500/98979 ok=65500 failures=0
[2026-06-27 23:21:57] processed 65750/98979 ok=65750 failures=0
[2026-06-27 23:23:09] processed 66000/98979 ok=66000 failures=0
[2026-06-27 23:24:14] processed 66250/98979 ok=66250 failures=0
[2026-06-27 23:25:02] processed 66500/98979 ok=66500 failures=0
[2026-06-27 23:25:47] processed 66750/98979 ok=66750 failures=0
[2026-06-27 23:26:38] processed 67000/98979 ok=67000 failures=0
[2026-06-27 23:27:30] processed 67250/98979 ok=67250 failures=0
[2026-06-27 23:28:20] processed 67500/98979 ok=67500 failures=0
[2026-06-27 23:29:10] processed 67750/98979 ok=67750 failures=0
[2026-06-27 23:29:53] processed 68000/98979 ok=68000 failures=0
[2026-06-27 23:30:59] processed 68250/98979 ok=68250 failures=0
[2026-06-27 23:32:21] processed 68500/98979 ok=68500 failures=0
[2026-06-27 23:33:19] processed 68750/98979 ok=68750 failures=0
[2026-06-27 23:34:11] processed 69000/98979 ok=69000 failures=0
[2026-06-27 23:34:56] processed 69250/98979 ok=69250 failures=0
[2026-06-27 23:35:46] processed 69500/98979 ok=69500 failures=0
[2026-06-27 23:36:32] processed 69750/98979 ok=69750 failures=0
[2026-06-27 23:37:14] processed 70000/98979 ok=70000 failures=0
[2026-06-27 23:38:00] processed 70250/98979 ok=70250 failures=0
[2026-06-27 23:38:48] processed 70500/98979 ok=70500 failures=0
[2026-06-27 23:39:37] processed 70750/98979 ok=70750 failures=0
[2026-06-27 23:40:23] processed 71000/98979 ok=71000 failures=0
[2026-06-27 23:41:18] processed 71250/98979 ok=71250 failures=0
[2026-06-27 23:42:11] processed 71500/98979 ok=71500 failures=0
[2026-06-27 23:43:18] processed 71750/98979 ok=71750 failures=0
[2026-06-27 23:44:22] processed 72000/98979 ok=72000 failures=0
[2026-06-27 23:45:18] processed 72250/98979 ok=72250 failures=0
[2026-06-27 23:46:14] processed 72500/98979 ok=72500 failures=0
[2026-06-27 23:47:07] processed 72750/98979 ok=72750 failures=0
[2026-06-27 23:48:03] processed 73000/98979 ok=73000 failures=0
[2026-06-27 23:48:52] processed 73250/98979 ok=73250 failures=0
[2026-06-27 23:49:41] processed 73500/98979 ok=73500 failures=0
[2026-06-27 23:50:50] processed 73750/98979 ok=73750 failures=0
[2026-06-27 23:52:06] processed 74000/98979 ok=74000 failures=0
[2026-06-27 23:53:16] processed 74250/98979 ok=74250 failures=0
[2026-06-27 23:54:23] processed 74500/98979 ok=74500 failures=0
[2026-06-27 23:55:19] processed 74750/98979 ok=74750 failures=0
[2026-06-27 23:56:12] processed 75000/98979 ok=75000 failures=0
[2026-06-27 23:56:58] processed 75250/98979 ok=75250 failures=0
[2026-06-27 23:57:44] processed 75500/98979 ok=75500 failures=0
[2026-06-27 23:58:33] processed 75750/98979 ok=75750 failures=0
[2026-06-27 23:59:19] processed 76000/98979 ok=76000 failures=0
[2026-06-28 00:00:08] processed 76250/98979 ok=76250 failures=0
[2026-06-28 00:00:54] processed 76500/98979 ok=76500 failures=0
[2026-06-28 00:01:47] processed 76750/98979 ok=76750 failures=0
[2026-06-28 00:02:48] processed 77000/98979 ok=77000 failures=0
[2026-06-28 00:03:47] processed 77250/98979 ok=77250 failures=0
[2026-06-28 00:04:35] processed 77500/98979 ok=77500 failures=0
[2026-06-28 00:05:26] processed 77750/98979 ok=77750 failures=0
[2026-06-28 00:06:10] processed 78000/98979 ok=78000 failures=0
[2026-06-28 00:07:11] processed 78250/98979 ok=78250 failures=0
[2026-06-28 00:08:33] processed 78500/98979 ok=78500 failures=0
[2026-06-28 00:09:31] processed 78750/98979 ok=78750 failures=0
[2026-06-28 00:10:28] processed 79000/98979 ok=79000 failures=0
[2026-06-28 00:11:39] processed 79250/98979 ok=79250 failures=0
[2026-06-28 00:12:40] processed 79500/98979 ok=79500 failures=0
[2026-06-28 00:13:34] processed 79750/98979 ok=79750 failures=0
[2026-06-28 00:14:43] processed 80000/98979 ok=80000 failures=0
[2026-06-28 00:15:49] processed 80250/98979 ok=80250 failures=0
[2026-06-28 00:17:03] processed 80500/98979 ok=80500 failures=0
[2026-06-28 00:18:18] processed 80750/98979 ok=80750 failures=0
[2026-06-28 00:19:30] processed 81000/98979 ok=81000 failures=0
[2026-06-28 00:20:45] processed 81250/98979 ok=81250 failures=0
[2026-06-28 00:22:00] processed 81500/98979 ok=81500 failures=0
[2026-06-28 00:23:11] processed 81750/98979 ok=81750 failures=0
[2026-06-28 00:24:23] processed 82000/98979 ok=82000 failures=0
[2026-06-28 00:25:51] processed 82250/98979 ok=82250 failures=0
[2026-06-28 00:27:30] processed 82500/98979 ok=82500 failures=0
[2026-06-28 00:29:07] processed 82750/98979 ok=82750 failures=0
[2026-06-28 00:30:27] processed 83000/98979 ok=83000 failures=0
[2026-06-28 00:31:45] processed 83250/98979 ok=83250 failures=0
[2026-06-28 00:33:02] processed 83500/98979 ok=83500 failures=0
[2026-06-28 00:34:17] processed 83750/98979 ok=83750 failures=0
[2026-06-28 00:35:27] processed 84000/98979 ok=84000 failures=0
[2026-06-28 00:36:48] processed 84250/98979 ok=84250 failures=0
[2026-06-28 00:38:21] processed 84500/98979 ok=84500 failures=0
[2026-06-28 00:39:54] processed 84750/98979 ok=84750 failures=0
[2026-06-28 00:41:18] processed 85000/98979 ok=85000 failures=0
[2026-06-28 00:42:26] processed 85250/98979 ok=85250 failures=0
[2026-06-28 00:43:44] processed 85500/98979 ok=85500 failures=0
[2026-06-28 00:45:04] processed 85750/98979 ok=85750 failures=0
[2026-06-28 00:46:07] processed 86000/98979 ok=86000 failures=0
[2026-06-28 00:47:01] processed 86250/98979 ok=86250 failures=0
[2026-06-28 00:48:13] processed 86500/98979 ok=86500 failures=0
[2026-06-28 00:49:25] processed 86750/98979 ok=86750 failures=0
[2026-06-28 00:50:23] processed 87000/98979 ok=87000 failures=0
[2026-06-28 00:51:45] processed 87250/98979 ok=87250 failures=0
[2026-06-28 00:53:23] processed 87500/98979 ok=87500 failures=0
[2026-06-28 00:54:38] processed 87750/98979 ok=87750 failures=0
[2026-06-28 00:55:57] processed 88000/98979 ok=88000 failures=0
[2026-06-28 00:57:23] processed 88250/98979 ok=88250 failures=0
[2026-06-28 00:58:41] processed 88500/98979 ok=88500 failures=0
[2026-06-28 00:59:57] processed 88750/98979 ok=88750 failures=0
[2026-06-28 01:01:12] processed 89000/98979 ok=89000 failures=0
[2026-06-28 01:02:59] processed 89250/98979 ok=89250 failures=0
[2026-06-28 01:04:18] processed 89500/98979 ok=89500 failures=0
[2026-06-28 01:05:33] processed 89750/98979 ok=89750 failures=0
[2026-06-28 01:06:57] processed 90000/98979 ok=90000 failures=0
[2026-06-28 01:08:17] processed 90250/98979 ok=90250 failures=0
[2026-06-28 01:09:39] processed 90500/98979 ok=90500 failures=0
[2026-06-28 01:11:07] processed 90750/98979 ok=90750 failures=0
[2026-06-28 01:12:09] processed 91000/98979 ok=91000 failures=0
[2026-06-28 01:13:13] processed 91250/98979 ok=91250 failures=0
[2026-06-28 01:14:15] processed 91500/98979 ok=91500 failures=0
[2026-06-28 01:15:20] processed 91750/98979 ok=91750 failures=0
[2026-06-28 01:16:35] processed 92000/98979 ok=92000 failures=0
[2026-06-28 01:17:51] processed 92250/98979 ok=92250 failures=0
[2026-06-28 01:19:07] processed 92500/98979 ok=92500 failures=0
[2026-06-28 01:20:31] processed 92750/98979 ok=92750 failures=0
[2026-06-28 01:21:50] processed 93000/98979 ok=93000 failures=0
[2026-06-28 01:23:03] processed 93250/98979 ok=93249 failures=1
[2026-06-28 01:24:19] processed 93500/98979 ok=93499 failures=1
[2026-06-28 01:25:33] processed 93750/98979 ok=93749 failures=1
[2026-06-28 01:26:39] processed 94000/98979 ok=93999 failures=1
[2026-06-28 01:27:50] processed 94250/98979 ok=94249 failures=1
[2026-06-28 01:29:00] processed 94500/98979 ok=94499 failures=1
[2026-06-28 01:30:22] processed 94750/98979 ok=94749 failures=1
[2026-06-28 01:31:21] processed 95000/98979 ok=94999 failures=1
[2026-06-28 01:32:35] processed 95250/98979 ok=95249 failures=1
[2026-06-28 01:33:55] processed 95500/98979 ok=95499 failures=1
[2026-06-28 01:34:55] processed 95750/98979 ok=95749 failures=1
[2026-06-28 01:35:49] processed 96000/98979 ok=95999 failures=1
[2026-06-28 01:36:53] processed 96250/98979 ok=96249 failures=1
[2026-06-28 01:38:07] processed 96500/98979 ok=96499 failures=1
[2026-06-28 01:39:19] processed 96750/98979 ok=96749 failures=1
[2026-06-28 01:40:30] processed 97000/98979 ok=96999 failures=1
[2026-06-28 01:41:32] processed 97250/98979 ok=97249 failures=1
[2026-06-28 01:42:36] processed 97500/98979 ok=97499 failures=1
[2026-06-28 01:43:53] processed 97750/98979 ok=97749 failures=1
[2026-06-28 01:45:04] processed 98000/98979 ok=97999 failures=1
[2026-06-28 01:46:23] processed 98250/98979 ok=98249 failures=1
[2026-06-28 01:47:31] processed 98500/98979 ok=98499 failures=1
[2026-06-28 01:48:16] processed 98750/98979 ok=98749 failures=1
[2026-06-28 01:49:05] processed 98979/98979 ok=98978 failures=1
{
  "train_size": 91307,
  "test_size": 7671,
  "num_classes": 309,
  "num_failures": 1
}
[2026-06-28 01:51:48] wrote /home/Hongjie_Zeng/high_order_BM/data_vggsound_full/rgb_motion_fused/vggsound_full_rgbmotion_seq_resnet50_f16_s224_shard00of2.npz
