[2026-06-27 19:19:49] rgb+motion sequence rows=98978 classes=309 shard=1/2 source_rows=197957 encoder=resnet50 frames=16 size=224 device=cuda
[2026-06-27 19:19:50] processed 1/98978 ok=1 failures=0
[2026-06-27 19:20:43] processed 250/98978 ok=250 failures=0
[2026-06-27 19:21:37] processed 500/98978 ok=500 failures=0
[2026-06-27 19:22:37] processed 750/98978 ok=750 failures=0
[2026-06-27 19:23:30] processed 1000/98978 ok=1000 failures=0
[2026-06-27 19:24:28] processed 1250/98978 ok=1250 failures=0
[2026-06-27 19:25:30] processed 1500/98978 ok=1500 failures=0
[2026-06-27 19:26:18] processed 1750/98978 ok=1750 failures=0
[2026-06-27 19:27:20] processed 2000/98978 ok=2000 failures=0
[2026-06-27 19:28:12] processed 2250/98978 ok=2250 failures=0
[2026-06-27 19:29:08] processed 2500/98978 ok=2500 failures=0
[2026-06-27 19:30:05] processed 2750/98978 ok=2750 failures=0
[2026-06-27 19:31:02] processed 3000/98978 ok=3000 failures=0
[2026-06-27 19:31:57] processed 3250/98978 ok=3250 failures=0
[2026-06-27 19:32:51] processed 3500/98978 ok=3500 failures=0
[2026-06-27 19:33:45] processed 3750/98978 ok=3750 failures=0
[2026-06-27 19:34:35] processed 4000/98978 ok=4000 failures=0
[2026-06-27 19:35:27] processed 4250/98978 ok=4250 failures=0
[2026-06-27 19:36:12] processed 4500/98978 ok=4500 failures=0
[2026-06-27 19:36:52] processed 4750/98978 ok=4750 failures=0
[2026-06-27 19:37:30] processed 5000/98978 ok=5000 failures=0
[2026-06-27 19:38:13] processed 5250/98978 ok=5250 failures=0
[2026-06-27 19:38:54] processed 5500/98978 ok=5500 failures=0
[2026-06-27 19:39:36] processed 5750/98978 ok=5750 failures=0
[2026-06-27 19:40:21] processed 6000/98978 ok=6000 failures=0
[2026-06-27 19:41:10] processed 6250/98978 ok=6250 failures=0
[2026-06-27 19:42:06] processed 6500/98978 ok=6500 failures=0
[2026-06-27 19:43:01] processed 6750/98978 ok=6750 failures=0
[2026-06-27 19:43:54] processed 7000/98978 ok=7000 failures=0
[2026-06-27 19:44:44] processed 7250/98978 ok=7250 failures=0
[2026-06-27 19:45:34] processed 7500/98978 ok=7500 failures=0
[2026-06-27 19:46:23] processed 7750/98978 ok=7750 failures=0
[2026-06-27 19:47:17] processed 8000/98978 ok=8000 failures=0
[2026-06-27 19:48:10] processed 8250/98978 ok=8250 failures=0
[2026-06-27 19:49:07] processed 8500/98978 ok=8500 failures=0
[2026-06-27 19:50:19] processed 8750/98978 ok=8750 failures=0
[2026-06-27 19:51:47] processed 9000/98978 ok=9000 failures=0
[2026-06-27 19:52:36] processed 9250/98978 ok=9250 failures=0
[2026-06-27 19:53:36] processed 9500/98978 ok=9500 failures=0
[2026-06-27 19:54:42] processed 9750/98978 ok=9750 failures=0
[2026-06-27 19:55:36] processed 10000/98978 ok=10000 failures=0
[2026-06-27 19:56:20] processed 10250/98978 ok=10250 failures=0
[2026-06-27 19:57:10] processed 10500/98978 ok=10500 failures=0
[2026-06-27 19:58:06] processed 10750/98978 ok=10750 failures=0
[2026-06-27 19:59:13] processed 11000/98978 ok=11000 failures=0
[2026-06-27 20:00:20] processed 11250/98978 ok=11250 failures=0
[2026-06-27 20:01:25] processed 11500/98978 ok=11500 failures=0
[2026-06-27 20:02:22] processed 11750/98978 ok=11750 failures=0
[2026-06-27 20:03:16] processed 12000/98978 ok=12000 failures=0
[2026-06-27 20:04:13] processed 12250/98978 ok=12250 failures=0
[2026-06-27 20:05:04] processed 12500/98978 ok=12500 failures=0
[2026-06-27 20:05:55] processed 12750/98978 ok=12750 failures=0
[2026-06-27 20:06:55] processed 13000/98978 ok=13000 failures=0
[2026-06-27 20:08:00] processed 13250/98978 ok=13250 failures=0
[2026-06-27 20:09:10] processed 13500/98978 ok=13500 failures=0
[2026-06-27 20:10:19] processed 13750/98978 ok=13750 failures=0
[2026-06-27 20:11:26] processed 14000/98978 ok=14000 failures=0
[2026-06-27 20:12:28] processed 14250/98978 ok=14250 failures=0
[2026-06-27 20:13:23] processed 14500/98978 ok=14500 failures=0
[2026-06-27 20:14:27] processed 14750/98978 ok=14750 failures=0
[2026-06-27 20:15:33] processed 15000/98978 ok=15000 failures=0
[2026-06-27 20:16:32] processed 15250/98978 ok=15250 failures=0
[2026-06-27 20:17:28] processed 15500/98978 ok=15500 failures=0
[2026-06-27 20:18:25] processed 15750/98978 ok=15750 failures=0
[2026-06-27 20:19:18] processed 16000/98978 ok=16000 failures=0
[2026-06-27 20:20:12] processed 16250/98978 ok=16250 failures=0
[2026-06-27 20:21:05] processed 16500/98978 ok=16500 failures=0
[2026-06-27 20:21:53] processed 16750/98978 ok=16750 failures=0
[2026-06-27 20:22:56] processed 17000/98978 ok=17000 failures=0
[2026-06-27 20:23:49] processed 17250/98978 ok=17250 failures=0
[2026-06-27 20:24:50] processed 17500/98978 ok=17500 failures=0
[2026-06-27 20:25:54] processed 17750/98978 ok=17750 failures=0
[2026-06-27 20:26:48] processed 18000/98978 ok=18000 failures=0
[2026-06-27 20:27:48] processed 18250/98978 ok=18250 failures=0
[2026-06-27 20:28:49] processed 18500/98978 ok=18500 failures=0
[2026-06-27 20:29:41] processed 18750/98978 ok=18750 failures=0
[2026-06-27 20:30:38] processed 19000/98978 ok=19000 failures=0
[2026-06-27 20:31:34] processed 19250/98978 ok=19250 failures=0
[2026-06-27 20:32:08] processed 19500/98978 ok=19500 failures=0
[2026-06-27 20:32:42] processed 19750/98978 ok=19750 failures=0
[2026-06-27 20:33:20] processed 20000/98978 ok=20000 failures=0
[2026-06-27 20:33:59] processed 20250/98978 ok=20250 failures=0
[2026-06-27 20:34:51] processed 20500/98978 ok=20500 failures=0
[2026-06-27 20:35:46] processed 20750/98978 ok=20750 failures=0
[2026-06-27 20:36:40] processed 21000/98978 ok=21000 failures=0
[2026-06-27 20:37:22] processed 21250/98978 ok=21250 failures=0
[2026-06-27 20:38:13] processed 21500/98978 ok=21500 failures=0
[2026-06-27 20:39:07] processed 21750/98978 ok=21750 failures=0
[2026-06-27 20:40:00] processed 22000/98978 ok=22000 failures=0
[2026-06-27 20:40:53] processed 22250/98978 ok=22250 failures=0
[2026-06-27 20:41:44] processed 22500/98978 ok=22500 failures=0
[2026-06-27 20:42:38] processed 22750/98978 ok=22750 failures=0
[2026-06-27 20:43:31] processed 23000/98978 ok=23000 failures=0
[2026-06-27 20:44:28] processed 23250/98978 ok=23250 failures=0
[2026-06-27 20:45:33] processed 23500/98978 ok=23500 failures=0
[2026-06-27 20:46:19] processed 23750/98978 ok=23750 failures=0
[2026-06-27 20:47:08] processed 24000/98978 ok=24000 failures=0
[2026-06-27 20:47:52] processed 24250/98978 ok=24250 failures=0
[2026-06-27 20:48:41] processed 24500/98978 ok=24500 failures=0
[2026-06-27 20:49:37] processed 24750/98978 ok=24750 failures=0
[2026-06-27 20:50:30] processed 25000/98978 ok=25000 failures=0
[2026-06-27 20:51:25] processed 25250/98978 ok=25250 failures=0
[2026-06-27 20:52:15] processed 25500/98978 ok=25500 failures=0
[2026-06-27 20:53:00] processed 25750/98978 ok=25750 failures=0
[2026-06-27 20:53:53] processed 26000/98978 ok=26000 failures=0
[2026-06-27 20:54:45] processed 26250/98978 ok=26250 failures=0
[2026-06-27 20:55:39] processed 26500/98978 ok=26500 failures=0
[2026-06-27 20:56:42] processed 26750/98978 ok=26750 failures=0
[2026-06-27 20:57:48] processed 27000/98978 ok=27000 failures=0
[2026-06-27 20:58:45] processed 27250/98978 ok=27250 failures=0
[2026-06-27 20:59:36] processed 27500/98978 ok=27500 failures=0
[2026-06-27 21:00:43] processed 27750/98978 ok=27750 failures=0
[2026-06-27 21:01:41] processed 28000/98978 ok=28000 failures=0
[2026-06-27 21:02:46] processed 28250/98978 ok=28250 failures=0
[2026-06-27 21:03:55] processed 28500/98978 ok=28500 failures=0
[2026-06-27 21:04:49] processed 28750/98978 ok=28750 failures=0
[2026-06-27 21:05:38] processed 29000/98978 ok=29000 failures=0
[2026-06-27 21:06:19] processed 29250/98978 ok=29250 failures=0
[2026-06-27 21:06:56] processed 29500/98978 ok=29500 failures=0
[2026-06-27 21:07:36] processed 29750/98978 ok=29750 failures=0
[2026-06-27 21:08:19] processed 30000/98978 ok=30000 failures=0
[2026-06-27 21:09:14] processed 30250/98978 ok=30250 failures=0
[2026-06-27 21:10:24] processed 30500/98978 ok=30500 failures=0
[2026-06-27 21:11:34] processed 30750/98978 ok=30750 failures=0
[2026-06-27 21:12:30] processed 31000/98978 ok=31000 failures=0
[2026-06-27 21:13:16] processed 31250/98978 ok=31250 failures=0
[2026-06-27 21:14:14] processed 31500/98978 ok=31500 failures=0
[2026-06-27 21:15:21] processed 31750/98978 ok=31750 failures=0
[2026-06-27 21:16:23] processed 32000/98978 ok=32000 failures=0
[2026-06-27 21:17:26] processed 32250/98978 ok=32250 failures=0
[2026-06-27 21:18:28] processed 32500/98978 ok=32500 failures=0
[2026-06-27 21:19:28] processed 32750/98978 ok=32750 failures=0
[2026-06-27 21:20:32] processed 33000/98978 ok=33000 failures=0
[2026-06-27 21:21:38] processed 33250/98978 ok=33250 failures=0
[2026-06-27 21:22:44] processed 33500/98978 ok=33500 failures=0
[2026-06-27 21:23:42] processed 33750/98978 ok=33750 failures=0
[2026-06-27 21:24:42] processed 34000/98978 ok=34000 failures=0
[2026-06-27 21:25:43] processed 34250/98978 ok=34250 failures=0
[2026-06-27 21:26:47] processed 34500/98978 ok=34500 failures=0
[2026-06-27 21:27:39] processed 34750/98978 ok=34750 failures=0
[2026-06-27 21:28:25] processed 35000/98978 ok=35000 failures=0
[2026-06-27 21:29:18] processed 35250/98978 ok=35250 failures=0
[2026-06-27 21:30:00] processed 35500/98978 ok=35500 failures=0
[2026-06-27 21:30:41] processed 35750/98978 ok=35750 failures=0
[2026-06-27 21:31:22] processed 36000/98978 ok=36000 failures=0
[2026-06-27 21:32:08] processed 36250/98978 ok=36250 failures=0
[2026-06-27 21:33:07] processed 36500/98978 ok=36500 failures=0
[2026-06-27 21:34:02] processed 36750/98978 ok=36750 failures=0
[2026-06-27 21:34:54] processed 37000/98978 ok=37000 failures=0
[2026-06-27 21:35:46] processed 37250/98978 ok=37250 failures=0
[2026-06-27 21:36:33] processed 37500/98978 ok=37500 failures=0
[2026-06-27 21:37:28] processed 37750/98978 ok=37750 failures=0
[2026-06-27 21:38:25] processed 38000/98978 ok=38000 failures=0
[2026-06-27 21:39:16] processed 38250/98978 ok=38250 failures=0
[2026-06-27 21:40:19] processed 38500/98978 ok=38500 failures=0
[2026-06-27 21:41:22] processed 38750/98978 ok=38750 failures=0
[2026-06-27 21:42:36] processed 39000/98978 ok=39000 failures=0
[2026-06-27 21:43:48] processed 39250/98978 ok=39250 failures=0
[2026-06-27 21:44:56] processed 39500/98978 ok=39500 failures=0
[2026-06-27 21:45:43] processed 39750/98978 ok=39750 failures=0
[2026-06-27 21:46:31] processed 40000/98978 ok=40000 failures=0
[2026-06-27 21:47:13] processed 40250/98978 ok=40250 failures=0
[2026-06-27 21:48:05] processed 40500/98978 ok=40500 failures=0
[2026-06-27 21:49:11] processed 40750/98978 ok=40750 failures=0
[2026-06-27 21:50:15] processed 41000/98978 ok=41000 failures=0
[2026-06-27 21:51:18] processed 41250/98978 ok=41250 failures=0
[2026-06-27 21:52:07] processed 41500/98978 ok=41500 failures=0
[2026-06-27 21:53:07] processed 41750/98978 ok=41750 failures=0
[2026-06-27 21:54:17] processed 42000/98978 ok=42000 failures=0
[2026-06-27 21:55:17] processed 42250/98978 ok=42250 failures=0
[2026-06-27 21:56:26] processed 42500/98978 ok=42500 failures=0
[2026-06-27 21:57:25] processed 42750/98978 ok=42750 failures=0
[2026-06-27 21:58:20] processed 43000/98978 ok=43000 failures=0
[2026-06-27 21:59:22] processed 43250/98978 ok=43250 failures=0
[2026-06-27 22:00:26] processed 43500/98978 ok=43500 failures=0
[2026-06-27 22:01:17] processed 43750/98978 ok=43750 failures=0
[2026-06-27 22:01:55] processed 44000/98978 ok=44000 failures=0
[2026-06-27 22:02:49] processed 44250/98978 ok=44250 failures=0
[2026-06-27 22:03:52] processed 44500/98978 ok=44500 failures=0
[2026-06-27 22:04:50] processed 44750/98978 ok=44750 failures=0
[2026-06-27 22:05:48] processed 45000/98978 ok=45000 failures=0
[2026-06-27 22:06:33] processed 45250/98978 ok=45250 failures=0
[2026-06-27 22:07:24] processed 45500/98978 ok=45500 failures=0
[2026-06-27 22:08:17] processed 45750/98978 ok=45750 failures=0
[2026-06-27 22:09:19] processed 46000/98978 ok=46000 failures=0
[2026-06-27 22:10:17] processed 46250/98978 ok=46250 failures=0
[2026-06-27 22:11:06] processed 46500/98978 ok=46500 failures=0
[2026-06-27 22:11:58] processed 46750/98978 ok=46750 failures=0
[2026-06-27 22:12:55] processed 47000/98978 ok=47000 failures=0
[2026-06-27 22:13:35] processed 47250/98978 ok=47250 failures=0
[2026-06-27 22:14:17] processed 47500/98978 ok=47500 failures=0
[2026-06-27 22:15:04] processed 47750/98978 ok=47750 failures=0
[2026-06-27 22:15:53] processed 48000/98978 ok=48000 failures=0
[2026-06-27 22:16:51] processed 48250/98978 ok=48250 failures=0
[2026-06-27 22:17:57] processed 48500/98978 ok=48500 failures=0
[2026-06-27 22:19:02] processed 48750/98978 ok=48750 failures=0
[2026-06-27 22:19:49] processed 49000/98978 ok=49000 failures=0
[2026-06-27 22:20:45] processed 49250/98978 ok=49250 failures=0
[2026-06-27 22:21:28] processed 49500/98978 ok=49500 failures=0
[2026-06-27 22:22:21] processed 49750/98978 ok=49750 failures=0
[2026-06-27 22:23:20] processed 50000/98978 ok=50000 failures=0
[2026-06-27 22:24:12] processed 50250/98978 ok=50250 failures=0
[2026-06-27 22:25:14] processed 50500/98978 ok=50500 failures=0
[2026-06-27 22:26:10] processed 50750/98978 ok=50750 failures=0
[2026-06-27 22:27:09] processed 51000/98978 ok=51000 failures=0
[2026-06-27 22:28:41] processed 51250/98978 ok=51250 failures=0
[2026-06-27 22:29:47] processed 51500/98978 ok=51500 failures=0
[2026-06-27 22:30:44] processed 51750/98978 ok=51750 failures=0
[2026-06-27 22:31:33] processed 52000/98978 ok=52000 failures=0
[2026-06-27 22:32:24] processed 52250/98978 ok=52250 failures=0
[2026-06-27 22:33:35] processed 52500/98978 ok=52500 failures=0
[2026-06-27 22:34:32] processed 52750/98978 ok=52750 failures=0
[2026-06-27 22:35:22] processed 53000/98978 ok=53000 failures=0
[2026-06-27 22:36:51] processed 53250/98978 ok=53250 failures=0
[2026-06-27 22:38:10] processed 53500/98978 ok=53500 failures=0
[2026-06-27 22:39:12] processed 53750/98978 ok=53750 failures=0
[2026-06-27 22:40:12] processed 54000/98978 ok=54000 failures=0
[2026-06-27 22:41:23] processed 54250/98978 ok=54250 failures=0
[2026-06-27 22:42:49] processed 54500/98978 ok=54500 failures=0
[2026-06-27 22:43:54] processed 54750/98978 ok=54750 failures=0
[2026-06-27 22:44:43] processed 55000/98978 ok=55000 failures=0
[2026-06-27 22:45:35] processed 55250/98978 ok=55250 failures=0
[2026-06-27 22:46:23] processed 55500/98978 ok=55500 failures=0
[2026-06-27 22:47:27] processed 55750/98978 ok=55750 failures=0
[2026-06-27 22:48:46] processed 56000/98978 ok=56000 failures=0
[2026-06-27 22:49:54] processed 56250/98978 ok=56250 failures=0
[2026-06-27 22:50:56] processed 56500/98978 ok=56500 failures=0
[2026-06-27 22:51:45] processed 56750/98978 ok=56750 failures=0
[2026-06-27 22:52:31] processed 57000/98978 ok=57000 failures=0
[2026-06-27 22:53:28] processed 57250/98978 ok=57250 failures=0
[2026-06-27 22:54:26] processed 57500/98978 ok=57500 failures=0
[2026-06-27 22:55:13] processed 57750/98978 ok=57750 failures=0
[2026-06-27 22:56:04] processed 58000/98978 ok=58000 failures=0
[2026-06-27 22:56:48] processed 58250/98978 ok=58250 failures=0
[2026-06-27 22:57:35] processed 58500/98978 ok=58500 failures=0
[2026-06-27 22:58:33] processed 58750/98978 ok=58750 failures=0
[2026-06-27 22:59:37] processed 59000/98978 ok=59000 failures=0
[2026-06-27 23:00:31] processed 59250/98978 ok=59250 failures=0
[2026-06-27 23:01:16] processed 59500/98978 ok=59500 failures=0
[2026-06-27 23:01:58] processed 59750/98978 ok=59750 failures=0
[2026-06-27 23:02:47] processed 60000/98978 ok=60000 failures=0
[2026-06-27 23:03:37] processed 60250/98978 ok=60250 failures=0
[2026-06-27 23:04:30] processed 60500/98978 ok=60500 failures=0
[2026-06-27 23:05:27] processed 60750/98978 ok=60750 failures=0
[2026-06-27 23:06:33] processed 61000/98978 ok=61000 failures=0
[2026-06-27 23:07:40] processed 61250/98978 ok=61250 failures=0
[2026-06-27 23:08:53] processed 61500/98978 ok=61500 failures=0
[2026-06-27 23:09:53] processed 61750/98978 ok=61750 failures=0
[2026-06-27 23:10:49] processed 62000/98978 ok=62000 failures=0
[2026-06-27 23:11:47] processed 62250/98978 ok=62250 failures=0
[2026-06-27 23:12:38] processed 62500/98978 ok=62500 failures=0
[2026-06-27 23:13:28] processed 62750/98978 ok=62750 failures=0
[2026-06-27 23:14:15] processed 63000/98978 ok=63000 failures=0
[2026-06-27 23:15:06] processed 63250/98978 ok=63250 failures=0
[2026-06-27 23:15:59] processed 63500/98978 ok=63500 failures=0
[2026-06-27 23:16:48] processed 63750/98978 ok=63750 failures=0
[2026-06-27 23:17:36] processed 64000/98978 ok=64000 failures=0
[2026-06-27 23:18:23] processed 64250/98978 ok=64250 failures=0
[2026-06-27 23:19:10] processed 64500/98978 ok=64500 failures=0
[2026-06-27 23:19:54] processed 64750/98978 ok=64750 failures=0
[2026-06-27 23:20:42] processed 65000/98978 ok=65000 failures=0
[2026-06-27 23:21:33] processed 65250/98978 ok=65250 failures=0
[2026-06-27 23:22:35] processed 65500/98978 ok=65500 failures=0
[2026-06-27 23:23:47] processed 65750/98978 ok=65750 failures=0
[2026-06-27 23:25:01] processed 66000/98978 ok=66000 failures=0
[2026-06-27 23:26:04] processed 66250/98978 ok=66250 failures=0
[2026-06-27 23:26:50] processed 66500/98978 ok=66500 failures=0
[2026-06-27 23:27:35] processed 66750/98978 ok=66750 failures=0
[2026-06-27 23:28:29] processed 67000/98978 ok=67000 failures=0
[2026-06-27 23:29:20] processed 67250/98978 ok=67250 failures=0
[2026-06-27 23:30:10] processed 67500/98978 ok=67500 failures=0
[2026-06-27 23:30:58] processed 67750/98978 ok=67750 failures=0
[2026-06-27 23:31:42] processed 68000/98978 ok=68000 failures=0
[2026-06-27 23:32:49] processed 68250/98978 ok=68250 failures=0
[2026-06-27 23:34:06] processed 68500/98978 ok=68500 failures=0
[2026-06-27 23:35:04] processed 68750/98978 ok=68750 failures=0
[2026-06-27 23:35:59] processed 69000/98978 ok=69000 failures=0
[2026-06-27 23:36:48] processed 69250/98978 ok=69250 failures=0
[2026-06-27 23:37:35] processed 69500/98978 ok=69500 failures=0
[2026-06-27 23:38:20] processed 69750/98978 ok=69750 failures=0
[2026-06-27 23:39:04] processed 70000/98978 ok=70000 failures=0
[2026-06-27 23:39:48] processed 70250/98978 ok=70250 failures=0
[2026-06-27 23:40:33] processed 70500/98978 ok=70500 failures=0
[2026-06-27 23:41:21] processed 70750/98978 ok=70750 failures=0
[2026-06-27 23:42:07] processed 71000/98978 ok=71000 failures=0
[2026-06-27 23:43:02] processed 71250/98978 ok=71250 failures=0
[2026-06-27 23:43:57] processed 71500/98978 ok=71500 failures=0
[2026-06-27 23:45:04] processed 71750/98978 ok=71750 failures=0
[2026-06-27 23:46:07] processed 72000/98978 ok=72000 failures=0
[2026-06-27 23:46:59] processed 72250/98978 ok=72250 failures=0
[2026-06-27 23:47:54] processed 72500/98978 ok=72500 failures=0
[2026-06-27 23:48:49] processed 72750/98978 ok=72750 failures=0
[2026-06-27 23:49:44] processed 73000/98978 ok=73000 failures=0
[2026-06-27 23:50:33] processed 73250/98978 ok=73250 failures=0
[2026-06-27 23:51:23] processed 73500/98978 ok=73500 failures=0
[2026-06-27 23:52:30] processed 73750/98978 ok=73750 failures=0
[2026-06-27 23:53:49] processed 74000/98978 ok=74000 failures=0
[2026-06-27 23:54:58] processed 74250/98978 ok=74250 failures=0
[2026-06-27 23:56:07] processed 74500/98978 ok=74500 failures=0
[2026-06-27 23:57:02] processed 74750/98978 ok=74750 failures=0
[2026-06-27 23:57:51] processed 75000/98978 ok=75000 failures=0
[2026-06-27 23:58:37] processed 75250/98978 ok=75250 failures=0
[2026-06-27 23:59:22] processed 75500/98978 ok=75500 failures=0
[2026-06-28 00:00:11] processed 75750/98978 ok=75750 failures=0
[2026-06-28 00:00:58] processed 76000/98978 ok=76000 failures=0
[2026-06-28 00:01:47] processed 76250/98978 ok=76250 failures=0
[2026-06-28 00:02:35] processed 76500/98978 ok=76500 failures=0
[2026-06-28 00:03:28] processed 76750/98978 ok=76750 failures=0
[2026-06-28 00:04:31] processed 77000/98978 ok=77000 failures=0
[2026-06-28 00:05:32] processed 77250/98978 ok=77250 failures=0
[2026-06-28 00:06:22] processed 77500/98978 ok=77500 failures=0
[2026-06-28 00:07:10] processed 77750/98978 ok=77750 failures=0
[2026-06-28 00:07:51] processed 78000/98978 ok=78000 failures=0
[2026-06-28 00:08:50] processed 78250/98978 ok=78250 failures=0
[2026-06-28 00:10:11] processed 78500/98978 ok=78500 failures=0
[2026-06-28 00:11:14] processed 78750/98978 ok=78750 failures=0
[2026-06-28 00:12:12] processed 79000/98978 ok=79000 failures=0
[2026-06-28 00:13:14] processed 79250/98978 ok=79250 failures=0
[2026-06-28 00:14:19] processed 79500/98978 ok=79500 failures=0
[2026-06-28 00:15:19] processed 79750/98978 ok=79750 failures=0
[2026-06-28 00:16:36] processed 80000/98978 ok=80000 failures=0
[2026-06-28 00:17:40] processed 80250/98978 ok=80250 failures=0
[2026-06-28 00:18:55] processed 80500/98978 ok=80500 failures=0
[2026-06-28 00:20:07] processed 80750/98978 ok=80750 failures=0
[2026-06-28 00:21:23] processed 81000/98978 ok=81000 failures=0
[2026-06-28 00:22:33] processed 81250/98978 ok=81250 failures=0
[2026-06-28 00:23:50] processed 81500/98978 ok=81500 failures=0
[2026-06-28 00:25:00] processed 81750/98978 ok=81750 failures=0
[2026-06-28 00:26:10] processed 82000/98978 ok=82000 failures=0
[2026-06-28 00:27:37] processed 82250/98978 ok=82250 failures=0
[2026-06-28 00:29:13] processed 82500/98978 ok=82500 failures=0
[2026-06-28 00:30:55] processed 82750/98978 ok=82750 failures=0
[2026-06-28 00:32:15] processed 83000/98978 ok=83000 failures=0
[2026-06-28 00:33:32] processed 83250/98978 ok=83250 failures=0
[2026-06-28 00:34:47] processed 83500/98978 ok=83500 failures=0
[2026-06-28 00:36:01] processed 83750/98978 ok=83750 failures=0
[2026-06-28 00:37:15] processed 84000/98978 ok=84000 failures=0
[2026-06-28 00:38:41] processed 84250/98978 ok=84250 failures=0
[2026-06-28 00:40:15] processed 84500/98978 ok=84500 failures=0
[2026-06-28 00:41:48] processed 84750/98978 ok=84750 failures=0
[2026-06-28 00:43:12] processed 85000/98978 ok=85000 failures=0
[2026-06-28 00:44:24] processed 85250/98978 ok=85250 failures=0
[2026-06-28 00:45:39] processed 85500/98978 ok=85500 failures=0
[2026-06-28 00:46:56] processed 85750/98978 ok=85750 failures=0
[2026-06-28 00:47:58] processed 86000/98978 ok=86000 failures=0
[2026-06-28 00:48:52] processed 86250/98978 ok=86250 failures=0
[2026-06-28 00:50:05] processed 86500/98978 ok=86500 failures=0
[2026-06-28 00:51:16] processed 86750/98978 ok=86750 failures=0
[2026-06-28 00:52:20] processed 87000/98978 ok=87000 failures=0
[2026-06-28 00:53:46] processed 87250/98978 ok=87250 failures=0
[2026-06-28 00:55:19] processed 87500/98978 ok=87500 failures=0
[2026-06-28 00:56:34] processed 87750/98978 ok=87750 failures=0
[2026-06-28 00:57:51] processed 88000/98978 ok=88000 failures=0
[2026-06-28 00:59:20] processed 88250/98978 ok=88250 failures=0
[2026-06-28 01:00:44] processed 88500/98978 ok=88500 failures=0
[2026-06-28 01:02:06] processed 88750/98978 ok=88750 failures=0
[2026-06-28 01:03:16] processed 89000/98978 ok=89000 failures=0
[2026-06-28 01:05:01] processed 89250/98978 ok=89250 failures=0
[2026-06-28 01:06:20] processed 89500/98978 ok=89500 failures=0
[2026-06-28 01:07:35] processed 89750/98978 ok=89750 failures=0
[2026-06-28 01:08:58] processed 90000/98978 ok=90000 failures=0
[2026-06-28 01:10:15] processed 90250/98978 ok=90250 failures=0
[2026-06-28 01:11:41] processed 90500/98978 ok=90500 failures=0
[2026-06-28 01:13:10] processed 90750/98978 ok=90750 failures=0
[2026-06-28 01:14:12] processed 91000/98978 ok=91000 failures=0
[2026-06-28 01:15:18] processed 91250/98978 ok=91250 failures=0
[2026-06-28 01:16:16] processed 91500/98978 ok=91500 failures=0
[2026-06-28 01:17:22] processed 91750/98978 ok=91750 failures=0
[2026-06-28 01:18:36] processed 92000/98978 ok=92000 failures=0
[2026-06-28 01:19:46] processed 92250/98978 ok=92250 failures=0
[2026-06-28 01:20:55] processed 92500/98978 ok=92500 failures=0
[2026-06-28 01:22:18] processed 92750/98978 ok=92750 failures=0
[2026-06-28 01:23:39] processed 93000/98978 ok=93000 failures=0
[2026-06-28 01:24:55] processed 93250/98978 ok=93250 failures=0
[2026-06-28 01:26:13] processed 93500/98978 ok=93500 failures=0
[2026-06-28 01:27:34] processed 93750/98978 ok=93750 failures=0
[2026-06-28 01:28:42] processed 94000/98978 ok=94000 failures=0
[2026-06-28 01:29:54] processed 94250/98978 ok=94250 failures=0
[2026-06-28 01:31:09] processed 94500/98978 ok=94500 failures=0
[2026-06-28 01:32:30] processed 94750/98978 ok=94750 failures=0
[2026-06-28 01:33:26] processed 95000/98978 ok=95000 failures=0
[2026-06-28 01:34:42] processed 95250/98978 ok=95250 failures=0
[2026-06-28 01:36:01] processed 95500/98978 ok=95500 failures=0
[2026-06-28 01:36:57] processed 95750/98978 ok=95750 failures=0
[2026-06-28 01:37:51] processed 96000/98978 ok=96000 failures=0
[2026-06-28 01:38:56] processed 96250/98978 ok=96250 failures=0
[2026-06-28 01:40:08] processed 96500/98978 ok=96500 failures=0
[2026-06-28 01:41:20] processed 96750/98978 ok=96750 failures=0
[2026-06-28 01:42:28] processed 97000/98978 ok=97000 failures=0
[2026-06-28 01:43:24] processed 97250/98978 ok=97250 failures=0
[2026-06-28 01:44:26] processed 97500/98978 ok=97500 failures=0
[2026-06-28 01:45:40] processed 97750/98978 ok=97750 failures=0
[2026-06-28 01:46:50] processed 98000/98978 ok=98000 failures=0
[2026-06-28 01:48:09] processed 98250/98978 ok=98250 failures=0
[2026-06-28 01:49:20] processed 98500/98978 ok=98500 failures=0
[2026-06-28 01:50:02] processed 98750/98978 ok=98750 failures=0
[2026-06-28 01:50:46] processed 98978/98978 ok=98978 failures=0
{
  "train_size": 91308,
  "test_size": 7670,
  "num_classes": 309,
  "num_failures": 0
}
[2026-06-28 01:52:19] wrote /home/Hongjie_Zeng/high_order_BM/data_vggsound_full/rgb_motion_fused/vggsound_full_rgbmotion_seq_resnet50_f16_s224_shard01of2.npz
