Start time: Sun Jun 21 05:14:28 PM CST 2026
Workdir: /home/Hongjie_Zeng/high_order_BM
Python: /home/Hongjie_Zeng/.conda/envs/hongjie_env/bin/python
SLURM_JOB_ID: 307
CUDA_VISIBLE_DEVICES: 0,1

[2026-06-21 17:14:28] ALIGN best video/audio features -> /home/Hongjie_Zeng/high_order_BM/data_vggsound_full/features/vggsound_full_aligned_videolstm4096_audiocnnlstm4096_seed123.npz
/home/Hongjie_Zeng/.conda/envs/hongjie_env/bin/python make_vggsound_full_aligned_av_features.py --video_npz /home/Hongjie_Zeng/high_order_BM/data_vggsound_full/features/vggsound_full_video_lstm4096_resnet50_f16_seed123.npz --audio_npz /home/Hongjie_Zeng/high_order_BM/data_vggsound_full/features/vggsound_full_audio_cnnlstm4096_stft128x96_per_dim_zscore_sigmoid_seed123.npz --out_npz /home/Hongjie_Zeng/high_order_BM/data_vggsound_full/features/vggsound_full_aligned_videolstm4096_audiocnnlstm4096_seed123.npz --out_summary /home/Hongjie_Zeng/high_order_BM/data_vggsound_full/features/vggsound_full_aligned_videolstm4096_audiocnnlstm4096_seed123_summary.json --video_key video --audio_key audio
STDOUT: /home/Hongjie_Zeng/high_order_BM/runs_vggsound_full_AV000_align_best_av_stdout.log
STDERR: /home/Hongjie_Zeng/high_order_BM/runs_vggsound_full_AV000_align_best_av_stderr.log

[2026-06-21 17:15:25] TRAIN AV001 standard_avg_videolstm4096_audiocnnlstm4096_h8_lc5_e320 type=standard input=4096 hidden=32768 total=38409
/home/Hongjie_Zeng/.conda/envs/hongjie_env/bin/python train_vggsound_mini20_bm.py --feature_npz /home/Hongjie_Zeng/high_order_BM/data_vggsound_full/features/vggsound_full_aligned_videolstm4096_audiocnnlstm4096_seed123.npz --out_dir /home/Hongjie_Zeng/high_order_BM/runs_vggsound_full_AV001_standard_avg_videolstm4096_audiocnnlstm4096_h8_lc5_e320 --experiment_id AV001 --model_type standard --input_dim 4096 --num_classes 309 --label_copies 5 --total_pbits 38409 --epochs 320 --batch_size 64 --eval_batch_size 64 --cd_k 3 --lr 0.0002 --momentum 0.6 --weight_decay 0.0 --eval_every 5 --quick_eval_steps 500 --quick_eval_burn_in 100 --quick_eval_thin 2 --full_eval_steps 3000 --full_eval_burn_in 500 --full_eval_thin 2 --label_init random_onehot --seed 123 --num_workers 0 --device auto --binarize none --full_eval_on_best --input_mode avg_video_audio
STDOUT: /home/Hongjie_Zeng/high_order_BM/runs_vggsound_full_AV001_standard_avg_videolstm4096_audiocnnlstm4096_h8_lc5_e320_stdout.log
STDERR: /home/Hongjie_Zeng/high_order_BM/runs_vggsound_full_AV001_standard_avg_videolstm4096_audiocnnlstm4096_h8_lc5_e320_stderr.log

[2026-06-21 22:57:28] TRAIN AV002 twoport_videolstm4096_audiocnnlstm4096_h8_g115_lc5_e320 type=twoport input=4096 hidden=32768 total=38409
/home/Hongjie_Zeng/.conda/envs/hongjie_env/bin/python train_vggsound_mini20_bm.py --feature_npz /home/Hongjie_Zeng/high_order_BM/data_vggsound_full/features/vggsound_full_aligned_videolstm4096_audiocnnlstm4096_seed123.npz --out_dir /home/Hongjie_Zeng/high_order_BM/runs_vggsound_full_AV002_twoport_videolstm4096_audiocnnlstm4096_h8_g115_lc5_e320 --experiment_id AV002 --model_type twoport --input_dim 4096 --num_classes 309 --label_copies 5 --total_pbits 38409 --epochs 320 --batch_size 64 --eval_batch_size 64 --cd_k 3 --lr 0.0002 --momentum 0.6 --weight_decay 0.0 --eval_every 5 --quick_eval_steps 500 --quick_eval_burn_in 100 --quick_eval_thin 2 --full_eval_steps 3000 --full_eval_burn_in 500 --full_eval_thin 2 --label_init random_onehot --seed 123 --num_workers 0 --device auto --binarize none --full_eval_on_best --port_a audio --port_o video --gamma_h 1.15 --gamma_l 1.15 --label_inhibit 0.3 --label_update binary --label_condition both
STDOUT: /home/Hongjie_Zeng/high_order_BM/runs_vggsound_full_AV002_twoport_videolstm4096_audiocnnlstm4096_h8_g115_lc5_e320_stdout.log
STDERR: /home/Hongjie_Zeng/high_order_BM/runs_vggsound_full_AV002_twoport_videolstm4096_audiocnnlstm4096_h8_g115_lc5_e320_stderr.log

[2026-06-22 07:52:11] TRAIN AV003 twoport_videolstm4096_audiocnnlstm4096_h8_g050_lc5_e320 type=twoport input=4096 hidden=32768 total=38409
/home/Hongjie_Zeng/.conda/envs/hongjie_env/bin/python train_vggsound_mini20_bm.py --feature_npz /home/Hongjie_Zeng/high_order_BM/data_vggsound_full/features/vggsound_full_aligned_videolstm4096_audiocnnlstm4096_seed123.npz --out_dir /home/Hongjie_Zeng/high_order_BM/runs_vggsound_full_AV003_twoport_videolstm4096_audiocnnlstm4096_h8_g050_lc5_e320 --experiment_id AV003 --model_type twoport --input_dim 4096 --num_classes 309 --label_copies 5 --total_pbits 38409 --epochs 320 --batch_size 64 --eval_batch_size 64 --cd_k 3 --lr 0.0002 --momentum 0.6 --weight_decay 0.0 --eval_every 5 --quick_eval_steps 500 --quick_eval_burn_in 100 --quick_eval_thin 2 --full_eval_steps 3000 --full_eval_burn_in 500 --full_eval_thin 2 --label_init random_onehot --seed 123 --num_workers 0 --device auto --binarize none --full_eval_on_best --port_a audio --port_o video --gamma_h 0.5 --gamma_l 0.5 --label_inhibit 0.3 --label_update binary --label_condition both
STDOUT: /home/Hongjie_Zeng/high_order_BM/runs_vggsound_full_AV003_twoport_videolstm4096_audiocnnlstm4096_h8_g050_lc5_e320_stdout.log
STDERR: /home/Hongjie_Zeng/high_order_BM/runs_vggsound_full_AV003_twoport_videolstm4096_audiocnnlstm4096_h8_g050_lc5_e320_stderr.log

[2026-06-22 16:50:13] TRAIN AV004 twoport_videolstm4096_audiocnnlstm4096_h8_g000_lc5_e320 type=twoport input=4096 hidden=32768 total=38409
/home/Hongjie_Zeng/.conda/envs/hongjie_env/bin/python train_vggsound_mini20_bm.py --feature_npz /home/Hongjie_Zeng/high_order_BM/data_vggsound_full/features/vggsound_full_aligned_videolstm4096_audiocnnlstm4096_seed123.npz --out_dir /home/Hongjie_Zeng/high_order_BM/runs_vggsound_full_AV004_twoport_videolstm4096_audiocnnlstm4096_h8_g000_lc5_e320 --experiment_id AV004 --model_type twoport --input_dim 4096 --num_classes 309 --label_copies 5 --total_pbits 38409 --epochs 320 --batch_size 64 --eval_batch_size 64 --cd_k 3 --lr 0.0002 --momentum 0.6 --weight_decay 0.0 --eval_every 5 --quick_eval_steps 500 --quick_eval_burn_in 100 --quick_eval_thin 2 --full_eval_steps 3000 --full_eval_burn_in 500 --full_eval_thin 2 --label_init random_onehot --seed 123 --num_workers 0 --device auto --binarize none --full_eval_on_best --port_a audio --port_o video --gamma_h 0.0 --gamma_l 0.0 --label_inhibit 0.3 --label_update binary --label_condition both
STDOUT: /home/Hongjie_Zeng/high_order_BM/runs_vggsound_full_AV004_twoport_videolstm4096_audiocnnlstm4096_h8_g000_lc5_e320_stdout.log
STDERR: /home/Hongjie_Zeng/high_order_BM/runs_vggsound_full_AV004_twoport_videolstm4096_audiocnnlstm4096_h8_g000_lc5_e320_stderr.log

[2026-06-23 01:53:12] TRAIN AV005 twoport_videolstm4096_audiocnnlstm4096_h6_g115_lc5_e320 type=twoport input=4096 hidden=24576 total=30217
/home/Hongjie_Zeng/.conda/envs/hongjie_env/bin/python train_vggsound_mini20_bm.py --feature_npz /home/Hongjie_Zeng/high_order_BM/data_vggsound_full/features/vggsound_full_aligned_videolstm4096_audiocnnlstm4096_seed123.npz --out_dir /home/Hongjie_Zeng/high_order_BM/runs_vggsound_full_AV005_twoport_videolstm4096_audiocnnlstm4096_h6_g115_lc5_e320 --experiment_id AV005 --model_type twoport --input_dim 4096 --num_classes 309 --label_copies 5 --total_pbits 30217 --epochs 320 --batch_size 96 --eval_batch_size 64 --cd_k 3 --lr 0.0002 --momentum 0.6 --weight_decay 0.0 --eval_every 5 --quick_eval_steps 500 --quick_eval_burn_in 100 --quick_eval_thin 2 --full_eval_steps 3000 --full_eval_burn_in 500 --full_eval_thin 2 --label_init random_onehot --seed 123 --num_workers 0 --device auto --binarize none --full_eval_on_best --port_a audio --port_o video --gamma_h 1.15 --gamma_l 1.15 --label_inhibit 0.3 --label_update binary --label_condition both
STDOUT: /home/Hongjie_Zeng/high_order_BM/runs_vggsound_full_AV005_twoport_videolstm4096_audiocnnlstm4096_h6_g115_lc5_e320_stdout.log
STDERR: /home/Hongjie_Zeng/high_order_BM/runs_vggsound_full_AV005_twoport_videolstm4096_audiocnnlstm4096_h6_g115_lc5_e320_stderr.log
Best audio-video two-port BM experiments finished.
End time: Tue Jun 23 07:55:53 AM CST 2026
