Start time: Mon Jun 15 06:21:11 PM CST 2026
Workdir: /home/Hongjie_Zeng/high_order_BM
Python: /home/Hongjie_Zeng/.conda/envs/hongjie_env/bin/python
SLURM_JOB_ID: 277
CUDA_VISIBLE_DEVICES: 0

[2026-06-15 18:21:11] RUN V001 standard_video_only
/home/Hongjie_Zeng/.conda/envs/hongjie_env/bin/python train_vggsound_mini20_bm.py --out_dir /home/Hongjie_Zeng/high_order_BM/runs_vggsound_mini20_V001_standard_video_only --experiment_id V001_standard_video_only --model_type standard --input_mode video --feature_npz ./data_vggsound_mini/features/vggsound_mini20_features_2048.npz --total_pbits 4096 --input_dim 2048 --num_classes 20 --label_copies 5 --epochs 180 --batch_size 32 --eval_batch_size 64 --cd_k 3 --lr 0.0002 --momentum 0.6 --weight_decay 0.0 --weight_clip 1.2 --grad_clip 5.0 --gamma_h 1.15 --gamma_l 1.15 --label_inhibit 0.3 --label_update binary --label_init random_onehot --neg_init random_onehot --eval_every 5 --quick_eval_steps 600 --quick_eval_burn_in 100 --quick_eval_thin 2 --full_eval_steps 3000 --full_eval_burn_in 500 --full_eval_thin 2 --seed 123 --num_workers 0 --device auto --binarize none --full_eval_on_best
STDOUT: /home/Hongjie_Zeng/high_order_BM/runs_vggsound_mini20_V001_standard_video_only_stdout.log
STDERR: /home/Hongjie_Zeng/high_order_BM/runs_vggsound_mini20_V001_standard_video_only_stderr.log

[2026-06-15 18:21:49] RUN V002 standard_audio_only
/home/Hongjie_Zeng/.conda/envs/hongjie_env/bin/python train_vggsound_mini20_bm.py --out_dir /home/Hongjie_Zeng/high_order_BM/runs_vggsound_mini20_V002_standard_audio_only --experiment_id V002_standard_audio_only --model_type standard --input_mode audio --feature_npz ./data_vggsound_mini/features/vggsound_mini20_features_2048.npz --total_pbits 4096 --input_dim 2048 --num_classes 20 --label_copies 5 --epochs 180 --batch_size 32 --eval_batch_size 64 --cd_k 3 --lr 0.0002 --momentum 0.6 --weight_decay 0.0 --weight_clip 1.2 --grad_clip 5.0 --gamma_h 1.15 --gamma_l 1.15 --label_inhibit 0.3 --label_update binary --label_init random_onehot --neg_init random_onehot --eval_every 5 --quick_eval_steps 600 --quick_eval_burn_in 100 --quick_eval_thin 2 --full_eval_steps 3000 --full_eval_burn_in 500 --full_eval_thin 2 --seed 123 --num_workers 0 --device auto --binarize none --full_eval_on_best
STDOUT: /home/Hongjie_Zeng/high_order_BM/runs_vggsound_mini20_V002_standard_audio_only_stdout.log
STDERR: /home/Hongjie_Zeng/high_order_BM/runs_vggsound_mini20_V002_standard_audio_only_stderr.log

[2026-06-15 18:22:28] RUN V003 twoport_video_audio
/home/Hongjie_Zeng/.conda/envs/hongjie_env/bin/python train_vggsound_mini20_bm.py --out_dir /home/Hongjie_Zeng/high_order_BM/runs_vggsound_mini20_V003_twoport_video_audio --experiment_id V003_twoport_video_audio --model_type twoport --port_o video --port_a audio --feature_npz ./data_vggsound_mini/features/vggsound_mini20_features_2048.npz --total_pbits 4096 --input_dim 2048 --num_classes 20 --label_copies 5 --epochs 180 --batch_size 32 --eval_batch_size 64 --cd_k 3 --lr 0.0002 --momentum 0.6 --weight_decay 0.0 --weight_clip 1.2 --grad_clip 5.0 --gamma_h 1.15 --gamma_l 1.15 --label_inhibit 0.3 --label_update binary --label_init random_onehot --neg_init random_onehot --eval_every 5 --quick_eval_steps 600 --quick_eval_burn_in 100 --quick_eval_thin 2 --full_eval_steps 3000 --full_eval_burn_in 500 --full_eval_thin 2 --seed 123 --num_workers 0 --device auto --binarize none --full_eval_on_best
STDOUT: /home/Hongjie_Zeng/high_order_BM/runs_vggsound_mini20_V003_twoport_video_audio_stdout.log
STDERR: /home/Hongjie_Zeng/high_order_BM/runs_vggsound_mini20_V003_twoport_video_audio_stderr.log

[2026-06-15 18:24:19] RUN V004 twoport_motion_audio
/home/Hongjie_Zeng/.conda/envs/hongjie_env/bin/python train_vggsound_mini20_bm.py --out_dir /home/Hongjie_Zeng/high_order_BM/runs_vggsound_mini20_V004_twoport_motion_audio --experiment_id V004_twoport_motion_audio --model_type twoport --port_o motion --port_a audio --feature_npz ./data_vggsound_mini/features/vggsound_mini20_features_2048.npz --total_pbits 4096 --input_dim 2048 --num_classes 20 --label_copies 5 --epochs 180 --batch_size 32 --eval_batch_size 64 --cd_k 3 --lr 0.0002 --momentum 0.6 --weight_decay 0.0 --weight_clip 1.2 --grad_clip 5.0 --gamma_h 1.15 --gamma_l 1.15 --label_inhibit 0.3 --label_update binary --label_init random_onehot --neg_init random_onehot --eval_every 5 --quick_eval_steps 600 --quick_eval_burn_in 100 --quick_eval_thin 2 --full_eval_steps 3000 --full_eval_burn_in 500 --full_eval_thin 2 --seed 123 --num_workers 0 --device auto --binarize none --full_eval_on_best
STDOUT: /home/Hongjie_Zeng/high_order_BM/runs_vggsound_mini20_V004_twoport_motion_audio_stdout.log
STDERR: /home/Hongjie_Zeng/high_order_BM/runs_vggsound_mini20_V004_twoport_motion_audio_stderr.log

[2026-06-15 18:26:09] RUN V005 twoport_video_motion
/home/Hongjie_Zeng/.conda/envs/hongjie_env/bin/python train_vggsound_mini20_bm.py --out_dir /home/Hongjie_Zeng/high_order_BM/runs_vggsound_mini20_V005_twoport_video_motion --experiment_id V005_twoport_video_motion --model_type twoport --port_o video --port_a motion --feature_npz ./data_vggsound_mini/features/vggsound_mini20_features_2048.npz --total_pbits 4096 --input_dim 2048 --num_classes 20 --label_copies 5 --epochs 180 --batch_size 32 --eval_batch_size 64 --cd_k 3 --lr 0.0002 --momentum 0.6 --weight_decay 0.0 --weight_clip 1.2 --grad_clip 5.0 --gamma_h 1.15 --gamma_l 1.15 --label_inhibit 0.3 --label_update binary --label_init random_onehot --neg_init random_onehot --eval_every 5 --quick_eval_steps 600 --quick_eval_burn_in 100 --quick_eval_thin 2 --full_eval_steps 3000 --full_eval_burn_in 500 --full_eval_thin 2 --seed 123 --num_workers 0 --device auto --binarize none --full_eval_on_best
STDOUT: /home/Hongjie_Zeng/high_order_BM/runs_vggsound_mini20_V005_twoport_video_motion_stdout.log
STDERR: /home/Hongjie_Zeng/high_order_BM/runs_vggsound_mini20_V005_twoport_video_motion_stderr.log

All VGGSound-mini20 experiments finished.
End time: Mon Jun 15 06:28:00 PM CST 2026
