Start time: Sat Jun 20 10:30:26 PM CST 2026
Workdir: /home/Hongjie_Zeng/high_order_BM
Python: /home/Hongjie_Zeng/.conda/envs/hongjie_env/bin/python
SLURM_JOB_ID: 306
CUDA_VISIBLE_DEVICES: 5,6

[2026-06-20 22:30:26] EXTRACT PAPER STFT MEMMAP -> /home/Hongjie_Zeng/high_order_BM/data_vggsound_full/audio_paper_stft257x1004
/home/Hongjie_Zeng/.conda/envs/hongjie_env/bin/python make_vggsound_full_audio_paper_stft_memmap.py --csv /home/Hongjie_Zeng/datasets/VGGSound_full/meta/vggsound.csv --clips_root /home/Hongjie_Zeng/datasets/VGGSound_full/clips --out_dir /home/Hongjie_Zeng/high_order_BM/data_vggsound_full/audio_paper_stft257x1004 --sample_rate 16000 --duration 10.0 --nperseg 512 --noverlap 353 --normalization log_per_clip_zscore --dtype float16 --timeout 120 --progress_every 500 --workers 20 --worker_chunksize 8 --resume
STDOUT: /home/Hongjie_Zeng/high_order_BM/runs_vggsound_full_ARF004_paper_stft_stdout.log
STDERR: /home/Hongjie_Zeng/high_order_BM/runs_vggsound_full_ARF004_paper_stft_stderr.log

[2026-06-20 22:37:59] TRAIN PAPER-STFT AUDIO RESNET50 TEACHER
/home/Hongjie_Zeng/.conda/envs/hongjie_env/bin/python make_vggsound_full_audio_paper_resnet50_features.py --data_dir /home/Hongjie_Zeng/high_order_BM/data_vggsound_full/audio_paper_stft257x1004 --feature_out_dir /home/Hongjie_Zeng/high_order_BM/data_vggsound_full/features --out_summary /home/Hongjie_Zeng/high_order_BM/data_vggsound_full/features/vggsound_full_audio_paperresnet50_teacher_seed123_summary.json --experiment_id ARF004_paper_resnet50 --epochs 100 --batch_size 128 --eval_batch_size 64 --export_batch_size 64 --num_workers 16 --export_num_workers 8 --lr 0.001 --weight_decay 0.0001 --dropout 0.2 --eval_every 2 --train_crop_frames 500 --sequence_num_chunks 4 --sequence_chunk_frames 500 --seed 123 --device auto --eval_full_10s --amp --data_parallel --pin_memory
STDOUT: /home/Hongjie_Zeng/high_order_BM/runs_vggsound_full_ARF004_paper_resnet50_stdout.log
STDERR: /home/Hongjie_Zeng/high_order_BM/runs_vggsound_full_ARF004_paper_resnet50_stderr.log

[2026-06-21 05:05:27] TRAIN PAPER-RESNET50 SEQUENCE LSTM FEATURE
/home/Hongjie_Zeng/.conda/envs/hongjie_env/bin/python make_vggsound_full_audio_resnet50_lstm_encoder_features.py --seq_npz /home/Hongjie_Zeng/high_order_BM/data_vggsound_full/features/vggsound_full_audio_paperresnet50_seq_chunks4_w500_seed123.npz --out_npz /home/Hongjie_Zeng/high_order_BM/data_vggsound_full/features/vggsound_full_audio_paperresnet50_lstm4096_chunks4_w500_h1024_seed123.npz --out_summary /home/Hongjie_Zeng/high_order_BM/data_vggsound_full/features/vggsound_full_audio_paperresnet50_lstm4096_chunks4_w500_h1024_seed123_summary.json --out_history /home/Hongjie_Zeng/high_order_BM/data_vggsound_full/features/vggsound_full_audio_paperresnet50_lstm4096_chunks4_w500_h1024_seed123_history.json --out_ckpt /home/Hongjie_Zeng/high_order_BM/data_vggsound_full/features/vggsound_full_audio_paperresnet50_lstm4096_chunks4_w500_h1024_seed123_teacher.pt --experiment_id ARF005_paper_resnet50_lstm4096 --embedding_dim 4096 --proj_dim 1024 --lstm_hidden 1024 --lstm_layers 1 --epochs 120 --batch_size 512 --eval_batch_size 512 --lr 0.001 --weight_decay 0.0001 --dropout 0.25 --eval_every 5 --seed 123 --num_workers 8 --device auto --amp --data_parallel --pin_memory
STDOUT: /home/Hongjie_Zeng/high_order_BM/runs_vggsound_full_ARF005_paper_resnet50_lstm_stdout.log
STDERR: /home/Hongjie_Zeng/high_order_BM/runs_vggsound_full_ARF005_paper_resnet50_lstm_stderr.log

[2026-06-21 05:26:09] TRAIN BM AF028 standard_audio_paperresnet50_global2048_h8_lc5_e450 input=2048 hidden=16384 total=19977
/home/Hongjie_Zeng/.conda/envs/hongjie_env/bin/python train_vggsound_mini20_bm.py --feature_npz /home/Hongjie_Zeng/high_order_BM/data_vggsound_full/features/vggsound_full_audio_paperresnet50_global2048_seed123.npz --out_dir /home/Hongjie_Zeng/high_order_BM/runs_vggsound_full_AF028_standard_audio_paperresnet50_global2048_h8_lc5_e450 --experiment_id AF028 --model standard --input_mode audio --total_pbits 19977 --input_dim 2048 --num_classes 309 --label_copies 5 --epochs 450 --batch_size 96 --eval_batch_size 64 --cd_k 3 --lr 0.0002 --momentum 0.6 --weight_decay 0.0 --eval_every 5 --quick_eval_steps 500 --quick_eval_burn_in 100 --quick_eval_thin 2 --full_eval_steps 3000 --full_eval_burn_in 500 --full_eval_thin 2 --label_init random_onehot --seed 123 --num_workers 0 --device auto --binarize none --full_eval_on_best
STDOUT: /home/Hongjie_Zeng/high_order_BM/runs_vggsound_full_AF028_standard_audio_paperresnet50_global2048_h8_lc5_e450_stdout.log
STDERR: /home/Hongjie_Zeng/high_order_BM/runs_vggsound_full_AF028_standard_audio_paperresnet50_global2048_h8_lc5_e450_stderr.log

[2026-06-21 08:03:47] TRAIN BM AF029 standard_audio_paperresnet50_meanstd4096_h6_lc5_e450 input=4096 hidden=24576 total=30217
/home/Hongjie_Zeng/.conda/envs/hongjie_env/bin/python train_vggsound_mini20_bm.py --feature_npz /home/Hongjie_Zeng/high_order_BM/data_vggsound_full/features/vggsound_full_audio_paperresnet50_seqmeanstd4096_chunks4_w500_seed123.npz --out_dir /home/Hongjie_Zeng/high_order_BM/runs_vggsound_full_AF029_standard_audio_paperresnet50_meanstd4096_h6_lc5_e450 --experiment_id AF029 --model standard --input_mode audio --total_pbits 30217 --input_dim 4096 --num_classes 309 --label_copies 5 --epochs 450 --batch_size 96 --eval_batch_size 64 --cd_k 3 --lr 0.0002 --momentum 0.6 --weight_decay 0.0 --eval_every 5 --quick_eval_steps 500 --quick_eval_burn_in 100 --quick_eval_thin 2 --full_eval_steps 3000 --full_eval_burn_in 500 --full_eval_thin 2 --label_init random_onehot --seed 123 --num_workers 0 --device auto --binarize none --full_eval_on_best
STDOUT: /home/Hongjie_Zeng/high_order_BM/runs_vggsound_full_AF029_standard_audio_paperresnet50_meanstd4096_h6_lc5_e450_stdout.log
STDERR: /home/Hongjie_Zeng/high_order_BM/runs_vggsound_full_AF029_standard_audio_paperresnet50_meanstd4096_h6_lc5_e450_stderr.log

[2026-06-21 13:23:32] TRAIN BM AF030 standard_audio_paperresnet50_meanstd4096_h8_lc5_e450 input=4096 hidden=32768 total=38409
/home/Hongjie_Zeng/.conda/envs/hongjie_env/bin/python train_vggsound_mini20_bm.py --feature_npz /home/Hongjie_Zeng/high_order_BM/data_vggsound_full/features/vggsound_full_audio_paperresnet50_seqmeanstd4096_chunks4_w500_seed123.npz --out_dir /home/Hongjie_Zeng/high_order_BM/runs_vggsound_full_AF030_standard_audio_paperresnet50_meanstd4096_h8_lc5_e450 --experiment_id AF030 --model standard --input_mode audio --total_pbits 38409 --input_dim 4096 --num_classes 309 --label_copies 5 --epochs 450 --batch_size 64 --eval_batch_size 64 --cd_k 3 --lr 0.0002 --momentum 0.6 --weight_decay 0.0 --eval_every 5 --quick_eval_steps 500 --quick_eval_burn_in 100 --quick_eval_thin 2 --full_eval_steps 3000 --full_eval_burn_in 500 --full_eval_thin 2 --label_init random_onehot --seed 123 --num_workers 0 --device auto --binarize none --full_eval_on_best
STDOUT: /home/Hongjie_Zeng/high_order_BM/runs_vggsound_full_AF030_standard_audio_paperresnet50_meanstd4096_h8_lc5_e450_stdout.log
STDERR: /home/Hongjie_Zeng/high_order_BM/runs_vggsound_full_AF030_standard_audio_paperresnet50_meanstd4096_h8_lc5_e450_stderr.log

[2026-06-21 21:09:20] TRAIN BM AF031 standard_audio_paperresnet50_lstm4096_h6_lc5_e450 input=4096 hidden=24576 total=30217
/home/Hongjie_Zeng/.conda/envs/hongjie_env/bin/python train_vggsound_mini20_bm.py --feature_npz /home/Hongjie_Zeng/high_order_BM/data_vggsound_full/features/vggsound_full_audio_paperresnet50_lstm4096_chunks4_w500_h1024_seed123.npz --out_dir /home/Hongjie_Zeng/high_order_BM/runs_vggsound_full_AF031_standard_audio_paperresnet50_lstm4096_h6_lc5_e450 --experiment_id AF031 --model standard --input_mode audio --total_pbits 30217 --input_dim 4096 --num_classes 309 --label_copies 5 --epochs 450 --batch_size 96 --eval_batch_size 64 --cd_k 3 --lr 0.0002 --momentum 0.6 --weight_decay 0.0 --eval_every 5 --quick_eval_steps 500 --quick_eval_burn_in 100 --quick_eval_thin 2 --full_eval_steps 3000 --full_eval_burn_in 500 --full_eval_thin 2 --label_init random_onehot --seed 123 --num_workers 0 --device auto --binarize none --full_eval_on_best
STDOUT: /home/Hongjie_Zeng/high_order_BM/runs_vggsound_full_AF031_standard_audio_paperresnet50_lstm4096_h6_lc5_e450_stdout.log
STDERR: /home/Hongjie_Zeng/high_order_BM/runs_vggsound_full_AF031_standard_audio_paperresnet50_lstm4096_h6_lc5_e450_stderr.log
Paper-STFT audio ResNet50 BM route finished.
End time: Mon Jun 22 02:25:13 AM CST 2026
