Start time: Wed Jun 24 04:58:46 PM CST 2026
Workdir: /home/Hongjie_Zeng/high_order_BM
Python: /home/Hongjie_Zeng/.conda/envs/hongjie_env/bin/python
SLURM_JOB_ID: 324
CUDA_VISIBLE_DEVICES: 0,1
Phase 1 video continuation: P1V002 + P1V003
Start phase-1 video continuation: 2026-06-24 16:58:47
root=/home/Hongjie_Zeng/high_order_BM
RUN: /home/Hongjie_Zeng/.conda/envs/hongjie_env/bin/python run_vggsound_phase1_stronger_video.py --root /home/Hongjie_Zeng/high_order_BM --python_bin /home/Hongjie_Zeng/.conda/envs/hongjie_env/bin/python --only P1V002 --num_shards 2 --shard_devices cuda_index --data_parallel --teacher_batch_size 256 --teacher_eval_batch_size 384 --eval_batch_size 64 --device auto
STDOUT: /home/Hongjie_Zeng/high_order_BM/runs_vggsound_phase1_P1V002_continuation_wrapper_stdout.log
STDERR: /home/Hongjie_Zeng/high_order_BM/runs_vggsound_phase1_P1V002_continuation_wrapper_stderr.log
SKIP P1V001 sequence: /home/Hongjie_Zeng/high_order_BM/data_vggsound_full/phase1_features/vggsound_phase1_P1V001_24f_320s_center_crop_resnet50_seq.npz
RUN: /home/Hongjie_Zeng/.conda/envs/hongjie_env/bin/python make_vggsound_full_video_lstm_encoder_features.py --seq_npz /home/Hongjie_Zeng/high_order_BM/data_vggsound_full/phase1_features/vggsound_phase1_P1V001_24f_320s_center_crop_resnet50_seq.npz --out_npz /home/Hongjie_Zeng/high_order_BM/data_vggsound_full/phase1_features/vggsound_phase1_P1V003_24f_320s_center_crop_video_lstm4096_proj768_h768_seed125.npz --out_summary /home/Hongjie_Zeng/high_order_BM/data_vggsound_full/phase1_features/vggsound_phase1_P1V003_24f_320s_center_crop_video_lstm4096_proj768_h768_seed125_summary.json --out_history /home/Hongjie_Zeng/high_order_BM/data_vggsound_full/phase1_features/vggsound_phase1_P1V003_24f_320s_center_crop_video_lstm4096_proj768_h768_seed125_history.json --out_ckpt /home/Hongjie_Zeng/high_order_BM/data_vggsound_full/phase1_features/vggsound_phase1_P1V003_24f_320s_center_crop_video_lstm4096_proj768_h768_seed125_teacher.pt --experiment_id P1V003_video_lstm4096_proj768_h768 --embedding_dim 4096 --proj_dim 768 --lstm_hidden 768 --lstm_layers 1 --epochs 80 --batch_size 256 --eval_batch_size 384 --lr 0.001 --weight_decay 0.0001 --dropout 0.30 --eval_every 5 --seed 125 --num_workers 0 --device auto --amp --data_parallel
STDOUT: /home/Hongjie_Zeng/high_order_BM/runs_vggsound_phase1_P1V003_video_lstm_feature_stdout.log
STDERR: /home/Hongjie_Zeng/high_order_BM/runs_vggsound_phase1_P1V003_video_lstm_feature_stderr.log
RUN: /home/Hongjie_Zeng/.conda/envs/hongjie_env/bin/python train_vggsound_mini20_bm.py --feature_npz /home/Hongjie_Zeng/high_order_BM/data_vggsound_full/phase1_features/vggsound_phase1_P1V003_24f_320s_center_crop_video_lstm4096_proj768_h768_seed125.npz --out_dir /home/Hongjie_Zeng/high_order_BM/runs_vggsound_phase1_P1V003_video_f24_s320_centercrop_lstm768_h8_e360 --experiment_id P1V003 --model_type standard --input_mode video --total_pbits 38409 --input_dim 4096 --num_classes 309 --label_copies 5 --epochs 360 --batch_size 64 --eval_batch_size 64 --cd_k 3 --lr 0.0002 --momentum 0.6 --weight_decay 0.0 --eval_every 5 --quick_eval_steps 500 --quick_eval_burn_in 100 --quick_eval_thin 2 --full_eval_steps 3000 --full_eval_burn_in 500 --full_eval_thin 2 --label_init random_onehot --seed 125 --num_workers 0 --device auto --binarize none --full_eval_on_best
STDOUT: /home/Hongjie_Zeng/high_order_BM/runs_vggsound_phase1_P1V003_video_f24_s320_centercrop_lstm768_h8_e360_stdout.log
STDERR: /home/Hongjie_Zeng/high_order_BM/runs_vggsound_phase1_P1V003_video_f24_s320_centercrop_lstm768_h8_e360_stderr.log
Finished phase-1 video continuation: 2026-06-25 18:59:07
End time: Thu Jun 25 06:59:07 PM CST 2026
