Start time: Tue Jun 16 05:24:06 PM CST 2026
Workdir: /home/Hongjie_Zeng/high_order_BM
Python: /home/Hongjie_Zeng/.conda/envs/hongjie_env/bin/python
TORCH_HOME: /home/Hongjie_Zeng/.cache/torch
SLURM_JOB_ID: 282
Tue Jun 16 17:24:06 2026       
+-----------------------------------------------------------------------------------------+
| NVIDIA-SMI 570.172.08             Driver Version: 570.172.08     CUDA Version: 12.8     |
|-----------------------------------------+------------------------+----------------------+
| GPU  Name                 Persistence-M | Bus-Id          Disp.A | Volatile Uncorr. ECC |
| Fan  Temp   Perf          Pwr:Usage/Cap |           Memory-Usage | GPU-Util  Compute M. |
|                                         |                        |               MIG M. |
|=========================================+========================+======================|
|   0  NVIDIA GeForce RTX 5090        Off |   00000000:16:00.0 Off |                  N/A |
|  0%   28C    P8             25W /  575W |      15MiB /  32607MiB |      0%      Default |
|                                         |                        |                  N/A |
+-----------------------------------------+------------------------+----------------------+
|   1  NVIDIA GeForce RTX 5090        Off |   00000000:27:00.0 Off |                  N/A |
|  0%   28C    P8             24W /  575W |      15MiB /  32607MiB |      0%      Default |
|                                         |                        |                  N/A |
+-----------------------------------------+------------------------+----------------------+
|   2  NVIDIA GeForce RTX 5090        Off |   00000000:49:00.0 Off |                  N/A |
|  0%   26C    P8             29W /  575W |      15MiB /  32607MiB |      0%      Default |
|                                         |                        |                  N/A |
+-----------------------------------------+------------------------+----------------------+
|   3  NVIDIA GeForce RTX 5090        Off |   00000000:5A:00.0 Off |                  N/A |
|  0%   26C    P8             30W /  575W |      15MiB /  32607MiB |      0%      Default |
|                                         |                        |                  N/A |
+-----------------------------------------+------------------------+----------------------+
|   4  NVIDIA GeForce RTX 5090        Off |   00000000:98:00.0 Off |                  N/A |
|  0%   29C    P8             14W /  575W |      15MiB /  32607MiB |      0%      Default |
|                                         |                        |                  N/A |
+-----------------------------------------+------------------------+----------------------+
|   5  NVIDIA GeForce RTX 5090        Off |   00000000:B8:00.0 Off |                  N/A |
|  0%   29C    P8             25W /  575W |      15MiB /  32607MiB |      0%      Default |
|                                         |                        |                  N/A |
+-----------------------------------------+------------------------+----------------------+
|   6  NVIDIA GeForce RTX 5090        Off |   00000000:C8:00.0 Off |                  N/A |
|  0%   26C    P8             20W /  575W |      15MiB /  32607MiB |      0%      Default |
|                                         |                        |                  N/A |
+-----------------------------------------+------------------------+----------------------+
|   7  NVIDIA GeForce RTX 5090        Off |   00000000:D8:00.0 Off |                  N/A |
|  0%   27C    P8             27W /  575W |      15MiB /  32607MiB |      0%      Default |
|                                         |                        |                  N/A |
+-----------------------------------------+------------------------+----------------------+
                                                                                         
+-----------------------------------------------------------------------------------------+
| Processes:                                                                              |
|  GPU   GI   CI              PID   Type   Process name                        GPU Memory |
|        ID   ID                                                               Usage      |
|=========================================================================================|
|    0   N/A  N/A            3919      G   /usr/lib/xorg/Xorg                        4MiB |
|    1   N/A  N/A            3919      G   /usr/lib/xorg/Xorg                        4MiB |
|    2   N/A  N/A            3919      G   /usr/lib/xorg/Xorg                        4MiB |
|    3   N/A  N/A            3919      G   /usr/lib/xorg/Xorg                        4MiB |
|    4   N/A  N/A            3919      G   /usr/lib/xorg/Xorg                        4MiB |
|    5   N/A  N/A            3919      G   /usr/lib/xorg/Xorg                        4MiB |
|    6   N/A  N/A            3919      G   /usr/lib/xorg/Xorg                        4MiB |
|    7   N/A  N/A            3919      G   /usr/lib/xorg/Xorg                        4MiB |
+-----------------------------------------------------------------------------------------+

[2026-06-16 17:24:07] EXTRACT V017 standard_video_resnet18_mean_h2 -> /home/Hongjie_Zeng/high_order_BM/data_vggsound_mini/features/vggsound_mini20_videoenc_resnet18_mean_per_dim_minmax_f8_s224.npz
/home/Hongjie_Zeng/.conda/envs/hongjie_env/bin/python make_vggsound_video_encoder_features.py --root /home/Hongjie_Zeng/high_order_BM/data_vggsound_mini --out_npz /home/Hongjie_Zeng/high_order_BM/data_vggsound_mini/features/vggsound_mini20_videoenc_resnet18_mean_per_dim_minmax_f8_s224.npz --out_manifest /home/Hongjie_Zeng/high_order_BM/data_vggsound_mini/features/vggsound_mini20_videoenc_resnet18_mean_per_dim_minmax_f8_s224_manifest.csv --out_summary /home/Hongjie_Zeng/high_order_BM/data_vggsound_mini/features/vggsound_mini20_videoenc_resnet18_mean_per_dim_minmax_f8_s224_summary.json --encoder resnet18 --pool mean --normalize per_dim_minmax --num_frames 8 --video_fps 4 --frame_size 224 --timeout 120 --device auto
STDOUT: /home/Hongjie_Zeng/high_order_BM/runs_vggsound_mini20_V017_standard_video_resnet18_mean_h2_feature_stdout.log
STDERR: /home/Hongjie_Zeng/high_order_BM/runs_vggsound_mini20_V017_standard_video_resnet18_mean_h2_feature_stderr.log

[2026-06-16 17:31:33] TRAIN V017 standard_video_resnet18_mean_h2 video_feature_dim=512 hidden_dim=1024 total_pbits=1636
/home/Hongjie_Zeng/.conda/envs/hongjie_env/bin/python train_vggsound_mini20_bm.py --feature_npz /home/Hongjie_Zeng/high_order_BM/data_vggsound_mini/features/vggsound_mini20_videoenc_resnet18_mean_per_dim_minmax_f8_s224.npz --out_dir /home/Hongjie_Zeng/high_order_BM/runs_vggsound_mini20_V017_standard_video_resnet18_mean_h2 --experiment_id V017_standard_video_resnet18_mean_h2 --model_type standard --input_mode video --total_pbits 1636 --input_dim 512 --num_classes 20 --label_copies 5 --epochs 220 --batch_size 64 --eval_batch_size 64 --cd_k 3 --lr 0.0002 --momentum 0.6 --weight_decay 0.0 --eval_every 5 --quick_eval_steps 600 --quick_eval_burn_in 100 --quick_eval_thin 2 --full_eval_steps 3000 --full_eval_burn_in 500 --full_eval_thin 2 --label_init random_onehot --seed 123 --num_workers 0 --device auto --binarize none --full_eval_on_best
STDOUT: /home/Hongjie_Zeng/high_order_BM/runs_vggsound_mini20_V017_standard_video_resnet18_mean_h2_stdout.log
STDERR: /home/Hongjie_Zeng/high_order_BM/runs_vggsound_mini20_V017_standard_video_resnet18_mean_h2_stderr.log

[2026-06-16 17:32:04] EXTRACT V018 standard_video_resnet18_meanstd_h2 -> /home/Hongjie_Zeng/high_order_BM/data_vggsound_mini/features/vggsound_mini20_videoenc_resnet18_mean_std_per_dim_minmax_f8_s224.npz
/home/Hongjie_Zeng/.conda/envs/hongjie_env/bin/python make_vggsound_video_encoder_features.py --root /home/Hongjie_Zeng/high_order_BM/data_vggsound_mini --out_npz /home/Hongjie_Zeng/high_order_BM/data_vggsound_mini/features/vggsound_mini20_videoenc_resnet18_mean_std_per_dim_minmax_f8_s224.npz --out_manifest /home/Hongjie_Zeng/high_order_BM/data_vggsound_mini/features/vggsound_mini20_videoenc_resnet18_mean_std_per_dim_minmax_f8_s224_manifest.csv --out_summary /home/Hongjie_Zeng/high_order_BM/data_vggsound_mini/features/vggsound_mini20_videoenc_resnet18_mean_std_per_dim_minmax_f8_s224_summary.json --encoder resnet18 --pool mean_std --normalize per_dim_minmax --num_frames 8 --video_fps 4 --frame_size 224 --timeout 120 --device auto
STDOUT: /home/Hongjie_Zeng/high_order_BM/runs_vggsound_mini20_V018_standard_video_resnet18_meanstd_h2_feature_stdout.log
STDERR: /home/Hongjie_Zeng/high_order_BM/runs_vggsound_mini20_V018_standard_video_resnet18_meanstd_h2_feature_stderr.log

[2026-06-16 17:39:26] TRAIN V018 standard_video_resnet18_meanstd_h2 video_feature_dim=1024 hidden_dim=2048 total_pbits=3172
/home/Hongjie_Zeng/.conda/envs/hongjie_env/bin/python train_vggsound_mini20_bm.py --feature_npz /home/Hongjie_Zeng/high_order_BM/data_vggsound_mini/features/vggsound_mini20_videoenc_resnet18_mean_std_per_dim_minmax_f8_s224.npz --out_dir /home/Hongjie_Zeng/high_order_BM/runs_vggsound_mini20_V018_standard_video_resnet18_meanstd_h2 --experiment_id V018_standard_video_resnet18_meanstd_h2 --model_type standard --input_mode video --total_pbits 3172 --input_dim 1024 --num_classes 20 --label_copies 5 --epochs 220 --batch_size 64 --eval_batch_size 64 --cd_k 3 --lr 0.0002 --momentum 0.6 --weight_decay 0.0 --eval_every 5 --quick_eval_steps 600 --quick_eval_burn_in 100 --quick_eval_thin 2 --full_eval_steps 3000 --full_eval_burn_in 500 --full_eval_thin 2 --label_init random_onehot --seed 123 --num_workers 0 --device auto --binarize none --full_eval_on_best
STDOUT: /home/Hongjie_Zeng/high_order_BM/runs_vggsound_mini20_V018_standard_video_resnet18_meanstd_h2_stdout.log
STDERR: /home/Hongjie_Zeng/high_order_BM/runs_vggsound_mini20_V018_standard_video_resnet18_meanstd_h2_stderr.log

[2026-06-16 17:40:01] EXTRACT V019 standard_video_resnet50_mean_h2 -> /home/Hongjie_Zeng/high_order_BM/data_vggsound_mini/features/vggsound_mini20_videoenc_resnet50_mean_per_dim_minmax_f8_s224.npz
/home/Hongjie_Zeng/.conda/envs/hongjie_env/bin/python make_vggsound_video_encoder_features.py --root /home/Hongjie_Zeng/high_order_BM/data_vggsound_mini --out_npz /home/Hongjie_Zeng/high_order_BM/data_vggsound_mini/features/vggsound_mini20_videoenc_resnet50_mean_per_dim_minmax_f8_s224.npz --out_manifest /home/Hongjie_Zeng/high_order_BM/data_vggsound_mini/features/vggsound_mini20_videoenc_resnet50_mean_per_dim_minmax_f8_s224_manifest.csv --out_summary /home/Hongjie_Zeng/high_order_BM/data_vggsound_mini/features/vggsound_mini20_videoenc_resnet50_mean_per_dim_minmax_f8_s224_summary.json --encoder resnet50 --pool mean --normalize per_dim_minmax --num_frames 8 --video_fps 4 --frame_size 224 --timeout 120 --device auto
STDOUT: /home/Hongjie_Zeng/high_order_BM/runs_vggsound_mini20_V019_standard_video_resnet50_mean_h2_feature_stdout.log
STDERR: /home/Hongjie_Zeng/high_order_BM/runs_vggsound_mini20_V019_standard_video_resnet50_mean_h2_feature_stderr.log

[2026-06-16 17:47:33] TRAIN V019 standard_video_resnet50_mean_h2 video_feature_dim=2048 hidden_dim=4096 total_pbits=6244
/home/Hongjie_Zeng/.conda/envs/hongjie_env/bin/python train_vggsound_mini20_bm.py --feature_npz /home/Hongjie_Zeng/high_order_BM/data_vggsound_mini/features/vggsound_mini20_videoenc_resnet50_mean_per_dim_minmax_f8_s224.npz --out_dir /home/Hongjie_Zeng/high_order_BM/runs_vggsound_mini20_V019_standard_video_resnet50_mean_h2 --experiment_id V019_standard_video_resnet50_mean_h2 --model_type standard --input_mode video --total_pbits 6244 --input_dim 2048 --num_classes 20 --label_copies 5 --epochs 220 --batch_size 48 --eval_batch_size 64 --cd_k 3 --lr 0.0002 --momentum 0.6 --weight_decay 0.0 --eval_every 5 --quick_eval_steps 600 --quick_eval_burn_in 100 --quick_eval_thin 2 --full_eval_steps 3000 --full_eval_burn_in 500 --full_eval_thin 2 --label_init random_onehot --seed 123 --num_workers 0 --device auto --binarize none --full_eval_on_best
STDOUT: /home/Hongjie_Zeng/high_order_BM/runs_vggsound_mini20_V019_standard_video_resnet50_mean_h2_stdout.log
STDERR: /home/Hongjie_Zeng/high_order_BM/runs_vggsound_mini20_V019_standard_video_resnet50_mean_h2_stderr.log

[2026-06-16 17:48:34] EXTRACT V020 standard_video_resnet50_meanstd_h2 -> /home/Hongjie_Zeng/high_order_BM/data_vggsound_mini/features/vggsound_mini20_videoenc_resnet50_mean_std_per_dim_minmax_f8_s224.npz
/home/Hongjie_Zeng/.conda/envs/hongjie_env/bin/python make_vggsound_video_encoder_features.py --root /home/Hongjie_Zeng/high_order_BM/data_vggsound_mini --out_npz /home/Hongjie_Zeng/high_order_BM/data_vggsound_mini/features/vggsound_mini20_videoenc_resnet50_mean_std_per_dim_minmax_f8_s224.npz --out_manifest /home/Hongjie_Zeng/high_order_BM/data_vggsound_mini/features/vggsound_mini20_videoenc_resnet50_mean_std_per_dim_minmax_f8_s224_manifest.csv --out_summary /home/Hongjie_Zeng/high_order_BM/data_vggsound_mini/features/vggsound_mini20_videoenc_resnet50_mean_std_per_dim_minmax_f8_s224_summary.json --encoder resnet50 --pool mean_std --normalize per_dim_minmax --num_frames 8 --video_fps 4 --frame_size 224 --timeout 120 --device auto
STDOUT: /home/Hongjie_Zeng/high_order_BM/runs_vggsound_mini20_V020_standard_video_resnet50_meanstd_h2_feature_stdout.log
STDERR: /home/Hongjie_Zeng/high_order_BM/runs_vggsound_mini20_V020_standard_video_resnet50_meanstd_h2_feature_stderr.log

[2026-06-16 17:56:02] TRAIN V020 standard_video_resnet50_meanstd_h2 video_feature_dim=4096 hidden_dim=8192 total_pbits=12388
/home/Hongjie_Zeng/.conda/envs/hongjie_env/bin/python train_vggsound_mini20_bm.py --feature_npz /home/Hongjie_Zeng/high_order_BM/data_vggsound_mini/features/vggsound_mini20_videoenc_resnet50_mean_std_per_dim_minmax_f8_s224.npz --out_dir /home/Hongjie_Zeng/high_order_BM/runs_vggsound_mini20_V020_standard_video_resnet50_meanstd_h2 --experiment_id V020_standard_video_resnet50_meanstd_h2 --model_type standard --input_mode video --total_pbits 12388 --input_dim 4096 --num_classes 20 --label_copies 5 --epochs 220 --batch_size 32 --eval_batch_size 64 --cd_k 3 --lr 0.0002 --momentum 0.6 --weight_decay 0.0 --eval_every 5 --quick_eval_steps 600 --quick_eval_burn_in 100 --quick_eval_thin 2 --full_eval_steps 3000 --full_eval_burn_in 500 --full_eval_thin 2 --label_init random_onehot --seed 123 --num_workers 0 --device auto --binarize none --full_eval_on_best
STDOUT: /home/Hongjie_Zeng/high_order_BM/runs_vggsound_mini20_V020_standard_video_resnet50_meanstd_h2_stdout.log
STDERR: /home/Hongjie_Zeng/high_order_BM/runs_vggsound_mini20_V020_standard_video_resnet50_meanstd_h2_stderr.log
SKIP feature extraction: /home/Hongjie_Zeng/high_order_BM/data_vggsound_mini/features/vggsound_mini20_videoenc_resnet18_mean_std_per_dim_minmax_f8_s224.npz

[2026-06-16 17:59:18] TRAIN V021 standard_video_resnet18_meanstd_threshold_h2 video_feature_dim=1024 hidden_dim=2048 total_pbits=3172
/home/Hongjie_Zeng/.conda/envs/hongjie_env/bin/python train_vggsound_mini20_bm.py --feature_npz /home/Hongjie_Zeng/high_order_BM/data_vggsound_mini/features/vggsound_mini20_videoenc_resnet18_mean_std_per_dim_minmax_f8_s224.npz --out_dir /home/Hongjie_Zeng/high_order_BM/runs_vggsound_mini20_V021_standard_video_resnet18_meanstd_threshold_h2 --experiment_id V021_standard_video_resnet18_meanstd_threshold_h2 --model_type standard --input_mode video --total_pbits 3172 --input_dim 1024 --num_classes 20 --label_copies 5 --epochs 220 --batch_size 64 --eval_batch_size 64 --cd_k 3 --lr 0.0002 --momentum 0.6 --weight_decay 0.0 --eval_every 5 --quick_eval_steps 600 --quick_eval_burn_in 100 --quick_eval_thin 2 --full_eval_steps 3000 --full_eval_burn_in 500 --full_eval_thin 2 --label_init random_onehot --seed 123 --num_workers 0 --device auto --binarize threshold --full_eval_on_best
STDOUT: /home/Hongjie_Zeng/high_order_BM/runs_vggsound_mini20_V021_standard_video_resnet18_meanstd_threshold_h2_stdout.log
STDERR: /home/Hongjie_Zeng/high_order_BM/runs_vggsound_mini20_V021_standard_video_resnet18_meanstd_threshold_h2_stderr.log
SKIP feature extraction: /home/Hongjie_Zeng/high_order_BM/data_vggsound_mini/features/vggsound_mini20_videoenc_resnet50_mean_per_dim_minmax_f8_s224.npz

[2026-06-16 17:59:52] TRAIN V022 standard_video_resnet50_mean_threshold_h2 video_feature_dim=2048 hidden_dim=4096 total_pbits=6244
/home/Hongjie_Zeng/.conda/envs/hongjie_env/bin/python train_vggsound_mini20_bm.py --feature_npz /home/Hongjie_Zeng/high_order_BM/data_vggsound_mini/features/vggsound_mini20_videoenc_resnet50_mean_per_dim_minmax_f8_s224.npz --out_dir /home/Hongjie_Zeng/high_order_BM/runs_vggsound_mini20_V022_standard_video_resnet50_mean_threshold_h2 --experiment_id V022_standard_video_resnet50_mean_threshold_h2 --model_type standard --input_mode video --total_pbits 6244 --input_dim 2048 --num_classes 20 --label_copies 5 --epochs 220 --batch_size 48 --eval_batch_size 64 --cd_k 3 --lr 0.0002 --momentum 0.6 --weight_decay 0.0 --eval_every 5 --quick_eval_steps 600 --quick_eval_burn_in 100 --quick_eval_thin 2 --full_eval_steps 3000 --full_eval_burn_in 500 --full_eval_thin 2 --label_init random_onehot --seed 123 --num_workers 0 --device auto --binarize threshold --full_eval_on_best
STDOUT: /home/Hongjie_Zeng/high_order_BM/runs_vggsound_mini20_V022_standard_video_resnet50_mean_threshold_h2_stdout.log
STDERR: /home/Hongjie_Zeng/high_order_BM/runs_vggsound_mini20_V022_standard_video_resnet50_mean_threshold_h2_stderr.log
Video encoder standard BM sweep finished.
End time: Tue Jun 16 06:00:52 PM CST 2026
