Start time: Mon Jun 22 03:44:44 PM CST 2026
Workdir: /home/Hongjie_Zeng/high_order_BM
Python: /home/Hongjie_Zeng/.conda/envs/hongjie_env/bin/python
SLURM_JOB_ID: 316
CUDA_VISIBLE_DEVICES: 5
Suite: AF031 continuation and capacity tests

[2026-06-22 15:44:46] TRAIN AF034 standard_audio_paperresnet50_lstm4096_h6_lc5_e650_resume_af031 input=4096 hidden=24576 total=30217
/home/Hongjie_Zeng/.conda/envs/hongjie_env/bin/python train_vggsound_mini20_bm.py --feature_npz /home/Hongjie_Zeng/high_order_BM/data_vggsound_full/features/vggsound_full_audio_paperresnet50_lstm4096_chunks4_w500_h1024_seed123.npz --out_dir /home/Hongjie_Zeng/high_order_BM/runs_vggsound_full_AF034_standard_audio_paperresnet50_lstm4096_h6_lc5_e650_resume_af031 --experiment_id AF034 --model_type standard --input_mode audio --total_pbits 30217 --input_dim 4096 --num_classes 309 --label_copies 5 --epochs 650 --batch_size 96 --eval_batch_size 48 --cd_k 3 --lr 0.0002 --momentum 0.6 --weight_decay 0.0 --eval_every 5 --quick_eval_steps 500 --quick_eval_burn_in 100 --quick_eval_thin 2 --full_eval_steps 3000 --full_eval_burn_in 500 --full_eval_thin 2 --label_init random_onehot --seed 123 --num_workers 0 --device auto --binarize none --full_eval_on_best --resume_ckpt /home/Hongjie_Zeng/high_order_BM/runs_vggsound_full_AF031_standard_audio_paperresnet50_lstm4096_h6_lc5_e450/last.pt --resume_history_json /home/Hongjie_Zeng/high_order_BM/runs_vggsound_full_AF031_standard_audio_paperresnet50_lstm4096_h6_lc5_e450/history.json
STDOUT: /home/Hongjie_Zeng/high_order_BM/runs_vggsound_full_AF034_standard_audio_paperresnet50_lstm4096_h6_lc5_e650_resume_af031_stdout.log
STDERR: /home/Hongjie_Zeng/high_order_BM/runs_vggsound_full_AF034_standard_audio_paperresnet50_lstm4096_h6_lc5_e650_resume_af031_stderr.log

[2026-06-22 18:25:24] TRAIN AF035 standard_audio_paperresnet50_lstm4096_h6_lc5_e850_resume_af034 input=4096 hidden=24576 total=30217
/home/Hongjie_Zeng/.conda/envs/hongjie_env/bin/python train_vggsound_mini20_bm.py --feature_npz /home/Hongjie_Zeng/high_order_BM/data_vggsound_full/features/vggsound_full_audio_paperresnet50_lstm4096_chunks4_w500_h1024_seed123.npz --out_dir /home/Hongjie_Zeng/high_order_BM/runs_vggsound_full_AF035_standard_audio_paperresnet50_lstm4096_h6_lc5_e850_resume_af034 --experiment_id AF035 --model_type standard --input_mode audio --total_pbits 30217 --input_dim 4096 --num_classes 309 --label_copies 5 --epochs 850 --batch_size 96 --eval_batch_size 48 --cd_k 3 --lr 0.0002 --momentum 0.6 --weight_decay 0.0 --eval_every 5 --quick_eval_steps 500 --quick_eval_burn_in 100 --quick_eval_thin 2 --full_eval_steps 3000 --full_eval_burn_in 500 --full_eval_thin 2 --label_init random_onehot --seed 123 --num_workers 0 --device auto --binarize none --full_eval_on_best --resume_ckpt /home/Hongjie_Zeng/high_order_BM/runs_vggsound_full_AF034_standard_audio_paperresnet50_lstm4096_h6_lc5_e650_resume_af031/last.pt --resume_history_json /home/Hongjie_Zeng/high_order_BM/runs_vggsound_full_AF034_standard_audio_paperresnet50_lstm4096_h6_lc5_e650_resume_af031/history.json
STDOUT: /home/Hongjie_Zeng/high_order_BM/runs_vggsound_full_AF035_standard_audio_paperresnet50_lstm4096_h6_lc5_e850_resume_af034_stdout.log
STDERR: /home/Hongjie_Zeng/high_order_BM/runs_vggsound_full_AF035_standard_audio_paperresnet50_lstm4096_h6_lc5_e850_resume_af034_stderr.log

[2026-06-22 21:06:08] TRAIN AF036 standard_audio_paperresnet50_lstm4096_h8_lc5_e500 input=4096 hidden=32768 total=38409
/home/Hongjie_Zeng/.conda/envs/hongjie_env/bin/python train_vggsound_mini20_bm.py --feature_npz /home/Hongjie_Zeng/high_order_BM/data_vggsound_full/features/vggsound_full_audio_paperresnet50_lstm4096_chunks4_w500_h1024_seed123.npz --out_dir /home/Hongjie_Zeng/high_order_BM/runs_vggsound_full_AF036_standard_audio_paperresnet50_lstm4096_h8_lc5_e500 --experiment_id AF036 --model_type standard --input_mode audio --total_pbits 38409 --input_dim 4096 --num_classes 309 --label_copies 5 --epochs 500 --batch_size 64 --eval_batch_size 48 --cd_k 3 --lr 0.0002 --momentum 0.6 --weight_decay 0.0 --eval_every 5 --quick_eval_steps 500 --quick_eval_burn_in 100 --quick_eval_thin 2 --full_eval_steps 3000 --full_eval_burn_in 500 --full_eval_thin 2 --label_init random_onehot --seed 123 --num_workers 0 --device auto --binarize none --full_eval_on_best
STDOUT: /home/Hongjie_Zeng/high_order_BM/runs_vggsound_full_AF036_standard_audio_paperresnet50_lstm4096_h8_lc5_e500_stdout.log
STDERR: /home/Hongjie_Zeng/high_order_BM/runs_vggsound_full_AF036_standard_audio_paperresnet50_lstm4096_h8_lc5_e500_stderr.log

[2026-06-23 06:31:09] TRAIN AF037 standard_audio_paperresnet50_lstm4096_h10_lc5_e500 input=4096 hidden=40960 total=46601
/home/Hongjie_Zeng/.conda/envs/hongjie_env/bin/python train_vggsound_mini20_bm.py --feature_npz /home/Hongjie_Zeng/high_order_BM/data_vggsound_full/features/vggsound_full_audio_paperresnet50_lstm4096_chunks4_w500_h1024_seed123.npz --out_dir /home/Hongjie_Zeng/high_order_BM/runs_vggsound_full_AF037_standard_audio_paperresnet50_lstm4096_h10_lc5_e500 --experiment_id AF037 --model_type standard --input_mode audio --total_pbits 46601 --input_dim 4096 --num_classes 309 --label_copies 5 --epochs 500 --batch_size 48 --eval_batch_size 48 --cd_k 3 --lr 0.0002 --momentum 0.6 --weight_decay 0.0 --eval_every 5 --quick_eval_steps 500 --quick_eval_burn_in 100 --quick_eval_thin 2 --full_eval_steps 3000 --full_eval_burn_in 500 --full_eval_thin 2 --label_init random_onehot --seed 123 --num_workers 0 --device auto --binarize none --full_eval_on_best
STDOUT: /home/Hongjie_Zeng/high_order_BM/runs_vggsound_full_AF037_standard_audio_paperresnet50_lstm4096_h10_lc5_e500_stdout.log
STDERR: /home/Hongjie_Zeng/high_order_BM/runs_vggsound_full_AF037_standard_audio_paperresnet50_lstm4096_h10_lc5_e500_stderr.log
