Start time: Sat Jun 27 07:19:35 PM CST 2026
Workdir: /home/Hongjie_Zeng/high_order_BM
Python: /home/Hongjie_Zeng/.conda/envs/hongjie_env/bin/python
SLURM_JOB_ID: 337
CUDA_VISIBLE_DEVICES: 1,2
Branch: RGB+motion fused encoder -> video4096 -> standard BM
Start RGB+motion fused video4096 branch: 2026-06-27 19:19:35
root=/home/Hongjie_Zeng/high_order_BM
extract_shards=2
merged_seq=/home/Hongjie_Zeng/high_order_BM/data_vggsound_full/rgb_motion_fused/vggsound_full_rgbmotion_seq_resnet50_f16_s224.npz
fused_npz=/home/Hongjie_Zeng/high_order_BM/data_vggsound_full/rgb_motion_fused/vggsound_full_rgbmotion_fused_video4096_resnet50_f16_s224_seed351.npz
RUN: /home/Hongjie_Zeng/.conda/envs/hongjie_env/bin/python make_vggsound_full_rgb_motion_sequence_features.py --out_npz /home/Hongjie_Zeng/high_order_BM/data_vggsound_full/rgb_motion_fused/vggsound_full_rgbmotion_seq_resnet50_f16_s224_shard00of2.npz --encoder resnet50 --num_frames 16 --frame_size 224 --num_shards 2 --shard_index 0
STDOUT: /home/Hongjie_Zeng/high_order_BM/logs/P3V001_extract_shard00.out
STDERR: /home/Hongjie_Zeng/high_order_BM/logs/P3V001_extract_shard00.err
CUDA_VISIBLE_DEVICES=1
RUN: /home/Hongjie_Zeng/.conda/envs/hongjie_env/bin/python make_vggsound_full_rgb_motion_sequence_features.py --out_npz /home/Hongjie_Zeng/high_order_BM/data_vggsound_full/rgb_motion_fused/vggsound_full_rgbmotion_seq_resnet50_f16_s224_shard01of2.npz --encoder resnet50 --num_frames 16 --frame_size 224 --num_shards 2 --shard_index 1
STDOUT: /home/Hongjie_Zeng/high_order_BM/logs/P3V001_extract_shard01.out
STDERR: /home/Hongjie_Zeng/high_order_BM/logs/P3V001_extract_shard01.err
CUDA_VISIBLE_DEVICES=2
RUN: /home/Hongjie_Zeng/.conda/envs/hongjie_env/bin/python merge_vggsound_full_rgb_motion_sequence_shards.py --out_npz /home/Hongjie_Zeng/high_order_BM/data_vggsound_full/rgb_motion_fused/vggsound_full_rgbmotion_seq_resnet50_f16_s224.npz --shards /home/Hongjie_Zeng/high_order_BM/data_vggsound_full/rgb_motion_fused/vggsound_full_rgbmotion_seq_resnet50_f16_s224_shard00of2.npz /home/Hongjie_Zeng/high_order_BM/data_vggsound_full/rgb_motion_fused/vggsound_full_rgbmotion_seq_resnet50_f16_s224_shard01of2.npz
STDOUT: /home/Hongjie_Zeng/high_order_BM/logs/P3V001_merge_rgbmotion.out
STDERR: /home/Hongjie_Zeng/high_order_BM/logs/P3V001_merge_rgbmotion.err
RUN: /home/Hongjie_Zeng/.conda/envs/hongjie_env/bin/python make_vggsound_full_rgb_motion_fused_encoder_features.py --seq_npz /home/Hongjie_Zeng/high_order_BM/data_vggsound_full/rgb_motion_fused/vggsound_full_rgbmotion_seq_resnet50_f16_s224.npz --out_npz /home/Hongjie_Zeng/high_order_BM/data_vggsound_full/rgb_motion_fused/vggsound_full_rgbmotion_fused_video4096_resnet50_f16_s224_seed351.npz --experiment_id P3V001_rgbmotion_fused_video4096 --embedding_dim 4096 --proj_dim 768 --lstm_hidden 768 --epochs 60 --batch_size 384 --eval_batch_size 512 --num_workers 8 --pin_memory --amp --data_parallel
STDOUT: /home/Hongjie_Zeng/high_order_BM/logs/P3V001_fused_encoder.out
STDERR: /home/Hongjie_Zeng/high_order_BM/logs/P3V001_fused_encoder.err
RUN: /home/Hongjie_Zeng/.conda/envs/hongjie_env/bin/python train_vggsound_mini20_bm.py --feature_npz /home/Hongjie_Zeng/high_order_BM/data_vggsound_full/rgb_motion_fused/vggsound_full_rgbmotion_fused_video4096_resnet50_f16_s224_seed351.npz --out_dir /home/Hongjie_Zeng/high_order_BM/runs_vggsound_full_P3V001_standard_rgbmotion_fused_video4096_h8_e360 --experiment_id P3V001 --model_type standard --input_mode video --input_dim 4096 --num_classes 309 --label_copies 5 --total_pbits 38409 --epochs 360 --batch_size 64 --eval_batch_size 64 --cd_k 3 --lr 0.0002 --momentum 0.6 --weight_decay 0.0 --eval_every 5 --quick_eval_steps 500 --quick_eval_burn_in 100 --quick_eval_thin 2 --full_eval_steps 3000 --full_eval_burn_in 500 --full_eval_thin 2 --label_init random_onehot --seed 351 --num_workers 0 --device auto --binarize none --full_eval_on_best
STDOUT: /home/Hongjie_Zeng/high_order_BM/runs_vggsound_full_P3V001_standard_rgbmotion_fused_video4096_h8_e360_stdout.log
STDERR: /home/Hongjie_Zeng/high_order_BM/runs_vggsound_full_P3V001_standard_rgbmotion_fused_video4096_h8_e360_stderr.log
Finished RGB+motion fused video4096 branch: 2026-06-28 08:50:38
End time: Sun Jun 28 08:50:38 AM CST 2026
