Start time: Tue Jun 16 03:23:55 PM CST 2026
Workdir: /home/Hongjie_Zeng/high_order_BM
Python: /home/Hongjie_Zeng/.conda/envs/hongjie_env/bin/python
SLURM_JOB_ID: 281
Tue Jun 16 15:23:55 2026       
+-----------------------------------------------------------------------------------------+
| NVIDIA-SMI 570.172.08             Driver Version: 570.172.08     CUDA Version: 12.8     |
|-----------------------------------------+------------------------+----------------------+
| GPU  Name                 Persistence-M | Bus-Id          Disp.A | Volatile Uncorr. ECC |
| Fan  Temp   Perf          Pwr:Usage/Cap |           Memory-Usage | GPU-Util  Compute M. |
|                                         |                        |               MIG M. |
|=========================================+========================+======================|
|   0  NVIDIA GeForce RTX 5090        Off |   00000000:16:00.0 Off |                  N/A |
|  0%   28C    P8             25W /  575W |      15MiB /  32607MiB |      0%      Default |
|                                         |                        |                  N/A |
+-----------------------------------------+------------------------+----------------------+
|   1  NVIDIA GeForce RTX 5090        Off |   00000000:27:00.0 Off |                  N/A |
|  0%   28C    P8             25W /  575W |      15MiB /  32607MiB |      0%      Default |
|                                         |                        |                  N/A |
+-----------------------------------------+------------------------+----------------------+
|   2  NVIDIA GeForce RTX 5090        Off |   00000000:49:00.0 Off |                  N/A |
|  0%   27C    P8             30W /  575W |      15MiB /  32607MiB |      0%      Default |
|                                         |                        |                  N/A |
+-----------------------------------------+------------------------+----------------------+
|   3  NVIDIA GeForce RTX 5090        Off |   00000000:5A:00.0 Off |                  N/A |
|  0%   27C    P8             30W /  575W |      15MiB /  32607MiB |      0%      Default |
|                                         |                        |                  N/A |
+-----------------------------------------+------------------------+----------------------+
|   4  NVIDIA GeForce RTX 5090        Off |   00000000:98:00.0 Off |                  N/A |
|  0%   29C    P8             16W /  575W |      15MiB /  32607MiB |      0%      Default |
|                                         |                        |                  N/A |
+-----------------------------------------+------------------------+----------------------+
|   5  NVIDIA GeForce RTX 5090        Off |   00000000:B8:00.0 Off |                  N/A |
|  0%   29C    P8             25W /  575W |      15MiB /  32607MiB |      0%      Default |
|                                         |                        |                  N/A |
+-----------------------------------------+------------------------+----------------------+
|   6  NVIDIA GeForce RTX 5090        Off |   00000000:C8:00.0 Off |                  N/A |
|  0%   26C    P8             20W /  575W |      15MiB /  32607MiB |      0%      Default |
|                                         |                        |                  N/A |
+-----------------------------------------+------------------------+----------------------+
|   7  NVIDIA GeForce RTX 5090        Off |   00000000:D8:00.0 Off |                  N/A |
|  0%   28C    P8             26W /  575W |      15MiB /  32607MiB |      0%      Default |
|                                         |                        |                  N/A |
+-----------------------------------------+------------------------+----------------------+
                                                                                         
+-----------------------------------------------------------------------------------------+
| Processes:                                                                              |
|  GPU   GI   CI              PID   Type   Process name                        GPU Memory |
|        ID   ID                                                               Usage      |
|=========================================================================================|
|    0   N/A  N/A            3919      G   /usr/lib/xorg/Xorg                        4MiB |
|    1   N/A  N/A            3919      G   /usr/lib/xorg/Xorg                        4MiB |
|    2   N/A  N/A            3919      G   /usr/lib/xorg/Xorg                        4MiB |
|    3   N/A  N/A            3919      G   /usr/lib/xorg/Xorg                        4MiB |
|    4   N/A  N/A            3919      G   /usr/lib/xorg/Xorg                        4MiB |
|    5   N/A  N/A            3919      G   /usr/lib/xorg/Xorg                        4MiB |
|    6   N/A  N/A            3919      G   /usr/lib/xorg/Xorg                        4MiB |
|    7   N/A  N/A            3919      G   /usr/lib/xorg/Xorg                        4MiB |
+-----------------------------------------------------------------------------------------+

[2026-06-16 15:23:55] EXTRACT V010 standard_audio_64x32_perclip_h1 -> /home/Hongjie_Zeng/high_order_BM/data_vggsound_mini/features/vggsound_mini20_audio_m64_t32_per_clip_zscore_sigmoid.npz
/home/Hongjie_Zeng/.conda/envs/hongjie_env/bin/python make_vggsound_audio_only_features.py --root /home/Hongjie_Zeng/high_order_BM/data_vggsound_mini --out_npz /home/Hongjie_Zeng/high_order_BM/data_vggsound_mini/features/vggsound_mini20_audio_m64_t32_per_clip_zscore_sigmoid.npz --out_manifest /home/Hongjie_Zeng/high_order_BM/data_vggsound_mini/features/vggsound_mini20_audio_m64_t32_per_clip_zscore_sigmoid_manifest.csv --out_summary /home/Hongjie_Zeng/high_order_BM/data_vggsound_mini/features/vggsound_mini20_audio_m64_t32_per_clip_zscore_sigmoid_summary.json --n_mels 64 --n_time 32 --n_fft 1024 --sample_rate 16000 --duration 10.0 --normalize per_clip_zscore_sigmoid --timeout 120
STDOUT: /home/Hongjie_Zeng/high_order_BM/runs_vggsound_mini20_V010_standard_audio_64x32_perclip_h1_feature_stdout.log
STDERR: /home/Hongjie_Zeng/high_order_BM/runs_vggsound_mini20_V010_standard_audio_64x32_perclip_h1_feature_stderr.log

[2026-06-16 15:25:25] TRAIN V010 standard_audio_64x32_perclip_h1 audio_dim=2048 hidden_dim=2048 total_pbits=4196
/home/Hongjie_Zeng/.conda/envs/hongjie_env/bin/python train_vggsound_mini20_bm.py --feature_npz /home/Hongjie_Zeng/high_order_BM/data_vggsound_mini/features/vggsound_mini20_audio_m64_t32_per_clip_zscore_sigmoid.npz --out_dir /home/Hongjie_Zeng/high_order_BM/runs_vggsound_mini20_V010_standard_audio_64x32_perclip_h1 --experiment_id V010_standard_audio_64x32_perclip_h1 --model_type standard --input_mode audio --total_pbits 4196 --input_dim 2048 --num_classes 20 --label_copies 5 --epochs 220 --batch_size 32 --eval_batch_size 64 --cd_k 3 --lr 0.0002 --momentum 0.6 --weight_decay 0.0 --eval_every 5 --quick_eval_steps 600 --quick_eval_burn_in 100 --quick_eval_thin 2 --full_eval_steps 3000 --full_eval_burn_in 500 --full_eval_thin 2 --label_init random_onehot --seed 123 --num_workers 0 --device auto --binarize none --full_eval_on_best
STDOUT: /home/Hongjie_Zeng/high_order_BM/runs_vggsound_mini20_V010_standard_audio_64x32_perclip_h1_stdout.log
STDERR: /home/Hongjie_Zeng/high_order_BM/runs_vggsound_mini20_V010_standard_audio_64x32_perclip_h1_stderr.log

[2026-06-16 15:26:09] EXTRACT V011 standard_audio_96x64_permel_h1 -> /home/Hongjie_Zeng/high_order_BM/data_vggsound_mini/features/vggsound_mini20_audio_m96_t64_per_mel_zscore_sigmoid.npz
/home/Hongjie_Zeng/.conda/envs/hongjie_env/bin/python make_vggsound_audio_only_features.py --root /home/Hongjie_Zeng/high_order_BM/data_vggsound_mini --out_npz /home/Hongjie_Zeng/high_order_BM/data_vggsound_mini/features/vggsound_mini20_audio_m96_t64_per_mel_zscore_sigmoid.npz --out_manifest /home/Hongjie_Zeng/high_order_BM/data_vggsound_mini/features/vggsound_mini20_audio_m96_t64_per_mel_zscore_sigmoid_manifest.csv --out_summary /home/Hongjie_Zeng/high_order_BM/data_vggsound_mini/features/vggsound_mini20_audio_m96_t64_per_mel_zscore_sigmoid_summary.json --n_mels 96 --n_time 64 --n_fft 1024 --sample_rate 16000 --duration 10.0 --normalize per_mel_zscore_sigmoid --timeout 120
STDOUT: /home/Hongjie_Zeng/high_order_BM/runs_vggsound_mini20_V011_standard_audio_96x64_permel_h1_feature_stdout.log
STDERR: /home/Hongjie_Zeng/high_order_BM/runs_vggsound_mini20_V011_standard_audio_96x64_permel_h1_feature_stderr.log

[2026-06-16 15:27:43] TRAIN V011 standard_audio_96x64_permel_h1 audio_dim=6144 hidden_dim=6144 total_pbits=12388
/home/Hongjie_Zeng/.conda/envs/hongjie_env/bin/python train_vggsound_mini20_bm.py --feature_npz /home/Hongjie_Zeng/high_order_BM/data_vggsound_mini/features/vggsound_mini20_audio_m96_t64_per_mel_zscore_sigmoid.npz --out_dir /home/Hongjie_Zeng/high_order_BM/runs_vggsound_mini20_V011_standard_audio_96x64_permel_h1 --experiment_id V011_standard_audio_96x64_permel_h1 --model_type standard --input_mode audio --total_pbits 12388 --input_dim 6144 --num_classes 20 --label_copies 5 --epochs 220 --batch_size 24 --eval_batch_size 64 --cd_k 3 --lr 0.0002 --momentum 0.6 --weight_decay 0.0 --eval_every 5 --quick_eval_steps 600 --quick_eval_burn_in 100 --quick_eval_thin 2 --full_eval_steps 3000 --full_eval_burn_in 500 --full_eval_thin 2 --label_init random_onehot --seed 123 --num_workers 0 --device auto --binarize none --full_eval_on_best
STDOUT: /home/Hongjie_Zeng/high_order_BM/runs_vggsound_mini20_V011_standard_audio_96x64_permel_h1_stdout.log
STDERR: /home/Hongjie_Zeng/high_order_BM/runs_vggsound_mini20_V011_standard_audio_96x64_permel_h1_stderr.log

[2026-06-16 15:31:09] EXTRACT V012 standard_audio_128x64_permel_h1 -> /home/Hongjie_Zeng/high_order_BM/data_vggsound_mini/features/vggsound_mini20_audio_m128_t64_per_mel_zscore_sigmoid.npz
/home/Hongjie_Zeng/.conda/envs/hongjie_env/bin/python make_vggsound_audio_only_features.py --root /home/Hongjie_Zeng/high_order_BM/data_vggsound_mini --out_npz /home/Hongjie_Zeng/high_order_BM/data_vggsound_mini/features/vggsound_mini20_audio_m128_t64_per_mel_zscore_sigmoid.npz --out_manifest /home/Hongjie_Zeng/high_order_BM/data_vggsound_mini/features/vggsound_mini20_audio_m128_t64_per_mel_zscore_sigmoid_manifest.csv --out_summary /home/Hongjie_Zeng/high_order_BM/data_vggsound_mini/features/vggsound_mini20_audio_m128_t64_per_mel_zscore_sigmoid_summary.json --n_mels 128 --n_time 64 --n_fft 1024 --sample_rate 16000 --duration 10.0 --normalize per_mel_zscore_sigmoid --timeout 120
STDOUT: /home/Hongjie_Zeng/high_order_BM/runs_vggsound_mini20_V012_standard_audio_128x64_permel_h1_feature_stdout.log
STDERR: /home/Hongjie_Zeng/high_order_BM/runs_vggsound_mini20_V012_standard_audio_128x64_permel_h1_feature_stderr.log

[2026-06-16 15:32:42] TRAIN V012 standard_audio_128x64_permel_h1 audio_dim=8192 hidden_dim=8192 total_pbits=16484
/home/Hongjie_Zeng/.conda/envs/hongjie_env/bin/python train_vggsound_mini20_bm.py --feature_npz /home/Hongjie_Zeng/high_order_BM/data_vggsound_mini/features/vggsound_mini20_audio_m128_t64_per_mel_zscore_sigmoid.npz --out_dir /home/Hongjie_Zeng/high_order_BM/runs_vggsound_mini20_V012_standard_audio_128x64_permel_h1 --experiment_id V012_standard_audio_128x64_permel_h1 --model_type standard --input_mode audio --total_pbits 16484 --input_dim 8192 --num_classes 20 --label_copies 5 --epochs 220 --batch_size 20 --eval_batch_size 64 --cd_k 3 --lr 0.0002 --momentum 0.6 --weight_decay 0.0 --eval_every 5 --quick_eval_steps 600 --quick_eval_burn_in 100 --quick_eval_thin 2 --full_eval_steps 3000 --full_eval_burn_in 500 --full_eval_thin 2 --label_init random_onehot --seed 123 --num_workers 0 --device auto --binarize none --full_eval_on_best
STDOUT: /home/Hongjie_Zeng/high_order_BM/runs_vggsound_mini20_V012_standard_audio_128x64_permel_h1_stdout.log
STDERR: /home/Hongjie_Zeng/high_order_BM/runs_vggsound_mini20_V012_standard_audio_128x64_permel_h1_stderr.log

[2026-06-16 15:38:42] EXTRACT V013 standard_audio_128x96_permel_h1 -> /home/Hongjie_Zeng/high_order_BM/data_vggsound_mini/features/vggsound_mini20_audio_m128_t96_per_mel_zscore_sigmoid.npz
/home/Hongjie_Zeng/.conda/envs/hongjie_env/bin/python make_vggsound_audio_only_features.py --root /home/Hongjie_Zeng/high_order_BM/data_vggsound_mini --out_npz /home/Hongjie_Zeng/high_order_BM/data_vggsound_mini/features/vggsound_mini20_audio_m128_t96_per_mel_zscore_sigmoid.npz --out_manifest /home/Hongjie_Zeng/high_order_BM/data_vggsound_mini/features/vggsound_mini20_audio_m128_t96_per_mel_zscore_sigmoid_manifest.csv --out_summary /home/Hongjie_Zeng/high_order_BM/data_vggsound_mini/features/vggsound_mini20_audio_m128_t96_per_mel_zscore_sigmoid_summary.json --n_mels 128 --n_time 96 --n_fft 1024 --sample_rate 16000 --duration 10.0 --normalize per_mel_zscore_sigmoid --timeout 120
STDOUT: /home/Hongjie_Zeng/high_order_BM/runs_vggsound_mini20_V013_standard_audio_128x96_permel_h1_feature_stdout.log
STDERR: /home/Hongjie_Zeng/high_order_BM/runs_vggsound_mini20_V013_standard_audio_128x96_permel_h1_feature_stderr.log

[2026-06-16 15:40:20] TRAIN V013 standard_audio_128x96_permel_h1 audio_dim=12288 hidden_dim=12288 total_pbits=24676
/home/Hongjie_Zeng/.conda/envs/hongjie_env/bin/python train_vggsound_mini20_bm.py --feature_npz /home/Hongjie_Zeng/high_order_BM/data_vggsound_mini/features/vggsound_mini20_audio_m128_t96_per_mel_zscore_sigmoid.npz --out_dir /home/Hongjie_Zeng/high_order_BM/runs_vggsound_mini20_V013_standard_audio_128x96_permel_h1 --experiment_id V013_standard_audio_128x96_permel_h1 --model_type standard --input_mode audio --total_pbits 24676 --input_dim 12288 --num_classes 20 --label_copies 5 --epochs 220 --batch_size 12 --eval_batch_size 64 --cd_k 3 --lr 0.0002 --momentum 0.6 --weight_decay 0.0 --eval_every 5 --quick_eval_steps 600 --quick_eval_burn_in 100 --quick_eval_thin 2 --full_eval_steps 3000 --full_eval_burn_in 500 --full_eval_thin 2 --label_init random_onehot --seed 123 --num_workers 0 --device auto --binarize none --full_eval_on_best
STDOUT: /home/Hongjie_Zeng/high_order_BM/runs_vggsound_mini20_V013_standard_audio_128x96_permel_h1_stdout.log
STDERR: /home/Hongjie_Zeng/high_order_BM/runs_vggsound_mini20_V013_standard_audio_128x96_permel_h1_stderr.log
SKIP feature extraction: /home/Hongjie_Zeng/high_order_BM/data_vggsound_mini/features/vggsound_mini20_audio_m96_t64_per_mel_zscore_sigmoid.npz

[2026-06-16 15:57:11] TRAIN V014 standard_audio_96x64_permel_h2 audio_dim=6144 hidden_dim=12288 total_pbits=18532
/home/Hongjie_Zeng/.conda/envs/hongjie_env/bin/python train_vggsound_mini20_bm.py --feature_npz /home/Hongjie_Zeng/high_order_BM/data_vggsound_mini/features/vggsound_mini20_audio_m96_t64_per_mel_zscore_sigmoid.npz --out_dir /home/Hongjie_Zeng/high_order_BM/runs_vggsound_mini20_V014_standard_audio_96x64_permel_h2 --experiment_id V014_standard_audio_96x64_permel_h2 --model_type standard --input_mode audio --total_pbits 18532 --input_dim 6144 --num_classes 20 --label_copies 5 --epochs 220 --batch_size 16 --eval_batch_size 64 --cd_k 3 --lr 0.0002 --momentum 0.6 --weight_decay 0.0 --eval_every 5 --quick_eval_steps 600 --quick_eval_burn_in 100 --quick_eval_thin 2 --full_eval_steps 3000 --full_eval_burn_in 500 --full_eval_thin 2 --label_init random_onehot --seed 123 --num_workers 0 --device auto --binarize none --full_eval_on_best
STDOUT: /home/Hongjie_Zeng/high_order_BM/runs_vggsound_mini20_V014_standard_audio_96x64_permel_h2_stdout.log
STDERR: /home/Hongjie_Zeng/high_order_BM/runs_vggsound_mini20_V014_standard_audio_96x64_permel_h2_stderr.log

[2026-06-16 16:04:46] EXTRACT V015 standard_audio_96x64_global_h1 -> /home/Hongjie_Zeng/high_order_BM/data_vggsound_mini/features/vggsound_mini20_audio_m96_t64_global_zscore_sigmoid.npz
/home/Hongjie_Zeng/.conda/envs/hongjie_env/bin/python make_vggsound_audio_only_features.py --root /home/Hongjie_Zeng/high_order_BM/data_vggsound_mini --out_npz /home/Hongjie_Zeng/high_order_BM/data_vggsound_mini/features/vggsound_mini20_audio_m96_t64_global_zscore_sigmoid.npz --out_manifest /home/Hongjie_Zeng/high_order_BM/data_vggsound_mini/features/vggsound_mini20_audio_m96_t64_global_zscore_sigmoid_manifest.csv --out_summary /home/Hongjie_Zeng/high_order_BM/data_vggsound_mini/features/vggsound_mini20_audio_m96_t64_global_zscore_sigmoid_summary.json --n_mels 96 --n_time 64 --n_fft 1024 --sample_rate 16000 --duration 10.0 --normalize global_zscore_sigmoid --timeout 120
STDOUT: /home/Hongjie_Zeng/high_order_BM/runs_vggsound_mini20_V015_standard_audio_96x64_global_h1_feature_stdout.log
STDERR: /home/Hongjie_Zeng/high_order_BM/runs_vggsound_mini20_V015_standard_audio_96x64_global_h1_feature_stderr.log

[2026-06-16 16:06:20] TRAIN V015 standard_audio_96x64_global_h1 audio_dim=6144 hidden_dim=6144 total_pbits=12388
/home/Hongjie_Zeng/.conda/envs/hongjie_env/bin/python train_vggsound_mini20_bm.py --feature_npz /home/Hongjie_Zeng/high_order_BM/data_vggsound_mini/features/vggsound_mini20_audio_m96_t64_global_zscore_sigmoid.npz --out_dir /home/Hongjie_Zeng/high_order_BM/runs_vggsound_mini20_V015_standard_audio_96x64_global_h1 --experiment_id V015_standard_audio_96x64_global_h1 --model_type standard --input_mode audio --total_pbits 12388 --input_dim 6144 --num_classes 20 --label_copies 5 --epochs 220 --batch_size 24 --eval_batch_size 64 --cd_k 3 --lr 0.0002 --momentum 0.6 --weight_decay 0.0 --eval_every 5 --quick_eval_steps 600 --quick_eval_burn_in 100 --quick_eval_thin 2 --full_eval_steps 3000 --full_eval_burn_in 500 --full_eval_thin 2 --label_init random_onehot --seed 123 --num_workers 0 --device auto --binarize none --full_eval_on_best
STDOUT: /home/Hongjie_Zeng/high_order_BM/runs_vggsound_mini20_V015_standard_audio_96x64_global_h1_stdout.log
STDERR: /home/Hongjie_Zeng/high_order_BM/runs_vggsound_mini20_V015_standard_audio_96x64_global_h1_stderr.log
SKIP feature extraction: /home/Hongjie_Zeng/high_order_BM/data_vggsound_mini/features/vggsound_mini20_audio_m96_t64_per_mel_zscore_sigmoid.npz

[2026-06-16 16:09:50] TRAIN V016 standard_audio_96x64_permel_threshold_h1 audio_dim=6144 hidden_dim=6144 total_pbits=12388
/home/Hongjie_Zeng/.conda/envs/hongjie_env/bin/python train_vggsound_mini20_bm.py --feature_npz /home/Hongjie_Zeng/high_order_BM/data_vggsound_mini/features/vggsound_mini20_audio_m96_t64_per_mel_zscore_sigmoid.npz --out_dir /home/Hongjie_Zeng/high_order_BM/runs_vggsound_mini20_V016_standard_audio_96x64_permel_threshold_h1 --experiment_id V016_standard_audio_96x64_permel_threshold_h1 --model_type standard --input_mode audio --total_pbits 12388 --input_dim 6144 --num_classes 20 --label_copies 5 --epochs 220 --batch_size 24 --eval_batch_size 64 --cd_k 3 --lr 0.0002 --momentum 0.6 --weight_decay 0.0 --eval_every 5 --quick_eval_steps 600 --quick_eval_burn_in 100 --quick_eval_thin 2 --full_eval_steps 3000 --full_eval_burn_in 500 --full_eval_thin 2 --label_init random_onehot --seed 123 --num_workers 0 --device auto --binarize threshold --full_eval_on_best
STDOUT: /home/Hongjie_Zeng/high_order_BM/runs_vggsound_mini20_V016_standard_audio_96x64_permel_threshold_h1_stdout.log
STDERR: /home/Hongjie_Zeng/high_order_BM/runs_vggsound_mini20_V016_standard_audio_96x64_permel_threshold_h1_stderr.log
Audio-only standard BM sweep finished.
End time: Tue Jun 16 04:13:19 PM CST 2026
