Start time: Sat Jun 20 10:05:56 PM CST 2026
Workdir: /home/Hongjie_Zeng/high_order_BM
Python: /home/Hongjie_Zeng/.conda/envs/hongjie_env/bin/python
SLURM_JOB_ID: 304
CUDA_VISIBLE_DEVICES: 0,1,3,4
SKIP base audio ResNet50: /home/Hongjie_Zeng/high_order_BM/data_vggsound_full/features/vggsound_full_audio_resnet50_stft128x96_per_dim_zscore_sigmoid_seed123_teacher_best.pt

[2026-06-20 22:05:56] EXTRACT AUDIO RESNET50 SEQUENCE/MEANSTD -> /home/Hongjie_Zeng/high_order_BM/data_vggsound_full/features/vggsound_full_audio_resnet50_seq_chunks8_w32_stft128x96_seed123.npz
/home/Hongjie_Zeng/.conda/envs/hongjie_env/bin/python make_vggsound_full_audio_resnet50_sequence_features.py --audio_npz /home/Hongjie_Zeng/high_order_BM/data_vggsound_full/features/vggsound_full_audio_stft128x96_official5s_allclasses_sr16000_n512_o353.npz --teacher_ckpt /home/Hongjie_Zeng/high_order_BM/data_vggsound_full/features/vggsound_full_audio_resnet50_stft128x96_per_dim_zscore_sigmoid_seed123_teacher_best.pt --out_seq_npz /home/Hongjie_Zeng/high_order_BM/data_vggsound_full/features/vggsound_full_audio_resnet50_seq_chunks8_w32_stft128x96_seed123.npz --out_seq_summary /home/Hongjie_Zeng/high_order_BM/data_vggsound_full/features/vggsound_full_audio_resnet50_seq_chunks8_w32_stft128x96_seed123_summary.json --out_meanstd_npz /home/Hongjie_Zeng/high_order_BM/data_vggsound_full/features/vggsound_full_audio_resnet50_seqmeanstd4096_chunks8_w32_seed123.npz --out_meanstd_summary /home/Hongjie_Zeng/high_order_BM/data_vggsound_full/features/vggsound_full_audio_resnet50_seqmeanstd4096_chunks8_w32_seed123_summary.json --experiment_id ARF002 --n_freq 128 --n_time 96 --num_chunks 8 --chunk_frames 32 --normalize per_dim_zscore_sigmoid --batch_size 256 --num_workers 16 --seed 123 --device auto --amp --data_parallel --pin_memory
STDOUT: /home/Hongjie_Zeng/high_order_BM/runs_vggsound_full_ARF002_audio_resnet50_sequence_stdout.log
STDERR: /home/Hongjie_Zeng/high_order_BM/runs_vggsound_full_ARF002_audio_resnet50_sequence_stderr.log

[2026-06-20 22:10:43] TRAIN AUDIO RESNET50-LSTM FEATURE -> /home/Hongjie_Zeng/high_order_BM/data_vggsound_full/features/vggsound_full_audio_resnet50_lstm4096_chunks8_w32_h1024_seed123.npz
/home/Hongjie_Zeng/.conda/envs/hongjie_env/bin/python make_vggsound_full_audio_resnet50_lstm_encoder_features.py --seq_npz /home/Hongjie_Zeng/high_order_BM/data_vggsound_full/features/vggsound_full_audio_resnet50_seq_chunks8_w32_stft128x96_seed123.npz --out_npz /home/Hongjie_Zeng/high_order_BM/data_vggsound_full/features/vggsound_full_audio_resnet50_lstm4096_chunks8_w32_h1024_seed123.npz --out_summary /home/Hongjie_Zeng/high_order_BM/data_vggsound_full/features/vggsound_full_audio_resnet50_lstm4096_chunks8_w32_h1024_seed123_summary.json --out_history /home/Hongjie_Zeng/high_order_BM/data_vggsound_full/features/vggsound_full_audio_resnet50_lstm4096_chunks8_w32_h1024_seed123_history.json --out_ckpt /home/Hongjie_Zeng/high_order_BM/data_vggsound_full/features/vggsound_full_audio_resnet50_lstm4096_chunks8_w32_h1024_seed123_teacher.pt --experiment_id ARF003 --embedding_dim 4096 --proj_dim 1024 --lstm_hidden 1024 --lstm_layers 1 --epochs 80 --batch_size 512 --eval_batch_size 512 --lr 0.001 --weight_decay 0.0001 --dropout 0.25 --eval_every 5 --seed 123 --num_workers 16 --device auto --amp --data_parallel --pin_memory
STDOUT: /home/Hongjie_Zeng/high_order_BM/runs_vggsound_full_ARF003_audio_resnet50_lstm_feature_stdout.log
STDERR: /home/Hongjie_Zeng/high_order_BM/runs_vggsound_full_ARF003_audio_resnet50_lstm_feature_stderr.log

[2026-06-20 22:28:37] TRAIN AUDIO BM AF024 standard_audio_resnet50seq_meanstd4096_h6_lc5_e320 input=4096 hidden=24576 total=30217
/home/Hongjie_Zeng/.conda/envs/hongjie_env/bin/python train_vggsound_mini20_bm.py --feature_npz /home/Hongjie_Zeng/high_order_BM/data_vggsound_full/features/vggsound_full_audio_resnet50_seqmeanstd4096_chunks8_w32_seed123.npz --out_dir /home/Hongjie_Zeng/high_order_BM/runs_vggsound_full_AF024_standard_audio_resnet50seq_meanstd4096_h6_lc5_e320 --experiment_id AF024_standard_audio_resnet50seq_meanstd4096_h6_lc5_e320 --model_type standard --input_mode audio --total_pbits 30217 --input_dim 4096 --num_classes 309 --label_copies 5 --epochs 320 --batch_size 96 --eval_batch_size 64 --cd_k 3 --lr 0.0002 --momentum 0.6 --weight_decay 0.0 --eval_every 5 --quick_eval_steps 500 --quick_eval_burn_in 100 --quick_eval_thin 2 --full_eval_steps 3000 --full_eval_burn_in 500 --full_eval_thin 2 --label_init random_onehot --seed 123 --num_workers 0 --device auto --binarize none --full_eval_on_best
STDOUT: /home/Hongjie_Zeng/high_order_BM/runs_vggsound_full_AF024_standard_audio_resnet50seq_meanstd4096_h6_lc5_e320_stdout.log
STDERR: /home/Hongjie_Zeng/high_order_BM/runs_vggsound_full_AF024_standard_audio_resnet50seq_meanstd4096_h6_lc5_e320_stderr.log

[2026-06-21 02:18:33] TRAIN AUDIO BM AF025 standard_audio_resnet50seq_meanstd4096_h8_lc5_e320 input=4096 hidden=32768 total=38409
/home/Hongjie_Zeng/.conda/envs/hongjie_env/bin/python train_vggsound_mini20_bm.py --feature_npz /home/Hongjie_Zeng/high_order_BM/data_vggsound_full/features/vggsound_full_audio_resnet50_seqmeanstd4096_chunks8_w32_seed123.npz --out_dir /home/Hongjie_Zeng/high_order_BM/runs_vggsound_full_AF025_standard_audio_resnet50seq_meanstd4096_h8_lc5_e320 --experiment_id AF025_standard_audio_resnet50seq_meanstd4096_h8_lc5_e320 --model_type standard --input_mode audio --total_pbits 38409 --input_dim 4096 --num_classes 309 --label_copies 5 --epochs 320 --batch_size 64 --eval_batch_size 64 --cd_k 3 --lr 0.0002 --momentum 0.6 --weight_decay 0.0 --eval_every 5 --quick_eval_steps 500 --quick_eval_burn_in 100 --quick_eval_thin 2 --full_eval_steps 3000 --full_eval_burn_in 500 --full_eval_thin 2 --label_init random_onehot --seed 123 --num_workers 0 --device auto --binarize none --full_eval_on_best
STDOUT: /home/Hongjie_Zeng/high_order_BM/runs_vggsound_full_AF025_standard_audio_resnet50seq_meanstd4096_h8_lc5_e320_stdout.log
STDERR: /home/Hongjie_Zeng/high_order_BM/runs_vggsound_full_AF025_standard_audio_resnet50seq_meanstd4096_h8_lc5_e320_stderr.log

[2026-06-21 07:53:13] TRAIN AUDIO BM AF026 standard_audio_resnet50seq_lstm4096_h6_lc5_e320 input=4096 hidden=24576 total=30217
/home/Hongjie_Zeng/.conda/envs/hongjie_env/bin/python train_vggsound_mini20_bm.py --feature_npz /home/Hongjie_Zeng/high_order_BM/data_vggsound_full/features/vggsound_full_audio_resnet50_lstm4096_chunks8_w32_h1024_seed123.npz --out_dir /home/Hongjie_Zeng/high_order_BM/runs_vggsound_full_AF026_standard_audio_resnet50seq_lstm4096_h6_lc5_e320 --experiment_id AF026_standard_audio_resnet50seq_lstm4096_h6_lc5_e320 --model_type standard --input_mode audio --total_pbits 30217 --input_dim 4096 --num_classes 309 --label_copies 5 --epochs 320 --batch_size 96 --eval_batch_size 64 --cd_k 3 --lr 0.0002 --momentum 0.6 --weight_decay 0.0 --eval_every 5 --quick_eval_steps 500 --quick_eval_burn_in 100 --quick_eval_thin 2 --full_eval_steps 3000 --full_eval_burn_in 500 --full_eval_thin 2 --label_init random_onehot --seed 123 --num_workers 0 --device auto --binarize none --full_eval_on_best
STDOUT: /home/Hongjie_Zeng/high_order_BM/runs_vggsound_full_AF026_standard_audio_resnet50seq_lstm4096_h6_lc5_e320_stdout.log
STDERR: /home/Hongjie_Zeng/high_order_BM/runs_vggsound_full_AF026_standard_audio_resnet50seq_lstm4096_h6_lc5_e320_stderr.log

[2026-06-21 11:42:05] TRAIN AUDIO BM AF027 standard_audio_resnet50seq_lstm4096_h8_lc5_e320 input=4096 hidden=32768 total=38409
/home/Hongjie_Zeng/.conda/envs/hongjie_env/bin/python train_vggsound_mini20_bm.py --feature_npz /home/Hongjie_Zeng/high_order_BM/data_vggsound_full/features/vggsound_full_audio_resnet50_lstm4096_chunks8_w32_h1024_seed123.npz --out_dir /home/Hongjie_Zeng/high_order_BM/runs_vggsound_full_AF027_standard_audio_resnet50seq_lstm4096_h8_lc5_e320 --experiment_id AF027_standard_audio_resnet50seq_lstm4096_h8_lc5_e320 --model_type standard --input_mode audio --total_pbits 38409 --input_dim 4096 --num_classes 309 --label_copies 5 --epochs 320 --batch_size 64 --eval_batch_size 64 --cd_k 3 --lr 0.0002 --momentum 0.6 --weight_decay 0.0 --eval_every 5 --quick_eval_steps 500 --quick_eval_burn_in 100 --quick_eval_thin 2 --full_eval_steps 3000 --full_eval_burn_in 500 --full_eval_thin 2 --label_init random_onehot --seed 123 --num_workers 0 --device auto --binarize none --full_eval_on_best
STDOUT: /home/Hongjie_Zeng/high_order_BM/runs_vggsound_full_AF027_standard_audio_resnet50seq_lstm4096_h8_lc5_e320_stdout.log
STDERR: /home/Hongjie_Zeng/high_order_BM/runs_vggsound_full_AF027_standard_audio_resnet50seq_lstm4096_h8_lc5_e320_stderr.log
Audio ResNet50 sequence BM experiments finished.
End time: Sun Jun 21 05:14:27 PM CST 2026
