Start time: Thu Jun 18 10:04:00 PM CST 2026
Workdir: /home/Hongjie_Zeng/high_order_BM
Python: /home/Hongjie_Zeng/.conda/envs/hongjie_env/bin/python
TORCH_HOME: /home/Hongjie_Zeng/.cache/torch
SLURM_JOB_ID: 287
This job reserves 2 GPUs. Audio feature extraction is mostly CPU/ffmpeg; BM training uses CUDA if available.
Thu Jun 18 22:04:00 2026       
+-----------------------------------------------------------------------------------------+
| NVIDIA-SMI 570.172.08             Driver Version: 570.172.08     CUDA Version: 12.8     |
|-----------------------------------------+------------------------+----------------------+
| GPU  Name                 Persistence-M | Bus-Id          Disp.A | Volatile Uncorr. ECC |
| Fan  Temp   Perf          Pwr:Usage/Cap |           Memory-Usage | GPU-Util  Compute M. |
|                                         |                        |               MIG M. |
|=========================================+========================+======================|
|   0  NVIDIA GeForce RTX 5090        Off |   00000000:16:00.0 Off |                  N/A |
| 50%   60C    P0            102W /  575W |      15MiB /  32607MiB |      0%      Default |
|                                         |                        |                  N/A |
+-----------------------------------------+------------------------+----------------------+
|   1  NVIDIA GeForce RTX 5090        Off |   00000000:27:00.0 Off |                  N/A |
|  0%   27C    P8             25W /  575W |      15MiB /  32607MiB |      0%      Default |
|                                         |                        |                  N/A |
+-----------------------------------------+------------------------+----------------------+
|   2  NVIDIA GeForce RTX 5090        Off |   00000000:49:00.0 Off |                  N/A |
|  0%   23C    P8             32W /  575W |      15MiB /  32607MiB |      0%      Default |
|                                         |                        |                  N/A |
+-----------------------------------------+------------------------+----------------------+
|   3  NVIDIA GeForce RTX 5090        Off |   00000000:5A:00.0 Off |                  N/A |
|  0%   21C    P8             32W /  575W |      15MiB /  32607MiB |      0%      Default |
|                                         |                        |                  N/A |
+-----------------------------------------+------------------------+----------------------+
|   4  NVIDIA GeForce RTX 5090        Off |   00000000:98:00.0 Off |                  N/A |
|  0%   24C    P8             15W /  575W |      15MiB /  32607MiB |      0%      Default |
|                                         |                        |                  N/A |
+-----------------------------------------+------------------------+----------------------+
|   5  NVIDIA GeForce RTX 5090        Off |   00000000:B8:00.0 Off |                  N/A |
|  0%   24C    P8             24W /  575W |      15MiB /  32607MiB |      0%      Default |
|                                         |                        |                  N/A |
+-----------------------------------------+------------------------+----------------------+
|   6  NVIDIA GeForce RTX 5090        Off |   00000000:C8:00.0 Off |                  N/A |
|  0%   22C    P8             19W /  575W |      15MiB /  32607MiB |      0%      Default |
|                                         |                        |                  N/A |
+-----------------------------------------+------------------------+----------------------+
|   7  NVIDIA GeForce RTX 5090        Off |   00000000:D8:00.0 Off |                  N/A |
|  0%   23C    P8             26W /  575W |      15MiB /  32607MiB |      0%      Default |
|                                         |                        |                  N/A |
+-----------------------------------------+------------------------+----------------------+
                                                                                         
+-----------------------------------------------------------------------------------------+
| Processes:                                                                              |
|  GPU   GI   CI              PID   Type   Process name                        GPU Memory |
|        ID   ID                                                               Usage      |
|=========================================================================================|
|    0   N/A  N/A            3919      G   /usr/lib/xorg/Xorg                        4MiB |
|    1   N/A  N/A            3919      G   /usr/lib/xorg/Xorg                        4MiB |
|    2   N/A  N/A            3919      G   /usr/lib/xorg/Xorg                        4MiB |
|    3   N/A  N/A            3919      G   /usr/lib/xorg/Xorg                        4MiB |
|    4   N/A  N/A            3919      G   /usr/lib/xorg/Xorg                        4MiB |
|    5   N/A  N/A            3919      G   /usr/lib/xorg/Xorg                        4MiB |
|    6   N/A  N/A            3919      G   /usr/lib/xorg/Xorg                        4MiB |
|    7   N/A  N/A            3919      G   /usr/lib/xorg/Xorg                        4MiB |
+-----------------------------------------------------------------------------------------+

[2026-06-18 22:04:00] EXTRACT audio STFT 128x96 (12288 dims) in 2 shards -> /home/Hongjie_Zeng/high_order_BM/data_vggsound_full/features/vggsound_full_audio_stft128x96_official5s_allclasses_sr16000_n512_o353.npz
/home/Hongjie_Zeng/.conda/envs/hongjie_env/bin/python make_vggsound_full_audio_stft4096_features.py --csv /home/Hongjie_Zeng/datasets/VGGSound_full/meta/vggsound.csv --clips_root /home/Hongjie_Zeng/datasets/VGGSound_full/clips --out_npz /home/Hongjie_Zeng/high_order_BM/data_vggsound_full/features/vggsound_full_audio_stft128x96_official5s_allclasses_sr16000_n512_o353_shard0of2.npz --out_manifest /home/Hongjie_Zeng/high_order_BM/data_vggsound_full/features/vggsound_full_audio_stft128x96_official5s_allclasses_sr16000_n512_o353_shard0of2_manifest.csv --out_summary /home/Hongjie_Zeng/high_order_BM/data_vggsound_full/features/vggsound_full_audio_stft128x96_official5s_allclasses_sr16000_n512_o353_shard0of2_summary.json --sample_rate 16000 --decode_duration 10.0 --crop_duration 5.0 --nperseg 512 --noverlap 353 --out_freq 128 --out_time 96 --timeout 120 --max_classes 0 --min_train 50 --min_test 10 --num_shards 2 --shard_index 0
STDOUT: /home/Hongjie_Zeng/high_order_BM/runs_vggsound_full_audio_stft128x96_feature_shard0_stdout.log
STDERR: /home/Hongjie_Zeng/high_order_BM/runs_vggsound_full_audio_stft128x96_feature_shard0_stderr.log
/home/Hongjie_Zeng/.conda/envs/hongjie_env/bin/python make_vggsound_full_audio_stft4096_features.py --csv /home/Hongjie_Zeng/datasets/VGGSound_full/meta/vggsound.csv --clips_root /home/Hongjie_Zeng/datasets/VGGSound_full/clips --out_npz /home/Hongjie_Zeng/high_order_BM/data_vggsound_full/features/vggsound_full_audio_stft128x96_official5s_allclasses_sr16000_n512_o353_shard1of2.npz --out_manifest /home/Hongjie_Zeng/high_order_BM/data_vggsound_full/features/vggsound_full_audio_stft128x96_official5s_allclasses_sr16000_n512_o353_shard1of2_manifest.csv --out_summary /home/Hongjie_Zeng/high_order_BM/data_vggsound_full/features/vggsound_full_audio_stft128x96_official5s_allclasses_sr16000_n512_o353_shard1of2_summary.json --sample_rate 16000 --decode_duration 10.0 --crop_duration 5.0 --nperseg 512 --noverlap 353 --out_freq 128 --out_time 96 --timeout 120 --max_classes 0 --min_train 50 --min_test 10 --num_shards 2 --shard_index 1
STDOUT: /home/Hongjie_Zeng/high_order_BM/runs_vggsound_full_audio_stft128x96_feature_shard1_stdout.log
STDERR: /home/Hongjie_Zeng/high_order_BM/runs_vggsound_full_audio_stft128x96_feature_shard1_stderr.log
[2026-06-18 22:04:00] waiting for 2/2 audio feature shard processes
[2026-06-18 22:05:00] waiting for 2/2 audio feature shard processes
[2026-06-18 22:06:00] waiting for 2/2 audio feature shard processes
[2026-06-18 22:07:00] waiting for 2/2 audio feature shard processes
[2026-06-18 22:08:00] waiting for 2/2 audio feature shard processes
[2026-06-18 22:09:00] waiting for 2/2 audio feature shard processes
[2026-06-18 22:10:00] waiting for 2/2 audio feature shard processes
[2026-06-18 22:11:00] waiting for 2/2 audio feature shard processes
[2026-06-18 22:12:00] waiting for 2/2 audio feature shard processes
[2026-06-18 22:13:00] waiting for 2/2 audio feature shard processes
[2026-06-18 22:14:00] waiting for 2/2 audio feature shard processes
[2026-06-18 22:15:00] waiting for 2/2 audio feature shard processes
[2026-06-18 22:16:00] waiting for 2/2 audio feature shard processes
[2026-06-18 22:17:00] waiting for 2/2 audio feature shard processes
[2026-06-18 22:18:00] waiting for 2/2 audio feature shard processes
[2026-06-18 22:19:00] waiting for 2/2 audio feature shard processes
[2026-06-18 22:20:00] waiting for 2/2 audio feature shard processes
[2026-06-18 22:21:00] waiting for 2/2 audio feature shard processes
[2026-06-18 22:22:00] waiting for 2/2 audio feature shard processes
[2026-06-18 22:23:00] waiting for 2/2 audio feature shard processes
[2026-06-18 22:24:00] waiting for 2/2 audio feature shard processes
[2026-06-18 22:25:00] waiting for 2/2 audio feature shard processes
[2026-06-18 22:26:00] waiting for 2/2 audio feature shard processes
[2026-06-18 22:27:00] waiting for 2/2 audio feature shard processes
[2026-06-18 22:28:00] waiting for 2/2 audio feature shard processes
[2026-06-18 22:29:00] waiting for 2/2 audio feature shard processes
[2026-06-18 22:30:00] waiting for 2/2 audio feature shard processes
[2026-06-18 22:31:00] waiting for 2/2 audio feature shard processes
[2026-06-18 22:32:00] waiting for 2/2 audio feature shard processes
[2026-06-18 22:33:00] waiting for 2/2 audio feature shard processes
[2026-06-18 22:34:00] waiting for 2/2 audio feature shard processes
[2026-06-18 22:35:00] waiting for 2/2 audio feature shard processes
[2026-06-18 22:36:00] waiting for 2/2 audio feature shard processes
[2026-06-18 22:37:00] waiting for 2/2 audio feature shard processes
[2026-06-18 22:38:00] waiting for 2/2 audio feature shard processes
[2026-06-18 22:39:00] waiting for 2/2 audio feature shard processes
[2026-06-18 22:40:00] waiting for 2/2 audio feature shard processes
[2026-06-18 22:41:00] waiting for 2/2 audio feature shard processes
[2026-06-18 22:42:00] waiting for 2/2 audio feature shard processes
[2026-06-18 22:43:00] waiting for 2/2 audio feature shard processes
[2026-06-18 22:44:00] waiting for 2/2 audio feature shard processes
[2026-06-18 22:45:00] waiting for 2/2 audio feature shard processes
[2026-06-18 22:46:00] waiting for 2/2 audio feature shard processes
[2026-06-18 22:47:00] waiting for 2/2 audio feature shard processes
[2026-06-18 22:48:00] waiting for 2/2 audio feature shard processes
[2026-06-18 22:49:00] waiting for 2/2 audio feature shard processes
[2026-06-18 22:50:00] waiting for 2/2 audio feature shard processes
[2026-06-18 22:51:00] waiting for 2/2 audio feature shard processes
[2026-06-18 22:52:00] waiting for 2/2 audio feature shard processes
[2026-06-18 22:53:00] waiting for 2/2 audio feature shard processes
[2026-06-18 22:54:00] waiting for 2/2 audio feature shard processes
[2026-06-18 22:55:00] waiting for 2/2 audio feature shard processes
[2026-06-18 22:56:00] waiting for 2/2 audio feature shard processes
[2026-06-18 22:57:00] waiting for 2/2 audio feature shard processes
[2026-06-18 22:58:00] waiting for 2/2 audio feature shard processes
[2026-06-18 22:59:00] waiting for 2/2 audio feature shard processes
[2026-06-18 23:00:00] waiting for 2/2 audio feature shard processes
[2026-06-18 23:01:00] waiting for 2/2 audio feature shard processes
[2026-06-18 23:02:00] waiting for 2/2 audio feature shard processes
[2026-06-18 23:03:00] waiting for 2/2 audio feature shard processes
[2026-06-18 23:04:00] waiting for 2/2 audio feature shard processes
[2026-06-18 23:05:00] waiting for 2/2 audio feature shard processes
[2026-06-18 23:06:00] waiting for 2/2 audio feature shard processes
[2026-06-18 23:07:00] waiting for 2/2 audio feature shard processes
[2026-06-18 23:08:00] waiting for 2/2 audio feature shard processes
[2026-06-18 23:09:00] waiting for 2/2 audio feature shard processes
[2026-06-18 23:10:00] waiting for 2/2 audio feature shard processes
[2026-06-18 23:11:00] waiting for 2/2 audio feature shard processes
[2026-06-18 23:12:00] waiting for 2/2 audio feature shard processes
[2026-06-18 23:13:00] waiting for 2/2 audio feature shard processes
[2026-06-18 23:14:00] waiting for 2/2 audio feature shard processes
[2026-06-18 23:15:00] waiting for 2/2 audio feature shard processes
[2026-06-18 23:16:00] waiting for 2/2 audio feature shard processes
[2026-06-18 23:17:00] waiting for 2/2 audio feature shard processes
[2026-06-18 23:18:00] waiting for 2/2 audio feature shard processes

[2026-06-18 23:19:00] MERGE audio STFT 128x96 shards -> /home/Hongjie_Zeng/high_order_BM/data_vggsound_full/features/vggsound_full_audio_stft128x96_official5s_allclasses_sr16000_n512_o353.npz
/home/Hongjie_Zeng/.conda/envs/hongjie_env/bin/python merge_vggsound_full_audio_stft_shards.py --out_npz /home/Hongjie_Zeng/high_order_BM/data_vggsound_full/features/vggsound_full_audio_stft128x96_official5s_allclasses_sr16000_n512_o353.npz --out_manifest /home/Hongjie_Zeng/high_order_BM/data_vggsound_full/features/vggsound_full_audio_stft128x96_official5s_allclasses_sr16000_n512_o353_manifest.csv --out_summary /home/Hongjie_Zeng/high_order_BM/data_vggsound_full/features/vggsound_full_audio_stft128x96_official5s_allclasses_sr16000_n512_o353_summary.json --shards /home/Hongjie_Zeng/high_order_BM/data_vggsound_full/features/vggsound_full_audio_stft128x96_official5s_allclasses_sr16000_n512_o353_shard0of2.npz /home/Hongjie_Zeng/high_order_BM/data_vggsound_full/features/vggsound_full_audio_stft128x96_official5s_allclasses_sr16000_n512_o353_shard1of2.npz
STDOUT: /home/Hongjie_Zeng/high_order_BM/runs_vggsound_full_audio_stft128x96_merge_stdout.log
STDERR: /home/Hongjie_Zeng/high_order_BM/runs_vggsound_full_audio_stft128x96_merge_stderr.log

[2026-06-18 23:21:43] EXTRACT audio STFT 64x64 (4096 dims) in 2 shards -> /home/Hongjie_Zeng/high_order_BM/data_vggsound_full/features/vggsound_full_audio_stft64x64_official5s_allclasses_sr16000_n512_o353.npz
/home/Hongjie_Zeng/.conda/envs/hongjie_env/bin/python make_vggsound_full_audio_stft4096_features.py --csv /home/Hongjie_Zeng/datasets/VGGSound_full/meta/vggsound.csv --clips_root /home/Hongjie_Zeng/datasets/VGGSound_full/clips --out_npz /home/Hongjie_Zeng/high_order_BM/data_vggsound_full/features/vggsound_full_audio_stft64x64_official5s_allclasses_sr16000_n512_o353_shard0of2.npz --out_manifest /home/Hongjie_Zeng/high_order_BM/data_vggsound_full/features/vggsound_full_audio_stft64x64_official5s_allclasses_sr16000_n512_o353_shard0of2_manifest.csv --out_summary /home/Hongjie_Zeng/high_order_BM/data_vggsound_full/features/vggsound_full_audio_stft64x64_official5s_allclasses_sr16000_n512_o353_shard0of2_summary.json --sample_rate 16000 --decode_duration 10.0 --crop_duration 5.0 --nperseg 512 --noverlap 353 --out_freq 64 --out_time 64 --timeout 120 --max_classes 0 --min_train 50 --min_test 10 --num_shards 2 --shard_index 0
STDOUT: /home/Hongjie_Zeng/high_order_BM/runs_vggsound_full_audio_stft64x64_feature_shard0_stdout.log
STDERR: /home/Hongjie_Zeng/high_order_BM/runs_vggsound_full_audio_stft64x64_feature_shard0_stderr.log
/home/Hongjie_Zeng/.conda/envs/hongjie_env/bin/python make_vggsound_full_audio_stft4096_features.py --csv /home/Hongjie_Zeng/datasets/VGGSound_full/meta/vggsound.csv --clips_root /home/Hongjie_Zeng/datasets/VGGSound_full/clips --out_npz /home/Hongjie_Zeng/high_order_BM/data_vggsound_full/features/vggsound_full_audio_stft64x64_official5s_allclasses_sr16000_n512_o353_shard1of2.npz --out_manifest /home/Hongjie_Zeng/high_order_BM/data_vggsound_full/features/vggsound_full_audio_stft64x64_official5s_allclasses_sr16000_n512_o353_shard1of2_manifest.csv --out_summary /home/Hongjie_Zeng/high_order_BM/data_vggsound_full/features/vggsound_full_audio_stft64x64_official5s_allclasses_sr16000_n512_o353_shard1of2_summary.json --sample_rate 16000 --decode_duration 10.0 --crop_duration 5.0 --nperseg 512 --noverlap 353 --out_freq 64 --out_time 64 --timeout 120 --max_classes 0 --min_train 50 --min_test 10 --num_shards 2 --shard_index 1
STDOUT: /home/Hongjie_Zeng/high_order_BM/runs_vggsound_full_audio_stft64x64_feature_shard1_stdout.log
STDERR: /home/Hongjie_Zeng/high_order_BM/runs_vggsound_full_audio_stft64x64_feature_shard1_stderr.log
[2026-06-18 23:21:43] waiting for 2/2 audio feature shard processes
[2026-06-18 23:22:43] waiting for 2/2 audio feature shard processes
[2026-06-18 23:23:43] waiting for 2/2 audio feature shard processes
[2026-06-18 23:24:43] waiting for 2/2 audio feature shard processes
[2026-06-18 23:25:43] waiting for 2/2 audio feature shard processes
[2026-06-18 23:26:43] waiting for 2/2 audio feature shard processes
[2026-06-18 23:27:43] waiting for 2/2 audio feature shard processes
[2026-06-18 23:28:43] waiting for 2/2 audio feature shard processes
[2026-06-18 23:29:43] waiting for 2/2 audio feature shard processes
[2026-06-18 23:30:43] waiting for 2/2 audio feature shard processes
[2026-06-18 23:31:43] waiting for 2/2 audio feature shard processes
[2026-06-18 23:32:43] waiting for 2/2 audio feature shard processes
[2026-06-18 23:33:43] waiting for 2/2 audio feature shard processes
[2026-06-18 23:34:43] waiting for 2/2 audio feature shard processes
[2026-06-18 23:35:43] waiting for 2/2 audio feature shard processes
[2026-06-18 23:36:43] waiting for 2/2 audio feature shard processes
[2026-06-18 23:37:43] waiting for 2/2 audio feature shard processes
[2026-06-18 23:38:43] waiting for 2/2 audio feature shard processes
[2026-06-18 23:39:43] waiting for 2/2 audio feature shard processes
[2026-06-18 23:40:43] waiting for 2/2 audio feature shard processes
[2026-06-18 23:41:43] waiting for 2/2 audio feature shard processes
[2026-06-18 23:42:43] waiting for 2/2 audio feature shard processes
[2026-06-18 23:43:43] waiting for 2/2 audio feature shard processes
[2026-06-18 23:44:43] waiting for 2/2 audio feature shard processes
[2026-06-18 23:45:43] waiting for 2/2 audio feature shard processes
[2026-06-18 23:46:43] waiting for 2/2 audio feature shard processes
[2026-06-18 23:47:43] waiting for 2/2 audio feature shard processes
[2026-06-18 23:48:43] waiting for 2/2 audio feature shard processes
[2026-06-18 23:49:43] waiting for 2/2 audio feature shard processes
[2026-06-18 23:50:43] waiting for 2/2 audio feature shard processes
[2026-06-18 23:51:43] waiting for 2/2 audio feature shard processes
[2026-06-18 23:52:43] waiting for 2/2 audio feature shard processes
[2026-06-18 23:53:43] waiting for 2/2 audio feature shard processes
[2026-06-18 23:54:43] waiting for 2/2 audio feature shard processes
[2026-06-18 23:55:43] waiting for 2/2 audio feature shard processes
[2026-06-18 23:56:43] waiting for 2/2 audio feature shard processes
[2026-06-18 23:57:43] waiting for 2/2 audio feature shard processes
[2026-06-18 23:58:43] waiting for 2/2 audio feature shard processes
[2026-06-18 23:59:43] waiting for 2/2 audio feature shard processes
[2026-06-19 00:00:43] waiting for 2/2 audio feature shard processes
[2026-06-19 00:01:43] waiting for 2/2 audio feature shard processes
[2026-06-19 00:02:43] waiting for 2/2 audio feature shard processes
[2026-06-19 00:03:43] waiting for 2/2 audio feature shard processes
[2026-06-19 00:04:43] waiting for 2/2 audio feature shard processes
[2026-06-19 00:05:43] waiting for 2/2 audio feature shard processes
[2026-06-19 00:06:43] waiting for 2/2 audio feature shard processes
[2026-06-19 00:07:43] waiting for 2/2 audio feature shard processes
[2026-06-19 00:08:43] waiting for 2/2 audio feature shard processes
[2026-06-19 00:09:43] waiting for 2/2 audio feature shard processes
[2026-06-19 00:10:43] waiting for 2/2 audio feature shard processes
[2026-06-19 00:11:43] waiting for 2/2 audio feature shard processes
[2026-06-19 00:12:43] waiting for 2/2 audio feature shard processes
[2026-06-19 00:13:43] waiting for 2/2 audio feature shard processes
[2026-06-19 00:14:43] waiting for 2/2 audio feature shard processes
[2026-06-19 00:15:43] waiting for 2/2 audio feature shard processes
[2026-06-19 00:16:43] waiting for 2/2 audio feature shard processes
[2026-06-19 00:17:43] waiting for 2/2 audio feature shard processes
[2026-06-19 00:18:43] waiting for 2/2 audio feature shard processes
[2026-06-19 00:19:43] waiting for 2/2 audio feature shard processes
[2026-06-19 00:20:43] waiting for 2/2 audio feature shard processes
[2026-06-19 00:21:43] waiting for 2/2 audio feature shard processes
[2026-06-19 00:22:43] waiting for 2/2 audio feature shard processes
[2026-06-19 00:23:43] waiting for 2/2 audio feature shard processes
[2026-06-19 00:24:43] waiting for 2/2 audio feature shard processes
[2026-06-19 00:25:43] waiting for 2/2 audio feature shard processes
[2026-06-19 00:26:43] waiting for 2/2 audio feature shard processes
[2026-06-19 00:27:43] waiting for 2/2 audio feature shard processes
[2026-06-19 00:28:43] waiting for 2/2 audio feature shard processes
[2026-06-19 00:29:43] waiting for 2/2 audio feature shard processes
[2026-06-19 00:30:43] waiting for 2/2 audio feature shard processes
[2026-06-19 00:31:43] waiting for 2/2 audio feature shard processes
[2026-06-19 00:32:43] waiting for 2/2 audio feature shard processes
[2026-06-19 00:33:43] waiting for 2/2 audio feature shard processes
[2026-06-19 00:34:43] waiting for 2/2 audio feature shard processes

[2026-06-19 00:35:43] MERGE audio STFT 64x64 shards -> /home/Hongjie_Zeng/high_order_BM/data_vggsound_full/features/vggsound_full_audio_stft64x64_official5s_allclasses_sr16000_n512_o353.npz
/home/Hongjie_Zeng/.conda/envs/hongjie_env/bin/python merge_vggsound_full_audio_stft_shards.py --out_npz /home/Hongjie_Zeng/high_order_BM/data_vggsound_full/features/vggsound_full_audio_stft64x64_official5s_allclasses_sr16000_n512_o353.npz --out_manifest /home/Hongjie_Zeng/high_order_BM/data_vggsound_full/features/vggsound_full_audio_stft64x64_official5s_allclasses_sr16000_n512_o353_manifest.csv --out_summary /home/Hongjie_Zeng/high_order_BM/data_vggsound_full/features/vggsound_full_audio_stft64x64_official5s_allclasses_sr16000_n512_o353_summary.json --shards /home/Hongjie_Zeng/high_order_BM/data_vggsound_full/features/vggsound_full_audio_stft64x64_official5s_allclasses_sr16000_n512_o353_shard0of2.npz /home/Hongjie_Zeng/high_order_BM/data_vggsound_full/features/vggsound_full_audio_stft64x64_official5s_allclasses_sr16000_n512_o353_shard1of2.npz
STDOUT: /home/Hongjie_Zeng/high_order_BM/runs_vggsound_full_audio_stft64x64_merge_stdout.log
STDERR: /home/Hongjie_Zeng/high_order_BM/runs_vggsound_full_audio_stft64x64_merge_stderr.log

[2026-06-19 00:36:14] TRAIN AF001 standard_audio_stft64x64_h4_lc5 classes=309 input=4096 label=1545 hidden=16384 total=22025
/home/Hongjie_Zeng/.conda/envs/hongjie_env/bin/python train_vggsound_mini20_bm.py --feature_npz /home/Hongjie_Zeng/high_order_BM/data_vggsound_full/features/vggsound_full_audio_stft64x64_official5s_allclasses_sr16000_n512_o353.npz --out_dir /home/Hongjie_Zeng/high_order_BM/runs_vggsound_full_AF001_standard_audio_stft64x64_h4_lc5 --experiment_id AF001_standard_audio_stft64x64_h4_lc5 --model_type standard --input_mode audio --total_pbits 22025 --input_dim 4096 --num_classes 309 --label_copies 5 --epochs 60 --batch_size 128 --eval_batch_size 64 --cd_k 3 --lr 0.0002 --momentum 0.6 --weight_decay 0.0 --eval_every 5 --quick_eval_steps 400 --quick_eval_burn_in 100 --quick_eval_thin 2 --full_eval_steps 3000 --full_eval_burn_in 500 --full_eval_thin 2 --label_init random_onehot --seed 123 --num_workers 0 --device auto --binarize none --full_eval_on_best
STDOUT: /home/Hongjie_Zeng/high_order_BM/runs_vggsound_full_AF001_standard_audio_stft64x64_h4_lc5_stdout.log
STDERR: /home/Hongjie_Zeng/high_order_BM/runs_vggsound_full_AF001_standard_audio_stft64x64_h4_lc5_stderr.log

[2026-06-19 01:04:37] TRAIN AF002 standard_audio_stft64x64_h6_lc5 classes=309 input=4096 label=1545 hidden=24576 total=30217
/home/Hongjie_Zeng/.conda/envs/hongjie_env/bin/python train_vggsound_mini20_bm.py --feature_npz /home/Hongjie_Zeng/high_order_BM/data_vggsound_full/features/vggsound_full_audio_stft64x64_official5s_allclasses_sr16000_n512_o353.npz --out_dir /home/Hongjie_Zeng/high_order_BM/runs_vggsound_full_AF002_standard_audio_stft64x64_h6_lc5 --experiment_id AF002_standard_audio_stft64x64_h6_lc5 --model_type standard --input_mode audio --total_pbits 30217 --input_dim 4096 --num_classes 309 --label_copies 5 --epochs 60 --batch_size 96 --eval_batch_size 64 --cd_k 3 --lr 0.0002 --momentum 0.6 --weight_decay 0.0 --eval_every 5 --quick_eval_steps 400 --quick_eval_burn_in 100 --quick_eval_thin 2 --full_eval_steps 3000 --full_eval_burn_in 500 --full_eval_thin 2 --label_init random_onehot --seed 123 --num_workers 0 --device auto --binarize none --full_eval_on_best
STDOUT: /home/Hongjie_Zeng/high_order_BM/runs_vggsound_full_AF002_standard_audio_stft64x64_h6_lc5_stdout.log
STDERR: /home/Hongjie_Zeng/high_order_BM/runs_vggsound_full_AF002_standard_audio_stft64x64_h6_lc5_stderr.log

[2026-06-19 01:50:37] TRAIN AF003 standard_audio_stft128x96_h3_lc5 classes=309 input=12288 label=1545 hidden=36864 total=50697
/home/Hongjie_Zeng/.conda/envs/hongjie_env/bin/python train_vggsound_mini20_bm.py --feature_npz /home/Hongjie_Zeng/high_order_BM/data_vggsound_full/features/vggsound_full_audio_stft128x96_official5s_allclasses_sr16000_n512_o353.npz --out_dir /home/Hongjie_Zeng/high_order_BM/runs_vggsound_full_AF003_standard_audio_stft128x96_h3_lc5 --experiment_id AF003_standard_audio_stft128x96_h3_lc5 --model_type standard --input_mode audio --total_pbits 50697 --input_dim 12288 --num_classes 309 --label_copies 5 --epochs 60 --batch_size 64 --eval_batch_size 64 --cd_k 3 --lr 0.0002 --momentum 0.6 --weight_decay 0.0 --eval_every 5 --quick_eval_steps 400 --quick_eval_burn_in 100 --quick_eval_thin 2 --full_eval_steps 3000 --full_eval_burn_in 500 --full_eval_thin 2 --label_init random_onehot --seed 123 --num_workers 0 --device auto --binarize none --full_eval_on_best
STDOUT: /home/Hongjie_Zeng/high_order_BM/runs_vggsound_full_AF003_standard_audio_stft128x96_h3_lc5_stdout.log
STDERR: /home/Hongjie_Zeng/high_order_BM/runs_vggsound_full_AF003_standard_audio_stft128x96_h3_lc5_stderr.log

[2026-06-19 04:37:53] TRAIN AF004 standard_audio_stft128x96_h4_lc5 classes=309 input=12288 label=1545 hidden=49152 total=62985
/home/Hongjie_Zeng/.conda/envs/hongjie_env/bin/python train_vggsound_mini20_bm.py --feature_npz /home/Hongjie_Zeng/high_order_BM/data_vggsound_full/features/vggsound_full_audio_stft128x96_official5s_allclasses_sr16000_n512_o353.npz --out_dir /home/Hongjie_Zeng/high_order_BM/runs_vggsound_full_AF004_standard_audio_stft128x96_h4_lc5 --experiment_id AF004_standard_audio_stft128x96_h4_lc5 --model_type standard --input_mode audio --total_pbits 62985 --input_dim 12288 --num_classes 309 --label_copies 5 --epochs 60 --batch_size 48 --eval_batch_size 64 --cd_k 3 --lr 0.0002 --momentum 0.6 --weight_decay 0.0 --eval_every 5 --quick_eval_steps 400 --quick_eval_burn_in 100 --quick_eval_thin 2 --full_eval_steps 3000 --full_eval_burn_in 500 --full_eval_thin 2 --label_init random_onehot --seed 123 --num_workers 0 --device auto --binarize none --full_eval_on_best
STDOUT: /home/Hongjie_Zeng/high_order_BM/runs_vggsound_full_AF004_standard_audio_stft128x96_h4_lc5_stdout.log
STDERR: /home/Hongjie_Zeng/high_order_BM/runs_vggsound_full_AF004_standard_audio_stft128x96_h4_lc5_stderr.log
VGGSound full audio STFT standard BM finished.
End time: Fri Jun 19 08:59:15 AM CST 2026
