Start time: Tue Jun 16 09:35:28 PM CST 2026
Workdir: /home/Hongjie_Zeng/high_order_BM
Python: /home/Hongjie_Zeng/.conda/envs/hongjie_env/bin/python
TORCH_HOME: /home/Hongjie_Zeng/.cache/torch
SLURM_JOB_ID: 284
Tue Jun 16 21:35:28 2026       
+-----------------------------------------------------------------------------------------+
| NVIDIA-SMI 570.172.08             Driver Version: 570.172.08     CUDA Version: 12.8     |
|-----------------------------------------+------------------------+----------------------+
| GPU  Name                 Persistence-M | Bus-Id          Disp.A | Volatile Uncorr. ECC |
| Fan  Temp   Perf          Pwr:Usage/Cap |           Memory-Usage | GPU-Util  Compute M. |
|                                         |                        |               MIG M. |
|=========================================+========================+======================|
|   0  NVIDIA GeForce RTX 5090        Off |   00000000:16:00.0 Off |                  N/A |
|  0%   27C    P8             24W /  575W |      15MiB /  32607MiB |      0%      Default |
|                                         |                        |                  N/A |
+-----------------------------------------+------------------------+----------------------+
|   1  NVIDIA GeForce RTX 5090        Off |   00000000:27:00.0 Off |                  N/A |
|  0%   27C    P8             24W /  575W |      15MiB /  32607MiB |      0%      Default |
|                                         |                        |                  N/A |
+-----------------------------------------+------------------------+----------------------+
|   2  NVIDIA GeForce RTX 5090        Off |   00000000:49:00.0 Off |                  N/A |
|  0%   26C    P8             30W /  575W |      15MiB /  32607MiB |      0%      Default |
|                                         |                        |                  N/A |
+-----------------------------------------+------------------------+----------------------+
|   3  NVIDIA GeForce RTX 5090        Off |   00000000:5A:00.0 Off |                  N/A |
|  0%   25C    P8             30W /  575W |      15MiB /  32607MiB |      0%      Default |
|                                         |                        |                  N/A |
+-----------------------------------------+------------------------+----------------------+
|   4  NVIDIA GeForce RTX 5090        Off |   00000000:98:00.0 Off |                  N/A |
|  0%   28C    P8             15W /  575W |      15MiB /  32607MiB |      0%      Default |
|                                         |                        |                  N/A |
+-----------------------------------------+------------------------+----------------------+
|   5  NVIDIA GeForce RTX 5090        Off |   00000000:B8:00.0 Off |                  N/A |
|  0%   29C    P8             25W /  575W |      15MiB /  32607MiB |      0%      Default |
|                                         |                        |                  N/A |
+-----------------------------------------+------------------------+----------------------+
|   6  NVIDIA GeForce RTX 5090        Off |   00000000:C8:00.0 Off |                  N/A |
|  0%   26C    P8             20W /  575W |      15MiB /  32607MiB |      0%      Default |
|                                         |                        |                  N/A |
+-----------------------------------------+------------------------+----------------------+
|   7  NVIDIA GeForce RTX 5090        Off |   00000000:D8:00.0 Off |                  N/A |
|  0%   26C    P8             26W /  575W |      15MiB /  32607MiB |      0%      Default |
|                                         |                        |                  N/A |
+-----------------------------------------+------------------------+----------------------+
                                                                                         
+-----------------------------------------------------------------------------------------+
| Processes:                                                                              |
|  GPU   GI   CI              PID   Type   Process name                        GPU Memory |
|        ID   ID                                                               Usage      |
|=========================================================================================|
|    0   N/A  N/A            3919      G   /usr/lib/xorg/Xorg                        4MiB |
|    1   N/A  N/A            3919      G   /usr/lib/xorg/Xorg                        4MiB |
|    2   N/A  N/A            3919      G   /usr/lib/xorg/Xorg                        4MiB |
|    3   N/A  N/A            3919      G   /usr/lib/xorg/Xorg                        4MiB |
|    4   N/A  N/A            3919      G   /usr/lib/xorg/Xorg                        4MiB |
|    5   N/A  N/A            3919      G   /usr/lib/xorg/Xorg                        4MiB |
|    6   N/A  N/A            3919      G   /usr/lib/xorg/Xorg                        4MiB |
|    7   N/A  N/A            3919      G   /usr/lib/xorg/Xorg                        4MiB |
+-----------------------------------------------------------------------------------------+
SKIP video feature extraction: /home/Hongjie_Zeng/high_order_BM/data_vggsound_mini/features/vggsound_mini20_videoenc_resnet50_mean_std_per_dim_minmax_f8_s224.npz

[2026-06-16 21:35:28] TRAIN V036 video_resnet50_meanstd_hidden4 mode=video input=4096 hidden=16384 label_copies=5 total=20580
/home/Hongjie_Zeng/.conda/envs/hongjie_env/bin/python train_vggsound_mini20_bm.py --feature_npz /home/Hongjie_Zeng/high_order_BM/data_vggsound_mini/features/vggsound_mini20_videoenc_resnet50_mean_std_per_dim_minmax_f8_s224.npz --out_dir /home/Hongjie_Zeng/high_order_BM/runs_vggsound_mini20_V036_video_resnet50_meanstd_hidden4 --experiment_id V036_video_resnet50_meanstd_hidden4 --model_type standard --input_mode video --total_pbits 20580 --input_dim 4096 --num_classes 20 --label_copies 5 --epochs 220 --batch_size 20 --eval_batch_size 64 --cd_k 3 --lr 0.0002 --momentum 0.6 --weight_decay 0.0 --eval_every 5 --quick_eval_steps 600 --quick_eval_burn_in 100 --quick_eval_thin 2 --full_eval_steps 3000 --full_eval_burn_in 500 --full_eval_thin 2 --label_init random_onehot --seed 123 --num_workers 0 --device auto --binarize none --full_eval_on_best
STDOUT: /home/Hongjie_Zeng/high_order_BM/runs_vggsound_mini20_V036_video_resnet50_meanstd_hidden4_stdout.log
STDERR: /home/Hongjie_Zeng/high_order_BM/runs_vggsound_mini20_V036_video_resnet50_meanstd_hidden4_stderr.log

[2026-06-16 21:42:13] TRAIN V037 video_resnet50_meanstd_hidden5 mode=video input=4096 hidden=20480 label_copies=5 total=24676
/home/Hongjie_Zeng/.conda/envs/hongjie_env/bin/python train_vggsound_mini20_bm.py --feature_npz /home/Hongjie_Zeng/high_order_BM/data_vggsound_mini/features/vggsound_mini20_videoenc_resnet50_mean_std_per_dim_minmax_f8_s224.npz --out_dir /home/Hongjie_Zeng/high_order_BM/runs_vggsound_mini20_V037_video_resnet50_meanstd_hidden5 --experiment_id V037_video_resnet50_meanstd_hidden5 --model_type standard --input_mode video --total_pbits 24676 --input_dim 4096 --num_classes 20 --label_copies 5 --epochs 220 --batch_size 16 --eval_batch_size 64 --cd_k 3 --lr 0.0002 --momentum 0.6 --weight_decay 0.0 --eval_every 5 --quick_eval_steps 600 --quick_eval_burn_in 100 --quick_eval_thin 2 --full_eval_steps 3000 --full_eval_burn_in 500 --full_eval_thin 2 --label_init random_onehot --seed 123 --num_workers 0 --device auto --binarize none --full_eval_on_best
STDOUT: /home/Hongjie_Zeng/high_order_BM/runs_vggsound_mini20_V037_video_resnet50_meanstd_hidden5_stdout.log
STDERR: /home/Hongjie_Zeng/high_order_BM/runs_vggsound_mini20_V037_video_resnet50_meanstd_hidden5_stderr.log

[2026-06-16 21:51:19] TRAIN V038 video_resnet50_meanstd_hidden4_lc10 mode=video input=4096 hidden=16384 label_copies=10 total=20680
/home/Hongjie_Zeng/.conda/envs/hongjie_env/bin/python train_vggsound_mini20_bm.py --feature_npz /home/Hongjie_Zeng/high_order_BM/data_vggsound_mini/features/vggsound_mini20_videoenc_resnet50_mean_std_per_dim_minmax_f8_s224.npz --out_dir /home/Hongjie_Zeng/high_order_BM/runs_vggsound_mini20_V038_video_resnet50_meanstd_hidden4_lc10 --experiment_id V038_video_resnet50_meanstd_hidden4_lc10 --model_type standard --input_mode video --total_pbits 20680 --input_dim 4096 --num_classes 20 --label_copies 10 --epochs 220 --batch_size 20 --eval_batch_size 64 --cd_k 3 --lr 0.0002 --momentum 0.6 --weight_decay 0.0 --eval_every 5 --quick_eval_steps 600 --quick_eval_burn_in 100 --quick_eval_thin 2 --full_eval_steps 3000 --full_eval_burn_in 500 --full_eval_thin 2 --label_init random_onehot --seed 123 --num_workers 0 --device auto --binarize none --full_eval_on_best
STDOUT: /home/Hongjie_Zeng/high_order_BM/runs_vggsound_mini20_V038_video_resnet50_meanstd_hidden4_lc10_stdout.log
STDERR: /home/Hongjie_Zeng/high_order_BM/runs_vggsound_mini20_V038_video_resnet50_meanstd_hidden4_lc10_stderr.log
SKIP audio base feature extraction: /home/Hongjie_Zeng/high_order_BM/data_vggsound_mini/features/vggsound_mini20_audio_m96_t64_per_mel_zscore_sigmoid.npz

[2026-06-16 21:58:20] EXTRACT AUDIO CNN FEATURE A001 -> /home/Hongjie_Zeng/high_order_BM/data_vggsound_mini/features/vggsound_mini20_audio_cnn_e512_per_dim_minmax_seed123.npz
/home/Hongjie_Zeng/.conda/envs/hongjie_env/bin/python make_vggsound_audio_cnn_encoder_features.py --audio_npz /home/Hongjie_Zeng/high_order_BM/data_vggsound_mini/features/vggsound_mini20_audio_m96_t64_per_mel_zscore_sigmoid.npz --out_npz /home/Hongjie_Zeng/high_order_BM/data_vggsound_mini/features/vggsound_mini20_audio_cnn_e512_per_dim_minmax_seed123.npz --out_summary /home/Hongjie_Zeng/high_order_BM/data_vggsound_mini/features/vggsound_mini20_audio_cnn_e512_per_dim_minmax_seed123_summary.json --out_history /home/Hongjie_Zeng/high_order_BM/data_vggsound_mini/features/vggsound_mini20_audio_cnn_e512_per_dim_minmax_seed123_history.json --out_ckpt /home/Hongjie_Zeng/high_order_BM/data_vggsound_mini/features/vggsound_mini20_audio_cnn_e512_per_dim_minmax_seed123_teacher.pt --experiment_id A001 --n_mels 96 --n_time 64 --embedding_dim 512 --normalize per_dim_minmax --epochs 120 --batch_size 64 --eval_batch_size 128 --lr 0.001 --weight_decay 0.0001 --dropout 0.2 --eval_every 5 --seed 123 --num_workers 0 --device auto
STDOUT: /home/Hongjie_Zeng/high_order_BM/runs_vggsound_mini20_A001_audio_cnn_e512_feature_stdout.log
STDERR: /home/Hongjie_Zeng/high_order_BM/runs_vggsound_mini20_A001_audio_cnn_e512_feature_stderr.log

[2026-06-16 21:58:39] EXTRACT AUDIO CNN FEATURE A002 -> /home/Hongjie_Zeng/high_order_BM/data_vggsound_mini/features/vggsound_mini20_audio_cnn_e1024_per_dim_minmax_seed123.npz
/home/Hongjie_Zeng/.conda/envs/hongjie_env/bin/python make_vggsound_audio_cnn_encoder_features.py --audio_npz /home/Hongjie_Zeng/high_order_BM/data_vggsound_mini/features/vggsound_mini20_audio_m96_t64_per_mel_zscore_sigmoid.npz --out_npz /home/Hongjie_Zeng/high_order_BM/data_vggsound_mini/features/vggsound_mini20_audio_cnn_e1024_per_dim_minmax_seed123.npz --out_summary /home/Hongjie_Zeng/high_order_BM/data_vggsound_mini/features/vggsound_mini20_audio_cnn_e1024_per_dim_minmax_seed123_summary.json --out_history /home/Hongjie_Zeng/high_order_BM/data_vggsound_mini/features/vggsound_mini20_audio_cnn_e1024_per_dim_minmax_seed123_history.json --out_ckpt /home/Hongjie_Zeng/high_order_BM/data_vggsound_mini/features/vggsound_mini20_audio_cnn_e1024_per_dim_minmax_seed123_teacher.pt --experiment_id A002 --n_mels 96 --n_time 64 --embedding_dim 1024 --normalize per_dim_minmax --epochs 120 --batch_size 64 --eval_batch_size 128 --lr 0.001 --weight_decay 0.0001 --dropout 0.2 --eval_every 5 --seed 123 --num_workers 0 --device auto
STDOUT: /home/Hongjie_Zeng/high_order_BM/runs_vggsound_mini20_A002_audio_cnn_e1024_feature_stdout.log
STDERR: /home/Hongjie_Zeng/high_order_BM/runs_vggsound_mini20_A002_audio_cnn_e1024_feature_stderr.log

[2026-06-16 21:58:58] TRAIN V039 audio_cnn512_hidden2 mode=audio input=512 hidden=1024 label_copies=5 total=1636
/home/Hongjie_Zeng/.conda/envs/hongjie_env/bin/python train_vggsound_mini20_bm.py --feature_npz /home/Hongjie_Zeng/high_order_BM/data_vggsound_mini/features/vggsound_mini20_audio_cnn_e512_per_dim_minmax_seed123.npz --out_dir /home/Hongjie_Zeng/high_order_BM/runs_vggsound_mini20_V039_audio_cnn512_hidden2 --experiment_id V039_audio_cnn512_hidden2 --model_type standard --input_mode audio --total_pbits 1636 --input_dim 512 --num_classes 20 --label_copies 5 --epochs 220 --batch_size 64 --eval_batch_size 64 --cd_k 3 --lr 0.0002 --momentum 0.6 --weight_decay 0.0 --eval_every 5 --quick_eval_steps 600 --quick_eval_burn_in 100 --quick_eval_thin 2 --full_eval_steps 3000 --full_eval_burn_in 500 --full_eval_thin 2 --label_init random_onehot --seed 123 --num_workers 0 --device auto --binarize none --full_eval_on_best
STDOUT: /home/Hongjie_Zeng/high_order_BM/runs_vggsound_mini20_V039_audio_cnn512_hidden2_stdout.log
STDERR: /home/Hongjie_Zeng/high_order_BM/runs_vggsound_mini20_V039_audio_cnn512_hidden2_stderr.log

[2026-06-16 21:59:29] TRAIN V040 audio_cnn512_hidden3 mode=audio input=512 hidden=1536 label_copies=5 total=2148
/home/Hongjie_Zeng/.conda/envs/hongjie_env/bin/python train_vggsound_mini20_bm.py --feature_npz /home/Hongjie_Zeng/high_order_BM/data_vggsound_mini/features/vggsound_mini20_audio_cnn_e512_per_dim_minmax_seed123.npz --out_dir /home/Hongjie_Zeng/high_order_BM/runs_vggsound_mini20_V040_audio_cnn512_hidden3 --experiment_id V040_audio_cnn512_hidden3 --model_type standard --input_mode audio --total_pbits 2148 --input_dim 512 --num_classes 20 --label_copies 5 --epochs 220 --batch_size 64 --eval_batch_size 64 --cd_k 3 --lr 0.0002 --momentum 0.6 --weight_decay 0.0 --eval_every 5 --quick_eval_steps 600 --quick_eval_burn_in 100 --quick_eval_thin 2 --full_eval_steps 3000 --full_eval_burn_in 500 --full_eval_thin 2 --label_init random_onehot --seed 123 --num_workers 0 --device auto --binarize none --full_eval_on_best
STDOUT: /home/Hongjie_Zeng/high_order_BM/runs_vggsound_mini20_V040_audio_cnn512_hidden3_stdout.log
STDERR: /home/Hongjie_Zeng/high_order_BM/runs_vggsound_mini20_V040_audio_cnn512_hidden3_stderr.log

[2026-06-16 22:00:01] TRAIN V041 audio_cnn1024_hidden2 mode=audio input=1024 hidden=2048 label_copies=5 total=3172
/home/Hongjie_Zeng/.conda/envs/hongjie_env/bin/python train_vggsound_mini20_bm.py --feature_npz /home/Hongjie_Zeng/high_order_BM/data_vggsound_mini/features/vggsound_mini20_audio_cnn_e1024_per_dim_minmax_seed123.npz --out_dir /home/Hongjie_Zeng/high_order_BM/runs_vggsound_mini20_V041_audio_cnn1024_hidden2 --experiment_id V041_audio_cnn1024_hidden2 --model_type standard --input_mode audio --total_pbits 3172 --input_dim 1024 --num_classes 20 --label_copies 5 --epochs 220 --batch_size 64 --eval_batch_size 64 --cd_k 3 --lr 0.0002 --momentum 0.6 --weight_decay 0.0 --eval_every 5 --quick_eval_steps 600 --quick_eval_burn_in 100 --quick_eval_thin 2 --full_eval_steps 3000 --full_eval_burn_in 500 --full_eval_thin 2 --label_init random_onehot --seed 123 --num_workers 0 --device auto --binarize none --full_eval_on_best
STDOUT: /home/Hongjie_Zeng/high_order_BM/runs_vggsound_mini20_V041_audio_cnn1024_hidden2_stdout.log
STDERR: /home/Hongjie_Zeng/high_order_BM/runs_vggsound_mini20_V041_audio_cnn1024_hidden2_stderr.log

[2026-06-16 22:00:35] TRAIN V042 audio_cnn1024_hidden3 mode=audio input=1024 hidden=3072 label_copies=5 total=4196
/home/Hongjie_Zeng/.conda/envs/hongjie_env/bin/python train_vggsound_mini20_bm.py --feature_npz /home/Hongjie_Zeng/high_order_BM/data_vggsound_mini/features/vggsound_mini20_audio_cnn_e1024_per_dim_minmax_seed123.npz --out_dir /home/Hongjie_Zeng/high_order_BM/runs_vggsound_mini20_V042_audio_cnn1024_hidden3 --experiment_id V042_audio_cnn1024_hidden3 --model_type standard --input_mode audio --total_pbits 4196 --input_dim 1024 --num_classes 20 --label_copies 5 --epochs 220 --batch_size 64 --eval_batch_size 64 --cd_k 3 --lr 0.0002 --momentum 0.6 --weight_decay 0.0 --eval_every 5 --quick_eval_steps 600 --quick_eval_burn_in 100 --quick_eval_thin 2 --full_eval_steps 3000 --full_eval_burn_in 500 --full_eval_thin 2 --label_init random_onehot --seed 123 --num_workers 0 --device auto --binarize none --full_eval_on_best
STDOUT: /home/Hongjie_Zeng/high_order_BM/runs_vggsound_mini20_V042_audio_cnn1024_hidden3_stdout.log
STDERR: /home/Hongjie_Zeng/high_order_BM/runs_vggsound_mini20_V042_audio_cnn1024_hidden3_stderr.log

[2026-06-16 22:01:12] TRAIN V043 audio_cnn1024_threshold_hidden2 mode=audio input=1024 hidden=2048 label_copies=5 total=3172
/home/Hongjie_Zeng/.conda/envs/hongjie_env/bin/python train_vggsound_mini20_bm.py --feature_npz /home/Hongjie_Zeng/high_order_BM/data_vggsound_mini/features/vggsound_mini20_audio_cnn_e1024_per_dim_minmax_seed123.npz --out_dir /home/Hongjie_Zeng/high_order_BM/runs_vggsound_mini20_V043_audio_cnn1024_threshold_hidden2 --experiment_id V043_audio_cnn1024_threshold_hidden2 --model_type standard --input_mode audio --total_pbits 3172 --input_dim 1024 --num_classes 20 --label_copies 5 --epochs 220 --batch_size 64 --eval_batch_size 64 --cd_k 3 --lr 0.0002 --momentum 0.6 --weight_decay 0.0 --eval_every 5 --quick_eval_steps 600 --quick_eval_burn_in 100 --quick_eval_thin 2 --full_eval_steps 3000 --full_eval_burn_in 500 --full_eval_thin 2 --label_init random_onehot --seed 123 --num_workers 0 --device auto --binarize threshold --full_eval_on_best
STDOUT: /home/Hongjie_Zeng/high_order_BM/runs_vggsound_mini20_V043_audio_cnn1024_threshold_hidden2_stdout.log
STDERR: /home/Hongjie_Zeng/high_order_BM/runs_vggsound_mini20_V043_audio_cnn1024_threshold_hidden2_stderr.log
VGGSound video 4x/5x and audio CNN BM sweep finished.
End time: Tue Jun 16 10:01:47 PM CST 2026
