Start time: Fri Jun 19 01:26:29 PM CST 2026
Workdir: /home/Hongjie_Zeng/high_order_BM
Python: /home/Hongjie_Zeng/.conda/envs/hongjie_env/bin/python
TORCH_HOME: /home/Hongjie_Zeng/.cache/torch
SLURM_JOB_ID: 289
This job reuses existing f16 ResNet50 video features; no video feature extraction is run.
It runs VF009-VF013: h8 resume to 180/240, h10 e160, h12 e160, h16 e120.
Fri Jun 19 13:26:29 2026       
+-----------------------------------------------------------------------------------------+
| NVIDIA-SMI 570.172.08             Driver Version: 570.172.08     CUDA Version: 12.8     |
|-----------------------------------------+------------------------+----------------------+
| GPU  Name                 Persistence-M | Bus-Id          Disp.A | Volatile Uncorr. ECC |
| Fan  Temp   Perf          Pwr:Usage/Cap |           Memory-Usage | GPU-Util  Compute M. |
|                                         |                        |               MIG M. |
|=========================================+========================+======================|
|   0  NVIDIA GeForce RTX 5090        Off |   00000000:16:00.0 Off |                  N/A |
|  0%   30C    P8             25W /  575W |      15MiB /  32607MiB |      0%      Default |
|                                         |                        |                  N/A |
+-----------------------------------------+------------------------+----------------------+
|   1  NVIDIA GeForce RTX 5090        Off |   00000000:27:00.0 Off |                  N/A |
|  0%   29C    P8             24W /  575W |      15MiB /  32607MiB |      0%      Default |
|                                         |                        |                  N/A |
+-----------------------------------------+------------------------+----------------------+
|   2  NVIDIA GeForce RTX 5090        Off |   00000000:49:00.0 Off |                  N/A |
|  0%   28C    P8             29W /  575W |      15MiB /  32607MiB |      0%      Default |
|                                         |                        |                  N/A |
+-----------------------------------------+------------------------+----------------------+
|   3  NVIDIA GeForce RTX 5090        Off |   00000000:5A:00.0 Off |                  N/A |
|  0%   28C    P8             27W /  575W |      15MiB /  32607MiB |      0%      Default |
|                                         |                        |                  N/A |
+-----------------------------------------+------------------------+----------------------+
|   4  NVIDIA GeForce RTX 5090        Off |   00000000:98:00.0 Off |                  N/A |
|  0%   30C    P8             16W /  575W |      15MiB /  32607MiB |      0%      Default |
|                                         |                        |                  N/A |
+-----------------------------------------+------------------------+----------------------+
|   5  NVIDIA GeForce RTX 5090        Off |   00000000:B8:00.0 Off |                  N/A |
|  0%   30C    P8             25W /  575W |      15MiB /  32607MiB |      0%      Default |
|                                         |                        |                  N/A |
+-----------------------------------------+------------------------+----------------------+
|   6  NVIDIA GeForce RTX 5090        Off |   00000000:C8:00.0 Off |                  N/A |
|  0%   27C    P8             20W /  575W |      15MiB /  32607MiB |      0%      Default |
|                                         |                        |                  N/A |
+-----------------------------------------+------------------------+----------------------+
|   7  NVIDIA GeForce RTX 5090        Off |   00000000:D8:00.0 Off |                  N/A |
|  0%   28C    P8             26W /  575W |      15MiB /  32607MiB |      0%      Default |
|                                         |                        |                  N/A |
+-----------------------------------------+------------------------+----------------------+
                                                                                         
+-----------------------------------------------------------------------------------------+
| Processes:                                                                              |
|  GPU   GI   CI              PID   Type   Process name                        GPU Memory |
|        ID   ID                                                               Usage      |
|=========================================================================================|
|    0   N/A  N/A            3919      G   /usr/lib/xorg/Xorg                        4MiB |
|    1   N/A  N/A            3919      G   /usr/lib/xorg/Xorg                        4MiB |
|    2   N/A  N/A            3919      G   /usr/lib/xorg/Xorg                        4MiB |
|    3   N/A  N/A            3919      G   /usr/lib/xorg/Xorg                        4MiB |
|    4   N/A  N/A            3919      G   /usr/lib/xorg/Xorg                        4MiB |
|    5   N/A  N/A            3919      G   /usr/lib/xorg/Xorg                        4MiB |
|    6   N/A  N/A            3919      G   /usr/lib/xorg/Xorg                        4MiB |
|    7   N/A  N/A            3919      G   /usr/lib/xorg/Xorg                        4MiB |
+-----------------------------------------------------------------------------------------+
PREPARE resume best: /home/Hongjie_Zeng/high_order_BM/runs_vggsound_full_VF008_video_resnet50_meanstd_f16_h8_lc5_e120/best.pt -> /home/Hongjie_Zeng/high_order_BM/runs_vggsound_full_VF009_video_resnet50_meanstd_f16_h8_lc5_resume180/best.pt

[2026-06-19 13:26:31] TRAIN VF009 video_resnet50_meanstd_f16_h8_lc5_resume180 purpose=continue_best_h8_from_120_to_180 classes=309 input=4096 label=1545 hidden=32768 total=38409
/home/Hongjie_Zeng/.conda/envs/hongjie_env/bin/python train_vggsound_mini20_bm.py --feature_npz /home/Hongjie_Zeng/high_order_BM/data_vggsound_full/features/vggsound_full_visual_motion_resnet50_meanstd_allclasses_f16_s224.npz --out_dir /home/Hongjie_Zeng/high_order_BM/runs_vggsound_full_VF009_video_resnet50_meanstd_f16_h8_lc5_resume180 --experiment_id VF009_video_resnet50_meanstd_f16_h8_lc5_resume180 --model_type standard --input_mode video --total_pbits 38409 --input_dim 4096 --num_classes 309 --label_copies 5 --epochs 180 --batch_size 64 --eval_batch_size 64 --cd_k 3 --lr 0.0002 --momentum 0.6 --weight_decay 0.0 --eval_every 5 --quick_eval_steps 400 --quick_eval_burn_in 100 --quick_eval_thin 2 --full_eval_steps 3000 --full_eval_burn_in 500 --full_eval_thin 2 --label_init random_onehot --seed 123 --num_workers 0 --device auto --binarize none --full_eval_on_best --resume_ckpt /home/Hongjie_Zeng/high_order_BM/runs_vggsound_full_VF008_video_resnet50_meanstd_f16_h8_lc5_e120/last.pt --resume_history_json /home/Hongjie_Zeng/high_order_BM/runs_vggsound_full_VF008_video_resnet50_meanstd_f16_h8_lc5_e120/history.json
STDOUT: /home/Hongjie_Zeng/high_order_BM/runs_vggsound_full_VF009_video_resnet50_meanstd_f16_h8_lc5_resume180_stdout.log
STDERR: /home/Hongjie_Zeng/high_order_BM/runs_vggsound_full_VF009_video_resnet50_meanstd_f16_h8_lc5_resume180_stderr.log
PREPARE resume best: /home/Hongjie_Zeng/high_order_BM/runs_vggsound_full_VF009_video_resnet50_meanstd_f16_h8_lc5_resume180/best.pt -> /home/Hongjie_Zeng/high_order_BM/runs_vggsound_full_VF010_video_resnet50_meanstd_f16_h8_lc5_resume240/best.pt

[2026-06-19 14:33:19] TRAIN VF010 video_resnet50_meanstd_f16_h8_lc5_resume240 purpose=continue_best_h8_from_180_to_240 classes=309 input=4096 label=1545 hidden=32768 total=38409
/home/Hongjie_Zeng/.conda/envs/hongjie_env/bin/python train_vggsound_mini20_bm.py --feature_npz /home/Hongjie_Zeng/high_order_BM/data_vggsound_full/features/vggsound_full_visual_motion_resnet50_meanstd_allclasses_f16_s224.npz --out_dir /home/Hongjie_Zeng/high_order_BM/runs_vggsound_full_VF010_video_resnet50_meanstd_f16_h8_lc5_resume240 --experiment_id VF010_video_resnet50_meanstd_f16_h8_lc5_resume240 --model_type standard --input_mode video --total_pbits 38409 --input_dim 4096 --num_classes 309 --label_copies 5 --epochs 240 --batch_size 64 --eval_batch_size 64 --cd_k 3 --lr 0.0002 --momentum 0.6 --weight_decay 0.0 --eval_every 5 --quick_eval_steps 400 --quick_eval_burn_in 100 --quick_eval_thin 2 --full_eval_steps 3000 --full_eval_burn_in 500 --full_eval_thin 2 --label_init random_onehot --seed 123 --num_workers 0 --device auto --binarize none --full_eval_on_best --resume_ckpt /home/Hongjie_Zeng/high_order_BM/runs_vggsound_full_VF009_video_resnet50_meanstd_f16_h8_lc5_resume180/last.pt --resume_history_json /home/Hongjie_Zeng/high_order_BM/runs_vggsound_full_VF009_video_resnet50_meanstd_f16_h8_lc5_resume180/history.json
STDOUT: /home/Hongjie_Zeng/high_order_BM/runs_vggsound_full_VF010_video_resnet50_meanstd_f16_h8_lc5_resume240_stdout.log
STDERR: /home/Hongjie_Zeng/high_order_BM/runs_vggsound_full_VF010_video_resnet50_meanstd_f16_h8_lc5_resume240_stderr.log

[2026-06-19 15:40:04] TRAIN VF011 video_resnet50_meanstd_f16_h10_lc5_e160 purpose=larger_hidden_10x classes=309 input=4096 label=1545 hidden=40960 total=46601
/home/Hongjie_Zeng/.conda/envs/hongjie_env/bin/python train_vggsound_mini20_bm.py --feature_npz /home/Hongjie_Zeng/high_order_BM/data_vggsound_full/features/vggsound_full_visual_motion_resnet50_meanstd_allclasses_f16_s224.npz --out_dir /home/Hongjie_Zeng/high_order_BM/runs_vggsound_full_VF011_video_resnet50_meanstd_f16_h10_lc5_e160 --experiment_id VF011_video_resnet50_meanstd_f16_h10_lc5_e160 --model_type standard --input_mode video --total_pbits 46601 --input_dim 4096 --num_classes 309 --label_copies 5 --epochs 160 --batch_size 48 --eval_batch_size 64 --cd_k 3 --lr 0.0002 --momentum 0.6 --weight_decay 0.0 --eval_every 5 --quick_eval_steps 400 --quick_eval_burn_in 100 --quick_eval_thin 2 --full_eval_steps 3000 --full_eval_burn_in 500 --full_eval_thin 2 --label_init random_onehot --seed 123 --num_workers 0 --device auto --binarize none --full_eval_on_best
STDOUT: /home/Hongjie_Zeng/high_order_BM/runs_vggsound_full_VF011_video_resnet50_meanstd_f16_h10_lc5_e160_stdout.log
STDERR: /home/Hongjie_Zeng/high_order_BM/runs_vggsound_full_VF011_video_resnet50_meanstd_f16_h10_lc5_e160_stderr.log

[2026-06-19 19:45:15] TRAIN VF012 video_resnet50_meanstd_f16_h12_lc5_e160 purpose=larger_hidden_12x classes=309 input=4096 label=1545 hidden=49152 total=54793
/home/Hongjie_Zeng/.conda/envs/hongjie_env/bin/python train_vggsound_mini20_bm.py --feature_npz /home/Hongjie_Zeng/high_order_BM/data_vggsound_full/features/vggsound_full_visual_motion_resnet50_meanstd_allclasses_f16_s224.npz --out_dir /home/Hongjie_Zeng/high_order_BM/runs_vggsound_full_VF012_video_resnet50_meanstd_f16_h12_lc5_e160 --experiment_id VF012_video_resnet50_meanstd_f16_h12_lc5_e160 --model_type standard --input_mode video --total_pbits 54793 --input_dim 4096 --num_classes 309 --label_copies 5 --epochs 160 --batch_size 40 --eval_batch_size 64 --cd_k 3 --lr 0.0002 --momentum 0.6 --weight_decay 0.0 --eval_every 5 --quick_eval_steps 400 --quick_eval_burn_in 100 --quick_eval_thin 2 --full_eval_steps 3000 --full_eval_burn_in 500 --full_eval_thin 2 --label_init random_onehot --seed 123 --num_workers 0 --device auto --binarize none --full_eval_on_best
STDOUT: /home/Hongjie_Zeng/high_order_BM/runs_vggsound_full_VF012_video_resnet50_meanstd_f16_h12_lc5_e160_stdout.log
STDERR: /home/Hongjie_Zeng/high_order_BM/runs_vggsound_full_VF012_video_resnet50_meanstd_f16_h12_lc5_e160_stderr.log
