Start time: Fri Jun 19 01:37:30 PM CST 2026
Workdir: /home/Hongjie_Zeng/high_order_BM
Python: /home/Hongjie_Zeng/.conda/envs/hongjie_env/bin/python
TORCH_HOME: /home/Hongjie_Zeng/.cache/torch
SLURM_JOB_ID: 290
This job trains supervised audio CNN encoders on STFT128x96, exports embeddings, then trains audio-only standard BM baselines.
Fri Jun 19 13:37:30 2026       
+-----------------------------------------------------------------------------------------+
| NVIDIA-SMI 570.172.08             Driver Version: 570.172.08     CUDA Version: 12.8     |
|-----------------------------------------+------------------------+----------------------+
| GPU  Name                 Persistence-M | Bus-Id          Disp.A | Volatile Uncorr. ECC |
| Fan  Temp   Perf          Pwr:Usage/Cap |           Memory-Usage | GPU-Util  Compute M. |
|                                         |                        |               MIG M. |
|=========================================+========================+======================|
|   0  NVIDIA GeForce RTX 5090        Off |   00000000:16:00.0 Off |                  N/A |
| 42%   58C    P1            131W /  575W |    6285MiB /  32607MiB |      0%      Default |
|                                         |                        |                  N/A |
+-----------------------------------------+------------------------+----------------------+
|   1  NVIDIA GeForce RTX 5090        Off |   00000000:27:00.0 Off |                  N/A |
|  0%   28C    P8             25W /  575W |      15MiB /  32607MiB |      0%      Default |
|                                         |                        |                  N/A |
+-----------------------------------------+------------------------+----------------------+
|   2  NVIDIA GeForce RTX 5090        Off |   00000000:49:00.0 Off |                  N/A |
|  0%   23C    P8             30W /  575W |      15MiB /  32607MiB |      0%      Default |
|                                         |                        |                  N/A |
+-----------------------------------------+------------------------+----------------------+
|   3  NVIDIA GeForce RTX 5090        Off |   00000000:5A:00.0 Off |                  N/A |
|  0%   22C    P8             28W /  575W |      15MiB /  32607MiB |      0%      Default |
|                                         |                        |                  N/A |
+-----------------------------------------+------------------------+----------------------+
|   4  NVIDIA GeForce RTX 5090        Off |   00000000:98:00.0 Off |                  N/A |
|  0%   25C    P8             16W /  575W |      15MiB /  32607MiB |      0%      Default |
|                                         |                        |                  N/A |
+-----------------------------------------+------------------------+----------------------+
|   5  NVIDIA GeForce RTX 5090        Off |   00000000:B8:00.0 Off |                  N/A |
|  0%   25C    P8             25W /  575W |      15MiB /  32607MiB |      0%      Default |
|                                         |                        |                  N/A |
+-----------------------------------------+------------------------+----------------------+
|   6  NVIDIA GeForce RTX 5090        Off |   00000000:C8:00.0 Off |                  N/A |
|  0%   22C    P8             18W /  575W |      15MiB /  32607MiB |      0%      Default |
|                                         |                        |                  N/A |
+-----------------------------------------+------------------------+----------------------+
|   7  NVIDIA GeForce RTX 5090        Off |   00000000:D8:00.0 Off |                  N/A |
|  0%   23C    P8             26W /  575W |      15MiB /  32607MiB |      0%      Default |
|                                         |                        |                  N/A |
+-----------------------------------------+------------------------+----------------------+
                                                                                         
+-----------------------------------------------------------------------------------------+
| Processes:                                                                              |
|  GPU   GI   CI              PID   Type   Process name                        GPU Memory |
|        ID   ID                                                               Usage      |
|=========================================================================================|
|    0   N/A  N/A            3919      G   /usr/lib/xorg/Xorg                        4MiB |
|    0   N/A  N/A          885507      C   ...a/envs/hongjie_env/bin/python       6262MiB |
|    1   N/A  N/A            3919      G   /usr/lib/xorg/Xorg                        4MiB |
|    2   N/A  N/A            3919      G   /usr/lib/xorg/Xorg                        4MiB |
|    3   N/A  N/A            3919      G   /usr/lib/xorg/Xorg                        4MiB |
|    4   N/A  N/A            3919      G   /usr/lib/xorg/Xorg                        4MiB |
|    5   N/A  N/A            3919      G   /usr/lib/xorg/Xorg                        4MiB |
|    6   N/A  N/A            3919      G   /usr/lib/xorg/Xorg                        4MiB |
|    7   N/A  N/A            3919      G   /usr/lib/xorg/Xorg                        4MiB |
+-----------------------------------------------------------------------------------------+

[2026-06-19 13:37:31] TRAIN AUDIO CNN FEATURE ACF001 -> /home/Hongjie_Zeng/high_order_BM/data_vggsound_full/features/vggsound_full_audio_cnn2048_stft128x96_per_dim_zscore_sigmoid_seed123.npz
/home/Hongjie_Zeng/.conda/envs/hongjie_env/bin/python make_vggsound_full_audio_cnn_encoder_features.py --audio_npz /home/Hongjie_Zeng/high_order_BM/data_vggsound_full/features/vggsound_full_audio_stft128x96_official5s_allclasses_sr16000_n512_o353.npz --out_npz /home/Hongjie_Zeng/high_order_BM/data_vggsound_full/features/vggsound_full_audio_cnn2048_stft128x96_per_dim_zscore_sigmoid_seed123.npz --out_summary /home/Hongjie_Zeng/high_order_BM/data_vggsound_full/features/vggsound_full_audio_cnn2048_stft128x96_per_dim_zscore_sigmoid_seed123_summary.json --out_history /home/Hongjie_Zeng/high_order_BM/data_vggsound_full/features/vggsound_full_audio_cnn2048_stft128x96_per_dim_zscore_sigmoid_seed123_history.json --out_ckpt /home/Hongjie_Zeng/high_order_BM/data_vggsound_full/features/vggsound_full_audio_cnn2048_stft128x96_per_dim_zscore_sigmoid_seed123_teacher.pt --experiment_id ACF001 --n_freq 128 --n_time 96 --embedding_dim 2048 --cnn_width 32 --normalize per_dim_zscore_sigmoid --epochs 60 --batch_size 256 --eval_batch_size 256 --lr 0.001 --weight_decay 0.0001 --dropout 0.25 --eval_every 5 --seed 123 --num_workers 0 --device auto --amp
STDOUT: /home/Hongjie_Zeng/high_order_BM/runs_vggsound_full_ACF001_audio_cnn2048_stft128x96_feature_stdout.log
STDERR: /home/Hongjie_Zeng/high_order_BM/runs_vggsound_full_ACF001_audio_cnn2048_stft128x96_feature_stderr.log

[2026-06-19 14:05:53] TRAIN AUDIO CNN FEATURE ACF002 -> /home/Hongjie_Zeng/high_order_BM/data_vggsound_full/features/vggsound_full_audio_cnn4096_stft128x96_per_dim_zscore_sigmoid_seed123.npz
/home/Hongjie_Zeng/.conda/envs/hongjie_env/bin/python make_vggsound_full_audio_cnn_encoder_features.py --audio_npz /home/Hongjie_Zeng/high_order_BM/data_vggsound_full/features/vggsound_full_audio_stft128x96_official5s_allclasses_sr16000_n512_o353.npz --out_npz /home/Hongjie_Zeng/high_order_BM/data_vggsound_full/features/vggsound_full_audio_cnn4096_stft128x96_per_dim_zscore_sigmoid_seed123.npz --out_summary /home/Hongjie_Zeng/high_order_BM/data_vggsound_full/features/vggsound_full_audio_cnn4096_stft128x96_per_dim_zscore_sigmoid_seed123_summary.json --out_history /home/Hongjie_Zeng/high_order_BM/data_vggsound_full/features/vggsound_full_audio_cnn4096_stft128x96_per_dim_zscore_sigmoid_seed123_history.json --out_ckpt /home/Hongjie_Zeng/high_order_BM/data_vggsound_full/features/vggsound_full_audio_cnn4096_stft128x96_per_dim_zscore_sigmoid_seed123_teacher.pt --experiment_id ACF002 --n_freq 128 --n_time 96 --embedding_dim 4096 --cnn_width 32 --normalize per_dim_zscore_sigmoid --epochs 60 --batch_size 256 --eval_batch_size 256 --lr 0.001 --weight_decay 0.0001 --dropout 0.25 --eval_every 5 --seed 123 --num_workers 0 --device auto --amp
STDOUT: /home/Hongjie_Zeng/high_order_BM/runs_vggsound_full_ACF002_audio_cnn4096_stft128x96_feature_stdout.log
STDERR: /home/Hongjie_Zeng/high_order_BM/runs_vggsound_full_ACF002_audio_cnn4096_stft128x96_feature_stderr.log

[2026-06-19 14:34:27] TRAIN AUDIO BM AF005 standard_audio_cnn2048_h4_lc5_e180 classes=309 input=2048 label=1545 hidden=8192 total=11785
/home/Hongjie_Zeng/.conda/envs/hongjie_env/bin/python train_vggsound_mini20_bm.py --feature_npz /home/Hongjie_Zeng/high_order_BM/data_vggsound_full/features/vggsound_full_audio_cnn2048_stft128x96_per_dim_zscore_sigmoid_seed123.npz --out_dir /home/Hongjie_Zeng/high_order_BM/runs_vggsound_full_AF005_standard_audio_cnn2048_h4_lc5_e180 --experiment_id AF005_standard_audio_cnn2048_h4_lc5_e180 --model_type standard --input_mode audio --total_pbits 11785 --input_dim 2048 --num_classes 309 --label_copies 5 --epochs 180 --batch_size 128 --eval_batch_size 64 --cd_k 3 --lr 0.0002 --momentum 0.6 --weight_decay 0.0 --eval_every 5 --quick_eval_steps 500 --quick_eval_burn_in 100 --quick_eval_thin 2 --full_eval_steps 3000 --full_eval_burn_in 500 --full_eval_thin 2 --label_init random_onehot --seed 123 --num_workers 0 --device auto --binarize none --full_eval_on_best
STDOUT: /home/Hongjie_Zeng/high_order_BM/runs_vggsound_full_AF005_standard_audio_cnn2048_h4_lc5_e180_stdout.log
STDERR: /home/Hongjie_Zeng/high_order_BM/runs_vggsound_full_AF005_standard_audio_cnn2048_h4_lc5_e180_stderr.log

[2026-06-19 15:13:35] TRAIN AUDIO BM AF006 standard_audio_cnn2048_h6_lc5_e180 classes=309 input=2048 label=1545 hidden=12288 total=15881
/home/Hongjie_Zeng/.conda/envs/hongjie_env/bin/python train_vggsound_mini20_bm.py --feature_npz /home/Hongjie_Zeng/high_order_BM/data_vggsound_full/features/vggsound_full_audio_cnn2048_stft128x96_per_dim_zscore_sigmoid_seed123.npz --out_dir /home/Hongjie_Zeng/high_order_BM/runs_vggsound_full_AF006_standard_audio_cnn2048_h6_lc5_e180 --experiment_id AF006_standard_audio_cnn2048_h6_lc5_e180 --model_type standard --input_mode audio --total_pbits 15881 --input_dim 2048 --num_classes 309 --label_copies 5 --epochs 180 --batch_size 128 --eval_batch_size 64 --cd_k 3 --lr 0.0002 --momentum 0.6 --weight_decay 0.0 --eval_every 5 --quick_eval_steps 500 --quick_eval_burn_in 100 --quick_eval_thin 2 --full_eval_steps 3000 --full_eval_burn_in 500 --full_eval_thin 2 --label_init random_onehot --seed 123 --num_workers 0 --device auto --binarize none --full_eval_on_best
STDOUT: /home/Hongjie_Zeng/high_order_BM/runs_vggsound_full_AF006_standard_audio_cnn2048_h6_lc5_e180_stdout.log
STDERR: /home/Hongjie_Zeng/high_order_BM/runs_vggsound_full_AF006_standard_audio_cnn2048_h6_lc5_e180_stderr.log

[2026-06-19 16:04:51] TRAIN AUDIO BM AF007 standard_audio_cnn4096_h4_lc5_e180 classes=309 input=4096 label=1545 hidden=16384 total=22025
/home/Hongjie_Zeng/.conda/envs/hongjie_env/bin/python train_vggsound_mini20_bm.py --feature_npz /home/Hongjie_Zeng/high_order_BM/data_vggsound_full/features/vggsound_full_audio_cnn4096_stft128x96_per_dim_zscore_sigmoid_seed123.npz --out_dir /home/Hongjie_Zeng/high_order_BM/runs_vggsound_full_AF007_standard_audio_cnn4096_h4_lc5_e180 --experiment_id AF007_standard_audio_cnn4096_h4_lc5_e180 --model_type standard --input_mode audio --total_pbits 22025 --input_dim 4096 --num_classes 309 --label_copies 5 --epochs 180 --batch_size 128 --eval_batch_size 64 --cd_k 3 --lr 0.0002 --momentum 0.6 --weight_decay 0.0 --eval_every 5 --quick_eval_steps 500 --quick_eval_burn_in 100 --quick_eval_thin 2 --full_eval_steps 3000 --full_eval_burn_in 500 --full_eval_thin 2 --label_init random_onehot --seed 123 --num_workers 0 --device auto --binarize none --full_eval_on_best
STDOUT: /home/Hongjie_Zeng/high_order_BM/runs_vggsound_full_AF007_standard_audio_cnn4096_h4_lc5_e180_stdout.log
STDERR: /home/Hongjie_Zeng/high_order_BM/runs_vggsound_full_AF007_standard_audio_cnn4096_h4_lc5_e180_stderr.log

[2026-06-19 17:26:43] TRAIN AUDIO BM AF008 standard_audio_cnn4096_h6_lc5_e180 classes=309 input=4096 label=1545 hidden=24576 total=30217
/home/Hongjie_Zeng/.conda/envs/hongjie_env/bin/python train_vggsound_mini20_bm.py --feature_npz /home/Hongjie_Zeng/high_order_BM/data_vggsound_full/features/vggsound_full_audio_cnn4096_stft128x96_per_dim_zscore_sigmoid_seed123.npz --out_dir /home/Hongjie_Zeng/high_order_BM/runs_vggsound_full_AF008_standard_audio_cnn4096_h6_lc5_e180 --experiment_id AF008_standard_audio_cnn4096_h6_lc5_e180 --model_type standard --input_mode audio --total_pbits 30217 --input_dim 4096 --num_classes 309 --label_copies 5 --epochs 180 --batch_size 96 --eval_batch_size 64 --cd_k 3 --lr 0.0002 --momentum 0.6 --weight_decay 0.0 --eval_every 5 --quick_eval_steps 500 --quick_eval_burn_in 100 --quick_eval_thin 2 --full_eval_steps 3000 --full_eval_burn_in 500 --full_eval_thin 2 --label_init random_onehot --seed 123 --num_workers 0 --device auto --binarize none --full_eval_on_best
STDOUT: /home/Hongjie_Zeng/high_order_BM/runs_vggsound_full_AF008_standard_audio_cnn4096_h6_lc5_e180_stdout.log
STDERR: /home/Hongjie_Zeng/high_order_BM/runs_vggsound_full_AF008_standard_audio_cnn4096_h6_lc5_e180_stderr.log
VGGSound full audio CNN BM sweep finished.
End time: Fri Jun 19 07:39:39 PM CST 2026
